[2022-04-13 13:55:55,429] {taskinstance.py:1037} INFO - Dependencies all met for <TaskInstance: hook_dag.transfer_suit_pa manual__2022-04-13T13:55:52.001868+00:00 [queued]>
[2022-04-13 13:55:55,438] {taskinstance.py:1037} INFO - Dependencies all met for <TaskInstance: hook_dag.transfer_suit_pa manual__2022-04-13T13:55:52.001868+00:00 [queued]>
[2022-04-13 13:55:55,438] {taskinstance.py:1243} INFO - 
--------------------------------------------------------------------------------
[2022-04-13 13:55:55,439] {taskinstance.py:1244} INFO - Starting attempt 1 of 2
[2022-04-13 13:55:55,439] {taskinstance.py:1245} INFO - 
--------------------------------------------------------------------------------
[2022-04-13 13:55:55,447] {taskinstance.py:1264} INFO - Executing <Task(Postgres2File): transfer_suit_pa> on 2022-04-13 13:55:52.001868+00:00
[2022-04-13 13:55:55,451] {standard_task_runner.py:52} INFO - Started process 353 to run task
[2022-04-13 13:55:55,454] {standard_task_runner.py:76} INFO - Running: ['***', 'tasks', 'run', 'hook_dag', 'transfer_suit_pa', 'manual__2022-04-13T13:55:52.001868+00:00', '--job-id', '118', '--raw', '--subdir', 'DAGS_FOLDER/hook_dag.py', '--cfg-path', '/tmp/tmpg86fipsd', '--error-file', '/tmp/tmptbeiqfd2']
[2022-04-13 13:55:55,455] {standard_task_runner.py:77} INFO - Job 118: Subtask transfer_suit_pa
[2022-04-13 13:55:55,495] {logging_mixin.py:109} INFO - Running <TaskInstance: hook_dag.transfer_suit_pa manual__2022-04-13T13:55:52.001868+00:00 [running]> on host 9f366f55497f
[2022-04-13 13:55:55,589] {taskinstance.py:1431} INFO - Exporting the following env vars:
AIRFLOW_CTX_DAG_OWNER=***
AIRFLOW_CTX_DAG_ID=hook_dag
AIRFLOW_CTX_TASK_ID=transfer_suit_pa
AIRFLOW_CTX_EXECUTION_DATE=2022-04-13T13:55:52.001868+00:00
AIRFLOW_CTX_DAG_RUN_ID=manual__2022-04-13T13:55:52.001868+00:00
[2022-04-13 13:55:55,594] {base.py:79} INFO - Using connection to: id: postgres_default. Host: postgres, Port: 5432, Schema: ***, Login: ***, Password: ***, extra: {}
[2022-04-13 13:55:55,642] {taskinstance.py:1282} INFO - Marking task as SUCCESS. dag_id=hook_dag, task_id=transfer_suit_pa, execution_date=20220413T135552, start_date=20220413T135555, end_date=20220413T135555
[2022-04-13 13:55:55,667] {local_task_job.py:154} INFO - Task exited with return code 0
[2022-04-13 13:55:55,688] {local_task_job.py:264} INFO - 0 downstream tasks scheduled from follow-on schedule check
