[2022-04-19 14:09:04,395] {taskinstance.py:1037} INFO - Dependencies all met for <TaskInstance: hook_dag.transfer_suit_pa manual__2022-04-19T14:07:52.334474+00:00 [queued]>
[2022-04-19 14:09:04,413] {taskinstance.py:1037} INFO - Dependencies all met for <TaskInstance: hook_dag.transfer_suit_pa manual__2022-04-19T14:07:52.334474+00:00 [queued]>
[2022-04-19 14:09:04,413] {taskinstance.py:1243} INFO - 
--------------------------------------------------------------------------------
[2022-04-19 14:09:04,413] {taskinstance.py:1244} INFO - Starting attempt 1 of 2
[2022-04-19 14:09:04,413] {taskinstance.py:1245} INFO - 
--------------------------------------------------------------------------------
[2022-04-19 14:09:04,434] {taskinstance.py:1264} INFO - Executing <Task(Postgres2File): transfer_suit_pa> on 2022-04-19 14:07:52.334474+00:00
[2022-04-19 14:09:04,440] {standard_task_runner.py:52} INFO - Started process 16030 to run task
[2022-04-19 14:09:04,443] {standard_task_runner.py:76} INFO - Running: ['***', 'tasks', 'run', 'hook_dag', 'transfer_suit_pa', 'manual__2022-04-19T14:07:52.334474+00:00', '--job-id', '481', '--raw', '--subdir', 'DAGS_FOLDER/hook_dag.py', '--cfg-path', '/tmp/tmpnrumywnc', '--error-file', '/tmp/tmphprxx5fl']
[2022-04-19 14:09:04,443] {standard_task_runner.py:77} INFO - Job 481: Subtask transfer_suit_pa
[2022-04-19 14:09:04,529] {logging_mixin.py:109} INFO - Running <TaskInstance: hook_dag.transfer_suit_pa manual__2022-04-19T14:07:52.334474+00:00 [running]> on host 22e04adb6bfa
[2022-04-19 14:09:04,614] {taskinstance.py:1431} INFO - Exporting the following env vars:
AIRFLOW_CTX_DAG_OWNER=***
AIRFLOW_CTX_DAG_ID=hook_dag
AIRFLOW_CTX_TASK_ID=transfer_suit_pa
AIRFLOW_CTX_EXECUTION_DATE=2022-04-19T14:07:52.334474+00:00
AIRFLOW_CTX_DAG_RUN_ID=manual__2022-04-19T14:07:52.334474+00:00
[2022-04-19 14:09:04,620] {base.py:79} INFO - Using connection to: id: postgres_default. Host: postgres, Port: 5432, Schema: ***, Login: ***, Password: ***, extra: {}
[2022-04-19 14:09:04,664] {taskinstance.py:1282} INFO - Marking task as SUCCESS. dag_id=hook_dag, task_id=transfer_suit_pa, execution_date=20220419T140752, start_date=20220419T140904, end_date=20220419T140904
[2022-04-19 14:09:04,703] {local_task_job.py:154} INFO - Task exited with return code 0
[2022-04-19 14:09:04,735] {base.py:79} INFO - Using connection to: id: postgres_default. Host: postgres, Port: 5432, Schema: ***, Login: ***, Password: ***, extra: {}
[2022-04-19 14:09:04,739] {dbapi.py:225} INFO - Running statement: update list_flow_log
                set t_end=NOW(), status=2, comment = '*Task*: transfer_suit_pa success'
                where id = 25;, parameters: None
[2022-04-19 14:09:04,739] {dbapi.py:233} INFO - Rows affected: 1
[2022-04-19 14:09:04,756] {local_task_job.py:264} INFO - 0 downstream tasks scheduled from follow-on schedule check
