[2022-04-20 15:38:02,775] {taskinstance.py:1037} INFO - Dependencies all met for <TaskInstance: hook_dag.transfer_xml scheduled__2022-04-20T15:33:36+00:00 [queued]>
[2022-04-20 15:38:02,796] {taskinstance.py:1037} INFO - Dependencies all met for <TaskInstance: hook_dag.transfer_xml scheduled__2022-04-20T15:33:36+00:00 [queued]>
[2022-04-20 15:38:02,796] {taskinstance.py:1243} INFO - 
--------------------------------------------------------------------------------
[2022-04-20 15:38:02,796] {taskinstance.py:1244} INFO - Starting attempt 1 of 2
[2022-04-20 15:38:02,796] {taskinstance.py:1245} INFO - 
--------------------------------------------------------------------------------
[2022-04-20 15:38:02,809] {taskinstance.py:1264} INFO - Executing <Task(Postgres2File): transfer_xml> on 2022-04-20 15:33:36+00:00
[2022-04-20 15:38:02,820] {standard_task_runner.py:52} INFO - Started process 22703 to run task
[2022-04-20 15:38:02,831] {standard_task_runner.py:76} INFO - Running: ['***', 'tasks', 'run', 'hook_dag', 'transfer_xml', 'scheduled__2022-04-20T15:33:36+00:00', '--job-id', '757', '--raw', '--subdir', 'DAGS_FOLDER/hook_dag.py', '--cfg-path', '/tmp/tmpotj38joo', '--error-file', '/tmp/tmpc3louj7w']
[2022-04-20 15:38:02,836] {standard_task_runner.py:77} INFO - Job 757: Subtask transfer_xml
[2022-04-20 15:38:02,949] {logging_mixin.py:109} INFO - Running <TaskInstance: hook_dag.transfer_xml scheduled__2022-04-20T15:33:36+00:00 [running]> on host 22e04adb6bfa
[2022-04-20 15:38:03,028] {taskinstance.py:1431} INFO - Exporting the following env vars:
AIRFLOW_CTX_DAG_OWNER=***
AIRFLOW_CTX_DAG_ID=hook_dag
AIRFLOW_CTX_TASK_ID=transfer_xml
AIRFLOW_CTX_EXECUTION_DATE=2022-04-20T15:33:36+00:00
AIRFLOW_CTX_DAG_RUN_ID=scheduled__2022-04-20T15:33:36+00:00
[2022-04-20 15:38:03,036] {base.py:79} INFO - Using connection to: id: postgres_default. Host: postgres, Port: 5432, Schema: ***, Login: ***, Password: ***, extra: {}
[2022-04-20 15:38:03,085] {taskinstance.py:1282} INFO - Marking task as SUCCESS. dag_id=hook_dag, task_id=transfer_xml, execution_date=20220420T153336, start_date=20220420T153802, end_date=20220420T153803
[2022-04-20 15:38:03,143] {local_task_job.py:154} INFO - Task exited with return code 0
[2022-04-20 15:38:03,195] {base.py:79} INFO - Using connection to: id: postgres_default. Host: postgres, Port: 5432, Schema: ***, Login: ***, Password: ***, extra: {}
[2022-04-20 15:38:03,202] {dbapi.py:225} INFO - Running statement: update list_flow_log
                set t_end=NOW(), status=2, comment = '*Task*: transfer_xml success'
                where id = 56;, parameters: None
[2022-04-20 15:38:03,203] {dbapi.py:233} INFO - Rows affected: 1
[2022-04-20 15:38:03,224] {local_task_job.py:264} INFO - 0 downstream tasks scheduled from follow-on schedule check
