[2022-04-21 21:22:28,026] {taskinstance.py:1037} INFO - Dependencies all met for <TaskInstance: cso_2295_ipo_2_cso.py.getid2 manual__2022-04-21T21:21:16.706497+00:00 [queued]>
[2022-04-21 21:22:28,042] {taskinstance.py:1037} INFO - Dependencies all met for <TaskInstance: cso_2295_ipo_2_cso.py.getid2 manual__2022-04-21T21:21:16.706497+00:00 [queued]>
[2022-04-21 21:22:28,042] {taskinstance.py:1243} INFO - 
--------------------------------------------------------------------------------
[2022-04-21 21:22:28,042] {taskinstance.py:1244} INFO - Starting attempt 1 of 1
[2022-04-21 21:22:28,042] {taskinstance.py:1245} INFO - 
--------------------------------------------------------------------------------
[2022-04-21 21:22:28,057] {taskinstance.py:1264} INFO - Executing <Task(PythonOperator): getid2> on 2022-04-21 21:21:16.706497+00:00
[2022-04-21 21:22:28,064] {standard_task_runner.py:52} INFO - Started process 35110 to run task
[2022-04-21 21:22:28,066] {standard_task_runner.py:76} INFO - Running: ['***', 'tasks', 'run', 'cso_2295_ipo_2_cso.py', 'getid2', 'manual__2022-04-21T21:21:16.706497+00:00', '--job-id', '909', '--raw', '--subdir', 'DAGS_FOLDER/cso_2295/cso_2295_ipo_2_cso.py', '--cfg-path', '/tmp/tmpkpb5vq9u', '--error-file', '/tmp/tmppnf564re']
[2022-04-21 21:22:28,071] {standard_task_runner.py:77} INFO - Job 909: Subtask getid2
[2022-04-21 21:22:28,155] {logging_mixin.py:109} INFO - Running <TaskInstance: cso_2295_ipo_2_cso.py.getid2 manual__2022-04-21T21:21:16.706497+00:00 [running]> on host 22e04adb6bfa
[2022-04-21 21:22:28,250] {taskinstance.py:1431} INFO - Exporting the following env vars:
AIRFLOW_CTX_DAG_OWNER=***
AIRFLOW_CTX_DAG_ID=cso_2295_ipo_2_cso.py
AIRFLOW_CTX_TASK_ID=getid2
AIRFLOW_CTX_EXECUTION_DATE=2022-04-21T21:21:16.706497+00:00
AIRFLOW_CTX_DAG_RUN_ID=manual__2022-04-21T21:21:16.706497+00:00
[2022-04-21 21:22:28,260] {base.py:79} INFO - Using connection to: id: postgres_default. Host: postgres, Port: 5432, Schema: ***, Login: ***, Password: ***, extra: {}
[2022-04-21 21:22:28,295] {python.py:175} INFO - Done. Returned value was: None
[2022-04-21 21:22:28,331] {taskinstance.py:1282} INFO - Marking task as SUCCESS. dag_id=cso_2295_ipo_2_cso.py, task_id=getid2, execution_date=20220421T212116, start_date=20220421T212228, end_date=20220421T212228
[2022-04-21 21:22:28,385] {local_task_job.py:154} INFO - Task exited with return code 0
[2022-04-21 21:22:28,465] {local_task_job.py:264} INFO - 0 downstream tasks scheduled from follow-on schedule check
