[2022-04-27 15:41:18,532] {taskinstance.py:1037} INFO - Dependencies all met for <TaskInstance: cso_2295_ipo_2_cso_xls.py.sleep scheduled__2022-04-26T15:41:00+00:00 [queued]>
[2022-04-27 15:41:18,547] {taskinstance.py:1037} INFO - Dependencies all met for <TaskInstance: cso_2295_ipo_2_cso_xls.py.sleep scheduled__2022-04-26T15:41:00+00:00 [queued]>
[2022-04-27 15:41:18,547] {taskinstance.py:1243} INFO - 
--------------------------------------------------------------------------------
[2022-04-27 15:41:18,547] {taskinstance.py:1244} INFO - Starting attempt 1 of 1
[2022-04-27 15:41:18,547] {taskinstance.py:1245} INFO - 
--------------------------------------------------------------------------------
[2022-04-27 15:41:18,605] {taskinstance.py:1264} INFO - Executing <Task(BashOperator): sleep> on 2022-04-26 15:41:00+00:00
[2022-04-27 15:41:18,612] {standard_task_runner.py:52} INFO - Started process 3116 to run task
[2022-04-27 15:41:18,618] {standard_task_runner.py:76} INFO - Running: ['***', 'tasks', 'run', 'cso_2295_ipo_2_cso_xls.py', 'sleep', 'scheduled__2022-04-26T15:41:00+00:00', '--job-id', '1299', '--raw', '--subdir', 'DAGS_FOLDER/cso_2295/cso_2295_ipo_2_cso_xls.py', '--cfg-path', '/tmp/tmp7sg7_kad', '--error-file', '/tmp/tmplusn9tbf']
[2022-04-27 15:41:18,619] {standard_task_runner.py:77} INFO - Job 1299: Subtask sleep
[2022-04-27 15:41:18,838] {logging_mixin.py:109} INFO - Running <TaskInstance: cso_2295_ipo_2_cso_xls.py.sleep scheduled__2022-04-26T15:41:00+00:00 [running]> on host 0936e4a14e76
[2022-04-27 15:41:20,255] {taskinstance.py:1431} INFO - Exporting the following env vars:
AIRFLOW_CTX_DAG_OWNER=***
AIRFLOW_CTX_DAG_ID=cso_2295_ipo_2_cso_xls.py
AIRFLOW_CTX_TASK_ID=sleep
AIRFLOW_CTX_EXECUTION_DATE=2022-04-26T15:41:00+00:00
AIRFLOW_CTX_DAG_RUN_ID=scheduled__2022-04-26T15:41:00+00:00
[2022-04-27 15:41:20,256] {subprocess.py:62} INFO - Tmp dir root location: 
 /tmp
[2022-04-27 15:41:20,297] {subprocess.py:74} INFO - Running command: ['bash', '-c', 'sleep 5']
[2022-04-27 15:41:20,789] {subprocess.py:85} INFO - Output:
[2022-04-27 15:41:27,166] {subprocess.py:93} INFO - Command exited with return code 0
[2022-04-27 15:41:27,450] {taskinstance.py:1282} INFO - Marking task as SUCCESS. dag_id=cso_2295_ipo_2_cso_xls.py, task_id=sleep, execution_date=20220426T154100, start_date=20220427T154118, end_date=20220427T154127
[2022-04-27 15:41:27,502] {local_task_job.py:154} INFO - Task exited with return code 0
[2022-04-27 15:41:27,574] {local_task_job.py:264} INFO - 1 downstream tasks scheduled from follow-on schedule check
