[2022-04-19 11:44:20,866] {taskinstance.py:1037} INFO - Dependencies all met for <TaskInstance: hook_dag.branching manual__2022-04-19T11:44:13.889936+00:00 [queued]>
[2022-04-19 11:44:20,875] {taskinstance.py:1037} INFO - Dependencies all met for <TaskInstance: hook_dag.branching manual__2022-04-19T11:44:13.889936+00:00 [queued]>
[2022-04-19 11:44:20,875] {taskinstance.py:1243} INFO - 
--------------------------------------------------------------------------------
[2022-04-19 11:44:20,876] {taskinstance.py:1244} INFO - Starting attempt 1 of 2
[2022-04-19 11:44:20,876] {taskinstance.py:1245} INFO - 
--------------------------------------------------------------------------------
[2022-04-19 11:44:20,884] {taskinstance.py:1264} INFO - Executing <Task(BranchPythonOperator): branching> on 2022-04-19 11:44:13.889936+00:00
[2022-04-19 11:44:20,888] {standard_task_runner.py:52} INFO - Started process 8761 to run task
[2022-04-19 11:44:20,890] {standard_task_runner.py:76} INFO - Running: ['***', 'tasks', 'run', 'hook_dag', 'branching', 'manual__2022-04-19T11:44:13.889936+00:00', '--job-id', '317', '--raw', '--subdir', 'DAGS_FOLDER/hook_dag.py', '--cfg-path', '/tmp/tmpdtrp0m4t', '--error-file', '/tmp/tmpuhzgzb31']
[2022-04-19 11:44:20,891] {standard_task_runner.py:77} INFO - Job 317: Subtask branching
[2022-04-19 11:44:20,935] {logging_mixin.py:109} INFO - Running <TaskInstance: hook_dag.branching manual__2022-04-19T11:44:13.889936+00:00 [running]> on host 22e04adb6bfa
[2022-04-19 11:44:20,974] {taskinstance.py:1431} INFO - Exporting the following env vars:
AIRFLOW_CTX_DAG_OWNER=***
AIRFLOW_CTX_DAG_ID=hook_dag
AIRFLOW_CTX_TASK_ID=branching
AIRFLOW_CTX_EXECUTION_DATE=2022-04-19T11:44:13.889936+00:00
AIRFLOW_CTX_DAG_RUN_ID=manual__2022-04-19T11:44:13.889936+00:00
[2022-04-19 11:44:20,981] {python.py:175} INFO - Done. Returned value was: log_end_no_data
[2022-04-19 11:44:20,981] {skipmixin.py:140} INFO - Following branch log_end_no_data
[2022-04-19 11:44:20,982] {skipmixin.py:171} INFO - Skipping tasks ['transfer_suit_pa']
[2022-04-19 11:44:21,012] {taskinstance.py:1282} INFO - Marking task as SUCCESS. dag_id=hook_dag, task_id=branching, execution_date=20220419T114413, start_date=20220419T114420, end_date=20220419T114421
[2022-04-19 11:44:21,062] {local_task_job.py:154} INFO - Task exited with return code 0
[2022-04-19 11:44:21,121] {local_task_job.py:264} INFO - 1 downstream tasks scheduled from follow-on schedule check
