[2022-04-13 13:59:59,911] {taskinstance.py:1037} INFO - Dependencies all met for <TaskInstance: hook_dag.transfer_suit_pa manual__2022-04-13T13:59:55.640981+00:00 [queued]>
[2022-04-13 13:59:59,919] {taskinstance.py:1037} INFO - Dependencies all met for <TaskInstance: hook_dag.transfer_suit_pa manual__2022-04-13T13:59:55.640981+00:00 [queued]>
[2022-04-13 13:59:59,920] {taskinstance.py:1243} INFO - 
--------------------------------------------------------------------------------
[2022-04-13 13:59:59,920] {taskinstance.py:1244} INFO - Starting attempt 1 of 2
[2022-04-13 13:59:59,920] {taskinstance.py:1245} INFO - 
--------------------------------------------------------------------------------
[2022-04-13 13:59:59,933] {taskinstance.py:1264} INFO - Executing <Task(Postgres2File): transfer_suit_pa> on 2022-04-13 13:59:55.640981+00:00
[2022-04-13 13:59:59,938] {standard_task_runner.py:52} INFO - Started process 110 to run task
[2022-04-13 13:59:59,946] {standard_task_runner.py:76} INFO - Running: ['***', 'tasks', 'run', 'hook_dag', 'transfer_suit_pa', 'manual__2022-04-13T13:59:55.640981+00:00', '--job-id', '124', '--raw', '--subdir', 'DAGS_FOLDER/hook_dag.py', '--cfg-path', '/tmp/tmpbdlvbr_h', '--error-file', '/tmp/tmpuo3g6a1q']
[2022-04-13 13:59:59,946] {standard_task_runner.py:77} INFO - Job 124: Subtask transfer_suit_pa
[2022-04-13 14:00:00,012] {logging_mixin.py:109} INFO - Running <TaskInstance: hook_dag.transfer_suit_pa manual__2022-04-13T13:59:55.640981+00:00 [running]> on host 22e04adb6bfa
[2022-04-13 14:00:00,096] {taskinstance.py:1431} INFO - Exporting the following env vars:
AIRFLOW_CTX_DAG_OWNER=***
AIRFLOW_CTX_DAG_ID=hook_dag
AIRFLOW_CTX_TASK_ID=transfer_suit_pa
AIRFLOW_CTX_EXECUTION_DATE=2022-04-13T13:59:55.640981+00:00
AIRFLOW_CTX_DAG_RUN_ID=manual__2022-04-13T13:59:55.640981+00:00
[2022-04-13 14:00:00,102] {base.py:79} INFO - Using connection to: id: postgres_default. Host: postgres, Port: 5432, Schema: ***, Login: ***, Password: ***, extra: {}
[2022-04-13 14:00:00,250] {taskinstance.py:1282} INFO - Marking task as SUCCESS. dag_id=hook_dag, task_id=transfer_suit_pa, execution_date=20220413T135955, start_date=20220413T135959, end_date=20220413T140000
[2022-04-13 14:00:00,279] {local_task_job.py:154} INFO - Task exited with return code 0
[2022-04-13 14:00:00,359] {local_task_job.py:264} INFO - 0 downstream tasks scheduled from follow-on schedule check
