[2022-04-19 10:35:22,739] {taskinstance.py:1037} INFO - Dependencies all met for <TaskInstance: hook_dag.branching manual__2022-04-19T10:35:15.462346+00:00 [queued]>
[2022-04-19 10:35:22,748] {taskinstance.py:1037} INFO - Dependencies all met for <TaskInstance: hook_dag.branching manual__2022-04-19T10:35:15.462346+00:00 [queued]>
[2022-04-19 10:35:22,748] {taskinstance.py:1243} INFO - 
--------------------------------------------------------------------------------
[2022-04-19 10:35:22,748] {taskinstance.py:1244} INFO - Starting attempt 1 of 2
[2022-04-19 10:35:22,748] {taskinstance.py:1245} INFO - 
--------------------------------------------------------------------------------
[2022-04-19 10:35:22,755] {taskinstance.py:1264} INFO - Executing <Task(BranchPythonOperator): branching> on 2022-04-19 10:35:15.462346+00:00
[2022-04-19 10:35:22,759] {standard_task_runner.py:52} INFO - Started process 5386 to run task
[2022-04-19 10:35:22,761] {standard_task_runner.py:76} INFO - Running: ['***', 'tasks', 'run', 'hook_dag', 'branching', 'manual__2022-04-19T10:35:15.462346+00:00', '--job-id', '301', '--raw', '--subdir', 'DAGS_FOLDER/hook_dag.py', '--cfg-path', '/tmp/tmpagmz9fp0', '--error-file', '/tmp/tmpu_opnczy']
[2022-04-19 10:35:22,762] {standard_task_runner.py:77} INFO - Job 301: Subtask branching
[2022-04-19 10:35:22,801] {logging_mixin.py:109} INFO - Running <TaskInstance: hook_dag.branching manual__2022-04-19T10:35:15.462346+00:00 [running]> on host 22e04adb6bfa
[2022-04-19 10:35:22,836] {taskinstance.py:1431} INFO - Exporting the following env vars:
AIRFLOW_CTX_DAG_OWNER=***
AIRFLOW_CTX_DAG_ID=hook_dag
AIRFLOW_CTX_TASK_ID=branching
AIRFLOW_CTX_EXECUTION_DATE=2022-04-19T10:35:15.462346+00:00
AIRFLOW_CTX_DAG_RUN_ID=manual__2022-04-19T10:35:15.462346+00:00
[2022-04-19 10:35:22,841] {python.py:175} INFO - Done. Returned value was: log_end_no_data
[2022-04-19 10:35:22,841] {skipmixin.py:140} INFO - Following branch log_end_no_data
[2022-04-19 10:35:22,841] {skipmixin.py:171} INFO - Skipping tasks ['transfer_suit_pa']
[2022-04-19 10:35:22,928] {taskinstance.py:1282} INFO - Marking task as SUCCESS. dag_id=hook_dag, task_id=branching, execution_date=20220419T103515, start_date=20220419T103522, end_date=20220419T103522
[2022-04-19 10:35:22,973] {local_task_job.py:154} INFO - Task exited with return code 0
[2022-04-19 10:35:23,008] {local_task_job.py:264} INFO - 1 downstream tasks scheduled from follow-on schedule check
