[2022-04-25 08:38:20,745] {taskinstance.py:1037} INFO - Dependencies all met for <TaskInstance: cso_2295_ipo_2_cso_xls.py.getid3 manual__2022-04-25T08:36:56.447912+00:00 [queued]>
[2022-04-25 08:38:20,762] {taskinstance.py:1037} INFO - Dependencies all met for <TaskInstance: cso_2295_ipo_2_cso_xls.py.getid3 manual__2022-04-25T08:36:56.447912+00:00 [queued]>
[2022-04-25 08:38:20,762] {taskinstance.py:1243} INFO - 
--------------------------------------------------------------------------------
[2022-04-25 08:38:20,762] {taskinstance.py:1244} INFO - Starting attempt 1 of 1
[2022-04-25 08:38:20,762] {taskinstance.py:1245} INFO - 
--------------------------------------------------------------------------------
[2022-04-25 08:38:20,786] {taskinstance.py:1264} INFO - Executing <Task(PythonOperator): getid3> on 2022-04-25 08:36:56.447912+00:00
[2022-04-25 08:38:20,793] {standard_task_runner.py:52} INFO - Started process 1914 to run task
[2022-04-25 08:38:20,799] {standard_task_runner.py:76} INFO - Running: ['***', 'tasks', 'run', 'cso_2295_ipo_2_cso_xls.py', 'getid3', 'manual__2022-04-25T08:36:56.447912+00:00', '--job-id', '1118', '--raw', '--subdir', 'DAGS_FOLDER/cso_2295/cso_2295_ipo_2_cso_xls.py', '--cfg-path', '/tmp/tmph5qvk3jr', '--error-file', '/tmp/tmp9glhzv2j']
[2022-04-25 08:38:20,800] {standard_task_runner.py:77} INFO - Job 1118: Subtask getid3
[2022-04-25 08:38:20,875] {logging_mixin.py:109} INFO - Running <TaskInstance: cso_2295_ipo_2_cso_xls.py.getid3 manual__2022-04-25T08:36:56.447912+00:00 [running]> on host 22e04adb6bfa
[2022-04-25 08:38:20,994] {taskinstance.py:1431} INFO - Exporting the following env vars:
AIRFLOW_CTX_DAG_OWNER=***
AIRFLOW_CTX_DAG_ID=cso_2295_ipo_2_cso_xls.py
AIRFLOW_CTX_TASK_ID=getid3
AIRFLOW_CTX_EXECUTION_DATE=2022-04-25T08:36:56.447912+00:00
AIRFLOW_CTX_DAG_RUN_ID=manual__2022-04-25T08:36:56.447912+00:00
[2022-04-25 08:38:21,001] {base.py:79} INFO - Using connection to: id: postgres_default. Host: postgres, Port: 5432, Schema: ***, Login: ***, Password: ***, extra: {}
[2022-04-25 08:38:21,014] {python.py:175} INFO - Done. Returned value was: None
[2022-04-25 08:38:21,053] {taskinstance.py:1282} INFO - Marking task as SUCCESS. dag_id=cso_2295_ipo_2_cso_xls.py, task_id=getid3, execution_date=20220425T083656, start_date=20220425T083820, end_date=20220425T083821
[2022-04-25 08:38:21,097] {local_task_job.py:154} INFO - Task exited with return code 0
[2022-04-25 08:38:21,135] {local_task_job.py:264} INFO - 1 downstream tasks scheduled from follow-on schedule check
