[2022-04-20 14:27:20,628] {taskinstance.py:1037} INFO - Dependencies all met for <TaskInstance: hook_dag.cond_true scheduled__2022-04-20T14:25:10+00:00 [queued]>
[2022-04-20 14:27:20,647] {taskinstance.py:1037} INFO - Dependencies all met for <TaskInstance: hook_dag.cond_true scheduled__2022-04-20T14:25:10+00:00 [queued]>
[2022-04-20 14:27:20,647] {taskinstance.py:1243} INFO - 
--------------------------------------------------------------------------------
[2022-04-20 14:27:20,647] {taskinstance.py:1244} INFO - Starting attempt 1 of 2
[2022-04-20 14:27:20,647] {taskinstance.py:1245} INFO - 
--------------------------------------------------------------------------------
[2022-04-20 14:27:20,814] {taskinstance.py:1264} INFO - Executing <Task(ShortCircuitOperator): cond_true> on 2022-04-20 14:25:10+00:00
[2022-04-20 14:27:20,931] {standard_task_runner.py:52} INFO - Started process 18852 to run task
[2022-04-20 14:27:20,947] {standard_task_runner.py:76} INFO - Running: ['***', 'tasks', 'run', 'hook_dag', 'cond_true', 'scheduled__2022-04-20T14:25:10+00:00', '--job-id', '597', '--raw', '--subdir', 'DAGS_FOLDER/hook_dag.py', '--cfg-path', '/tmp/tmp8qt5pluk', '--error-file', '/tmp/tmpkkxkwmhc']
[2022-04-20 14:27:20,954] {standard_task_runner.py:77} INFO - Job 597: Subtask cond_true
[2022-04-20 14:27:22,728] {logging_mixin.py:109} INFO - Running <TaskInstance: hook_dag.cond_true scheduled__2022-04-20T14:25:10+00:00 [running]> on host 22e04adb6bfa
[2022-04-20 14:27:23,615] {taskinstance.py:1431} INFO - Exporting the following env vars:
AIRFLOW_CTX_DAG_OWNER=***
AIRFLOW_CTX_DAG_ID=hook_dag
AIRFLOW_CTX_TASK_ID=cond_true
AIRFLOW_CTX_EXECUTION_DATE=2022-04-20T14:25:10+00:00
AIRFLOW_CTX_DAG_RUN_ID=scheduled__2022-04-20T14:25:10+00:00
[2022-04-20 14:27:23,615] {python.py:175} INFO - Done. Returned value was: False
[2022-04-20 14:27:23,616] {python.py:239} INFO - Condition result is False
[2022-04-20 14:27:23,616] {python.py:245} INFO - Skipping downstream tasks...
[2022-04-20 14:27:24,016] {python.py:253} INFO - Done.
[2022-04-20 14:27:24,117] {taskinstance.py:1282} INFO - Marking task as SUCCESS. dag_id=hook_dag, task_id=cond_true, execution_date=20220420T142510, start_date=20220420T142720, end_date=20220420T142724
[2022-04-20 14:27:24,259] {local_task_job.py:154} INFO - Task exited with return code 0
[2022-04-20 14:27:24,662] {local_task_job.py:264} INFO - 0 downstream tasks scheduled from follow-on schedule check
