[2022-04-19 11:57:21,573] {taskinstance.py:1037} INFO - Dependencies all met for <TaskInstance: hook_dag.condition_is_True manual__2022-04-19T11:57:14.259442+00:00 [queued]>
[2022-04-19 11:57:21,583] {taskinstance.py:1037} INFO - Dependencies all met for <TaskInstance: hook_dag.condition_is_True manual__2022-04-19T11:57:14.259442+00:00 [queued]>
[2022-04-19 11:57:21,583] {taskinstance.py:1243} INFO - 
--------------------------------------------------------------------------------
[2022-04-19 11:57:21,583] {taskinstance.py:1244} INFO - Starting attempt 1 of 2
[2022-04-19 11:57:21,583] {taskinstance.py:1245} INFO - 
--------------------------------------------------------------------------------
[2022-04-19 11:57:21,592] {taskinstance.py:1264} INFO - Executing <Task(ShortCircuitOperator): condition_is_True> on 2022-04-19 11:57:14.259442+00:00
[2022-04-19 11:57:21,597] {standard_task_runner.py:52} INFO - Started process 9504 to run task
[2022-04-19 11:57:21,602] {standard_task_runner.py:76} INFO - Running: ['***', 'tasks', 'run', 'hook_dag', 'condition_is_True', 'manual__2022-04-19T11:57:14.259442+00:00', '--job-id', '356', '--raw', '--subdir', 'DAGS_FOLDER/hook_dag.py', '--cfg-path', '/tmp/tmp22ynub3s', '--error-file', '/tmp/tmp7h1_n2h7']
[2022-04-19 11:57:21,603] {standard_task_runner.py:77} INFO - Job 356: Subtask condition_is_True
[2022-04-19 11:57:21,647] {logging_mixin.py:109} INFO - Running <TaskInstance: hook_dag.condition_is_True manual__2022-04-19T11:57:14.259442+00:00 [running]> on host 22e04adb6bfa
[2022-04-19 11:57:21,702] {taskinstance.py:1431} INFO - Exporting the following env vars:
AIRFLOW_CTX_DAG_OWNER=***
AIRFLOW_CTX_DAG_ID=hook_dag
AIRFLOW_CTX_TASK_ID=condition_is_True
AIRFLOW_CTX_EXECUTION_DATE=2022-04-19T11:57:14.259442+00:00
AIRFLOW_CTX_DAG_RUN_ID=manual__2022-04-19T11:57:14.259442+00:00
[2022-04-19 11:57:21,703] {python.py:175} INFO - Done. Returned value was: <function check_date.<locals>.<lambda> at 0x7f150644ba70>
[2022-04-19 11:57:21,703] {python.py:239} INFO - Condition result is <function check_date.<locals>.<lambda> at 0x7f150644ba70>
[2022-04-19 11:57:21,703] {python.py:242} INFO - Proceeding with downstream tasks...
[2022-04-19 11:57:21,713] {taskinstance.py:1282} INFO - Marking task as SUCCESS. dag_id=hook_dag, task_id=condition_is_True, execution_date=20220419T115714, start_date=20220419T115721, end_date=20220419T115721
[2022-04-19 11:57:21,731] {local_task_job.py:154} INFO - Task exited with return code 0
[2022-04-19 11:57:21,769] {local_task_job.py:264} INFO - 1 downstream tasks scheduled from follow-on schedule check
