[2022-04-11 12:29:53,029] {taskinstance.py:1037} INFO - Dependencies all met for <TaskInstance: hook_dag.transfer_suit_pa manual__2022-04-11T12:29:48.865753+00:00 [queued]>
[2022-04-11 12:29:53,037] {taskinstance.py:1037} INFO - Dependencies all met for <TaskInstance: hook_dag.transfer_suit_pa manual__2022-04-11T12:29:48.865753+00:00 [queued]>
[2022-04-11 12:29:53,038] {taskinstance.py:1243} INFO - 
--------------------------------------------------------------------------------
[2022-04-11 12:29:53,038] {taskinstance.py:1244} INFO - Starting attempt 1 of 2
[2022-04-11 12:29:53,038] {taskinstance.py:1245} INFO - 
--------------------------------------------------------------------------------
[2022-04-11 12:29:53,051] {taskinstance.py:1264} INFO - Executing <Task(Postgres2File): transfer_suit_pa> on 2022-04-11 12:29:48.865753+00:00
[2022-04-11 12:29:53,056] {standard_task_runner.py:52} INFO - Started process 9674 to run task
[2022-04-11 12:29:53,059] {standard_task_runner.py:76} INFO - Running: ['***', 'tasks', 'run', 'hook_dag', 'transfer_suit_pa', 'manual__2022-04-11T12:29:48.865753+00:00', '--job-id', '102', '--raw', '--subdir', 'DAGS_FOLDER/hook_dag.py', '--cfg-path', '/tmp/tmpn6z_fsrk', '--error-file', '/tmp/tmp8ppdr8h6']
[2022-04-11 12:29:53,059] {standard_task_runner.py:77} INFO - Job 102: Subtask transfer_suit_pa
[2022-04-11 12:29:53,108] {logging_mixin.py:109} INFO - Running <TaskInstance: hook_dag.transfer_suit_pa manual__2022-04-11T12:29:48.865753+00:00 [running]> on host b69b085ebecc
[2022-04-11 12:29:53,148] {taskinstance.py:1431} INFO - Exporting the following env vars:
AIRFLOW_CTX_DAG_OWNER=***
AIRFLOW_CTX_DAG_ID=hook_dag
AIRFLOW_CTX_TASK_ID=transfer_suit_pa
AIRFLOW_CTX_EXECUTION_DATE=2022-04-11T12:29:48.865753+00:00
AIRFLOW_CTX_DAG_RUN_ID=manual__2022-04-11T12:29:48.865753+00:00
[2022-04-11 12:29:53,154] {base.py:79} INFO - Using connection to: id: postgres_default. Host: postgres, Port: 5432, Schema: ***, Login: ***, Password: ***, extra: {}
[2022-04-11 12:29:53,300] {taskinstance.py:1282} INFO - Marking task as SUCCESS. dag_id=hook_dag, task_id=transfer_suit_pa, execution_date=20220411T122948, start_date=20220411T122953, end_date=20220411T122953
[2022-04-11 12:29:53,356] {local_task_job.py:154} INFO - Task exited with return code 0
[2022-04-11 12:29:53,394] {local_task_job.py:264} INFO - 0 downstream tasks scheduled from follow-on schedule check
