[2022-04-29 15:41:17,693] {taskinstance.py:1037} INFO - Dependencies all met for <TaskInstance: cso_2295_ipo_2_cso_xls.py.transfer_cso_ssp scheduled__2022-04-28T15:41:00+00:00 [queued]>
[2022-04-29 15:41:17,704] {taskinstance.py:1037} INFO - Dependencies all met for <TaskInstance: cso_2295_ipo_2_cso_xls.py.transfer_cso_ssp scheduled__2022-04-28T15:41:00+00:00 [queued]>
[2022-04-29 15:41:17,704] {taskinstance.py:1243} INFO - 
--------------------------------------------------------------------------------
[2022-04-29 15:41:17,704] {taskinstance.py:1244} INFO - Starting attempt 1 of 1
[2022-04-29 15:41:17,704] {taskinstance.py:1245} INFO - 
--------------------------------------------------------------------------------
[2022-04-29 15:41:17,719] {taskinstance.py:1264} INFO - Executing <Task(Postgres2File): transfer_cso_ssp> on 2022-04-28 15:41:00+00:00
[2022-04-29 15:41:17,723] {standard_task_runner.py:52} INFO - Started process 4264 to run task
[2022-04-29 15:41:17,726] {standard_task_runner.py:76} INFO - Running: ['***', 'tasks', 'run', 'cso_2295_ipo_2_cso_xls.py', 'transfer_cso_ssp', 'scheduled__2022-04-28T15:41:00+00:00', '--job-id', '1486', '--raw', '--subdir', 'DAGS_FOLDER/cso_2295/cso_2295_ipo_2_cso_xls.py', '--cfg-path', '/tmp/tmp_e8nru0y', '--error-file', '/tmp/tmp20850mn1']
[2022-04-29 15:41:17,726] {standard_task_runner.py:77} INFO - Job 1486: Subtask transfer_cso_ssp
[2022-04-29 15:41:17,786] {logging_mixin.py:109} INFO - Running <TaskInstance: cso_2295_ipo_2_cso_xls.py.transfer_cso_ssp scheduled__2022-04-28T15:41:00+00:00 [running]> on host 0936e4a14e76
[2022-04-29 15:41:17,837] {taskinstance.py:1431} INFO - Exporting the following env vars:
AIRFLOW_CTX_DAG_OWNER=***
AIRFLOW_CTX_DAG_ID=cso_2295_ipo_2_cso_xls.py
AIRFLOW_CTX_TASK_ID=transfer_cso_ssp
AIRFLOW_CTX_EXECUTION_DATE=2022-04-28T15:41:00+00:00
AIRFLOW_CTX_DAG_RUN_ID=scheduled__2022-04-28T15:41:00+00:00
[2022-04-29 15:41:17,844] {base.py:79} INFO - Using connection to: id: postgres_default. Host: postgres, Port: 5432, Schema: ***, Login: ***, Password: ***, extra: {}
[2022-04-29 15:41:18,072] {taskinstance.py:1282} INFO - Marking task as SUCCESS. dag_id=cso_2295_ipo_2_cso_xls.py, task_id=transfer_cso_ssp, execution_date=20220428T154100, start_date=20220429T154117, end_date=20220429T154118
[2022-04-29 15:41:18,138] {local_task_job.py:154} INFO - Task exited with return code 0
[2022-04-29 15:41:18,197] {base.py:79} INFO - Using connection to: id: postgres_default. Host: postgres, Port: 5432, Schema: ***, Login: ***, Password: ***, extra: {}
[2022-04-29 15:41:18,199] {dbapi.py:225} INFO - Running statement: UPDATE list_flow_log
                        SET q_source=2,
                        q_target=2, t_end=NOW(), status=2,
                        optional_key='transfer_cso_ssp'
                        where id = 136;, parameters: None
[2022-04-29 15:41:18,200] {dbapi.py:233} INFO - Rows affected: 1
[2022-04-29 15:41:18,217] {local_task_job.py:264} INFO - 0 downstream tasks scheduled from follow-on schedule check
