[2022-04-19 12:05:11,951] {taskinstance.py:1037} INFO - Dependencies all met for <TaskInstance: hook_dag.condition_is_True manual__2022-04-19T12:05:05.436714+00:00 [queued]>
[2022-04-19 12:05:11,960] {taskinstance.py:1037} INFO - Dependencies all met for <TaskInstance: hook_dag.condition_is_True manual__2022-04-19T12:05:05.436714+00:00 [queued]>
[2022-04-19 12:05:11,960] {taskinstance.py:1243} INFO - 
--------------------------------------------------------------------------------
[2022-04-19 12:05:11,960] {taskinstance.py:1244} INFO - Starting attempt 1 of 2
[2022-04-19 12:05:11,960] {taskinstance.py:1245} INFO - 
--------------------------------------------------------------------------------
[2022-04-19 12:05:11,979] {taskinstance.py:1264} INFO - Executing <Task(ShortCircuitOperator): condition_is_True> on 2022-04-19 12:05:05.436714+00:00
[2022-04-19 12:05:11,983] {standard_task_runner.py:52} INFO - Started process 9917 to run task
[2022-04-19 12:05:11,987] {standard_task_runner.py:76} INFO - Running: ['***', 'tasks', 'run', 'hook_dag', 'condition_is_True', 'manual__2022-04-19T12:05:05.436714+00:00', '--job-id', '371', '--raw', '--subdir', 'DAGS_FOLDER/hook_dag.py', '--cfg-path', '/tmp/tmplea6ixdm', '--error-file', '/tmp/tmpcy60cemf']
[2022-04-19 12:05:11,987] {standard_task_runner.py:77} INFO - Job 371: Subtask condition_is_True
[2022-04-19 12:05:12,047] {logging_mixin.py:109} INFO - Running <TaskInstance: hook_dag.condition_is_True manual__2022-04-19T12:05:05.436714+00:00 [running]> on host 22e04adb6bfa
[2022-04-19 12:05:12,104] {taskinstance.py:1431} INFO - Exporting the following env vars:
AIRFLOW_CTX_DAG_OWNER=***
AIRFLOW_CTX_DAG_ID=hook_dag
AIRFLOW_CTX_TASK_ID=condition_is_True
AIRFLOW_CTX_EXECUTION_DATE=2022-04-19T12:05:05.436714+00:00
AIRFLOW_CTX_DAG_RUN_ID=manual__2022-04-19T12:05:05.436714+00:00
[2022-04-19 12:05:12,104] {python.py:175} INFO - Done. Returned value was: False
[2022-04-19 12:05:12,105] {python.py:239} INFO - Condition result is False
[2022-04-19 12:05:12,105] {python.py:245} INFO - Skipping downstream tasks...
[2022-04-19 12:05:12,154] {python.py:253} INFO - Done.
[2022-04-19 12:05:12,162] {taskinstance.py:1282} INFO - Marking task as SUCCESS. dag_id=hook_dag, task_id=condition_is_True, execution_date=20220419T120505, start_date=20220419T120511, end_date=20220419T120512
[2022-04-19 12:05:12,200] {local_task_job.py:154} INFO - Task exited with return code 0
[2022-04-19 12:05:12,273] {local_task_job.py:264} INFO - 0 downstream tasks scheduled from follow-on schedule check
