[2022-04-28 15:52:32,523] {taskinstance.py:1037} INFO - Dependencies all met for <TaskInstance: cso_2295_ipo_2_cso_bd.py.check_system_source1 manual__2022-04-28T15:52:27.356747+00:00 [queued]>
[2022-04-28 15:52:32,532] {taskinstance.py:1037} INFO - Dependencies all met for <TaskInstance: cso_2295_ipo_2_cso_bd.py.check_system_source1 manual__2022-04-28T15:52:27.356747+00:00 [queued]>
[2022-04-28 15:52:32,532] {taskinstance.py:1243} INFO - 
--------------------------------------------------------------------------------
[2022-04-28 15:52:32,532] {taskinstance.py:1244} INFO - Starting attempt 1 of 1
[2022-04-28 15:52:32,532] {taskinstance.py:1245} INFO - 
--------------------------------------------------------------------------------
[2022-04-28 15:52:32,555] {taskinstance.py:1264} INFO - Executing <Task(BranchPythonOperator): check_system_source1> on 2022-04-28 15:52:27.356747+00:00
[2022-04-28 15:52:32,559] {standard_task_runner.py:52} INFO - Started process 21938 to run task
[2022-04-28 15:52:32,561] {standard_task_runner.py:76} INFO - Running: ['***', 'tasks', 'run', 'cso_2295_ipo_2_cso_bd.py', 'check_system_source1', 'manual__2022-04-28T15:52:27.356747+00:00', '--job-id', '1419', '--raw', '--subdir', 'DAGS_FOLDER/cso_2295/cso_2295_ipo_2_cso_bd.py', '--cfg-path', '/tmp/tmpf_2_c6vb', '--error-file', '/tmp/tmpk1anau3q']
[2022-04-28 15:52:32,562] {standard_task_runner.py:77} INFO - Job 1419: Subtask check_system_source1
[2022-04-28 15:52:32,615] {logging_mixin.py:109} INFO - Running <TaskInstance: cso_2295_ipo_2_cso_bd.py.check_system_source1 manual__2022-04-28T15:52:27.356747+00:00 [running]> on host 0936e4a14e76
[2022-04-28 15:52:32,682] {taskinstance.py:1431} INFO - Exporting the following env vars:
AIRFLOW_CTX_DAG_OWNER=***
AIRFLOW_CTX_DAG_ID=cso_2295_ipo_2_cso_bd.py
AIRFLOW_CTX_TASK_ID=check_system_source1
AIRFLOW_CTX_EXECUTION_DATE=2022-04-28T15:52:27.356747+00:00
AIRFLOW_CTX_DAG_RUN_ID=manual__2022-04-28T15:52:27.356747+00:00
[2022-04-28 15:52:32,682] {python.py:175} INFO - Done. Returned value was: check_system_target1
[2022-04-28 15:52:32,682] {skipmixin.py:140} INFO - Following branch check_system_target1
[2022-04-28 15:52:32,682] {skipmixin.py:171} INFO - Skipping tasks ['log_err_access_source1']
[2022-04-28 15:52:32,728] {taskinstance.py:1282} INFO - Marking task as SUCCESS. dag_id=cso_2295_ipo_2_cso_bd.py, task_id=check_system_source1, execution_date=20220428T155227, start_date=20220428T155232, end_date=20220428T155232
[2022-04-28 15:52:32,789] {local_task_job.py:154} INFO - Task exited with return code 0
[2022-04-28 15:52:32,860] {local_task_job.py:264} INFO - 1 downstream tasks scheduled from follow-on schedule check
