[2022-04-25 08:14:35,412] {taskinstance.py:1037} INFO - Dependencies all met for <TaskInstance: cso_2295_ipo_2_cso_xls.py.log_sensor2 manual__2022-04-25T08:14:20.098498+00:00 [queued]>
[2022-04-25 08:14:35,421] {taskinstance.py:1037} INFO - Dependencies all met for <TaskInstance: cso_2295_ipo_2_cso_xls.py.log_sensor2 manual__2022-04-25T08:14:20.098498+00:00 [queued]>
[2022-04-25 08:14:35,422] {taskinstance.py:1243} INFO - 
--------------------------------------------------------------------------------
[2022-04-25 08:14:35,422] {taskinstance.py:1244} INFO - Starting attempt 1 of 1
[2022-04-25 08:14:35,422] {taskinstance.py:1245} INFO - 
--------------------------------------------------------------------------------
[2022-04-25 08:14:35,442] {taskinstance.py:1264} INFO - Executing <Task(SqlSensor): log_sensor2> on 2022-04-25 08:14:20.098498+00:00
[2022-04-25 08:14:35,446] {standard_task_runner.py:52} INFO - Started process 706 to run task
[2022-04-25 08:14:35,448] {standard_task_runner.py:76} INFO - Running: ['***', 'tasks', 'run', 'cso_2295_ipo_2_cso_xls.py', 'log_sensor2', 'manual__2022-04-25T08:14:20.098498+00:00', '--job-id', '1098', '--raw', '--subdir', 'DAGS_FOLDER/cso_2295/cso_2295_ipo_2_cso_xls.py', '--cfg-path', '/tmp/tmpb030xgmi', '--error-file', '/tmp/tmptzux51kn']
[2022-04-25 08:14:35,449] {standard_task_runner.py:77} INFO - Job 1098: Subtask log_sensor2
[2022-04-25 08:14:35,483] {logging_mixin.py:109} INFO - Running <TaskInstance: cso_2295_ipo_2_cso_xls.py.log_sensor2 manual__2022-04-25T08:14:20.098498+00:00 [running]> on host 22e04adb6bfa
[2022-04-25 08:14:35,582] {taskinstance.py:1431} INFO - Exporting the following env vars:
AIRFLOW_CTX_DAG_OWNER=***
AIRFLOW_CTX_DAG_ID=cso_2295_ipo_2_cso_xls.py
AIRFLOW_CTX_TASK_ID=log_sensor2
AIRFLOW_CTX_EXECUTION_DATE=2022-04-25T08:14:20.098498+00:00
AIRFLOW_CTX_DAG_RUN_ID=manual__2022-04-25T08:14:20.098498+00:00
[2022-04-25 08:14:35,608] {base.py:79} INFO - Using connection to: id: postgres_default. Host: postgres, Port: 5432, Schema: ***, Login: ***, Password: ***, extra: {}
[2022-04-25 08:14:35,664] {sql.py:98} INFO - Poking: select case when q = 'true' then 1 else 0 end as q from  (
	select case when count(id)=0 then 'true' else 'false' end as q
	from list_flow_log
	where object_flow = 0 and status = 1
) t1; (with parameters None)
[2022-04-25 08:14:35,669] {base.py:79} INFO - Using connection to: id: postgres_default. Host: postgres, Port: 5432, Schema: ***, Login: ***, Password: ***, extra: {}
[2022-04-25 08:15:35,735] {base.py:79} INFO - Using connection to: id: postgres_default. Host: postgres, Port: 5432, Schema: ***, Login: ***, Password: ***, extra: {}
[2022-04-25 08:15:35,775] {sql.py:98} INFO - Poking: select case when q = 'true' then 1 else 0 end as q from  (
	select case when count(id)=0 then 'true' else 'false' end as q
	from list_flow_log
	where object_flow = 0 and status = 1
) t1; (with parameters None)
[2022-04-25 08:15:35,779] {base.py:79} INFO - Using connection to: id: postgres_default. Host: postgres, Port: 5432, Schema: ***, Login: ***, Password: ***, extra: {}
[2022-04-25 08:16:35,846] {base.py:79} INFO - Using connection to: id: postgres_default. Host: postgres, Port: 5432, Schema: ***, Login: ***, Password: ***, extra: {}
[2022-04-25 08:16:35,886] {sql.py:98} INFO - Poking: select case when q = 'true' then 1 else 0 end as q from  (
	select case when count(id)=0 then 'true' else 'false' end as q
	from list_flow_log
	where object_flow = 0 and status = 1
) t1; (with parameters None)
[2022-04-25 08:16:35,897] {base.py:79} INFO - Using connection to: id: postgres_default. Host: postgres, Port: 5432, Schema: ***, Login: ***, Password: ***, extra: {}
[2022-04-25 08:17:35,962] {base.py:79} INFO - Using connection to: id: postgres_default. Host: postgres, Port: 5432, Schema: ***, Login: ***, Password: ***, extra: {}
[2022-04-25 08:17:36,003] {sql.py:98} INFO - Poking: select case when q = 'true' then 1 else 0 end as q from  (
	select case when count(id)=0 then 'true' else 'false' end as q
	from list_flow_log
	where object_flow = 0 and status = 1
) t1; (with parameters None)
[2022-04-25 08:17:36,008] {base.py:79} INFO - Using connection to: id: postgres_default. Host: postgres, Port: 5432, Schema: ***, Login: ***, Password: ***, extra: {}
[2022-04-25 08:17:36,011] {base.py:251} INFO - Success criteria met. Exiting.
[2022-04-25 08:17:36,019] {taskinstance.py:1282} INFO - Marking task as SUCCESS. dag_id=cso_2295_ipo_2_cso_xls.py, task_id=log_sensor2, execution_date=20220425T081420, start_date=20220425T081435, end_date=20220425T081736
[2022-04-25 08:17:36,042] {local_task_job.py:154} INFO - Task exited with return code 0
[2022-04-25 08:17:36,073] {local_task_job.py:264} INFO - 1 downstream tasks scheduled from follow-on schedule check
