[2022-04-19 15:25:40,298] {taskinstance.py:1037} INFO - Dependencies all met for <TaskInstance: hook_dag.branching manual__2022-04-19T15:24:27.032323+00:00 [queued]>
[2022-04-19 15:25:40,307] {taskinstance.py:1037} INFO - Dependencies all met for <TaskInstance: hook_dag.branching manual__2022-04-19T15:24:27.032323+00:00 [queued]>
[2022-04-19 15:25:40,308] {taskinstance.py:1243} INFO - 
--------------------------------------------------------------------------------
[2022-04-19 15:25:40,308] {taskinstance.py:1244} INFO - Starting attempt 1 of 2
[2022-04-19 15:25:40,308] {taskinstance.py:1245} INFO - 
--------------------------------------------------------------------------------
[2022-04-19 15:25:40,318] {taskinstance.py:1264} INFO - Executing <Task(BranchPythonOperator): branching> on 2022-04-19 15:24:27.032323+00:00
[2022-04-19 15:25:40,323] {standard_task_runner.py:52} INFO - Started process 19831 to run task
[2022-04-19 15:25:40,326] {standard_task_runner.py:76} INFO - Running: ['***', 'tasks', 'run', 'hook_dag', 'branching', 'manual__2022-04-19T15:24:27.032323+00:00', '--job-id', '547', '--raw', '--subdir', 'DAGS_FOLDER/hook_dag.py', '--cfg-path', '/tmp/tmp1gjnuisl', '--error-file', '/tmp/tmpgbdqanyy']
[2022-04-19 15:25:40,326] {standard_task_runner.py:77} INFO - Job 547: Subtask branching
[2022-04-19 15:25:40,382] {logging_mixin.py:109} INFO - Running <TaskInstance: hook_dag.branching manual__2022-04-19T15:24:27.032323+00:00 [running]> on host 22e04adb6bfa
[2022-04-19 15:25:40,507] {taskinstance.py:1431} INFO - Exporting the following env vars:
AIRFLOW_CTX_DAG_OWNER=***
AIRFLOW_CTX_DAG_ID=hook_dag
AIRFLOW_CTX_TASK_ID=branching
AIRFLOW_CTX_EXECUTION_DATE=2022-04-19T15:24:27.032323+00:00
AIRFLOW_CTX_DAG_RUN_ID=manual__2022-04-19T15:24:27.032323+00:00
[2022-04-19 15:25:40,517] {python.py:175} INFO - Done. Returned value was: transfer_suit_pa
[2022-04-19 15:25:40,517] {skipmixin.py:140} INFO - Following branch transfer_suit_pa
[2022-04-19 15:25:40,518] {skipmixin.py:171} INFO - Skipping tasks ['log_end_no_data_2']
[2022-04-19 15:25:40,545] {taskinstance.py:1282} INFO - Marking task as SUCCESS. dag_id=hook_dag, task_id=branching, execution_date=20220419T152427, start_date=20220419T152540, end_date=20220419T152540
[2022-04-19 15:25:40,578] {local_task_job.py:154} INFO - Task exited with return code 0
[2022-04-19 15:25:40,611] {local_task_job.py:264} INFO - 1 downstream tasks scheduled from follow-on schedule check
