[2022-04-22 09:19:24,840] {taskinstance.py:1037} INFO - Dependencies all met for <TaskInstance: cso_2295_ipo_2_cso.py.sleep manual__2022-04-22T09:19:17.641779+00:00 [queued]>
[2022-04-22 09:19:24,850] {taskinstance.py:1037} INFO - Dependencies all met for <TaskInstance: cso_2295_ipo_2_cso.py.sleep manual__2022-04-22T09:19:17.641779+00:00 [queued]>
[2022-04-22 09:19:24,850] {taskinstance.py:1243} INFO - 
--------------------------------------------------------------------------------
[2022-04-22 09:19:24,850] {taskinstance.py:1244} INFO - Starting attempt 1 of 1
[2022-04-22 09:19:24,850] {taskinstance.py:1245} INFO - 
--------------------------------------------------------------------------------
[2022-04-22 09:19:24,858] {taskinstance.py:1264} INFO - Executing <Task(BashOperator): sleep> on 2022-04-22 09:19:17.641779+00:00
[2022-04-22 09:19:24,862] {standard_task_runner.py:52} INFO - Started process 1027 to run task
[2022-04-22 09:19:24,896] {standard_task_runner.py:76} INFO - Running: ['***', 'tasks', 'run', 'cso_2295_ipo_2_cso.py', 'sleep', 'manual__2022-04-22T09:19:17.641779+00:00', '--job-id', '965', '--raw', '--subdir', 'DAGS_FOLDER/cso_2295/cso_2295_ipo_2_cso.py', '--cfg-path', '/tmp/tmplk9kgvh0', '--error-file', '/tmp/tmpib6068p1']
[2022-04-22 09:19:24,897] {standard_task_runner.py:77} INFO - Job 965: Subtask sleep
[2022-04-22 09:19:24,994] {logging_mixin.py:109} INFO - Running <TaskInstance: cso_2295_ipo_2_cso.py.sleep manual__2022-04-22T09:19:17.641779+00:00 [running]> on host 22e04adb6bfa
[2022-04-22 09:19:25,391] {taskinstance.py:1431} INFO - Exporting the following env vars:
AIRFLOW_CTX_DAG_OWNER=***
AIRFLOW_CTX_DAG_ID=cso_2295_ipo_2_cso.py
AIRFLOW_CTX_TASK_ID=sleep
AIRFLOW_CTX_EXECUTION_DATE=2022-04-22T09:19:17.641779+00:00
AIRFLOW_CTX_DAG_RUN_ID=manual__2022-04-22T09:19:17.641779+00:00
[2022-04-22 09:19:25,393] {subprocess.py:62} INFO - Tmp dir root location: 
 /tmp
[2022-04-22 09:19:25,482] {subprocess.py:74} INFO - Running command: ['bash', '-c', 'sleep 5']
[2022-04-22 09:19:25,664] {subprocess.py:85} INFO - Output:
[2022-04-22 09:19:30,923] {subprocess.py:93} INFO - Command exited with return code 0
[2022-04-22 09:19:30,941] {taskinstance.py:1282} INFO - Marking task as SUCCESS. dag_id=cso_2295_ipo_2_cso.py, task_id=sleep, execution_date=20220422T091917, start_date=20220422T091924, end_date=20220422T091930
[2022-04-22 09:19:30,966] {local_task_job.py:154} INFO - Task exited with return code 0
[2022-04-22 09:19:31,026] {local_task_job.py:264} INFO - 1 downstream tasks scheduled from follow-on schedule check
