[2022-04-19 09:06:36,691] {taskinstance.py:1037} INFO - Dependencies all met for <TaskInstance: hook_dag.branching manual__2022-04-19T09:06:32.150863+00:00 [queued]>
[2022-04-19 09:06:36,700] {taskinstance.py:1037} INFO - Dependencies all met for <TaskInstance: hook_dag.branching manual__2022-04-19T09:06:32.150863+00:00 [queued]>
[2022-04-19 09:06:36,700] {taskinstance.py:1243} INFO - 
--------------------------------------------------------------------------------
[2022-04-19 09:06:36,700] {taskinstance.py:1244} INFO - Starting attempt 1 of 2
[2022-04-19 09:06:36,700] {taskinstance.py:1245} INFO - 
--------------------------------------------------------------------------------
[2022-04-19 09:06:36,708] {taskinstance.py:1264} INFO - Executing <Task(BranchPythonOperator): branching> on 2022-04-19 09:06:32.150863+00:00
[2022-04-19 09:06:36,712] {standard_task_runner.py:52} INFO - Started process 699 to run task
[2022-04-19 09:06:36,714] {standard_task_runner.py:76} INFO - Running: ['***', 'tasks', 'run', 'hook_dag', 'branching', 'manual__2022-04-19T09:06:32.150863+00:00', '--job-id', '146', '--raw', '--subdir', 'DAGS_FOLDER/hook_dag.py', '--cfg-path', '/tmp/tmpm2cirewl', '--error-file', '/tmp/tmpnncdmhfx']
[2022-04-19 09:06:36,715] {standard_task_runner.py:77} INFO - Job 146: Subtask branching
[2022-04-19 09:06:36,751] {logging_mixin.py:109} INFO - Running <TaskInstance: hook_dag.branching manual__2022-04-19T09:06:32.150863+00:00 [running]> on host 22e04adb6bfa
[2022-04-19 09:06:36,785] {taskinstance.py:1431} INFO - Exporting the following env vars:
AIRFLOW_CTX_DAG_OWNER=***
AIRFLOW_CTX_DAG_ID=hook_dag
AIRFLOW_CTX_TASK_ID=branching
AIRFLOW_CTX_EXECUTION_DATE=2022-04-19T09:06:32.150863+00:00
AIRFLOW_CTX_DAG_RUN_ID=manual__2022-04-19T09:06:32.150863+00:00
[2022-04-19 09:06:36,790] {logging_mixin.py:109} INFO - {'conf': <***.configuration.AirflowConfigParser object at 0x7f15237be290>, 'dag': <DAG: hook_dag>, 'dag_run': <DagRun hook_dag @ 2022-04-19 09:06:32.150863+00:00: manual__2022-04-19T09:06:32.150863+00:00, externally triggered: True>, 'data_interval_end': DateTime(2022, 4, 19, 9, 6, 32, 150863, tzinfo=Timezone('UTC')), 'data_interval_start': DateTime(2022, 4, 19, 9, 6, 32, 150863, tzinfo=Timezone('UTC')), 'ds': '2022-04-19', 'ds_nodash': '20220419', 'execution_date': <Proxy at 0x7f15064e2730 with factory functools.partial(<function lazy_mapping_from_context.<locals>._deprecated_proxy_factory at 0x7f15064ada70>, 'execution_date', DateTime(2022, 4, 19, 9, 6, 32, 150863, tzinfo=Timezone('UTC')))>, 'inlets': [], 'logical_date': DateTime(2022, 4, 19, 9, 6, 32, 150863, tzinfo=Timezone('UTC')), 'macros': <module '***.macros' from '/home/***/.local/lib/python3.7/site-packages/***/macros/__init__.py'>, 'next_ds': <Proxy at 0x7f15064d10f0 with factory functools.partial(<function lazy_mapping_from_context.<locals>._deprecated_proxy_factory at 0x7f15064ada70>, 'next_ds', '2022-04-19')>, 'next_ds_nodash': <Proxy at 0x7f15064d1c30 with factory functools.partial(<function lazy_mapping_from_context.<locals>._deprecated_proxy_factory at 0x7f15064ada70>, 'next_ds_nodash', '20220419')>, 'next_execution_date': <Proxy at 0x7f150649ab40 with factory functools.partial(<function lazy_mapping_from_context.<locals>._deprecated_proxy_factory at 0x7f15064ada70>, 'next_execution_date', DateTime(2022, 4, 19, 9, 6, 32, 150863, tzinfo=Timezone('UTC')))>, 'outlets': [], 'params': {}, 'prev_data_interval_start_success': DateTime(2022, 4, 13, 14, 8, 3, 310648, tzinfo=Timezone('UTC')), 'prev_data_interval_end_success': DateTime(2022, 4, 13, 14, 8, 3, 310648, tzinfo=Timezone('UTC')), 'prev_ds': <Proxy at 0x7f150649a280 with factory functools.partial(<function lazy_mapping_from_context.<locals>._deprecated_proxy_factory at 0x7f15064ada70>, 'prev_ds', '2022-04-19')>, 'prev_ds_nodash': <Proxy at 0x7f150649ae10 with factory functools.partial(<function lazy_mapping_from_context.<locals>._deprecated_proxy_factory at 0x7f15064ada70>, 'prev_ds_nodash', '20220419')>, 'prev_execution_date': <Proxy at 0x7f150649aaa0 with factory functools.partial(<function lazy_mapping_from_context.<locals>._deprecated_proxy_factory at 0x7f15064ada70>, 'prev_execution_date', DateTime(2022, 4, 19, 9, 6, 32, 150863, tzinfo=Timezone('UTC')))>, 'prev_execution_date_success': <Proxy at 0x7f150649a550 with factory functools.partial(<function lazy_mapping_from_context.<locals>._deprecated_proxy_factory at 0x7f15064ada70>, 'prev_execution_date_success', None)>, 'prev_start_date_success': DateTime(2022, 4, 13, 14, 8, 3, 683189, tzinfo=Timezone('UTC')), 'run_id': 'manual__2022-04-19T09:06:32.150863+00:00', 'task': <Task(BranchPythonOperator): branching>, 'task_instance': <TaskInstance: hook_dag.branching manual__2022-04-19T09:06:32.150863+00:00 [running]>, 'task_instance_key_str': 'hook_dag__branching__20220419', 'test_mode': False, 'ti': <TaskInstance: hook_dag.branching manual__2022-04-19T09:06:32.150863+00:00 [running]>, 'tomorrow_ds': <Proxy at 0x7f150649a640 with factory functools.partial(<function lazy_mapping_from_context.<locals>._deprecated_proxy_factory at 0x7f15064ada70>, 'tomorrow_ds', '2022-04-20')>, 'tomorrow_ds_nodash': <Proxy at 0x7f15064aaf50 with factory functools.partial(<function lazy_mapping_from_context.<locals>._deprecated_proxy_factory at 0x7f15064ada70>, 'tomorrow_ds_nodash', '20220420')>, 'ts': '2022-04-19T09:06:32.150863+00:00', 'ts_nodash': '20220419T090632', 'ts_nodash_with_tz': '20220419T090632.150863+0000', 'var': {'json': None, 'value': None}, 'conn': None, 'yesterday_ds': <Proxy at 0x7f15064aa460 with factory functools.partial(<function lazy_mapping_from_context.<locals>._deprecated_proxy_factory at 0x7f15064ada70>, 'yesterday_ds', '2022-04-18')>, 'yesterday_ds_nodash': <Proxy at 0x7f15064aae60 with factory functools.partial(<function lazy_mapping_from_context.<locals>._deprecated_proxy_factory at 0x7f15064ada70>, 'yesterday_ds_nodash', '20220418')>, 'templates_dict': None}
[2022-04-19 09:06:36,790] {python.py:175} INFO - Done. Returned value was: log_end_no_data
[2022-04-19 09:06:36,791] {skipmixin.py:140} INFO - Following branch log_end_no_data
[2022-04-19 09:06:36,791] {skipmixin.py:171} INFO - Skipping tasks ['transfer_suit_pa']
[2022-04-19 09:06:36,814] {taskinstance.py:1282} INFO - Marking task as SUCCESS. dag_id=hook_dag, task_id=branching, execution_date=20220419T090632, start_date=20220419T090636, end_date=20220419T090636
[2022-04-19 09:06:36,846] {local_task_job.py:154} INFO - Task exited with return code 0
[2022-04-19 09:06:36,936] {local_task_job.py:264} INFO - 1 downstream tasks scheduled from follow-on schedule check
