[2022-04-07 13:46:36,809] {taskinstance.py:1037} INFO - Dependencies all met for <TaskInstance: postgres_operator_dag.get_all_pets manual__2022-04-07T13:46:31.592690+00:00 [queued]>
[2022-04-07 13:46:36,817] {taskinstance.py:1037} INFO - Dependencies all met for <TaskInstance: postgres_operator_dag.get_all_pets manual__2022-04-07T13:46:31.592690+00:00 [queued]>
[2022-04-07 13:46:36,817] {taskinstance.py:1243} INFO - 
--------------------------------------------------------------------------------
[2022-04-07 13:46:36,817] {taskinstance.py:1244} INFO - Starting attempt 1 of 1
[2022-04-07 13:46:36,817] {taskinstance.py:1245} INFO - 
--------------------------------------------------------------------------------
[2022-04-07 13:46:36,841] {taskinstance.py:1264} INFO - Executing <Task(PostgresOperator): get_all_pets> on 2022-04-07 13:46:31.592690+00:00
[2022-04-07 13:46:36,845] {standard_task_runner.py:52} INFO - Started process 1535 to run task
[2022-04-07 13:46:36,847] {standard_task_runner.py:76} INFO - Running: ['***', 'tasks', 'run', 'postgres_operator_dag', 'get_all_pets', 'manual__2022-04-07T13:46:31.592690+00:00', '--job-id', '83', '--raw', '--subdir', 'DAGS_FOLDER/example_postgres.py', '--cfg-path', '/tmp/tmpwhl59qvh', '--error-file', '/tmp/tmpqya6vo38']
[2022-04-07 13:46:36,848] {standard_task_runner.py:77} INFO - Job 83: Subtask get_all_pets
[2022-04-07 13:46:36,885] {logging_mixin.py:109} INFO - Running <TaskInstance: postgres_operator_dag.get_all_pets manual__2022-04-07T13:46:31.592690+00:00 [running]> on host d73239f69a26
[2022-04-07 13:46:36,920] {taskinstance.py:1431} INFO - Exporting the following env vars:
AIRFLOW_CTX_DAG_OWNER=***
AIRFLOW_CTX_DAG_ID=postgres_operator_dag
AIRFLOW_CTX_TASK_ID=get_all_pets
AIRFLOW_CTX_EXECUTION_DATE=2022-04-07T13:46:31.592690+00:00
AIRFLOW_CTX_DAG_RUN_ID=manual__2022-04-07T13:46:31.592690+00:00
[2022-04-07 13:46:36,926] {base.py:79} INFO - Using connection to: id: postgres_default. Host: postgres, Port: 5432, Schema: ***, Login: ***, Password: ***, extra: {}
[2022-04-07 13:46:36,928] {dbapi.py:225} INFO - Running statement: SELECT * FROM pet;, parameters: None
[2022-04-07 13:46:36,929] {dbapi.py:233} INFO - Rows affected: 8
[2022-04-07 13:46:36,937] {taskinstance.py:1282} INFO - Marking task as SUCCESS. dag_id=postgres_operator_dag, task_id=get_all_pets, execution_date=20220407T134631, start_date=20220407T134636, end_date=20220407T134636
[2022-04-07 13:46:36,979] {local_task_job.py:154} INFO - Task exited with return code 0
[2022-04-07 13:46:37,000] {local_task_job.py:264} INFO - 0 downstream tasks scheduled from follow-on schedule check
