[2022-04-19 13:36:14,827] {taskinstance.py:1037} INFO - Dependencies all met for <TaskInstance: hook_dag.transfer_xml manual__2022-04-19T13:36:03.330960+00:00 [queued]>
[2022-04-19 13:36:14,843] {taskinstance.py:1037} INFO - Dependencies all met for <TaskInstance: hook_dag.transfer_xml manual__2022-04-19T13:36:03.330960+00:00 [queued]>
[2022-04-19 13:36:14,843] {taskinstance.py:1243} INFO - 
--------------------------------------------------------------------------------
[2022-04-19 13:36:14,843] {taskinstance.py:1244} INFO - Starting attempt 1 of 2
[2022-04-19 13:36:14,843] {taskinstance.py:1245} INFO - 
--------------------------------------------------------------------------------
[2022-04-19 13:36:14,851] {taskinstance.py:1264} INFO - Executing <Task(Postgres2File): transfer_xml> on 2022-04-19 13:36:03.330960+00:00
[2022-04-19 13:36:14,858] {standard_task_runner.py:52} INFO - Started process 14252 to run task
[2022-04-19 13:36:14,860] {standard_task_runner.py:76} INFO - Running: ['***', 'tasks', 'run', 'hook_dag', 'transfer_xml', 'manual__2022-04-19T13:36:03.330960+00:00', '--job-id', '407', '--raw', '--subdir', 'DAGS_FOLDER/hook_dag.py', '--cfg-path', '/tmp/tmp3kz37u2w', '--error-file', '/tmp/tmpp8g0l_id']
[2022-04-19 13:36:14,861] {standard_task_runner.py:77} INFO - Job 407: Subtask transfer_xml
[2022-04-19 13:36:14,918] {logging_mixin.py:109} INFO - Running <TaskInstance: hook_dag.transfer_xml manual__2022-04-19T13:36:03.330960+00:00 [running]> on host 22e04adb6bfa
[2022-04-19 13:36:14,969] {taskinstance.py:1431} INFO - Exporting the following env vars:
AIRFLOW_CTX_DAG_OWNER=***
AIRFLOW_CTX_DAG_ID=hook_dag
AIRFLOW_CTX_TASK_ID=transfer_xml
AIRFLOW_CTX_EXECUTION_DATE=2022-04-19T13:36:03.330960+00:00
AIRFLOW_CTX_DAG_RUN_ID=manual__2022-04-19T13:36:03.330960+00:00
[2022-04-19 13:36:14,978] {base.py:79} INFO - Using connection to: id: postgres_default. Host: postgres, Port: 5432, Schema: ***, Login: ***, Password: ***, extra: {}
[2022-04-19 13:36:15,013] {taskinstance.py:1282} INFO - Marking task as SUCCESS. dag_id=hook_dag, task_id=transfer_xml, execution_date=20220419T133603, start_date=20220419T133614, end_date=20220419T133615
[2022-04-19 13:36:15,034] {local_task_job.py:154} INFO - Task exited with return code 0
[2022-04-19 13:36:15,097] {base.py:79} INFO - Using connection to: id: postgres_default. Host: postgres, Port: 5432, Schema: ***, Login: ***, Password: ***, extra: {}
[2022-04-19 13:36:15,100] {dbapi.py:225} INFO - Running statement: UPDATE ipo.list_flow_log
                    SET 
                    q_source=None, 
                    q_target=None, 
                    t_end=NOW(), 
                    status=2, 
                    optional_key='TYPE',
                    comment='None'
                    where id = 15;, parameters: None
[2022-04-19 13:36:15,107] {taskinstance.py:1590} ERROR - Error when executing on_success_callback
Traceback (most recent call last):
  File "/home/airflow/.local/lib/python3.7/site-packages/airflow/models/taskinstance.py", line 1588, in _run_finished_callback
    task.on_success_callback(context)
  File "/opt/airflow/dags/hook_dag.py", line 95, in task_success_log
    return log_end.execute(context=context)
  File "/home/airflow/.local/lib/python3.7/site-packages/airflow/providers/postgres/operators/postgres.py", line 71, in execute
    self.hook.run(self.sql, self.autocommit, parameters=self.parameters)
  File "/home/airflow/.local/lib/python3.7/site-packages/airflow/hooks/dbapi.py", line 205, in run
    self._run_command(cur, sql_statement, parameters)
  File "/home/airflow/.local/lib/python3.7/site-packages/airflow/hooks/dbapi.py", line 229, in _run_command
    cur.execute(sql_statement)
psycopg2.errors.UndefinedTable: relation "ipo.list_flow_log" does not exist
LINE 1: UPDATE ipo.list_flow_log
               ^

[2022-04-19 13:36:15,136] {local_task_job.py:264} INFO - 0 downstream tasks scheduled from follow-on schedule check
