[2022-04-25 12:29:23,883] {taskinstance.py:1037} INFO - Dependencies all met for <TaskInstance: cso_2295_ipo_2_cso.py.getid2 manual__2022-04-25T12:28:07.845997+00:00 [queued]>
[2022-04-25 12:29:23,892] {taskinstance.py:1037} INFO - Dependencies all met for <TaskInstance: cso_2295_ipo_2_cso.py.getid2 manual__2022-04-25T12:28:07.845997+00:00 [queued]>
[2022-04-25 12:29:23,892] {taskinstance.py:1243} INFO - 
--------------------------------------------------------------------------------
[2022-04-25 12:29:23,892] {taskinstance.py:1244} INFO - Starting attempt 1 of 1
[2022-04-25 12:29:23,892] {taskinstance.py:1245} INFO - 
--------------------------------------------------------------------------------
[2022-04-25 12:29:23,900] {taskinstance.py:1264} INFO - Executing <Task(PythonOperator): getid2> on 2022-04-25 12:28:07.845997+00:00
[2022-04-25 12:29:23,905] {standard_task_runner.py:52} INFO - Started process 13355 to run task
[2022-04-25 12:29:23,907] {standard_task_runner.py:76} INFO - Running: ['***', 'tasks', 'run', 'cso_2295_ipo_2_cso.py', 'getid2', 'manual__2022-04-25T12:28:07.845997+00:00', '--job-id', '1229', '--raw', '--subdir', 'DAGS_FOLDER/cso_2295/cso_2295_ipo_2_cso.py', '--cfg-path', '/tmp/tmplbca9d_p', '--error-file', '/tmp/tmpd0muqj4a']
[2022-04-25 12:29:23,908] {standard_task_runner.py:77} INFO - Job 1229: Subtask getid2
[2022-04-25 12:29:23,949] {logging_mixin.py:109} INFO - Running <TaskInstance: cso_2295_ipo_2_cso.py.getid2 manual__2022-04-25T12:28:07.845997+00:00 [running]> on host 22e04adb6bfa
[2022-04-25 12:29:24,000] {taskinstance.py:1431} INFO - Exporting the following env vars:
AIRFLOW_CTX_DAG_OWNER=***
AIRFLOW_CTX_DAG_ID=cso_2295_ipo_2_cso.py
AIRFLOW_CTX_TASK_ID=getid2
AIRFLOW_CTX_EXECUTION_DATE=2022-04-25T12:28:07.845997+00:00
AIRFLOW_CTX_DAG_RUN_ID=manual__2022-04-25T12:28:07.845997+00:00
[2022-04-25 12:29:24,007] {base.py:79} INFO - Using connection to: id: postgres_default. Host: postgres, Port: 5432, Schema: ***, Login: ***, Password: ***, extra: {}
[2022-04-25 12:29:24,016] {python.py:175} INFO - Done. Returned value was: None
[2022-04-25 12:29:24,024] {taskinstance.py:1282} INFO - Marking task as SUCCESS. dag_id=cso_2295_ipo_2_cso.py, task_id=getid2, execution_date=20220425T122807, start_date=20220425T122923, end_date=20220425T122924
[2022-04-25 12:29:24,079] {local_task_job.py:154} INFO - Task exited with return code 0
[2022-04-25 12:29:24,110] {local_task_job.py:264} INFO - 1 downstream tasks scheduled from follow-on schedule check
