[2022-04-29 14:45:04,349] {taskinstance.py:1037} INFO - Dependencies all met for <TaskInstance: cso_2295_ipo_2_cso_bd.py.log_sensor1 manual__2022-04-29T14:45:03.279339+00:00 [queued]>
[2022-04-29 14:45:04,357] {taskinstance.py:1037} INFO - Dependencies all met for <TaskInstance: cso_2295_ipo_2_cso_bd.py.log_sensor1 manual__2022-04-29T14:45:03.279339+00:00 [queued]>
[2022-04-29 14:45:04,357] {taskinstance.py:1243} INFO - 
--------------------------------------------------------------------------------
[2022-04-29 14:45:04,357] {taskinstance.py:1244} INFO - Starting attempt 1 of 1
[2022-04-29 14:45:04,357] {taskinstance.py:1245} INFO - 
--------------------------------------------------------------------------------
[2022-04-29 14:45:04,405] {taskinstance.py:1264} INFO - Executing <Task(SqlSensor): log_sensor1> on 2022-04-29 14:45:03.279339+00:00
[2022-04-29 14:45:04,412] {standard_task_runner.py:52} INFO - Started process 1468 to run task
[2022-04-29 14:45:04,422] {standard_task_runner.py:76} INFO - Running: ['***', 'tasks', 'run', 'cso_2295_ipo_2_cso_bd.py', 'log_sensor1', 'manual__2022-04-29T14:45:03.279339+00:00', '--job-id', '1451', '--raw', '--subdir', 'DAGS_FOLDER/cso_2295/cso_2295_ipo_2_cso_bd.py', '--cfg-path', '/tmp/tmp5t427j9m', '--error-file', '/tmp/tmp6t_artj9']
[2022-04-29 14:45:04,423] {standard_task_runner.py:77} INFO - Job 1451: Subtask log_sensor1
[2022-04-29 14:45:04,516] {logging_mixin.py:109} INFO - Running <TaskInstance: cso_2295_ipo_2_cso_bd.py.log_sensor1 manual__2022-04-29T14:45:03.279339+00:00 [running]> on host 0936e4a14e76
[2022-04-29 14:45:04,558] {taskinstance.py:1431} INFO - Exporting the following env vars:
AIRFLOW_CTX_DAG_OWNER=***
AIRFLOW_CTX_DAG_ID=cso_2295_ipo_2_cso_bd.py
AIRFLOW_CTX_TASK_ID=log_sensor1
AIRFLOW_CTX_EXECUTION_DATE=2022-04-29T14:45:03.279339+00:00
AIRFLOW_CTX_DAG_RUN_ID=manual__2022-04-29T14:45:03.279339+00:00
[2022-04-29 14:45:04,565] {base.py:79} INFO - Using connection to: id: postgres_default. Host: postgres, Port: 5432, Schema: ***, Login: ***, Password: ***, extra: {}
[2022-04-29 14:45:04,614] {sql.py:98} INFO - Poking: select case when q = 'true' then 1 else 0 end as q from  (
	select case when count(id)=0 then 'true' else 'false' end as q
	from list_flow_log
	where object_flow = 0 and status = 1
) t1; (with parameters None)
[2022-04-29 14:45:04,619] {base.py:79} INFO - Using connection to: id: postgres_default. Host: postgres, Port: 5432, Schema: ***, Login: ***, Password: ***, extra: {}
[2022-04-29 14:45:04,623] {base.py:251} INFO - Success criteria met. Exiting.
[2022-04-29 14:45:04,630] {taskinstance.py:1282} INFO - Marking task as SUCCESS. dag_id=cso_2295_ipo_2_cso_bd.py, task_id=log_sensor1, execution_date=20220429T144503, start_date=20220429T144504, end_date=20220429T144504
[2022-04-29 14:45:04,642] {local_task_job.py:154} INFO - Task exited with return code 0
[2022-04-29 14:45:04,673] {local_task_job.py:264} INFO - 1 downstream tasks scheduled from follow-on schedule check
