[2022-04-19 10:33:49,185] {taskinstance.py:1037} INFO - Dependencies all met for <TaskInstance: hook_dag.log_start manual__2022-04-19T10:32:47.286752+00:00 [queued]>
[2022-04-19 10:33:49,194] {taskinstance.py:1037} INFO - Dependencies all met for <TaskInstance: hook_dag.log_start manual__2022-04-19T10:32:47.286752+00:00 [queued]>
[2022-04-19 10:33:49,194] {taskinstance.py:1243} INFO - 
--------------------------------------------------------------------------------
[2022-04-19 10:33:49,194] {taskinstance.py:1244} INFO - Starting attempt 1 of 2
[2022-04-19 10:33:49,194] {taskinstance.py:1245} INFO - 
--------------------------------------------------------------------------------
[2022-04-19 10:33:49,201] {taskinstance.py:1264} INFO - Executing <Task(PostgresOperator): log_start> on 2022-04-19 10:32:47.286752+00:00
[2022-04-19 10:33:49,206] {standard_task_runner.py:52} INFO - Started process 5272 to run task
[2022-04-19 10:33:49,208] {standard_task_runner.py:76} INFO - Running: ['***', 'tasks', 'run', 'hook_dag', 'log_start', 'manual__2022-04-19T10:32:47.286752+00:00', '--job-id', '288', '--raw', '--subdir', 'DAGS_FOLDER/hook_dag.py', '--cfg-path', '/tmp/tmp5whg6yo0', '--error-file', '/tmp/tmp7zmnqdmr']
[2022-04-19 10:33:49,209] {standard_task_runner.py:77} INFO - Job 288: Subtask log_start
[2022-04-19 10:33:49,291] {logging_mixin.py:109} INFO - Running <TaskInstance: hook_dag.log_start manual__2022-04-19T10:32:47.286752+00:00 [running]> on host 22e04adb6bfa
[2022-04-19 10:33:49,379] {taskinstance.py:1431} INFO - Exporting the following env vars:
AIRFLOW_CTX_DAG_OWNER=***
AIRFLOW_CTX_DAG_ID=hook_dag
AIRFLOW_CTX_TASK_ID=log_start
AIRFLOW_CTX_EXECUTION_DATE=2022-04-19T10:32:47.286752+00:00
AIRFLOW_CTX_DAG_RUN_ID=manual__2022-04-19T10:32:47.286752+00:00
[2022-04-19 10:33:49,392] {base.py:79} INFO - Using connection to: id: postgres_default. Host: postgres, Port: 5432, Schema: ***, Login: ***, Password: ***, extra: {}
[2022-04-19 10:33:49,398] {dbapi.py:225} INFO - Running statement: do $$
declare
	q_stream integer;
begin  
	select 1 into q_stream
	from list_flow_log
	where object_flow = 1 and status = 1;
  
	if q_stream > 0 then
		raise exception 'IP-offline - The stream is blocked';
	else 
  		INSERT INTO list_flow_log (object_flow, t_start, status) VALUES(1, NOW(), 1);
	end if;

end $$, parameters: None
[2022-04-19 10:33:49,415] {taskinstance.py:1282} INFO - Marking task as SUCCESS. dag_id=hook_dag, task_id=log_start, execution_date=20220419T103247, start_date=20220419T103349, end_date=20220419T103349
[2022-04-19 10:33:49,460] {local_task_job.py:154} INFO - Task exited with return code 0
[2022-04-19 10:33:49,564] {local_task_job.py:264} INFO - 1 downstream tasks scheduled from follow-on schedule check
