[2022-04-07 08:25:21,926] {taskinstance.py:1037} INFO - Dependencies all met for <TaskInstance: my_project.training_model_B scheduled__2022-04-06T00:00:00+00:00 [queued]>
[2022-04-07 08:25:21,945] {taskinstance.py:1037} INFO - Dependencies all met for <TaskInstance: my_project.training_model_B scheduled__2022-04-06T00:00:00+00:00 [queued]>
[2022-04-07 08:25:21,945] {taskinstance.py:1243} INFO - 
--------------------------------------------------------------------------------
[2022-04-07 08:25:21,945] {taskinstance.py:1244} INFO - Starting attempt 1 of 1
[2022-04-07 08:25:21,945] {taskinstance.py:1245} INFO - 
--------------------------------------------------------------------------------
[2022-04-07 08:25:21,963] {taskinstance.py:1264} INFO - Executing <Task(PythonOperator): training_model_B> on 2022-04-06 00:00:00+00:00
[2022-04-07 08:25:21,968] {standard_task_runner.py:52} INFO - Started process 83 to run task
[2022-04-07 08:25:21,973] {standard_task_runner.py:76} INFO - Running: ['***', 'tasks', 'run', 'my_project', 'training_model_B', 'scheduled__2022-04-06T00:00:00+00:00', '--job-id', '49', '--raw', '--subdir', 'DAGS_FOLDER/my_project.py', '--cfg-path', '/tmp/tmps_uj5s2m', '--error-file', '/tmp/tmpvfpanse6']
[2022-04-07 08:25:21,979] {standard_task_runner.py:77} INFO - Job 49: Subtask training_model_B
[2022-04-07 08:25:22,047] {logging_mixin.py:109} INFO - Running <TaskInstance: my_project.training_model_B scheduled__2022-04-06T00:00:00+00:00 [running]> on host abd567e83fcb
[2022-04-07 08:25:22,208] {taskinstance.py:1431} INFO - Exporting the following env vars:
AIRFLOW_CTX_DAG_OWNER=***
AIRFLOW_CTX_DAG_ID=my_project
AIRFLOW_CTX_TASK_ID=training_model_B
AIRFLOW_CTX_EXECUTION_DATE=2022-04-06T00:00:00+00:00
AIRFLOW_CTX_DAG_RUN_ID=scheduled__2022-04-06T00:00:00+00:00
[2022-04-07 08:25:22,208] {python.py:175} INFO - Done. Returned value was: 3
[2022-04-07 08:25:22,261] {taskinstance.py:1282} INFO - Marking task as SUCCESS. dag_id=my_project, task_id=training_model_B, execution_date=20220406T000000, start_date=20220407T082521, end_date=20220407T082522
[2022-04-07 08:25:22,306] {local_task_job.py:154} INFO - Task exited with return code 0
[2022-04-07 08:25:22,391] {local_task_job.py:264} INFO - 1 downstream tasks scheduled from follow-on schedule check
