[2022-04-22 15:41:04,230] {taskinstance.py:1037} INFO - Dependencies all met for <TaskInstance: cso_2295_ipo_2_cso_xls.py.check_current_month scheduled__2022-04-21T15:41:00+00:00 [queued]>
[2022-04-22 15:41:04,258] {taskinstance.py:1037} INFO - Dependencies all met for <TaskInstance: cso_2295_ipo_2_cso_xls.py.check_current_month scheduled__2022-04-21T15:41:00+00:00 [queued]>
[2022-04-22 15:41:04,258] {taskinstance.py:1243} INFO - 
--------------------------------------------------------------------------------
[2022-04-22 15:41:04,258] {taskinstance.py:1244} INFO - Starting attempt 1 of 1
[2022-04-22 15:41:04,258] {taskinstance.py:1245} INFO - 
--------------------------------------------------------------------------------
[2022-04-22 15:41:04,272] {taskinstance.py:1264} INFO - Executing <Task(ShortCircuitOperator): check_current_month> on 2022-04-21 15:41:00+00:00
[2022-04-22 15:41:04,280] {standard_task_runner.py:52} INFO - Started process 19559 to run task
[2022-04-22 15:41:04,282] {standard_task_runner.py:76} INFO - Running: ['***', 'tasks', 'run', 'cso_2295_ipo_2_cso_xls.py', 'check_current_month', 'scheduled__2022-04-21T15:41:00+00:00', '--job-id', '1044', '--raw', '--subdir', 'DAGS_FOLDER/cso_2295/cso_2295_ipo_2_cso_xls.py', '--cfg-path', '/tmp/tmpaq812iaj', '--error-file', '/tmp/tmploz2w0jo']
[2022-04-22 15:41:04,283] {standard_task_runner.py:77} INFO - Job 1044: Subtask check_current_month
[2022-04-22 15:41:04,340] {logging_mixin.py:109} INFO - Running <TaskInstance: cso_2295_ipo_2_cso_xls.py.check_current_month scheduled__2022-04-21T15:41:00+00:00 [running]> on host 22e04adb6bfa
[2022-04-22 15:41:04,404] {taskinstance.py:1431} INFO - Exporting the following env vars:
AIRFLOW_CTX_DAG_OWNER=***
AIRFLOW_CTX_DAG_ID=cso_2295_ipo_2_cso_xls.py
AIRFLOW_CTX_TASK_ID=check_current_month
AIRFLOW_CTX_EXECUTION_DATE=2022-04-21T15:41:00+00:00
AIRFLOW_CTX_DAG_RUN_ID=scheduled__2022-04-21T15:41:00+00:00
[2022-04-22 15:41:04,406] {python.py:175} INFO - Done. Returned value was: False
[2022-04-22 15:41:04,406] {python.py:239} INFO - Condition result is False
[2022-04-22 15:41:04,406] {python.py:245} INFO - Skipping downstream tasks...
[2022-04-22 15:41:04,476] {python.py:253} INFO - Done.
[2022-04-22 15:41:04,520] {taskinstance.py:1282} INFO - Marking task as SUCCESS. dag_id=cso_2295_ipo_2_cso_xls.py, task_id=check_current_month, execution_date=20220421T154100, start_date=20220422T154104, end_date=20220422T154104
[2022-04-22 15:41:04,577] {local_task_job.py:154} INFO - Task exited with return code 0
[2022-04-22 15:41:04,621] {local_task_job.py:264} INFO - 0 downstream tasks scheduled from follow-on schedule check
