[2022-04-25 11:51:05,870] {taskinstance.py:1037} INFO - Dependencies all met for <TaskInstance: cso_2295_ipo_2_cso.py.log_start2 manual__2022-04-25T11:49:49.363277+00:00 [queued]>
[2022-04-25 11:51:05,881] {taskinstance.py:1037} INFO - Dependencies all met for <TaskInstance: cso_2295_ipo_2_cso.py.log_start2 manual__2022-04-25T11:49:49.363277+00:00 [queued]>
[2022-04-25 11:51:05,881] {taskinstance.py:1243} INFO - 
--------------------------------------------------------------------------------
[2022-04-25 11:51:05,881] {taskinstance.py:1244} INFO - Starting attempt 1 of 1
[2022-04-25 11:51:05,881] {taskinstance.py:1245} INFO - 
--------------------------------------------------------------------------------
[2022-04-25 11:51:05,894] {taskinstance.py:1264} INFO - Executing <Task(PostgresOperator): log_start2> on 2022-04-25 11:49:49.363277+00:00
[2022-04-25 11:51:05,899] {standard_task_runner.py:52} INFO - Started process 11493 to run task
[2022-04-25 11:51:05,901] {standard_task_runner.py:76} INFO - Running: ['***', 'tasks', 'run', 'cso_2295_ipo_2_cso.py', 'log_start2', 'manual__2022-04-25T11:49:49.363277+00:00', '--job-id', '1215', '--raw', '--subdir', 'DAGS_FOLDER/cso_2295/cso_2295_ipo_2_cso.py', '--cfg-path', '/tmp/tmphlo80_j6', '--error-file', '/tmp/tmpnnhso40f']
[2022-04-25 11:51:05,902] {standard_task_runner.py:77} INFO - Job 1215: Subtask log_start2
[2022-04-25 11:51:05,940] {logging_mixin.py:109} INFO - Running <TaskInstance: cso_2295_ipo_2_cso.py.log_start2 manual__2022-04-25T11:49:49.363277+00:00 [running]> on host 22e04adb6bfa
[2022-04-25 11:51:06,031] {taskinstance.py:1431} INFO - Exporting the following env vars:
AIRFLOW_CTX_DAG_OWNER=***
AIRFLOW_CTX_DAG_ID=cso_2295_ipo_2_cso.py
AIRFLOW_CTX_TASK_ID=log_start2
AIRFLOW_CTX_EXECUTION_DATE=2022-04-25T11:49:49.363277+00:00
AIRFLOW_CTX_DAG_RUN_ID=manual__2022-04-25T11:49:49.363277+00:00
[2022-04-25 11:51:06,037] {base.py:79} INFO - Using connection to: id: postgres_default. Host: postgres, Port: 5432, Schema: ***, Login: ***, Password: ***, extra: {}
[2022-04-25 11:51:06,039] {dbapi.py:225} INFO - Running statement: do $$
declare
	q_stream integer;
begin  
	select 1 into q_stream
	from list_flow_log
	where object_flow = 0 and status = 1;
  
	if q_stream > 0 then
		raise exception 'IP-offline - The stream is blocked';
	else 
  		INSERT INTO list_flow_log (object_flow, t_start, status) VALUES(0, NOW(), 1);
	end if;

end $$, parameters: None
[2022-04-25 11:51:06,155] {taskinstance.py:1282} INFO - Marking task as SUCCESS. dag_id=cso_2295_ipo_2_cso.py, task_id=log_start2, execution_date=20220425T114949, start_date=20220425T115105, end_date=20220425T115106
[2022-04-25 11:51:06,234] {local_task_job.py:154} INFO - Task exited with return code 0
[2022-04-25 11:51:06,398] {local_task_job.py:264} INFO - 1 downstream tasks scheduled from follow-on schedule check
