[2022-04-25 08:14:27,765] {taskinstance.py:1037} INFO - Dependencies all met for <TaskInstance: cso_2295_ipo_2_cso_xls.py.log_sensor1 manual__2022-04-25T08:14:20.098498+00:00 [queued]>
[2022-04-25 08:14:27,775] {taskinstance.py:1037} INFO - Dependencies all met for <TaskInstance: cso_2295_ipo_2_cso_xls.py.log_sensor1 manual__2022-04-25T08:14:20.098498+00:00 [queued]>
[2022-04-25 08:14:27,776] {taskinstance.py:1243} INFO - 
--------------------------------------------------------------------------------
[2022-04-25 08:14:27,776] {taskinstance.py:1244} INFO - Starting attempt 1 of 1
[2022-04-25 08:14:27,776] {taskinstance.py:1245} INFO - 
--------------------------------------------------------------------------------
[2022-04-25 08:14:27,803] {taskinstance.py:1264} INFO - Executing <Task(SqlSensor): log_sensor1> on 2022-04-25 08:14:20.098498+00:00
[2022-04-25 08:14:27,808] {standard_task_runner.py:52} INFO - Started process 692 to run task
[2022-04-25 08:14:27,818] {standard_task_runner.py:76} INFO - Running: ['***', 'tasks', 'run', 'cso_2295_ipo_2_cso_xls.py', 'log_sensor1', 'manual__2022-04-25T08:14:20.098498+00:00', '--job-id', '1097', '--raw', '--subdir', 'DAGS_FOLDER/cso_2295/cso_2295_ipo_2_cso_xls.py', '--cfg-path', '/tmp/tmp0sxs2nz0', '--error-file', '/tmp/tmp_lpkr7lm']
[2022-04-25 08:14:27,819] {standard_task_runner.py:77} INFO - Job 1097: Subtask log_sensor1
[2022-04-25 08:14:27,862] {logging_mixin.py:109} INFO - Running <TaskInstance: cso_2295_ipo_2_cso_xls.py.log_sensor1 manual__2022-04-25T08:14:20.098498+00:00 [running]> on host 22e04adb6bfa
[2022-04-25 08:14:28,282] {taskinstance.py:1431} INFO - Exporting the following env vars:
AIRFLOW_CTX_DAG_OWNER=***
AIRFLOW_CTX_DAG_ID=cso_2295_ipo_2_cso_xls.py
AIRFLOW_CTX_TASK_ID=log_sensor1
AIRFLOW_CTX_EXECUTION_DATE=2022-04-25T08:14:20.098498+00:00
AIRFLOW_CTX_DAG_RUN_ID=manual__2022-04-25T08:14:20.098498+00:00
[2022-04-25 08:14:28,364] {base.py:79} INFO - Using connection to: id: postgres_default. Host: postgres, Port: 5432, Schema: ***, Login: ***, Password: ***, extra: {}
[2022-04-25 08:14:29,151] {sql.py:98} INFO - Poking: select case when q = 'true' then 1 else 0 end as q from  (
	select case when count(id)=0 then 'true' else 'false' end as q
	from list_flow_log
	where object_flow = 0 and status = 1
) t1; (with parameters None)
[2022-04-25 08:14:29,170] {base.py:79} INFO - Using connection to: id: postgres_default. Host: postgres, Port: 5432, Schema: ***, Login: ***, Password: ***, extra: {}
[2022-04-25 08:15:29,280] {base.py:79} INFO - Using connection to: id: postgres_default. Host: postgres, Port: 5432, Schema: ***, Login: ***, Password: ***, extra: {}
[2022-04-25 08:15:29,354] {sql.py:98} INFO - Poking: select case when q = 'true' then 1 else 0 end as q from  (
	select case when count(id)=0 then 'true' else 'false' end as q
	from list_flow_log
	where object_flow = 0 and status = 1
) t1; (with parameters None)
[2022-04-25 08:15:29,362] {base.py:79} INFO - Using connection to: id: postgres_default. Host: postgres, Port: 5432, Schema: ***, Login: ***, Password: ***, extra: {}
[2022-04-25 08:16:29,444] {base.py:79} INFO - Using connection to: id: postgres_default. Host: postgres, Port: 5432, Schema: ***, Login: ***, Password: ***, extra: {}
[2022-04-25 08:16:29,521] {sql.py:98} INFO - Poking: select case when q = 'true' then 1 else 0 end as q from  (
	select case when count(id)=0 then 'true' else 'false' end as q
	from list_flow_log
	where object_flow = 0 and status = 1
) t1; (with parameters None)
[2022-04-25 08:16:29,526] {base.py:79} INFO - Using connection to: id: postgres_default. Host: postgres, Port: 5432, Schema: ***, Login: ***, Password: ***, extra: {}
[2022-04-25 08:16:29,529] {base.py:251} INFO - Success criteria met. Exiting.
[2022-04-25 08:16:29,537] {taskinstance.py:1282} INFO - Marking task as SUCCESS. dag_id=cso_2295_ipo_2_cso_xls.py, task_id=log_sensor1, execution_date=20220425T081420, start_date=20220425T081427, end_date=20220425T081629
[2022-04-25 08:16:29,584] {local_task_job.py:154} INFO - Task exited with return code 0
[2022-04-25 08:16:29,614] {local_task_job.py:264} INFO - 1 downstream tasks scheduled from follow-on schedule check
