[2022-05-01 20:04:27,036] {taskinstance.py:1037} INFO - Dependencies all met for <TaskInstance: example_short_circuit_operator.condition_is_True scheduled__2022-04-28T19:43:55.846512+00:00 [queued]>
[2022-05-01 20:04:27,155] {taskinstance.py:1037} INFO - Dependencies all met for <TaskInstance: example_short_circuit_operator.condition_is_True scheduled__2022-04-28T19:43:55.846512+00:00 [queued]>
[2022-05-01 20:04:27,158] {taskinstance.py:1243} INFO - 
--------------------------------------------------------------------------------
[2022-05-01 20:04:27,159] {taskinstance.py:1244} INFO - Starting attempt 1 of 1
[2022-05-01 20:04:27,162] {taskinstance.py:1245} INFO - 
--------------------------------------------------------------------------------
[2022-05-01 20:04:27,271] {taskinstance.py:1264} INFO - Executing <Task(ShortCircuitOperator): condition_is_True> on 2022-04-28 19:43:55.846512+00:00
[2022-05-01 20:04:27,282] {standard_task_runner.py:52} INFO - Started process 102 to run task
[2022-05-01 20:04:27,312] {standard_task_runner.py:76} INFO - Running: ['***', 'tasks', 'run', 'example_short_circuit_operator', 'condition_is_True', 'scheduled__2022-04-28T19:43:55.846512+00:00', '--job-id', '1489', '--raw', '--subdir', 'DAGS_FOLDER/example_short_circuit.py', '--cfg-path', '/tmp/tmpsn6ik7sg', '--error-file', '/tmp/tmpod1dytkl']
[2022-05-01 20:04:27,334] {standard_task_runner.py:77} INFO - Job 1489: Subtask condition_is_True
[2022-05-01 20:04:27,779] {logging_mixin.py:109} INFO - Running <TaskInstance: example_short_circuit_operator.condition_is_True scheduled__2022-04-28T19:43:55.846512+00:00 [running]> on host 0936e4a14e76
[2022-05-01 20:04:28,202] {taskinstance.py:1431} INFO - Exporting the following env vars:
AIRFLOW_CTX_DAG_OWNER=***
AIRFLOW_CTX_DAG_ID=example_short_circuit_operator
AIRFLOW_CTX_TASK_ID=condition_is_True
AIRFLOW_CTX_EXECUTION_DATE=2022-04-28T19:43:55.846512+00:00
AIRFLOW_CTX_DAG_RUN_ID=scheduled__2022-04-28T19:43:55.846512+00:00
[2022-05-01 20:04:28,211] {python.py:175} INFO - Done. Returned value was: True
[2022-05-01 20:04:28,215] {python.py:239} INFO - Condition result is True
[2022-05-01 20:04:28,217] {python.py:242} INFO - Proceeding with downstream tasks...
[2022-05-01 20:04:28,282] {taskinstance.py:1282} INFO - Marking task as SUCCESS. dag_id=example_short_circuit_operator, task_id=condition_is_True, execution_date=20220428T194355, start_date=20220501T200427, end_date=20220501T200428
[2022-05-01 20:04:28,546] {local_task_job.py:154} INFO - Task exited with return code 0
[2022-05-01 20:04:28,730] {local_task_job.py:264} INFO - 1 downstream tasks scheduled from follow-on schedule check
