[2022-04-08 08:13:28,333] {taskinstance.py:1037} INFO - Dependencies all met for <TaskInstance: my_project.choose_best_model scheduled__2022-04-07T00:00:00+00:00 [queued]>
[2022-04-08 08:13:28,341] {taskinstance.py:1037} INFO - Dependencies all met for <TaskInstance: my_project.choose_best_model scheduled__2022-04-07T00:00:00+00:00 [queued]>
[2022-04-08 08:13:28,341] {taskinstance.py:1243} INFO - 
--------------------------------------------------------------------------------
[2022-04-08 08:13:28,341] {taskinstance.py:1244} INFO - Starting attempt 1 of 1
[2022-04-08 08:13:28,341] {taskinstance.py:1245} INFO - 
--------------------------------------------------------------------------------
[2022-04-08 08:13:28,350] {taskinstance.py:1264} INFO - Executing <Task(BranchPythonOperator): choose_best_model> on 2022-04-07 00:00:00+00:00
[2022-04-08 08:13:28,354] {standard_task_runner.py:52} INFO - Started process 95 to run task
[2022-04-08 08:13:28,356] {standard_task_runner.py:76} INFO - Running: ['***', 'tasks', 'run', 'my_project', 'choose_best_model', 'scheduled__2022-04-07T00:00:00+00:00', '--job-id', '100', '--raw', '--subdir', 'DAGS_FOLDER/my_project.py', '--cfg-path', '/tmp/tmpzgq8d6ai', '--error-file', '/tmp/tmp6gyu4eg7']
[2022-04-08 08:13:28,356] {standard_task_runner.py:77} INFO - Job 100: Subtask choose_best_model
[2022-04-08 08:13:28,396] {logging_mixin.py:109} INFO - Running <TaskInstance: my_project.choose_best_model scheduled__2022-04-07T00:00:00+00:00 [running]> on host d73239f69a26
[2022-04-08 08:13:28,451] {taskinstance.py:1431} INFO - Exporting the following env vars:
AIRFLOW_CTX_DAG_OWNER=***
AIRFLOW_CTX_DAG_ID=my_project
AIRFLOW_CTX_TASK_ID=choose_best_model
AIRFLOW_CTX_EXECUTION_DATE=2022-04-07T00:00:00+00:00
AIRFLOW_CTX_DAG_RUN_ID=scheduled__2022-04-07T00:00:00+00:00
[2022-04-08 08:13:28,457] {python.py:175} INFO - Done. Returned value was: accurate
[2022-04-08 08:13:28,457] {skipmixin.py:140} INFO - Following branch accurate
[2022-04-08 08:13:28,457] {skipmixin.py:171} INFO - Skipping tasks ['inaccurate']
[2022-04-08 08:13:28,481] {taskinstance.py:1282} INFO - Marking task as SUCCESS. dag_id=my_project, task_id=choose_best_model, execution_date=20220407T000000, start_date=20220408T081328, end_date=20220408T081328
[2022-04-08 08:13:28,527] {local_task_job.py:154} INFO - Task exited with return code 0
[2022-04-08 08:13:28,553] {local_task_job.py:264} INFO - 1 downstream tasks scheduled from follow-on schedule check
