[2022-04-19 13:48:35,446] {taskinstance.py:1037} INFO - Dependencies all met for <TaskInstance: hook_dag.log_sensor_1 manual__2022-04-19T13:48:31.690118+00:00 [queued]>
[2022-04-19 13:48:35,457] {taskinstance.py:1037} INFO - Dependencies all met for <TaskInstance: hook_dag.log_sensor_1 manual__2022-04-19T13:48:31.690118+00:00 [queued]>
[2022-04-19 13:48:35,457] {taskinstance.py:1243} INFO - 
--------------------------------------------------------------------------------
[2022-04-19 13:48:35,457] {taskinstance.py:1244} INFO - Starting attempt 1 of 2
[2022-04-19 13:48:35,457] {taskinstance.py:1245} INFO - 
--------------------------------------------------------------------------------
[2022-04-19 13:48:35,466] {taskinstance.py:1264} INFO - Executing <Task(SqlSensor): log_sensor_1> on 2022-04-19 13:48:31.690118+00:00
[2022-04-19 13:48:35,471] {standard_task_runner.py:52} INFO - Started process 14850 to run task
[2022-04-19 13:48:35,473] {standard_task_runner.py:76} INFO - Running: ['***', 'tasks', 'run', 'hook_dag', 'log_sensor_1', 'manual__2022-04-19T13:48:31.690118+00:00', '--job-id', '416', '--raw', '--subdir', 'DAGS_FOLDER/hook_dag.py', '--cfg-path', '/tmp/tmpn3sndq_3', '--error-file', '/tmp/tmpv2s_7v7m']
[2022-04-19 13:48:35,474] {standard_task_runner.py:77} INFO - Job 416: Subtask log_sensor_1
[2022-04-19 13:48:35,565] {logging_mixin.py:109} INFO - Running <TaskInstance: hook_dag.log_sensor_1 manual__2022-04-19T13:48:31.690118+00:00 [running]> on host 22e04adb6bfa
[2022-04-19 13:48:35,660] {taskinstance.py:1431} INFO - Exporting the following env vars:
AIRFLOW_CTX_DAG_OWNER=***
AIRFLOW_CTX_DAG_ID=hook_dag
AIRFLOW_CTX_TASK_ID=log_sensor_1
AIRFLOW_CTX_EXECUTION_DATE=2022-04-19T13:48:31.690118+00:00
AIRFLOW_CTX_DAG_RUN_ID=manual__2022-04-19T13:48:31.690118+00:00
[2022-04-19 13:48:35,677] {base.py:79} INFO - Using connection to: id: postgres_default. Host: postgres, Port: 5432, Schema: ***, Login: ***, Password: ***, extra: {}
[2022-04-19 13:48:35,749] {sql.py:98} INFO - Poking: select case when q = 'true' then 1 else 0 end as q from  (
	select case when count(id)=0 then 'true' else 'false' end as q
	from list_flow_log
	where object_flow = 1 and status = 1
) t1; (with parameters None)
[2022-04-19 13:48:35,756] {base.py:79} INFO - Using connection to: id: postgres_default. Host: postgres, Port: 5432, Schema: ***, Login: ***, Password: ***, extra: {}
[2022-04-19 13:49:00,773] {local_task_job.py:212} WARNING - State of this instance has been externally set to failed. Terminating instance.
[2022-04-19 13:49:00,774] {process_utils.py:124} INFO - Sending Signals.SIGTERM to group 14850. PIDs of all processes in the group: [14850]
[2022-04-19 13:49:00,774] {process_utils.py:75} INFO - Sending the signal Signals.SIGTERM to group 14850
[2022-04-19 13:49:00,774] {taskinstance.py:1413} ERROR - Received SIGTERM. Terminating subprocesses.
[2022-04-19 13:49:00,802] {process_utils.py:70} INFO - Process psutil.Process(pid=14850, status='terminated', exitcode=0, started='13:48:35') (14850) terminated with exit code 0
