[2022-04-19 11:55:52,776] {taskinstance.py:1037} INFO - Dependencies all met for <TaskInstance: hook_dag.log_end_no_data manual__2022-04-19T11:55:44.280638+00:00 [queued]>
[2022-04-19 11:55:52,786] {taskinstance.py:1037} INFO - Dependencies all met for <TaskInstance: hook_dag.log_end_no_data manual__2022-04-19T11:55:44.280638+00:00 [queued]>
[2022-04-19 11:55:52,787] {taskinstance.py:1243} INFO - 
--------------------------------------------------------------------------------
[2022-04-19 11:55:52,787] {taskinstance.py:1244} INFO - Starting attempt 1 of 2
[2022-04-19 11:55:52,787] {taskinstance.py:1245} INFO - 
--------------------------------------------------------------------------------
[2022-04-19 11:55:52,803] {taskinstance.py:1264} INFO - Executing <Task(PostgresOperator): log_end_no_data> on 2022-04-19 11:55:44.280638+00:00
[2022-04-19 11:55:52,809] {standard_task_runner.py:52} INFO - Started process 9392 to run task
[2022-04-19 11:55:52,812] {standard_task_runner.py:76} INFO - Running: ['***', 'tasks', 'run', 'hook_dag', 'log_end_no_data', 'manual__2022-04-19T11:55:44.280638+00:00', '--job-id', '342', '--raw', '--subdir', 'DAGS_FOLDER/hook_dag.py', '--cfg-path', '/tmp/tmponz85ybu', '--error-file', '/tmp/tmpv2d8rbod']
[2022-04-19 11:55:52,813] {standard_task_runner.py:77} INFO - Job 342: Subtask log_end_no_data
[2022-04-19 11:55:52,864] {logging_mixin.py:109} INFO - Running <TaskInstance: hook_dag.log_end_no_data manual__2022-04-19T11:55:44.280638+00:00 [running]> on host 22e04adb6bfa
[2022-04-19 11:55:52,914] {taskinstance.py:1431} INFO - Exporting the following env vars:
AIRFLOW_CTX_DAG_OWNER=***
AIRFLOW_CTX_DAG_ID=hook_dag
AIRFLOW_CTX_TASK_ID=log_end_no_data
AIRFLOW_CTX_EXECUTION_DATE=2022-04-19T11:55:44.280638+00:00
AIRFLOW_CTX_DAG_RUN_ID=manual__2022-04-19T11:55:44.280638+00:00
[2022-04-19 11:55:52,921] {base.py:79} INFO - Using connection to: id: postgres_default. Host: postgres, Port: 5432, Schema: ***, Login: ***, Password: ***, extra: {}
[2022-04-19 11:55:52,924] {dbapi.py:225} INFO - Running statement: UPDATE list_flow_log
SET q_source=null, q_target=null, t_end=NOW(), status=2, optional_key=null, comment = 'not_new_data'
where id = 8;
, parameters: None
[2022-04-19 11:55:52,925] {dbapi.py:233} INFO - Rows affected: 1
[2022-04-19 11:55:52,975] {taskinstance.py:1282} INFO - Marking task as SUCCESS. dag_id=hook_dag, task_id=log_end_no_data, execution_date=20220419T115544, start_date=20220419T115552, end_date=20220419T115552
[2022-04-19 11:55:53,075] {local_task_job.py:154} INFO - Task exited with return code 0
[2022-04-19 11:55:53,176] {local_task_job.py:264} INFO - 0 downstream tasks scheduled from follow-on schedule check
