[2022-04-25 08:41:18,852] {taskinstance.py:1037} INFO - Dependencies all met for <TaskInstance: cso_2295_ipo_2_cso_xls.py.check_current_month manual__2022-04-25T08:41:17.138194+00:00 [queued]>
[2022-04-25 08:41:18,860] {taskinstance.py:1037} INFO - Dependencies all met for <TaskInstance: cso_2295_ipo_2_cso_xls.py.check_current_month manual__2022-04-25T08:41:17.138194+00:00 [queued]>
[2022-04-25 08:41:18,860] {taskinstance.py:1243} INFO - 
--------------------------------------------------------------------------------
[2022-04-25 08:41:18,860] {taskinstance.py:1244} INFO - Starting attempt 1 of 1
[2022-04-25 08:41:18,860] {taskinstance.py:1245} INFO - 
--------------------------------------------------------------------------------
[2022-04-25 08:41:18,869] {taskinstance.py:1264} INFO - Executing <Task(ShortCircuitOperator): check_current_month> on 2022-04-25 08:41:17.138194+00:00
[2022-04-25 08:41:18,873] {standard_task_runner.py:52} INFO - Started process 2108 to run task
[2022-04-25 08:41:18,876] {standard_task_runner.py:76} INFO - Running: ['***', 'tasks', 'run', 'cso_2295_ipo_2_cso_xls.py', 'check_current_month', 'manual__2022-04-25T08:41:17.138194+00:00', '--job-id', '1135', '--raw', '--subdir', 'DAGS_FOLDER/cso_2295/cso_2295_ipo_2_cso_xls.py', '--cfg-path', '/tmp/tmpeq71x396', '--error-file', '/tmp/tmpkdz_jc76']
[2022-04-25 08:41:18,877] {standard_task_runner.py:77} INFO - Job 1135: Subtask check_current_month
[2022-04-25 08:41:18,921] {logging_mixin.py:109} INFO - Running <TaskInstance: cso_2295_ipo_2_cso_xls.py.check_current_month manual__2022-04-25T08:41:17.138194+00:00 [running]> on host 22e04adb6bfa
[2022-04-25 08:41:18,961] {taskinstance.py:1431} INFO - Exporting the following env vars:
AIRFLOW_CTX_DAG_OWNER=***
AIRFLOW_CTX_DAG_ID=cso_2295_ipo_2_cso_xls.py
AIRFLOW_CTX_TASK_ID=check_current_month
AIRFLOW_CTX_EXECUTION_DATE=2022-04-25T08:41:17.138194+00:00
AIRFLOW_CTX_DAG_RUN_ID=manual__2022-04-25T08:41:17.138194+00:00
[2022-04-25 08:41:18,962] {python.py:175} INFO - Done. Returned value was: True
[2022-04-25 08:41:18,962] {python.py:239} INFO - Condition result is True
[2022-04-25 08:41:18,962] {python.py:242} INFO - Proceeding with downstream tasks...
[2022-04-25 08:41:18,972] {taskinstance.py:1282} INFO - Marking task as SUCCESS. dag_id=cso_2295_ipo_2_cso_xls.py, task_id=check_current_month, execution_date=20220425T084117, start_date=20220425T084118, end_date=20220425T084118
[2022-04-25 08:41:19,007] {local_task_job.py:154} INFO - Task exited with return code 0
[2022-04-25 08:41:19,042] {local_task_job.py:264} INFO - 1 downstream tasks scheduled from follow-on schedule check
