[2022-04-19 14:00:01,272] {taskinstance.py:1037} INFO - Dependencies all met for <TaskInstance: hook_dag.cond_true manual__2022-04-19T13:59:56.853838+00:00 [queued]>
[2022-04-19 14:00:01,291] {taskinstance.py:1037} INFO - Dependencies all met for <TaskInstance: hook_dag.cond_true manual__2022-04-19T13:59:56.853838+00:00 [queued]>
[2022-04-19 14:00:01,292] {taskinstance.py:1243} INFO - 
--------------------------------------------------------------------------------
[2022-04-19 14:00:01,292] {taskinstance.py:1244} INFO - Starting attempt 1 of 2
[2022-04-19 14:00:01,292] {taskinstance.py:1245} INFO - 
--------------------------------------------------------------------------------
[2022-04-19 14:00:01,331] {taskinstance.py:1264} INFO - Executing <Task(ShortCircuitOperator): cond_true> on 2022-04-19 13:59:56.853838+00:00
[2022-04-19 14:00:01,335] {standard_task_runner.py:52} INFO - Started process 15483 to run task
[2022-04-19 14:00:01,348] {standard_task_runner.py:76} INFO - Running: ['***', 'tasks', 'run', 'hook_dag', 'cond_true', 'manual__2022-04-19T13:59:56.853838+00:00', '--job-id', '442', '--raw', '--subdir', 'DAGS_FOLDER/hook_dag.py', '--cfg-path', '/tmp/tmpeyld4ya3', '--error-file', '/tmp/tmptyps0e2d']
[2022-04-19 14:00:01,349] {standard_task_runner.py:77} INFO - Job 442: Subtask cond_true
[2022-04-19 14:00:01,436] {logging_mixin.py:109} INFO - Running <TaskInstance: hook_dag.cond_true manual__2022-04-19T13:59:56.853838+00:00 [running]> on host 22e04adb6bfa
[2022-04-19 14:00:01,492] {taskinstance.py:1431} INFO - Exporting the following env vars:
AIRFLOW_CTX_DAG_OWNER=***
AIRFLOW_CTX_DAG_ID=hook_dag
AIRFLOW_CTX_TASK_ID=cond_true
AIRFLOW_CTX_EXECUTION_DATE=2022-04-19T13:59:56.853838+00:00
AIRFLOW_CTX_DAG_RUN_ID=manual__2022-04-19T13:59:56.853838+00:00
[2022-04-19 14:00:01,492] {python.py:175} INFO - Done. Returned value was: False
[2022-04-19 14:00:01,492] {python.py:239} INFO - Condition result is False
[2022-04-19 14:00:01,492] {python.py:245} INFO - Skipping downstream tasks...
[2022-04-19 14:00:01,550] {python.py:253} INFO - Done.
[2022-04-19 14:00:01,566] {taskinstance.py:1282} INFO - Marking task as SUCCESS. dag_id=hook_dag, task_id=cond_true, execution_date=20220419T135956, start_date=20220419T140001, end_date=20220419T140001
[2022-04-19 14:00:01,614] {local_task_job.py:154} INFO - Task exited with return code 0
[2022-04-19 14:00:01,659] {local_task_job.py:264} INFO - 0 downstream tasks scheduled from follow-on schedule check
