[2022-04-19 14:04:13,079] {taskinstance.py:1037} INFO - Dependencies all met for <TaskInstance: hook_dag.branching_xml manual__2022-04-19T14:04:04.860472+00:00 [queued]>
[2022-04-19 14:04:13,090] {taskinstance.py:1037} INFO - Dependencies all met for <TaskInstance: hook_dag.branching_xml manual__2022-04-19T14:04:04.860472+00:00 [queued]>
[2022-04-19 14:04:13,090] {taskinstance.py:1243} INFO - 
--------------------------------------------------------------------------------
[2022-04-19 14:04:13,090] {taskinstance.py:1244} INFO - Starting attempt 1 of 2
[2022-04-19 14:04:13,090] {taskinstance.py:1245} INFO - 
--------------------------------------------------------------------------------
[2022-04-19 14:04:13,097] {taskinstance.py:1264} INFO - Executing <Task(BranchPythonOperator): branching_xml> on 2022-04-19 14:04:04.860472+00:00
[2022-04-19 14:04:13,102] {standard_task_runner.py:52} INFO - Started process 15705 to run task
[2022-04-19 14:04:13,105] {standard_task_runner.py:76} INFO - Running: ['***', 'tasks', 'run', 'hook_dag', 'branching_xml', 'manual__2022-04-19T14:04:04.860472+00:00', '--job-id', '453', '--raw', '--subdir', 'DAGS_FOLDER/hook_dag.py', '--cfg-path', '/tmp/tmpkzy9n6nj', '--error-file', '/tmp/tmpee2lxm4n']
[2022-04-19 14:04:13,106] {standard_task_runner.py:77} INFO - Job 453: Subtask branching_xml
[2022-04-19 14:04:13,151] {logging_mixin.py:109} INFO - Running <TaskInstance: hook_dag.branching_xml manual__2022-04-19T14:04:04.860472+00:00 [running]> on host 22e04adb6bfa
[2022-04-19 14:04:13,191] {taskinstance.py:1431} INFO - Exporting the following env vars:
AIRFLOW_CTX_DAG_OWNER=***
AIRFLOW_CTX_DAG_ID=hook_dag
AIRFLOW_CTX_TASK_ID=branching_xml
AIRFLOW_CTX_EXECUTION_DATE=2022-04-19T14:04:04.860472+00:00
AIRFLOW_CTX_DAG_RUN_ID=manual__2022-04-19T14:04:04.860472+00:00
[2022-04-19 14:04:13,197] {python.py:175} INFO - Done. Returned value was: transfer_xml
[2022-04-19 14:04:13,198] {skipmixin.py:140} INFO - Following branch transfer_xml
[2022-04-19 14:04:13,198] {skipmixin.py:171} INFO - Skipping tasks ['log_end_no_data_1']
[2022-04-19 14:04:13,227] {taskinstance.py:1282} INFO - Marking task as SUCCESS. dag_id=hook_dag, task_id=branching_xml, execution_date=20220419T140404, start_date=20220419T140413, end_date=20220419T140413
[2022-04-19 14:04:13,277] {local_task_job.py:154} INFO - Task exited with return code 0
[2022-04-19 14:04:13,312] {local_task_job.py:264} INFO - 1 downstream tasks scheduled from follow-on schedule check
