[2022-04-20 15:37:12,169] {taskinstance.py:1037} INFO - Dependencies all met for <TaskInstance: hook_dag.log_sensor_1 scheduled__2022-04-20T15:33:33+00:00 [queued]>
[2022-04-20 15:37:12,338] {taskinstance.py:1037} INFO - Dependencies all met for <TaskInstance: hook_dag.log_sensor_1 scheduled__2022-04-20T15:33:33+00:00 [queued]>
[2022-04-20 15:37:12,338] {taskinstance.py:1243} INFO - 
--------------------------------------------------------------------------------
[2022-04-20 15:37:12,338] {taskinstance.py:1244} INFO - Starting attempt 2 of 2
[2022-04-20 15:37:12,341] {taskinstance.py:1245} INFO - 
--------------------------------------------------------------------------------
[2022-04-20 15:37:12,467] {taskinstance.py:1264} INFO - Executing <Task(SqlSensor): log_sensor_1> on 2022-04-20 15:33:33+00:00
[2022-04-20 15:37:12,487] {standard_task_runner.py:52} INFO - Started process 22529 to run task
[2022-04-20 15:37:12,521] {standard_task_runner.py:76} INFO - Running: ['***', 'tasks', 'run', 'hook_dag', 'log_sensor_1', 'scheduled__2022-04-20T15:33:33+00:00', '--job-id', '702', '--raw', '--subdir', 'DAGS_FOLDER/hook_dag.py', '--cfg-path', '/tmp/tmpdw1znpc2', '--error-file', '/tmp/tmpmvw4d2qn']
[2022-04-20 15:37:12,544] {standard_task_runner.py:77} INFO - Job 702: Subtask log_sensor_1
[2022-04-20 15:37:13,105] {logging_mixin.py:109} INFO - Running <TaskInstance: hook_dag.log_sensor_1 scheduled__2022-04-20T15:33:33+00:00 [running]> on host 22e04adb6bfa
[2022-04-20 15:37:13,671] {taskinstance.py:1431} INFO - Exporting the following env vars:
AIRFLOW_CTX_DAG_OWNER=***
AIRFLOW_CTX_DAG_ID=hook_dag
AIRFLOW_CTX_TASK_ID=log_sensor_1
AIRFLOW_CTX_EXECUTION_DATE=2022-04-20T15:33:33+00:00
AIRFLOW_CTX_DAG_RUN_ID=scheduled__2022-04-20T15:33:33+00:00
[2022-04-20 15:37:13,694] {base.py:79} INFO - Using connection to: id: postgres_default. Host: postgres, Port: 5432, Schema: ***, Login: ***, Password: ***, extra: {}
[2022-04-20 15:37:32,086] {sql.py:98} INFO - Poking: select case when q = 'true' then 1 else 0 end as q from  (
	select case when count(id)=0 then 'true' else 'false' end as q
	from list_flow_log
	where object_flow = 1 and status = 1
) t1; (with parameters None)
[2022-04-20 15:37:32,137] {base.py:79} INFO - Using connection to: id: postgres_default. Host: postgres, Port: 5432, Schema: ***, Login: ***, Password: ***, extra: {}
[2022-04-20 15:37:32,154] {base.py:251} INFO - Success criteria met. Exiting.
[2022-04-20 15:37:32,188] {taskinstance.py:1282} INFO - Marking task as SUCCESS. dag_id=hook_dag, task_id=log_sensor_1, execution_date=20220420T153333, start_date=20220420T153712, end_date=20220420T153732
[2022-04-20 15:37:32,661] {local_task_job.py:154} INFO - Task exited with return code 0
[2022-04-20 15:37:33,038] {local_task_job.py:264} INFO - 1 downstream tasks scheduled from follow-on schedule check
