[2022-04-07 13:35:16,974] {taskinstance.py:1037} INFO - Dependencies all met for <TaskInstance: my_project.choose_best_model manual__2022-04-07T13:35:13.176577+00:00 [queued]>
[2022-04-07 13:35:16,982] {taskinstance.py:1037} INFO - Dependencies all met for <TaskInstance: my_project.choose_best_model manual__2022-04-07T13:35:13.176577+00:00 [queued]>
[2022-04-07 13:35:16,982] {taskinstance.py:1243} INFO - 
--------------------------------------------------------------------------------
[2022-04-07 13:35:16,982] {taskinstance.py:1244} INFO - Starting attempt 1 of 1
[2022-04-07 13:35:16,982] {taskinstance.py:1245} INFO - 
--------------------------------------------------------------------------------
[2022-04-07 13:35:16,994] {taskinstance.py:1264} INFO - Executing <Task(BranchPythonOperator): choose_best_model> on 2022-04-07 13:35:13.176577+00:00
[2022-04-07 13:35:16,997] {standard_task_runner.py:52} INFO - Started process 982 to run task
[2022-04-07 13:35:16,999] {standard_task_runner.py:76} INFO - Running: ['***', 'tasks', 'run', 'my_project', 'choose_best_model', 'manual__2022-04-07T13:35:13.176577+00:00', '--job-id', '79', '--raw', '--subdir', 'DAGS_FOLDER/my_project.py', '--cfg-path', '/tmp/tmpzprpdy00', '--error-file', '/tmp/tmpxvq86dzs']
[2022-04-07 13:35:17,000] {standard_task_runner.py:77} INFO - Job 79: Subtask choose_best_model
[2022-04-07 13:35:17,044] {logging_mixin.py:109} INFO - Running <TaskInstance: my_project.choose_best_model manual__2022-04-07T13:35:13.176577+00:00 [running]> on host d73239f69a26
[2022-04-07 13:35:17,080] {taskinstance.py:1431} INFO - Exporting the following env vars:
AIRFLOW_CTX_DAG_OWNER=***
AIRFLOW_CTX_DAG_ID=my_project
AIRFLOW_CTX_TASK_ID=choose_best_model
AIRFLOW_CTX_EXECUTION_DATE=2022-04-07T13:35:13.176577+00:00
AIRFLOW_CTX_DAG_RUN_ID=manual__2022-04-07T13:35:13.176577+00:00
[2022-04-07 13:35:17,086] {python.py:175} INFO - Done. Returned value was: inaccurate
[2022-04-07 13:35:17,086] {skipmixin.py:140} INFO - Following branch inaccurate
[2022-04-07 13:35:17,086] {skipmixin.py:171} INFO - Skipping tasks ['accurate']
[2022-04-07 13:35:17,115] {taskinstance.py:1282} INFO - Marking task as SUCCESS. dag_id=my_project, task_id=choose_best_model, execution_date=20220407T133513, start_date=20220407T133516, end_date=20220407T133517
[2022-04-07 13:35:17,171] {local_task_job.py:154} INFO - Task exited with return code 0
[2022-04-07 13:35:17,238] {local_task_job.py:264} INFO - 1 downstream tasks scheduled from follow-on schedule check
