[2022-04-08 11:58:08,328] {taskinstance.py:1037} INFO - Dependencies all met for <TaskInstance: hook_dag.transfer_suit_pa manual__2022-04-08T11:58:04.931792+00:00 [queued]>
[2022-04-08 11:58:08,341] {taskinstance.py:1037} INFO - Dependencies all met for <TaskInstance: hook_dag.transfer_suit_pa manual__2022-04-08T11:58:04.931792+00:00 [queued]>
[2022-04-08 11:58:08,341] {taskinstance.py:1243} INFO - 
--------------------------------------------------------------------------------
[2022-04-08 11:58:08,341] {taskinstance.py:1244} INFO - Starting attempt 1 of 2
[2022-04-08 11:58:08,341] {taskinstance.py:1245} INFO - 
--------------------------------------------------------------------------------
[2022-04-08 11:58:08,350] {taskinstance.py:1264} INFO - Executing <Task(Postgres2File): transfer_suit_pa> on 2022-04-08 11:58:04.931792+00:00
[2022-04-08 11:58:08,353] {standard_task_runner.py:52} INFO - Started process 462 to run task
[2022-04-08 11:58:08,356] {standard_task_runner.py:76} INFO - Running: ['***', 'tasks', 'run', 'hook_dag', 'transfer_suit_pa', 'manual__2022-04-08T11:58:04.931792+00:00', '--job-id', '19', '--raw', '--subdir', 'DAGS_FOLDER/hook_dag.py', '--cfg-path', '/tmp/tmpxy2bfhr0', '--error-file', '/tmp/tmpl90q6jva']
[2022-04-08 11:58:08,356] {standard_task_runner.py:77} INFO - Job 19: Subtask transfer_suit_pa
[2022-04-08 11:58:08,476] {logging_mixin.py:109} INFO - Running <TaskInstance: hook_dag.transfer_suit_pa manual__2022-04-08T11:58:04.931792+00:00 [running]> on host 124cac95d739
[2022-04-08 11:58:08,507] {taskinstance.py:1431} INFO - Exporting the following env vars:
AIRFLOW_CTX_DAG_OWNER=***
AIRFLOW_CTX_DAG_ID=hook_dag
AIRFLOW_CTX_TASK_ID=transfer_suit_pa
AIRFLOW_CTX_EXECUTION_DATE=2022-04-08T11:58:04.931792+00:00
AIRFLOW_CTX_DAG_RUN_ID=manual__2022-04-08T11:58:04.931792+00:00
[2022-04-08 11:58:08,513] {base.py:79} INFO - Using connection to: id: postgres_default. Host: postgres, Port: 5432, Schema: ***, Login: ***, Password: ***, extra: {}
[2022-04-08 11:58:08,607] {taskinstance.py:1282} INFO - Marking task as SUCCESS. dag_id=hook_dag, task_id=transfer_suit_pa, execution_date=20220408T115804, start_date=20220408T115808, end_date=20220408T115808
[2022-04-08 11:58:08,648] {local_task_job.py:154} INFO - Task exited with return code 0
[2022-04-08 11:58:08,756] {local_task_job.py:264} INFO - 0 downstream tasks scheduled from follow-on schedule check
