[2022-04-24 19:43:59,243] {taskinstance.py:1037} INFO - Dependencies all met for <TaskInstance: example_short_circuit_operator.condition_is_True scheduled__2022-04-23T19:43:55.846512+00:00 [queued]>
[2022-04-24 19:43:59,255] {taskinstance.py:1037} INFO - Dependencies all met for <TaskInstance: example_short_circuit_operator.condition_is_True scheduled__2022-04-23T19:43:55.846512+00:00 [queued]>
[2022-04-24 19:43:59,255] {taskinstance.py:1243} INFO - 
--------------------------------------------------------------------------------
[2022-04-24 19:43:59,255] {taskinstance.py:1244} INFO - Starting attempt 1 of 1
[2022-04-24 19:43:59,255] {taskinstance.py:1245} INFO - 
--------------------------------------------------------------------------------
[2022-04-24 19:43:59,306] {taskinstance.py:1264} INFO - Executing <Task(ShortCircuitOperator): condition_is_True> on 2022-04-23 19:43:55.846512+00:00
[2022-04-24 19:43:59,311] {standard_task_runner.py:52} INFO - Started process 152 to run task
[2022-04-24 19:43:59,315] {standard_task_runner.py:76} INFO - Running: ['***', 'tasks', 'run', 'example_short_circuit_operator', 'condition_is_True', 'scheduled__2022-04-23T19:43:55.846512+00:00', '--job-id', '1076', '--raw', '--subdir', 'DAGS_FOLDER/example_short_circuit.py', '--cfg-path', '/tmp/tmpbvdhd_k1', '--error-file', '/tmp/tmpih28eeex']
[2022-04-24 19:43:59,316] {standard_task_runner.py:77} INFO - Job 1076: Subtask condition_is_True
[2022-04-24 19:43:59,460] {logging_mixin.py:109} INFO - Running <TaskInstance: example_short_circuit_operator.condition_is_True scheduled__2022-04-23T19:43:55.846512+00:00 [running]> on host 22e04adb6bfa
[2022-04-24 19:43:59,680] {taskinstance.py:1431} INFO - Exporting the following env vars:
AIRFLOW_CTX_DAG_OWNER=***
AIRFLOW_CTX_DAG_ID=example_short_circuit_operator
AIRFLOW_CTX_TASK_ID=condition_is_True
AIRFLOW_CTX_EXECUTION_DATE=2022-04-23T19:43:55.846512+00:00
AIRFLOW_CTX_DAG_RUN_ID=scheduled__2022-04-23T19:43:55.846512+00:00
[2022-04-24 19:43:59,680] {python.py:175} INFO - Done. Returned value was: True
[2022-04-24 19:43:59,681] {python.py:239} INFO - Condition result is True
[2022-04-24 19:43:59,681] {python.py:242} INFO - Proceeding with downstream tasks...
[2022-04-24 19:43:59,840] {taskinstance.py:1282} INFO - Marking task as SUCCESS. dag_id=example_short_circuit_operator, task_id=condition_is_True, execution_date=20220423T194355, start_date=20220424T194359, end_date=20220424T194359
[2022-04-24 19:43:59,895] {local_task_job.py:154} INFO - Task exited with return code 0
[2022-04-24 19:43:59,980] {local_task_job.py:264} INFO - 1 downstream tasks scheduled from follow-on schedule check
