[2022-04-08 11:59:11,138] {taskinstance.py:1037} INFO - Dependencies all met for <TaskInstance: hook_dag.transfer_suit_pa manual__2022-04-08T11:59:07.766248+00:00 [queued]>
[2022-04-08 11:59:11,149] {taskinstance.py:1037} INFO - Dependencies all met for <TaskInstance: hook_dag.transfer_suit_pa manual__2022-04-08T11:59:07.766248+00:00 [queued]>
[2022-04-08 11:59:11,149] {taskinstance.py:1243} INFO - 
--------------------------------------------------------------------------------
[2022-04-08 11:59:11,149] {taskinstance.py:1244} INFO - Starting attempt 1 of 2
[2022-04-08 11:59:11,149] {taskinstance.py:1245} INFO - 
--------------------------------------------------------------------------------
[2022-04-08 11:59:11,164] {taskinstance.py:1264} INFO - Executing <Task(Postgres2File): transfer_suit_pa> on 2022-04-08 11:59:07.766248+00:00
[2022-04-08 11:59:11,167] {standard_task_runner.py:52} INFO - Started process 521 to run task
[2022-04-08 11:59:11,170] {standard_task_runner.py:76} INFO - Running: ['***', 'tasks', 'run', 'hook_dag', 'transfer_suit_pa', 'manual__2022-04-08T11:59:07.766248+00:00', '--job-id', '21', '--raw', '--subdir', 'DAGS_FOLDER/hook_dag.py', '--cfg-path', '/tmp/tmpwxwzadd1', '--error-file', '/tmp/tmpot6rvavg']
[2022-04-08 11:59:11,170] {standard_task_runner.py:77} INFO - Job 21: Subtask transfer_suit_pa
[2022-04-08 11:59:11,298] {logging_mixin.py:109} INFO - Running <TaskInstance: hook_dag.transfer_suit_pa manual__2022-04-08T11:59:07.766248+00:00 [running]> on host 124cac95d739
[2022-04-08 11:59:11,334] {taskinstance.py:1431} INFO - Exporting the following env vars:
AIRFLOW_CTX_DAG_OWNER=***
AIRFLOW_CTX_DAG_ID=hook_dag
AIRFLOW_CTX_TASK_ID=transfer_suit_pa
AIRFLOW_CTX_EXECUTION_DATE=2022-04-08T11:59:07.766248+00:00
AIRFLOW_CTX_DAG_RUN_ID=manual__2022-04-08T11:59:07.766248+00:00
[2022-04-08 11:59:11,340] {base.py:79} INFO - Using connection to: id: postgres_default. Host: postgres, Port: 5432, Schema: ***, Login: ***, Password: ***, extra: {}
[2022-04-08 11:59:11,370] {taskinstance.py:1282} INFO - Marking task as SUCCESS. dag_id=hook_dag, task_id=transfer_suit_pa, execution_date=20220408T115907, start_date=20220408T115911, end_date=20220408T115911
[2022-04-08 11:59:11,422] {local_task_job.py:154} INFO - Task exited with return code 0
[2022-04-08 11:59:11,635] {local_task_job.py:264} INFO - 0 downstream tasks scheduled from follow-on schedule check
