[2022-04-25 08:14:27,729] {taskinstance.py:1037} INFO - Dependencies all met for <TaskInstance: cso_2295_ipo_2_cso_xls.py.sleep manual__2022-04-25T08:14:20.098498+00:00 [queued]>
[2022-04-25 08:14:27,748] {taskinstance.py:1037} INFO - Dependencies all met for <TaskInstance: cso_2295_ipo_2_cso_xls.py.sleep manual__2022-04-25T08:14:20.098498+00:00 [queued]>
[2022-04-25 08:14:27,748] {taskinstance.py:1243} INFO - 
--------------------------------------------------------------------------------
[2022-04-25 08:14:27,748] {taskinstance.py:1244} INFO - Starting attempt 1 of 1
[2022-04-25 08:14:27,749] {taskinstance.py:1245} INFO - 
--------------------------------------------------------------------------------
[2022-04-25 08:14:27,759] {taskinstance.py:1264} INFO - Executing <Task(BashOperator): sleep> on 2022-04-25 08:14:20.098498+00:00
[2022-04-25 08:14:27,763] {standard_task_runner.py:52} INFO - Started process 691 to run task
[2022-04-25 08:14:27,766] {standard_task_runner.py:76} INFO - Running: ['***', 'tasks', 'run', 'cso_2295_ipo_2_cso_xls.py', 'sleep', 'manual__2022-04-25T08:14:20.098498+00:00', '--job-id', '1096', '--raw', '--subdir', 'DAGS_FOLDER/cso_2295/cso_2295_ipo_2_cso_xls.py', '--cfg-path', '/tmp/tmpr8rpaamu', '--error-file', '/tmp/tmpx894kwbv']
[2022-04-25 08:14:27,766] {standard_task_runner.py:77} INFO - Job 1096: Subtask sleep
[2022-04-25 08:14:27,811] {logging_mixin.py:109} INFO - Running <TaskInstance: cso_2295_ipo_2_cso_xls.py.sleep manual__2022-04-25T08:14:20.098498+00:00 [running]> on host 22e04adb6bfa
[2022-04-25 08:14:28,278] {taskinstance.py:1431} INFO - Exporting the following env vars:
AIRFLOW_CTX_DAG_OWNER=***
AIRFLOW_CTX_DAG_ID=cso_2295_ipo_2_cso_xls.py
AIRFLOW_CTX_TASK_ID=sleep
AIRFLOW_CTX_EXECUTION_DATE=2022-04-25T08:14:20.098498+00:00
AIRFLOW_CTX_DAG_RUN_ID=manual__2022-04-25T08:14:20.098498+00:00
[2022-04-25 08:14:28,286] {subprocess.py:62} INFO - Tmp dir root location: 
 /tmp
[2022-04-25 08:14:28,301] {subprocess.py:74} INFO - Running command: ['bash', '-c', 'sleep 5']
[2022-04-25 08:14:28,706] {subprocess.py:85} INFO - Output:
[2022-04-25 08:14:33,909] {subprocess.py:93} INFO - Command exited with return code 0
[2022-04-25 08:14:33,926] {taskinstance.py:1282} INFO - Marking task as SUCCESS. dag_id=cso_2295_ipo_2_cso_xls.py, task_id=sleep, execution_date=20220425T081420, start_date=20220425T081427, end_date=20220425T081433
[2022-04-25 08:14:33,995] {local_task_job.py:154} INFO - Task exited with return code 0
[2022-04-25 08:14:34,032] {local_task_job.py:264} INFO - 1 downstream tasks scheduled from follow-on schedule check
