[2022-04-28 15:38:17,161] {taskinstance.py:1037} INFO - Dependencies all met for <TaskInstance: cso_2295_ipo_2_cso_bd.py.transfer_cso_org manual__2022-04-28T15:38:05.519749+00:00 [queued]>
[2022-04-28 15:38:17,172] {taskinstance.py:1037} INFO - Dependencies all met for <TaskInstance: cso_2295_ipo_2_cso_bd.py.transfer_cso_org manual__2022-04-28T15:38:05.519749+00:00 [queued]>
[2022-04-28 15:38:17,172] {taskinstance.py:1243} INFO - 
--------------------------------------------------------------------------------
[2022-04-28 15:38:17,172] {taskinstance.py:1244} INFO - Starting attempt 1 of 1
[2022-04-28 15:38:17,172] {taskinstance.py:1245} INFO - 
--------------------------------------------------------------------------------
[2022-04-28 15:38:17,180] {taskinstance.py:1264} INFO - Executing <Task(Postgres2Postgres): transfer_cso_org> on 2022-04-28 15:38:05.519749+00:00
[2022-04-28 15:38:17,184] {standard_task_runner.py:52} INFO - Started process 21055 to run task
[2022-04-28 15:38:17,186] {standard_task_runner.py:76} INFO - Running: ['***', 'tasks', 'run', 'cso_2295_ipo_2_cso_bd.py', 'transfer_cso_org', 'manual__2022-04-28T15:38:05.519749+00:00', '--job-id', '1347', '--raw', '--subdir', 'DAGS_FOLDER/cso_2295/cso_2295_ipo_2_cso_bd.py', '--cfg-path', '/tmp/tmp0xqqjgm0', '--error-file', '/tmp/tmpqey06iy_']
[2022-04-28 15:38:17,187] {standard_task_runner.py:77} INFO - Job 1347: Subtask transfer_cso_org
[2022-04-28 15:38:17,226] {logging_mixin.py:109} INFO - Running <TaskInstance: cso_2295_ipo_2_cso_bd.py.transfer_cso_org manual__2022-04-28T15:38:05.519749+00:00 [running]> on host 0936e4a14e76
[2022-04-28 15:38:17,264] {taskinstance.py:1431} INFO - Exporting the following env vars:
AIRFLOW_CTX_DAG_OWNER=***
AIRFLOW_CTX_DAG_ID=cso_2295_ipo_2_cso_bd.py
AIRFLOW_CTX_TASK_ID=transfer_cso_org
AIRFLOW_CTX_EXECUTION_DATE=2022-04-28T15:38:05.519749+00:00
AIRFLOW_CTX_DAG_RUN_ID=manual__2022-04-28T15:38:05.519749+00:00
[2022-04-28 15:38:17,270] {base.py:79} INFO - Using connection to: id: postgres_default. Host: postgres, Port: 5432, Schema: ***, Login: ***, Password: ***, extra: {}
[2022-04-28 15:38:17,275] {Postgres2Postgres.py:35} INFO - Source id connection: postgres_host
[2022-04-28 15:38:17,275] {Postgres2Postgres.py:36} INFO - Executing sql = select WERKS, BTRTL from organizational_unit_actual_f;
[2022-04-28 15:38:17,281] {base.py:79} INFO - Using connection to: id: postgres_host. Host: host.docker.internal, Port: 5432, Schema: postgres, Login: postgres, Password: ***, extra: {}
[2022-04-28 15:38:17,362] {taskinstance.py:1718} ERROR - Task failed with exception
Traceback (most recent call last):
  File "/home/airflow/.local/lib/python3.7/site-packages/airflow/models/taskinstance.py", line 1334, in _run_raw_task
    self._execute_task_with_callbacks(context)
  File "/home/airflow/.local/lib/python3.7/site-packages/airflow/models/taskinstance.py", line 1460, in _execute_task_with_callbacks
    result = self._execute_task(context, self.task)
  File "/home/airflow/.local/lib/python3.7/site-packages/airflow/models/taskinstance.py", line 1516, in _execute_task
    result = execute_callable(context=context)
  File "/opt/airflow/plugins/Postgres2Postgres.py", line 69, in execute
    raise exc
  File "/opt/airflow/plugins/Postgres2Postgres.py", line 65, in execute
    self._execute(src_hook, dest_hook, context)
  File "/opt/airflow/plugins/Postgres2Postgres.py", line 50, in _execute
    commit_every=self.rows_chunk)
  File "/home/airflow/.local/lib/python3.7/site-packages/airflow/hooks/dbapi.py", line 314, in insert_rows
    with closing(self.get_conn()) as conn:
  File "/home/airflow/.local/lib/python3.7/site-packages/airflow/providers/postgres/hooks/postgres.py", line 113, in get_conn
    self.conn = psycopg2.connect(**conn_args)
  File "/home/airflow/.local/lib/python3.7/site-packages/psycopg2/__init__.py", line 122, in connect
    conn = _connect(dsn, connection_factory=connection_factory, **kwasync)
psycopg2.OperationalError: could not translate host name "host.docker.internal" to address: Name or service not known

[2022-04-28 15:38:17,411] {taskinstance.py:1282} INFO - Marking task as FAILED. dag_id=cso_2295_ipo_2_cso_bd.py, task_id=transfer_cso_org, execution_date=20220428T153805, start_date=20220428T153817, end_date=20220428T153817
[2022-04-28 15:38:17,420] {standard_task_runner.py:92} ERROR - Failed to execute job 1347 for task transfer_cso_org
Traceback (most recent call last):
  File "/home/airflow/.local/lib/python3.7/site-packages/airflow/task/task_runner/standard_task_runner.py", line 85, in _start_by_fork
    args.func(args, dag=self.dag)
  File "/home/airflow/.local/lib/python3.7/site-packages/airflow/cli/cli_parser.py", line 48, in command
    return func(*args, **kwargs)
  File "/home/airflow/.local/lib/python3.7/site-packages/airflow/utils/cli.py", line 92, in wrapper
    return f(*args, **kwargs)
  File "/home/airflow/.local/lib/python3.7/site-packages/airflow/cli/commands/task_command.py", line 298, in task_run
    _run_task_by_selected_method(args, dag, ti)
  File "/home/airflow/.local/lib/python3.7/site-packages/airflow/cli/commands/task_command.py", line 107, in _run_task_by_selected_method
    _run_raw_task(args, ti)
  File "/home/airflow/.local/lib/python3.7/site-packages/airflow/cli/commands/task_command.py", line 184, in _run_raw_task
    error_file=args.error_file,
  File "/home/airflow/.local/lib/python3.7/site-packages/airflow/utils/session.py", line 70, in wrapper
    return func(*args, session=session, **kwargs)
  File "/home/airflow/.local/lib/python3.7/site-packages/airflow/models/taskinstance.py", line 1334, in _run_raw_task
    self._execute_task_with_callbacks(context)
  File "/home/airflow/.local/lib/python3.7/site-packages/airflow/models/taskinstance.py", line 1460, in _execute_task_with_callbacks
    result = self._execute_task(context, self.task)
  File "/home/airflow/.local/lib/python3.7/site-packages/airflow/models/taskinstance.py", line 1516, in _execute_task
    result = execute_callable(context=context)
  File "/opt/airflow/plugins/Postgres2Postgres.py", line 69, in execute
    raise exc
  File "/opt/airflow/plugins/Postgres2Postgres.py", line 65, in execute
    self._execute(src_hook, dest_hook, context)
  File "/opt/airflow/plugins/Postgres2Postgres.py", line 50, in _execute
    commit_every=self.rows_chunk)
  File "/home/airflow/.local/lib/python3.7/site-packages/airflow/hooks/dbapi.py", line 314, in insert_rows
    with closing(self.get_conn()) as conn:
  File "/home/airflow/.local/lib/python3.7/site-packages/airflow/providers/postgres/hooks/postgres.py", line 113, in get_conn
    self.conn = psycopg2.connect(**conn_args)
  File "/home/airflow/.local/lib/python3.7/site-packages/psycopg2/__init__.py", line 122, in connect
    conn = _connect(dsn, connection_factory=connection_factory, **kwasync)
psycopg2.OperationalError: could not translate host name "host.docker.internal" to address: Name or service not known

[2022-04-28 15:38:17,439] {local_task_job.py:154} INFO - Task exited with return code 1
[2022-04-28 15:38:17,560] {base.py:79} INFO - Using connection to: id: postgres_default. Host: postgres, Port: 5432, Schema: ***, Login: ***, Password: ***, extra: {}
[2022-04-28 15:38:17,570] {dbapi.py:225} INFO - Running statement: update list_flow_log
                set t_end=NOW(), status=3, code_error=3, comment = '*Task*: transfer_cso_org'
                where id = 121;, parameters: None
[2022-04-28 15:38:17,572] {dbapi.py:233} INFO - Rows affected: 1
[2022-04-28 15:38:17,599] {local_task_job.py:264} INFO - 0 downstream tasks scheduled from follow-on schedule check
