[2022-04-29 15:41:04,270] {taskinstance.py:1037} INFO - Dependencies all met for <TaskInstance: cso_2295_ipo_2_cso.py.sleep scheduled__2022-04-28T15:41:00+00:00 [queued]>
[2022-04-29 15:41:04,283] {taskinstance.py:1037} INFO - Dependencies all met for <TaskInstance: cso_2295_ipo_2_cso.py.sleep scheduled__2022-04-28T15:41:00+00:00 [queued]>
[2022-04-29 15:41:04,283] {taskinstance.py:1243} INFO - 
--------------------------------------------------------------------------------
[2022-04-29 15:41:04,283] {taskinstance.py:1244} INFO - Starting attempt 1 of 1
[2022-04-29 15:41:04,283] {taskinstance.py:1245} INFO - 
--------------------------------------------------------------------------------
[2022-04-29 15:41:04,330] {taskinstance.py:1264} INFO - Executing <Task(BashOperator): sleep> on 2022-04-28 15:41:00+00:00
[2022-04-29 15:41:04,334] {standard_task_runner.py:52} INFO - Started process 4199 to run task
[2022-04-29 15:41:04,347] {standard_task_runner.py:76} INFO - Running: ['***', 'tasks', 'run', 'cso_2295_ipo_2_cso.py', 'sleep', 'scheduled__2022-04-28T15:41:00+00:00', '--job-id', '1469', '--raw', '--subdir', 'DAGS_FOLDER/cso_2295/cso_2295_ipo_2_cso.py', '--cfg-path', '/tmp/tmpgpe59yig', '--error-file', '/tmp/tmpvs3w5bh6']
[2022-04-29 15:41:04,348] {standard_task_runner.py:77} INFO - Job 1469: Subtask sleep
[2022-04-29 15:41:04,709] {logging_mixin.py:109} INFO - Running <TaskInstance: cso_2295_ipo_2_cso.py.sleep scheduled__2022-04-28T15:41:00+00:00 [running]> on host 0936e4a14e76
[2022-04-29 15:41:05,636] {taskinstance.py:1431} INFO - Exporting the following env vars:
AIRFLOW_CTX_DAG_OWNER=***
AIRFLOW_CTX_DAG_ID=cso_2295_ipo_2_cso.py
AIRFLOW_CTX_TASK_ID=sleep
AIRFLOW_CTX_EXECUTION_DATE=2022-04-28T15:41:00+00:00
AIRFLOW_CTX_DAG_RUN_ID=scheduled__2022-04-28T15:41:00+00:00
[2022-04-29 15:41:05,648] {subprocess.py:62} INFO - Tmp dir root location: 
 /tmp
[2022-04-29 15:41:05,649] {subprocess.py:74} INFO - Running command: ['bash', '-c', 'sleep 5']
[2022-04-29 15:41:05,722] {subprocess.py:85} INFO - Output:
[2022-04-29 15:41:10,730] {subprocess.py:93} INFO - Command exited with return code 0
[2022-04-29 15:41:10,793] {taskinstance.py:1282} INFO - Marking task as SUCCESS. dag_id=cso_2295_ipo_2_cso.py, task_id=sleep, execution_date=20220428T154100, start_date=20220429T154104, end_date=20220429T154110
[2022-04-29 15:41:10,864] {local_task_job.py:154} INFO - Task exited with return code 0
[2022-04-29 15:41:10,915] {local_task_job.py:264} INFO - 1 downstream tasks scheduled from follow-on schedule check
