[2022-04-21 21:17:49,805] {taskinstance.py:1037} INFO - Dependencies all met for <TaskInstance: cso_2295_ipo_2_cso.py.log_start2 manual__2022-04-21T21:16:40.375838+00:00 [queued]>
[2022-04-21 21:17:49,820] {taskinstance.py:1037} INFO - Dependencies all met for <TaskInstance: cso_2295_ipo_2_cso.py.log_start2 manual__2022-04-21T21:16:40.375838+00:00 [queued]>
[2022-04-21 21:17:49,820] {taskinstance.py:1243} INFO - 
--------------------------------------------------------------------------------
[2022-04-21 21:17:49,820] {taskinstance.py:1244} INFO - Starting attempt 1 of 1
[2022-04-21 21:17:49,820] {taskinstance.py:1245} INFO - 
--------------------------------------------------------------------------------
[2022-04-21 21:17:49,829] {taskinstance.py:1264} INFO - Executing <Task(PostgresOperator): log_start2> on 2022-04-21 21:16:40.375838+00:00
[2022-04-21 21:17:49,835] {standard_task_runner.py:52} INFO - Started process 34761 to run task
[2022-04-21 21:17:49,840] {standard_task_runner.py:76} INFO - Running: ['***', 'tasks', 'run', 'cso_2295_ipo_2_cso.py', 'log_start2', 'manual__2022-04-21T21:16:40.375838+00:00', '--job-id', '869', '--raw', '--subdir', 'DAGS_FOLDER/cso_2295/cso_2295_ipo_2_cso.py', '--cfg-path', '/tmp/tmpju8jnv_9', '--error-file', '/tmp/tmpne_zad52']
[2022-04-21 21:17:49,841] {standard_task_runner.py:77} INFO - Job 869: Subtask log_start2
[2022-04-21 21:17:49,903] {logging_mixin.py:109} INFO - Running <TaskInstance: cso_2295_ipo_2_cso.py.log_start2 manual__2022-04-21T21:16:40.375838+00:00 [running]> on host 22e04adb6bfa
[2022-04-21 21:17:49,960] {taskinstance.py:1431} INFO - Exporting the following env vars:
AIRFLOW_CTX_DAG_OWNER=***
AIRFLOW_CTX_DAG_ID=cso_2295_ipo_2_cso.py
AIRFLOW_CTX_TASK_ID=log_start2
AIRFLOW_CTX_EXECUTION_DATE=2022-04-21T21:16:40.375838+00:00
AIRFLOW_CTX_DAG_RUN_ID=manual__2022-04-21T21:16:40.375838+00:00
[2022-04-21 21:17:49,967] {base.py:79} INFO - Using connection to: id: postgres_default. Host: postgres, Port: 5432, Schema: ***, Login: ***, Password: ***, extra: {}
[2022-04-21 21:17:49,970] {dbapi.py:225} INFO - Running statement: do $$
declare
	q_stream integer;
begin  
	select 1 into q_stream
	from list_flow_log
	where object_flow = 0 and status = 1;
  
	if q_stream > 0 then
		raise exception 'IP-offline - The stream is blocked';
	else 
  		INSERT INTO list_flow_log (object_flow, t_start, status) VALUES(0, NOW(), 1);
	end if;

end $$, parameters: None
[2022-04-21 21:17:49,984] {taskinstance.py:1282} INFO - Marking task as SUCCESS. dag_id=cso_2295_ipo_2_cso.py, task_id=log_start2, execution_date=20220421T211640, start_date=20220421T211749, end_date=20220421T211749
[2022-04-21 21:17:50,013] {local_task_job.py:154} INFO - Task exited with return code 0
[2022-04-21 21:17:50,057] {local_task_job.py:264} INFO - 1 downstream tasks scheduled from follow-on schedule check
