[2022-05-01 20:04:33,588] {taskinstance.py:1037} INFO - Dependencies all met for <TaskInstance: cso_2295_ipo_2_cso.py.sleep scheduled__2022-04-30T15:41:00+00:00 [queued]>
[2022-05-01 20:04:33,630] {taskinstance.py:1037} INFO - Dependencies all met for <TaskInstance: cso_2295_ipo_2_cso.py.sleep scheduled__2022-04-30T15:41:00+00:00 [queued]>
[2022-05-01 20:04:33,635] {taskinstance.py:1243} INFO - 
--------------------------------------------------------------------------------
[2022-05-01 20:04:33,635] {taskinstance.py:1244} INFO - Starting attempt 1 of 1
[2022-05-01 20:04:33,636] {taskinstance.py:1245} INFO - 
--------------------------------------------------------------------------------
[2022-05-01 20:04:33,737] {taskinstance.py:1264} INFO - Executing <Task(BashOperator): sleep> on 2022-04-30 15:41:00+00:00
[2022-05-01 20:04:33,742] {standard_task_runner.py:52} INFO - Started process 140 to run task
[2022-05-01 20:04:33,774] {standard_task_runner.py:76} INFO - Running: ['***', 'tasks', 'run', 'cso_2295_ipo_2_cso.py', 'sleep', 'scheduled__2022-04-30T15:41:00+00:00', '--job-id', '1511', '--raw', '--subdir', 'DAGS_FOLDER/cso_2295/cso_2295_ipo_2_cso.py', '--cfg-path', '/tmp/tmp0gvdsrf9', '--error-file', '/tmp/tmph8bxoxkj']
[2022-05-01 20:04:33,775] {standard_task_runner.py:77} INFO - Job 1511: Subtask sleep
[2022-05-01 20:04:34,023] {logging_mixin.py:109} INFO - Running <TaskInstance: cso_2295_ipo_2_cso.py.sleep scheduled__2022-04-30T15:41:00+00:00 [running]> on host 0936e4a14e76
[2022-05-01 20:04:34,404] {taskinstance.py:1431} INFO - Exporting the following env vars:
AIRFLOW_CTX_DAG_OWNER=***
AIRFLOW_CTX_DAG_ID=cso_2295_ipo_2_cso.py
AIRFLOW_CTX_TASK_ID=sleep
AIRFLOW_CTX_EXECUTION_DATE=2022-04-30T15:41:00+00:00
AIRFLOW_CTX_DAG_RUN_ID=scheduled__2022-04-30T15:41:00+00:00
[2022-05-01 20:04:34,404] {subprocess.py:62} INFO - Tmp dir root location: 
 /tmp
[2022-05-01 20:04:34,406] {subprocess.py:74} INFO - Running command: ['bash', '-c', 'sleep 5']
[2022-05-01 20:04:34,530] {subprocess.py:85} INFO - Output:
[2022-05-01 20:04:39,625] {subprocess.py:93} INFO - Command exited with return code 0
[2022-05-01 20:04:39,696] {taskinstance.py:1282} INFO - Marking task as SUCCESS. dag_id=cso_2295_ipo_2_cso.py, task_id=sleep, execution_date=20220430T154100, start_date=20220501T200433, end_date=20220501T200439
[2022-05-01 20:04:39,820] {local_task_job.py:154} INFO - Task exited with return code 0
[2022-05-01 20:04:40,214] {local_task_job.py:264} INFO - 1 downstream tasks scheduled from follow-on schedule check
