[2022-04-19 12:55:43,949] {taskinstance.py:1037} INFO - Dependencies all met for <TaskInstance: hook_dag.transfer_xml manual__2022-04-19T12:06:23.370270+00:00 [queued]>
[2022-04-19 12:55:43,965] {taskinstance.py:1037} INFO - Dependencies all met for <TaskInstance: hook_dag.transfer_xml manual__2022-04-19T12:06:23.370270+00:00 [queued]>
[2022-04-19 12:55:43,969] {taskinstance.py:1243} INFO - 
--------------------------------------------------------------------------------
[2022-04-19 12:55:43,969] {taskinstance.py:1244} INFO - Starting attempt 2 of 2
[2022-04-19 12:55:43,969] {taskinstance.py:1245} INFO - 
--------------------------------------------------------------------------------
[2022-04-19 12:55:44,004] {taskinstance.py:1264} INFO - Executing <Task(Postgres2File): transfer_xml> on 2022-04-19 12:06:23.370270+00:00
[2022-04-19 12:55:44,018] {standard_task_runner.py:52} INFO - Started process 12259 to run task
[2022-04-19 12:55:44,023] {standard_task_runner.py:76} INFO - Running: ['***', 'tasks', 'run', 'hook_dag', 'transfer_xml', 'manual__2022-04-19T12:06:23.370270+00:00', '--job-id', '376', '--raw', '--subdir', 'DAGS_FOLDER/hook_dag.py', '--cfg-path', '/tmp/tmpwaan3kya', '--error-file', '/tmp/tmpsqstjvf8']
[2022-04-19 12:55:44,023] {standard_task_runner.py:77} INFO - Job 376: Subtask transfer_xml
[2022-04-19 12:55:44,128] {logging_mixin.py:109} INFO - Running <TaskInstance: hook_dag.transfer_xml manual__2022-04-19T12:06:23.370270+00:00 [running]> on host 22e04adb6bfa
[2022-04-19 12:55:44,330] {taskinstance.py:1431} INFO - Exporting the following env vars:
AIRFLOW_CTX_DAG_OWNER=***
AIRFLOW_CTX_DAG_ID=hook_dag
AIRFLOW_CTX_TASK_ID=transfer_xml
AIRFLOW_CTX_EXECUTION_DATE=2022-04-19T12:06:23.370270+00:00
AIRFLOW_CTX_DAG_RUN_ID=manual__2022-04-19T12:06:23.370270+00:00
[2022-04-19 12:55:44,354] {base.py:79} INFO - Using connection to: id: postgres_default. Host: postgres, Port: 5432, Schema: ***, Login: ***, Password: ***, extra: {}
[2022-04-19 12:55:44,567] {taskinstance.py:1282} INFO - Marking task as SUCCESS. dag_id=hook_dag, task_id=transfer_xml, execution_date=20220419T120623, start_date=20220419T125543, end_date=20220419T125544
[2022-04-19 12:55:44,626] {local_task_job.py:154} INFO - Task exited with return code 0
[2022-04-19 12:55:44,677] {local_task_job.py:264} INFO - 0 downstream tasks scheduled from follow-on schedule check
