[2022-04-05 20:29:39,369] {taskinstance.py:1037} INFO - Dependencies all met for <TaskInstance: my_project.choose_best_model scheduled__2022-04-04T00:00:00+00:00 [queued]>
[2022-04-05 20:29:39,379] {taskinstance.py:1037} INFO - Dependencies all met for <TaskInstance: my_project.choose_best_model scheduled__2022-04-04T00:00:00+00:00 [queued]>
[2022-04-05 20:29:39,379] {taskinstance.py:1243} INFO - 
--------------------------------------------------------------------------------
[2022-04-05 20:29:39,379] {taskinstance.py:1244} INFO - Starting attempt 1 of 1
[2022-04-05 20:29:39,379] {taskinstance.py:1245} INFO - 
--------------------------------------------------------------------------------
[2022-04-05 20:29:39,393] {taskinstance.py:1264} INFO - Executing <Task(BranchPythonOperator): choose_best_model> on 2022-04-04 00:00:00+00:00
[2022-04-05 20:29:39,397] {standard_task_runner.py:52} INFO - Started process 388 to run task
[2022-04-05 20:29:39,401] {standard_task_runner.py:76} INFO - Running: ['***', 'tasks', 'run', 'my_project', 'choose_best_model', 'scheduled__2022-04-04T00:00:00+00:00', '--job-id', '12', '--raw', '--subdir', 'DAGS_FOLDER/my_project.py', '--cfg-path', '/tmp/tmpq8tj50tf', '--error-file', '/tmp/tmpc2ecxi20']
[2022-04-05 20:29:39,401] {standard_task_runner.py:77} INFO - Job 12: Subtask choose_best_model
[2022-04-05 20:29:39,444] {logging_mixin.py:109} INFO - Running <TaskInstance: my_project.choose_best_model scheduled__2022-04-04T00:00:00+00:00 [running]> on host 13210251e6a6
[2022-04-05 20:29:39,487] {taskinstance.py:1431} INFO - Exporting the following env vars:
AIRFLOW_CTX_DAG_OWNER=***
AIRFLOW_CTX_DAG_ID=my_project
AIRFLOW_CTX_TASK_ID=choose_best_model
AIRFLOW_CTX_EXECUTION_DATE=2022-04-04T00:00:00+00:00
AIRFLOW_CTX_DAG_RUN_ID=scheduled__2022-04-04T00:00:00+00:00
[2022-04-05 20:29:39,496] {python.py:175} INFO - Done. Returned value was: inaccurate
[2022-04-05 20:29:39,497] {skipmixin.py:140} INFO - Following branch inaccurate
[2022-04-05 20:29:39,497] {skipmixin.py:171} INFO - Skipping tasks ['accurate']
[2022-04-05 20:29:39,536] {taskinstance.py:1282} INFO - Marking task as SUCCESS. dag_id=my_project, task_id=choose_best_model, execution_date=20220404T000000, start_date=20220405T202939, end_date=20220405T202939
[2022-04-05 20:29:39,575] {local_task_job.py:154} INFO - Task exited with return code 0
[2022-04-05 20:29:39,606] {local_task_job.py:264} INFO - 1 downstream tasks scheduled from follow-on schedule check
