[2022-04-25 08:38:24,473] {taskinstance.py:1037} INFO - Dependencies all met for <TaskInstance: cso_2295_ipo_2_cso_xls.py.branching3 manual__2022-04-25T08:36:56.447912+00:00 [queued]>
[2022-04-25 08:38:24,482] {taskinstance.py:1037} INFO - Dependencies all met for <TaskInstance: cso_2295_ipo_2_cso_xls.py.branching3 manual__2022-04-25T08:36:56.447912+00:00 [queued]>
[2022-04-25 08:38:24,482] {taskinstance.py:1243} INFO - 
--------------------------------------------------------------------------------
[2022-04-25 08:38:24,483] {taskinstance.py:1244} INFO - Starting attempt 1 of 1
[2022-04-25 08:38:24,483] {taskinstance.py:1245} INFO - 
--------------------------------------------------------------------------------
[2022-04-25 08:38:24,492] {taskinstance.py:1264} INFO - Executing <Task(BranchPythonOperator): branching3> on 2022-04-25 08:36:56.447912+00:00
[2022-04-25 08:38:24,496] {standard_task_runner.py:52} INFO - Started process 1923 to run task
[2022-04-25 08:38:24,499] {standard_task_runner.py:76} INFO - Running: ['***', 'tasks', 'run', 'cso_2295_ipo_2_cso_xls.py', 'branching3', 'manual__2022-04-25T08:36:56.447912+00:00', '--job-id', '1121', '--raw', '--subdir', 'DAGS_FOLDER/cso_2295/cso_2295_ipo_2_cso_xls.py', '--cfg-path', '/tmp/tmpj1jjorpn', '--error-file', '/tmp/tmpu2bo0ch6']
[2022-04-25 08:38:24,499] {standard_task_runner.py:77} INFO - Job 1121: Subtask branching3
[2022-04-25 08:38:24,540] {logging_mixin.py:109} INFO - Running <TaskInstance: cso_2295_ipo_2_cso_xls.py.branching3 manual__2022-04-25T08:36:56.447912+00:00 [running]> on host 22e04adb6bfa
[2022-04-25 08:38:24,583] {taskinstance.py:1431} INFO - Exporting the following env vars:
AIRFLOW_CTX_DAG_OWNER=***
AIRFLOW_CTX_DAG_ID=cso_2295_ipo_2_cso_xls.py
AIRFLOW_CTX_TASK_ID=branching3
AIRFLOW_CTX_EXECUTION_DATE=2022-04-25T08:36:56.447912+00:00
AIRFLOW_CTX_DAG_RUN_ID=manual__2022-04-25T08:36:56.447912+00:00
[2022-04-25 08:38:24,584] {python.py:175} INFO - Done. Returned value was: transfer_cso_calendar
[2022-04-25 08:38:24,584] {skipmixin.py:140} INFO - Following branch transfer_cso_calendar
[2022-04-25 08:38:24,584] {skipmixin.py:171} INFO - Skipping tasks ['log_end_no_data3']
[2022-04-25 08:38:24,622] {taskinstance.py:1282} INFO - Marking task as SUCCESS. dag_id=cso_2295_ipo_2_cso_xls.py, task_id=branching3, execution_date=20220425T083656, start_date=20220425T083824, end_date=20220425T083824
[2022-04-25 08:38:24,671] {local_task_job.py:154} INFO - Task exited with return code 0
[2022-04-25 08:38:24,695] {local_task_job.py:264} INFO - 1 downstream tasks scheduled from follow-on schedule check
