[2022-04-06 14:23:39,544] {taskinstance.py:1037} INFO - Dependencies all met for <TaskInstance: my_project.choose_best_model scheduled__2022-04-05T00:00:00+00:00 [queued]>
[2022-04-06 14:23:39,554] {taskinstance.py:1037} INFO - Dependencies all met for <TaskInstance: my_project.choose_best_model scheduled__2022-04-05T00:00:00+00:00 [queued]>
[2022-04-06 14:23:39,554] {taskinstance.py:1243} INFO - 
--------------------------------------------------------------------------------
[2022-04-06 14:23:39,554] {taskinstance.py:1244} INFO - Starting attempt 1 of 1
[2022-04-06 14:23:39,554] {taskinstance.py:1245} INFO - 
--------------------------------------------------------------------------------
[2022-04-06 14:23:39,615] {taskinstance.py:1264} INFO - Executing <Task(BranchPythonOperator): choose_best_model> on 2022-04-05 00:00:00+00:00
[2022-04-06 14:23:39,618] {standard_task_runner.py:52} INFO - Started process 86 to run task
[2022-04-06 14:23:39,620] {standard_task_runner.py:76} INFO - Running: ['***', 'tasks', 'run', 'my_project', 'choose_best_model', 'scheduled__2022-04-05T00:00:00+00:00', '--job-id', '38', '--raw', '--subdir', 'DAGS_FOLDER/my_project.py', '--cfg-path', '/tmp/tmpfhy8y76b', '--error-file', '/tmp/tmpo2wllww5']
[2022-04-06 14:23:39,620] {standard_task_runner.py:77} INFO - Job 38: Subtask choose_best_model
[2022-04-06 14:23:39,816] {logging_mixin.py:109} INFO - Running <TaskInstance: my_project.choose_best_model scheduled__2022-04-05T00:00:00+00:00 [running]> on host 13210251e6a6
[2022-04-06 14:23:40,003] {taskinstance.py:1431} INFO - Exporting the following env vars:
AIRFLOW_CTX_DAG_OWNER=***
AIRFLOW_CTX_DAG_ID=my_project
AIRFLOW_CTX_TASK_ID=choose_best_model
AIRFLOW_CTX_EXECUTION_DATE=2022-04-05T00:00:00+00:00
AIRFLOW_CTX_DAG_RUN_ID=scheduled__2022-04-05T00:00:00+00:00
[2022-04-06 14:23:40,020] {python.py:175} INFO - Done. Returned value was: inaccurate
[2022-04-06 14:23:40,021] {skipmixin.py:140} INFO - Following branch inaccurate
[2022-04-06 14:23:40,021] {skipmixin.py:171} INFO - Skipping tasks ['accurate']
[2022-04-06 14:23:40,179] {taskinstance.py:1282} INFO - Marking task as SUCCESS. dag_id=my_project, task_id=choose_best_model, execution_date=20220405T000000, start_date=20220406T142339, end_date=20220406T142340
[2022-04-06 14:23:40,316] {local_task_job.py:154} INFO - Task exited with return code 0
[2022-04-06 14:23:40,433] {local_task_job.py:264} INFO - 1 downstream tasks scheduled from follow-on schedule check
