[2022-04-19 14:01:00,027] {taskinstance.py:1037} INFO - Dependencies all met for <TaskInstance: hook_dag.log_end manual__2022-04-19T13:59:56.853838+00:00 [queued]>
[2022-04-19 14:01:00,039] {taskinstance.py:1037} INFO - Dependencies all met for <TaskInstance: hook_dag.log_end manual__2022-04-19T13:59:56.853838+00:00 [queued]>
[2022-04-19 14:01:00,040] {taskinstance.py:1243} INFO - 
--------------------------------------------------------------------------------
[2022-04-19 14:01:00,040] {taskinstance.py:1244} INFO - Starting attempt 2 of 2
[2022-04-19 14:01:00,040] {taskinstance.py:1245} INFO - 
--------------------------------------------------------------------------------
[2022-04-19 14:01:00,049] {taskinstance.py:1264} INFO - Executing <Task(PostgresOperator): log_end> on 2022-04-19 13:59:56.853838+00:00
[2022-04-19 14:01:00,054] {standard_task_runner.py:52} INFO - Started process 15534 to run task
[2022-04-19 14:01:00,057] {standard_task_runner.py:76} INFO - Running: ['***', 'tasks', 'run', 'hook_dag', 'log_end', 'manual__2022-04-19T13:59:56.853838+00:00', '--job-id', '447', '--raw', '--subdir', 'DAGS_FOLDER/hook_dag.py', '--cfg-path', '/tmp/tmpaw8w2i33', '--error-file', '/tmp/tmpboyi5om4']
[2022-04-19 14:01:00,060] {standard_task_runner.py:77} INFO - Job 447: Subtask log_end
[2022-04-19 14:01:00,115] {logging_mixin.py:109} INFO - Running <TaskInstance: hook_dag.log_end manual__2022-04-19T13:59:56.853838+00:00 [running]> on host 22e04adb6bfa
[2022-04-19 14:01:00,172] {taskinstance.py:1431} INFO - Exporting the following env vars:
AIRFLOW_CTX_DAG_OWNER=***
AIRFLOW_CTX_DAG_ID=hook_dag
AIRFLOW_CTX_TASK_ID=log_end
AIRFLOW_CTX_EXECUTION_DATE=2022-04-19T13:59:56.853838+00:00
AIRFLOW_CTX_DAG_RUN_ID=manual__2022-04-19T13:59:56.853838+00:00
[2022-04-19 14:01:00,181] {base.py:79} INFO - Using connection to: id: postgres_default. Host: postgres, Port: 5432, Schema: ***, Login: ***, Password: ***, extra: {}
[2022-04-19 14:01:00,186] {dbapi.py:225} INFO - Running statement: UPDATE list_flow_log
SET q_source=null, q_target=null, t_end=NOW(), status=2, optional_key=null, comment = 'success'
where id = 20;, parameters: None
[2022-04-19 14:01:00,187] {dbapi.py:233} INFO - Rows affected: 1
[2022-04-19 14:01:00,198] {taskinstance.py:1282} INFO - Marking task as SUCCESS. dag_id=hook_dag, task_id=log_end, execution_date=20220419T135956, start_date=20220419T140100, end_date=20220419T140100
[2022-04-19 14:01:00,232] {local_task_job.py:154} INFO - Task exited with return code 0
[2022-04-19 14:01:00,252] {local_task_job.py:264} INFO - 0 downstream tasks scheduled from follow-on schedule check
