[2022-04-25 08:37:02,580] {taskinstance.py:1037} INFO - Dependencies all met for <TaskInstance: cso_2295_ipo_2_cso_xls.py.check_current_month manual__2022-04-25T08:36:56.447912+00:00 [queued]>
[2022-04-25 08:37:02,614] {taskinstance.py:1037} INFO - Dependencies all met for <TaskInstance: cso_2295_ipo_2_cso_xls.py.check_current_month manual__2022-04-25T08:36:56.447912+00:00 [queued]>
[2022-04-25 08:37:02,615] {taskinstance.py:1243} INFO - 
--------------------------------------------------------------------------------
[2022-04-25 08:37:02,615] {taskinstance.py:1244} INFO - Starting attempt 1 of 1
[2022-04-25 08:37:02,615] {taskinstance.py:1245} INFO - 
--------------------------------------------------------------------------------
[2022-04-25 08:37:02,647] {taskinstance.py:1264} INFO - Executing <Task(ShortCircuitOperator): check_current_month> on 2022-04-25 08:36:56.447912+00:00
[2022-04-25 08:37:02,654] {standard_task_runner.py:52} INFO - Started process 1832 to run task
[2022-04-25 08:37:02,661] {standard_task_runner.py:76} INFO - Running: ['***', 'tasks', 'run', 'cso_2295_ipo_2_cso_xls.py', 'check_current_month', 'manual__2022-04-25T08:36:56.447912+00:00', '--job-id', '1112', '--raw', '--subdir', 'DAGS_FOLDER/cso_2295/cso_2295_ipo_2_cso_xls.py', '--cfg-path', '/tmp/tmp4gmu1l0r', '--error-file', '/tmp/tmp4qmg1q8t']
[2022-04-25 08:37:02,670] {standard_task_runner.py:77} INFO - Job 1112: Subtask check_current_month
[2022-04-25 08:37:02,739] {logging_mixin.py:109} INFO - Running <TaskInstance: cso_2295_ipo_2_cso_xls.py.check_current_month manual__2022-04-25T08:36:56.447912+00:00 [running]> on host 22e04adb6bfa
[2022-04-25 08:37:02,790] {taskinstance.py:1431} INFO - Exporting the following env vars:
AIRFLOW_CTX_DAG_OWNER=***
AIRFLOW_CTX_DAG_ID=cso_2295_ipo_2_cso_xls.py
AIRFLOW_CTX_TASK_ID=check_current_month
AIRFLOW_CTX_EXECUTION_DATE=2022-04-25T08:36:56.447912+00:00
AIRFLOW_CTX_DAG_RUN_ID=manual__2022-04-25T08:36:56.447912+00:00
[2022-04-25 08:37:02,791] {python.py:175} INFO - Done. Returned value was: True
[2022-04-25 08:37:02,791] {python.py:239} INFO - Condition result is True
[2022-04-25 08:37:02,791] {python.py:242} INFO - Proceeding with downstream tasks...
[2022-04-25 08:37:02,804] {taskinstance.py:1282} INFO - Marking task as SUCCESS. dag_id=cso_2295_ipo_2_cso_xls.py, task_id=check_current_month, execution_date=20220425T083656, start_date=20220425T083702, end_date=20220425T083702
[2022-04-25 08:37:02,837] {local_task_job.py:154} INFO - Task exited with return code 0
[2022-04-25 08:37:02,887] {local_task_job.py:264} INFO - 1 downstream tasks scheduled from follow-on schedule check
