[2022-04-28 15:51:06,142] {taskinstance.py:1037} INFO - Dependencies all met for <TaskInstance: cso_2295_ipo_2_cso_bd.py.log_start1 manual__2022-04-28T15:51:03.131601+00:00 [queued]>
[2022-04-28 15:51:06,152] {taskinstance.py:1037} INFO - Dependencies all met for <TaskInstance: cso_2295_ipo_2_cso_bd.py.log_start1 manual__2022-04-28T15:51:03.131601+00:00 [queued]>
[2022-04-28 15:51:06,152] {taskinstance.py:1243} INFO - 
--------------------------------------------------------------------------------
[2022-04-28 15:51:06,152] {taskinstance.py:1244} INFO - Starting attempt 1 of 1
[2022-04-28 15:51:06,152] {taskinstance.py:1245} INFO - 
--------------------------------------------------------------------------------
[2022-04-28 15:51:06,161] {taskinstance.py:1264} INFO - Executing <Task(PostgresOperator): log_start1> on 2022-04-28 15:51:03.131601+00:00
[2022-04-28 15:51:06,165] {standard_task_runner.py:52} INFO - Started process 21842 to run task
[2022-04-28 15:51:06,167] {standard_task_runner.py:76} INFO - Running: ['***', 'tasks', 'run', 'cso_2295_ipo_2_cso_bd.py', 'log_start1', 'manual__2022-04-28T15:51:03.131601+00:00', '--job-id', '1410', '--raw', '--subdir', 'DAGS_FOLDER/cso_2295/cso_2295_ipo_2_cso_bd.py', '--cfg-path', '/tmp/tmpq6njlbk9', '--error-file', '/tmp/tmp1o57pycl']
[2022-04-28 15:51:06,168] {standard_task_runner.py:77} INFO - Job 1410: Subtask log_start1
[2022-04-28 15:51:06,213] {logging_mixin.py:109} INFO - Running <TaskInstance: cso_2295_ipo_2_cso_bd.py.log_start1 manual__2022-04-28T15:51:03.131601+00:00 [running]> on host 0936e4a14e76
[2022-04-28 15:51:06,258] {taskinstance.py:1431} INFO - Exporting the following env vars:
AIRFLOW_CTX_DAG_OWNER=***
AIRFLOW_CTX_DAG_ID=cso_2295_ipo_2_cso_bd.py
AIRFLOW_CTX_TASK_ID=log_start1
AIRFLOW_CTX_EXECUTION_DATE=2022-04-28T15:51:03.131601+00:00
AIRFLOW_CTX_DAG_RUN_ID=manual__2022-04-28T15:51:03.131601+00:00
[2022-04-28 15:51:06,265] {base.py:79} INFO - Using connection to: id: postgres_default. Host: postgres, Port: 5432, Schema: ***, Login: ***, Password: ***, extra: {}
[2022-04-28 15:51:06,268] {dbapi.py:225} INFO - Running statement: do $$
declare
	q_stream integer;
begin  
	select 1 into q_stream
	from list_flow_log
	where object_flow = 0 and status = 1;
  
	if q_stream > 0 then
		raise exception 'IP-offline - The stream is blocked';
	else 
  		INSERT INTO list_flow_log (object_flow, t_start, status) VALUES(0, NOW(), 1);
	end if;

end $$, parameters: None
[2022-04-28 15:51:06,280] {taskinstance.py:1282} INFO - Marking task as SUCCESS. dag_id=cso_2295_ipo_2_cso_bd.py, task_id=log_start1, execution_date=20220428T155103, start_date=20220428T155106, end_date=20220428T155106
[2022-04-28 15:51:06,299] {local_task_job.py:154} INFO - Task exited with return code 0
[2022-04-28 15:51:06,332] {local_task_job.py:264} INFO - 1 downstream tasks scheduled from follow-on schedule check
