[2022-04-19 13:56:44,630] {taskinstance.py:1037} INFO - Dependencies all met for <TaskInstance: hook_dag.log_sensor_1 manual__2022-04-19T13:56:40.097321+00:00 [queued]>
[2022-04-19 13:56:44,647] {taskinstance.py:1037} INFO - Dependencies all met for <TaskInstance: hook_dag.log_sensor_1 manual__2022-04-19T13:56:40.097321+00:00 [queued]>
[2022-04-19 13:56:44,648] {taskinstance.py:1243} INFO - 
--------------------------------------------------------------------------------
[2022-04-19 13:56:44,648] {taskinstance.py:1244} INFO - Starting attempt 1 of 2
[2022-04-19 13:56:44,648] {taskinstance.py:1245} INFO - 
--------------------------------------------------------------------------------
[2022-04-19 13:56:44,668] {taskinstance.py:1264} INFO - Executing <Task(SqlSensor): log_sensor_1> on 2022-04-19 13:56:40.097321+00:00
[2022-04-19 13:56:44,672] {standard_task_runner.py:52} INFO - Started process 15304 to run task
[2022-04-19 13:56:44,679] {standard_task_runner.py:76} INFO - Running: ['***', 'tasks', 'run', 'hook_dag', 'log_sensor_1', 'manual__2022-04-19T13:56:40.097321+00:00', '--job-id', '434', '--raw', '--subdir', 'DAGS_FOLDER/hook_dag.py', '--cfg-path', '/tmp/tmpfpoxvv61', '--error-file', '/tmp/tmpg5kcv_ku']
[2022-04-19 13:56:44,679] {standard_task_runner.py:77} INFO - Job 434: Subtask log_sensor_1
[2022-04-19 13:56:44,754] {logging_mixin.py:109} INFO - Running <TaskInstance: hook_dag.log_sensor_1 manual__2022-04-19T13:56:40.097321+00:00 [running]> on host 22e04adb6bfa
[2022-04-19 13:56:44,869] {taskinstance.py:1431} INFO - Exporting the following env vars:
AIRFLOW_CTX_DAG_OWNER=***
AIRFLOW_CTX_DAG_ID=hook_dag
AIRFLOW_CTX_TASK_ID=log_sensor_1
AIRFLOW_CTX_EXECUTION_DATE=2022-04-19T13:56:40.097321+00:00
AIRFLOW_CTX_DAG_RUN_ID=manual__2022-04-19T13:56:40.097321+00:00
[2022-04-19 13:56:44,877] {base.py:79} INFO - Using connection to: id: postgres_default. Host: postgres, Port: 5432, Schema: ***, Login: ***, Password: ***, extra: {}
[2022-04-19 13:56:44,933] {sql.py:98} INFO - Poking: select case when q = 'true' then 1 else 0 end as q from  (
	select case when count(id)=0 then 'true' else 'false' end as q
	from list_flow_log
	where object_flow = 1 and status = 1
) t1; (with parameters None)
[2022-04-19 13:56:44,939] {base.py:79} INFO - Using connection to: id: postgres_default. Host: postgres, Port: 5432, Schema: ***, Login: ***, Password: ***, extra: {}
[2022-04-19 13:56:44,944] {base.py:251} INFO - Success criteria met. Exiting.
[2022-04-19 13:56:44,958] {taskinstance.py:1282} INFO - Marking task as SUCCESS. dag_id=hook_dag, task_id=log_sensor_1, execution_date=20220419T135640, start_date=20220419T135644, end_date=20220419T135644
[2022-04-19 13:56:45,016] {local_task_job.py:154} INFO - Task exited with return code 0
[2022-04-19 13:56:45,077] {local_task_job.py:264} INFO - 1 downstream tasks scheduled from follow-on schedule check
