[2022-04-06 14:23:36,766] {taskinstance.py:1037} INFO - Dependencies all met for <TaskInstance: my_project.training_model_A scheduled__2022-04-05T00:00:00+00:00 [queued]>
[2022-04-06 14:23:36,776] {taskinstance.py:1037} INFO - Dependencies all met for <TaskInstance: my_project.training_model_A scheduled__2022-04-05T00:00:00+00:00 [queued]>
[2022-04-06 14:23:36,776] {taskinstance.py:1243} INFO - 
--------------------------------------------------------------------------------
[2022-04-06 14:23:36,776] {taskinstance.py:1244} INFO - Starting attempt 1 of 1
[2022-04-06 14:23:36,776] {taskinstance.py:1245} INFO - 
--------------------------------------------------------------------------------
[2022-04-06 14:23:36,887] {taskinstance.py:1264} INFO - Executing <Task(PythonOperator): training_model_A> on 2022-04-05 00:00:00+00:00
[2022-04-06 14:23:36,891] {standard_task_runner.py:52} INFO - Started process 84 to run task
[2022-04-06 14:23:36,893] {standard_task_runner.py:76} INFO - Running: ['***', 'tasks', 'run', 'my_project', 'training_model_A', 'scheduled__2022-04-05T00:00:00+00:00', '--job-id', '37', '--raw', '--subdir', 'DAGS_FOLDER/my_project.py', '--cfg-path', '/tmp/tmp8kuch8he', '--error-file', '/tmp/tmpf99yq3s3']
[2022-04-06 14:23:36,893] {standard_task_runner.py:77} INFO - Job 37: Subtask training_model_A
[2022-04-06 14:23:37,009] {logging_mixin.py:109} INFO - Running <TaskInstance: my_project.training_model_A scheduled__2022-04-05T00:00:00+00:00 [running]> on host 13210251e6a6
[2022-04-06 14:23:37,638] {taskinstance.py:1431} INFO - Exporting the following env vars:
AIRFLOW_CTX_DAG_OWNER=***
AIRFLOW_CTX_DAG_ID=my_project
AIRFLOW_CTX_TASK_ID=training_model_A
AIRFLOW_CTX_EXECUTION_DATE=2022-04-05T00:00:00+00:00
AIRFLOW_CTX_DAG_RUN_ID=scheduled__2022-04-05T00:00:00+00:00
[2022-04-06 14:23:37,640] {python.py:175} INFO - Done. Returned value was: 2
[2022-04-06 14:23:37,904] {taskinstance.py:1282} INFO - Marking task as SUCCESS. dag_id=my_project, task_id=training_model_A, execution_date=20220405T000000, start_date=20220406T142336, end_date=20220406T142337
[2022-04-06 14:23:38,052] {local_task_job.py:154} INFO - Task exited with return code 0
[2022-04-06 14:23:38,155] {local_task_job.py:264} INFO - 1 downstream tasks scheduled from follow-on schedule check
