[2022-04-20 15:18:08,945] {taskinstance.py:1037} INFO - Dependencies all met for <TaskInstance: hook_dag.branching_xml scheduled__2022-04-20T14:25:19+00:00 [queued]>
[2022-04-20 15:18:08,968] {taskinstance.py:1037} INFO - Dependencies all met for <TaskInstance: hook_dag.branching_xml scheduled__2022-04-20T14:25:19+00:00 [queued]>
[2022-04-20 15:18:08,969] {taskinstance.py:1243} INFO - 
--------------------------------------------------------------------------------
[2022-04-20 15:18:08,969] {taskinstance.py:1244} INFO - Starting attempt 1 of 2
[2022-04-20 15:18:08,969] {taskinstance.py:1245} INFO - 
--------------------------------------------------------------------------------
[2022-04-20 15:18:08,990] {taskinstance.py:1264} INFO - Executing <Task(BranchPythonOperator): branching_xml> on 2022-04-20 14:25:19+00:00
[2022-04-20 15:18:09,002] {standard_task_runner.py:52} INFO - Started process 21471 to run task
[2022-04-20 15:18:09,019] {standard_task_runner.py:76} INFO - Running: ['***', 'tasks', 'run', 'hook_dag', 'branching_xml', 'scheduled__2022-04-20T14:25:19+00:00', '--job-id', '676', '--raw', '--subdir', 'DAGS_FOLDER/hook_dag.py', '--cfg-path', '/tmp/tmp0kur29o6', '--error-file', '/tmp/tmpakd_rpq7']
[2022-04-20 15:18:09,020] {standard_task_runner.py:77} INFO - Job 676: Subtask branching_xml
[2022-04-20 15:18:09,106] {logging_mixin.py:109} INFO - Running <TaskInstance: hook_dag.branching_xml scheduled__2022-04-20T14:25:19+00:00 [running]> on host 22e04adb6bfa
[2022-04-20 15:18:09,258] {taskinstance.py:1431} INFO - Exporting the following env vars:
AIRFLOW_CTX_DAG_OWNER=***
AIRFLOW_CTX_DAG_ID=hook_dag
AIRFLOW_CTX_TASK_ID=branching_xml
AIRFLOW_CTX_EXECUTION_DATE=2022-04-20T14:25:19+00:00
AIRFLOW_CTX_DAG_RUN_ID=scheduled__2022-04-20T14:25:19+00:00
[2022-04-20 15:18:09,282] {python.py:175} INFO - Done. Returned value was: transfer_xml
[2022-04-20 15:18:09,282] {skipmixin.py:140} INFO - Following branch transfer_xml
[2022-04-20 15:18:09,282] {skipmixin.py:171} INFO - Skipping tasks ['log_end_no_data_1']
[2022-04-20 15:18:09,398] {taskinstance.py:1282} INFO - Marking task as SUCCESS. dag_id=hook_dag, task_id=branching_xml, execution_date=20220420T142519, start_date=20220420T151808, end_date=20220420T151809
[2022-04-20 15:18:09,471] {local_task_job.py:154} INFO - Task exited with return code 0
[2022-04-20 15:18:09,537] {local_task_job.py:264} INFO - 1 downstream tasks scheduled from follow-on schedule check
