[2022-04-25 15:41:32,170] {taskinstance.py:1037} INFO - Dependencies all met for <TaskInstance: cso_2295_ipo_2_cso_xls.py.check_system_target1 scheduled__2022-04-24T15:41:00+00:00 [queued]>
[2022-04-25 15:41:32,180] {taskinstance.py:1037} INFO - Dependencies all met for <TaskInstance: cso_2295_ipo_2_cso_xls.py.check_system_target1 scheduled__2022-04-24T15:41:00+00:00 [queued]>
[2022-04-25 15:41:32,180] {taskinstance.py:1243} INFO - 
--------------------------------------------------------------------------------
[2022-04-25 15:41:32,180] {taskinstance.py:1244} INFO - Starting attempt 1 of 1
[2022-04-25 15:41:32,180] {taskinstance.py:1245} INFO - 
--------------------------------------------------------------------------------
[2022-04-25 15:41:32,254] {taskinstance.py:1264} INFO - Executing <Task(BranchPythonOperator): check_system_target1> on 2022-04-24 15:41:00+00:00
[2022-04-25 15:41:32,258] {standard_task_runner.py:52} INFO - Started process 22573 to run task
[2022-04-25 15:41:32,261] {standard_task_runner.py:76} INFO - Running: ['***', 'tasks', 'run', 'cso_2295_ipo_2_cso_xls.py', 'check_system_target1', 'scheduled__2022-04-24T15:41:00+00:00', '--job-id', '1249', '--raw', '--subdir', 'DAGS_FOLDER/cso_2295/cso_2295_ipo_2_cso_xls.py', '--cfg-path', '/tmp/tmpxihy8o7z', '--error-file', '/tmp/tmprs0oar19']
[2022-04-25 15:41:32,261] {standard_task_runner.py:77} INFO - Job 1249: Subtask check_system_target1
[2022-04-25 15:41:32,383] {logging_mixin.py:109} INFO - Running <TaskInstance: cso_2295_ipo_2_cso_xls.py.check_system_target1 scheduled__2022-04-24T15:41:00+00:00 [running]> on host 22e04adb6bfa
[2022-04-25 15:41:32,506] {taskinstance.py:1431} INFO - Exporting the following env vars:
AIRFLOW_CTX_DAG_OWNER=***
AIRFLOW_CTX_DAG_ID=cso_2295_ipo_2_cso_xls.py
AIRFLOW_CTX_TASK_ID=check_system_target1
AIRFLOW_CTX_EXECUTION_DATE=2022-04-24T15:41:00+00:00
AIRFLOW_CTX_DAG_RUN_ID=scheduled__2022-04-24T15:41:00+00:00
[2022-04-25 15:41:32,506] {python.py:175} INFO - Done. Returned value was: branching1
[2022-04-25 15:41:32,506] {skipmixin.py:140} INFO - Following branch branching1
[2022-04-25 15:41:32,507] {skipmixin.py:171} INFO - Skipping tasks ['log_err_access_target1']
[2022-04-25 15:41:32,680] {taskinstance.py:1282} INFO - Marking task as SUCCESS. dag_id=cso_2295_ipo_2_cso_xls.py, task_id=check_system_target1, execution_date=20220424T154100, start_date=20220425T154132, end_date=20220425T154132
[2022-04-25 15:41:32,762] {local_task_job.py:154} INFO - Task exited with return code 0
[2022-04-25 15:41:33,073] {local_task_job.py:264} INFO - 1 downstream tasks scheduled from follow-on schedule check
