[2022-04-25 15:41:12,462] {taskinstance.py:1037} INFO - Dependencies all met for <TaskInstance: cso_2295_ipo_2_cso_xls.py.sleep scheduled__2022-04-24T15:41:00+00:00 [queued]>
[2022-04-25 15:41:12,475] {taskinstance.py:1037} INFO - Dependencies all met for <TaskInstance: cso_2295_ipo_2_cso_xls.py.sleep scheduled__2022-04-24T15:41:00+00:00 [queued]>
[2022-04-25 15:41:12,475] {taskinstance.py:1243} INFO - 
--------------------------------------------------------------------------------
[2022-04-25 15:41:12,478] {taskinstance.py:1244} INFO - Starting attempt 1 of 1
[2022-04-25 15:41:12,478] {taskinstance.py:1245} INFO - 
--------------------------------------------------------------------------------
[2022-04-25 15:41:12,554] {taskinstance.py:1264} INFO - Executing <Task(BashOperator): sleep> on 2022-04-24 15:41:00+00:00
[2022-04-25 15:41:12,581] {standard_task_runner.py:52} INFO - Started process 22529 to run task
[2022-04-25 15:41:12,589] {standard_task_runner.py:76} INFO - Running: ['***', 'tasks', 'run', 'cso_2295_ipo_2_cso_xls.py', 'sleep', 'scheduled__2022-04-24T15:41:00+00:00', '--job-id', '1236', '--raw', '--subdir', 'DAGS_FOLDER/cso_2295/cso_2295_ipo_2_cso_xls.py', '--cfg-path', '/tmp/tmpum8_c5fp', '--error-file', '/tmp/tmp_nz_sx2m']
[2022-04-25 15:41:12,590] {standard_task_runner.py:77} INFO - Job 1236: Subtask sleep
[2022-04-25 15:41:12,840] {logging_mixin.py:109} INFO - Running <TaskInstance: cso_2295_ipo_2_cso_xls.py.sleep scheduled__2022-04-24T15:41:00+00:00 [running]> on host 22e04adb6bfa
[2022-04-25 15:41:13,144] {taskinstance.py:1431} INFO - Exporting the following env vars:
AIRFLOW_CTX_DAG_OWNER=***
AIRFLOW_CTX_DAG_ID=cso_2295_ipo_2_cso_xls.py
AIRFLOW_CTX_TASK_ID=sleep
AIRFLOW_CTX_EXECUTION_DATE=2022-04-24T15:41:00+00:00
AIRFLOW_CTX_DAG_RUN_ID=scheduled__2022-04-24T15:41:00+00:00
[2022-04-25 15:41:13,145] {subprocess.py:62} INFO - Tmp dir root location: 
 /tmp
[2022-04-25 15:41:13,145] {subprocess.py:74} INFO - Running command: ['bash', '-c', 'sleep 5']
[2022-04-25 15:41:14,420] {subprocess.py:85} INFO - Output:
[2022-04-25 15:41:19,924] {subprocess.py:93} INFO - Command exited with return code 0
[2022-04-25 15:41:20,257] {taskinstance.py:1282} INFO - Marking task as SUCCESS. dag_id=cso_2295_ipo_2_cso_xls.py, task_id=sleep, execution_date=20220424T154100, start_date=20220425T154112, end_date=20220425T154120
[2022-04-25 15:41:20,459] {local_task_job.py:154} INFO - Task exited with return code 0
[2022-04-25 15:41:20,650] {local_task_job.py:264} INFO - 1 downstream tasks scheduled from follow-on schedule check
