[2022-04-05 20:29:37,308] {taskinstance.py:1037} INFO - Dependencies all met for <TaskInstance: my_project.training_model_C scheduled__2022-04-04T00:00:00+00:00 [queued]>
[2022-04-05 20:29:37,373] {taskinstance.py:1037} INFO - Dependencies all met for <TaskInstance: my_project.training_model_C scheduled__2022-04-04T00:00:00+00:00 [queued]>
[2022-04-05 20:29:37,385] {taskinstance.py:1243} INFO - 
--------------------------------------------------------------------------------
[2022-04-05 20:29:37,385] {taskinstance.py:1244} INFO - Starting attempt 1 of 1
[2022-04-05 20:29:37,385] {taskinstance.py:1245} INFO - 
--------------------------------------------------------------------------------
[2022-04-05 20:29:37,445] {taskinstance.py:1264} INFO - Executing <Task(PythonOperator): training_model_C> on 2022-04-04 00:00:00+00:00
[2022-04-05 20:29:37,453] {standard_task_runner.py:76} INFO - Running: ['***', 'tasks', 'run', 'my_project', 'training_model_C', 'scheduled__2022-04-04T00:00:00+00:00', '--job-id', '5', '--raw', '--subdir', 'DAGS_FOLDER/my_project.py', '--cfg-path', '/tmp/tmphbnep2nv', '--error-file', '/tmp/tmpzl1y6rzt']
[2022-04-05 20:29:37,453] {standard_task_runner.py:77} INFO - Job 5: Subtask training_model_C
[2022-04-05 20:29:37,450] {standard_task_runner.py:52} INFO - Started process 370 to run task
[2022-04-05 20:29:37,604] {logging_mixin.py:109} INFO - Running <TaskInstance: my_project.training_model_C scheduled__2022-04-04T00:00:00+00:00 [running]> on host 13210251e6a6
[2022-04-05 20:29:37,796] {taskinstance.py:1431} INFO - Exporting the following env vars:
AIRFLOW_CTX_DAG_OWNER=***
AIRFLOW_CTX_DAG_ID=my_project
AIRFLOW_CTX_TASK_ID=training_model_C
AIRFLOW_CTX_EXECUTION_DATE=2022-04-04T00:00:00+00:00
AIRFLOW_CTX_DAG_RUN_ID=scheduled__2022-04-04T00:00:00+00:00
[2022-04-05 20:29:37,832] {python.py:175} INFO - Done. Returned value was: 7
[2022-04-05 20:29:37,888] {taskinstance.py:1282} INFO - Marking task as SUCCESS. dag_id=my_project, task_id=training_model_C, execution_date=20220404T000000, start_date=20220405T202937, end_date=20220405T202937
[2022-04-05 20:29:37,948] {local_task_job.py:154} INFO - Task exited with return code 0
[2022-04-05 20:29:38,057] {local_task_job.py:264} INFO - 0 downstream tasks scheduled from follow-on schedule check
