[2022-04-25 08:47:19,541] {taskinstance.py:1037} INFO - Dependencies all met for <TaskInstance: cso_2295_ipo_2_cso_xls.py.transfer_cso_calendar manual__2022-04-25T08:46:57.683080+00:00 [queued]>
[2022-04-25 08:47:19,550] {taskinstance.py:1037} INFO - Dependencies all met for <TaskInstance: cso_2295_ipo_2_cso_xls.py.transfer_cso_calendar manual__2022-04-25T08:46:57.683080+00:00 [queued]>
[2022-04-25 08:47:19,550] {taskinstance.py:1243} INFO - 
--------------------------------------------------------------------------------
[2022-04-25 08:47:19,550] {taskinstance.py:1244} INFO - Starting attempt 1 of 1
[2022-04-25 08:47:19,551] {taskinstance.py:1245} INFO - 
--------------------------------------------------------------------------------
[2022-04-25 08:47:19,559] {taskinstance.py:1264} INFO - Executing <Task(Postgres2File): transfer_cso_calendar> on 2022-04-25 08:46:57.683080+00:00
[2022-04-25 08:47:19,563] {standard_task_runner.py:52} INFO - Started process 2602 to run task
[2022-04-25 08:47:19,565] {standard_task_runner.py:76} INFO - Running: ['***', 'tasks', 'run', 'cso_2295_ipo_2_cso_xls.py', 'transfer_cso_calendar', 'manual__2022-04-25T08:46:57.683080+00:00', '--job-id', '1200', '--raw', '--subdir', 'DAGS_FOLDER/cso_2295/cso_2295_ipo_2_cso_xls.py', '--cfg-path', '/tmp/tmpivj_c5qj', '--error-file', '/tmp/tmpy0t3g1n6']
[2022-04-25 08:47:19,566] {standard_task_runner.py:77} INFO - Job 1200: Subtask transfer_cso_calendar
[2022-04-25 08:47:19,610] {logging_mixin.py:109} INFO - Running <TaskInstance: cso_2295_ipo_2_cso_xls.py.transfer_cso_calendar manual__2022-04-25T08:46:57.683080+00:00 [running]> on host 22e04adb6bfa
[2022-04-25 08:47:19,660] {taskinstance.py:1431} INFO - Exporting the following env vars:
AIRFLOW_CTX_DAG_OWNER=***
AIRFLOW_CTX_DAG_ID=cso_2295_ipo_2_cso_xls.py
AIRFLOW_CTX_TASK_ID=transfer_cso_calendar
AIRFLOW_CTX_EXECUTION_DATE=2022-04-25T08:46:57.683080+00:00
AIRFLOW_CTX_DAG_RUN_ID=manual__2022-04-25T08:46:57.683080+00:00
[2022-04-25 08:47:19,671] {base.py:79} INFO - Using connection to: id: postgres_default. Host: postgres, Port: 5432, Schema: ***, Login: ***, Password: ***, extra: {}
[2022-04-25 08:47:19,712] {taskinstance.py:1282} INFO - Marking task as SUCCESS. dag_id=cso_2295_ipo_2_cso_xls.py, task_id=transfer_cso_calendar, execution_date=20220425T084657, start_date=20220425T084719, end_date=20220425T084719
[2022-04-25 08:47:19,737] {local_task_job.py:154} INFO - Task exited with return code 0
[2022-04-25 08:47:19,781] {base.py:79} INFO - Using connection to: id: postgres_default. Host: postgres, Port: 5432, Schema: ***, Login: ***, Password: ***, extra: {}
[2022-04-25 08:47:19,783] {dbapi.py:225} INFO - Running statement: UPDATE list_flow_log
                        SET q_source=118,
                        q_target=118, t_end=NOW(), status=2,
                        optional_key='transfer_cso_calendar'
                        where id = 110;, parameters: None
[2022-04-25 08:47:19,784] {dbapi.py:233} INFO - Rows affected: 1
[2022-04-25 08:47:19,802] {local_task_job.py:264} INFO - 0 downstream tasks scheduled from follow-on schedule check
