[2022-04-20 15:33:56,553] {taskinstance.py:1037} INFO - Dependencies all met for <TaskInstance: hook_dag.cond_true scheduled__2022-04-20T15:33:21+00:00 [queued]>
[2022-04-20 15:33:56,581] {taskinstance.py:1037} INFO - Dependencies all met for <TaskInstance: hook_dag.cond_true scheduled__2022-04-20T15:33:21+00:00 [queued]>
[2022-04-20 15:33:56,581] {taskinstance.py:1243} INFO - 
--------------------------------------------------------------------------------
[2022-04-20 15:33:56,581] {taskinstance.py:1244} INFO - Starting attempt 1 of 2
[2022-04-20 15:33:56,581] {taskinstance.py:1245} INFO - 
--------------------------------------------------------------------------------
[2022-04-20 15:33:56,946] {taskinstance.py:1264} INFO - Executing <Task(ShortCircuitOperator): cond_true> on 2022-04-20 15:33:21+00:00
[2022-04-20 15:33:56,973] {standard_task_runner.py:76} INFO - Running: ['***', 'tasks', 'run', 'hook_dag', 'cond_true', 'scheduled__2022-04-20T15:33:21+00:00', '--job-id', '689', '--raw', '--subdir', 'DAGS_FOLDER/hook_dag.py', '--cfg-path', '/tmp/tmpuauxtamm', '--error-file', '/tmp/tmppt4ihp65']
[2022-04-20 15:33:56,975] {standard_task_runner.py:77} INFO - Job 689: Subtask cond_true
[2022-04-20 15:33:56,961] {standard_task_runner.py:52} INFO - Started process 22270 to run task
[2022-04-20 15:33:57,228] {logging_mixin.py:109} INFO - Running <TaskInstance: hook_dag.cond_true scheduled__2022-04-20T15:33:21+00:00 [running]> on host 22e04adb6bfa
[2022-04-20 15:33:57,616] {taskinstance.py:1431} INFO - Exporting the following env vars:
AIRFLOW_CTX_DAG_OWNER=***
AIRFLOW_CTX_DAG_ID=hook_dag
AIRFLOW_CTX_TASK_ID=cond_true
AIRFLOW_CTX_EXECUTION_DATE=2022-04-20T15:33:21+00:00
AIRFLOW_CTX_DAG_RUN_ID=scheduled__2022-04-20T15:33:21+00:00
[2022-04-20 15:33:57,621] {python.py:175} INFO - Done. Returned value was: True
[2022-04-20 15:33:57,621] {python.py:239} INFO - Condition result is True
[2022-04-20 15:33:57,624] {python.py:242} INFO - Proceeding with downstream tasks...
[2022-04-20 15:33:58,115] {taskinstance.py:1282} INFO - Marking task as SUCCESS. dag_id=hook_dag, task_id=cond_true, execution_date=20220420T153321, start_date=20220420T153356, end_date=20220420T153358
[2022-04-20 15:33:58,318] {local_task_job.py:154} INFO - Task exited with return code 0
[2022-04-20 15:33:58,408] {local_task_job.py:264} INFO - 1 downstream tasks scheduled from follow-on schedule check
