[2022-04-19 11:49:49,954] {taskinstance.py:1037} INFO - Dependencies all met for <TaskInstance: hook_dag.log_sensor manual__2022-04-19T11:49:48.810909+00:00 [queued]>
[2022-04-19 11:49:49,962] {taskinstance.py:1037} INFO - Dependencies all met for <TaskInstance: hook_dag.log_sensor manual__2022-04-19T11:49:48.810909+00:00 [queued]>
[2022-04-19 11:49:49,962] {taskinstance.py:1243} INFO - 
--------------------------------------------------------------------------------
[2022-04-19 11:49:49,962] {taskinstance.py:1244} INFO - Starting attempt 1 of 2
[2022-04-19 11:49:49,962] {taskinstance.py:1245} INFO - 
--------------------------------------------------------------------------------
[2022-04-19 11:49:49,969] {taskinstance.py:1264} INFO - Executing <Task(SqlSensor): log_sensor> on 2022-04-19 11:49:48.810909+00:00
[2022-04-19 11:49:49,973] {standard_task_runner.py:52} INFO - Started process 9058 to run task
[2022-04-19 11:49:49,975] {standard_task_runner.py:76} INFO - Running: ['***', 'tasks', 'run', 'hook_dag', 'log_sensor', 'manual__2022-04-19T11:49:48.810909+00:00', '--job-id', '327', '--raw', '--subdir', 'DAGS_FOLDER/hook_dag.py', '--cfg-path', '/tmp/tmphwho7xgf', '--error-file', '/tmp/tmp6qhi921z']
[2022-04-19 11:49:49,976] {standard_task_runner.py:77} INFO - Job 327: Subtask log_sensor
[2022-04-19 11:49:50,021] {logging_mixin.py:109} INFO - Running <TaskInstance: hook_dag.log_sensor manual__2022-04-19T11:49:48.810909+00:00 [running]> on host 22e04adb6bfa
[2022-04-19 11:49:50,058] {taskinstance.py:1431} INFO - Exporting the following env vars:
AIRFLOW_CTX_DAG_OWNER=***
AIRFLOW_CTX_DAG_ID=hook_dag
AIRFLOW_CTX_TASK_ID=log_sensor
AIRFLOW_CTX_EXECUTION_DATE=2022-04-19T11:49:48.810909+00:00
AIRFLOW_CTX_DAG_RUN_ID=manual__2022-04-19T11:49:48.810909+00:00
[2022-04-19 11:49:50,064] {base.py:79} INFO - Using connection to: id: postgres_default. Host: postgres, Port: 5432, Schema: ***, Login: ***, Password: ***, extra: {}
[2022-04-19 11:49:50,109] {sql.py:98} INFO - Poking: select case when q = 'true' then 1 else 0 end as q from  (
	select case when count(id)=0 then 'true' else 'false' end as q
	from list_flow_log
	where object_flow = 1 and status = 1
) t1; (with parameters None)
[2022-04-19 11:49:50,114] {base.py:79} INFO - Using connection to: id: postgres_default. Host: postgres, Port: 5432, Schema: ***, Login: ***, Password: ***, extra: {}
[2022-04-19 11:50:50,196] {base.py:79} INFO - Using connection to: id: postgres_default. Host: postgres, Port: 5432, Schema: ***, Login: ***, Password: ***, extra: {}
[2022-04-19 11:50:50,267] {sql.py:98} INFO - Poking: select case when q = 'true' then 1 else 0 end as q from  (
	select case when count(id)=0 then 'true' else 'false' end as q
	from list_flow_log
	where object_flow = 1 and status = 1
) t1; (with parameters None)
[2022-04-19 11:50:50,271] {base.py:79} INFO - Using connection to: id: postgres_default. Host: postgres, Port: 5432, Schema: ***, Login: ***, Password: ***, extra: {}
[2022-04-19 11:50:50,275] {base.py:251} INFO - Success criteria met. Exiting.
[2022-04-19 11:50:50,283] {taskinstance.py:1282} INFO - Marking task as SUCCESS. dag_id=hook_dag, task_id=log_sensor, execution_date=20220419T114948, start_date=20220419T114949, end_date=20220419T115050
[2022-04-19 11:50:50,329] {local_task_job.py:154} INFO - Task exited with return code 0
[2022-04-19 11:50:50,369] {local_task_job.py:264} INFO - 1 downstream tasks scheduled from follow-on schedule check
