[2022-04-19 14:08:56,756] {taskinstance.py:1037} INFO - Dependencies all met for <TaskInstance: hook_dag.branching manual__2022-04-19T14:07:46.908074+00:00 [queued]>
[2022-04-19 14:08:56,764] {taskinstance.py:1037} INFO - Dependencies all met for <TaskInstance: hook_dag.branching manual__2022-04-19T14:07:46.908074+00:00 [queued]>
[2022-04-19 14:08:56,764] {taskinstance.py:1243} INFO - 
--------------------------------------------------------------------------------
[2022-04-19 14:08:56,764] {taskinstance.py:1244} INFO - Starting attempt 1 of 2
[2022-04-19 14:08:56,764] {taskinstance.py:1245} INFO - 
--------------------------------------------------------------------------------
[2022-04-19 14:08:56,772] {taskinstance.py:1264} INFO - Executing <Task(BranchPythonOperator): branching> on 2022-04-19 14:07:46.908074+00:00
[2022-04-19 14:08:56,777] {standard_task_runner.py:52} INFO - Started process 16007 to run task
[2022-04-19 14:08:56,779] {standard_task_runner.py:76} INFO - Running: ['***', 'tasks', 'run', 'hook_dag', 'branching', 'manual__2022-04-19T14:07:46.908074+00:00', '--job-id', '476', '--raw', '--subdir', 'DAGS_FOLDER/hook_dag.py', '--cfg-path', '/tmp/tmp368540pz', '--error-file', '/tmp/tmpf_icjud1']
[2022-04-19 14:08:56,780] {standard_task_runner.py:77} INFO - Job 476: Subtask branching
[2022-04-19 14:08:56,821] {logging_mixin.py:109} INFO - Running <TaskInstance: hook_dag.branching manual__2022-04-19T14:07:46.908074+00:00 [running]> on host 22e04adb6bfa
[2022-04-19 14:08:56,864] {taskinstance.py:1431} INFO - Exporting the following env vars:
AIRFLOW_CTX_DAG_OWNER=***
AIRFLOW_CTX_DAG_ID=hook_dag
AIRFLOW_CTX_TASK_ID=branching
AIRFLOW_CTX_EXECUTION_DATE=2022-04-19T14:07:46.908074+00:00
AIRFLOW_CTX_DAG_RUN_ID=manual__2022-04-19T14:07:46.908074+00:00
[2022-04-19 14:08:56,870] {python.py:175} INFO - Done. Returned value was: transfer_suit_pa
[2022-04-19 14:08:56,870] {skipmixin.py:140} INFO - Following branch transfer_suit_pa
[2022-04-19 14:08:56,870] {skipmixin.py:171} INFO - Skipping tasks ['log_end_no_data_2']
[2022-04-19 14:08:56,898] {taskinstance.py:1282} INFO - Marking task as SUCCESS. dag_id=hook_dag, task_id=branching, execution_date=20220419T140746, start_date=20220419T140856, end_date=20220419T140856
[2022-04-19 14:08:56,911] {local_task_job.py:154} INFO - Task exited with return code 0
[2022-04-19 14:08:56,936] {local_task_job.py:264} INFO - 1 downstream tasks scheduled from follow-on schedule check
