[2022-04-19 11:48:40,196] {taskinstance.py:1037} INFO - Dependencies all met for <TaskInstance: hook_dag.log_sensor manual__2022-04-19T11:48:39.154940+00:00 [queued]>
[2022-04-19 11:48:40,203] {taskinstance.py:1037} INFO - Dependencies all met for <TaskInstance: hook_dag.log_sensor manual__2022-04-19T11:48:39.154940+00:00 [queued]>
[2022-04-19 11:48:40,203] {taskinstance.py:1243} INFO - 
--------------------------------------------------------------------------------
[2022-04-19 11:48:40,204] {taskinstance.py:1244} INFO - Starting attempt 1 of 2
[2022-04-19 11:48:40,204] {taskinstance.py:1245} INFO - 
--------------------------------------------------------------------------------
[2022-04-19 11:48:40,214] {taskinstance.py:1264} INFO - Executing <Task(SqlSensor): log_sensor> on 2022-04-19 11:48:39.154940+00:00
[2022-04-19 11:48:40,218] {standard_task_runner.py:52} INFO - Started process 9003 to run task
[2022-04-19 11:48:40,220] {standard_task_runner.py:76} INFO - Running: ['***', 'tasks', 'run', 'hook_dag', 'log_sensor', 'manual__2022-04-19T11:48:39.154940+00:00', '--job-id', '326', '--raw', '--subdir', 'DAGS_FOLDER/hook_dag.py', '--cfg-path', '/tmp/tmpq6etnap1', '--error-file', '/tmp/tmpi_3n672f']
[2022-04-19 11:48:40,221] {standard_task_runner.py:77} INFO - Job 326: Subtask log_sensor
[2022-04-19 11:48:40,265] {logging_mixin.py:109} INFO - Running <TaskInstance: hook_dag.log_sensor manual__2022-04-19T11:48:39.154940+00:00 [running]> on host 22e04adb6bfa
[2022-04-19 11:48:40,305] {taskinstance.py:1431} INFO - Exporting the following env vars:
AIRFLOW_CTX_DAG_OWNER=***
AIRFLOW_CTX_DAG_ID=hook_dag
AIRFLOW_CTX_TASK_ID=log_sensor
AIRFLOW_CTX_EXECUTION_DATE=2022-04-19T11:48:39.154940+00:00
AIRFLOW_CTX_DAG_RUN_ID=manual__2022-04-19T11:48:39.154940+00:00
[2022-04-19 11:48:40,311] {base.py:79} INFO - Using connection to: id: postgres_default. Host: postgres, Port: 5432, Schema: ***, Login: ***, Password: ***, extra: {}
[2022-04-19 11:48:40,360] {sql.py:98} INFO - Poking: select case when q = 'true' then 1 else 0 end as q from  (
	select case when count(id)=0 then 'true' else 'false' end as q
	from list_flow_log
	where object_flow = 1 and status = 1
) t1; (with parameters None)
[2022-04-19 11:48:40,365] {base.py:79} INFO - Using connection to: id: postgres_default. Host: postgres, Port: 5432, Schema: ***, Login: ***, Password: ***, extra: {}
[2022-04-19 11:49:00,611] {local_task_job.py:212} WARNING - State of this instance has been externally set to failed. Terminating instance.
[2022-04-19 11:49:00,614] {process_utils.py:124} INFO - Sending Signals.SIGTERM to group 9003. PIDs of all processes in the group: [9003]
[2022-04-19 11:49:00,614] {process_utils.py:75} INFO - Sending the signal Signals.SIGTERM to group 9003
[2022-04-19 11:49:00,615] {taskinstance.py:1413} ERROR - Received SIGTERM. Terminating subprocesses.
[2022-04-19 11:49:00,667] {process_utils.py:70} INFO - Process psutil.Process(pid=9003, status='terminated', exitcode=0, started='11:48:40') (9003) terminated with exit code 0
