[2022-04-25 08:45:29,543] {taskinstance.py:1037} INFO - Dependencies all met for <TaskInstance: cso_2295_ipo_2_cso_xls.py.log_sensor3 manual__2022-04-25T08:45:14.704898+00:00 [queued]>
[2022-04-25 08:45:29,551] {taskinstance.py:1037} INFO - Dependencies all met for <TaskInstance: cso_2295_ipo_2_cso_xls.py.log_sensor3 manual__2022-04-25T08:45:14.704898+00:00 [queued]>
[2022-04-25 08:45:29,552] {taskinstance.py:1243} INFO - 
--------------------------------------------------------------------------------
[2022-04-25 08:45:29,552] {taskinstance.py:1244} INFO - Starting attempt 1 of 1
[2022-04-25 08:45:29,552] {taskinstance.py:1245} INFO - 
--------------------------------------------------------------------------------
[2022-04-25 08:45:29,562] {taskinstance.py:1264} INFO - Executing <Task(SqlSensor): log_sensor3> on 2022-04-25 08:45:14.704898+00:00
[2022-04-25 08:45:29,566] {standard_task_runner.py:52} INFO - Started process 2424 to run task
[2022-04-25 08:45:29,572] {standard_task_runner.py:76} INFO - Running: ['***', 'tasks', 'run', 'cso_2295_ipo_2_cso_xls.py', 'log_sensor3', 'manual__2022-04-25T08:45:14.704898+00:00', '--job-id', '1170', '--raw', '--subdir', 'DAGS_FOLDER/cso_2295/cso_2295_ipo_2_cso_xls.py', '--cfg-path', '/tmp/tmpuh9km4gx', '--error-file', '/tmp/tmpy1v2klq1']
[2022-04-25 08:45:29,572] {standard_task_runner.py:77} INFO - Job 1170: Subtask log_sensor3
[2022-04-25 08:45:29,647] {logging_mixin.py:109} INFO - Running <TaskInstance: cso_2295_ipo_2_cso_xls.py.log_sensor3 manual__2022-04-25T08:45:14.704898+00:00 [running]> on host 22e04adb6bfa
[2022-04-25 08:45:29,696] {taskinstance.py:1431} INFO - Exporting the following env vars:
AIRFLOW_CTX_DAG_OWNER=***
AIRFLOW_CTX_DAG_ID=cso_2295_ipo_2_cso_xls.py
AIRFLOW_CTX_TASK_ID=log_sensor3
AIRFLOW_CTX_EXECUTION_DATE=2022-04-25T08:45:14.704898+00:00
AIRFLOW_CTX_DAG_RUN_ID=manual__2022-04-25T08:45:14.704898+00:00
[2022-04-25 08:45:29,702] {base.py:79} INFO - Using connection to: id: postgres_default. Host: postgres, Port: 5432, Schema: ***, Login: ***, Password: ***, extra: {}
[2022-04-25 08:45:29,752] {sql.py:98} INFO - Poking: select case when q = 'true' then 1 else 0 end as q from  (
	select case when count(id)=0 then 'true' else 'false' end as q
	from list_flow_log
	where object_flow = 0 and status = 1
) t1; (with parameters None)
[2022-04-25 08:45:29,757] {base.py:79} INFO - Using connection to: id: postgres_default. Host: postgres, Port: 5432, Schema: ***, Login: ***, Password: ***, extra: {}
[2022-04-25 08:45:29,761] {base.py:251} INFO - Success criteria met. Exiting.
[2022-04-25 08:45:29,770] {taskinstance.py:1282} INFO - Marking task as SUCCESS. dag_id=cso_2295_ipo_2_cso_xls.py, task_id=log_sensor3, execution_date=20220425T084514, start_date=20220425T084529, end_date=20220425T084529
[2022-04-25 08:45:29,822] {local_task_job.py:154} INFO - Task exited with return code 0
[2022-04-25 08:45:29,855] {local_task_job.py:264} INFO - 1 downstream tasks scheduled from follow-on schedule check
