[2022-04-25 15:41:29,172] {taskinstance.py:1037} INFO - Dependencies all met for <TaskInstance: cso_2295_ipo_2_cso.py.check_system_source1 scheduled__2022-04-24T15:41:00+00:00 [queued]>
[2022-04-25 15:41:29,181] {taskinstance.py:1037} INFO - Dependencies all met for <TaskInstance: cso_2295_ipo_2_cso.py.check_system_source1 scheduled__2022-04-24T15:41:00+00:00 [queued]>
[2022-04-25 15:41:29,181] {taskinstance.py:1243} INFO - 
--------------------------------------------------------------------------------
[2022-04-25 15:41:29,182] {taskinstance.py:1244} INFO - Starting attempt 1 of 1
[2022-04-25 15:41:29,182] {taskinstance.py:1245} INFO - 
--------------------------------------------------------------------------------
[2022-04-25 15:41:29,214] {taskinstance.py:1264} INFO - Executing <Task(BranchPythonOperator): check_system_source1> on 2022-04-24 15:41:00+00:00
[2022-04-25 15:41:29,218] {standard_task_runner.py:52} INFO - Started process 22568 to run task
[2022-04-25 15:41:29,220] {standard_task_runner.py:76} INFO - Running: ['***', 'tasks', 'run', 'cso_2295_ipo_2_cso.py', 'check_system_source1', 'scheduled__2022-04-24T15:41:00+00:00', '--job-id', '1248', '--raw', '--subdir', 'DAGS_FOLDER/cso_2295/cso_2295_ipo_2_cso.py', '--cfg-path', '/tmp/tmp3nsr_zwf', '--error-file', '/tmp/tmpiteeg54h']
[2022-04-25 15:41:29,221] {standard_task_runner.py:77} INFO - Job 1248: Subtask check_system_source1
[2022-04-25 15:41:29,300] {logging_mixin.py:109} INFO - Running <TaskInstance: cso_2295_ipo_2_cso.py.check_system_source1 scheduled__2022-04-24T15:41:00+00:00 [running]> on host 22e04adb6bfa
[2022-04-25 15:41:29,605] {taskinstance.py:1431} INFO - Exporting the following env vars:
AIRFLOW_CTX_DAG_OWNER=***
AIRFLOW_CTX_DAG_ID=cso_2295_ipo_2_cso.py
AIRFLOW_CTX_TASK_ID=check_system_source1
AIRFLOW_CTX_EXECUTION_DATE=2022-04-24T15:41:00+00:00
AIRFLOW_CTX_DAG_RUN_ID=scheduled__2022-04-24T15:41:00+00:00
[2022-04-25 15:41:29,611] {python.py:175} INFO - Done. Returned value was: check_system_target1
[2022-04-25 15:41:29,613] {skipmixin.py:140} INFO - Following branch check_system_target1
[2022-04-25 15:41:29,614] {skipmixin.py:171} INFO - Skipping tasks ['log_err_access_source1']
[2022-04-25 15:41:30,046] {taskinstance.py:1282} INFO - Marking task as SUCCESS. dag_id=cso_2295_ipo_2_cso.py, task_id=check_system_source1, execution_date=20220424T154100, start_date=20220425T154129, end_date=20220425T154130
[2022-04-25 15:41:30,174] {local_task_job.py:154} INFO - Task exited with return code 0
[2022-04-25 15:41:30,229] {local_task_job.py:264} INFO - 1 downstream tasks scheduled from follow-on schedule check
