[2022-04-19 12:55:47,399] {taskinstance.py:1037} INFO - Dependencies all met for <TaskInstance: hook_dag.condition_is_True manual__2022-04-19T12:06:23.370270+00:00 [queued]>
[2022-04-19 12:55:47,408] {taskinstance.py:1037} INFO - Dependencies all met for <TaskInstance: hook_dag.condition_is_True manual__2022-04-19T12:06:23.370270+00:00 [queued]>
[2022-04-19 12:55:47,409] {taskinstance.py:1243} INFO - 
--------------------------------------------------------------------------------
[2022-04-19 12:55:47,409] {taskinstance.py:1244} INFO - Starting attempt 2 of 2
[2022-04-19 12:55:47,409] {taskinstance.py:1245} INFO - 
--------------------------------------------------------------------------------
[2022-04-19 12:55:47,417] {taskinstance.py:1264} INFO - Executing <Task(ShortCircuitOperator): condition_is_True> on 2022-04-19 12:06:23.370270+00:00
[2022-04-19 12:55:47,422] {standard_task_runner.py:52} INFO - Started process 12267 to run task
[2022-04-19 12:55:47,424] {standard_task_runner.py:76} INFO - Running: ['***', 'tasks', 'run', 'hook_dag', 'condition_is_True', 'manual__2022-04-19T12:06:23.370270+00:00', '--job-id', '380', '--raw', '--subdir', 'DAGS_FOLDER/hook_dag.py', '--cfg-path', '/tmp/tmpaw8uva38', '--error-file', '/tmp/tmpbdywg2if']
[2022-04-19 12:55:47,425] {standard_task_runner.py:77} INFO - Job 380: Subtask condition_is_True
[2022-04-19 12:55:47,472] {logging_mixin.py:109} INFO - Running <TaskInstance: hook_dag.condition_is_True manual__2022-04-19T12:06:23.370270+00:00 [running]> on host 22e04adb6bfa
[2022-04-19 12:55:47,527] {taskinstance.py:1431} INFO - Exporting the following env vars:
AIRFLOW_CTX_DAG_OWNER=***
AIRFLOW_CTX_DAG_ID=hook_dag
AIRFLOW_CTX_TASK_ID=condition_is_True
AIRFLOW_CTX_EXECUTION_DATE=2022-04-19T12:06:23.370270+00:00
AIRFLOW_CTX_DAG_RUN_ID=manual__2022-04-19T12:06:23.370270+00:00
[2022-04-19 12:55:47,528] {python.py:175} INFO - Done. Returned value was: False
[2022-04-19 12:55:47,528] {python.py:239} INFO - Condition result is False
[2022-04-19 12:55:47,528] {python.py:245} INFO - Skipping downstream tasks...
[2022-04-19 12:55:47,553] {python.py:253} INFO - Done.
[2022-04-19 12:55:47,564] {taskinstance.py:1282} INFO - Marking task as SUCCESS. dag_id=hook_dag, task_id=condition_is_True, execution_date=20220419T120623, start_date=20220419T125547, end_date=20220419T125547
[2022-04-19 12:55:47,598] {local_task_job.py:154} INFO - Task exited with return code 0
[2022-04-19 12:55:47,621] {local_task_job.py:264} INFO - 0 downstream tasks scheduled from follow-on schedule check
