[2022-04-19 15:25:38,755] {taskinstance.py:1037} INFO - Dependencies all met for <TaskInstance: hook_dag.getid_2 manual__2022-04-19T15:24:27.032323+00:00 [queued]>
[2022-04-19 15:25:38,771] {taskinstance.py:1037} INFO - Dependencies all met for <TaskInstance: hook_dag.getid_2 manual__2022-04-19T15:24:27.032323+00:00 [queued]>
[2022-04-19 15:25:38,771] {taskinstance.py:1243} INFO - 
--------------------------------------------------------------------------------
[2022-04-19 15:25:38,772] {taskinstance.py:1244} INFO - Starting attempt 1 of 2
[2022-04-19 15:25:38,772] {taskinstance.py:1245} INFO - 
--------------------------------------------------------------------------------
[2022-04-19 15:25:38,790] {taskinstance.py:1264} INFO - Executing <Task(PythonOperator): getid_2> on 2022-04-19 15:24:27.032323+00:00
[2022-04-19 15:25:38,795] {standard_task_runner.py:52} INFO - Started process 19826 to run task
[2022-04-19 15:25:38,800] {standard_task_runner.py:76} INFO - Running: ['***', 'tasks', 'run', 'hook_dag', 'getid_2', 'manual__2022-04-19T15:24:27.032323+00:00', '--job-id', '546', '--raw', '--subdir', 'DAGS_FOLDER/hook_dag.py', '--cfg-path', '/tmp/tmpx17ixbkf', '--error-file', '/tmp/tmp1ml0a2hn']
[2022-04-19 15:25:38,801] {standard_task_runner.py:77} INFO - Job 546: Subtask getid_2
[2022-04-19 15:25:38,889] {logging_mixin.py:109} INFO - Running <TaskInstance: hook_dag.getid_2 manual__2022-04-19T15:24:27.032323+00:00 [running]> on host 22e04adb6bfa
[2022-04-19 15:25:38,980] {taskinstance.py:1431} INFO - Exporting the following env vars:
AIRFLOW_CTX_DAG_OWNER=***
AIRFLOW_CTX_DAG_ID=hook_dag
AIRFLOW_CTX_TASK_ID=getid_2
AIRFLOW_CTX_EXECUTION_DATE=2022-04-19T15:24:27.032323+00:00
AIRFLOW_CTX_DAG_RUN_ID=manual__2022-04-19T15:24:27.032323+00:00
[2022-04-19 15:25:38,997] {base.py:79} INFO - Using connection to: id: postgres_default. Host: postgres, Port: 5432, Schema: ***, Login: ***, Password: ***, extra: {}
[2022-04-19 15:25:39,011] {python.py:175} INFO - Done. Returned value was: None
[2022-04-19 15:25:39,028] {taskinstance.py:1282} INFO - Marking task as SUCCESS. dag_id=hook_dag, task_id=getid_2, execution_date=20220419T152427, start_date=20220419T152538, end_date=20220419T152539
[2022-04-19 15:25:39,057] {local_task_job.py:154} INFO - Task exited with return code 0
[2022-04-19 15:25:39,114] {local_task_job.py:264} INFO - 1 downstream tasks scheduled from follow-on schedule check
