[2022-04-11 08:53:51,202] {taskinstance.py:1037} INFO - Dependencies all met for <TaskInstance: hook_dag.hook_task manual__2022-04-11T08:53:48.939915+00:00 [queued]>
[2022-04-11 08:53:51,211] {taskinstance.py:1037} INFO - Dependencies all met for <TaskInstance: hook_dag.hook_task manual__2022-04-11T08:53:48.939915+00:00 [queued]>
[2022-04-11 08:53:51,211] {taskinstance.py:1243} INFO - 
--------------------------------------------------------------------------------
[2022-04-11 08:53:51,211] {taskinstance.py:1244} INFO - Starting attempt 1 of 2
[2022-04-11 08:53:51,211] {taskinstance.py:1245} INFO - 
--------------------------------------------------------------------------------
[2022-04-11 08:53:51,219] {taskinstance.py:1264} INFO - Executing <Task(PythonOperator): hook_task> on 2022-04-11 08:53:48.939915+00:00
[2022-04-11 08:53:51,223] {standard_task_runner.py:52} INFO - Started process 4160 to run task
[2022-04-11 08:53:51,225] {standard_task_runner.py:76} INFO - Running: ['***', 'tasks', 'run', 'hook_dag', 'hook_task', 'manual__2022-04-11T08:53:48.939915+00:00', '--job-id', '26', '--raw', '--subdir', 'DAGS_FOLDER/hook_dag.py', '--cfg-path', '/tmp/tmpovh7pfhc', '--error-file', '/tmp/tmp069g3sms']
[2022-04-11 08:53:51,226] {standard_task_runner.py:77} INFO - Job 26: Subtask hook_task
[2022-04-11 08:53:51,411] {logging_mixin.py:109} INFO - Running <TaskInstance: hook_dag.hook_task manual__2022-04-11T08:53:48.939915+00:00 [running]> on host 124cac95d739
[2022-04-11 08:53:51,473] {taskinstance.py:1431} INFO - Exporting the following env vars:
AIRFLOW_CTX_DAG_OWNER=***
AIRFLOW_CTX_DAG_ID=hook_dag
AIRFLOW_CTX_TASK_ID=hook_task
AIRFLOW_CTX_EXECUTION_DATE=2022-04-11T08:53:48.939915+00:00
AIRFLOW_CTX_DAG_RUN_ID=manual__2022-04-11T08:53:48.939915+00:00
[2022-04-11 08:53:51,479] {base.py:79} INFO - Using connection to: id: postgres_default. Host: postgres, Port: 5432, Schema: ***, Login: ***, Password: ***, extra: {}
[2022-04-11 08:53:51,483] {logging_mixin.py:109} INFO - Source: Max - activated: Jane
[2022-04-11 08:53:51,483] {logging_mixin.py:109} INFO - Source: Susie - activated: Phil
[2022-04-11 08:53:51,483] {logging_mixin.py:109} INFO - Source: Lester - activated: Lily
[2022-04-11 08:53:51,483] {logging_mixin.py:109} INFO - Source: Quincy - activated: Anne
[2022-04-11 08:53:51,483] {python.py:175} INFO - Done. Returned value was: [('Max', 'Jane'), ('Susie', 'Phil'), ('Lester', 'Lily'), ('Quincy', 'Anne')]
[2022-04-11 08:53:51,500] {taskinstance.py:1282} INFO - Marking task as SUCCESS. dag_id=hook_dag, task_id=hook_task, execution_date=20220411T085348, start_date=20220411T085351, end_date=20220411T085351
[2022-04-11 08:53:51,517] {local_task_job.py:154} INFO - Task exited with return code 0
[2022-04-11 08:53:51,545] {local_task_job.py:264} INFO - 1 downstream tasks scheduled from follow-on schedule check
