[2022-04-19 08:54:37,322] {taskinstance.py:1037} INFO - Dependencies all met for <TaskInstance: example_short_circuit_operator.condition_is_True manual__2022-04-19T08:54:33.890633+00:00 [queued]>
[2022-04-19 08:54:37,342] {taskinstance.py:1037} INFO - Dependencies all met for <TaskInstance: example_short_circuit_operator.condition_is_True manual__2022-04-19T08:54:33.890633+00:00 [queued]>
[2022-04-19 08:54:37,342] {taskinstance.py:1243} INFO - 
--------------------------------------------------------------------------------
[2022-04-19 08:54:37,342] {taskinstance.py:1244} INFO - Starting attempt 1 of 1
[2022-04-19 08:54:37,342] {taskinstance.py:1245} INFO - 
--------------------------------------------------------------------------------
[2022-04-19 08:54:37,423] {taskinstance.py:1264} INFO - Executing <Task(ShortCircuitOperator): condition_is_True> on 2022-04-19 08:54:33.890633+00:00
[2022-04-19 08:54:37,427] {standard_task_runner.py:52} INFO - Started process 107 to run task
[2022-04-19 08:54:37,431] {standard_task_runner.py:76} INFO - Running: ['***', 'tasks', 'run', 'example_short_circuit_operator', 'condition_is_True', 'manual__2022-04-19T08:54:33.890633+00:00', '--job-id', '138', '--raw', '--subdir', 'DAGS_FOLDER/example_short_circuit.py', '--cfg-path', '/tmp/tmpy931pry9', '--error-file', '/tmp/tmpibxqtyba']
[2022-04-19 08:54:37,432] {standard_task_runner.py:77} INFO - Job 138: Subtask condition_is_True
[2022-04-19 08:54:37,569] {logging_mixin.py:109} INFO - Running <TaskInstance: example_short_circuit_operator.condition_is_True manual__2022-04-19T08:54:33.890633+00:00 [running]> on host 22e04adb6bfa
[2022-04-19 08:54:38,007] {taskinstance.py:1431} INFO - Exporting the following env vars:
AIRFLOW_CTX_DAG_OWNER=***
AIRFLOW_CTX_DAG_ID=example_short_circuit_operator
AIRFLOW_CTX_TASK_ID=condition_is_True
AIRFLOW_CTX_EXECUTION_DATE=2022-04-19T08:54:33.890633+00:00
AIRFLOW_CTX_DAG_RUN_ID=manual__2022-04-19T08:54:33.890633+00:00
[2022-04-19 08:54:38,007] {python.py:175} INFO - Done. Returned value was: True
[2022-04-19 08:54:38,008] {python.py:239} INFO - Condition result is True
[2022-04-19 08:54:38,008] {python.py:242} INFO - Proceeding with downstream tasks...
[2022-04-19 08:54:38,016] {taskinstance.py:1282} INFO - Marking task as SUCCESS. dag_id=example_short_circuit_operator, task_id=condition_is_True, execution_date=20220419T085433, start_date=20220419T085437, end_date=20220419T085438
[2022-04-19 08:54:38,052] {local_task_job.py:154} INFO - Task exited with return code 0
[2022-04-19 08:54:38,104] {local_task_job.py:264} INFO - 1 downstream tasks scheduled from follow-on schedule check
