[2022-04-08 08:13:29,675] {taskinstance.py:1037} INFO - Dependencies all met for <TaskInstance: my_project.accurate scheduled__2022-04-07T00:00:00+00:00 [queued]>
[2022-04-08 08:13:29,691] {taskinstance.py:1037} INFO - Dependencies all met for <TaskInstance: my_project.accurate scheduled__2022-04-07T00:00:00+00:00 [queued]>
[2022-04-08 08:13:29,691] {taskinstance.py:1243} INFO - 
--------------------------------------------------------------------------------
[2022-04-08 08:13:29,691] {taskinstance.py:1244} INFO - Starting attempt 1 of 1
[2022-04-08 08:13:29,691] {taskinstance.py:1245} INFO - 
--------------------------------------------------------------------------------
[2022-04-08 08:13:29,700] {taskinstance.py:1264} INFO - Executing <Task(BashOperator): accurate> on 2022-04-07 00:00:00+00:00
[2022-04-08 08:13:29,703] {standard_task_runner.py:52} INFO - Started process 98 to run task
[2022-04-08 08:13:29,705] {standard_task_runner.py:76} INFO - Running: ['***', 'tasks', 'run', 'my_project', 'accurate', 'scheduled__2022-04-07T00:00:00+00:00', '--job-id', '101', '--raw', '--subdir', 'DAGS_FOLDER/my_project.py', '--cfg-path', '/tmp/tmphn8y1mb5', '--error-file', '/tmp/tmpvm4xckxv']
[2022-04-08 08:13:29,706] {standard_task_runner.py:77} INFO - Job 101: Subtask accurate
[2022-04-08 08:13:29,765] {logging_mixin.py:109} INFO - Running <TaskInstance: my_project.accurate scheduled__2022-04-07T00:00:00+00:00 [running]> on host d73239f69a26
[2022-04-08 08:13:29,824] {taskinstance.py:1431} INFO - Exporting the following env vars:
AIRFLOW_CTX_DAG_OWNER=***
AIRFLOW_CTX_DAG_ID=my_project
AIRFLOW_CTX_TASK_ID=accurate
AIRFLOW_CTX_EXECUTION_DATE=2022-04-07T00:00:00+00:00
AIRFLOW_CTX_DAG_RUN_ID=scheduled__2022-04-07T00:00:00+00:00
[2022-04-08 08:13:29,825] {subprocess.py:62} INFO - Tmp dir root location: 
 /tmp
[2022-04-08 08:13:29,826] {subprocess.py:74} INFO - Running command: ['bash', '-c', "echo 'accurate'"]
[2022-04-08 08:13:29,839] {subprocess.py:85} INFO - Output:
[2022-04-08 08:13:29,841] {subprocess.py:89} INFO - accurate
[2022-04-08 08:13:29,841] {subprocess.py:93} INFO - Command exited with return code 0
[2022-04-08 08:13:29,862] {taskinstance.py:1282} INFO - Marking task as SUCCESS. dag_id=my_project, task_id=accurate, execution_date=20220407T000000, start_date=20220408T081329, end_date=20220408T081329
[2022-04-08 08:13:29,917] {local_task_job.py:154} INFO - Task exited with return code 0
[2022-04-08 08:13:29,951] {local_task_job.py:264} INFO - 0 downstream tasks scheduled from follow-on schedule check
