[2022-04-25 08:45:23,716] {taskinstance.py:1037} INFO - Dependencies all met for <TaskInstance: cso_2295_ipo_2_cso_xls.py.log_sensor2 manual__2022-04-25T08:45:14.704898+00:00 [queued]>
[2022-04-25 08:45:23,725] {taskinstance.py:1037} INFO - Dependencies all met for <TaskInstance: cso_2295_ipo_2_cso_xls.py.log_sensor2 manual__2022-04-25T08:45:14.704898+00:00 [queued]>
[2022-04-25 08:45:23,725] {taskinstance.py:1243} INFO - 
--------------------------------------------------------------------------------
[2022-04-25 08:45:23,725] {taskinstance.py:1244} INFO - Starting attempt 1 of 1
[2022-04-25 08:45:23,725] {taskinstance.py:1245} INFO - 
--------------------------------------------------------------------------------
[2022-04-25 08:45:23,743] {taskinstance.py:1264} INFO - Executing <Task(SqlSensor): log_sensor2> on 2022-04-25 08:45:14.704898+00:00
[2022-04-25 08:45:23,748] {standard_task_runner.py:52} INFO - Started process 2419 to run task
[2022-04-25 08:45:23,764] {standard_task_runner.py:76} INFO - Running: ['***', 'tasks', 'run', 'cso_2295_ipo_2_cso_xls.py', 'log_sensor2', 'manual__2022-04-25T08:45:14.704898+00:00', '--job-id', '1169', '--raw', '--subdir', 'DAGS_FOLDER/cso_2295/cso_2295_ipo_2_cso_xls.py', '--cfg-path', '/tmp/tmprb_zh3gm', '--error-file', '/tmp/tmpv5py16t0']
[2022-04-25 08:45:23,765] {standard_task_runner.py:77} INFO - Job 1169: Subtask log_sensor2
[2022-04-25 08:45:23,839] {logging_mixin.py:109} INFO - Running <TaskInstance: cso_2295_ipo_2_cso_xls.py.log_sensor2 manual__2022-04-25T08:45:14.704898+00:00 [running]> on host 22e04adb6bfa
[2022-04-25 08:45:23,935] {taskinstance.py:1431} INFO - Exporting the following env vars:
AIRFLOW_CTX_DAG_OWNER=***
AIRFLOW_CTX_DAG_ID=cso_2295_ipo_2_cso_xls.py
AIRFLOW_CTX_TASK_ID=log_sensor2
AIRFLOW_CTX_EXECUTION_DATE=2022-04-25T08:45:14.704898+00:00
AIRFLOW_CTX_DAG_RUN_ID=manual__2022-04-25T08:45:14.704898+00:00
[2022-04-25 08:45:23,946] {base.py:79} INFO - Using connection to: id: postgres_default. Host: postgres, Port: 5432, Schema: ***, Login: ***, Password: ***, extra: {}
[2022-04-25 08:45:24,000] {sql.py:98} INFO - Poking: select case when q = 'true' then 1 else 0 end as q from  (
	select case when count(id)=0 then 'true' else 'false' end as q
	from list_flow_log
	where object_flow = 0 and status = 1
) t1; (with parameters None)
[2022-04-25 08:45:24,006] {base.py:79} INFO - Using connection to: id: postgres_default. Host: postgres, Port: 5432, Schema: ***, Login: ***, Password: ***, extra: {}
[2022-04-25 08:46:24,088] {base.py:79} INFO - Using connection to: id: postgres_default. Host: postgres, Port: 5432, Schema: ***, Login: ***, Password: ***, extra: {}
[2022-04-25 08:46:24,143] {sql.py:98} INFO - Poking: select case when q = 'true' then 1 else 0 end as q from  (
	select case when count(id)=0 then 'true' else 'false' end as q
	from list_flow_log
	where object_flow = 0 and status = 1
) t1; (with parameters None)
[2022-04-25 08:46:24,148] {base.py:79} INFO - Using connection to: id: postgres_default. Host: postgres, Port: 5432, Schema: ***, Login: ***, Password: ***, extra: {}
[2022-04-25 08:46:24,152] {base.py:251} INFO - Success criteria met. Exiting.
[2022-04-25 08:46:24,160] {taskinstance.py:1282} INFO - Marking task as SUCCESS. dag_id=cso_2295_ipo_2_cso_xls.py, task_id=log_sensor2, execution_date=20220425T084514, start_date=20220425T084523, end_date=20220425T084624
[2022-04-25 08:46:24,198] {local_task_job.py:154} INFO - Task exited with return code 0
[2022-04-25 08:46:24,227] {local_task_job.py:264} INFO - 1 downstream tasks scheduled from follow-on schedule check
