[2022-04-21 21:22:45,920] {taskinstance.py:1037} INFO - Dependencies all met for <TaskInstance: cso_2295_ipo_2_cso.py.log_start2 manual__2022-04-21T21:22:35.246395+00:00 [queued]>
[2022-04-21 21:22:45,940] {taskinstance.py:1037} INFO - Dependencies all met for <TaskInstance: cso_2295_ipo_2_cso.py.log_start2 manual__2022-04-21T21:22:35.246395+00:00 [queued]>
[2022-04-21 21:22:45,940] {taskinstance.py:1243} INFO - 
--------------------------------------------------------------------------------
[2022-04-21 21:22:45,941] {taskinstance.py:1244} INFO - Starting attempt 1 of 1
[2022-04-21 21:22:45,941] {taskinstance.py:1245} INFO - 
--------------------------------------------------------------------------------
[2022-04-21 21:22:45,952] {taskinstance.py:1264} INFO - Executing <Task(PostgresOperator): log_start2> on 2022-04-21 21:22:35.246395+00:00
[2022-04-21 21:22:45,957] {standard_task_runner.py:52} INFO - Started process 35156 to run task
[2022-04-21 21:22:45,960] {standard_task_runner.py:76} INFO - Running: ['***', 'tasks', 'run', 'cso_2295_ipo_2_cso.py', 'log_start2', 'manual__2022-04-21T21:22:35.246395+00:00', '--job-id', '921', '--raw', '--subdir', 'DAGS_FOLDER/cso_2295/cso_2295_ipo_2_cso.py', '--cfg-path', '/tmp/tmpj8a1tve8', '--error-file', '/tmp/tmp3k8tob6n']
[2022-04-21 21:22:45,961] {standard_task_runner.py:77} INFO - Job 921: Subtask log_start2
[2022-04-21 21:22:46,006] {logging_mixin.py:109} INFO - Running <TaskInstance: cso_2295_ipo_2_cso.py.log_start2 manual__2022-04-21T21:22:35.246395+00:00 [running]> on host 22e04adb6bfa
[2022-04-21 21:22:46,052] {taskinstance.py:1431} INFO - Exporting the following env vars:
AIRFLOW_CTX_DAG_OWNER=***
AIRFLOW_CTX_DAG_ID=cso_2295_ipo_2_cso.py
AIRFLOW_CTX_TASK_ID=log_start2
AIRFLOW_CTX_EXECUTION_DATE=2022-04-21T21:22:35.246395+00:00
AIRFLOW_CTX_DAG_RUN_ID=manual__2022-04-21T21:22:35.246395+00:00
[2022-04-21 21:22:46,064] {base.py:79} INFO - Using connection to: id: postgres_default. Host: postgres, Port: 5432, Schema: ***, Login: ***, Password: ***, extra: {}
[2022-04-21 21:22:46,070] {dbapi.py:225} INFO - Running statement: do $$
declare
	q_stream integer;
begin  
	select 1 into q_stream
	from list_flow_log
	where object_flow = 0 and status = 1;
  
	if q_stream > 0 then
		raise exception 'IP-offline - The stream is blocked';
	else 
  		INSERT INTO list_flow_log (object_flow, t_start, status) VALUES(0, NOW(), 1);
	end if;

end $$, parameters: None
[2022-04-21 21:22:46,081] {taskinstance.py:1282} INFO - Marking task as SUCCESS. dag_id=cso_2295_ipo_2_cso.py, task_id=log_start2, execution_date=20220421T212235, start_date=20220421T212245, end_date=20220421T212246
[2022-04-21 21:22:46,135] {local_task_job.py:154} INFO - Task exited with return code 0
[2022-04-21 21:22:46,171] {local_task_job.py:264} INFO - 1 downstream tasks scheduled from follow-on schedule check
