[2022-04-25 08:37:10,705] {taskinstance.py:1037} INFO - Dependencies all met for <TaskInstance: cso_2295_ipo_2_cso_xls.py.log_sensor2 manual__2022-04-25T08:36:56.447912+00:00 [queued]>
[2022-04-25 08:37:10,714] {taskinstance.py:1037} INFO - Dependencies all met for <TaskInstance: cso_2295_ipo_2_cso_xls.py.log_sensor2 manual__2022-04-25T08:36:56.447912+00:00 [queued]>
[2022-04-25 08:37:10,714] {taskinstance.py:1243} INFO - 
--------------------------------------------------------------------------------
[2022-04-25 08:37:10,714] {taskinstance.py:1244} INFO - Starting attempt 1 of 1
[2022-04-25 08:37:10,714] {taskinstance.py:1245} INFO - 
--------------------------------------------------------------------------------
[2022-04-25 08:37:10,723] {taskinstance.py:1264} INFO - Executing <Task(SqlSensor): log_sensor2> on 2022-04-25 08:36:56.447912+00:00
[2022-04-25 08:37:10,728] {standard_task_runner.py:52} INFO - Started process 1852 to run task
[2022-04-25 08:37:10,731] {standard_task_runner.py:76} INFO - Running: ['***', 'tasks', 'run', 'cso_2295_ipo_2_cso_xls.py', 'log_sensor2', 'manual__2022-04-25T08:36:56.447912+00:00', '--job-id', '1115', '--raw', '--subdir', 'DAGS_FOLDER/cso_2295/cso_2295_ipo_2_cso_xls.py', '--cfg-path', '/tmp/tmp9u58ms9d', '--error-file', '/tmp/tmpf8wojdz8']
[2022-04-25 08:37:10,732] {standard_task_runner.py:77} INFO - Job 1115: Subtask log_sensor2
[2022-04-25 08:37:10,786] {logging_mixin.py:109} INFO - Running <TaskInstance: cso_2295_ipo_2_cso_xls.py.log_sensor2 manual__2022-04-25T08:36:56.447912+00:00 [running]> on host 22e04adb6bfa
[2022-04-25 08:37:10,849] {taskinstance.py:1431} INFO - Exporting the following env vars:
AIRFLOW_CTX_DAG_OWNER=***
AIRFLOW_CTX_DAG_ID=cso_2295_ipo_2_cso_xls.py
AIRFLOW_CTX_TASK_ID=log_sensor2
AIRFLOW_CTX_EXECUTION_DATE=2022-04-25T08:36:56.447912+00:00
AIRFLOW_CTX_DAG_RUN_ID=manual__2022-04-25T08:36:56.447912+00:00
[2022-04-25 08:37:10,866] {base.py:79} INFO - Using connection to: id: postgres_default. Host: postgres, Port: 5432, Schema: ***, Login: ***, Password: ***, extra: {}
[2022-04-25 08:37:11,048] {sql.py:98} INFO - Poking: select case when q = 'true' then 1 else 0 end as q from  (
	select case when count(id)=0 then 'true' else 'false' end as q
	from list_flow_log
	where object_flow = 0 and status = 1
) t1; (with parameters None)
[2022-04-25 08:37:11,061] {base.py:79} INFO - Using connection to: id: postgres_default. Host: postgres, Port: 5432, Schema: ***, Login: ***, Password: ***, extra: {}
[2022-04-25 08:38:11,140] {base.py:79} INFO - Using connection to: id: postgres_default. Host: postgres, Port: 5432, Schema: ***, Login: ***, Password: ***, extra: {}
[2022-04-25 08:38:11,199] {sql.py:98} INFO - Poking: select case when q = 'true' then 1 else 0 end as q from  (
	select case when count(id)=0 then 'true' else 'false' end as q
	from list_flow_log
	where object_flow = 0 and status = 1
) t1; (with parameters None)
[2022-04-25 08:38:11,204] {base.py:79} INFO - Using connection to: id: postgres_default. Host: postgres, Port: 5432, Schema: ***, Login: ***, Password: ***, extra: {}
[2022-04-25 08:39:11,272] {base.py:79} INFO - Using connection to: id: postgres_default. Host: postgres, Port: 5432, Schema: ***, Login: ***, Password: ***, extra: {}
[2022-04-25 08:39:11,318] {sql.py:98} INFO - Poking: select case when q = 'true' then 1 else 0 end as q from  (
	select case when count(id)=0 then 'true' else 'false' end as q
	from list_flow_log
	where object_flow = 0 and status = 1
) t1; (with parameters None)
[2022-04-25 08:39:11,331] {base.py:79} INFO - Using connection to: id: postgres_default. Host: postgres, Port: 5432, Schema: ***, Login: ***, Password: ***, extra: {}
[2022-04-25 08:40:11,416] {base.py:79} INFO - Using connection to: id: postgres_default. Host: postgres, Port: 5432, Schema: ***, Login: ***, Password: ***, extra: {}
[2022-04-25 08:40:11,484] {sql.py:98} INFO - Poking: select case when q = 'true' then 1 else 0 end as q from  (
	select case when count(id)=0 then 'true' else 'false' end as q
	from list_flow_log
	where object_flow = 0 and status = 1
) t1; (with parameters None)
[2022-04-25 08:40:11,489] {base.py:79} INFO - Using connection to: id: postgres_default. Host: postgres, Port: 5432, Schema: ***, Login: ***, Password: ***, extra: {}
[2022-04-25 08:40:11,492] {base.py:251} INFO - Success criteria met. Exiting.
[2022-04-25 08:40:11,500] {taskinstance.py:1282} INFO - Marking task as SUCCESS. dag_id=cso_2295_ipo_2_cso_xls.py, task_id=log_sensor2, execution_date=20220425T083656, start_date=20220425T083710, end_date=20220425T084011
[2022-04-25 08:40:11,531] {local_task_job.py:154} INFO - Task exited with return code 0
[2022-04-25 08:40:11,624] {local_task_job.py:264} INFO - 1 downstream tasks scheduled from follow-on schedule check
