[2022-04-19 09:55:10,563] {taskinstance.py:1037} INFO - Dependencies all met for <TaskInstance: hook_dag.branching manual__2022-04-19T09:55:03.705124+00:00 [queued]>
[2022-04-19 09:55:10,573] {taskinstance.py:1037} INFO - Dependencies all met for <TaskInstance: hook_dag.branching manual__2022-04-19T09:55:03.705124+00:00 [queued]>
[2022-04-19 09:55:10,573] {taskinstance.py:1243} INFO - 
--------------------------------------------------------------------------------
[2022-04-19 09:55:10,573] {taskinstance.py:1244} INFO - Starting attempt 1 of 2
[2022-04-19 09:55:10,573] {taskinstance.py:1245} INFO - 
--------------------------------------------------------------------------------
[2022-04-19 09:55:10,590] {taskinstance.py:1264} INFO - Executing <Task(BranchPythonOperator): branching> on 2022-04-19 09:55:03.705124+00:00
[2022-04-19 09:55:10,595] {standard_task_runner.py:52} INFO - Started process 3210 to run task
[2022-04-19 09:55:10,597] {standard_task_runner.py:76} INFO - Running: ['***', 'tasks', 'run', 'hook_dag', 'branching', 'manual__2022-04-19T09:55:03.705124+00:00', '--job-id', '224', '--raw', '--subdir', 'DAGS_FOLDER/hook_dag.py', '--cfg-path', '/tmp/tmp371us4wo', '--error-file', '/tmp/tmpx46q4874']
[2022-04-19 09:55:10,598] {standard_task_runner.py:77} INFO - Job 224: Subtask branching
[2022-04-19 09:55:10,647] {logging_mixin.py:109} INFO - Running <TaskInstance: hook_dag.branching manual__2022-04-19T09:55:03.705124+00:00 [running]> on host 22e04adb6bfa
[2022-04-19 09:55:10,731] {taskinstance.py:1431} INFO - Exporting the following env vars:
AIRFLOW_CTX_DAG_OWNER=***
AIRFLOW_CTX_DAG_ID=hook_dag
AIRFLOW_CTX_TASK_ID=branching
AIRFLOW_CTX_EXECUTION_DATE=2022-04-19T09:55:03.705124+00:00
AIRFLOW_CTX_DAG_RUN_ID=manual__2022-04-19T09:55:03.705124+00:00
[2022-04-19 09:55:10,731] {logging_mixin.py:109} INFO - Контекст:
[2022-04-19 09:55:10,732] {logging_mixin.py:109} INFO - {'conf': <***.configuration.AirflowConfigParser object at 0x7f15237be290>, 'dag': <DAG: hook_dag>, 'dag_run': <DagRun hook_dag @ 2022-04-19 09:55:03.705124+00:00: manual__2022-04-19T09:55:03.705124+00:00, externally triggered: True>, 'data_interval_end': DateTime(2022, 4, 19, 9, 55, 3, 705124, tzinfo=Timezone('UTC')), 'data_interval_start': DateTime(2022, 4, 19, 9, 55, 3, 705124, tzinfo=Timezone('UTC')), 'ds': '2022-04-19', 'ds_nodash': '20220419', 'execution_date': <Proxy at 0x7f15064c8230 with factory functools.partial(<function lazy_mapping_from_context.<locals>._deprecated_proxy_factory at 0x7f150644b4d0>, 'execution_date', DateTime(2022, 4, 19, 9, 55, 3, 705124, tzinfo=Timezone('UTC')))>, 'inlets': [], 'logical_date': DateTime(2022, 4, 19, 9, 55, 3, 705124, tzinfo=Timezone('UTC')), 'macros': <module '***.macros' from '/home/***/.local/lib/python3.7/site-packages/***/macros/__init__.py'>, 'next_ds': <Proxy at 0x7f15064c8910 with factory functools.partial(<function lazy_mapping_from_context.<locals>._deprecated_proxy_factory at 0x7f150644b4d0>, 'next_ds', '2022-04-19')>, 'next_ds_nodash': <Proxy at 0x7f15064c8b90 with factory functools.partial(<function lazy_mapping_from_context.<locals>._deprecated_proxy_factory at 0x7f150644b4d0>, 'next_ds_nodash', '20220419')>, 'next_execution_date': <Proxy at 0x7f150649fc80 with factory functools.partial(<function lazy_mapping_from_context.<locals>._deprecated_proxy_factory at 0x7f150644b4d0>, 'next_execution_date', DateTime(2022, 4, 19, 9, 55, 3, 705124, tzinfo=Timezone('UTC')))>, 'outlets': [], 'params': {}, 'prev_data_interval_start_success': DateTime(2022, 4, 13, 14, 8, 3, 310648, tzinfo=Timezone('UTC')), 'prev_data_interval_end_success': DateTime(2022, 4, 13, 14, 8, 3, 310648, tzinfo=Timezone('UTC')), 'prev_ds': <Proxy at 0x7f15064550a0 with factory functools.partial(<function lazy_mapping_from_context.<locals>._deprecated_proxy_factory at 0x7f150644b4d0>, 'prev_ds', '2022-04-19')>, 'prev_ds_nodash': <Proxy at 0x7f1506455d20 with factory functools.partial(<function lazy_mapping_from_context.<locals>._deprecated_proxy_factory at 0x7f150644b4d0>, 'prev_ds_nodash', '20220419')>, 'prev_execution_date': <Proxy at 0x7f1506455dc0 with factory functools.partial(<function lazy_mapping_from_context.<locals>._deprecated_proxy_factory at 0x7f150644b4d0>, 'prev_execution_date', DateTime(2022, 4, 19, 9, 55, 3, 705124, tzinfo=Timezone('UTC')))>, 'prev_execution_date_success': <Proxy at 0x7f1506455e60 with factory functools.partial(<function lazy_mapping_from_context.<locals>._deprecated_proxy_factory at 0x7f150644b4d0>, 'prev_execution_date_success', None)>, 'prev_start_date_success': DateTime(2022, 4, 13, 14, 8, 3, 683189, tzinfo=Timezone('UTC')), 'run_id': 'manual__2022-04-19T09:55:03.705124+00:00', 'task': <Task(BranchPythonOperator): branching>, 'task_instance': <TaskInstance: hook_dag.branching manual__2022-04-19T09:55:03.705124+00:00 [running]>, 'task_instance_key_str': 'hook_dag__branching__20220419', 'test_mode': False, 'ti': <TaskInstance: hook_dag.branching manual__2022-04-19T09:55:03.705124+00:00 [running]>, 'tomorrow_ds': <Proxy at 0x7f1506455780 with factory functools.partial(<function lazy_mapping_from_context.<locals>._deprecated_proxy_factory at 0x7f150644b4d0>, 'tomorrow_ds', '2022-04-20')>, 'tomorrow_ds_nodash': <Proxy at 0x7f1506455aa0 with factory functools.partial(<function lazy_mapping_from_context.<locals>._deprecated_proxy_factory at 0x7f150644b4d0>, 'tomorrow_ds_nodash', '20220420')>, 'ts': '2022-04-19T09:55:03.705124+00:00', 'ts_nodash': '20220419T095503', 'ts_nodash_with_tz': '20220419T095503.705124+0000', 'var': {'json': None, 'value': None}, 'conn': None, 'yesterday_ds': <Proxy at 0x7f15064fbf00 with factory functools.partial(<function lazy_mapping_from_context.<locals>._deprecated_proxy_factory at 0x7f150644b4d0>, 'yesterday_ds', '2022-04-18')>, 'yesterday_ds_nodash': <Proxy at 0x7f150649eeb0 with factory functools.partial(<function lazy_mapping_from_context.<locals>._deprecated_proxy_factory at 0x7f150644b4d0>, 'yesterday_ds_nodash', '20220418')>, 'templates_dict': None}
[2022-04-19 09:55:10,732] {python.py:175} INFO - Done. Returned value was: log_end_no_data
[2022-04-19 09:55:10,732] {skipmixin.py:140} INFO - Following branch log_end_no_data
[2022-04-19 09:55:10,733] {skipmixin.py:171} INFO - Skipping tasks ['transfer_suit_pa']
[2022-04-19 09:55:10,795] {taskinstance.py:1282} INFO - Marking task as SUCCESS. dag_id=hook_dag, task_id=branching, execution_date=20220419T095503, start_date=20220419T095510, end_date=20220419T095510
[2022-04-19 09:55:10,851] {local_task_job.py:154} INFO - Task exited with return code 0
[2022-04-19 09:55:10,939] {local_task_job.py:264} INFO - 1 downstream tasks scheduled from follow-on schedule check
