[2022-04-25 08:47:03,017] {taskinstance.py:1037} INFO - Dependencies all met for <TaskInstance: cso_2295_ipo_2_cso_xls.py.check_system_source1 manual__2022-04-25T08:46:57.683080+00:00 [queued]>
[2022-04-25 08:47:03,024] {taskinstance.py:1037} INFO - Dependencies all met for <TaskInstance: cso_2295_ipo_2_cso_xls.py.check_system_source1 manual__2022-04-25T08:46:57.683080+00:00 [queued]>
[2022-04-25 08:47:03,024] {taskinstance.py:1243} INFO - 
--------------------------------------------------------------------------------
[2022-04-25 08:47:03,025] {taskinstance.py:1244} INFO - Starting attempt 1 of 1
[2022-04-25 08:47:03,025] {taskinstance.py:1245} INFO - 
--------------------------------------------------------------------------------
[2022-04-25 08:47:03,032] {taskinstance.py:1264} INFO - Executing <Task(BranchPythonOperator): check_system_source1> on 2022-04-25 08:46:57.683080+00:00
[2022-04-25 08:47:03,036] {standard_task_runner.py:52} INFO - Started process 2559 to run task
[2022-04-25 08:47:03,038] {standard_task_runner.py:76} INFO - Running: ['***', 'tasks', 'run', 'cso_2295_ipo_2_cso_xls.py', 'check_system_source1', 'manual__2022-04-25T08:46:57.683080+00:00', '--job-id', '1189', '--raw', '--subdir', 'DAGS_FOLDER/cso_2295/cso_2295_ipo_2_cso_xls.py', '--cfg-path', '/tmp/tmpiv16y2b9', '--error-file', '/tmp/tmp10fumahf']
[2022-04-25 08:47:03,039] {standard_task_runner.py:77} INFO - Job 1189: Subtask check_system_source1
[2022-04-25 08:47:03,079] {logging_mixin.py:109} INFO - Running <TaskInstance: cso_2295_ipo_2_cso_xls.py.check_system_source1 manual__2022-04-25T08:46:57.683080+00:00 [running]> on host 22e04adb6bfa
[2022-04-25 08:47:03,115] {taskinstance.py:1431} INFO - Exporting the following env vars:
AIRFLOW_CTX_DAG_OWNER=***
AIRFLOW_CTX_DAG_ID=cso_2295_ipo_2_cso_xls.py
AIRFLOW_CTX_TASK_ID=check_system_source1
AIRFLOW_CTX_EXECUTION_DATE=2022-04-25T08:46:57.683080+00:00
AIRFLOW_CTX_DAG_RUN_ID=manual__2022-04-25T08:46:57.683080+00:00
[2022-04-25 08:47:03,115] {python.py:175} INFO - Done. Returned value was: check_system_target1
[2022-04-25 08:47:03,115] {skipmixin.py:140} INFO - Following branch check_system_target1
[2022-04-25 08:47:03,116] {skipmixin.py:171} INFO - Skipping tasks ['log_err_access_source1']
[2022-04-25 08:47:03,184] {taskinstance.py:1282} INFO - Marking task as SUCCESS. dag_id=cso_2295_ipo_2_cso_xls.py, task_id=check_system_source1, execution_date=20220425T084657, start_date=20220425T084703, end_date=20220425T084703
[2022-04-25 08:47:03,210] {local_task_job.py:154} INFO - Task exited with return code 0
[2022-04-25 08:47:03,241] {local_task_job.py:264} INFO - 1 downstream tasks scheduled from follow-on schedule check
