[2022-04-22 13:40:58,405] {taskinstance.py:1037} INFO - Dependencies all met for <TaskInstance: cso_2295_ipo_2_cso_xls.py.sleep2 manual__2022-04-22T13:40:26.332001+00:00 [queued]>
[2022-04-22 13:40:58,417] {taskinstance.py:1037} INFO - Dependencies all met for <TaskInstance: cso_2295_ipo_2_cso_xls.py.sleep2 manual__2022-04-22T13:40:26.332001+00:00 [queued]>
[2022-04-22 13:40:58,417] {taskinstance.py:1243} INFO - 
--------------------------------------------------------------------------------
[2022-04-22 13:40:58,417] {taskinstance.py:1244} INFO - Starting attempt 1 of 1
[2022-04-22 13:40:58,417] {taskinstance.py:1245} INFO - 
--------------------------------------------------------------------------------
[2022-04-22 13:40:58,501] {taskinstance.py:1264} INFO - Executing <Task(BashOperator): sleep2> on 2022-04-22 13:40:26.332001+00:00
[2022-04-22 13:40:58,646] {standard_task_runner.py:52} INFO - Started process 13718 to run task
[2022-04-22 13:40:58,688] {standard_task_runner.py:76} INFO - Running: ['***', 'tasks', 'run', 'cso_2295_ipo_2_cso_xls.py', 'sleep2', 'manual__2022-04-22T13:40:26.332001+00:00', '--job-id', '1019', '--raw', '--subdir', 'DAGS_FOLDER/cso_2295/cso_2295_ipo_2_cso_xls.py', '--cfg-path', '/tmp/tmp331i1zqw', '--error-file', '/tmp/tmpncxuzvwz']
[2022-04-22 13:40:58,692] {standard_task_runner.py:77} INFO - Job 1019: Subtask sleep2
[2022-04-22 13:40:59,057] {logging_mixin.py:109} INFO - Running <TaskInstance: cso_2295_ipo_2_cso_xls.py.sleep2 manual__2022-04-22T13:40:26.332001+00:00 [running]> on host 22e04adb6bfa
[2022-04-22 13:40:59,214] {taskinstance.py:1431} INFO - Exporting the following env vars:
AIRFLOW_CTX_DAG_OWNER=***
AIRFLOW_CTX_DAG_ID=cso_2295_ipo_2_cso_xls.py
AIRFLOW_CTX_TASK_ID=sleep2
AIRFLOW_CTX_EXECUTION_DATE=2022-04-22T13:40:26.332001+00:00
AIRFLOW_CTX_DAG_RUN_ID=manual__2022-04-22T13:40:26.332001+00:00
[2022-04-22 13:40:59,215] {subprocess.py:62} INFO - Tmp dir root location: 
 /tmp
[2022-04-22 13:40:59,407] {subprocess.py:74} INFO - Running command: ['bash', '-c', 'sleep 10']
[2022-04-22 13:40:59,750] {subprocess.py:85} INFO - Output:
[2022-04-22 13:41:10,529] {subprocess.py:93} INFO - Command exited with return code 0
[2022-04-22 13:41:10,560] {taskinstance.py:1282} INFO - Marking task as SUCCESS. dag_id=cso_2295_ipo_2_cso_xls.py, task_id=sleep2, execution_date=20220422T134026, start_date=20220422T134058, end_date=20220422T134110
[2022-04-22 13:41:10,673] {local_task_job.py:154} INFO - Task exited with return code 0
[2022-04-22 13:41:10,776] {local_task_job.py:264} INFO - 1 downstream tasks scheduled from follow-on schedule check
