[2022-04-22 13:41:42,942] {taskinstance.py:1037} INFO - Dependencies all met for <TaskInstance: cso_2295_ipo_2_cso_xls.py.check_system_source1 manual__2022-04-22T13:40:26.332001+00:00 [queued]>
[2022-04-22 13:41:42,953] {taskinstance.py:1037} INFO - Dependencies all met for <TaskInstance: cso_2295_ipo_2_cso_xls.py.check_system_source1 manual__2022-04-22T13:40:26.332001+00:00 [queued]>
[2022-04-22 13:41:42,953] {taskinstance.py:1243} INFO - 
--------------------------------------------------------------------------------
[2022-04-22 13:41:42,953] {taskinstance.py:1244} INFO - Starting attempt 1 of 1
[2022-04-22 13:41:42,953] {taskinstance.py:1245} INFO - 
--------------------------------------------------------------------------------
[2022-04-22 13:41:42,989] {taskinstance.py:1264} INFO - Executing <Task(BranchPythonOperator): check_system_source1> on 2022-04-22 13:40:26.332001+00:00
[2022-04-22 13:41:42,997] {standard_task_runner.py:52} INFO - Started process 13776 to run task
[2022-04-22 13:41:43,003] {standard_task_runner.py:76} INFO - Running: ['***', 'tasks', 'run', 'cso_2295_ipo_2_cso_xls.py', 'check_system_source1', 'manual__2022-04-22T13:40:26.332001+00:00', '--job-id', '1030', '--raw', '--subdir', 'DAGS_FOLDER/cso_2295/cso_2295_ipo_2_cso_xls.py', '--cfg-path', '/tmp/tmpavo2m50b', '--error-file', '/tmp/tmp0o6wu6oe']
[2022-04-22 13:41:43,003] {standard_task_runner.py:77} INFO - Job 1030: Subtask check_system_source1
[2022-04-22 13:41:43,077] {logging_mixin.py:109} INFO - Running <TaskInstance: cso_2295_ipo_2_cso_xls.py.check_system_source1 manual__2022-04-22T13:40:26.332001+00:00 [running]> on host 22e04adb6bfa
[2022-04-22 13:41:43,166] {taskinstance.py:1431} INFO - Exporting the following env vars:
AIRFLOW_CTX_DAG_OWNER=***
AIRFLOW_CTX_DAG_ID=cso_2295_ipo_2_cso_xls.py
AIRFLOW_CTX_TASK_ID=check_system_source1
AIRFLOW_CTX_EXECUTION_DATE=2022-04-22T13:40:26.332001+00:00
AIRFLOW_CTX_DAG_RUN_ID=manual__2022-04-22T13:40:26.332001+00:00
[2022-04-22 13:41:43,167] {python.py:175} INFO - Done. Returned value was: check_system_target1
[2022-04-22 13:41:43,167] {skipmixin.py:140} INFO - Following branch check_system_target1
[2022-04-22 13:41:43,167] {skipmixin.py:171} INFO - Skipping tasks ['log_err_access_source1']
[2022-04-22 13:41:43,297] {taskinstance.py:1282} INFO - Marking task as SUCCESS. dag_id=cso_2295_ipo_2_cso_xls.py, task_id=check_system_source1, execution_date=20220422T134026, start_date=20220422T134142, end_date=20220422T134143
[2022-04-22 13:41:43,374] {local_task_job.py:154} INFO - Task exited with return code 0
[2022-04-22 13:41:43,471] {local_task_job.py:264} INFO - 1 downstream tasks scheduled from follow-on schedule check
