[2022-04-19 11:55:47,856] {taskinstance.py:1037} INFO - Dependencies all met for <TaskInstance: hook_dag.getid manual__2022-04-19T11:55:44.280638+00:00 [queued]>
[2022-04-19 11:55:47,864] {taskinstance.py:1037} INFO - Dependencies all met for <TaskInstance: hook_dag.getid manual__2022-04-19T11:55:44.280638+00:00 [queued]>
[2022-04-19 11:55:47,864] {taskinstance.py:1243} INFO - 
--------------------------------------------------------------------------------
[2022-04-19 11:55:47,864] {taskinstance.py:1244} INFO - Starting attempt 1 of 2
[2022-04-19 11:55:47,864] {taskinstance.py:1245} INFO - 
--------------------------------------------------------------------------------
[2022-04-19 11:55:47,871] {taskinstance.py:1264} INFO - Executing <Task(PythonOperator): getid> on 2022-04-19 11:55:44.280638+00:00
[2022-04-19 11:55:47,875] {standard_task_runner.py:52} INFO - Started process 9377 to run task
[2022-04-19 11:55:47,878] {standard_task_runner.py:76} INFO - Running: ['***', 'tasks', 'run', 'hook_dag', 'getid', 'manual__2022-04-19T11:55:44.280638+00:00', '--job-id', '337', '--raw', '--subdir', 'DAGS_FOLDER/hook_dag.py', '--cfg-path', '/tmp/tmpzof29mra', '--error-file', '/tmp/tmpe1i2wlzu']
[2022-04-19 11:55:47,878] {standard_task_runner.py:77} INFO - Job 337: Subtask getid
[2022-04-19 11:55:47,939] {logging_mixin.py:109} INFO - Running <TaskInstance: hook_dag.getid manual__2022-04-19T11:55:44.280638+00:00 [running]> on host 22e04adb6bfa
[2022-04-19 11:55:48,014] {taskinstance.py:1431} INFO - Exporting the following env vars:
AIRFLOW_CTX_DAG_OWNER=***
AIRFLOW_CTX_DAG_ID=hook_dag
AIRFLOW_CTX_TASK_ID=getid
AIRFLOW_CTX_EXECUTION_DATE=2022-04-19T11:55:44.280638+00:00
AIRFLOW_CTX_DAG_RUN_ID=manual__2022-04-19T11:55:44.280638+00:00
[2022-04-19 11:55:48,023] {base.py:79} INFO - Using connection to: id: postgres_default. Host: postgres, Port: 5432, Schema: ***, Login: ***, Password: ***, extra: {}
[2022-04-19 11:55:48,041] {python.py:175} INFO - Done. Returned value was: None
[2022-04-19 11:55:48,052] {taskinstance.py:1282} INFO - Marking task as SUCCESS. dag_id=hook_dag, task_id=getid, execution_date=20220419T115544, start_date=20220419T115547, end_date=20220419T115548
[2022-04-19 11:55:48,096] {local_task_job.py:154} INFO - Task exited with return code 0
[2022-04-19 11:55:48,126] {local_task_job.py:264} INFO - 1 downstream tasks scheduled from follow-on schedule check
