[2022-04-29 14:45:10,636] {taskinstance.py:1037} INFO - Dependencies all met for <TaskInstance: cso_2295_ipo_2_cso_bd.py.transfer_cso_org manual__2022-04-29T14:45:03.279339+00:00 [queued]>
[2022-04-29 14:45:10,644] {taskinstance.py:1037} INFO - Dependencies all met for <TaskInstance: cso_2295_ipo_2_cso_bd.py.transfer_cso_org manual__2022-04-29T14:45:03.279339+00:00 [queued]>
[2022-04-29 14:45:10,645] {taskinstance.py:1243} INFO - 
--------------------------------------------------------------------------------
[2022-04-29 14:45:10,645] {taskinstance.py:1244} INFO - Starting attempt 1 of 1
[2022-04-29 14:45:10,645] {taskinstance.py:1245} INFO - 
--------------------------------------------------------------------------------
[2022-04-29 14:45:10,653] {taskinstance.py:1264} INFO - Executing <Task(Postgres2Postgres): transfer_cso_org> on 2022-04-29 14:45:03.279339+00:00
[2022-04-29 14:45:10,657] {standard_task_runner.py:52} INFO - Started process 1493 to run task
[2022-04-29 14:45:10,660] {standard_task_runner.py:76} INFO - Running: ['***', 'tasks', 'run', 'cso_2295_ipo_2_cso_bd.py', 'transfer_cso_org', 'manual__2022-04-29T14:45:03.279339+00:00', '--job-id', '1456', '--raw', '--subdir', 'DAGS_FOLDER/cso_2295/cso_2295_ipo_2_cso_bd.py', '--cfg-path', '/tmp/tmp2jsxh453', '--error-file', '/tmp/tmpaxjf397q']
[2022-04-29 14:45:10,660] {standard_task_runner.py:77} INFO - Job 1456: Subtask transfer_cso_org
[2022-04-29 14:45:10,724] {logging_mixin.py:109} INFO - Running <TaskInstance: cso_2295_ipo_2_cso_bd.py.transfer_cso_org manual__2022-04-29T14:45:03.279339+00:00 [running]> on host 0936e4a14e76
[2022-04-29 14:45:10,778] {taskinstance.py:1431} INFO - Exporting the following env vars:
AIRFLOW_CTX_DAG_OWNER=***
AIRFLOW_CTX_DAG_ID=cso_2295_ipo_2_cso_bd.py
AIRFLOW_CTX_TASK_ID=transfer_cso_org
AIRFLOW_CTX_EXECUTION_DATE=2022-04-29T14:45:03.279339+00:00
AIRFLOW_CTX_DAG_RUN_ID=manual__2022-04-29T14:45:03.279339+00:00
[2022-04-29 14:45:10,790] {base.py:79} INFO - Using connection to: id: postgres_default. Host: postgres, Port: 5432, Schema: ***, Login: ***, Password: ***, extra: {}
[2022-04-29 14:45:10,795] {Postgres2Postgres.py:35} INFO - Source id connection: postgres_host
[2022-04-29 14:45:10,795] {Postgres2Postgres.py:36} INFO - Executing sql = select to_char(now(), 'yyyymmdd') as "date",to_char(now(), 'hh24:mi:ss') as "time", WERKS, 
                BTRTL, objid as ORGEH, LNAME, orgname as SNAME, shortname as ABBRV, OPRNT, chperoe as CHPER, 
                orglow as ZTYPE, orgendda as SENDD from organizational_unit_actual_f;
[2022-04-29 14:45:10,802] {base.py:79} INFO - Using connection to: id: postgres_host. Host: 172.17.0.1, Port: 5432, Schema: postgres, Login: postgres, Password: ***, extra: {}
[2022-04-29 14:45:10,812] {dbapi.py:334} INFO - Done loading. Loaded a total of 8 rows
[2022-04-29 14:45:10,812] {Postgres2Postgres.py:52} INFO - Data transfer: 8 rows
[2022-04-29 14:45:10,812] {Postgres2Postgres.py:54} INFO - Finished data transfer
[2022-04-29 14:45:10,831] {taskinstance.py:1282} INFO - Marking task as SUCCESS. dag_id=cso_2295_ipo_2_cso_bd.py, task_id=transfer_cso_org, execution_date=20220429T144503, start_date=20220429T144510, end_date=20220429T144510
[2022-04-29 14:45:10,872] {local_task_job.py:154} INFO - Task exited with return code 0
[2022-04-29 14:45:10,911] {base.py:79} INFO - Using connection to: id: postgres_default. Host: postgres, Port: 5432, Schema: ***, Login: ***, Password: ***, extra: {}
[2022-04-29 14:45:10,914] {dbapi.py:225} INFO - Running statement: UPDATE list_flow_log
                        SET q_source=8,
                        q_target=8, t_end=NOW(), status=2,
                        optional_key='transfer_cso_org'
                        where id = 134;, parameters: None
[2022-04-29 14:45:10,915] {dbapi.py:233} INFO - Rows affected: 1
[2022-04-29 14:45:10,934] {local_task_job.py:264} INFO - 0 downstream tasks scheduled from follow-on schedule check
