[2022-04-20 15:39:08,990] {taskinstance.py:1037} INFO - Dependencies all met for <TaskInstance: example_short_circuit_operator.condition_is_False scheduled__2022-04-19T15:39:07.173108+00:00 [queued]>
[2022-04-20 15:39:09,000] {taskinstance.py:1037} INFO - Dependencies all met for <TaskInstance: example_short_circuit_operator.condition_is_False scheduled__2022-04-19T15:39:07.173108+00:00 [queued]>
[2022-04-20 15:39:09,000] {taskinstance.py:1243} INFO - 
--------------------------------------------------------------------------------
[2022-04-20 15:39:09,000] {taskinstance.py:1244} INFO - Starting attempt 1 of 1
[2022-04-20 15:39:09,000] {taskinstance.py:1245} INFO - 
--------------------------------------------------------------------------------
[2022-04-20 15:39:09,010] {taskinstance.py:1264} INFO - Executing <Task(ShortCircuitOperator): condition_is_False> on 2022-04-19 15:39:07.173108+00:00
[2022-04-20 15:39:09,015] {standard_task_runner.py:52} INFO - Started process 22799 to run task
[2022-04-20 15:39:09,025] {standard_task_runner.py:76} INFO - Running: ['***', 'tasks', 'run', 'example_short_circuit_operator', 'condition_is_False', 'scheduled__2022-04-19T15:39:07.173108+00:00', '--job-id', '773', '--raw', '--subdir', 'DAGS_FOLDER/example_short_circuit.py', '--cfg-path', '/tmp/tmpy4k2r2gw', '--error-file', '/tmp/tmps2_204dk']
[2022-04-20 15:39:09,026] {standard_task_runner.py:77} INFO - Job 773: Subtask condition_is_False
[2022-04-20 15:39:09,103] {logging_mixin.py:109} INFO - Running <TaskInstance: example_short_circuit_operator.condition_is_False scheduled__2022-04-19T15:39:07.173108+00:00 [running]> on host 22e04adb6bfa
[2022-04-20 15:39:09,167] {taskinstance.py:1431} INFO - Exporting the following env vars:
AIRFLOW_CTX_DAG_OWNER=***
AIRFLOW_CTX_DAG_ID=example_short_circuit_operator
AIRFLOW_CTX_TASK_ID=condition_is_False
AIRFLOW_CTX_EXECUTION_DATE=2022-04-19T15:39:07.173108+00:00
AIRFLOW_CTX_DAG_RUN_ID=scheduled__2022-04-19T15:39:07.173108+00:00
[2022-04-20 15:39:09,169] {python.py:175} INFO - Done. Returned value was: False
[2022-04-20 15:39:09,170] {python.py:239} INFO - Condition result is False
[2022-04-20 15:39:09,170] {python.py:245} INFO - Skipping downstream tasks...
[2022-04-20 15:39:09,197] {python.py:253} INFO - Done.
[2022-04-20 15:39:09,219] {taskinstance.py:1282} INFO - Marking task as SUCCESS. dag_id=example_short_circuit_operator, task_id=condition_is_False, execution_date=20220419T153907, start_date=20220420T153908, end_date=20220420T153909
[2022-04-20 15:39:09,269] {local_task_job.py:154} INFO - Task exited with return code 0
[2022-04-20 15:39:09,303] {local_task_job.py:264} INFO - 0 downstream tasks scheduled from follow-on schedule check
