[2022-04-19 14:56:37,592] {taskinstance.py:1037} INFO - Dependencies all met for <TaskInstance: hook_dag.branching manual__2022-04-19T14:55:27.193531+00:00 [queued]>
[2022-04-19 14:56:37,601] {taskinstance.py:1037} INFO - Dependencies all met for <TaskInstance: hook_dag.branching manual__2022-04-19T14:55:27.193531+00:00 [queued]>
[2022-04-19 14:56:37,601] {taskinstance.py:1243} INFO - 
--------------------------------------------------------------------------------
[2022-04-19 14:56:37,601] {taskinstance.py:1244} INFO - Starting attempt 1 of 2
[2022-04-19 14:56:37,601] {taskinstance.py:1245} INFO - 
--------------------------------------------------------------------------------
[2022-04-19 14:56:37,609] {taskinstance.py:1264} INFO - Executing <Task(BranchPythonOperator): branching> on 2022-04-19 14:55:27.193531+00:00
[2022-04-19 14:56:37,613] {standard_task_runner.py:52} INFO - Started process 18422 to run task
[2022-04-19 14:56:37,616] {standard_task_runner.py:76} INFO - Running: ['***', 'tasks', 'run', 'hook_dag', 'branching', 'manual__2022-04-19T14:55:27.193531+00:00', '--job-id', '535', '--raw', '--subdir', 'DAGS_FOLDER/hook_dag.py', '--cfg-path', '/tmp/tmp25tiq238', '--error-file', '/tmp/tmp2z461vao']
[2022-04-19 14:56:37,616] {standard_task_runner.py:77} INFO - Job 535: Subtask branching
[2022-04-19 14:56:37,662] {logging_mixin.py:109} INFO - Running <TaskInstance: hook_dag.branching manual__2022-04-19T14:55:27.193531+00:00 [running]> on host 22e04adb6bfa
[2022-04-19 14:56:37,750] {taskinstance.py:1431} INFO - Exporting the following env vars:
AIRFLOW_CTX_DAG_OWNER=***
AIRFLOW_CTX_DAG_ID=hook_dag
AIRFLOW_CTX_TASK_ID=branching
AIRFLOW_CTX_EXECUTION_DATE=2022-04-19T14:55:27.193531+00:00
AIRFLOW_CTX_DAG_RUN_ID=manual__2022-04-19T14:55:27.193531+00:00
[2022-04-19 14:56:37,780] {python.py:175} INFO - Done. Returned value was: transfer_suit_pa
[2022-04-19 14:56:37,781] {skipmixin.py:140} INFO - Following branch transfer_suit_pa
[2022-04-19 14:56:37,781] {skipmixin.py:171} INFO - Skipping tasks ['log_end_no_data_2']
[2022-04-19 14:56:37,880] {taskinstance.py:1282} INFO - Marking task as SUCCESS. dag_id=hook_dag, task_id=branching, execution_date=20220419T145527, start_date=20220419T145637, end_date=20220419T145637
[2022-04-19 14:56:37,910] {local_task_job.py:154} INFO - Task exited with return code 0
[2022-04-19 14:56:37,967] {local_task_job.py:264} INFO - 1 downstream tasks scheduled from follow-on schedule check
