[2022-04-19 15:33:51,811] {taskinstance.py:1037} INFO - Dependencies all met for <TaskInstance: hook_dag.cond_true manual__2022-04-19T15:33:50.288526+00:00 [queued]>
[2022-04-19 15:33:51,824] {taskinstance.py:1037} INFO - Dependencies all met for <TaskInstance: hook_dag.cond_true manual__2022-04-19T15:33:50.288526+00:00 [queued]>
[2022-04-19 15:33:51,824] {taskinstance.py:1243} INFO - 
--------------------------------------------------------------------------------
[2022-04-19 15:33:51,824] {taskinstance.py:1244} INFO - Starting attempt 1 of 2
[2022-04-19 15:33:51,824] {taskinstance.py:1245} INFO - 
--------------------------------------------------------------------------------
[2022-04-19 15:33:51,838] {taskinstance.py:1264} INFO - Executing <Task(ShortCircuitOperator): cond_true> on 2022-04-19 15:33:50.288526+00:00
[2022-04-19 15:33:51,842] {standard_task_runner.py:52} INFO - Started process 20246 to run task
[2022-04-19 15:33:51,846] {standard_task_runner.py:76} INFO - Running: ['***', 'tasks', 'run', 'hook_dag', 'cond_true', 'manual__2022-04-19T15:33:50.288526+00:00', '--job-id', '550', '--raw', '--subdir', 'DAGS_FOLDER/hook_dag.py', '--cfg-path', '/tmp/tmpenxfvdy9', '--error-file', '/tmp/tmp76e7ofq2']
[2022-04-19 15:33:51,847] {standard_task_runner.py:77} INFO - Job 550: Subtask cond_true
[2022-04-19 15:33:51,939] {logging_mixin.py:109} INFO - Running <TaskInstance: hook_dag.cond_true manual__2022-04-19T15:33:50.288526+00:00 [running]> on host 22e04adb6bfa
[2022-04-19 15:33:52,073] {taskinstance.py:1431} INFO - Exporting the following env vars:
AIRFLOW_CTX_DAG_OWNER=***
AIRFLOW_CTX_DAG_ID=hook_dag
AIRFLOW_CTX_TASK_ID=cond_true
AIRFLOW_CTX_EXECUTION_DATE=2022-04-19T15:33:50.288526+00:00
AIRFLOW_CTX_DAG_RUN_ID=manual__2022-04-19T15:33:50.288526+00:00
[2022-04-19 15:33:52,073] {python.py:175} INFO - Done. Returned value was: True
[2022-04-19 15:33:52,074] {python.py:239} INFO - Condition result is True
[2022-04-19 15:33:52,074] {python.py:242} INFO - Proceeding with downstream tasks...
[2022-04-19 15:33:52,084] {taskinstance.py:1282} INFO - Marking task as SUCCESS. dag_id=hook_dag, task_id=cond_true, execution_date=20220419T153350, start_date=20220419T153351, end_date=20220419T153352
[2022-04-19 15:33:52,141] {local_task_job.py:154} INFO - Task exited with return code 0
[2022-04-19 15:33:52,181] {local_task_job.py:264} INFO - 1 downstream tasks scheduled from follow-on schedule check
