[2022-04-29 15:41:03,888] {taskinstance.py:1037} INFO - Dependencies all met for <TaskInstance: cso_2295_ipo_2_cso_xls.py.check_current_month scheduled__2022-04-28T15:41:00+00:00 [queued]>
[2022-04-29 15:41:03,902] {taskinstance.py:1037} INFO - Dependencies all met for <TaskInstance: cso_2295_ipo_2_cso_xls.py.check_current_month scheduled__2022-04-28T15:41:00+00:00 [queued]>
[2022-04-29 15:41:03,902] {taskinstance.py:1243} INFO - 
--------------------------------------------------------------------------------
[2022-04-29 15:41:03,902] {taskinstance.py:1244} INFO - Starting attempt 1 of 1
[2022-04-29 15:41:03,902] {taskinstance.py:1245} INFO - 
--------------------------------------------------------------------------------
[2022-04-29 15:41:03,979] {taskinstance.py:1264} INFO - Executing <Task(ShortCircuitOperator): check_current_month> on 2022-04-28 15:41:00+00:00
[2022-04-29 15:41:03,983] {standard_task_runner.py:52} INFO - Started process 4195 to run task
[2022-04-29 15:41:03,989] {standard_task_runner.py:76} INFO - Running: ['***', 'tasks', 'run', 'cso_2295_ipo_2_cso_xls.py', 'check_current_month', 'scheduled__2022-04-28T15:41:00+00:00', '--job-id', '1466', '--raw', '--subdir', 'DAGS_FOLDER/cso_2295/cso_2295_ipo_2_cso_xls.py', '--cfg-path', '/tmp/tmps4udcddk', '--error-file', '/tmp/tmpv71fnd9y']
[2022-04-29 15:41:03,989] {standard_task_runner.py:77} INFO - Job 1466: Subtask check_current_month
[2022-04-29 15:41:04,094] {logging_mixin.py:109} INFO - Running <TaskInstance: cso_2295_ipo_2_cso_xls.py.check_current_month scheduled__2022-04-28T15:41:00+00:00 [running]> on host 0936e4a14e76
[2022-04-29 15:41:04,391] {taskinstance.py:1431} INFO - Exporting the following env vars:
AIRFLOW_CTX_DAG_OWNER=***
AIRFLOW_CTX_DAG_ID=cso_2295_ipo_2_cso_xls.py
AIRFLOW_CTX_TASK_ID=check_current_month
AIRFLOW_CTX_EXECUTION_DATE=2022-04-28T15:41:00+00:00
AIRFLOW_CTX_DAG_RUN_ID=scheduled__2022-04-28T15:41:00+00:00
[2022-04-29 15:41:04,392] {python.py:175} INFO - Done. Returned value was: True
[2022-04-29 15:41:04,392] {python.py:239} INFO - Condition result is True
[2022-04-29 15:41:04,392] {python.py:242} INFO - Proceeding with downstream tasks...
[2022-04-29 15:41:04,518] {taskinstance.py:1282} INFO - Marking task as SUCCESS. dag_id=cso_2295_ipo_2_cso_xls.py, task_id=check_current_month, execution_date=20220428T154100, start_date=20220429T154103, end_date=20220429T154104
[2022-04-29 15:41:04,734] {local_task_job.py:154} INFO - Task exited with return code 0
[2022-04-29 15:41:05,005] {local_task_job.py:264} INFO - 1 downstream tasks scheduled from follow-on schedule check
