[2022-04-25 08:17:39,690] {taskinstance.py:1037} INFO - Dependencies all met for <TaskInstance: cso_2295_ipo_2_cso_xls.py.check_system_source2 manual__2022-04-25T08:14:20.098498+00:00 [queued]>
[2022-04-25 08:17:39,698] {taskinstance.py:1037} INFO - Dependencies all met for <TaskInstance: cso_2295_ipo_2_cso_xls.py.check_system_source2 manual__2022-04-25T08:14:20.098498+00:00 [queued]>
[2022-04-25 08:17:39,698] {taskinstance.py:1243} INFO - 
--------------------------------------------------------------------------------
[2022-04-25 08:17:39,698] {taskinstance.py:1244} INFO - Starting attempt 1 of 1
[2022-04-25 08:17:39,698] {taskinstance.py:1245} INFO - 
--------------------------------------------------------------------------------
[2022-04-25 08:17:39,706] {taskinstance.py:1264} INFO - Executing <Task(BranchPythonOperator): check_system_source2> on 2022-04-25 08:14:20.098498+00:00
[2022-04-25 08:17:39,710] {standard_task_runner.py:52} INFO - Started process 878 to run task
[2022-04-25 08:17:39,713] {standard_task_runner.py:76} INFO - Running: ['***', 'tasks', 'run', 'cso_2295_ipo_2_cso_xls.py', 'check_system_source2', 'manual__2022-04-25T08:14:20.098498+00:00', '--job-id', '1107', '--raw', '--subdir', 'DAGS_FOLDER/cso_2295/cso_2295_ipo_2_cso_xls.py', '--cfg-path', '/tmp/tmpiqoyj4ux', '--error-file', '/tmp/tmpl_84my8w']
[2022-04-25 08:17:39,714] {standard_task_runner.py:77} INFO - Job 1107: Subtask check_system_source2
[2022-04-25 08:17:39,746] {logging_mixin.py:109} INFO - Running <TaskInstance: cso_2295_ipo_2_cso_xls.py.check_system_source2 manual__2022-04-25T08:14:20.098498+00:00 [running]> on host 22e04adb6bfa
[2022-04-25 08:17:39,784] {taskinstance.py:1431} INFO - Exporting the following env vars:
AIRFLOW_CTX_DAG_OWNER=***
AIRFLOW_CTX_DAG_ID=cso_2295_ipo_2_cso_xls.py
AIRFLOW_CTX_TASK_ID=check_system_source2
AIRFLOW_CTX_EXECUTION_DATE=2022-04-25T08:14:20.098498+00:00
AIRFLOW_CTX_DAG_RUN_ID=manual__2022-04-25T08:14:20.098498+00:00
[2022-04-25 08:17:39,785] {python.py:175} INFO - Done. Returned value was: check_system_target2
[2022-04-25 08:17:39,785] {skipmixin.py:140} INFO - Following branch check_system_target2
[2022-04-25 08:17:39,785] {skipmixin.py:171} INFO - Skipping tasks ['log_err_access_source2']
[2022-04-25 08:17:39,811] {taskinstance.py:1282} INFO - Marking task as SUCCESS. dag_id=cso_2295_ipo_2_cso_xls.py, task_id=check_system_source2, execution_date=20220425T081420, start_date=20220425T081739, end_date=20220425T081739
[2022-04-25 08:17:39,845] {local_task_job.py:154} INFO - Task exited with return code 0
[2022-04-25 08:17:39,936] {local_task_job.py:264} INFO - 1 downstream tasks scheduled from follow-on schedule check
