[2022-04-20 13:26:23,673] {taskinstance.py:1037} INFO - Dependencies all met for <TaskInstance: hook_dag.getid_1 scheduled__2022-04-18T17:00:00+00:00 [queued]>
[2022-04-20 13:26:23,681] {taskinstance.py:1037} INFO - Dependencies all met for <TaskInstance: hook_dag.getid_1 scheduled__2022-04-18T17:00:00+00:00 [queued]>
[2022-04-20 13:26:23,681] {taskinstance.py:1243} INFO - 
--------------------------------------------------------------------------------
[2022-04-20 13:26:23,681] {taskinstance.py:1244} INFO - Starting attempt 1 of 2
[2022-04-20 13:26:23,681] {taskinstance.py:1245} INFO - 
--------------------------------------------------------------------------------
[2022-04-20 13:26:23,689] {taskinstance.py:1264} INFO - Executing <Task(PythonOperator): getid_1> on 2022-04-18 17:00:00+00:00
[2022-04-20 13:26:23,694] {standard_task_runner.py:52} INFO - Started process 15899 to run task
[2022-04-20 13:26:23,696] {standard_task_runner.py:76} INFO - Running: ['***', 'tasks', 'run', 'hook_dag', 'getid_1', 'scheduled__2022-04-18T17:00:00+00:00', '--job-id', '584', '--raw', '--subdir', 'DAGS_FOLDER/hook_dag.py', '--cfg-path', '/tmp/tmpdi9slsp9', '--error-file', '/tmp/tmp518rmt6m']
[2022-04-20 13:26:23,697] {standard_task_runner.py:77} INFO - Job 584: Subtask getid_1
[2022-04-20 13:26:23,741] {logging_mixin.py:109} INFO - Running <TaskInstance: hook_dag.getid_1 scheduled__2022-04-18T17:00:00+00:00 [running]> on host 22e04adb6bfa
[2022-04-20 13:26:23,781] {taskinstance.py:1431} INFO - Exporting the following env vars:
AIRFLOW_CTX_DAG_OWNER=***
AIRFLOW_CTX_DAG_ID=hook_dag
AIRFLOW_CTX_TASK_ID=getid_1
AIRFLOW_CTX_EXECUTION_DATE=2022-04-18T17:00:00+00:00
AIRFLOW_CTX_DAG_RUN_ID=scheduled__2022-04-18T17:00:00+00:00
[2022-04-20 13:26:23,787] {base.py:79} INFO - Using connection to: id: postgres_default. Host: postgres, Port: 5432, Schema: ***, Login: ***, Password: ***, extra: {}
[2022-04-20 13:26:23,797] {python.py:175} INFO - Done. Returned value was: None
[2022-04-20 13:26:23,805] {taskinstance.py:1282} INFO - Marking task as SUCCESS. dag_id=hook_dag, task_id=getid_1, execution_date=20220418T170000, start_date=20220420T132623, end_date=20220420T132623
[2022-04-20 13:26:23,828] {local_task_job.py:154} INFO - Task exited with return code 0
[2022-04-20 13:26:23,854] {local_task_job.py:264} INFO - 1 downstream tasks scheduled from follow-on schedule check
