[2022-04-25 19:43:59,035] {taskinstance.py:1037} INFO - Dependencies all met for <TaskInstance: example_short_circuit_operator.condition_is_True scheduled__2022-04-24T19:43:55.846512+00:00 [queued]>
[2022-04-25 19:43:59,064] {taskinstance.py:1037} INFO - Dependencies all met for <TaskInstance: example_short_circuit_operator.condition_is_True scheduled__2022-04-24T19:43:55.846512+00:00 [queued]>
[2022-04-25 19:43:59,064] {taskinstance.py:1243} INFO - 
--------------------------------------------------------------------------------
[2022-04-25 19:43:59,064] {taskinstance.py:1244} INFO - Starting attempt 1 of 1
[2022-04-25 19:43:59,064] {taskinstance.py:1245} INFO - 
--------------------------------------------------------------------------------
[2022-04-25 19:43:59,077] {taskinstance.py:1264} INFO - Executing <Task(ShortCircuitOperator): condition_is_True> on 2022-04-24 19:43:55.846512+00:00
[2022-04-25 19:43:59,083] {standard_task_runner.py:52} INFO - Started process 34175 to run task
[2022-04-25 19:43:59,084] {standard_task_runner.py:76} INFO - Running: ['***', 'tasks', 'run', 'example_short_circuit_operator', 'condition_is_True', 'scheduled__2022-04-24T19:43:55.846512+00:00', '--job-id', '1256', '--raw', '--subdir', 'DAGS_FOLDER/example_short_circuit.py', '--cfg-path', '/tmp/tmpsxhabx9u', '--error-file', '/tmp/tmp9qi2z_9w']
[2022-04-25 19:43:59,085] {standard_task_runner.py:77} INFO - Job 1256: Subtask condition_is_True
[2022-04-25 19:43:59,170] {logging_mixin.py:109} INFO - Running <TaskInstance: example_short_circuit_operator.condition_is_True scheduled__2022-04-24T19:43:55.846512+00:00 [running]> on host 22e04adb6bfa
[2022-04-25 19:43:59,231] {taskinstance.py:1431} INFO - Exporting the following env vars:
AIRFLOW_CTX_DAG_OWNER=***
AIRFLOW_CTX_DAG_ID=example_short_circuit_operator
AIRFLOW_CTX_TASK_ID=condition_is_True
AIRFLOW_CTX_EXECUTION_DATE=2022-04-24T19:43:55.846512+00:00
AIRFLOW_CTX_DAG_RUN_ID=scheduled__2022-04-24T19:43:55.846512+00:00
[2022-04-25 19:43:59,231] {python.py:175} INFO - Done. Returned value was: True
[2022-04-25 19:43:59,231] {python.py:239} INFO - Condition result is True
[2022-04-25 19:43:59,231] {python.py:242} INFO - Proceeding with downstream tasks...
[2022-04-25 19:43:59,250] {taskinstance.py:1282} INFO - Marking task as SUCCESS. dag_id=example_short_circuit_operator, task_id=condition_is_True, execution_date=20220424T194355, start_date=20220425T194359, end_date=20220425T194359
[2022-04-25 19:43:59,299] {local_task_job.py:154} INFO - Task exited with return code 0
[2022-04-25 19:43:59,360] {local_task_job.py:264} INFO - 1 downstream tasks scheduled from follow-on schedule check
