[2022-04-25 08:41:21,948] {taskinstance.py:1037} INFO - Dependencies all met for <TaskInstance: cso_2295_ipo_2_cso_xls.py.getid1 manual__2022-04-25T08:41:17.138194+00:00 [queued]>
[2022-04-25 08:41:21,957] {taskinstance.py:1037} INFO - Dependencies all met for <TaskInstance: cso_2295_ipo_2_cso_xls.py.getid1 manual__2022-04-25T08:41:17.138194+00:00 [queued]>
[2022-04-25 08:41:21,957] {taskinstance.py:1243} INFO - 
--------------------------------------------------------------------------------
[2022-04-25 08:41:21,958] {taskinstance.py:1244} INFO - Starting attempt 1 of 1
[2022-04-25 08:41:21,958] {taskinstance.py:1245} INFO - 
--------------------------------------------------------------------------------
[2022-04-25 08:41:21,965] {taskinstance.py:1264} INFO - Executing <Task(PythonOperator): getid1> on 2022-04-25 08:41:17.138194+00:00
[2022-04-25 08:41:21,969] {standard_task_runner.py:52} INFO - Started process 2133 to run task
[2022-04-25 08:41:21,971] {standard_task_runner.py:76} INFO - Running: ['***', 'tasks', 'run', 'cso_2295_ipo_2_cso_xls.py', 'getid1', 'manual__2022-04-25T08:41:17.138194+00:00', '--job-id', '1140', '--raw', '--subdir', 'DAGS_FOLDER/cso_2295/cso_2295_ipo_2_cso_xls.py', '--cfg-path', '/tmp/tmpekhpbqtk', '--error-file', '/tmp/tmpsx2dvfqd']
[2022-04-25 08:41:21,972] {standard_task_runner.py:77} INFO - Job 1140: Subtask getid1
[2022-04-25 08:41:22,022] {logging_mixin.py:109} INFO - Running <TaskInstance: cso_2295_ipo_2_cso_xls.py.getid1 manual__2022-04-25T08:41:17.138194+00:00 [running]> on host 22e04adb6bfa
[2022-04-25 08:41:22,069] {taskinstance.py:1431} INFO - Exporting the following env vars:
AIRFLOW_CTX_DAG_OWNER=***
AIRFLOW_CTX_DAG_ID=cso_2295_ipo_2_cso_xls.py
AIRFLOW_CTX_TASK_ID=getid1
AIRFLOW_CTX_EXECUTION_DATE=2022-04-25T08:41:17.138194+00:00
AIRFLOW_CTX_DAG_RUN_ID=manual__2022-04-25T08:41:17.138194+00:00
[2022-04-25 08:41:22,076] {base.py:79} INFO - Using connection to: id: postgres_default. Host: postgres, Port: 5432, Schema: ***, Login: ***, Password: ***, extra: {}
[2022-04-25 08:41:22,087] {python.py:175} INFO - Done. Returned value was: None
[2022-04-25 08:41:22,094] {taskinstance.py:1282} INFO - Marking task as SUCCESS. dag_id=cso_2295_ipo_2_cso_xls.py, task_id=getid1, execution_date=20220425T084117, start_date=20220425T084121, end_date=20220425T084122
[2022-04-25 08:41:22,148] {local_task_job.py:154} INFO - Task exited with return code 0
[2022-04-25 08:41:22,176] {local_task_job.py:264} INFO - 1 downstream tasks scheduled from follow-on schedule check
