[2022-04-19 10:32:48,211] {taskinstance.py:1037} INFO - Dependencies all met for <TaskInstance: hook_dag.log_sensor manual__2022-04-19T10:32:47.286752+00:00 [queued]>
[2022-04-19 10:32:48,219] {taskinstance.py:1037} INFO - Dependencies all met for <TaskInstance: hook_dag.log_sensor manual__2022-04-19T10:32:47.286752+00:00 [queued]>
[2022-04-19 10:32:48,219] {taskinstance.py:1243} INFO - 
--------------------------------------------------------------------------------
[2022-04-19 10:32:48,219] {taskinstance.py:1244} INFO - Starting attempt 1 of 2
[2022-04-19 10:32:48,219] {taskinstance.py:1245} INFO - 
--------------------------------------------------------------------------------
[2022-04-19 10:32:48,226] {taskinstance.py:1264} INFO - Executing <Task(SqlSensor): log_sensor> on 2022-04-19 10:32:47.286752+00:00
[2022-04-19 10:32:48,231] {standard_task_runner.py:52} INFO - Started process 5217 to run task
[2022-04-19 10:32:48,233] {standard_task_runner.py:76} INFO - Running: ['***', 'tasks', 'run', 'hook_dag', 'log_sensor', 'manual__2022-04-19T10:32:47.286752+00:00', '--job-id', '287', '--raw', '--subdir', 'DAGS_FOLDER/hook_dag.py', '--cfg-path', '/tmp/tmp_rv55qip', '--error-file', '/tmp/tmpdhlpy295']
[2022-04-19 10:32:48,234] {standard_task_runner.py:77} INFO - Job 287: Subtask log_sensor
[2022-04-19 10:32:48,275] {logging_mixin.py:109} INFO - Running <TaskInstance: hook_dag.log_sensor manual__2022-04-19T10:32:47.286752+00:00 [running]> on host 22e04adb6bfa
[2022-04-19 10:32:48,312] {taskinstance.py:1431} INFO - Exporting the following env vars:
AIRFLOW_CTX_DAG_OWNER=***
AIRFLOW_CTX_DAG_ID=hook_dag
AIRFLOW_CTX_TASK_ID=log_sensor
AIRFLOW_CTX_EXECUTION_DATE=2022-04-19T10:32:47.286752+00:00
AIRFLOW_CTX_DAG_RUN_ID=manual__2022-04-19T10:32:47.286752+00:00
[2022-04-19 10:32:48,319] {base.py:79} INFO - Using connection to: id: postgres_default. Host: postgres, Port: 5432, Schema: ***, Login: ***, Password: ***, extra: {}
[2022-04-19 10:32:48,366] {sql.py:98} INFO - Poking: select case when q = 'true' then 1 else 0 end as q from  (
	select case when count(id)=0 then 'true' else 'false' end as q
	from list_flow_log
	where object_flow = 1 and status = 1
) t1; (with parameters None)
[2022-04-19 10:32:48,370] {base.py:79} INFO - Using connection to: id: postgres_default. Host: postgres, Port: 5432, Schema: ***, Login: ***, Password: ***, extra: {}
[2022-04-19 10:33:48,439] {base.py:79} INFO - Using connection to: id: postgres_default. Host: postgres, Port: 5432, Schema: ***, Login: ***, Password: ***, extra: {}
[2022-04-19 10:33:48,488] {sql.py:98} INFO - Poking: select case when q = 'true' then 1 else 0 end as q from  (
	select case when count(id)=0 then 'true' else 'false' end as q
	from list_flow_log
	where object_flow = 1 and status = 1
) t1; (with parameters None)
[2022-04-19 10:33:48,493] {base.py:79} INFO - Using connection to: id: postgres_default. Host: postgres, Port: 5432, Schema: ***, Login: ***, Password: ***, extra: {}
[2022-04-19 10:33:48,496] {base.py:251} INFO - Success criteria met. Exiting.
[2022-04-19 10:33:48,505] {taskinstance.py:1282} INFO - Marking task as SUCCESS. dag_id=hook_dag, task_id=log_sensor, execution_date=20220419T103247, start_date=20220419T103248, end_date=20220419T103348
[2022-04-19 10:33:48,555] {local_task_job.py:154} INFO - Task exited with return code 0
[2022-04-19 10:33:48,593] {local_task_job.py:264} INFO - 0 downstream tasks scheduled from follow-on schedule check
