[2022-04-19 13:37:30,087] {taskinstance.py:1037} INFO - Dependencies all met for <TaskInstance: hook_dag.cond_true manual__2022-04-19T13:37:26.191995+00:00 [queued]>
[2022-04-19 13:37:30,099] {taskinstance.py:1037} INFO - Dependencies all met for <TaskInstance: hook_dag.cond_true manual__2022-04-19T13:37:26.191995+00:00 [queued]>
[2022-04-19 13:37:30,099] {taskinstance.py:1243} INFO - 
--------------------------------------------------------------------------------
[2022-04-19 13:37:30,099] {taskinstance.py:1244} INFO - Starting attempt 1 of 2
[2022-04-19 13:37:30,099] {taskinstance.py:1245} INFO - 
--------------------------------------------------------------------------------
[2022-04-19 13:37:30,112] {taskinstance.py:1264} INFO - Executing <Task(ShortCircuitOperator): cond_true> on 2022-04-19 13:37:26.191995+00:00
[2022-04-19 13:37:30,116] {standard_task_runner.py:52} INFO - Started process 14317 to run task
[2022-04-19 13:37:30,122] {standard_task_runner.py:76} INFO - Running: ['***', 'tasks', 'run', 'hook_dag', 'cond_true', 'manual__2022-04-19T13:37:26.191995+00:00', '--job-id', '409', '--raw', '--subdir', 'DAGS_FOLDER/hook_dag.py', '--cfg-path', '/tmp/tmp86pe41lf', '--error-file', '/tmp/tmpyxdqez5e']
[2022-04-19 13:37:30,123] {standard_task_runner.py:77} INFO - Job 409: Subtask cond_true
[2022-04-19 13:37:30,194] {logging_mixin.py:109} INFO - Running <TaskInstance: hook_dag.cond_true manual__2022-04-19T13:37:26.191995+00:00 [running]> on host 22e04adb6bfa
[2022-04-19 13:37:30,242] {taskinstance.py:1431} INFO - Exporting the following env vars:
AIRFLOW_CTX_DAG_OWNER=***
AIRFLOW_CTX_DAG_ID=hook_dag
AIRFLOW_CTX_TASK_ID=cond_true
AIRFLOW_CTX_EXECUTION_DATE=2022-04-19T13:37:26.191995+00:00
AIRFLOW_CTX_DAG_RUN_ID=manual__2022-04-19T13:37:26.191995+00:00
[2022-04-19 13:37:30,242] {python.py:175} INFO - Done. Returned value was: False
[2022-04-19 13:37:30,243] {python.py:239} INFO - Condition result is False
[2022-04-19 13:37:30,243] {python.py:245} INFO - Skipping downstream tasks...
[2022-04-19 13:37:30,278] {python.py:253} INFO - Done.
[2022-04-19 13:37:30,288] {taskinstance.py:1282} INFO - Marking task as SUCCESS. dag_id=hook_dag, task_id=cond_true, execution_date=20220419T133726, start_date=20220419T133730, end_date=20220419T133730
[2022-04-19 13:37:30,338] {local_task_job.py:154} INFO - Task exited with return code 0
[2022-04-19 13:37:30,360] {local_task_job.py:264} INFO - 0 downstream tasks scheduled from follow-on schedule check
