[2022-04-25 15:41:32,247] {taskinstance.py:1037} INFO - Dependencies all met for <TaskInstance: cso_2295_ipo_2_cso.py.check_system_target1 scheduled__2022-04-24T15:41:00+00:00 [queued]>
[2022-04-25 15:41:32,257] {taskinstance.py:1037} INFO - Dependencies all met for <TaskInstance: cso_2295_ipo_2_cso.py.check_system_target1 scheduled__2022-04-24T15:41:00+00:00 [queued]>
[2022-04-25 15:41:32,257] {taskinstance.py:1243} INFO - 
--------------------------------------------------------------------------------
[2022-04-25 15:41:32,257] {taskinstance.py:1244} INFO - Starting attempt 1 of 1
[2022-04-25 15:41:32,257] {taskinstance.py:1245} INFO - 
--------------------------------------------------------------------------------
[2022-04-25 15:41:32,309] {taskinstance.py:1264} INFO - Executing <Task(BranchPythonOperator): check_system_target1> on 2022-04-24 15:41:00+00:00
[2022-04-25 15:41:32,313] {standard_task_runner.py:52} INFO - Started process 22574 to run task
[2022-04-25 15:41:32,315] {standard_task_runner.py:76} INFO - Running: ['***', 'tasks', 'run', 'cso_2295_ipo_2_cso.py', 'check_system_target1', 'scheduled__2022-04-24T15:41:00+00:00', '--job-id', '1250', '--raw', '--subdir', 'DAGS_FOLDER/cso_2295/cso_2295_ipo_2_cso.py', '--cfg-path', '/tmp/tmpbq0lp3nf', '--error-file', '/tmp/tmpcnle7h0y']
[2022-04-25 15:41:32,316] {standard_task_runner.py:77} INFO - Job 1250: Subtask check_system_target1
[2022-04-25 15:41:32,427] {logging_mixin.py:109} INFO - Running <TaskInstance: cso_2295_ipo_2_cso.py.check_system_target1 scheduled__2022-04-24T15:41:00+00:00 [running]> on host 22e04adb6bfa
[2022-04-25 15:41:32,512] {taskinstance.py:1431} INFO - Exporting the following env vars:
AIRFLOW_CTX_DAG_OWNER=***
AIRFLOW_CTX_DAG_ID=cso_2295_ipo_2_cso.py
AIRFLOW_CTX_TASK_ID=check_system_target1
AIRFLOW_CTX_EXECUTION_DATE=2022-04-24T15:41:00+00:00
AIRFLOW_CTX_DAG_RUN_ID=scheduled__2022-04-24T15:41:00+00:00
[2022-04-25 15:41:32,512] {python.py:175} INFO - Done. Returned value was: transfer_cso_org
[2022-04-25 15:41:32,512] {skipmixin.py:140} INFO - Following branch transfer_cso_org
[2022-04-25 15:41:32,512] {skipmixin.py:171} INFO - Skipping tasks ['log_err_access_target1']
[2022-04-25 15:41:32,785] {taskinstance.py:1282} INFO - Marking task as SUCCESS. dag_id=cso_2295_ipo_2_cso.py, task_id=check_system_target1, execution_date=20220424T154100, start_date=20220425T154132, end_date=20220425T154132
[2022-04-25 15:41:32,932] {local_task_job.py:154} INFO - Task exited with return code 0
[2022-04-25 15:41:33,098] {local_task_job.py:264} INFO - 1 downstream tasks scheduled from follow-on schedule check
