[2022-04-22 13:40:58,532] {taskinstance.py:1037} INFO - Dependencies all met for <TaskInstance: cso_2295_ipo_2_cso_xls.py.sleep scheduled__2022-04-20T15:41:00+00:00 [queued]>
[2022-04-22 13:40:58,538] {taskinstance.py:1037} INFO - Dependencies all met for <TaskInstance: cso_2295_ipo_2_cso_xls.py.sleep scheduled__2022-04-20T15:41:00+00:00 [queued]>
[2022-04-22 13:40:58,539] {taskinstance.py:1243} INFO - 
--------------------------------------------------------------------------------
[2022-04-22 13:40:58,539] {taskinstance.py:1244} INFO - Starting attempt 1 of 1
[2022-04-22 13:40:58,539] {taskinstance.py:1245} INFO - 
--------------------------------------------------------------------------------
[2022-04-22 13:40:58,680] {taskinstance.py:1264} INFO - Executing <Task(BashOperator): sleep> on 2022-04-20 15:41:00+00:00
[2022-04-22 13:40:58,734] {standard_task_runner.py:52} INFO - Started process 13722 to run task
[2022-04-22 13:40:58,745] {standard_task_runner.py:76} INFO - Running: ['***', 'tasks', 'run', 'cso_2295_ipo_2_cso_xls.py', 'sleep', 'scheduled__2022-04-20T15:41:00+00:00', '--job-id', '1020', '--raw', '--subdir', 'DAGS_FOLDER/cso_2295/cso_2295_ipo_2_cso_xls.py', '--cfg-path', '/tmp/tmpaeviyk04', '--error-file', '/tmp/tmp_4zmu4d2']
[2022-04-22 13:40:58,746] {standard_task_runner.py:77} INFO - Job 1020: Subtask sleep
[2022-04-22 13:40:59,070] {logging_mixin.py:109} INFO - Running <TaskInstance: cso_2295_ipo_2_cso_xls.py.sleep scheduled__2022-04-20T15:41:00+00:00 [running]> on host 22e04adb6bfa
[2022-04-22 13:40:59,416] {taskinstance.py:1431} INFO - Exporting the following env vars:
AIRFLOW_CTX_DAG_OWNER=***
AIRFLOW_CTX_DAG_ID=cso_2295_ipo_2_cso_xls.py
AIRFLOW_CTX_TASK_ID=sleep
AIRFLOW_CTX_EXECUTION_DATE=2022-04-20T15:41:00+00:00
AIRFLOW_CTX_DAG_RUN_ID=scheduled__2022-04-20T15:41:00+00:00
[2022-04-22 13:40:59,417] {subprocess.py:62} INFO - Tmp dir root location: 
 /tmp
[2022-04-22 13:40:59,429] {subprocess.py:74} INFO - Running command: ['bash', '-c', 'sleep 5']
[2022-04-22 13:40:59,747] {subprocess.py:85} INFO - Output:
[2022-04-22 13:41:05,532] {subprocess.py:93} INFO - Command exited with return code 0
[2022-04-22 13:41:05,693] {taskinstance.py:1282} INFO - Marking task as SUCCESS. dag_id=cso_2295_ipo_2_cso_xls.py, task_id=sleep, execution_date=20220420T154100, start_date=20220422T134058, end_date=20220422T134105
[2022-04-22 13:41:05,939] {local_task_job.py:154} INFO - Task exited with return code 0
[2022-04-22 13:41:06,005] {local_task_job.py:264} INFO - 1 downstream tasks scheduled from follow-on schedule check
