[2022-04-25 08:47:05,424] {taskinstance.py:1037} INFO - Dependencies all met for <TaskInstance: cso_2295_ipo_2_cso_xls.py.log_sensor2 manual__2022-04-25T08:46:57.683080+00:00 [queued]>
[2022-04-25 08:47:05,432] {taskinstance.py:1037} INFO - Dependencies all met for <TaskInstance: cso_2295_ipo_2_cso_xls.py.log_sensor2 manual__2022-04-25T08:46:57.683080+00:00 [queued]>
[2022-04-25 08:47:05,432] {taskinstance.py:1243} INFO - 
--------------------------------------------------------------------------------
[2022-04-25 08:47:05,432] {taskinstance.py:1244} INFO - Starting attempt 1 of 1
[2022-04-25 08:47:05,432] {taskinstance.py:1245} INFO - 
--------------------------------------------------------------------------------
[2022-04-25 08:47:05,444] {taskinstance.py:1264} INFO - Executing <Task(SqlSensor): log_sensor2> on 2022-04-25 08:46:57.683080+00:00
[2022-04-25 08:47:05,448] {standard_task_runner.py:52} INFO - Started process 2567 to run task
[2022-04-25 08:47:05,452] {standard_task_runner.py:76} INFO - Running: ['***', 'tasks', 'run', 'cso_2295_ipo_2_cso_xls.py', 'log_sensor2', 'manual__2022-04-25T08:46:57.683080+00:00', '--job-id', '1191', '--raw', '--subdir', 'DAGS_FOLDER/cso_2295/cso_2295_ipo_2_cso_xls.py', '--cfg-path', '/tmp/tmp6uzqdlm4', '--error-file', '/tmp/tmptsd3y86a']
[2022-04-25 08:47:05,453] {standard_task_runner.py:77} INFO - Job 1191: Subtask log_sensor2
[2022-04-25 08:47:05,499] {logging_mixin.py:109} INFO - Running <TaskInstance: cso_2295_ipo_2_cso_xls.py.log_sensor2 manual__2022-04-25T08:46:57.683080+00:00 [running]> on host 22e04adb6bfa
[2022-04-25 08:47:05,546] {taskinstance.py:1431} INFO - Exporting the following env vars:
AIRFLOW_CTX_DAG_OWNER=***
AIRFLOW_CTX_DAG_ID=cso_2295_ipo_2_cso_xls.py
AIRFLOW_CTX_TASK_ID=log_sensor2
AIRFLOW_CTX_EXECUTION_DATE=2022-04-25T08:46:57.683080+00:00
AIRFLOW_CTX_DAG_RUN_ID=manual__2022-04-25T08:46:57.683080+00:00
[2022-04-25 08:47:05,552] {base.py:79} INFO - Using connection to: id: postgres_default. Host: postgres, Port: 5432, Schema: ***, Login: ***, Password: ***, extra: {}
[2022-04-25 08:47:05,602] {sql.py:98} INFO - Poking: select case when q = 'true' then 1 else 0 end as q from  (
	select case when count(id)=0 then 'true' else 'false' end as q
	from list_flow_log
	where object_flow = 0 and status = 1
) t1; (with parameters None)
[2022-04-25 08:47:05,607] {base.py:79} INFO - Using connection to: id: postgres_default. Host: postgres, Port: 5432, Schema: ***, Login: ***, Password: ***, extra: {}
[2022-04-25 08:48:05,689] {base.py:79} INFO - Using connection to: id: postgres_default. Host: postgres, Port: 5432, Schema: ***, Login: ***, Password: ***, extra: {}
[2022-04-25 08:48:05,755] {sql.py:98} INFO - Poking: select case when q = 'true' then 1 else 0 end as q from  (
	select case when count(id)=0 then 'true' else 'false' end as q
	from list_flow_log
	where object_flow = 0 and status = 1
) t1; (with parameters None)
[2022-04-25 08:48:05,760] {base.py:79} INFO - Using connection to: id: postgres_default. Host: postgres, Port: 5432, Schema: ***, Login: ***, Password: ***, extra: {}
[2022-04-25 08:48:05,763] {base.py:251} INFO - Success criteria met. Exiting.
[2022-04-25 08:48:05,771] {taskinstance.py:1282} INFO - Marking task as SUCCESS. dag_id=cso_2295_ipo_2_cso_xls.py, task_id=log_sensor2, execution_date=20220425T084657, start_date=20220425T084705, end_date=20220425T084805
[2022-04-25 08:48:05,815] {local_task_job.py:154} INFO - Task exited with return code 0
[2022-04-25 08:48:05,897] {local_task_job.py:264} INFO - 1 downstream tasks scheduled from follow-on schedule check
