[2022-04-19 11:43:36,744] {taskinstance.py:1037} INFO - Dependencies all met for <TaskInstance: hook_dag.hook_task manual__2022-04-19T11:43:31.537754+00:00 [queued]>
[2022-04-19 11:43:36,752] {taskinstance.py:1037} INFO - Dependencies all met for <TaskInstance: hook_dag.hook_task manual__2022-04-19T11:43:31.537754+00:00 [queued]>
[2022-04-19 11:43:36,752] {taskinstance.py:1243} INFO - 
--------------------------------------------------------------------------------
[2022-04-19 11:43:36,752] {taskinstance.py:1244} INFO - Starting attempt 1 of 2
[2022-04-19 11:43:36,752] {taskinstance.py:1245} INFO - 
--------------------------------------------------------------------------------
[2022-04-19 11:43:36,765] {taskinstance.py:1264} INFO - Executing <Task(PythonOperator): hook_task> on 2022-04-19 11:43:31.537754+00:00
[2022-04-19 11:43:36,769] {standard_task_runner.py:52} INFO - Started process 8695 to run task
[2022-04-19 11:43:36,772] {standard_task_runner.py:76} INFO - Running: ['***', 'tasks', 'run', 'hook_dag', 'hook_task', 'manual__2022-04-19T11:43:31.537754+00:00', '--job-id', '306', '--raw', '--subdir', 'DAGS_FOLDER/hook_dag.py', '--cfg-path', '/tmp/tmp2d_cplkn', '--error-file', '/tmp/tmp181pnbul']
[2022-04-19 11:43:36,772] {standard_task_runner.py:77} INFO - Job 306: Subtask hook_task
[2022-04-19 11:43:36,823] {logging_mixin.py:109} INFO - Running <TaskInstance: hook_dag.hook_task manual__2022-04-19T11:43:31.537754+00:00 [running]> on host 22e04adb6bfa
[2022-04-19 11:43:36,860] {taskinstance.py:1431} INFO - Exporting the following env vars:
AIRFLOW_CTX_DAG_OWNER=***
AIRFLOW_CTX_DAG_ID=hook_dag
AIRFLOW_CTX_TASK_ID=hook_task
AIRFLOW_CTX_EXECUTION_DATE=2022-04-19T11:43:31.537754+00:00
AIRFLOW_CTX_DAG_RUN_ID=manual__2022-04-19T11:43:31.537754+00:00
[2022-04-19 11:43:36,867] {base.py:79} INFO - Using connection to: id: postgres_default. Host: postgres, Port: 5432, Schema: ***, Login: ***, Password: ***, extra: {}
[2022-04-19 11:43:36,870] {logging_mixin.py:109} INFO - Source: Max - activated: Jane
[2022-04-19 11:43:36,870] {logging_mixin.py:109} INFO - Source: Susie - activated: Phil
[2022-04-19 11:43:36,870] {logging_mixin.py:109} INFO - Source: Lester - activated: Lily
[2022-04-19 11:43:36,870] {logging_mixin.py:109} INFO - Source: Quincy - activated: Anne
[2022-04-19 11:43:36,870] {python.py:175} INFO - Done. Returned value was: [('Max', 'Jane'), ('Susie', 'Phil'), ('Lester', 'Lily'), ('Quincy', 'Anne')]
[2022-04-19 11:43:36,885] {taskinstance.py:1282} INFO - Marking task as SUCCESS. dag_id=hook_dag, task_id=hook_task, execution_date=20220419T114331, start_date=20220419T114336, end_date=20220419T114336
[2022-04-19 11:43:36,944] {local_task_job.py:154} INFO - Task exited with return code 0
[2022-04-19 11:43:36,985] {local_task_job.py:264} INFO - 2 downstream tasks scheduled from follow-on schedule check
