[2022-04-20 15:18:03,902] {taskinstance.py:1037} INFO - Dependencies all met for <TaskInstance: hook_dag.getid_1 scheduled__2022-04-20T14:25:58+00:00 [queued]>
[2022-04-20 15:18:03,948] {taskinstance.py:1037} INFO - Dependencies all met for <TaskInstance: hook_dag.getid_1 scheduled__2022-04-20T14:25:58+00:00 [queued]>
[2022-04-20 15:18:03,948] {taskinstance.py:1243} INFO - 
--------------------------------------------------------------------------------
[2022-04-20 15:18:03,948] {taskinstance.py:1244} INFO - Starting attempt 1 of 2
[2022-04-20 15:18:03,948] {taskinstance.py:1245} INFO - 
--------------------------------------------------------------------------------
[2022-04-20 15:18:03,983] {taskinstance.py:1264} INFO - Executing <Task(PythonOperator): getid_1> on 2022-04-20 14:25:58+00:00
[2022-04-20 15:18:04,006] {standard_task_runner.py:52} INFO - Started process 21445 to run task
[2022-04-20 15:18:04,014] {standard_task_runner.py:76} INFO - Running: ['***', 'tasks', 'run', 'hook_dag', 'getid_1', 'scheduled__2022-04-20T14:25:58+00:00', '--job-id', '667', '--raw', '--subdir', 'DAGS_FOLDER/hook_dag.py', '--cfg-path', '/tmp/tmpzub58zf1', '--error-file', '/tmp/tmpdh6pxoj9']
[2022-04-20 15:18:04,015] {standard_task_runner.py:77} INFO - Job 667: Subtask getid_1
[2022-04-20 15:18:04,179] {logging_mixin.py:109} INFO - Running <TaskInstance: hook_dag.getid_1 scheduled__2022-04-20T14:25:58+00:00 [running]> on host 22e04adb6bfa
[2022-04-20 15:18:04,326] {taskinstance.py:1431} INFO - Exporting the following env vars:
AIRFLOW_CTX_DAG_OWNER=***
AIRFLOW_CTX_DAG_ID=hook_dag
AIRFLOW_CTX_TASK_ID=getid_1
AIRFLOW_CTX_EXECUTION_DATE=2022-04-20T14:25:58+00:00
AIRFLOW_CTX_DAG_RUN_ID=scheduled__2022-04-20T14:25:58+00:00
[2022-04-20 15:18:04,338] {base.py:79} INFO - Using connection to: id: postgres_default. Host: postgres, Port: 5432, Schema: ***, Login: ***, Password: ***, extra: {}
[2022-04-20 15:18:04,378] {python.py:175} INFO - Done. Returned value was: None
[2022-04-20 15:18:04,394] {taskinstance.py:1282} INFO - Marking task as SUCCESS. dag_id=hook_dag, task_id=getid_1, execution_date=20220420T142558, start_date=20220420T151803, end_date=20220420T151804
[2022-04-20 15:18:04,451] {local_task_job.py:154} INFO - Task exited with return code 0
[2022-04-20 15:18:04,514] {local_task_job.py:264} INFO - 1 downstream tasks scheduled from follow-on schedule check
