[2022-05-01 20:04:26,111] {taskinstance.py:1037} INFO - Dependencies all met for <TaskInstance: cso_2295_ipo_2_cso_xls.py.sleep scheduled__2022-04-30T15:41:00+00:00 [queued]>
[2022-05-01 20:04:26,194] {taskinstance.py:1037} INFO - Dependencies all met for <TaskInstance: cso_2295_ipo_2_cso_xls.py.sleep scheduled__2022-04-30T15:41:00+00:00 [queued]>
[2022-05-01 20:04:26,199] {taskinstance.py:1243} INFO - 
--------------------------------------------------------------------------------
[2022-05-01 20:04:26,200] {taskinstance.py:1244} INFO - Starting attempt 1 of 1
[2022-05-01 20:04:26,202] {taskinstance.py:1245} INFO - 
--------------------------------------------------------------------------------
[2022-05-01 20:04:26,279] {taskinstance.py:1264} INFO - Executing <Task(BashOperator): sleep> on 2022-04-30 15:41:00+00:00
[2022-05-01 20:04:26,295] {standard_task_runner.py:52} INFO - Started process 98 to run task
[2022-05-01 20:04:26,329] {standard_task_runner.py:76} INFO - Running: ['***', 'tasks', 'run', 'cso_2295_ipo_2_cso_xls.py', 'sleep', 'scheduled__2022-04-30T15:41:00+00:00', '--job-id', '1494', '--raw', '--subdir', 'DAGS_FOLDER/cso_2295/cso_2295_ipo_2_cso_xls.py', '--cfg-path', '/tmp/tmpykzoshdt', '--error-file', '/tmp/tmpz_6ln_xm']
[2022-05-01 20:04:26,335] {standard_task_runner.py:77} INFO - Job 1494: Subtask sleep
[2022-05-01 20:04:26,777] {logging_mixin.py:109} INFO - Running <TaskInstance: cso_2295_ipo_2_cso_xls.py.sleep scheduled__2022-04-30T15:41:00+00:00 [running]> on host 0936e4a14e76
[2022-05-01 20:04:27,739] {taskinstance.py:1431} INFO - Exporting the following env vars:
AIRFLOW_CTX_DAG_OWNER=***
AIRFLOW_CTX_DAG_ID=cso_2295_ipo_2_cso_xls.py
AIRFLOW_CTX_TASK_ID=sleep
AIRFLOW_CTX_EXECUTION_DATE=2022-04-30T15:41:00+00:00
AIRFLOW_CTX_DAG_RUN_ID=scheduled__2022-04-30T15:41:00+00:00
[2022-05-01 20:04:27,740] {subprocess.py:62} INFO - Tmp dir root location: 
 /tmp
[2022-05-01 20:04:27,740] {subprocess.py:74} INFO - Running command: ['bash', '-c', 'sleep 5']
[2022-05-01 20:04:27,853] {subprocess.py:85} INFO - Output:
[2022-05-01 20:04:33,075] {subprocess.py:93} INFO - Command exited with return code 0
[2022-05-01 20:04:33,193] {taskinstance.py:1282} INFO - Marking task as SUCCESS. dag_id=cso_2295_ipo_2_cso_xls.py, task_id=sleep, execution_date=20220430T154100, start_date=20220501T200426, end_date=20220501T200433
[2022-05-01 20:04:33,256] {local_task_job.py:154} INFO - Task exited with return code 0
[2022-05-01 20:04:33,539] {local_task_job.py:264} INFO - 1 downstream tasks scheduled from follow-on schedule check
