[2022-04-21 21:31:48,768] {taskinstance.py:1037} INFO - Dependencies all met for <TaskInstance: cso_2295_ipo_2_cso.py.transfer_cso_org manual__2022-04-21T21:31:39.420323+00:00 [queued]>
[2022-04-21 21:31:48,789] {taskinstance.py:1037} INFO - Dependencies all met for <TaskInstance: cso_2295_ipo_2_cso.py.transfer_cso_org manual__2022-04-21T21:31:39.420323+00:00 [queued]>
[2022-04-21 21:31:48,789] {taskinstance.py:1243} INFO - 
--------------------------------------------------------------------------------
[2022-04-21 21:31:48,789] {taskinstance.py:1244} INFO - Starting attempt 1 of 1
[2022-04-21 21:31:48,789] {taskinstance.py:1245} INFO - 
--------------------------------------------------------------------------------
[2022-04-21 21:31:48,823] {taskinstance.py:1264} INFO - Executing <Task(Postgres2File): transfer_cso_org> on 2022-04-21 21:31:39.420323+00:00
[2022-04-21 21:31:48,839] {standard_task_runner.py:52} INFO - Started process 35614 to run task
[2022-04-21 21:31:48,844] {standard_task_runner.py:76} INFO - Running: ['***', 'tasks', 'run', 'cso_2295_ipo_2_cso.py', 'transfer_cso_org', 'manual__2022-04-21T21:31:39.420323+00:00', '--job-id', '933', '--raw', '--subdir', 'DAGS_FOLDER/cso_2295/cso_2295_ipo_2_cso.py', '--cfg-path', '/tmp/tmp2yq_gghl', '--error-file', '/tmp/tmp11f1sp4v']
[2022-04-21 21:31:48,846] {standard_task_runner.py:77} INFO - Job 933: Subtask transfer_cso_org
[2022-04-21 21:31:48,975] {logging_mixin.py:109} INFO - Running <TaskInstance: cso_2295_ipo_2_cso.py.transfer_cso_org manual__2022-04-21T21:31:39.420323+00:00 [running]> on host 22e04adb6bfa
[2022-04-21 21:31:49,165] {taskinstance.py:1431} INFO - Exporting the following env vars:
AIRFLOW_CTX_DAG_OWNER=***
AIRFLOW_CTX_DAG_ID=cso_2295_ipo_2_cso.py
AIRFLOW_CTX_TASK_ID=transfer_cso_org
AIRFLOW_CTX_EXECUTION_DATE=2022-04-21T21:31:39.420323+00:00
AIRFLOW_CTX_DAG_RUN_ID=manual__2022-04-21T21:31:39.420323+00:00
[2022-04-21 21:31:49,202] {base.py:79} INFO - Using connection to: id: postgres_default. Host: postgres, Port: 5432, Schema: ***, Login: ***, Password: ***, extra: {}
[2022-04-21 21:31:49,338] {taskinstance.py:1282} INFO - Marking task as SUCCESS. dag_id=cso_2295_ipo_2_cso.py, task_id=transfer_cso_org, execution_date=20220421T213139, start_date=20220421T213148, end_date=20220421T213149
[2022-04-21 21:31:49,384] {local_task_job.py:154} INFO - Task exited with return code 0
[2022-04-21 21:31:49,475] {local_task_job.py:264} INFO - 0 downstream tasks scheduled from follow-on schedule check
