[2022-04-24 19:43:59,327] {taskinstance.py:1037} INFO - Dependencies all met for <TaskInstance: example_short_circuit_operator.condition_is_False scheduled__2022-04-23T19:43:55.846512+00:00 [queued]>
[2022-04-24 19:43:59,351] {taskinstance.py:1037} INFO - Dependencies all met for <TaskInstance: example_short_circuit_operator.condition_is_False scheduled__2022-04-23T19:43:55.846512+00:00 [queued]>
[2022-04-24 19:43:59,351] {taskinstance.py:1243} INFO - 
--------------------------------------------------------------------------------
[2022-04-24 19:43:59,351] {taskinstance.py:1244} INFO - Starting attempt 1 of 1
[2022-04-24 19:43:59,351] {taskinstance.py:1245} INFO - 
--------------------------------------------------------------------------------
[2022-04-24 19:43:59,389] {taskinstance.py:1264} INFO - Executing <Task(ShortCircuitOperator): condition_is_False> on 2022-04-23 19:43:55.846512+00:00
[2022-04-24 19:43:59,394] {standard_task_runner.py:52} INFO - Started process 157 to run task
[2022-04-24 19:43:59,415] {standard_task_runner.py:76} INFO - Running: ['***', 'tasks', 'run', 'example_short_circuit_operator', 'condition_is_False', 'scheduled__2022-04-23T19:43:55.846512+00:00', '--job-id', '1077', '--raw', '--subdir', 'DAGS_FOLDER/example_short_circuit.py', '--cfg-path', '/tmp/tmpstm6r4mr', '--error-file', '/tmp/tmpelzzvrt9']
[2022-04-24 19:43:59,416] {standard_task_runner.py:77} INFO - Job 1077: Subtask condition_is_False
[2022-04-24 19:43:59,740] {logging_mixin.py:109} INFO - Running <TaskInstance: example_short_circuit_operator.condition_is_False scheduled__2022-04-23T19:43:55.846512+00:00 [running]> on host 22e04adb6bfa
[2022-04-24 19:43:59,859] {taskinstance.py:1431} INFO - Exporting the following env vars:
AIRFLOW_CTX_DAG_OWNER=***
AIRFLOW_CTX_DAG_ID=example_short_circuit_operator
AIRFLOW_CTX_TASK_ID=condition_is_False
AIRFLOW_CTX_EXECUTION_DATE=2022-04-23T19:43:55.846512+00:00
AIRFLOW_CTX_DAG_RUN_ID=scheduled__2022-04-23T19:43:55.846512+00:00
[2022-04-24 19:43:59,859] {python.py:175} INFO - Done. Returned value was: False
[2022-04-24 19:43:59,859] {python.py:239} INFO - Condition result is False
[2022-04-24 19:43:59,860] {python.py:245} INFO - Skipping downstream tasks...
[2022-04-24 19:43:59,978] {python.py:253} INFO - Done.
[2022-04-24 19:43:59,993] {taskinstance.py:1282} INFO - Marking task as SUCCESS. dag_id=example_short_circuit_operator, task_id=condition_is_False, execution_date=20220423T194355, start_date=20220424T194359, end_date=20220424T194359
[2022-04-24 19:44:00,072] {local_task_job.py:154} INFO - Task exited with return code 0
[2022-04-24 19:44:00,230] {local_task_job.py:264} INFO - 0 downstream tasks scheduled from follow-on schedule check
