[2022-04-22 09:53:55,373] {taskinstance.py:1037} INFO - Dependencies all met for <TaskInstance: cso_2295_ipo_2_cso.py.check_system_source2 manual__2022-04-22T09:52:34.176236+00:00 [queued]>
[2022-04-22 09:53:55,387] {taskinstance.py:1037} INFO - Dependencies all met for <TaskInstance: cso_2295_ipo_2_cso.py.check_system_source2 manual__2022-04-22T09:52:34.176236+00:00 [queued]>
[2022-04-22 09:53:55,388] {taskinstance.py:1243} INFO - 
--------------------------------------------------------------------------------
[2022-04-22 09:53:55,388] {taskinstance.py:1244} INFO - Starting attempt 1 of 1
[2022-04-22 09:53:55,388] {taskinstance.py:1245} INFO - 
--------------------------------------------------------------------------------
[2022-04-22 09:53:55,406] {taskinstance.py:1264} INFO - Executing <Task(BranchPythonOperator): check_system_source2> on 2022-04-22 09:52:34.176236+00:00
[2022-04-22 09:53:55,410] {standard_task_runner.py:52} INFO - Started process 2730 to run task
[2022-04-22 09:53:55,415] {standard_task_runner.py:76} INFO - Running: ['***', 'tasks', 'run', 'cso_2295_ipo_2_cso.py', 'check_system_source2', 'manual__2022-04-22T09:52:34.176236+00:00', '--job-id', '1000', '--raw', '--subdir', 'DAGS_FOLDER/cso_2295/cso_2295_ipo_2_cso.py', '--cfg-path', '/tmp/tmp1b0wb0ml', '--error-file', '/tmp/tmpa8c4o92d']
[2022-04-22 09:53:55,416] {standard_task_runner.py:77} INFO - Job 1000: Subtask check_system_source2
[2022-04-22 09:53:55,470] {logging_mixin.py:109} INFO - Running <TaskInstance: cso_2295_ipo_2_cso.py.check_system_source2 manual__2022-04-22T09:52:34.176236+00:00 [running]> on host 22e04adb6bfa
[2022-04-22 09:53:55,538] {taskinstance.py:1431} INFO - Exporting the following env vars:
AIRFLOW_CTX_DAG_OWNER=***
AIRFLOW_CTX_DAG_ID=cso_2295_ipo_2_cso.py
AIRFLOW_CTX_TASK_ID=check_system_source2
AIRFLOW_CTX_EXECUTION_DATE=2022-04-22T09:52:34.176236+00:00
AIRFLOW_CTX_DAG_RUN_ID=manual__2022-04-22T09:52:34.176236+00:00
[2022-04-22 09:53:55,538] {python.py:175} INFO - Done. Returned value was: check_system_target2
[2022-04-22 09:53:55,538] {skipmixin.py:140} INFO - Following branch check_system_target2
[2022-04-22 09:53:55,538] {skipmixin.py:171} INFO - Skipping tasks ['log_err_access_source2']
[2022-04-22 09:53:55,584] {taskinstance.py:1282} INFO - Marking task as SUCCESS. dag_id=cso_2295_ipo_2_cso.py, task_id=check_system_source2, execution_date=20220422T095234, start_date=20220422T095355, end_date=20220422T095355
[2022-04-22 09:53:55,632] {local_task_job.py:154} INFO - Task exited with return code 0
[2022-04-22 09:53:55,665] {local_task_job.py:264} INFO - 1 downstream tasks scheduled from follow-on schedule check
