[2022-04-20 15:33:05,004] {taskinstance.py:1037} INFO - Dependencies all met for <TaskInstance: hook_dag.log_sensor_1 scheduled__2022-04-20T14:25:59+00:00 [queued]>
[2022-04-20 15:33:05,013] {taskinstance.py:1037} INFO - Dependencies all met for <TaskInstance: hook_dag.log_sensor_1 scheduled__2022-04-20T14:25:59+00:00 [queued]>
[2022-04-20 15:33:05,013] {taskinstance.py:1243} INFO - 
--------------------------------------------------------------------------------
[2022-04-20 15:33:05,013] {taskinstance.py:1244} INFO - Starting attempt 1 of 2
[2022-04-20 15:33:05,013] {taskinstance.py:1245} INFO - 
--------------------------------------------------------------------------------
[2022-04-20 15:33:05,055] {taskinstance.py:1264} INFO - Executing <Task(SqlSensor): log_sensor_1> on 2022-04-20 14:25:59+00:00
[2022-04-20 15:33:05,059] {standard_task_runner.py:52} INFO - Started process 22211 to run task
[2022-04-20 15:33:05,064] {standard_task_runner.py:76} INFO - Running: ['***', 'tasks', 'run', 'hook_dag', 'log_sensor_1', 'scheduled__2022-04-20T14:25:59+00:00', '--job-id', '683', '--raw', '--subdir', 'DAGS_FOLDER/hook_dag.py', '--cfg-path', '/tmp/tmp0f4toqyl', '--error-file', '/tmp/tmpjr2x1gfk']
[2022-04-20 15:33:05,065] {standard_task_runner.py:77} INFO - Job 683: Subtask log_sensor_1
[2022-04-20 15:33:05,152] {logging_mixin.py:109} INFO - Running <TaskInstance: hook_dag.log_sensor_1 scheduled__2022-04-20T14:25:59+00:00 [running]> on host 22e04adb6bfa
[2022-04-20 15:33:05,266] {taskinstance.py:1431} INFO - Exporting the following env vars:
AIRFLOW_CTX_DAG_OWNER=***
AIRFLOW_CTX_DAG_ID=hook_dag
AIRFLOW_CTX_TASK_ID=log_sensor_1
AIRFLOW_CTX_EXECUTION_DATE=2022-04-20T14:25:59+00:00
AIRFLOW_CTX_DAG_RUN_ID=scheduled__2022-04-20T14:25:59+00:00
[2022-04-20 15:33:05,273] {base.py:79} INFO - Using connection to: id: postgres_default. Host: postgres, Port: 5432, Schema: ***, Login: ***, Password: ***, extra: {}
[2022-04-20 15:33:06,333] {sql.py:98} INFO - Poking: select case when q = 'true' then 1 else 0 end as q from  (
	select case when count(id)=0 then 'true' else 'false' end as q
	from list_flow_log
	where object_flow = 1 and status = 1
) t1; (with parameters None)
[2022-04-20 15:33:06,354] {base.py:79} INFO - Using connection to: id: postgres_default. Host: postgres, Port: 5432, Schema: ***, Login: ***, Password: ***, extra: {}
[2022-04-20 15:34:22,915] {base.py:79} INFO - Using connection to: id: postgres_default. Host: postgres, Port: 5432, Schema: ***, Login: ***, Password: ***, extra: {}
[2022-04-20 15:34:48,087] {sql.py:98} INFO - Poking: select case when q = 'true' then 1 else 0 end as q from  (
	select case when count(id)=0 then 'true' else 'false' end as q
	from list_flow_log
	where object_flow = 1 and status = 1
) t1; (with parameters None)
[2022-04-20 15:34:48,094] {base.py:79} INFO - Using connection to: id: postgres_default. Host: postgres, Port: 5432, Schema: ***, Login: ***, Password: ***, extra: {}
[2022-04-20 15:35:48,207] {base.py:79} INFO - Using connection to: id: postgres_default. Host: postgres, Port: 5432, Schema: ***, Login: ***, Password: ***, extra: {}
[2022-04-20 15:35:58,809] {sql.py:98} INFO - Poking: select case when q = 'true' then 1 else 0 end as q from  (
	select case when count(id)=0 then 'true' else 'false' end as q
	from list_flow_log
	where object_flow = 1 and status = 1
) t1; (with parameters None)
[2022-04-20 15:35:58,846] {base.py:79} INFO - Using connection to: id: postgres_default. Host: postgres, Port: 5432, Schema: ***, Login: ***, Password: ***, extra: {}
[2022-04-20 15:35:58,851] {base.py:251} INFO - Success criteria met. Exiting.
[2022-04-20 15:35:59,181] {taskinstance.py:1282} INFO - Marking task as SUCCESS. dag_id=hook_dag, task_id=log_sensor_1, execution_date=20220420T142559, start_date=20220420T153305, end_date=20220420T153559
[2022-04-20 15:35:59,552] {local_task_job.py:154} INFO - Task exited with return code 0
[2022-04-20 15:36:00,613] {local_task_job.py:264} INFO - 1 downstream tasks scheduled from follow-on schedule check
