[2022-04-19 14:35:51,336] {taskinstance.py:1037} INFO - Dependencies all met for <TaskInstance: hook_dag.getid_2 manual__2022-04-19T14:34:42.761488+00:00 [queued]>
[2022-04-19 14:35:51,345] {taskinstance.py:1037} INFO - Dependencies all met for <TaskInstance: hook_dag.getid_2 manual__2022-04-19T14:34:42.761488+00:00 [queued]>
[2022-04-19 14:35:51,345] {taskinstance.py:1243} INFO - 
--------------------------------------------------------------------------------
[2022-04-19 14:35:51,345] {taskinstance.py:1244} INFO - Starting attempt 1 of 2
[2022-04-19 14:35:51,345] {taskinstance.py:1245} INFO - 
--------------------------------------------------------------------------------
[2022-04-19 14:35:51,353] {taskinstance.py:1264} INFO - Executing <Task(PythonOperator): getid_2> on 2022-04-19 14:34:42.761488+00:00
[2022-04-19 14:35:51,358] {standard_task_runner.py:52} INFO - Started process 17402 to run task
[2022-04-19 14:35:51,360] {standard_task_runner.py:76} INFO - Running: ['***', 'tasks', 'run', 'hook_dag', 'getid_2', 'manual__2022-04-19T14:34:42.761488+00:00', '--job-id', '522', '--raw', '--subdir', 'DAGS_FOLDER/hook_dag.py', '--cfg-path', '/tmp/tmpleyc183r', '--error-file', '/tmp/tmpc763zh1x']
[2022-04-19 14:35:51,361] {standard_task_runner.py:77} INFO - Job 522: Subtask getid_2
[2022-04-19 14:35:51,406] {logging_mixin.py:109} INFO - Running <TaskInstance: hook_dag.getid_2 manual__2022-04-19T14:34:42.761488+00:00 [running]> on host 22e04adb6bfa
[2022-04-19 14:35:51,448] {taskinstance.py:1431} INFO - Exporting the following env vars:
AIRFLOW_CTX_DAG_OWNER=***
AIRFLOW_CTX_DAG_ID=hook_dag
AIRFLOW_CTX_TASK_ID=getid_2
AIRFLOW_CTX_EXECUTION_DATE=2022-04-19T14:34:42.761488+00:00
AIRFLOW_CTX_DAG_RUN_ID=manual__2022-04-19T14:34:42.761488+00:00
[2022-04-19 14:35:51,455] {base.py:79} INFO - Using connection to: id: postgres_default. Host: postgres, Port: 5432, Schema: ***, Login: ***, Password: ***, extra: {}
[2022-04-19 14:35:51,466] {python.py:175} INFO - Done. Returned value was: None
[2022-04-19 14:35:51,475] {taskinstance.py:1282} INFO - Marking task as SUCCESS. dag_id=hook_dag, task_id=getid_2, execution_date=20220419T143442, start_date=20220419T143551, end_date=20220419T143551
[2022-04-19 14:35:51,491] {local_task_job.py:154} INFO - Task exited with return code 0
[2022-04-19 14:35:51,518] {local_task_job.py:264} INFO - 1 downstream tasks scheduled from follow-on schedule check
