[2022-04-19 08:54:37,425] {taskinstance.py:1037} INFO - Dependencies all met for <TaskInstance: example_short_circuit_operator.condition_is_False manual__2022-04-19T08:54:33.890633+00:00 [queued]>
[2022-04-19 08:54:37,438] {taskinstance.py:1037} INFO - Dependencies all met for <TaskInstance: example_short_circuit_operator.condition_is_False manual__2022-04-19T08:54:33.890633+00:00 [queued]>
[2022-04-19 08:54:37,439] {taskinstance.py:1243} INFO - 
--------------------------------------------------------------------------------
[2022-04-19 08:54:37,439] {taskinstance.py:1244} INFO - Starting attempt 1 of 1
[2022-04-19 08:54:37,439] {taskinstance.py:1245} INFO - 
--------------------------------------------------------------------------------
[2022-04-19 08:54:37,476] {taskinstance.py:1264} INFO - Executing <Task(ShortCircuitOperator): condition_is_False> on 2022-04-19 08:54:33.890633+00:00
[2022-04-19 08:54:37,495] {standard_task_runner.py:52} INFO - Started process 110 to run task
[2022-04-19 08:54:37,521] {standard_task_runner.py:76} INFO - Running: ['***', 'tasks', 'run', 'example_short_circuit_operator', 'condition_is_False', 'manual__2022-04-19T08:54:33.890633+00:00', '--job-id', '137', '--raw', '--subdir', 'DAGS_FOLDER/example_short_circuit.py', '--cfg-path', '/tmp/tmp90o44zxa', '--error-file', '/tmp/tmpd6un6l2j']
[2022-04-19 08:54:37,524] {standard_task_runner.py:77} INFO - Job 137: Subtask condition_is_False
[2022-04-19 08:54:37,604] {logging_mixin.py:109} INFO - Running <TaskInstance: example_short_circuit_operator.condition_is_False manual__2022-04-19T08:54:33.890633+00:00 [running]> on host 22e04adb6bfa
[2022-04-19 08:54:38,007] {taskinstance.py:1431} INFO - Exporting the following env vars:
AIRFLOW_CTX_DAG_OWNER=***
AIRFLOW_CTX_DAG_ID=example_short_circuit_operator
AIRFLOW_CTX_TASK_ID=condition_is_False
AIRFLOW_CTX_EXECUTION_DATE=2022-04-19T08:54:33.890633+00:00
AIRFLOW_CTX_DAG_RUN_ID=manual__2022-04-19T08:54:33.890633+00:00
[2022-04-19 08:54:38,007] {python.py:175} INFO - Done. Returned value was: False
[2022-04-19 08:54:38,007] {python.py:239} INFO - Condition result is False
[2022-04-19 08:54:38,008] {python.py:245} INFO - Skipping downstream tasks...
[2022-04-19 08:54:38,059] {python.py:253} INFO - Done.
[2022-04-19 08:54:38,068] {taskinstance.py:1282} INFO - Marking task as SUCCESS. dag_id=example_short_circuit_operator, task_id=condition_is_False, execution_date=20220419T085433, start_date=20220419T085437, end_date=20220419T085438
[2022-04-19 08:54:38,096] {local_task_job.py:154} INFO - Task exited with return code 0
[2022-04-19 08:54:38,149] {local_task_job.py:264} INFO - 0 downstream tasks scheduled from follow-on schedule check
