[2022-04-08 08:13:27,094] {taskinstance.py:1037} INFO - Dependencies all met for <TaskInstance: my_project.training_model_C scheduled__2022-04-07T00:00:00+00:00 [queued]>
[2022-04-08 08:13:27,104] {taskinstance.py:1037} INFO - Dependencies all met for <TaskInstance: my_project.training_model_C scheduled__2022-04-07T00:00:00+00:00 [queued]>
[2022-04-08 08:13:27,105] {taskinstance.py:1243} INFO - 
--------------------------------------------------------------------------------
[2022-04-08 08:13:27,105] {taskinstance.py:1244} INFO - Starting attempt 1 of 1
[2022-04-08 08:13:27,105] {taskinstance.py:1245} INFO - 
--------------------------------------------------------------------------------
[2022-04-08 08:13:27,129] {taskinstance.py:1264} INFO - Executing <Task(PythonOperator): training_model_C> on 2022-04-07 00:00:00+00:00
[2022-04-08 08:13:27,133] {standard_task_runner.py:52} INFO - Started process 90 to run task
[2022-04-08 08:13:27,135] {standard_task_runner.py:76} INFO - Running: ['***', 'tasks', 'run', 'my_project', 'training_model_C', 'scheduled__2022-04-07T00:00:00+00:00', '--job-id', '98', '--raw', '--subdir', 'DAGS_FOLDER/my_project.py', '--cfg-path', '/tmp/tmpx_daadk2', '--error-file', '/tmp/tmph2tarinv']
[2022-04-08 08:13:27,135] {standard_task_runner.py:77} INFO - Job 98: Subtask training_model_C
[2022-04-08 08:13:27,177] {logging_mixin.py:109} INFO - Running <TaskInstance: my_project.training_model_C scheduled__2022-04-07T00:00:00+00:00 [running]> on host d73239f69a26
[2022-04-08 08:13:27,287] {taskinstance.py:1431} INFO - Exporting the following env vars:
AIRFLOW_CTX_DAG_OWNER=***
AIRFLOW_CTX_DAG_ID=my_project
AIRFLOW_CTX_TASK_ID=training_model_C
AIRFLOW_CTX_EXECUTION_DATE=2022-04-07T00:00:00+00:00
AIRFLOW_CTX_DAG_RUN_ID=scheduled__2022-04-07T00:00:00+00:00
[2022-04-08 08:13:27,288] {python.py:175} INFO - Done. Returned value was: 4
[2022-04-08 08:13:27,362] {taskinstance.py:1282} INFO - Marking task as SUCCESS. dag_id=my_project, task_id=training_model_C, execution_date=20220407T000000, start_date=20220408T081327, end_date=20220408T081327
[2022-04-08 08:13:27,388] {local_task_job.py:154} INFO - Task exited with return code 0
[2022-04-08 08:13:27,496] {local_task_job.py:264} INFO - 0 downstream tasks scheduled from follow-on schedule check
