[2022-04-29 14:43:36,947] {taskinstance.py:1037} INFO - Dependencies all met for <TaskInstance: cso_2295_ipo_2_cso_bd.py.sleep manual__2022-04-29T14:43:35.639727+00:00 [queued]>
[2022-04-29 14:43:36,956] {taskinstance.py:1037} INFO - Dependencies all met for <TaskInstance: cso_2295_ipo_2_cso_bd.py.sleep manual__2022-04-29T14:43:35.639727+00:00 [queued]>
[2022-04-29 14:43:36,956] {taskinstance.py:1243} INFO - 
--------------------------------------------------------------------------------
[2022-04-29 14:43:36,956] {taskinstance.py:1244} INFO - Starting attempt 1 of 1
[2022-04-29 14:43:36,956] {taskinstance.py:1245} INFO - 
--------------------------------------------------------------------------------
[2022-04-29 14:43:36,966] {taskinstance.py:1264} INFO - Executing <Task(BashOperator): sleep> on 2022-04-29 14:43:35.639727+00:00
[2022-04-29 14:43:36,971] {standard_task_runner.py:52} INFO - Started process 1381 to run task
[2022-04-29 14:43:36,974] {standard_task_runner.py:76} INFO - Running: ['***', 'tasks', 'run', 'cso_2295_ipo_2_cso_bd.py', 'sleep', 'manual__2022-04-29T14:43:35.639727+00:00', '--job-id', '1444', '--raw', '--subdir', 'DAGS_FOLDER/cso_2295/cso_2295_ipo_2_cso_bd.py', '--cfg-path', '/tmp/tmpae93pu8a', '--error-file', '/tmp/tmpezd2q144']
[2022-04-29 14:43:36,975] {standard_task_runner.py:77} INFO - Job 1444: Subtask sleep
[2022-04-29 14:43:37,019] {logging_mixin.py:109} INFO - Running <TaskInstance: cso_2295_ipo_2_cso_bd.py.sleep manual__2022-04-29T14:43:35.639727+00:00 [running]> on host 0936e4a14e76
[2022-04-29 14:43:37,070] {taskinstance.py:1431} INFO - Exporting the following env vars:
AIRFLOW_CTX_DAG_OWNER=***
AIRFLOW_CTX_DAG_ID=cso_2295_ipo_2_cso_bd.py
AIRFLOW_CTX_TASK_ID=sleep
AIRFLOW_CTX_EXECUTION_DATE=2022-04-29T14:43:35.639727+00:00
AIRFLOW_CTX_DAG_RUN_ID=manual__2022-04-29T14:43:35.639727+00:00
[2022-04-29 14:43:37,071] {subprocess.py:62} INFO - Tmp dir root location: 
 /tmp
[2022-04-29 14:43:37,071] {subprocess.py:74} INFO - Running command: ['bash', '-c', 'sleep 5']
[2022-04-29 14:43:37,095] {subprocess.py:85} INFO - Output:
[2022-04-29 14:43:42,169] {subprocess.py:93} INFO - Command exited with return code 0
[2022-04-29 14:43:42,188] {taskinstance.py:1282} INFO - Marking task as SUCCESS. dag_id=cso_2295_ipo_2_cso_bd.py, task_id=sleep, execution_date=20220429T144335, start_date=20220429T144336, end_date=20220429T144342
[2022-04-29 14:43:42,209] {local_task_job.py:154} INFO - Task exited with return code 0
[2022-04-29 14:43:42,237] {local_task_job.py:264} INFO - 0 downstream tasks scheduled from follow-on schedule check
