[2022-04-25 08:47:05,467] {taskinstance.py:1037} INFO - Dependencies all met for <TaskInstance: cso_2295_ipo_2_cso_xls.py.branching1 manual__2022-04-25T08:46:57.683080+00:00 [queued]>
[2022-04-25 08:47:05,479] {taskinstance.py:1037} INFO - Dependencies all met for <TaskInstance: cso_2295_ipo_2_cso_xls.py.branching1 manual__2022-04-25T08:46:57.683080+00:00 [queued]>
[2022-04-25 08:47:05,479] {taskinstance.py:1243} INFO - 
--------------------------------------------------------------------------------
[2022-04-25 08:47:05,479] {taskinstance.py:1244} INFO - Starting attempt 1 of 1
[2022-04-25 08:47:05,479] {taskinstance.py:1245} INFO - 
--------------------------------------------------------------------------------
[2022-04-25 08:47:05,495] {taskinstance.py:1264} INFO - Executing <Task(BranchPythonOperator): branching1> on 2022-04-25 08:46:57.683080+00:00
[2022-04-25 08:47:05,499] {standard_task_runner.py:52} INFO - Started process 2568 to run task
[2022-04-25 08:47:05,501] {standard_task_runner.py:76} INFO - Running: ['***', 'tasks', 'run', 'cso_2295_ipo_2_cso_xls.py', 'branching1', 'manual__2022-04-25T08:46:57.683080+00:00', '--job-id', '1192', '--raw', '--subdir', 'DAGS_FOLDER/cso_2295/cso_2295_ipo_2_cso_xls.py', '--cfg-path', '/tmp/tmpi9awfeuc', '--error-file', '/tmp/tmp63po9ram']
[2022-04-25 08:47:05,505] {standard_task_runner.py:77} INFO - Job 1192: Subtask branching1
[2022-04-25 08:47:05,557] {logging_mixin.py:109} INFO - Running <TaskInstance: cso_2295_ipo_2_cso_xls.py.branching1 manual__2022-04-25T08:46:57.683080+00:00 [running]> on host 22e04adb6bfa
[2022-04-25 08:47:05,595] {taskinstance.py:1431} INFO - Exporting the following env vars:
AIRFLOW_CTX_DAG_OWNER=***
AIRFLOW_CTX_DAG_ID=cso_2295_ipo_2_cso_xls.py
AIRFLOW_CTX_TASK_ID=branching1
AIRFLOW_CTX_EXECUTION_DATE=2022-04-25T08:46:57.683080+00:00
AIRFLOW_CTX_DAG_RUN_ID=manual__2022-04-25T08:46:57.683080+00:00
[2022-04-25 08:47:05,595] {python.py:175} INFO - Done. Returned value was: transfer_cso_ssp
[2022-04-25 08:47:05,595] {skipmixin.py:140} INFO - Following branch transfer_cso_ssp
[2022-04-25 08:47:05,595] {skipmixin.py:171} INFO - Skipping tasks ['log_end_no_data1']
[2022-04-25 08:47:05,626] {taskinstance.py:1282} INFO - Marking task as SUCCESS. dag_id=cso_2295_ipo_2_cso_xls.py, task_id=branching1, execution_date=20220425T084657, start_date=20220425T084705, end_date=20220425T084705
[2022-04-25 08:47:05,673] {local_task_job.py:154} INFO - Task exited with return code 0
[2022-04-25 08:47:05,697] {local_task_job.py:264} INFO - 1 downstream tasks scheduled from follow-on schedule check
