[2022-04-28 19:43:59,847] {taskinstance.py:1037} INFO - Dependencies all met for <TaskInstance: example_short_circuit_operator.condition_is_False scheduled__2022-04-27T19:43:55.846512+00:00 [queued]>
[2022-04-28 19:43:59,856] {taskinstance.py:1037} INFO - Dependencies all met for <TaskInstance: example_short_circuit_operator.condition_is_False scheduled__2022-04-27T19:43:55.846512+00:00 [queued]>
[2022-04-28 19:43:59,856] {taskinstance.py:1243} INFO - 
--------------------------------------------------------------------------------
[2022-04-28 19:43:59,856] {taskinstance.py:1244} INFO - Starting attempt 1 of 1
[2022-04-28 19:43:59,856] {taskinstance.py:1245} INFO - 
--------------------------------------------------------------------------------
[2022-04-28 19:43:59,866] {taskinstance.py:1264} INFO - Executing <Task(ShortCircuitOperator): condition_is_False> on 2022-04-27 19:43:55.846512+00:00
[2022-04-28 19:43:59,871] {standard_task_runner.py:52} INFO - Started process 33077 to run task
[2022-04-28 19:43:59,876] {standard_task_runner.py:76} INFO - Running: ['***', 'tasks', 'run', 'example_short_circuit_operator', 'condition_is_False', 'scheduled__2022-04-27T19:43:55.846512+00:00', '--job-id', '1430', '--raw', '--subdir', 'DAGS_FOLDER/example_short_circuit.py', '--cfg-path', '/tmp/tmp3rkfmev9', '--error-file', '/tmp/tmpu_86cgm3']
[2022-04-28 19:43:59,876] {standard_task_runner.py:77} INFO - Job 1430: Subtask condition_is_False
[2022-04-28 19:43:59,952] {logging_mixin.py:109} INFO - Running <TaskInstance: example_short_circuit_operator.condition_is_False scheduled__2022-04-27T19:43:55.846512+00:00 [running]> on host 0936e4a14e76
[2022-04-28 19:44:00,002] {taskinstance.py:1431} INFO - Exporting the following env vars:
AIRFLOW_CTX_DAG_OWNER=***
AIRFLOW_CTX_DAG_ID=example_short_circuit_operator
AIRFLOW_CTX_TASK_ID=condition_is_False
AIRFLOW_CTX_EXECUTION_DATE=2022-04-27T19:43:55.846512+00:00
AIRFLOW_CTX_DAG_RUN_ID=scheduled__2022-04-27T19:43:55.846512+00:00
[2022-04-28 19:44:00,002] {python.py:175} INFO - Done. Returned value was: False
[2022-04-28 19:44:00,003] {python.py:239} INFO - Condition result is False
[2022-04-28 19:44:00,003] {python.py:245} INFO - Skipping downstream tasks...
[2022-04-28 19:44:00,032] {python.py:253} INFO - Done.
[2022-04-28 19:44:00,056] {taskinstance.py:1282} INFO - Marking task as SUCCESS. dag_id=example_short_circuit_operator, task_id=condition_is_False, execution_date=20220427T194355, start_date=20220428T194359, end_date=20220428T194400
[2022-04-28 19:44:00,089] {local_task_job.py:154} INFO - Task exited with return code 0
[2022-04-28 19:44:00,137] {local_task_job.py:264} INFO - 0 downstream tasks scheduled from follow-on schedule check
