[2022-04-20 08:06:48,611] {taskinstance.py:1037} INFO - Dependencies all met for <TaskInstance: hook_dag.transfer_xml manual__2022-04-20T08:06:37.916074+00:00 [queued]>
[2022-04-20 08:06:48,640] {taskinstance.py:1037} INFO - Dependencies all met for <TaskInstance: hook_dag.transfer_xml manual__2022-04-20T08:06:37.916074+00:00 [queued]>
[2022-04-20 08:06:48,640] {taskinstance.py:1243} INFO - 
--------------------------------------------------------------------------------
[2022-04-20 08:06:48,640] {taskinstance.py:1244} INFO - Starting attempt 1 of 2
[2022-04-20 08:06:48,640] {taskinstance.py:1245} INFO - 
--------------------------------------------------------------------------------
[2022-04-20 08:06:48,654] {taskinstance.py:1264} INFO - Executing <Task(Postgres2File): transfer_xml> on 2022-04-20 08:06:37.916074+00:00
[2022-04-20 08:06:48,660] {standard_task_runner.py:76} INFO - Running: ['***', 'tasks', 'run', 'hook_dag', 'transfer_xml', 'manual__2022-04-20T08:06:37.916074+00:00', '--job-id', '569', '--raw', '--subdir', 'DAGS_FOLDER/hook_dag.py', '--cfg-path', '/tmp/tmpcuw0twon', '--error-file', '/tmp/tmp91u185wc']
[2022-04-20 08:06:48,661] {standard_task_runner.py:77} INFO - Job 569: Subtask transfer_xml
[2022-04-20 08:06:48,658] {standard_task_runner.py:52} INFO - Started process 614 to run task
[2022-04-20 08:06:48,745] {logging_mixin.py:109} INFO - Running <TaskInstance: hook_dag.transfer_xml manual__2022-04-20T08:06:37.916074+00:00 [running]> on host 22e04adb6bfa
[2022-04-20 08:06:48,788] {taskinstance.py:1431} INFO - Exporting the following env vars:
AIRFLOW_CTX_DAG_OWNER=***
AIRFLOW_CTX_DAG_ID=hook_dag
AIRFLOW_CTX_TASK_ID=transfer_xml
AIRFLOW_CTX_EXECUTION_DATE=2022-04-20T08:06:37.916074+00:00
AIRFLOW_CTX_DAG_RUN_ID=manual__2022-04-20T08:06:37.916074+00:00
[2022-04-20 08:06:48,794] {base.py:79} INFO - Using connection to: id: postgres_default. Host: postgres, Port: 5432, Schema: ***, Login: ***, Password: ***, extra: {}
[2022-04-20 08:06:48,823] {taskinstance.py:1282} INFO - Marking task as SUCCESS. dag_id=hook_dag, task_id=transfer_xml, execution_date=20220420T080637, start_date=20220420T080648, end_date=20220420T080648
[2022-04-20 08:06:48,880] {local_task_job.py:154} INFO - Task exited with return code 0
[2022-04-20 08:06:48,907] {base.py:79} INFO - Using connection to: id: postgres_default. Host: postgres, Port: 5432, Schema: ***, Login: ***, Password: ***, extra: {}
[2022-04-20 08:06:48,910] {dbapi.py:225} INFO - Running statement: update list_flow_log
                set t_end=NOW(), status=2, comment = '*Task*: transfer_xml success'
                where id = 39;, parameters: None
[2022-04-20 08:06:48,922] {dbapi.py:233} INFO - Rows affected: 1
[2022-04-20 08:06:48,940] {local_task_job.py:264} INFO - 0 downstream tasks scheduled from follow-on schedule check
