[2022-04-13 13:59:58,517] {taskinstance.py:1037} INFO - Dependencies all met for <TaskInstance: hook_dag.hook_task manual__2022-04-13T13:59:55.640981+00:00 [queued]>
[2022-04-13 13:59:58,527] {taskinstance.py:1037} INFO - Dependencies all met for <TaskInstance: hook_dag.hook_task manual__2022-04-13T13:59:55.640981+00:00 [queued]>
[2022-04-13 13:59:58,527] {taskinstance.py:1243} INFO - 
--------------------------------------------------------------------------------
[2022-04-13 13:59:58,527] {taskinstance.py:1244} INFO - Starting attempt 1 of 2
[2022-04-13 13:59:58,527] {taskinstance.py:1245} INFO - 
--------------------------------------------------------------------------------
[2022-04-13 13:59:58,535] {taskinstance.py:1264} INFO - Executing <Task(PythonOperator): hook_task> on 2022-04-13 13:59:55.640981+00:00
[2022-04-13 13:59:58,539] {standard_task_runner.py:52} INFO - Started process 104 to run task
[2022-04-13 13:59:58,544] {standard_task_runner.py:76} INFO - Running: ['***', 'tasks', 'run', 'hook_dag', 'hook_task', 'manual__2022-04-13T13:59:55.640981+00:00', '--job-id', '122', '--raw', '--subdir', 'DAGS_FOLDER/hook_dag.py', '--cfg-path', '/tmp/tmpql4iu1wd', '--error-file', '/tmp/tmpqu08c0bg']
[2022-04-13 13:59:58,545] {standard_task_runner.py:77} INFO - Job 122: Subtask hook_task
[2022-04-13 13:59:58,624] {logging_mixin.py:109} INFO - Running <TaskInstance: hook_dag.hook_task manual__2022-04-13T13:59:55.640981+00:00 [running]> on host 22e04adb6bfa
[2022-04-13 13:59:58,739] {taskinstance.py:1431} INFO - Exporting the following env vars:
AIRFLOW_CTX_DAG_OWNER=***
AIRFLOW_CTX_DAG_ID=hook_dag
AIRFLOW_CTX_TASK_ID=hook_task
AIRFLOW_CTX_EXECUTION_DATE=2022-04-13T13:59:55.640981+00:00
AIRFLOW_CTX_DAG_RUN_ID=manual__2022-04-13T13:59:55.640981+00:00
[2022-04-13 13:59:58,748] {base.py:79} INFO - Using connection to: id: postgres_default. Host: postgres, Port: 5432, Schema: ***, Login: ***, Password: ***, extra: {}
[2022-04-13 13:59:58,751] {logging_mixin.py:109} INFO - Source: Max - activated: Jane
[2022-04-13 13:59:58,752] {logging_mixin.py:109} INFO - Source: Susie - activated: Phil
[2022-04-13 13:59:58,752] {logging_mixin.py:109} INFO - Source: Lester - activated: Lily
[2022-04-13 13:59:58,752] {logging_mixin.py:109} INFO - Source: Quincy - activated: Anne
[2022-04-13 13:59:58,752] {python.py:175} INFO - Done. Returned value was: [('Max', 'Jane'), ('Susie', 'Phil'), ('Lester', 'Lily'), ('Quincy', 'Anne')]
[2022-04-13 13:59:58,785] {taskinstance.py:1282} INFO - Marking task as SUCCESS. dag_id=hook_dag, task_id=hook_task, execution_date=20220413T135955, start_date=20220413T135958, end_date=20220413T135958
[2022-04-13 13:59:58,805] {local_task_job.py:154} INFO - Task exited with return code 0
[2022-04-13 13:59:58,829] {local_task_job.py:264} INFO - 2 downstream tasks scheduled from follow-on schedule check
