[2022-04-21 21:31:41,053] {taskinstance.py:1037} INFO - Dependencies all met for <TaskInstance: cso_2295_ipo_2_cso.py.log_sensor1 manual__2022-04-21T21:31:39.420323+00:00 [queued]>
[2022-04-21 21:31:41,061] {taskinstance.py:1037} INFO - Dependencies all met for <TaskInstance: cso_2295_ipo_2_cso.py.log_sensor1 manual__2022-04-21T21:31:39.420323+00:00 [queued]>
[2022-04-21 21:31:41,061] {taskinstance.py:1243} INFO - 
--------------------------------------------------------------------------------
[2022-04-21 21:31:41,061] {taskinstance.py:1244} INFO - Starting attempt 1 of 1
[2022-04-21 21:31:41,061] {taskinstance.py:1245} INFO - 
--------------------------------------------------------------------------------
[2022-04-21 21:31:41,075] {taskinstance.py:1264} INFO - Executing <Task(SqlSensor): log_sensor1> on 2022-04-21 21:31:39.420323+00:00
[2022-04-21 21:31:41,079] {standard_task_runner.py:52} INFO - Started process 35586 to run task
[2022-04-21 21:31:41,082] {standard_task_runner.py:76} INFO - Running: ['***', 'tasks', 'run', 'cso_2295_ipo_2_cso.py', 'log_sensor1', 'manual__2022-04-21T21:31:39.420323+00:00', '--job-id', '927', '--raw', '--subdir', 'DAGS_FOLDER/cso_2295/cso_2295_ipo_2_cso.py', '--cfg-path', '/tmp/tmp8_6yh_r1', '--error-file', '/tmp/tmpmd1j76h6']
[2022-04-21 21:31:41,083] {standard_task_runner.py:77} INFO - Job 927: Subtask log_sensor1
[2022-04-21 21:31:41,133] {logging_mixin.py:109} INFO - Running <TaskInstance: cso_2295_ipo_2_cso.py.log_sensor1 manual__2022-04-21T21:31:39.420323+00:00 [running]> on host 22e04adb6bfa
[2022-04-21 21:31:41,171] {taskinstance.py:1431} INFO - Exporting the following env vars:
AIRFLOW_CTX_DAG_OWNER=***
AIRFLOW_CTX_DAG_ID=cso_2295_ipo_2_cso.py
AIRFLOW_CTX_TASK_ID=log_sensor1
AIRFLOW_CTX_EXECUTION_DATE=2022-04-21T21:31:39.420323+00:00
AIRFLOW_CTX_DAG_RUN_ID=manual__2022-04-21T21:31:39.420323+00:00
[2022-04-21 21:31:41,176] {base.py:79} INFO - Using connection to: id: postgres_default. Host: postgres, Port: 5432, Schema: ***, Login: ***, Password: ***, extra: {}
[2022-04-21 21:31:41,225] {sql.py:98} INFO - Poking: select case when q = 'true' then 1 else 0 end as q from  (
	select case when count(id)=0 then 'true' else 'false' end as q
	from list_flow_log
	where object_flow = 0 and status = 1
) t1; (with parameters None)
[2022-04-21 21:31:41,229] {base.py:79} INFO - Using connection to: id: postgres_default. Host: postgres, Port: 5432, Schema: ***, Login: ***, Password: ***, extra: {}
[2022-04-21 21:31:41,232] {base.py:251} INFO - Success criteria met. Exiting.
[2022-04-21 21:31:41,241] {taskinstance.py:1282} INFO - Marking task as SUCCESS. dag_id=cso_2295_ipo_2_cso.py, task_id=log_sensor1, execution_date=20220421T213139, start_date=20220421T213141, end_date=20220421T213141
[2022-04-21 21:31:41,257] {local_task_job.py:154} INFO - Task exited with return code 0
[2022-04-21 21:31:41,288] {local_task_job.py:264} INFO - 1 downstream tasks scheduled from follow-on schedule check
