[2022-04-21 21:34:25,168] {taskinstance.py:1037} INFO - Dependencies all met for <TaskInstance: cso_2295_ipo_2_cso.py.check_system_target2 manual__2022-04-21T21:34:10.461544+00:00 [queued]>
[2022-04-21 21:34:25,184] {taskinstance.py:1037} INFO - Dependencies all met for <TaskInstance: cso_2295_ipo_2_cso.py.check_system_target2 manual__2022-04-21T21:34:10.461544+00:00 [queued]>
[2022-04-21 21:34:25,184] {taskinstance.py:1243} INFO - 
--------------------------------------------------------------------------------
[2022-04-21 21:34:25,184] {taskinstance.py:1244} INFO - Starting attempt 1 of 1
[2022-04-21 21:34:25,184] {taskinstance.py:1245} INFO - 
--------------------------------------------------------------------------------
[2022-04-21 21:34:25,201] {taskinstance.py:1264} INFO - Executing <Task(BranchPythonOperator): check_system_target2> on 2022-04-21 21:34:10.461544+00:00
[2022-04-21 21:34:25,208] {standard_task_runner.py:76} INFO - Running: ['***', 'tasks', 'run', 'cso_2295_ipo_2_cso.py', 'check_system_target2', 'manual__2022-04-21T21:34:10.461544+00:00', '--job-id', '940', '--raw', '--subdir', 'DAGS_FOLDER/cso_2295/cso_2295_ipo_2_cso.py', '--cfg-path', '/tmp/tmpm1wfag2j', '--error-file', '/tmp/tmpk2t0ogw4']
[2022-04-21 21:34:25,209] {standard_task_runner.py:77} INFO - Job 940: Subtask check_system_target2
[2022-04-21 21:34:25,212] {standard_task_runner.py:52} INFO - Started process 35753 to run task
[2022-04-21 21:34:25,321] {logging_mixin.py:109} INFO - Running <TaskInstance: cso_2295_ipo_2_cso.py.check_system_target2 manual__2022-04-21T21:34:10.461544+00:00 [running]> on host 22e04adb6bfa
[2022-04-21 21:34:25,424] {taskinstance.py:1431} INFO - Exporting the following env vars:
AIRFLOW_CTX_DAG_OWNER=***
AIRFLOW_CTX_DAG_ID=cso_2295_ipo_2_cso.py
AIRFLOW_CTX_TASK_ID=check_system_target2
AIRFLOW_CTX_EXECUTION_DATE=2022-04-21T21:34:10.461544+00:00
AIRFLOW_CTX_DAG_RUN_ID=manual__2022-04-21T21:34:10.461544+00:00
[2022-04-21 21:34:25,426] {python.py:175} INFO - Done. Returned value was: transfer_cso_pers
[2022-04-21 21:34:25,429] {skipmixin.py:140} INFO - Following branch transfer_cso_pers
[2022-04-21 21:34:25,430] {skipmixin.py:171} INFO - Skipping tasks ['log_err_access_target2']
[2022-04-21 21:34:25,541] {taskinstance.py:1282} INFO - Marking task as SUCCESS. dag_id=cso_2295_ipo_2_cso.py, task_id=check_system_target2, execution_date=20220421T213410, start_date=20220421T213425, end_date=20220421T213425
[2022-04-21 21:34:25,597] {local_task_job.py:154} INFO - Task exited with return code 0
[2022-04-21 21:34:25,639] {local_task_job.py:264} INFO - 1 downstream tasks scheduled from follow-on schedule check
