[2022-04-25 11:50:05,617] {taskinstance.py:1037} INFO - Dependencies all met for <TaskInstance: cso_2295_ipo_2_cso.py.transfer_cso_org manual__2022-04-25T11:49:49.363277+00:00 [queued]>
[2022-04-25 11:50:05,631] {taskinstance.py:1037} INFO - Dependencies all met for <TaskInstance: cso_2295_ipo_2_cso.py.transfer_cso_org manual__2022-04-25T11:49:49.363277+00:00 [queued]>
[2022-04-25 11:50:05,631] {taskinstance.py:1243} INFO - 
--------------------------------------------------------------------------------
[2022-04-25 11:50:05,631] {taskinstance.py:1244} INFO - Starting attempt 1 of 1
[2022-04-25 11:50:05,631] {taskinstance.py:1245} INFO - 
--------------------------------------------------------------------------------
[2022-04-25 11:50:05,650] {taskinstance.py:1264} INFO - Executing <Task(Postgres2File): transfer_cso_org> on 2022-04-25 11:49:49.363277+00:00
[2022-04-25 11:50:05,654] {standard_task_runner.py:52} INFO - Started process 11444 to run task
[2022-04-25 11:50:05,656] {standard_task_runner.py:76} INFO - Running: ['***', 'tasks', 'run', 'cso_2295_ipo_2_cso.py', 'transfer_cso_org', 'manual__2022-04-25T11:49:49.363277+00:00', '--job-id', '1214', '--raw', '--subdir', 'DAGS_FOLDER/cso_2295/cso_2295_ipo_2_cso.py', '--cfg-path', '/tmp/tmpvypikzb0', '--error-file', '/tmp/tmpcvso0q_f']
[2022-04-25 11:50:05,658] {standard_task_runner.py:77} INFO - Job 1214: Subtask transfer_cso_org
[2022-04-25 11:50:05,713] {logging_mixin.py:109} INFO - Running <TaskInstance: cso_2295_ipo_2_cso.py.transfer_cso_org manual__2022-04-25T11:49:49.363277+00:00 [running]> on host 22e04adb6bfa
[2022-04-25 11:50:05,775] {taskinstance.py:1431} INFO - Exporting the following env vars:
AIRFLOW_CTX_DAG_OWNER=***
AIRFLOW_CTX_DAG_ID=cso_2295_ipo_2_cso.py
AIRFLOW_CTX_TASK_ID=transfer_cso_org
AIRFLOW_CTX_EXECUTION_DATE=2022-04-25T11:49:49.363277+00:00
AIRFLOW_CTX_DAG_RUN_ID=manual__2022-04-25T11:49:49.363277+00:00
[2022-04-25 11:50:05,781] {base.py:79} INFO - Using connection to: id: postgres_default. Host: postgres, Port: 5432, Schema: ***, Login: ***, Password: ***, extra: {}
[2022-04-25 11:50:06,207] {taskinstance.py:1282} INFO - Marking task as SUCCESS. dag_id=cso_2295_ipo_2_cso.py, task_id=transfer_cso_org, execution_date=20220425T114949, start_date=20220425T115005, end_date=20220425T115006
[2022-04-25 11:50:06,276] {local_task_job.py:154} INFO - Task exited with return code 0
[2022-04-25 11:50:06,365] {base.py:79} INFO - Using connection to: id: postgres_default. Host: postgres, Port: 5432, Schema: ***, Login: ***, Password: ***, extra: {}
[2022-04-25 11:50:06,374] {dbapi.py:225} INFO - Running statement: UPDATE list_flow_log
                        SET q_source=8,
                        q_target=8, t_end=NOW(), status=2,
                        optional_key='transfer_cso_org'
                        where id = 112;, parameters: None
[2022-04-25 11:50:06,377] {dbapi.py:233} INFO - Rows affected: 1
[2022-04-25 11:50:06,426] {local_task_job.py:264} INFO - 0 downstream tasks scheduled from follow-on schedule check
