[2022-04-25 08:42:28,615] {taskinstance.py:1037} INFO - Dependencies all met for <TaskInstance: cso_2295_ipo_2_cso_xls.py.getid2 manual__2022-04-25T08:41:17.138194+00:00 [queued]>
[2022-04-25 08:42:28,624] {taskinstance.py:1037} INFO - Dependencies all met for <TaskInstance: cso_2295_ipo_2_cso_xls.py.getid2 manual__2022-04-25T08:41:17.138194+00:00 [queued]>
[2022-04-25 08:42:28,625] {taskinstance.py:1243} INFO - 
--------------------------------------------------------------------------------
[2022-04-25 08:42:28,625] {taskinstance.py:1244} INFO - Starting attempt 1 of 1
[2022-04-25 08:42:28,625] {taskinstance.py:1245} INFO - 
--------------------------------------------------------------------------------
[2022-04-25 08:42:28,632] {taskinstance.py:1264} INFO - Executing <Task(PythonOperator): getid2> on 2022-04-25 08:41:17.138194+00:00
[2022-04-25 08:42:28,637] {standard_task_runner.py:52} INFO - Started process 2231 to run task
[2022-04-25 08:42:28,639] {standard_task_runner.py:76} INFO - Running: ['***', 'tasks', 'run', 'cso_2295_ipo_2_cso_xls.py', 'getid2', 'manual__2022-04-25T08:41:17.138194+00:00', '--job-id', '1154', '--raw', '--subdir', 'DAGS_FOLDER/cso_2295/cso_2295_ipo_2_cso_xls.py', '--cfg-path', '/tmp/tmpbby0kq35', '--error-file', '/tmp/tmp4uv9oa8d']
[2022-04-25 08:42:28,639] {standard_task_runner.py:77} INFO - Job 1154: Subtask getid2
[2022-04-25 08:42:28,682] {logging_mixin.py:109} INFO - Running <TaskInstance: cso_2295_ipo_2_cso_xls.py.getid2 manual__2022-04-25T08:41:17.138194+00:00 [running]> on host 22e04adb6bfa
[2022-04-25 08:42:28,718] {taskinstance.py:1431} INFO - Exporting the following env vars:
AIRFLOW_CTX_DAG_OWNER=***
AIRFLOW_CTX_DAG_ID=cso_2295_ipo_2_cso_xls.py
AIRFLOW_CTX_TASK_ID=getid2
AIRFLOW_CTX_EXECUTION_DATE=2022-04-25T08:41:17.138194+00:00
AIRFLOW_CTX_DAG_RUN_ID=manual__2022-04-25T08:41:17.138194+00:00
[2022-04-25 08:42:28,724] {base.py:79} INFO - Using connection to: id: postgres_default. Host: postgres, Port: 5432, Schema: ***, Login: ***, Password: ***, extra: {}
[2022-04-25 08:42:28,734] {python.py:175} INFO - Done. Returned value was: None
[2022-04-25 08:42:28,742] {taskinstance.py:1282} INFO - Marking task as SUCCESS. dag_id=cso_2295_ipo_2_cso_xls.py, task_id=getid2, execution_date=20220425T084117, start_date=20220425T084228, end_date=20220425T084228
[2022-04-25 08:42:28,771] {local_task_job.py:154} INFO - Task exited with return code 0
[2022-04-25 08:42:28,866] {local_task_job.py:264} INFO - 1 downstream tasks scheduled from follow-on schedule check
