[2022-04-07 08:25:21,890] {taskinstance.py:1037} INFO - Dependencies all met for <TaskInstance: my_project.training_model_C scheduled__2022-04-06T00:00:00+00:00 [queued]>
[2022-04-07 08:25:21,900] {taskinstance.py:1037} INFO - Dependencies all met for <TaskInstance: my_project.training_model_C scheduled__2022-04-06T00:00:00+00:00 [queued]>
[2022-04-07 08:25:21,900] {taskinstance.py:1243} INFO - 
--------------------------------------------------------------------------------
[2022-04-07 08:25:21,900] {taskinstance.py:1244} INFO - Starting attempt 1 of 1
[2022-04-07 08:25:21,901] {taskinstance.py:1245} INFO - 
--------------------------------------------------------------------------------
[2022-04-07 08:25:21,912] {taskinstance.py:1264} INFO - Executing <Task(PythonOperator): training_model_C> on 2022-04-06 00:00:00+00:00
[2022-04-07 08:25:21,923] {standard_task_runner.py:52} INFO - Started process 82 to run task
[2022-04-07 08:25:21,927] {standard_task_runner.py:76} INFO - Running: ['***', 'tasks', 'run', 'my_project', 'training_model_C', 'scheduled__2022-04-06T00:00:00+00:00', '--job-id', '48', '--raw', '--subdir', 'DAGS_FOLDER/my_project.py', '--cfg-path', '/tmp/tmpni_palni', '--error-file', '/tmp/tmpookm5ffu']
[2022-04-07 08:25:21,928] {standard_task_runner.py:77} INFO - Job 48: Subtask training_model_C
[2022-04-07 08:25:22,013] {logging_mixin.py:109} INFO - Running <TaskInstance: my_project.training_model_C scheduled__2022-04-06T00:00:00+00:00 [running]> on host abd567e83fcb
[2022-04-07 08:25:22,241] {taskinstance.py:1431} INFO - Exporting the following env vars:
AIRFLOW_CTX_DAG_OWNER=***
AIRFLOW_CTX_DAG_ID=my_project
AIRFLOW_CTX_TASK_ID=training_model_C
AIRFLOW_CTX_EXECUTION_DATE=2022-04-06T00:00:00+00:00
AIRFLOW_CTX_DAG_RUN_ID=scheduled__2022-04-06T00:00:00+00:00
[2022-04-07 08:25:22,242] {python.py:175} INFO - Done. Returned value was: 7
[2022-04-07 08:25:22,299] {taskinstance.py:1282} INFO - Marking task as SUCCESS. dag_id=my_project, task_id=training_model_C, execution_date=20220406T000000, start_date=20220407T082521, end_date=20220407T082522
[2022-04-07 08:25:22,342] {local_task_job.py:154} INFO - Task exited with return code 0
[2022-04-07 08:25:22,443] {local_task_job.py:264} INFO - 0 downstream tasks scheduled from follow-on schedule check
