[2022-04-05 20:29:37,595] {taskinstance.py:1037} INFO - Dependencies all met for <TaskInstance: my_project.training_model_B scheduled__2022-04-04T00:00:00+00:00 [queued]>
[2022-04-05 20:29:37,621] {taskinstance.py:1037} INFO - Dependencies all met for <TaskInstance: my_project.training_model_B scheduled__2022-04-04T00:00:00+00:00 [queued]>
[2022-04-05 20:29:37,622] {taskinstance.py:1243} INFO - 
--------------------------------------------------------------------------------
[2022-04-05 20:29:37,622] {taskinstance.py:1244} INFO - Starting attempt 1 of 1
[2022-04-05 20:29:37,623] {taskinstance.py:1245} INFO - 
--------------------------------------------------------------------------------
[2022-04-05 20:29:37,656] {taskinstance.py:1264} INFO - Executing <Task(PythonOperator): training_model_B> on 2022-04-04 00:00:00+00:00
[2022-04-05 20:29:37,659] {standard_task_runner.py:52} INFO - Started process 375 to run task
[2022-04-05 20:29:37,687] {standard_task_runner.py:76} INFO - Running: ['***', 'tasks', 'run', 'my_project', 'training_model_B', 'scheduled__2022-04-04T00:00:00+00:00', '--job-id', '10', '--raw', '--subdir', 'DAGS_FOLDER/my_project.py', '--cfg-path', '/tmp/tmpj35s9urh', '--error-file', '/tmp/tmp4o5q61wm']
[2022-04-05 20:29:37,688] {standard_task_runner.py:77} INFO - Job 10: Subtask training_model_B
[2022-04-05 20:29:37,837] {logging_mixin.py:109} INFO - Running <TaskInstance: my_project.training_model_B scheduled__2022-04-04T00:00:00+00:00 [running]> on host 13210251e6a6
[2022-04-05 20:29:37,986] {taskinstance.py:1431} INFO - Exporting the following env vars:
AIRFLOW_CTX_DAG_OWNER=***
AIRFLOW_CTX_DAG_ID=my_project
AIRFLOW_CTX_TASK_ID=training_model_B
AIRFLOW_CTX_EXECUTION_DATE=2022-04-04T00:00:00+00:00
AIRFLOW_CTX_DAG_RUN_ID=scheduled__2022-04-04T00:00:00+00:00
[2022-04-05 20:29:37,999] {python.py:175} INFO - Done. Returned value was: 2
[2022-04-05 20:29:38,096] {taskinstance.py:1282} INFO - Marking task as SUCCESS. dag_id=my_project, task_id=training_model_B, execution_date=20220404T000000, start_date=20220405T202937, end_date=20220405T202938
[2022-04-05 20:29:38,146] {local_task_job.py:154} INFO - Task exited with return code 0
[2022-04-05 20:29:38,256] {local_task_job.py:264} INFO - 0 downstream tasks scheduled from follow-on schedule check
