[2022-04-19 09:16:02,588] {taskinstance.py:1037} INFO - Dependencies all met for <TaskInstance: hook_dag.condition_is_True manual__2022-04-19T09:15:59.014608+00:00 [queued]>
[2022-04-19 09:16:02,598] {taskinstance.py:1037} INFO - Dependencies all met for <TaskInstance: hook_dag.condition_is_True manual__2022-04-19T09:15:59.014608+00:00 [queued]>
[2022-04-19 09:16:02,598] {taskinstance.py:1243} INFO - 
--------------------------------------------------------------------------------
[2022-04-19 09:16:02,598] {taskinstance.py:1244} INFO - Starting attempt 1 of 2
[2022-04-19 09:16:02,599] {taskinstance.py:1245} INFO - 
--------------------------------------------------------------------------------
[2022-04-19 09:16:02,613] {taskinstance.py:1264} INFO - Executing <Task(ShortCircuitOperator): condition_is_True> on 2022-04-19 09:15:59.014608+00:00
[2022-04-19 09:16:02,621] {standard_task_runner.py:52} INFO - Started process 1189 to run task
[2022-04-19 09:16:02,621] {standard_task_runner.py:76} INFO - Running: ['***', 'tasks', 'run', 'hook_dag', 'condition_is_True', 'manual__2022-04-19T09:15:59.014608+00:00', '--job-id', '159', '--raw', '--subdir', 'DAGS_FOLDER/hook_dag.py', '--cfg-path', '/tmp/tmph_4t5hwd', '--error-file', '/tmp/tmp9aqa1ud_']
[2022-04-19 09:16:02,622] {standard_task_runner.py:77} INFO - Job 159: Subtask condition_is_True
[2022-04-19 09:16:02,669] {logging_mixin.py:109} INFO - Running <TaskInstance: hook_dag.condition_is_True manual__2022-04-19T09:15:59.014608+00:00 [running]> on host 22e04adb6bfa
[2022-04-19 09:16:02,724] {taskinstance.py:1431} INFO - Exporting the following env vars:
AIRFLOW_CTX_DAG_OWNER=***
AIRFLOW_CTX_DAG_ID=hook_dag
AIRFLOW_CTX_TASK_ID=condition_is_True
AIRFLOW_CTX_EXECUTION_DATE=2022-04-19T09:15:59.014608+00:00
AIRFLOW_CTX_DAG_RUN_ID=manual__2022-04-19T09:15:59.014608+00:00
[2022-04-19 09:16:02,725] {python.py:175} INFO - Done. Returned value was: True
[2022-04-19 09:16:02,725] {python.py:239} INFO - Condition result is True
[2022-04-19 09:16:02,725] {python.py:242} INFO - Proceeding with downstream tasks...
[2022-04-19 09:16:02,742] {taskinstance.py:1282} INFO - Marking task as SUCCESS. dag_id=hook_dag, task_id=condition_is_True, execution_date=20220419T091559, start_date=20220419T091602, end_date=20220419T091602
[2022-04-19 09:16:02,756] {local_task_job.py:154} INFO - Task exited with return code 0
[2022-04-19 09:16:02,788] {local_task_job.py:264} INFO - 1 downstream tasks scheduled from follow-on schedule check
