[2022-04-19 11:50:56,734] {taskinstance.py:1037} INFO - Dependencies all met for <TaskInstance: hook_dag.branching manual__2022-04-19T11:49:48.810909+00:00 [queued]>
[2022-04-19 11:50:56,746] {taskinstance.py:1037} INFO - Dependencies all met for <TaskInstance: hook_dag.branching manual__2022-04-19T11:49:48.810909+00:00 [queued]>
[2022-04-19 11:50:56,746] {taskinstance.py:1243} INFO - 
--------------------------------------------------------------------------------
[2022-04-19 11:50:56,746] {taskinstance.py:1244} INFO - Starting attempt 1 of 2
[2022-04-19 11:50:56,746] {taskinstance.py:1245} INFO - 
--------------------------------------------------------------------------------
[2022-04-19 11:50:56,756] {taskinstance.py:1264} INFO - Executing <Task(BranchPythonOperator): branching> on 2022-04-19 11:49:48.810909+00:00
[2022-04-19 11:50:56,759] {standard_task_runner.py:52} INFO - Started process 9131 to run task
[2022-04-19 11:50:56,762] {standard_task_runner.py:76} INFO - Running: ['***', 'tasks', 'run', 'hook_dag', 'branching', 'manual__2022-04-19T11:49:48.810909+00:00', '--job-id', '333', '--raw', '--subdir', 'DAGS_FOLDER/hook_dag.py', '--cfg-path', '/tmp/tmpgcahmnad', '--error-file', '/tmp/tmpctdc7bm_']
[2022-04-19 11:50:56,763] {standard_task_runner.py:77} INFO - Job 333: Subtask branching
[2022-04-19 11:50:56,819] {logging_mixin.py:109} INFO - Running <TaskInstance: hook_dag.branching manual__2022-04-19T11:49:48.810909+00:00 [running]> on host 22e04adb6bfa
[2022-04-19 11:50:56,858] {taskinstance.py:1431} INFO - Exporting the following env vars:
AIRFLOW_CTX_DAG_OWNER=***
AIRFLOW_CTX_DAG_ID=hook_dag
AIRFLOW_CTX_TASK_ID=branching
AIRFLOW_CTX_EXECUTION_DATE=2022-04-19T11:49:48.810909+00:00
AIRFLOW_CTX_DAG_RUN_ID=manual__2022-04-19T11:49:48.810909+00:00
[2022-04-19 11:50:56,864] {python.py:175} INFO - Done. Returned value was: log_end_no_data
[2022-04-19 11:50:56,864] {skipmixin.py:140} INFO - Following branch log_end_no_data
[2022-04-19 11:50:56,865] {skipmixin.py:171} INFO - Skipping tasks ['transfer_suit_pa']
[2022-04-19 11:50:56,893] {taskinstance.py:1282} INFO - Marking task as SUCCESS. dag_id=hook_dag, task_id=branching, execution_date=20220419T114948, start_date=20220419T115056, end_date=20220419T115056
[2022-04-19 11:50:56,934] {local_task_job.py:154} INFO - Task exited with return code 0
[2022-04-19 11:50:56,963] {local_task_job.py:264} INFO - 1 downstream tasks scheduled from follow-on schedule check
