[2022-04-19 14:35:53,710] {taskinstance.py:1037} INFO - Dependencies all met for <TaskInstance: hook_dag.transfer_suit_pa manual__2022-04-19T14:34:42.761488+00:00 [queued]>
[2022-04-19 14:35:53,720] {taskinstance.py:1037} INFO - Dependencies all met for <TaskInstance: hook_dag.transfer_suit_pa manual__2022-04-19T14:34:42.761488+00:00 [queued]>
[2022-04-19 14:35:53,720] {taskinstance.py:1243} INFO - 
--------------------------------------------------------------------------------
[2022-04-19 14:35:53,721] {taskinstance.py:1244} INFO - Starting attempt 1 of 2
[2022-04-19 14:35:53,721] {taskinstance.py:1245} INFO - 
--------------------------------------------------------------------------------
[2022-04-19 14:35:53,729] {taskinstance.py:1264} INFO - Executing <Task(Postgres2File): transfer_suit_pa> on 2022-04-19 14:34:42.761488+00:00
[2022-04-19 14:35:53,734] {standard_task_runner.py:52} INFO - Started process 17408 to run task
[2022-04-19 14:35:53,736] {standard_task_runner.py:76} INFO - Running: ['***', 'tasks', 'run', 'hook_dag', 'transfer_suit_pa', 'manual__2022-04-19T14:34:42.761488+00:00', '--job-id', '524', '--raw', '--subdir', 'DAGS_FOLDER/hook_dag.py', '--cfg-path', '/tmp/tmpuud6la9o', '--error-file', '/tmp/tmp0o8bqu5c']
[2022-04-19 14:35:53,737] {standard_task_runner.py:77} INFO - Job 524: Subtask transfer_suit_pa
[2022-04-19 14:35:53,797] {logging_mixin.py:109} INFO - Running <TaskInstance: hook_dag.transfer_suit_pa manual__2022-04-19T14:34:42.761488+00:00 [running]> on host 22e04adb6bfa
[2022-04-19 14:35:53,846] {taskinstance.py:1431} INFO - Exporting the following env vars:
AIRFLOW_CTX_DAG_OWNER=***
AIRFLOW_CTX_DAG_ID=hook_dag
AIRFLOW_CTX_TASK_ID=transfer_suit_pa
AIRFLOW_CTX_EXECUTION_DATE=2022-04-19T14:34:42.761488+00:00
AIRFLOW_CTX_DAG_RUN_ID=manual__2022-04-19T14:34:42.761488+00:00
[2022-04-19 14:35:53,853] {base.py:79} INFO - Using connection to: id: postgres_default. Host: postgres, Port: 5432, Schema: ***, Login: ***, Password: ***, extra: {}
[2022-04-19 14:35:53,889] {taskinstance.py:1282} INFO - Marking task as SUCCESS. dag_id=hook_dag, task_id=transfer_suit_pa, execution_date=20220419T143442, start_date=20220419T143553, end_date=20220419T143553
[2022-04-19 14:35:53,948] {local_task_job.py:154} INFO - Task exited with return code 0
[2022-04-19 14:35:53,985] {base.py:79} INFO - Using connection to: id: postgres_default. Host: postgres, Port: 5432, Schema: ***, Login: ***, Password: ***, extra: {}
[2022-04-19 14:35:53,988] {dbapi.py:225} INFO - Running statement: update list_flow_log
                set t_end=NOW(), status=2, comment = '*Task*: transfer_suit_pa success'
                where id = 32;, parameters: None
[2022-04-19 14:35:53,989] {dbapi.py:233} INFO - Rows affected: 1
[2022-04-19 14:35:54,013] {local_task_job.py:264} INFO - 0 downstream tasks scheduled from follow-on schedule check
