[2022-04-22 09:27:32,591] {taskinstance.py:1037} INFO - Dependencies all met for <TaskInstance: cso_2295_ipo_2_cso.py.sleep manual__2022-04-22T09:27:30.102855+00:00 [queued]>
[2022-04-22 09:27:32,599] {taskinstance.py:1037} INFO - Dependencies all met for <TaskInstance: cso_2295_ipo_2_cso.py.sleep manual__2022-04-22T09:27:30.102855+00:00 [queued]>
[2022-04-22 09:27:32,599] {taskinstance.py:1243} INFO - 
--------------------------------------------------------------------------------
[2022-04-22 09:27:32,599] {taskinstance.py:1244} INFO - Starting attempt 1 of 1
[2022-04-22 09:27:32,599] {taskinstance.py:1245} INFO - 
--------------------------------------------------------------------------------
[2022-04-22 09:27:32,666] {taskinstance.py:1264} INFO - Executing <Task(BashOperator): sleep> on 2022-04-22 09:27:30.102855+00:00
[2022-04-22 09:27:32,670] {standard_task_runner.py:52} INFO - Started process 1453 to run task
[2022-04-22 09:27:32,674] {standard_task_runner.py:76} INFO - Running: ['***', 'tasks', 'run', 'cso_2295_ipo_2_cso.py', 'sleep', 'manual__2022-04-22T09:27:30.102855+00:00', '--job-id', '977', '--raw', '--subdir', 'DAGS_FOLDER/cso_2295/cso_2295_ipo_2_cso.py', '--cfg-path', '/tmp/tmpylr89zy2', '--error-file', '/tmp/tmpg43n8isr']
[2022-04-22 09:27:32,675] {standard_task_runner.py:77} INFO - Job 977: Subtask sleep
[2022-04-22 09:27:32,751] {logging_mixin.py:109} INFO - Running <TaskInstance: cso_2295_ipo_2_cso.py.sleep manual__2022-04-22T09:27:30.102855+00:00 [running]> on host 22e04adb6bfa
[2022-04-22 09:27:32,901] {taskinstance.py:1431} INFO - Exporting the following env vars:
AIRFLOW_CTX_DAG_OWNER=***
AIRFLOW_CTX_DAG_ID=cso_2295_ipo_2_cso.py
AIRFLOW_CTX_TASK_ID=sleep
AIRFLOW_CTX_EXECUTION_DATE=2022-04-22T09:27:30.102855+00:00
AIRFLOW_CTX_DAG_RUN_ID=manual__2022-04-22T09:27:30.102855+00:00
[2022-04-22 09:27:32,901] {subprocess.py:62} INFO - Tmp dir root location: 
 /tmp
[2022-04-22 09:27:32,902] {subprocess.py:74} INFO - Running command: ['bash', '-c', 'sleep 5']
[2022-04-22 09:27:32,930] {subprocess.py:85} INFO - Output:
[2022-04-22 09:27:38,679] {subprocess.py:93} INFO - Command exited with return code 0
[2022-04-22 09:27:38,701] {taskinstance.py:1282} INFO - Marking task as SUCCESS. dag_id=cso_2295_ipo_2_cso.py, task_id=sleep, execution_date=20220422T092730, start_date=20220422T092732, end_date=20220422T092738
[2022-04-22 09:27:38,754] {local_task_job.py:154} INFO - Task exited with return code 0
[2022-04-22 09:27:38,789] {local_task_job.py:264} INFO - 1 downstream tasks scheduled from follow-on schedule check
