[2022-04-28 15:41:58,211] {taskinstance.py:1037} INFO - Dependencies all met for <TaskInstance: cso_2295_ipo_2_cso_xls.py.branching1 scheduled__2022-04-27T15:41:00+00:00 [queued]>
[2022-04-28 15:41:58,222] {taskinstance.py:1037} INFO - Dependencies all met for <TaskInstance: cso_2295_ipo_2_cso_xls.py.branching1 scheduled__2022-04-27T15:41:00+00:00 [queued]>
[2022-04-28 15:41:58,223] {taskinstance.py:1243} INFO - 
--------------------------------------------------------------------------------
[2022-04-28 15:41:58,223] {taskinstance.py:1244} INFO - Starting attempt 1 of 1
[2022-04-28 15:41:58,223] {taskinstance.py:1245} INFO - 
--------------------------------------------------------------------------------
[2022-04-28 15:41:58,259] {taskinstance.py:1264} INFO - Executing <Task(BranchPythonOperator): branching1> on 2022-04-27 15:41:00+00:00
[2022-04-28 15:41:58,265] {standard_task_runner.py:52} INFO - Started process 21353 to run task
[2022-04-28 15:41:58,270] {standard_task_runner.py:76} INFO - Running: ['***', 'tasks', 'run', 'cso_2295_ipo_2_cso_xls.py', 'branching1', 'scheduled__2022-04-27T15:41:00+00:00', '--job-id', '1390', '--raw', '--subdir', 'DAGS_FOLDER/cso_2295/cso_2295_ipo_2_cso_xls.py', '--cfg-path', '/tmp/tmpb1mn11f7', '--error-file', '/tmp/tmpd2rcc05b']
[2022-04-28 15:41:58,270] {standard_task_runner.py:77} INFO - Job 1390: Subtask branching1
[2022-04-28 15:41:58,351] {logging_mixin.py:109} INFO - Running <TaskInstance: cso_2295_ipo_2_cso_xls.py.branching1 scheduled__2022-04-27T15:41:00+00:00 [running]> on host 0936e4a14e76
[2022-04-28 15:41:58,575] {taskinstance.py:1431} INFO - Exporting the following env vars:
AIRFLOW_CTX_DAG_OWNER=***
AIRFLOW_CTX_DAG_ID=cso_2295_ipo_2_cso_xls.py
AIRFLOW_CTX_TASK_ID=branching1
AIRFLOW_CTX_EXECUTION_DATE=2022-04-27T15:41:00+00:00
AIRFLOW_CTX_DAG_RUN_ID=scheduled__2022-04-27T15:41:00+00:00
[2022-04-28 15:41:58,576] {python.py:175} INFO - Done. Returned value was: transfer_cso_ssp
[2022-04-28 15:41:58,576] {skipmixin.py:140} INFO - Following branch transfer_cso_ssp
[2022-04-28 15:41:58,576] {skipmixin.py:171} INFO - Skipping tasks ['log_end_no_data1']
[2022-04-28 15:41:58,763] {taskinstance.py:1282} INFO - Marking task as SUCCESS. dag_id=cso_2295_ipo_2_cso_xls.py, task_id=branching1, execution_date=20220427T154100, start_date=20220428T154158, end_date=20220428T154158
[2022-04-28 15:41:58,802] {local_task_job.py:154} INFO - Task exited with return code 0
[2022-04-28 15:41:58,962] {local_task_job.py:264} INFO - 1 downstream tasks scheduled from follow-on schedule check
