[2022-04-20 15:37:58,206] {taskinstance.py:1037} INFO - Dependencies all met for <TaskInstance: hook_dag.branching_xml scheduled__2022-04-20T15:33:40+00:00 [queued]>
[2022-04-20 15:37:58,312] {taskinstance.py:1037} INFO - Dependencies all met for <TaskInstance: hook_dag.branching_xml scheduled__2022-04-20T15:33:40+00:00 [queued]>
[2022-04-20 15:37:58,312] {taskinstance.py:1243} INFO - 
--------------------------------------------------------------------------------
[2022-04-20 15:37:58,312] {taskinstance.py:1244} INFO - Starting attempt 1 of 2
[2022-04-20 15:37:58,312] {taskinstance.py:1245} INFO - 
--------------------------------------------------------------------------------
[2022-04-20 15:37:58,432] {taskinstance.py:1264} INFO - Executing <Task(BranchPythonOperator): branching_xml> on 2022-04-20 15:33:40+00:00
[2022-04-20 15:37:58,473] {standard_task_runner.py:52} INFO - Started process 22675 to run task
[2022-04-20 15:37:58,489] {standard_task_runner.py:76} INFO - Running: ['***', 'tasks', 'run', 'hook_dag', 'branching_xml', 'scheduled__2022-04-20T15:33:40+00:00', '--job-id', '748', '--raw', '--subdir', 'DAGS_FOLDER/hook_dag.py', '--cfg-path', '/tmp/tmpiszs_r_b', '--error-file', '/tmp/tmp0nc6rtka']
[2022-04-20 15:37:58,500] {standard_task_runner.py:77} INFO - Job 748: Subtask branching_xml
[2022-04-20 15:37:58,723] {logging_mixin.py:109} INFO - Running <TaskInstance: hook_dag.branching_xml scheduled__2022-04-20T15:33:40+00:00 [running]> on host 22e04adb6bfa
[2022-04-20 15:37:58,896] {taskinstance.py:1431} INFO - Exporting the following env vars:
AIRFLOW_CTX_DAG_OWNER=***
AIRFLOW_CTX_DAG_ID=hook_dag
AIRFLOW_CTX_TASK_ID=branching_xml
AIRFLOW_CTX_EXECUTION_DATE=2022-04-20T15:33:40+00:00
AIRFLOW_CTX_DAG_RUN_ID=scheduled__2022-04-20T15:33:40+00:00
[2022-04-20 15:37:58,919] {python.py:175} INFO - Done. Returned value was: transfer_xml
[2022-04-20 15:37:58,919] {skipmixin.py:140} INFO - Following branch transfer_xml
[2022-04-20 15:37:58,919] {skipmixin.py:171} INFO - Skipping tasks ['log_end_no_data_1']
[2022-04-20 15:37:59,066] {taskinstance.py:1282} INFO - Marking task as SUCCESS. dag_id=hook_dag, task_id=branching_xml, execution_date=20220420T153340, start_date=20220420T153758, end_date=20220420T153759
[2022-04-20 15:37:59,152] {local_task_job.py:154} INFO - Task exited with return code 0
[2022-04-20 15:37:59,258] {local_task_job.py:264} INFO - 1 downstream tasks scheduled from follow-on schedule check
