[2022-04-21 21:31:43,673] {taskinstance.py:1037} INFO - Dependencies all met for <TaskInstance: cso_2295_ipo_2_cso.py.getid1 manual__2022-04-21T21:31:39.420323+00:00 [queued]>
[2022-04-21 21:31:43,683] {taskinstance.py:1037} INFO - Dependencies all met for <TaskInstance: cso_2295_ipo_2_cso.py.getid1 manual__2022-04-21T21:31:39.420323+00:00 [queued]>
[2022-04-21 21:31:43,683] {taskinstance.py:1243} INFO - 
--------------------------------------------------------------------------------
[2022-04-21 21:31:43,683] {taskinstance.py:1244} INFO - Starting attempt 1 of 1
[2022-04-21 21:31:43,683] {taskinstance.py:1245} INFO - 
--------------------------------------------------------------------------------
[2022-04-21 21:31:43,692] {taskinstance.py:1264} INFO - Executing <Task(PythonOperator): getid1> on 2022-04-21 21:31:39.420323+00:00
[2022-04-21 21:31:43,696] {standard_task_runner.py:52} INFO - Started process 35593 to run task
[2022-04-21 21:31:43,699] {standard_task_runner.py:76} INFO - Running: ['***', 'tasks', 'run', 'cso_2295_ipo_2_cso.py', 'getid1', 'manual__2022-04-21T21:31:39.420323+00:00', '--job-id', '929', '--raw', '--subdir', 'DAGS_FOLDER/cso_2295/cso_2295_ipo_2_cso.py', '--cfg-path', '/tmp/tmpldnm_yj7', '--error-file', '/tmp/tmpr2uy6jzy']
[2022-04-21 21:31:43,699] {standard_task_runner.py:77} INFO - Job 929: Subtask getid1
[2022-04-21 21:31:43,742] {logging_mixin.py:109} INFO - Running <TaskInstance: cso_2295_ipo_2_cso.py.getid1 manual__2022-04-21T21:31:39.420323+00:00 [running]> on host 22e04adb6bfa
[2022-04-21 21:31:43,776] {taskinstance.py:1431} INFO - Exporting the following env vars:
AIRFLOW_CTX_DAG_OWNER=***
AIRFLOW_CTX_DAG_ID=cso_2295_ipo_2_cso.py
AIRFLOW_CTX_TASK_ID=getid1
AIRFLOW_CTX_EXECUTION_DATE=2022-04-21T21:31:39.420323+00:00
AIRFLOW_CTX_DAG_RUN_ID=manual__2022-04-21T21:31:39.420323+00:00
[2022-04-21 21:31:43,789] {base.py:79} INFO - Using connection to: id: postgres_default. Host: postgres, Port: 5432, Schema: ***, Login: ***, Password: ***, extra: {}
[2022-04-21 21:31:43,801] {python.py:175} INFO - Done. Returned value was: None
[2022-04-21 21:31:43,811] {taskinstance.py:1282} INFO - Marking task as SUCCESS. dag_id=cso_2295_ipo_2_cso.py, task_id=getid1, execution_date=20220421T213139, start_date=20220421T213143, end_date=20220421T213143
[2022-04-21 21:31:43,830] {local_task_job.py:154} INFO - Task exited with return code 0
[2022-04-21 21:31:43,858] {local_task_job.py:264} INFO - 1 downstream tasks scheduled from follow-on schedule check
