[2022-04-28 15:42:00,576] {taskinstance.py:1037} INFO - Dependencies all met for <TaskInstance: cso_2295_ipo_2_cso_xls.py.transfer_cso_ssp scheduled__2022-04-27T15:41:00+00:00 [queued]>
[2022-04-28 15:42:00,586] {taskinstance.py:1037} INFO - Dependencies all met for <TaskInstance: cso_2295_ipo_2_cso_xls.py.transfer_cso_ssp scheduled__2022-04-27T15:41:00+00:00 [queued]>
[2022-04-28 15:42:00,586] {taskinstance.py:1243} INFO - 
--------------------------------------------------------------------------------
[2022-04-28 15:42:00,586] {taskinstance.py:1244} INFO - Starting attempt 1 of 1
[2022-04-28 15:42:00,586] {taskinstance.py:1245} INFO - 
--------------------------------------------------------------------------------
[2022-04-28 15:42:00,634] {taskinstance.py:1264} INFO - Executing <Task(Postgres2File): transfer_cso_ssp> on 2022-04-27 15:41:00+00:00
[2022-04-28 15:42:00,638] {standard_task_runner.py:52} INFO - Started process 21357 to run task
[2022-04-28 15:42:00,640] {standard_task_runner.py:76} INFO - Running: ['***', 'tasks', 'run', 'cso_2295_ipo_2_cso_xls.py', 'transfer_cso_ssp', 'scheduled__2022-04-27T15:41:00+00:00', '--job-id', '1391', '--raw', '--subdir', 'DAGS_FOLDER/cso_2295/cso_2295_ipo_2_cso_xls.py', '--cfg-path', '/tmp/tmp2xdvr8qh', '--error-file', '/tmp/tmph3yewhtv']
[2022-04-28 15:42:00,641] {standard_task_runner.py:77} INFO - Job 1391: Subtask transfer_cso_ssp
[2022-04-28 15:42:00,699] {logging_mixin.py:109} INFO - Running <TaskInstance: cso_2295_ipo_2_cso_xls.py.transfer_cso_ssp scheduled__2022-04-27T15:41:00+00:00 [running]> on host 0936e4a14e76
[2022-04-28 15:42:00,846] {taskinstance.py:1431} INFO - Exporting the following env vars:
AIRFLOW_CTX_DAG_OWNER=***
AIRFLOW_CTX_DAG_ID=cso_2295_ipo_2_cso_xls.py
AIRFLOW_CTX_TASK_ID=transfer_cso_ssp
AIRFLOW_CTX_EXECUTION_DATE=2022-04-27T15:41:00+00:00
AIRFLOW_CTX_DAG_RUN_ID=scheduled__2022-04-27T15:41:00+00:00
[2022-04-28 15:42:00,851] {base.py:79} INFO - Using connection to: id: postgres_default. Host: postgres, Port: 5432, Schema: ***, Login: ***, Password: ***, extra: {}
[2022-04-28 15:42:01,116] {taskinstance.py:1282} INFO - Marking task as SUCCESS. dag_id=cso_2295_ipo_2_cso_xls.py, task_id=transfer_cso_ssp, execution_date=20220427T154100, start_date=20220428T154200, end_date=20220428T154201
[2022-04-28 15:42:01,216] {local_task_job.py:154} INFO - Task exited with return code 0
[2022-04-28 15:42:01,286] {base.py:79} INFO - Using connection to: id: postgres_default. Host: postgres, Port: 5432, Schema: ***, Login: ***, Password: ***, extra: {}
[2022-04-28 15:42:01,288] {dbapi.py:225} INFO - Running statement: UPDATE list_flow_log
                        SET q_source=2,
                        q_target=2, t_end=NOW(), status=2,
                        optional_key='transfer_cso_ssp'
                        where id = 124;, parameters: None
[2022-04-28 15:42:01,290] {dbapi.py:233} INFO - Rows affected: 1
[2022-04-28 15:42:01,359] {local_task_job.py:264} INFO - 0 downstream tasks scheduled from follow-on schedule check
