[2022-04-20 15:42:05,332] {taskinstance.py:1037} INFO - Dependencies all met for <TaskInstance: hook_dag.getid_2 scheduled__2022-04-20T15:37:00+00:00 [queued]>
[2022-04-20 15:42:05,346] {taskinstance.py:1037} INFO - Dependencies all met for <TaskInstance: hook_dag.getid_2 scheduled__2022-04-20T15:37:00+00:00 [queued]>
[2022-04-20 15:42:05,346] {taskinstance.py:1243} INFO - 
--------------------------------------------------------------------------------
[2022-04-20 15:42:05,346] {taskinstance.py:1244} INFO - Starting attempt 1 of 2
[2022-04-20 15:42:05,346] {taskinstance.py:1245} INFO - 
--------------------------------------------------------------------------------
[2022-04-20 15:42:05,365] {taskinstance.py:1264} INFO - Executing <Task(PythonOperator): getid_2> on 2022-04-20 15:37:00+00:00
[2022-04-20 15:42:05,374] {standard_task_runner.py:76} INFO - Running: ['***', 'tasks', 'run', 'hook_dag', 'getid_2', 'scheduled__2022-04-20T15:37:00+00:00', '--job-id', '792', '--raw', '--subdir', 'DAGS_FOLDER/hook_dag.py', '--cfg-path', '/tmp/tmpcjcea_1x', '--error-file', '/tmp/tmptbej4h51']
[2022-04-20 15:42:05,374] {standard_task_runner.py:77} INFO - Job 792: Subtask getid_2
[2022-04-20 15:42:05,375] {standard_task_runner.py:52} INFO - Started process 22980 to run task
[2022-04-20 15:42:05,436] {logging_mixin.py:109} INFO - Running <TaskInstance: hook_dag.getid_2 scheduled__2022-04-20T15:37:00+00:00 [running]> on host 22e04adb6bfa
[2022-04-20 15:42:05,510] {taskinstance.py:1431} INFO - Exporting the following env vars:
AIRFLOW_CTX_DAG_OWNER=***
AIRFLOW_CTX_DAG_ID=hook_dag
AIRFLOW_CTX_TASK_ID=getid_2
AIRFLOW_CTX_EXECUTION_DATE=2022-04-20T15:37:00+00:00
AIRFLOW_CTX_DAG_RUN_ID=scheduled__2022-04-20T15:37:00+00:00
[2022-04-20 15:42:05,519] {base.py:79} INFO - Using connection to: id: postgres_default. Host: postgres, Port: 5432, Schema: ***, Login: ***, Password: ***, extra: {}
[2022-04-20 15:42:05,535] {python.py:175} INFO - Done. Returned value was: None
[2022-04-20 15:42:05,548] {taskinstance.py:1282} INFO - Marking task as SUCCESS. dag_id=hook_dag, task_id=getid_2, execution_date=20220420T153700, start_date=20220420T154205, end_date=20220420T154205
[2022-04-20 15:42:05,593] {local_task_job.py:154} INFO - Task exited with return code 0
[2022-04-20 15:42:05,644] {local_task_job.py:264} INFO - 1 downstream tasks scheduled from follow-on schedule check
