[2022-04-20 14:31:37,221] {taskinstance.py:1037} INFO - Dependencies all met for <TaskInstance: hook_dag.branching_xml scheduled__2022-04-20T14:25:12+00:00 [queued]>
[2022-04-20 14:31:37,232] {taskinstance.py:1037} INFO - Dependencies all met for <TaskInstance: hook_dag.branching_xml scheduled__2022-04-20T14:25:12+00:00 [queued]>
[2022-04-20 14:31:37,233] {taskinstance.py:1243} INFO - 
--------------------------------------------------------------------------------
[2022-04-20 14:31:37,233] {taskinstance.py:1244} INFO - Starting attempt 1 of 2
[2022-04-20 14:31:37,233] {taskinstance.py:1245} INFO - 
--------------------------------------------------------------------------------
[2022-04-20 14:31:37,244] {taskinstance.py:1264} INFO - Executing <Task(BranchPythonOperator): branching_xml> on 2022-04-20 14:25:12+00:00
[2022-04-20 14:31:37,249] {standard_task_runner.py:52} INFO - Started process 19227 to run task
[2022-04-20 14:31:37,260] {standard_task_runner.py:76} INFO - Running: ['***', 'tasks', 'run', 'hook_dag', 'branching_xml', 'scheduled__2022-04-20T14:25:12+00:00', '--job-id', '647', '--raw', '--subdir', 'DAGS_FOLDER/hook_dag.py', '--cfg-path', '/tmp/tmp3gcqefsv', '--error-file', '/tmp/tmp2fi5mcm5']
[2022-04-20 14:31:37,267] {standard_task_runner.py:77} INFO - Job 647: Subtask branching_xml
[2022-04-20 14:31:37,476] {logging_mixin.py:109} INFO - Running <TaskInstance: hook_dag.branching_xml scheduled__2022-04-20T14:25:12+00:00 [running]> on host 22e04adb6bfa
[2022-04-20 14:31:37,658] {taskinstance.py:1431} INFO - Exporting the following env vars:
AIRFLOW_CTX_DAG_OWNER=***
AIRFLOW_CTX_DAG_ID=hook_dag
AIRFLOW_CTX_TASK_ID=branching_xml
AIRFLOW_CTX_EXECUTION_DATE=2022-04-20T14:25:12+00:00
AIRFLOW_CTX_DAG_RUN_ID=scheduled__2022-04-20T14:25:12+00:00
[2022-04-20 14:31:37,672] {python.py:175} INFO - Done. Returned value was: transfer_xml
[2022-04-20 14:31:37,672] {skipmixin.py:140} INFO - Following branch transfer_xml
[2022-04-20 14:31:37,673] {skipmixin.py:171} INFO - Skipping tasks ['log_end_no_data_1']
[2022-04-20 14:31:37,744] {taskinstance.py:1282} INFO - Marking task as SUCCESS. dag_id=hook_dag, task_id=branching_xml, execution_date=20220420T142512, start_date=20220420T143137, end_date=20220420T143137
[2022-04-20 14:31:37,807] {local_task_job.py:154} INFO - Task exited with return code 0
[2022-04-20 14:31:37,873] {local_task_job.py:264} INFO - 1 downstream tasks scheduled from follow-on schedule check
