[2022-04-07 13:35:15,014] {taskinstance.py:1037} INFO - Dependencies all met for <TaskInstance: my_project.sample-task manual__2022-04-07T13:35:13.176577+00:00 [queued]>
[2022-04-07 13:35:15,021] {taskinstance.py:1037} INFO - Dependencies all met for <TaskInstance: my_project.sample-task manual__2022-04-07T13:35:13.176577+00:00 [queued]>
[2022-04-07 13:35:15,021] {taskinstance.py:1243} INFO - 
--------------------------------------------------------------------------------
[2022-04-07 13:35:15,021] {taskinstance.py:1244} INFO - Starting attempt 1 of 1
[2022-04-07 13:35:15,021] {taskinstance.py:1245} INFO - 
--------------------------------------------------------------------------------
[2022-04-07 13:35:15,028] {taskinstance.py:1264} INFO - Executing <Task(HelloOperator): sample-task> on 2022-04-07 13:35:13.176577+00:00
[2022-04-07 13:35:15,032] {standard_task_runner.py:52} INFO - Started process 970 to run task
[2022-04-07 13:35:15,034] {standard_task_runner.py:76} INFO - Running: ['***', 'tasks', 'run', 'my_project', 'sample-task', 'manual__2022-04-07T13:35:13.176577+00:00', '--job-id', '75', '--raw', '--subdir', 'DAGS_FOLDER/my_project.py', '--cfg-path', '/tmp/tmpe3qkzzpo', '--error-file', '/tmp/tmpn2l6xjlm']
[2022-04-07 13:35:15,035] {standard_task_runner.py:77} INFO - Job 75: Subtask sample-task
[2022-04-07 13:35:15,080] {logging_mixin.py:109} INFO - Running <TaskInstance: my_project.sample-task manual__2022-04-07T13:35:13.176577+00:00 [running]> on host d73239f69a26
[2022-04-07 13:35:15,245] {taskinstance.py:1431} INFO - Exporting the following env vars:
AIRFLOW_CTX_DAG_OWNER=***
AIRFLOW_CTX_DAG_ID=my_project
AIRFLOW_CTX_TASK_ID=sample-task
AIRFLOW_CTX_EXECUTION_DATE=2022-04-07T13:35:13.176577+00:00
AIRFLOW_CTX_DAG_RUN_ID=manual__2022-04-07T13:35:13.176577+00:00
[2022-04-07 13:35:15,247] {logging_mixin.py:109} INFO - Hello foo_bar
[2022-04-07 13:35:15,288] {taskinstance.py:1282} INFO - Marking task as SUCCESS. dag_id=my_project, task_id=sample-task, execution_date=20220407T133513, start_date=20220407T133515, end_date=20220407T133515
[2022-04-07 13:35:15,326] {local_task_job.py:154} INFO - Task exited with return code 0
[2022-04-07 13:35:15,359] {local_task_job.py:264} INFO - 0 downstream tasks scheduled from follow-on schedule check
