[2022-04-19 13:56:49,474] {taskinstance.py:1037} INFO - Dependencies all met for <TaskInstance: hook_dag.branching_xml manual__2022-04-19T13:56:40.097321+00:00 [queued]>
[2022-04-19 13:56:49,483] {taskinstance.py:1037} INFO - Dependencies all met for <TaskInstance: hook_dag.branching_xml manual__2022-04-19T13:56:40.097321+00:00 [queued]>
[2022-04-19 13:56:49,483] {taskinstance.py:1243} INFO - 
--------------------------------------------------------------------------------
[2022-04-19 13:56:49,483] {taskinstance.py:1244} INFO - Starting attempt 1 of 2
[2022-04-19 13:56:49,483] {taskinstance.py:1245} INFO - 
--------------------------------------------------------------------------------
[2022-04-19 13:56:49,492] {taskinstance.py:1264} INFO - Executing <Task(BranchPythonOperator): branching_xml> on 2022-04-19 13:56:40.097321+00:00
[2022-04-19 13:56:49,497] {standard_task_runner.py:52} INFO - Started process 15313 to run task
[2022-04-19 13:56:49,500] {standard_task_runner.py:76} INFO - Running: ['***', 'tasks', 'run', 'hook_dag', 'branching_xml', 'manual__2022-04-19T13:56:40.097321+00:00', '--job-id', '437', '--raw', '--subdir', 'DAGS_FOLDER/hook_dag.py', '--cfg-path', '/tmp/tmpfylbxn9_', '--error-file', '/tmp/tmprb12kkj_']
[2022-04-19 13:56:49,501] {standard_task_runner.py:77} INFO - Job 437: Subtask branching_xml
[2022-04-19 13:56:49,574] {logging_mixin.py:109} INFO - Running <TaskInstance: hook_dag.branching_xml manual__2022-04-19T13:56:40.097321+00:00 [running]> on host 22e04adb6bfa
[2022-04-19 13:56:49,634] {taskinstance.py:1431} INFO - Exporting the following env vars:
AIRFLOW_CTX_DAG_OWNER=***
AIRFLOW_CTX_DAG_ID=hook_dag
AIRFLOW_CTX_TASK_ID=branching_xml
AIRFLOW_CTX_EXECUTION_DATE=2022-04-19T13:56:40.097321+00:00
AIRFLOW_CTX_DAG_RUN_ID=manual__2022-04-19T13:56:40.097321+00:00
[2022-04-19 13:56:49,651] {python.py:175} INFO - Done. Returned value was: transfer_xml
[2022-04-19 13:56:49,651] {skipmixin.py:140} INFO - Following branch transfer_xml
[2022-04-19 13:56:49,651] {skipmixin.py:171} INFO - Skipping tasks ['log_end_no_data_1']
[2022-04-19 13:56:49,698] {taskinstance.py:1282} INFO - Marking task as SUCCESS. dag_id=hook_dag, task_id=branching_xml, execution_date=20220419T135640, start_date=20220419T135649, end_date=20220419T135649
[2022-04-19 13:56:49,713] {local_task_job.py:154} INFO - Task exited with return code 0
[2022-04-19 13:56:49,740] {local_task_job.py:264} INFO - 1 downstream tasks scheduled from follow-on schedule check
