[2022-04-21 21:31:40,950] {taskinstance.py:1037} INFO - Dependencies all met for <TaskInstance: cso_2295_ipo_2_cso.py.sleep manual__2022-04-21T21:31:39.420323+00:00 [queued]>
[2022-04-21 21:31:40,960] {taskinstance.py:1037} INFO - Dependencies all met for <TaskInstance: cso_2295_ipo_2_cso.py.sleep manual__2022-04-21T21:31:39.420323+00:00 [queued]>
[2022-04-21 21:31:40,960] {taskinstance.py:1243} INFO - 
--------------------------------------------------------------------------------
[2022-04-21 21:31:40,960] {taskinstance.py:1244} INFO - Starting attempt 1 of 1
[2022-04-21 21:31:40,960] {taskinstance.py:1245} INFO - 
--------------------------------------------------------------------------------
[2022-04-21 21:31:40,971] {taskinstance.py:1264} INFO - Executing <Task(BashOperator): sleep> on 2022-04-21 21:31:39.420323+00:00
[2022-04-21 21:31:40,975] {standard_task_runner.py:52} INFO - Started process 35585 to run task
[2022-04-21 21:31:40,978] {standard_task_runner.py:76} INFO - Running: ['***', 'tasks', 'run', 'cso_2295_ipo_2_cso.py', 'sleep', 'manual__2022-04-21T21:31:39.420323+00:00', '--job-id', '926', '--raw', '--subdir', 'DAGS_FOLDER/cso_2295/cso_2295_ipo_2_cso.py', '--cfg-path', '/tmp/tmpl2ex9a7i', '--error-file', '/tmp/tmp0f_4boxv']
[2022-04-21 21:31:40,978] {standard_task_runner.py:77} INFO - Job 926: Subtask sleep
[2022-04-21 21:31:41,034] {logging_mixin.py:109} INFO - Running <TaskInstance: cso_2295_ipo_2_cso.py.sleep manual__2022-04-21T21:31:39.420323+00:00 [running]> on host 22e04adb6bfa
[2022-04-21 21:31:41,084] {taskinstance.py:1431} INFO - Exporting the following env vars:
AIRFLOW_CTX_DAG_OWNER=***
AIRFLOW_CTX_DAG_ID=cso_2295_ipo_2_cso.py
AIRFLOW_CTX_TASK_ID=sleep
AIRFLOW_CTX_EXECUTION_DATE=2022-04-21T21:31:39.420323+00:00
AIRFLOW_CTX_DAG_RUN_ID=manual__2022-04-21T21:31:39.420323+00:00
[2022-04-21 21:31:41,085] {subprocess.py:62} INFO - Tmp dir root location: 
 /tmp
[2022-04-21 21:31:41,085] {subprocess.py:74} INFO - Running command: ['bash', '-c', 'sleep 5']
[2022-04-21 21:31:41,095] {subprocess.py:85} INFO - Output:
[2022-04-21 21:31:46,098] {subprocess.py:93} INFO - Command exited with return code 0
[2022-04-21 21:31:46,117] {taskinstance.py:1282} INFO - Marking task as SUCCESS. dag_id=cso_2295_ipo_2_cso.py, task_id=sleep, execution_date=20220421T213139, start_date=20220421T213140, end_date=20220421T213146
[2022-04-21 21:31:46,169] {local_task_job.py:154} INFO - Task exited with return code 0
[2022-04-21 21:31:46,244] {local_task_job.py:264} INFO - 1 downstream tasks scheduled from follow-on schedule check
