[2022-04-19 14:04:10,617] {taskinstance.py:1037} INFO - Dependencies all met for <TaskInstance: hook_dag.log_start_1 manual__2022-04-19T14:04:04.860472+00:00 [queued]>
[2022-04-19 14:04:10,628] {taskinstance.py:1037} INFO - Dependencies all met for <TaskInstance: hook_dag.log_start_1 manual__2022-04-19T14:04:04.860472+00:00 [queued]>
[2022-04-19 14:04:10,628] {taskinstance.py:1243} INFO - 
--------------------------------------------------------------------------------
[2022-04-19 14:04:10,628] {taskinstance.py:1244} INFO - Starting attempt 1 of 2
[2022-04-19 14:04:10,628] {taskinstance.py:1245} INFO - 
--------------------------------------------------------------------------------
[2022-04-19 14:04:10,637] {taskinstance.py:1264} INFO - Executing <Task(PostgresOperator): log_start_1> on 2022-04-19 14:04:04.860472+00:00
[2022-04-19 14:04:10,641] {standard_task_runner.py:52} INFO - Started process 15699 to run task
[2022-04-19 14:04:10,644] {standard_task_runner.py:76} INFO - Running: ['***', 'tasks', 'run', 'hook_dag', 'log_start_1', 'manual__2022-04-19T14:04:04.860472+00:00', '--job-id', '451', '--raw', '--subdir', 'DAGS_FOLDER/hook_dag.py', '--cfg-path', '/tmp/tmprxc3foga', '--error-file', '/tmp/tmpdqfhdo8b']
[2022-04-19 14:04:10,644] {standard_task_runner.py:77} INFO - Job 451: Subtask log_start_1
[2022-04-19 14:04:10,698] {logging_mixin.py:109} INFO - Running <TaskInstance: hook_dag.log_start_1 manual__2022-04-19T14:04:04.860472+00:00 [running]> on host 22e04adb6bfa
[2022-04-19 14:04:10,739] {taskinstance.py:1431} INFO - Exporting the following env vars:
AIRFLOW_CTX_DAG_OWNER=***
AIRFLOW_CTX_DAG_ID=hook_dag
AIRFLOW_CTX_TASK_ID=log_start_1
AIRFLOW_CTX_EXECUTION_DATE=2022-04-19T14:04:04.860472+00:00
AIRFLOW_CTX_DAG_RUN_ID=manual__2022-04-19T14:04:04.860472+00:00
[2022-04-19 14:04:10,744] {base.py:79} INFO - Using connection to: id: postgres_default. Host: postgres, Port: 5432, Schema: ***, Login: ***, Password: ***, extra: {}
[2022-04-19 14:04:10,747] {dbapi.py:225} INFO - Running statement: do $$
declare
	q_stream integer;
begin  
	select 1 into q_stream
	from list_flow_log
	where object_flow = 1 and status = 1;
  
	if q_stream > 0 then
		raise exception 'IP-offline - The stream is blocked';
	else 
  		INSERT INTO list_flow_log (object_flow, t_start, status) VALUES(1, NOW(), 1);
	end if;

end $$, parameters: None
[2022-04-19 14:04:10,763] {taskinstance.py:1282} INFO - Marking task as SUCCESS. dag_id=hook_dag, task_id=log_start_1, execution_date=20220419T140404, start_date=20220419T140410, end_date=20220419T140410
[2022-04-19 14:04:10,815] {local_task_job.py:154} INFO - Task exited with return code 0
[2022-04-19 14:04:10,846] {local_task_job.py:264} INFO - 1 downstream tasks scheduled from follow-on schedule check
