[2022-04-28 15:41:00,391] {taskinstance.py:1037} INFO - Dependencies all met for <TaskInstance: cso_2295_ipo_2_cso_bd.py.check_system_source1 manual__2022-04-28T15:40:54.064765+00:00 [queued]>
[2022-04-28 15:41:00,400] {taskinstance.py:1037} INFO - Dependencies all met for <TaskInstance: cso_2295_ipo_2_cso_bd.py.check_system_source1 manual__2022-04-28T15:40:54.064765+00:00 [queued]>
[2022-04-28 15:41:00,400] {taskinstance.py:1243} INFO - 
--------------------------------------------------------------------------------
[2022-04-28 15:41:00,400] {taskinstance.py:1244} INFO - Starting attempt 1 of 1
[2022-04-28 15:41:00,400] {taskinstance.py:1245} INFO - 
--------------------------------------------------------------------------------
[2022-04-28 15:41:00,408] {taskinstance.py:1264} INFO - Executing <Task(BranchPythonOperator): check_system_source1> on 2022-04-28 15:40:54.064765+00:00
[2022-04-28 15:41:00,413] {standard_task_runner.py:52} INFO - Started process 21238 to run task
[2022-04-28 15:41:00,416] {standard_task_runner.py:76} INFO - Running: ['***', 'tasks', 'run', 'cso_2295_ipo_2_cso_bd.py', 'check_system_source1', 'manual__2022-04-28T15:40:54.064765+00:00', '--job-id', '1359', '--raw', '--subdir', 'DAGS_FOLDER/cso_2295/cso_2295_ipo_2_cso_bd.py', '--cfg-path', '/tmp/tmpxpp2xass', '--error-file', '/tmp/tmpluz76j3x']
[2022-04-28 15:41:00,416] {standard_task_runner.py:77} INFO - Job 1359: Subtask check_system_source1
[2022-04-28 15:41:00,455] {logging_mixin.py:109} INFO - Running <TaskInstance: cso_2295_ipo_2_cso_bd.py.check_system_source1 manual__2022-04-28T15:40:54.064765+00:00 [running]> on host 0936e4a14e76
[2022-04-28 15:41:00,507] {taskinstance.py:1431} INFO - Exporting the following env vars:
AIRFLOW_CTX_DAG_OWNER=***
AIRFLOW_CTX_DAG_ID=cso_2295_ipo_2_cso_bd.py
AIRFLOW_CTX_TASK_ID=check_system_source1
AIRFLOW_CTX_EXECUTION_DATE=2022-04-28T15:40:54.064765+00:00
AIRFLOW_CTX_DAG_RUN_ID=manual__2022-04-28T15:40:54.064765+00:00
[2022-04-28 15:41:00,508] {python.py:175} INFO - Done. Returned value was: check_system_target1
[2022-04-28 15:41:00,508] {skipmixin.py:140} INFO - Following branch check_system_target1
[2022-04-28 15:41:00,508] {skipmixin.py:171} INFO - Skipping tasks ['log_err_access_source1']
[2022-04-28 15:41:00,559] {taskinstance.py:1282} INFO - Marking task as SUCCESS. dag_id=cso_2295_ipo_2_cso_bd.py, task_id=check_system_source1, execution_date=20220428T154054, start_date=20220428T154100, end_date=20220428T154100
[2022-04-28 15:41:00,590] {local_task_job.py:154} INFO - Task exited with return code 0
[2022-04-28 15:41:00,630] {local_task_job.py:264} INFO - 1 downstream tasks scheduled from follow-on schedule check
