[2022-04-20 15:18:04,705] {taskinstance.py:1037} INFO - Dependencies all met for <TaskInstance: hook_dag.getid_1 scheduled__2022-04-20T14:25:14+00:00 [queued]>
[2022-04-20 15:18:04,727] {taskinstance.py:1037} INFO - Dependencies all met for <TaskInstance: hook_dag.getid_1 scheduled__2022-04-20T14:25:14+00:00 [queued]>
[2022-04-20 15:18:04,727] {taskinstance.py:1243} INFO - 
--------------------------------------------------------------------------------
[2022-04-20 15:18:04,728] {taskinstance.py:1244} INFO - Starting attempt 1 of 2
[2022-04-20 15:18:04,728] {taskinstance.py:1245} INFO - 
--------------------------------------------------------------------------------
[2022-04-20 15:18:04,781] {taskinstance.py:1264} INFO - Executing <Task(PythonOperator): getid_1> on 2022-04-20 14:25:14+00:00
[2022-04-20 15:18:04,805] {standard_task_runner.py:52} INFO - Started process 21450 to run task
[2022-04-20 15:18:04,836] {standard_task_runner.py:76} INFO - Running: ['***', 'tasks', 'run', 'hook_dag', 'getid_1', 'scheduled__2022-04-20T14:25:14+00:00', '--job-id', '670', '--raw', '--subdir', 'DAGS_FOLDER/hook_dag.py', '--cfg-path', '/tmp/tmp8crk0x5n', '--error-file', '/tmp/tmpcipiqaq6']
[2022-04-20 15:18:04,837] {standard_task_runner.py:77} INFO - Job 670: Subtask getid_1
[2022-04-20 15:18:05,052] {logging_mixin.py:109} INFO - Running <TaskInstance: hook_dag.getid_1 scheduled__2022-04-20T14:25:14+00:00 [running]> on host 22e04adb6bfa
[2022-04-20 15:18:05,344] {taskinstance.py:1431} INFO - Exporting the following env vars:
AIRFLOW_CTX_DAG_OWNER=***
AIRFLOW_CTX_DAG_ID=hook_dag
AIRFLOW_CTX_TASK_ID=getid_1
AIRFLOW_CTX_EXECUTION_DATE=2022-04-20T14:25:14+00:00
AIRFLOW_CTX_DAG_RUN_ID=scheduled__2022-04-20T14:25:14+00:00
[2022-04-20 15:18:05,368] {base.py:79} INFO - Using connection to: id: postgres_default. Host: postgres, Port: 5432, Schema: ***, Login: ***, Password: ***, extra: {}
[2022-04-20 15:18:05,390] {python.py:175} INFO - Done. Returned value was: None
[2022-04-20 15:18:05,418] {taskinstance.py:1282} INFO - Marking task as SUCCESS. dag_id=hook_dag, task_id=getid_1, execution_date=20220420T142514, start_date=20220420T151804, end_date=20220420T151805
[2022-04-20 15:18:05,495] {local_task_job.py:154} INFO - Task exited with return code 0
[2022-04-20 15:18:05,576] {local_task_job.py:264} INFO - 1 downstream tasks scheduled from follow-on schedule check
