[2022-04-19 11:56:40,752] {taskinstance.py:1037} INFO - Dependencies all met for <TaskInstance: hook_dag.log_end_no_data manual__2022-04-19T11:56:32.193968+00:00 [queued]>
[2022-04-19 11:56:40,761] {taskinstance.py:1037} INFO - Dependencies all met for <TaskInstance: hook_dag.log_end_no_data manual__2022-04-19T11:56:32.193968+00:00 [queued]>
[2022-04-19 11:56:40,762] {taskinstance.py:1243} INFO - 
--------------------------------------------------------------------------------
[2022-04-19 11:56:40,762] {taskinstance.py:1244} INFO - Starting attempt 1 of 2
[2022-04-19 11:56:40,762] {taskinstance.py:1245} INFO - 
--------------------------------------------------------------------------------
[2022-04-19 11:56:40,770] {taskinstance.py:1264} INFO - Executing <Task(PostgresOperator): log_end_no_data> on 2022-04-19 11:56:32.193968+00:00
[2022-04-19 11:56:40,775] {standard_task_runner.py:52} INFO - Started process 9452 to run task
[2022-04-19 11:56:40,778] {standard_task_runner.py:76} INFO - Running: ['***', 'tasks', 'run', 'hook_dag', 'log_end_no_data', 'manual__2022-04-19T11:56:32.193968+00:00', '--job-id', '350', '--raw', '--subdir', 'DAGS_FOLDER/hook_dag.py', '--cfg-path', '/tmp/tmpphohlp0z', '--error-file', '/tmp/tmp2lku33ui']
[2022-04-19 11:56:40,779] {standard_task_runner.py:77} INFO - Job 350: Subtask log_end_no_data
[2022-04-19 11:56:40,823] {logging_mixin.py:109} INFO - Running <TaskInstance: hook_dag.log_end_no_data manual__2022-04-19T11:56:32.193968+00:00 [running]> on host 22e04adb6bfa
[2022-04-19 11:56:40,874] {taskinstance.py:1431} INFO - Exporting the following env vars:
AIRFLOW_CTX_DAG_OWNER=***
AIRFLOW_CTX_DAG_ID=hook_dag
AIRFLOW_CTX_TASK_ID=log_end_no_data
AIRFLOW_CTX_EXECUTION_DATE=2022-04-19T11:56:32.193968+00:00
AIRFLOW_CTX_DAG_RUN_ID=manual__2022-04-19T11:56:32.193968+00:00
[2022-04-19 11:56:40,880] {base.py:79} INFO - Using connection to: id: postgres_default. Host: postgres, Port: 5432, Schema: ***, Login: ***, Password: ***, extra: {}
[2022-04-19 11:56:40,883] {dbapi.py:225} INFO - Running statement: UPDATE list_flow_log
SET q_source=null, q_target=null, t_end=NOW(), status=2, optional_key=null, comment = 'not_new_data'
where id = 9;
, parameters: None
[2022-04-19 11:56:40,884] {dbapi.py:233} INFO - Rows affected: 1
[2022-04-19 11:56:40,893] {taskinstance.py:1282} INFO - Marking task as SUCCESS. dag_id=hook_dag, task_id=log_end_no_data, execution_date=20220419T115632, start_date=20220419T115640, end_date=20220419T115640
[2022-04-19 11:56:40,909] {local_task_job.py:154} INFO - Task exited with return code 0
[2022-04-19 11:56:40,930] {local_task_job.py:264} INFO - 0 downstream tasks scheduled from follow-on schedule check
