[2022-04-29 14:18:48,138] {taskinstance.py:1037} INFO - Dependencies all met for <TaskInstance: cso_2295_ipo_2_cso_bd.py.check_system_target1 manual__2022-04-29T14:18:33.477771+00:00 [queued]>
[2022-04-29 14:18:48,147] {taskinstance.py:1037} INFO - Dependencies all met for <TaskInstance: cso_2295_ipo_2_cso_bd.py.check_system_target1 manual__2022-04-29T14:18:33.477771+00:00 [queued]>
[2022-04-29 14:18:48,147] {taskinstance.py:1243} INFO - 
--------------------------------------------------------------------------------
[2022-04-29 14:18:48,147] {taskinstance.py:1244} INFO - Starting attempt 1 of 1
[2022-04-29 14:18:48,147] {taskinstance.py:1245} INFO - 
--------------------------------------------------------------------------------
[2022-04-29 14:18:48,155] {taskinstance.py:1264} INFO - Executing <Task(BranchPythonOperator): check_system_target1> on 2022-04-29 14:18:33.477771+00:00
[2022-04-29 14:18:48,159] {standard_task_runner.py:52} INFO - Started process 177 to run task
[2022-04-29 14:18:48,162] {standard_task_runner.py:76} INFO - Running: ['***', 'tasks', 'run', 'cso_2295_ipo_2_cso_bd.py', 'check_system_target1', 'manual__2022-04-29T14:18:33.477771+00:00', '--job-id', '1441', '--raw', '--subdir', 'DAGS_FOLDER/cso_2295/cso_2295_ipo_2_cso_bd.py', '--cfg-path', '/tmp/tmpk6x47z72', '--error-file', '/tmp/tmp54jc3o8e']
[2022-04-29 14:18:48,162] {standard_task_runner.py:77} INFO - Job 1441: Subtask check_system_target1
[2022-04-29 14:18:48,198] {logging_mixin.py:109} INFO - Running <TaskInstance: cso_2295_ipo_2_cso_bd.py.check_system_target1 manual__2022-04-29T14:18:33.477771+00:00 [running]> on host 0936e4a14e76
[2022-04-29 14:18:48,236] {taskinstance.py:1431} INFO - Exporting the following env vars:
AIRFLOW_CTX_DAG_OWNER=***
AIRFLOW_CTX_DAG_ID=cso_2295_ipo_2_cso_bd.py
AIRFLOW_CTX_TASK_ID=check_system_target1
AIRFLOW_CTX_EXECUTION_DATE=2022-04-29T14:18:33.477771+00:00
AIRFLOW_CTX_DAG_RUN_ID=manual__2022-04-29T14:18:33.477771+00:00
[2022-04-29 14:18:48,236] {python.py:175} INFO - Done. Returned value was: transfer_cso_org
[2022-04-29 14:18:48,236] {skipmixin.py:140} INFO - Following branch transfer_cso_org
[2022-04-29 14:18:48,236] {skipmixin.py:171} INFO - Skipping tasks ['log_err_access_target1']
[2022-04-29 14:18:48,268] {taskinstance.py:1282} INFO - Marking task as SUCCESS. dag_id=cso_2295_ipo_2_cso_bd.py, task_id=check_system_target1, execution_date=20220429T141833, start_date=20220429T141848, end_date=20220429T141848
[2022-04-29 14:18:48,294] {local_task_job.py:154} INFO - Task exited with return code 0
[2022-04-29 14:18:48,369] {local_task_job.py:264} INFO - 1 downstream tasks scheduled from follow-on schedule check
