[2022-04-20 15:39:09,198] {taskinstance.py:1037} INFO - Dependencies all met for <TaskInstance: example_short_circuit_operator.short_circuit scheduled__2022-04-19T15:39:07.173108+00:00 [queued]>
[2022-04-20 15:39:09,209] {taskinstance.py:1037} INFO - Dependencies all met for <TaskInstance: example_short_circuit_operator.short_circuit scheduled__2022-04-19T15:39:07.173108+00:00 [queued]>
[2022-04-20 15:39:09,209] {taskinstance.py:1243} INFO - 
--------------------------------------------------------------------------------
[2022-04-20 15:39:09,209] {taskinstance.py:1244} INFO - Starting attempt 1 of 1
[2022-04-20 15:39:09,209] {taskinstance.py:1245} INFO - 
--------------------------------------------------------------------------------
[2022-04-20 15:39:09,218] {taskinstance.py:1264} INFO - Executing <Task(ShortCircuitOperator): short_circuit> on 2022-04-19 15:39:07.173108+00:00
[2022-04-20 15:39:09,223] {standard_task_runner.py:52} INFO - Started process 22801 to run task
[2022-04-20 15:39:09,225] {standard_task_runner.py:76} INFO - Running: ['***', 'tasks', 'run', 'example_short_circuit_operator', 'short_circuit', 'scheduled__2022-04-19T15:39:07.173108+00:00', '--job-id', '774', '--raw', '--subdir', 'DAGS_FOLDER/example_short_circuit.py', '--cfg-path', '/tmp/tmpeo4ud41q', '--error-file', '/tmp/tmpwyc2r67m']
[2022-04-20 15:39:09,226] {standard_task_runner.py:77} INFO - Job 774: Subtask short_circuit
[2022-04-20 15:39:09,269] {logging_mixin.py:109} INFO - Running <TaskInstance: example_short_circuit_operator.short_circuit scheduled__2022-04-19T15:39:07.173108+00:00 [running]> on host 22e04adb6bfa
[2022-04-20 15:39:09,324] {taskinstance.py:1431} INFO - Exporting the following env vars:
AIRFLOW_CTX_DAG_OWNER=***
AIRFLOW_CTX_DAG_ID=example_short_circuit_operator
AIRFLOW_CTX_TASK_ID=short_circuit
AIRFLOW_CTX_EXECUTION_DATE=2022-04-19T15:39:07.173108+00:00
AIRFLOW_CTX_DAG_RUN_ID=scheduled__2022-04-19T15:39:07.173108+00:00
[2022-04-20 15:39:09,324] {python.py:175} INFO - Done. Returned value was: False
[2022-04-20 15:39:09,325] {python.py:239} INFO - Condition result is False
[2022-04-20 15:39:09,325] {python.py:245} INFO - Skipping downstream tasks...
[2022-04-20 15:39:09,347] {python.py:253} INFO - Done.
[2022-04-20 15:39:09,362] {taskinstance.py:1282} INFO - Marking task as SUCCESS. dag_id=example_short_circuit_operator, task_id=short_circuit, execution_date=20220419T153907, start_date=20220420T153909, end_date=20220420T153909
[2022-04-20 15:39:09,402] {local_task_job.py:154} INFO - Task exited with return code 0
[2022-04-20 15:39:09,425] {local_task_job.py:264} INFO - 0 downstream tasks scheduled from follow-on schedule check
