[2022-04-25 08:41:23,191] {taskinstance.py:1037} INFO - Dependencies all met for <TaskInstance: cso_2295_ipo_2_cso_xls.py.check_system_source1 manual__2022-04-25T08:41:17.138194+00:00 [queued]>
[2022-04-25 08:41:23,202] {taskinstance.py:1037} INFO - Dependencies all met for <TaskInstance: cso_2295_ipo_2_cso_xls.py.check_system_source1 manual__2022-04-25T08:41:17.138194+00:00 [queued]>
[2022-04-25 08:41:23,202] {taskinstance.py:1243} INFO - 
--------------------------------------------------------------------------------
[2022-04-25 08:41:23,202] {taskinstance.py:1244} INFO - Starting attempt 1 of 1
[2022-04-25 08:41:23,202] {taskinstance.py:1245} INFO - 
--------------------------------------------------------------------------------
[2022-04-25 08:41:23,210] {taskinstance.py:1264} INFO - Executing <Task(BranchPythonOperator): check_system_source1> on 2022-04-25 08:41:17.138194+00:00
[2022-04-25 08:41:23,214] {standard_task_runner.py:52} INFO - Started process 2136 to run task
[2022-04-25 08:41:23,217] {standard_task_runner.py:76} INFO - Running: ['***', 'tasks', 'run', 'cso_2295_ipo_2_cso_xls.py', 'check_system_source1', 'manual__2022-04-25T08:41:17.138194+00:00', '--job-id', '1141', '--raw', '--subdir', 'DAGS_FOLDER/cso_2295/cso_2295_ipo_2_cso_xls.py', '--cfg-path', '/tmp/tmpwyuoezjz', '--error-file', '/tmp/tmpwz_6dugs']
[2022-04-25 08:41:23,218] {standard_task_runner.py:77} INFO - Job 1141: Subtask check_system_source1
[2022-04-25 08:41:23,265] {logging_mixin.py:109} INFO - Running <TaskInstance: cso_2295_ipo_2_cso_xls.py.check_system_source1 manual__2022-04-25T08:41:17.138194+00:00 [running]> on host 22e04adb6bfa
[2022-04-25 08:41:23,303] {taskinstance.py:1431} INFO - Exporting the following env vars:
AIRFLOW_CTX_DAG_OWNER=***
AIRFLOW_CTX_DAG_ID=cso_2295_ipo_2_cso_xls.py
AIRFLOW_CTX_TASK_ID=check_system_source1
AIRFLOW_CTX_EXECUTION_DATE=2022-04-25T08:41:17.138194+00:00
AIRFLOW_CTX_DAG_RUN_ID=manual__2022-04-25T08:41:17.138194+00:00
[2022-04-25 08:41:23,303] {python.py:175} INFO - Done. Returned value was: check_system_target1
[2022-04-25 08:41:23,303] {skipmixin.py:140} INFO - Following branch check_system_target1
[2022-04-25 08:41:23,303] {skipmixin.py:171} INFO - Skipping tasks ['log_err_access_source1']
[2022-04-25 08:41:23,333] {taskinstance.py:1282} INFO - Marking task as SUCCESS. dag_id=cso_2295_ipo_2_cso_xls.py, task_id=check_system_source1, execution_date=20220425T084117, start_date=20220425T084123, end_date=20220425T084123
[2022-04-25 08:41:23,349] {local_task_job.py:154} INFO - Task exited with return code 0
[2022-04-25 08:41:23,379] {local_task_job.py:264} INFO - 1 downstream tasks scheduled from follow-on schedule check
