[2022-04-19 09:54:51,412] {taskinstance.py:1037} INFO - Dependencies all met for <TaskInstance: hook_dag.branching manual__2022-04-19T09:52:55.452859+00:00 [queued]>
[2022-04-19 09:54:51,427] {taskinstance.py:1037} INFO - Dependencies all met for <TaskInstance: hook_dag.branching manual__2022-04-19T09:52:55.452859+00:00 [queued]>
[2022-04-19 09:54:51,427] {taskinstance.py:1243} INFO - 
--------------------------------------------------------------------------------
[2022-04-19 09:54:51,427] {taskinstance.py:1244} INFO - Starting attempt 1 of 2
[2022-04-19 09:54:51,427] {taskinstance.py:1245} INFO - 
--------------------------------------------------------------------------------
[2022-04-19 09:54:51,449] {taskinstance.py:1264} INFO - Executing <Task(BranchPythonOperator): branching> on 2022-04-19 09:52:55.452859+00:00
[2022-04-19 09:54:51,467] {standard_task_runner.py:52} INFO - Started process 3180 to run task
[2022-04-19 09:54:51,469] {standard_task_runner.py:76} INFO - Running: ['***', 'tasks', 'run', 'hook_dag', 'branching', 'manual__2022-04-19T09:52:55.452859+00:00', '--job-id', '217', '--raw', '--subdir', 'DAGS_FOLDER/hook_dag.py', '--cfg-path', '/tmp/tmpiu1g0d1b', '--error-file', '/tmp/tmpt7fpbkjx']
[2022-04-19 09:54:51,470] {standard_task_runner.py:77} INFO - Job 217: Subtask branching
[2022-04-19 09:54:51,540] {logging_mixin.py:109} INFO - Running <TaskInstance: hook_dag.branching manual__2022-04-19T09:52:55.452859+00:00 [running]> on host 22e04adb6bfa
[2022-04-19 09:54:51,653] {taskinstance.py:1431} INFO - Exporting the following env vars:
AIRFLOW_CTX_DAG_OWNER=***
AIRFLOW_CTX_DAG_ID=hook_dag
AIRFLOW_CTX_TASK_ID=branching
AIRFLOW_CTX_EXECUTION_DATE=2022-04-19T09:52:55.452859+00:00
AIRFLOW_CTX_DAG_RUN_ID=manual__2022-04-19T09:52:55.452859+00:00
[2022-04-19 09:54:51,654] {logging_mixin.py:109} INFO - Контекст:
[2022-04-19 09:54:51,654] {logging_mixin.py:109} INFO - {'conf': <***.configuration.AirflowConfigParser object at 0x7f15237be290>, 'dag': <DAG: hook_dag>, 'dag_run': <DagRun hook_dag @ 2022-04-19 09:52:55.452859+00:00: manual__2022-04-19T09:52:55.452859+00:00, externally triggered: True>, 'data_interval_end': DateTime(2022, 4, 19, 9, 52, 55, 452859, tzinfo=Timezone('UTC')), 'data_interval_start': DateTime(2022, 4, 19, 9, 52, 55, 452859, tzinfo=Timezone('UTC')), 'ds': '2022-04-19', 'ds_nodash': '20220419', 'execution_date': <Proxy at 0x7f15064c8050 with factory functools.partial(<function lazy_mapping_from_context.<locals>._deprecated_proxy_factory at 0x7f15064c6200>, 'execution_date', DateTime(2022, 4, 19, 9, 52, 55, 452859, tzinfo=Timezone('UTC')))>, 'inlets': [], 'logical_date': DateTime(2022, 4, 19, 9, 52, 55, 452859, tzinfo=Timezone('UTC')), 'macros': <module '***.macros' from '/home/***/.local/lib/python3.7/site-packages/***/macros/__init__.py'>, 'next_ds': <Proxy at 0x7f15064c1d20 with factory functools.partial(<function lazy_mapping_from_context.<locals>._deprecated_proxy_factory at 0x7f15064c6200>, 'next_ds', '2022-04-19')>, 'next_ds_nodash': <Proxy at 0x7f150649aa50 with factory functools.partial(<function lazy_mapping_from_context.<locals>._deprecated_proxy_factory at 0x7f15064c6200>, 'next_ds_nodash', '20220419')>, 'next_execution_date': <Proxy at 0x7f150649ac80 with factory functools.partial(<function lazy_mapping_from_context.<locals>._deprecated_proxy_factory at 0x7f15064c6200>, 'next_execution_date', DateTime(2022, 4, 19, 9, 52, 55, 452859, tzinfo=Timezone('UTC')))>, 'outlets': [], 'params': {}, 'prev_data_interval_start_success': DateTime(2022, 4, 13, 14, 8, 3, 310648, tzinfo=Timezone('UTC')), 'prev_data_interval_end_success': DateTime(2022, 4, 13, 14, 8, 3, 310648, tzinfo=Timezone('UTC')), 'prev_ds': <Proxy at 0x7f150649a320 with factory functools.partial(<function lazy_mapping_from_context.<locals>._deprecated_proxy_factory at 0x7f15064c6200>, 'prev_ds', '2022-04-19')>, 'prev_ds_nodash': <Proxy at 0x7f15064b9370 with factory functools.partial(<function lazy_mapping_from_context.<locals>._deprecated_proxy_factory at 0x7f15064c6200>, 'prev_ds_nodash', '20220419')>, 'prev_execution_date': <Proxy at 0x7f15064b9780 with factory functools.partial(<function lazy_mapping_from_context.<locals>._deprecated_proxy_factory at 0x7f15064c6200>, 'prev_execution_date', DateTime(2022, 4, 19, 9, 52, 55, 452859, tzinfo=Timezone('UTC')))>, 'prev_execution_date_success': <Proxy at 0x7f15064b91e0 with factory functools.partial(<function lazy_mapping_from_context.<locals>._deprecated_proxy_factory at 0x7f15064c6200>, 'prev_execution_date_success', None)>, 'prev_start_date_success': DateTime(2022, 4, 13, 14, 8, 3, 683189, tzinfo=Timezone('UTC')), 'run_id': 'manual__2022-04-19T09:52:55.452859+00:00', 'task': <Task(BranchPythonOperator): branching>, 'task_instance': <TaskInstance: hook_dag.branching manual__2022-04-19T09:52:55.452859+00:00 [running]>, 'task_instance_key_str': 'hook_dag__branching__20220419', 'test_mode': False, 'ti': <TaskInstance: hook_dag.branching manual__2022-04-19T09:52:55.452859+00:00 [running]>, 'tomorrow_ds': <Proxy at 0x7f15064b98c0 with factory functools.partial(<function lazy_mapping_from_context.<locals>._deprecated_proxy_factory at 0x7f15064c6200>, 'tomorrow_ds', '2022-04-20')>, 'tomorrow_ds_nodash': <Proxy at 0x7f15064b9d70 with factory functools.partial(<function lazy_mapping_from_context.<locals>._deprecated_proxy_factory at 0x7f15064c6200>, 'tomorrow_ds_nodash', '20220420')>, 'ts': '2022-04-19T09:52:55.452859+00:00', 'ts_nodash': '20220419T095255', 'ts_nodash_with_tz': '20220419T095255.452859+0000', 'var': {'json': None, 'value': None}, 'conn': None, 'yesterday_ds': <Proxy at 0x7f15064b9320 with factory functools.partial(<function lazy_mapping_from_context.<locals>._deprecated_proxy_factory at 0x7f15064c6200>, 'yesterday_ds', '2022-04-18')>, 'yesterday_ds_nodash': <Proxy at 0x7f15064bdf00 with factory functools.partial(<function lazy_mapping_from_context.<locals>._deprecated_proxy_factory at 0x7f15064c6200>, 'yesterday_ds_nodash', '20220418')>, 'templates_dict': None}
[2022-04-19 09:54:51,654] {python.py:175} INFO - Done. Returned value was: log_end_no_data
[2022-04-19 09:54:51,654] {skipmixin.py:140} INFO - Following branch log_end_no_data
[2022-04-19 09:54:51,654] {skipmixin.py:171} INFO - Skipping tasks ['transfer_suit_pa']
[2022-04-19 09:54:51,749] {taskinstance.py:1282} INFO - Marking task as SUCCESS. dag_id=hook_dag, task_id=branching, execution_date=20220419T095255, start_date=20220419T095451, end_date=20220419T095451
[2022-04-19 09:54:51,781] {local_task_job.py:154} INFO - Task exited with return code 0
[2022-04-19 09:54:51,811] {local_task_job.py:264} INFO - 1 downstream tasks scheduled from follow-on schedule check
