[2022-04-28 19:43:59,808] {taskinstance.py:1037} INFO - Dependencies all met for <TaskInstance: example_short_circuit_operator.short_circuit scheduled__2022-04-27T19:43:55.846512+00:00 [queued]>
[2022-04-28 19:43:59,818] {taskinstance.py:1037} INFO - Dependencies all met for <TaskInstance: example_short_circuit_operator.short_circuit scheduled__2022-04-27T19:43:55.846512+00:00 [queued]>
[2022-04-28 19:43:59,818] {taskinstance.py:1243} INFO - 
--------------------------------------------------------------------------------
[2022-04-28 19:43:59,818] {taskinstance.py:1244} INFO - Starting attempt 1 of 1
[2022-04-28 19:43:59,818] {taskinstance.py:1245} INFO - 
--------------------------------------------------------------------------------
[2022-04-28 19:43:59,840] {taskinstance.py:1264} INFO - Executing <Task(ShortCircuitOperator): short_circuit> on 2022-04-27 19:43:55.846512+00:00
[2022-04-28 19:43:59,844] {standard_task_runner.py:52} INFO - Started process 33076 to run task
[2022-04-28 19:43:59,849] {standard_task_runner.py:76} INFO - Running: ['***', 'tasks', 'run', 'example_short_circuit_operator', 'short_circuit', 'scheduled__2022-04-27T19:43:55.846512+00:00', '--job-id', '1431', '--raw', '--subdir', 'DAGS_FOLDER/example_short_circuit.py', '--cfg-path', '/tmp/tmpnx7d7uto', '--error-file', '/tmp/tmpjp5r2qwy']
[2022-04-28 19:43:59,849] {standard_task_runner.py:77} INFO - Job 1431: Subtask short_circuit
[2022-04-28 19:43:59,906] {logging_mixin.py:109} INFO - Running <TaskInstance: example_short_circuit_operator.short_circuit scheduled__2022-04-27T19:43:55.846512+00:00 [running]> on host 0936e4a14e76
[2022-04-28 19:43:59,961] {taskinstance.py:1431} INFO - Exporting the following env vars:
AIRFLOW_CTX_DAG_OWNER=***
AIRFLOW_CTX_DAG_ID=example_short_circuit_operator
AIRFLOW_CTX_TASK_ID=short_circuit
AIRFLOW_CTX_EXECUTION_DATE=2022-04-27T19:43:55.846512+00:00
AIRFLOW_CTX_DAG_RUN_ID=scheduled__2022-04-27T19:43:55.846512+00:00
[2022-04-28 19:43:59,961] {python.py:175} INFO - Done. Returned value was: False
[2022-04-28 19:43:59,962] {python.py:239} INFO - Condition result is False
[2022-04-28 19:43:59,962] {python.py:245} INFO - Skipping downstream tasks...
[2022-04-28 19:43:59,980] {python.py:253} INFO - Done.
[2022-04-28 19:43:59,990] {taskinstance.py:1282} INFO - Marking task as SUCCESS. dag_id=example_short_circuit_operator, task_id=short_circuit, execution_date=20220427T194355, start_date=20220428T194359, end_date=20220428T194359
[2022-04-28 19:44:00,026] {local_task_job.py:154} INFO - Task exited with return code 0
[2022-04-28 19:44:00,056] {local_task_job.py:264} INFO - 0 downstream tasks scheduled from follow-on schedule check
