[2022-04-19 14:06:21,388] {taskinstance.py:1037} INFO - Dependencies all met for <TaskInstance: hook_dag.branching_xml manual__2022-04-19T14:06:13.257153+00:00 [queued]>
[2022-04-19 14:06:21,396] {taskinstance.py:1037} INFO - Dependencies all met for <TaskInstance: hook_dag.branching_xml manual__2022-04-19T14:06:13.257153+00:00 [queued]>
[2022-04-19 14:06:21,396] {taskinstance.py:1243} INFO - 
--------------------------------------------------------------------------------
[2022-04-19 14:06:21,396] {taskinstance.py:1244} INFO - Starting attempt 1 of 2
[2022-04-19 14:06:21,396] {taskinstance.py:1245} INFO - 
--------------------------------------------------------------------------------
[2022-04-19 14:06:21,404] {taskinstance.py:1264} INFO - Executing <Task(BranchPythonOperator): branching_xml> on 2022-04-19 14:06:13.257153+00:00
[2022-04-19 14:06:21,408] {standard_task_runner.py:52} INFO - Started process 15838 to run task
[2022-04-19 14:06:21,411] {standard_task_runner.py:76} INFO - Running: ['***', 'tasks', 'run', 'hook_dag', 'branching_xml', 'manual__2022-04-19T14:06:13.257153+00:00', '--job-id', '460', '--raw', '--subdir', 'DAGS_FOLDER/hook_dag.py', '--cfg-path', '/tmp/tmpfd7a2p5y', '--error-file', '/tmp/tmpn_enkvg_']
[2022-04-19 14:06:21,412] {standard_task_runner.py:77} INFO - Job 460: Subtask branching_xml
[2022-04-19 14:06:21,463] {logging_mixin.py:109} INFO - Running <TaskInstance: hook_dag.branching_xml manual__2022-04-19T14:06:13.257153+00:00 [running]> on host 22e04adb6bfa
[2022-04-19 14:06:21,507] {taskinstance.py:1431} INFO - Exporting the following env vars:
AIRFLOW_CTX_DAG_OWNER=***
AIRFLOW_CTX_DAG_ID=hook_dag
AIRFLOW_CTX_TASK_ID=branching_xml
AIRFLOW_CTX_EXECUTION_DATE=2022-04-19T14:06:13.257153+00:00
AIRFLOW_CTX_DAG_RUN_ID=manual__2022-04-19T14:06:13.257153+00:00
[2022-04-19 14:06:21,512] {python.py:175} INFO - Done. Returned value was: log_end_no_data_1
[2022-04-19 14:06:21,512] {skipmixin.py:140} INFO - Following branch log_end_no_data_1
[2022-04-19 14:06:21,513] {skipmixin.py:171} INFO - Skipping tasks ['transfer_xml']
[2022-04-19 14:06:21,537] {taskinstance.py:1282} INFO - Marking task as SUCCESS. dag_id=hook_dag, task_id=branching_xml, execution_date=20220419T140613, start_date=20220419T140621, end_date=20220419T140621
[2022-04-19 14:06:21,582] {local_task_job.py:154} INFO - Task exited with return code 0
[2022-04-19 14:06:21,609] {local_task_job.py:264} INFO - 1 downstream tasks scheduled from follow-on schedule check
