[2022-04-19 10:26:22,632] {taskinstance.py:1037} INFO - Dependencies all met for <TaskInstance: hook_dag.getid manual__2022-04-19T10:25:17.448479+00:00 [queued]>
[2022-04-19 10:26:22,639] {taskinstance.py:1037} INFO - Dependencies all met for <TaskInstance: hook_dag.getid manual__2022-04-19T10:25:17.448479+00:00 [queued]>
[2022-04-19 10:26:22,639] {taskinstance.py:1243} INFO - 
--------------------------------------------------------------------------------
[2022-04-19 10:26:22,639] {taskinstance.py:1244} INFO - Starting attempt 2 of 2
[2022-04-19 10:26:22,639] {taskinstance.py:1245} INFO - 
--------------------------------------------------------------------------------
[2022-04-19 10:26:22,648] {taskinstance.py:1264} INFO - Executing <Task(PythonOperator): getid> on 2022-04-19 10:25:17.448479+00:00
[2022-04-19 10:26:22,652] {standard_task_runner.py:52} INFO - Started process 4818 to run task
[2022-04-19 10:26:22,655] {standard_task_runner.py:76} INFO - Running: ['***', 'tasks', 'run', 'hook_dag', 'getid', 'manual__2022-04-19T10:25:17.448479+00:00', '--job-id', '258', '--raw', '--subdir', 'DAGS_FOLDER/hook_dag.py', '--cfg-path', '/tmp/tmpvyrou8p5', '--error-file', '/tmp/tmpydxe3ztp']
[2022-04-19 10:26:22,655] {standard_task_runner.py:77} INFO - Job 258: Subtask getid
[2022-04-19 10:26:22,699] {logging_mixin.py:109} INFO - Running <TaskInstance: hook_dag.getid manual__2022-04-19T10:25:17.448479+00:00 [running]> on host 22e04adb6bfa
[2022-04-19 10:26:22,735] {taskinstance.py:1431} INFO - Exporting the following env vars:
AIRFLOW_CTX_DAG_OWNER=***
AIRFLOW_CTX_DAG_ID=hook_dag
AIRFLOW_CTX_TASK_ID=getid
AIRFLOW_CTX_EXECUTION_DATE=2022-04-19T10:25:17.448479+00:00
AIRFLOW_CTX_DAG_RUN_ID=manual__2022-04-19T10:25:17.448479+00:00
[2022-04-19 10:26:22,740] {base.py:79} INFO - Using connection to: id: postgres_default. Host: postgres, Port: 5432, Schema: ***, Login: ***, Password: ***, extra: {}
[2022-04-19 10:26:22,750] {python.py:175} INFO - Done. Returned value was: None
[2022-04-19 10:26:22,757] {taskinstance.py:1282} INFO - Marking task as SUCCESS. dag_id=hook_dag, task_id=getid, execution_date=20220419T102517, start_date=20220419T102622, end_date=20220419T102622
[2022-04-19 10:26:22,791] {local_task_job.py:154} INFO - Task exited with return code 0
[2022-04-19 10:26:22,891] {local_task_job.py:264} INFO - 1 downstream tasks scheduled from follow-on schedule check
