[2022-04-27 19:44:00,639] {taskinstance.py:1037} INFO - Dependencies all met for <TaskInstance: example_short_circuit_operator.condition_is_True scheduled__2022-04-26T19:43:55.846512+00:00 [queued]>
[2022-04-27 19:44:00,649] {taskinstance.py:1037} INFO - Dependencies all met for <TaskInstance: example_short_circuit_operator.condition_is_True scheduled__2022-04-26T19:43:55.846512+00:00 [queued]>
[2022-04-27 19:44:00,649] {taskinstance.py:1243} INFO - 
--------------------------------------------------------------------------------
[2022-04-27 19:44:00,649] {taskinstance.py:1244} INFO - Starting attempt 1 of 1
[2022-04-27 19:44:00,649] {taskinstance.py:1245} INFO - 
--------------------------------------------------------------------------------
[2022-04-27 19:44:00,661] {taskinstance.py:1264} INFO - Executing <Task(ShortCircuitOperator): condition_is_True> on 2022-04-26 19:43:55.846512+00:00
[2022-04-27 19:44:00,666] {standard_task_runner.py:52} INFO - Started process 14848 to run task
[2022-04-27 19:44:00,676] {standard_task_runner.py:76} INFO - Running: ['***', 'tasks', 'run', 'example_short_circuit_operator', 'condition_is_True', 'scheduled__2022-04-26T19:43:55.846512+00:00', '--job-id', '1305', '--raw', '--subdir', 'DAGS_FOLDER/example_short_circuit.py', '--cfg-path', '/tmp/tmp0a3q5pm7', '--error-file', '/tmp/tmpewb8tstf']
[2022-04-27 19:44:00,677] {standard_task_runner.py:77} INFO - Job 1305: Subtask condition_is_True
[2022-04-27 19:44:00,724] {logging_mixin.py:109} INFO - Running <TaskInstance: example_short_circuit_operator.condition_is_True scheduled__2022-04-26T19:43:55.846512+00:00 [running]> on host 0936e4a14e76
[2022-04-27 19:44:00,776] {taskinstance.py:1431} INFO - Exporting the following env vars:
AIRFLOW_CTX_DAG_OWNER=***
AIRFLOW_CTX_DAG_ID=example_short_circuit_operator
AIRFLOW_CTX_TASK_ID=condition_is_True
AIRFLOW_CTX_EXECUTION_DATE=2022-04-26T19:43:55.846512+00:00
AIRFLOW_CTX_DAG_RUN_ID=scheduled__2022-04-26T19:43:55.846512+00:00
[2022-04-27 19:44:00,776] {python.py:175} INFO - Done. Returned value was: True
[2022-04-27 19:44:00,777] {python.py:239} INFO - Condition result is True
[2022-04-27 19:44:00,777] {python.py:242} INFO - Proceeding with downstream tasks...
[2022-04-27 19:44:00,788] {taskinstance.py:1282} INFO - Marking task as SUCCESS. dag_id=example_short_circuit_operator, task_id=condition_is_True, execution_date=20220426T194355, start_date=20220427T194400, end_date=20220427T194400
[2022-04-27 19:44:00,840] {local_task_job.py:154} INFO - Task exited with return code 0
[2022-04-27 19:44:00,884] {local_task_job.py:264} INFO - 1 downstream tasks scheduled from follow-on schedule check
