[2022-04-20 15:33:56,319] {taskinstance.py:1037} INFO - Dependencies all met for <TaskInstance: hook_dag.log_sensor_1 scheduled__2022-04-20T15:33:21+00:00 [queued]>
[2022-04-20 15:33:56,329] {taskinstance.py:1037} INFO - Dependencies all met for <TaskInstance: hook_dag.log_sensor_1 scheduled__2022-04-20T15:33:21+00:00 [queued]>
[2022-04-20 15:33:56,330] {taskinstance.py:1243} INFO - 
--------------------------------------------------------------------------------
[2022-04-20 15:33:56,330] {taskinstance.py:1244} INFO - Starting attempt 1 of 2
[2022-04-20 15:33:56,330] {taskinstance.py:1245} INFO - 
--------------------------------------------------------------------------------
[2022-04-20 15:33:56,497] {taskinstance.py:1264} INFO - Executing <Task(SqlSensor): log_sensor_1> on 2022-04-20 15:33:21+00:00
[2022-04-20 15:33:56,547] {standard_task_runner.py:76} INFO - Running: ['***', 'tasks', 'run', 'hook_dag', 'log_sensor_1', 'scheduled__2022-04-20T15:33:21+00:00', '--job-id', '687', '--raw', '--subdir', 'DAGS_FOLDER/hook_dag.py', '--cfg-path', '/tmp/tmpvc2tj92t', '--error-file', '/tmp/tmpz03jn5e5']
[2022-04-20 15:33:56,550] {standard_task_runner.py:77} INFO - Job 687: Subtask log_sensor_1
[2022-04-20 15:33:56,517] {standard_task_runner.py:52} INFO - Started process 22269 to run task
[2022-04-20 15:33:56,633] {logging_mixin.py:109} INFO - Running <TaskInstance: hook_dag.log_sensor_1 scheduled__2022-04-20T15:33:21+00:00 [running]> on host 22e04adb6bfa
[2022-04-20 15:33:57,444] {taskinstance.py:1431} INFO - Exporting the following env vars:
AIRFLOW_CTX_DAG_OWNER=***
AIRFLOW_CTX_DAG_ID=hook_dag
AIRFLOW_CTX_TASK_ID=log_sensor_1
AIRFLOW_CTX_EXECUTION_DATE=2022-04-20T15:33:21+00:00
AIRFLOW_CTX_DAG_RUN_ID=scheduled__2022-04-20T15:33:21+00:00
[2022-04-20 15:33:57,480] {base.py:79} INFO - Using connection to: id: postgres_default. Host: postgres, Port: 5432, Schema: ***, Login: ***, Password: ***, extra: {}
[2022-04-20 15:34:04,923] {sql.py:98} INFO - Poking: select case when q = 'true' then 1 else 0 end as q from  (
	select case when count(id)=0 then 'true' else 'false' end as q
	from list_flow_log
	where object_flow = 1 and status = 1
) t1; (with parameters None)
[2022-04-20 15:34:04,967] {base.py:79} INFO - Using connection to: id: postgres_default. Host: postgres, Port: 5432, Schema: ***, Login: ***, Password: ***, extra: {}
[2022-04-20 15:35:05,060] {base.py:79} INFO - Using connection to: id: postgres_default. Host: postgres, Port: 5432, Schema: ***, Login: ***, Password: ***, extra: {}
[2022-04-20 15:35:05,166] {sql.py:98} INFO - Poking: select case when q = 'true' then 1 else 0 end as q from  (
	select case when count(id)=0 then 'true' else 'false' end as q
	from list_flow_log
	where object_flow = 1 and status = 1
) t1; (with parameters None)
[2022-04-20 15:35:05,172] {base.py:79} INFO - Using connection to: id: postgres_default. Host: postgres, Port: 5432, Schema: ***, Login: ***, Password: ***, extra: {}
[2022-04-20 15:36:05,257] {base.py:79} INFO - Using connection to: id: postgres_default. Host: postgres, Port: 5432, Schema: ***, Login: ***, Password: ***, extra: {}
[2022-04-20 15:36:07,011] {sql.py:98} INFO - Poking: select case when q = 'true' then 1 else 0 end as q from  (
	select case when count(id)=0 then 'true' else 'false' end as q
	from list_flow_log
	where object_flow = 1 and status = 1
) t1; (with parameters None)
[2022-04-20 15:36:07,021] {base.py:79} INFO - Using connection to: id: postgres_default. Host: postgres, Port: 5432, Schema: ***, Login: ***, Password: ***, extra: {}
[2022-04-20 15:36:07,028] {base.py:251} INFO - Success criteria met. Exiting.
[2022-04-20 15:36:07,052] {taskinstance.py:1282} INFO - Marking task as SUCCESS. dag_id=hook_dag, task_id=log_sensor_1, execution_date=20220420T153321, start_date=20220420T153356, end_date=20220420T153607
[2022-04-20 15:36:07,215] {local_task_job.py:154} INFO - Task exited with return code 0
[2022-04-20 15:36:07,564] {local_task_job.py:264} INFO - 1 downstream tasks scheduled from follow-on schedule check
