[2022-04-21 21:05:25,356] {taskinstance.py:1037} INFO - Dependencies all met for <TaskInstance: cso_2295_ipo_2_cso.py.sleep manual__2022-04-21T21:05:23.935679+00:00 [queued]>
[2022-04-21 21:05:25,375] {taskinstance.py:1037} INFO - Dependencies all met for <TaskInstance: cso_2295_ipo_2_cso.py.sleep manual__2022-04-21T21:05:23.935679+00:00 [queued]>
[2022-04-21 21:05:25,376] {taskinstance.py:1243} INFO - 
--------------------------------------------------------------------------------
[2022-04-21 21:05:25,376] {taskinstance.py:1244} INFO - Starting attempt 1 of 1
[2022-04-21 21:05:25,376] {taskinstance.py:1245} INFO - 
--------------------------------------------------------------------------------
[2022-04-21 21:05:25,384] {taskinstance.py:1264} INFO - Executing <Task(BashOperator): sleep> on 2022-04-21 21:05:23.935679+00:00
[2022-04-21 21:05:25,390] {standard_task_runner.py:52} INFO - Started process 34049 to run task
[2022-04-21 21:05:25,392] {standard_task_runner.py:76} INFO - Running: ['***', 'tasks', 'run', 'cso_2295_ipo_2_cso.py', 'sleep', 'manual__2022-04-21T21:05:23.935679+00:00', '--job-id', '827', '--raw', '--subdir', 'DAGS_FOLDER/cso_2295/cso_2295_ipo_2_cso.py', '--cfg-path', '/tmp/tmpfyxuzu6b', '--error-file', '/tmp/tmp_ik0phj5']
[2022-04-21 21:05:25,393] {standard_task_runner.py:77} INFO - Job 827: Subtask sleep
[2022-04-21 21:05:25,463] {logging_mixin.py:109} INFO - Running <TaskInstance: cso_2295_ipo_2_cso.py.sleep manual__2022-04-21T21:05:23.935679+00:00 [running]> on host 22e04adb6bfa
[2022-04-21 21:05:25,513] {taskinstance.py:1431} INFO - Exporting the following env vars:
AIRFLOW_CTX_DAG_OWNER=***
AIRFLOW_CTX_DAG_ID=cso_2295_ipo_2_cso.py
AIRFLOW_CTX_TASK_ID=sleep
AIRFLOW_CTX_EXECUTION_DATE=2022-04-21T21:05:23.935679+00:00
AIRFLOW_CTX_DAG_RUN_ID=manual__2022-04-21T21:05:23.935679+00:00
[2022-04-21 21:05:25,516] {subprocess.py:62} INFO - Tmp dir root location: 
 /tmp
[2022-04-21 21:05:25,517] {subprocess.py:74} INFO - Running command: ['bash', '-c', 'sleep 5']
[2022-04-21 21:05:25,533] {subprocess.py:85} INFO - Output:
[2022-04-21 21:05:30,556] {subprocess.py:93} INFO - Command exited with return code 0
[2022-04-21 21:05:30,644] {taskinstance.py:1282} INFO - Marking task as SUCCESS. dag_id=cso_2295_ipo_2_cso.py, task_id=sleep, execution_date=20220421T210523, start_date=20220421T210525, end_date=20220421T210530
[2022-04-21 21:05:30,667] {local_task_job.py:154} INFO - Task exited with return code 0
[2022-04-21 21:05:30,718] {local_task_job.py:264} INFO - 1 downstream tasks scheduled from follow-on schedule check
