[2022-04-25 08:47:06,717] {taskinstance.py:1037} INFO - Dependencies all met for <TaskInstance: cso_2295_ipo_2_cso_xls.py.transfer_cso_ssp manual__2022-04-25T08:46:57.683080+00:00 [queued]>
[2022-04-25 08:47:06,726] {taskinstance.py:1037} INFO - Dependencies all met for <TaskInstance: cso_2295_ipo_2_cso_xls.py.transfer_cso_ssp manual__2022-04-25T08:46:57.683080+00:00 [queued]>
[2022-04-25 08:47:06,726] {taskinstance.py:1243} INFO - 
--------------------------------------------------------------------------------
[2022-04-25 08:47:06,726] {taskinstance.py:1244} INFO - Starting attempt 1 of 1
[2022-04-25 08:47:06,726] {taskinstance.py:1245} INFO - 
--------------------------------------------------------------------------------
[2022-04-25 08:47:06,733] {taskinstance.py:1264} INFO - Executing <Task(Postgres2File): transfer_cso_ssp> on 2022-04-25 08:46:57.683080+00:00
[2022-04-25 08:47:06,737] {standard_task_runner.py:52} INFO - Started process 2571 to run task
[2022-04-25 08:47:06,739] {standard_task_runner.py:76} INFO - Running: ['***', 'tasks', 'run', 'cso_2295_ipo_2_cso_xls.py', 'transfer_cso_ssp', 'manual__2022-04-25T08:46:57.683080+00:00', '--job-id', '1193', '--raw', '--subdir', 'DAGS_FOLDER/cso_2295/cso_2295_ipo_2_cso_xls.py', '--cfg-path', '/tmp/tmpgd4sre_d', '--error-file', '/tmp/tmpkh28l1he']
[2022-04-25 08:47:06,740] {standard_task_runner.py:77} INFO - Job 1193: Subtask transfer_cso_ssp
[2022-04-25 08:47:06,777] {logging_mixin.py:109} INFO - Running <TaskInstance: cso_2295_ipo_2_cso_xls.py.transfer_cso_ssp manual__2022-04-25T08:46:57.683080+00:00 [running]> on host 22e04adb6bfa
[2022-04-25 08:47:06,815] {taskinstance.py:1431} INFO - Exporting the following env vars:
AIRFLOW_CTX_DAG_OWNER=***
AIRFLOW_CTX_DAG_ID=cso_2295_ipo_2_cso_xls.py
AIRFLOW_CTX_TASK_ID=transfer_cso_ssp
AIRFLOW_CTX_EXECUTION_DATE=2022-04-25T08:46:57.683080+00:00
AIRFLOW_CTX_DAG_RUN_ID=manual__2022-04-25T08:46:57.683080+00:00
[2022-04-25 08:47:06,820] {base.py:79} INFO - Using connection to: id: postgres_default. Host: postgres, Port: 5432, Schema: ***, Login: ***, Password: ***, extra: {}
[2022-04-25 08:47:06,845] {taskinstance.py:1282} INFO - Marking task as SUCCESS. dag_id=cso_2295_ipo_2_cso_xls.py, task_id=transfer_cso_ssp, execution_date=20220425T084657, start_date=20220425T084706, end_date=20220425T084706
[2022-04-25 08:47:06,871] {local_task_job.py:154} INFO - Task exited with return code 0
[2022-04-25 08:47:06,908] {base.py:79} INFO - Using connection to: id: postgres_default. Host: postgres, Port: 5432, Schema: ***, Login: ***, Password: ***, extra: {}
[2022-04-25 08:47:06,912] {dbapi.py:225} INFO - Running statement: UPDATE list_flow_log
                        SET q_source=2,
                        q_target=2, t_end=NOW(), status=2,
                        optional_key='transfer_cso_ssp'
                        where id = 109;, parameters: None
[2022-04-25 08:47:06,913] {dbapi.py:233} INFO - Rows affected: 1
[2022-04-25 08:47:06,934] {local_task_job.py:264} INFO - 0 downstream tasks scheduled from follow-on schedule check
