[2022-04-19 10:22:56,563] {taskinstance.py:1037} INFO - Dependencies all met for <TaskInstance: hook_dag.getid manual__2022-04-19T10:22:52.742699+00:00 [queued]>
[2022-04-19 10:22:56,572] {taskinstance.py:1037} INFO - Dependencies all met for <TaskInstance: hook_dag.getid manual__2022-04-19T10:22:52.742699+00:00 [queued]>
[2022-04-19 10:22:56,572] {taskinstance.py:1243} INFO - 
--------------------------------------------------------------------------------
[2022-04-19 10:22:56,572] {taskinstance.py:1244} INFO - Starting attempt 1 of 2
[2022-04-19 10:22:56,572] {taskinstance.py:1245} INFO - 
--------------------------------------------------------------------------------
[2022-04-19 10:22:56,580] {taskinstance.py:1264} INFO - Executing <Task(PythonOperator): getid> on 2022-04-19 10:22:52.742699+00:00
[2022-04-19 10:22:56,585] {standard_task_runner.py:52} INFO - Started process 4609 to run task
[2022-04-19 10:22:56,587] {standard_task_runner.py:76} INFO - Running: ['***', 'tasks', 'run', 'hook_dag', 'getid', 'manual__2022-04-19T10:22:52.742699+00:00', '--job-id', '242', '--raw', '--subdir', 'DAGS_FOLDER/hook_dag.py', '--cfg-path', '/tmp/tmp9ke_0eqp', '--error-file', '/tmp/tmp_l_jtehf']
[2022-04-19 10:22:56,588] {standard_task_runner.py:77} INFO - Job 242: Subtask getid
[2022-04-19 10:22:56,631] {logging_mixin.py:109} INFO - Running <TaskInstance: hook_dag.getid manual__2022-04-19T10:22:52.742699+00:00 [running]> on host 22e04adb6bfa
[2022-04-19 10:22:56,669] {taskinstance.py:1431} INFO - Exporting the following env vars:
AIRFLOW_CTX_DAG_OWNER=***
AIRFLOW_CTX_DAG_ID=hook_dag
AIRFLOW_CTX_TASK_ID=getid
AIRFLOW_CTX_EXECUTION_DATE=2022-04-19T10:22:52.742699+00:00
AIRFLOW_CTX_DAG_RUN_ID=manual__2022-04-19T10:22:52.742699+00:00
[2022-04-19 10:22:56,675] {base.py:79} INFO - Using connection to: id: postgres_default. Host: postgres, Port: 5432, Schema: ***, Login: ***, Password: ***, extra: {}
[2022-04-19 10:22:56,698] {taskinstance.py:1718} ERROR - Task failed with exception
Traceback (most recent call last):
  File "/home/airflow/.local/lib/python3.7/site-packages/airflow/models/taskinstance.py", line 1334, in _run_raw_task
    self._execute_task_with_callbacks(context)
  File "/home/airflow/.local/lib/python3.7/site-packages/airflow/models/taskinstance.py", line 1460, in _execute_task_with_callbacks
    result = self._execute_task(context, self.task)
  File "/home/airflow/.local/lib/python3.7/site-packages/airflow/models/taskinstance.py", line 1516, in _execute_task
    result = execute_callable(context=context)
  File "/home/airflow/.local/lib/python3.7/site-packages/airflow/operators/python.py", line 174, in execute
    return_value = self.execute_callable()
  File "/home/airflow/.local/lib/python3.7/site-packages/airflow/operators/python.py", line 188, in execute_callable
    return self.python_callable(*self.op_args, **self.op_kwargs)
  File "/opt/airflow/dags/hook_dag.py", line 57, in f_getid
    records = hook.get_records(sql, parameters=None)
  File "/home/airflow/.local/lib/python3.7/site-packages/airflow/hooks/dbapi.py", line 155, in get_records
    cur.execute(sql)
psycopg2.errors.UndefinedTable: relation "ipo.list_flow_log" does not exist
LINE 1: select id from ipo.list_flow_log
                       ^

[2022-04-19 10:22:56,735] {taskinstance.py:1282} INFO - Marking task as UP_FOR_RETRY. dag_id=hook_dag, task_id=getid, execution_date=20220419T102252, start_date=20220419T102256, end_date=20220419T102256
[2022-04-19 10:22:56,775] {standard_task_runner.py:92} ERROR - Failed to execute job 242 for task getid
Traceback (most recent call last):
  File "/home/airflow/.local/lib/python3.7/site-packages/airflow/task/task_runner/standard_task_runner.py", line 85, in _start_by_fork
    args.func(args, dag=self.dag)
  File "/home/airflow/.local/lib/python3.7/site-packages/airflow/cli/cli_parser.py", line 48, in command
    return func(*args, **kwargs)
  File "/home/airflow/.local/lib/python3.7/site-packages/airflow/utils/cli.py", line 92, in wrapper
    return f(*args, **kwargs)
  File "/home/airflow/.local/lib/python3.7/site-packages/airflow/cli/commands/task_command.py", line 298, in task_run
    _run_task_by_selected_method(args, dag, ti)
  File "/home/airflow/.local/lib/python3.7/site-packages/airflow/cli/commands/task_command.py", line 107, in _run_task_by_selected_method
    _run_raw_task(args, ti)
  File "/home/airflow/.local/lib/python3.7/site-packages/airflow/cli/commands/task_command.py", line 184, in _run_raw_task
    error_file=args.error_file,
  File "/home/airflow/.local/lib/python3.7/site-packages/airflow/utils/session.py", line 70, in wrapper
    return func(*args, session=session, **kwargs)
  File "/home/airflow/.local/lib/python3.7/site-packages/airflow/models/taskinstance.py", line 1334, in _run_raw_task
    self._execute_task_with_callbacks(context)
  File "/home/airflow/.local/lib/python3.7/site-packages/airflow/models/taskinstance.py", line 1460, in _execute_task_with_callbacks
    result = self._execute_task(context, self.task)
  File "/home/airflow/.local/lib/python3.7/site-packages/airflow/models/taskinstance.py", line 1516, in _execute_task
    result = execute_callable(context=context)
  File "/home/airflow/.local/lib/python3.7/site-packages/airflow/operators/python.py", line 174, in execute
    return_value = self.execute_callable()
  File "/home/airflow/.local/lib/python3.7/site-packages/airflow/operators/python.py", line 188, in execute_callable
    return self.python_callable(*self.op_args, **self.op_kwargs)
  File "/opt/airflow/dags/hook_dag.py", line 57, in f_getid
    records = hook.get_records(sql, parameters=None)
  File "/home/airflow/.local/lib/python3.7/site-packages/airflow/hooks/dbapi.py", line 155, in get_records
    cur.execute(sql)
psycopg2.errors.UndefinedTable: relation "ipo.list_flow_log" does not exist
LINE 1: select id from ipo.list_flow_log
                       ^

[2022-04-19 10:22:56,800] {local_task_job.py:154} INFO - Task exited with return code 1
[2022-04-19 10:22:56,919] {local_task_job.py:264} INFO - 0 downstream tasks scheduled from follow-on schedule check
