[2022-04-29 14:48:17,632] {taskinstance.py:1037} INFO - Dependencies all met for <TaskInstance: cso_2295_ipo_2_cso_bd.py.check_system_target1 manual__2022-04-29T14:48:10.470743+00:00 [queued]>
[2022-04-29 14:48:17,642] {taskinstance.py:1037} INFO - Dependencies all met for <TaskInstance: cso_2295_ipo_2_cso_bd.py.check_system_target1 manual__2022-04-29T14:48:10.470743+00:00 [queued]>
[2022-04-29 14:48:17,642] {taskinstance.py:1243} INFO - 
--------------------------------------------------------------------------------
[2022-04-29 14:48:17,642] {taskinstance.py:1244} INFO - Starting attempt 1 of 1
[2022-04-29 14:48:17,642] {taskinstance.py:1245} INFO - 
--------------------------------------------------------------------------------
[2022-04-29 14:48:17,651] {taskinstance.py:1264} INFO - Executing <Task(BranchPythonOperator): check_system_target1> on 2022-04-29 14:48:10.470743+00:00
[2022-04-29 14:48:17,655] {standard_task_runner.py:52} INFO - Started process 1656 to run task
[2022-04-29 14:48:17,658] {standard_task_runner.py:76} INFO - Running: ['***', 'tasks', 'run', 'cso_2295_ipo_2_cso_bd.py', 'check_system_target1', 'manual__2022-04-29T14:48:10.470743+00:00', '--job-id', '1462', '--raw', '--subdir', 'DAGS_FOLDER/cso_2295/cso_2295_ipo_2_cso_bd.py', '--cfg-path', '/tmp/tmpfee2u5jr', '--error-file', '/tmp/tmpiq6jkbr0']
[2022-04-29 14:48:17,658] {standard_task_runner.py:77} INFO - Job 1462: Subtask check_system_target1
[2022-04-29 14:48:17,703] {logging_mixin.py:109} INFO - Running <TaskInstance: cso_2295_ipo_2_cso_bd.py.check_system_target1 manual__2022-04-29T14:48:10.470743+00:00 [running]> on host 0936e4a14e76
[2022-04-29 14:48:17,741] {taskinstance.py:1431} INFO - Exporting the following env vars:
AIRFLOW_CTX_DAG_OWNER=***
AIRFLOW_CTX_DAG_ID=cso_2295_ipo_2_cso_bd.py
AIRFLOW_CTX_TASK_ID=check_system_target1
AIRFLOW_CTX_EXECUTION_DATE=2022-04-29T14:48:10.470743+00:00
AIRFLOW_CTX_DAG_RUN_ID=manual__2022-04-29T14:48:10.470743+00:00
[2022-04-29 14:48:17,742] {python.py:175} INFO - Done. Returned value was: transfer_cso_org
[2022-04-29 14:48:17,742] {skipmixin.py:140} INFO - Following branch transfer_cso_org
[2022-04-29 14:48:17,742] {skipmixin.py:171} INFO - Skipping tasks ['log_err_access_target1']
[2022-04-29 14:48:17,766] {taskinstance.py:1282} INFO - Marking task as SUCCESS. dag_id=cso_2295_ipo_2_cso_bd.py, task_id=check_system_target1, execution_date=20220429T144810, start_date=20220429T144817, end_date=20220429T144817
[2022-04-29 14:48:17,789] {local_task_job.py:154} INFO - Task exited with return code 0
[2022-04-29 14:48:17,814] {local_task_job.py:264} INFO - 1 downstream tasks scheduled from follow-on schedule check
