[2022-04-19 15:33:57,139] {taskinstance.py:1037} INFO - Dependencies all met for <TaskInstance: hook_dag.branching_xml manual__2022-04-19T15:33:50.288526+00:00 [queued]>
[2022-04-19 15:33:57,153] {taskinstance.py:1037} INFO - Dependencies all met for <TaskInstance: hook_dag.branching_xml manual__2022-04-19T15:33:50.288526+00:00 [queued]>
[2022-04-19 15:33:57,153] {taskinstance.py:1243} INFO - 
--------------------------------------------------------------------------------
[2022-04-19 15:33:57,153] {taskinstance.py:1244} INFO - Starting attempt 1 of 2
[2022-04-19 15:33:57,153] {taskinstance.py:1245} INFO - 
--------------------------------------------------------------------------------
[2022-04-19 15:33:57,176] {taskinstance.py:1264} INFO - Executing <Task(BranchPythonOperator): branching_xml> on 2022-04-19 15:33:50.288526+00:00
[2022-04-19 15:33:57,180] {standard_task_runner.py:52} INFO - Started process 20259 to run task
[2022-04-19 15:33:57,182] {standard_task_runner.py:76} INFO - Running: ['***', 'tasks', 'run', 'hook_dag', 'branching_xml', 'manual__2022-04-19T15:33:50.288526+00:00', '--job-id', '555', '--raw', '--subdir', 'DAGS_FOLDER/hook_dag.py', '--cfg-path', '/tmp/tmpt122oq3i', '--error-file', '/tmp/tmpe5oqn66a']
[2022-04-19 15:33:57,183] {standard_task_runner.py:77} INFO - Job 555: Subtask branching_xml
[2022-04-19 15:33:57,225] {logging_mixin.py:109} INFO - Running <TaskInstance: hook_dag.branching_xml manual__2022-04-19T15:33:50.288526+00:00 [running]> on host 22e04adb6bfa
[2022-04-19 15:33:57,278] {taskinstance.py:1431} INFO - Exporting the following env vars:
AIRFLOW_CTX_DAG_OWNER=***
AIRFLOW_CTX_DAG_ID=hook_dag
AIRFLOW_CTX_TASK_ID=branching_xml
AIRFLOW_CTX_EXECUTION_DATE=2022-04-19T15:33:50.288526+00:00
AIRFLOW_CTX_DAG_RUN_ID=manual__2022-04-19T15:33:50.288526+00:00
[2022-04-19 15:33:57,283] {python.py:175} INFO - Done. Returned value was: transfer_xml
[2022-04-19 15:33:57,283] {skipmixin.py:140} INFO - Following branch transfer_xml
[2022-04-19 15:33:57,283] {skipmixin.py:171} INFO - Skipping tasks ['log_end_no_data_1']
[2022-04-19 15:33:57,379] {taskinstance.py:1282} INFO - Marking task as SUCCESS. dag_id=hook_dag, task_id=branching_xml, execution_date=20220419T153350, start_date=20220419T153357, end_date=20220419T153357
[2022-04-19 15:33:57,436] {local_task_job.py:154} INFO - Task exited with return code 0
[2022-04-19 15:33:57,558] {local_task_job.py:264} INFO - 1 downstream tasks scheduled from follow-on schedule check
