[2022-04-21 21:34:21,776] {taskinstance.py:1037} INFO - Dependencies all met for <TaskInstance: cso_2295_ipo_2_cso.py.getid2 manual__2022-04-21T21:34:10.461544+00:00 [queued]>
[2022-04-21 21:34:21,784] {taskinstance.py:1037} INFO - Dependencies all met for <TaskInstance: cso_2295_ipo_2_cso.py.getid2 manual__2022-04-21T21:34:10.461544+00:00 [queued]>
[2022-04-21 21:34:21,784] {taskinstance.py:1243} INFO - 
--------------------------------------------------------------------------------
[2022-04-21 21:34:21,784] {taskinstance.py:1244} INFO - Starting attempt 1 of 1
[2022-04-21 21:34:21,784] {taskinstance.py:1245} INFO - 
--------------------------------------------------------------------------------
[2022-04-21 21:34:21,793] {taskinstance.py:1264} INFO - Executing <Task(PythonOperator): getid2> on 2022-04-21 21:34:10.461544+00:00
[2022-04-21 21:34:21,797] {standard_task_runner.py:52} INFO - Started process 35747 to run task
[2022-04-21 21:34:21,800] {standard_task_runner.py:76} INFO - Running: ['***', 'tasks', 'run', 'cso_2295_ipo_2_cso.py', 'getid2', 'manual__2022-04-21T21:34:10.461544+00:00', '--job-id', '938', '--raw', '--subdir', 'DAGS_FOLDER/cso_2295/cso_2295_ipo_2_cso.py', '--cfg-path', '/tmp/tmpbjfm6vsh', '--error-file', '/tmp/tmpq5_st3d3']
[2022-04-21 21:34:21,801] {standard_task_runner.py:77} INFO - Job 938: Subtask getid2
[2022-04-21 21:34:21,842] {logging_mixin.py:109} INFO - Running <TaskInstance: cso_2295_ipo_2_cso.py.getid2 manual__2022-04-21T21:34:10.461544+00:00 [running]> on host 22e04adb6bfa
[2022-04-21 21:34:21,875] {taskinstance.py:1431} INFO - Exporting the following env vars:
AIRFLOW_CTX_DAG_OWNER=***
AIRFLOW_CTX_DAG_ID=cso_2295_ipo_2_cso.py
AIRFLOW_CTX_TASK_ID=getid2
AIRFLOW_CTX_EXECUTION_DATE=2022-04-21T21:34:10.461544+00:00
AIRFLOW_CTX_DAG_RUN_ID=manual__2022-04-21T21:34:10.461544+00:00
[2022-04-21 21:34:21,882] {base.py:79} INFO - Using connection to: id: postgres_default. Host: postgres, Port: 5432, Schema: ***, Login: ***, Password: ***, extra: {}
[2022-04-21 21:34:21,894] {python.py:175} INFO - Done. Returned value was: None
[2022-04-21 21:34:21,902] {taskinstance.py:1282} INFO - Marking task as SUCCESS. dag_id=cso_2295_ipo_2_cso.py, task_id=getid2, execution_date=20220421T213410, start_date=20220421T213421, end_date=20220421T213421
[2022-04-21 21:34:21,933] {local_task_job.py:154} INFO - Task exited with return code 0
[2022-04-21 21:34:21,962] {local_task_job.py:264} INFO - 1 downstream tasks scheduled from follow-on schedule check
