[2022-04-28 15:51:07,369] {taskinstance.py:1037} INFO - Dependencies all met for <TaskInstance: cso_2295_ipo_2_cso_bd.py.getid1 manual__2022-04-28T15:51:03.131601+00:00 [queued]>
[2022-04-28 15:51:07,377] {taskinstance.py:1037} INFO - Dependencies all met for <TaskInstance: cso_2295_ipo_2_cso_bd.py.getid1 manual__2022-04-28T15:51:03.131601+00:00 [queued]>
[2022-04-28 15:51:07,377] {taskinstance.py:1243} INFO - 
--------------------------------------------------------------------------------
[2022-04-28 15:51:07,377] {taskinstance.py:1244} INFO - Starting attempt 1 of 1
[2022-04-28 15:51:07,377] {taskinstance.py:1245} INFO - 
--------------------------------------------------------------------------------
[2022-04-28 15:51:07,387] {taskinstance.py:1264} INFO - Executing <Task(PythonOperator): getid1> on 2022-04-28 15:51:03.131601+00:00
[2022-04-28 15:51:07,392] {standard_task_runner.py:52} INFO - Started process 21845 to run task
[2022-04-28 15:51:07,394] {standard_task_runner.py:76} INFO - Running: ['***', 'tasks', 'run', 'cso_2295_ipo_2_cso_bd.py', 'getid1', 'manual__2022-04-28T15:51:03.131601+00:00', '--job-id', '1411', '--raw', '--subdir', 'DAGS_FOLDER/cso_2295/cso_2295_ipo_2_cso_bd.py', '--cfg-path', '/tmp/tmp005xlky4', '--error-file', '/tmp/tmpvvl_clts']
[2022-04-28 15:51:07,394] {standard_task_runner.py:77} INFO - Job 1411: Subtask getid1
[2022-04-28 15:51:07,441] {logging_mixin.py:109} INFO - Running <TaskInstance: cso_2295_ipo_2_cso_bd.py.getid1 manual__2022-04-28T15:51:03.131601+00:00 [running]> on host 0936e4a14e76
[2022-04-28 15:51:07,483] {taskinstance.py:1431} INFO - Exporting the following env vars:
AIRFLOW_CTX_DAG_OWNER=***
AIRFLOW_CTX_DAG_ID=cso_2295_ipo_2_cso_bd.py
AIRFLOW_CTX_TASK_ID=getid1
AIRFLOW_CTX_EXECUTION_DATE=2022-04-28T15:51:03.131601+00:00
AIRFLOW_CTX_DAG_RUN_ID=manual__2022-04-28T15:51:03.131601+00:00
[2022-04-28 15:51:07,490] {base.py:79} INFO - Using connection to: id: postgres_default. Host: postgres, Port: 5432, Schema: ***, Login: ***, Password: ***, extra: {}
[2022-04-28 15:51:07,501] {python.py:175} INFO - Done. Returned value was: None
[2022-04-28 15:51:07,511] {taskinstance.py:1282} INFO - Marking task as SUCCESS. dag_id=cso_2295_ipo_2_cso_bd.py, task_id=getid1, execution_date=20220428T155103, start_date=20220428T155107, end_date=20220428T155107
[2022-04-28 15:51:07,527] {local_task_job.py:154} INFO - Task exited with return code 0
[2022-04-28 15:51:07,560] {local_task_job.py:264} INFO - 1 downstream tasks scheduled from follow-on schedule check
