[2022-04-20 13:22:58,730] {taskinstance.py:1037} INFO - Dependencies all met for <TaskInstance: hook_dag.cond_true manual__2022-04-20T13:22:50.311694+00:00 [queued]>
[2022-04-20 13:22:58,745] {taskinstance.py:1037} INFO - Dependencies all met for <TaskInstance: hook_dag.cond_true manual__2022-04-20T13:22:50.311694+00:00 [queued]>
[2022-04-20 13:22:58,745] {taskinstance.py:1243} INFO - 
--------------------------------------------------------------------------------
[2022-04-20 13:22:58,745] {taskinstance.py:1244} INFO - Starting attempt 1 of 2
[2022-04-20 13:22:58,746] {taskinstance.py:1245} INFO - 
--------------------------------------------------------------------------------
[2022-04-20 13:22:58,771] {taskinstance.py:1264} INFO - Executing <Task(ShortCircuitOperator): cond_true> on 2022-04-20 13:22:50.311694+00:00
[2022-04-20 13:22:58,781] {standard_task_runner.py:52} INFO - Started process 15712 to run task
[2022-04-20 13:22:58,792] {standard_task_runner.py:76} INFO - Running: ['***', 'tasks', 'run', 'hook_dag', 'cond_true', 'manual__2022-04-20T13:22:50.311694+00:00', '--job-id', '573', '--raw', '--subdir', 'DAGS_FOLDER/hook_dag.py', '--cfg-path', '/tmp/tmpz31ijcna', '--error-file', '/tmp/tmpmtjqc43f']
[2022-04-20 13:22:58,793] {standard_task_runner.py:77} INFO - Job 573: Subtask cond_true
[2022-04-20 13:22:58,909] {logging_mixin.py:109} INFO - Running <TaskInstance: hook_dag.cond_true manual__2022-04-20T13:22:50.311694+00:00 [running]> on host 22e04adb6bfa
[2022-04-20 13:22:59,083] {taskinstance.py:1431} INFO - Exporting the following env vars:
AIRFLOW_CTX_DAG_OWNER=***
AIRFLOW_CTX_DAG_ID=hook_dag
AIRFLOW_CTX_TASK_ID=cond_true
AIRFLOW_CTX_EXECUTION_DATE=2022-04-20T13:22:50.311694+00:00
AIRFLOW_CTX_DAG_RUN_ID=manual__2022-04-20T13:22:50.311694+00:00
[2022-04-20 13:22:59,083] {python.py:175} INFO - Done. Returned value was: False
[2022-04-20 13:22:59,084] {python.py:239} INFO - Condition result is False
[2022-04-20 13:22:59,084] {python.py:245} INFO - Skipping downstream tasks...
[2022-04-20 13:22:59,115] {python.py:253} INFO - Done.
[2022-04-20 13:22:59,147] {taskinstance.py:1282} INFO - Marking task as SUCCESS. dag_id=hook_dag, task_id=cond_true, execution_date=20220420T132250, start_date=20220420T132258, end_date=20220420T132259
[2022-04-20 13:22:59,207] {local_task_job.py:154} INFO - Task exited with return code 0
[2022-04-20 13:22:59,272] {local_task_job.py:264} INFO - 0 downstream tasks scheduled from follow-on schedule check
