[2022-04-19 14:35:52,565] {taskinstance.py:1037} INFO - Dependencies all met for <TaskInstance: hook_dag.branching manual__2022-04-19T14:34:42.761488+00:00 [queued]>
[2022-04-19 14:35:52,574] {taskinstance.py:1037} INFO - Dependencies all met for <TaskInstance: hook_dag.branching manual__2022-04-19T14:34:42.761488+00:00 [queued]>
[2022-04-19 14:35:52,574] {taskinstance.py:1243} INFO - 
--------------------------------------------------------------------------------
[2022-04-19 14:35:52,574] {taskinstance.py:1244} INFO - Starting attempt 1 of 2
[2022-04-19 14:35:52,574] {taskinstance.py:1245} INFO - 
--------------------------------------------------------------------------------
[2022-04-19 14:35:52,582] {taskinstance.py:1264} INFO - Executing <Task(BranchPythonOperator): branching> on 2022-04-19 14:34:42.761488+00:00
[2022-04-19 14:35:52,586] {standard_task_runner.py:52} INFO - Started process 17405 to run task
[2022-04-19 14:35:52,589] {standard_task_runner.py:76} INFO - Running: ['***', 'tasks', 'run', 'hook_dag', 'branching', 'manual__2022-04-19T14:34:42.761488+00:00', '--job-id', '523', '--raw', '--subdir', 'DAGS_FOLDER/hook_dag.py', '--cfg-path', '/tmp/tmpru5fz36p', '--error-file', '/tmp/tmpnrcnbwz6']
[2022-04-19 14:35:52,589] {standard_task_runner.py:77} INFO - Job 523: Subtask branching
[2022-04-19 14:35:52,632] {logging_mixin.py:109} INFO - Running <TaskInstance: hook_dag.branching manual__2022-04-19T14:34:42.761488+00:00 [running]> on host 22e04adb6bfa
[2022-04-19 14:35:52,720] {taskinstance.py:1431} INFO - Exporting the following env vars:
AIRFLOW_CTX_DAG_OWNER=***
AIRFLOW_CTX_DAG_ID=hook_dag
AIRFLOW_CTX_TASK_ID=branching
AIRFLOW_CTX_EXECUTION_DATE=2022-04-19T14:34:42.761488+00:00
AIRFLOW_CTX_DAG_RUN_ID=manual__2022-04-19T14:34:42.761488+00:00
[2022-04-19 14:35:52,732] {python.py:175} INFO - Done. Returned value was: transfer_suit_pa
[2022-04-19 14:35:52,732] {skipmixin.py:140} INFO - Following branch transfer_suit_pa
[2022-04-19 14:35:52,732] {skipmixin.py:171} INFO - Skipping tasks ['log_end_no_data_2']
[2022-04-19 14:35:52,812] {taskinstance.py:1282} INFO - Marking task as SUCCESS. dag_id=hook_dag, task_id=branching, execution_date=20220419T143442, start_date=20220419T143552, end_date=20220419T143552
[2022-04-19 14:35:52,841] {local_task_job.py:154} INFO - Task exited with return code 0
[2022-04-19 14:35:52,870] {local_task_job.py:264} INFO - 1 downstream tasks scheduled from follow-on schedule check
