[2022-04-19 14:00:04,766] {taskinstance.py:1037} INFO - Dependencies all met for <TaskInstance: hook_dag.getid_1 manual__2022-04-19T13:59:56.853838+00:00 [queued]>
[2022-04-19 14:00:04,775] {taskinstance.py:1037} INFO - Dependencies all met for <TaskInstance: hook_dag.getid_1 manual__2022-04-19T13:59:56.853838+00:00 [queued]>
[2022-04-19 14:00:04,775] {taskinstance.py:1243} INFO - 
--------------------------------------------------------------------------------
[2022-04-19 14:00:04,775] {taskinstance.py:1244} INFO - Starting attempt 1 of 2
[2022-04-19 14:00:04,775] {taskinstance.py:1245} INFO - 
--------------------------------------------------------------------------------
[2022-04-19 14:00:04,783] {taskinstance.py:1264} INFO - Executing <Task(PythonOperator): getid_1> on 2022-04-19 13:59:56.853838+00:00
[2022-04-19 14:00:04,788] {standard_task_runner.py:52} INFO - Started process 15489 to run task
[2022-04-19 14:00:04,790] {standard_task_runner.py:76} INFO - Running: ['***', 'tasks', 'run', 'hook_dag', 'getid_1', 'manual__2022-04-19T13:59:56.853838+00:00', '--job-id', '444', '--raw', '--subdir', 'DAGS_FOLDER/hook_dag.py', '--cfg-path', '/tmp/tmpeo3am7nx', '--error-file', '/tmp/tmpomnggizb']
[2022-04-19 14:00:04,791] {standard_task_runner.py:77} INFO - Job 444: Subtask getid_1
[2022-04-19 14:00:04,831] {logging_mixin.py:109} INFO - Running <TaskInstance: hook_dag.getid_1 manual__2022-04-19T13:59:56.853838+00:00 [running]> on host 22e04adb6bfa
[2022-04-19 14:00:04,870] {taskinstance.py:1431} INFO - Exporting the following env vars:
AIRFLOW_CTX_DAG_OWNER=***
AIRFLOW_CTX_DAG_ID=hook_dag
AIRFLOW_CTX_TASK_ID=getid_1
AIRFLOW_CTX_EXECUTION_DATE=2022-04-19T13:59:56.853838+00:00
AIRFLOW_CTX_DAG_RUN_ID=manual__2022-04-19T13:59:56.853838+00:00
[2022-04-19 14:00:04,876] {base.py:79} INFO - Using connection to: id: postgres_default. Host: postgres, Port: 5432, Schema: ***, Login: ***, Password: ***, extra: {}
[2022-04-19 14:00:04,886] {python.py:175} INFO - Done. Returned value was: None
[2022-04-19 14:00:04,896] {taskinstance.py:1282} INFO - Marking task as SUCCESS. dag_id=hook_dag, task_id=getid_1, execution_date=20220419T135956, start_date=20220419T140004, end_date=20220419T140004
[2022-04-19 14:00:04,921] {local_task_job.py:154} INFO - Task exited with return code 0
[2022-04-19 14:00:04,951] {local_task_job.py:264} INFO - 1 downstream tasks scheduled from follow-on schedule check
