[2022-04-19 14:07:50,955] {taskinstance.py:1037} INFO - Dependencies all met for <TaskInstance: hook_dag.cond_true manual__2022-04-19T14:07:46.908074+00:00 [queued]>
[2022-04-19 14:07:50,970] {taskinstance.py:1037} INFO - Dependencies all met for <TaskInstance: hook_dag.cond_true manual__2022-04-19T14:07:46.908074+00:00 [queued]>
[2022-04-19 14:07:50,970] {taskinstance.py:1243} INFO - 
--------------------------------------------------------------------------------
[2022-04-19 14:07:50,970] {taskinstance.py:1244} INFO - Starting attempt 1 of 2
[2022-04-19 14:07:50,970] {taskinstance.py:1245} INFO - 
--------------------------------------------------------------------------------
[2022-04-19 14:07:50,986] {taskinstance.py:1264} INFO - Executing <Task(ShortCircuitOperator): cond_true> on 2022-04-19 14:07:46.908074+00:00
[2022-04-19 14:07:50,990] {standard_task_runner.py:52} INFO - Started process 15919 to run task
[2022-04-19 14:07:50,996] {standard_task_runner.py:76} INFO - Running: ['***', 'tasks', 'run', 'hook_dag', 'cond_true', 'manual__2022-04-19T14:07:46.908074+00:00', '--job-id', '463', '--raw', '--subdir', 'DAGS_FOLDER/hook_dag.py', '--cfg-path', '/tmp/tmpx6w74viu', '--error-file', '/tmp/tmpt27k5xt6']
[2022-04-19 14:07:50,997] {standard_task_runner.py:77} INFO - Job 463: Subtask cond_true
[2022-04-19 14:07:51,076] {logging_mixin.py:109} INFO - Running <TaskInstance: hook_dag.cond_true manual__2022-04-19T14:07:46.908074+00:00 [running]> on host 22e04adb6bfa
[2022-04-19 14:07:51,144] {taskinstance.py:1431} INFO - Exporting the following env vars:
AIRFLOW_CTX_DAG_OWNER=***
AIRFLOW_CTX_DAG_ID=hook_dag
AIRFLOW_CTX_TASK_ID=cond_true
AIRFLOW_CTX_EXECUTION_DATE=2022-04-19T14:07:46.908074+00:00
AIRFLOW_CTX_DAG_RUN_ID=manual__2022-04-19T14:07:46.908074+00:00
[2022-04-19 14:07:51,145] {python.py:175} INFO - Done. Returned value was: True
[2022-04-19 14:07:51,146] {python.py:239} INFO - Condition result is True
[2022-04-19 14:07:51,146] {python.py:242} INFO - Proceeding with downstream tasks...
[2022-04-19 14:07:51,154] {taskinstance.py:1282} INFO - Marking task as SUCCESS. dag_id=hook_dag, task_id=cond_true, execution_date=20220419T140746, start_date=20220419T140750, end_date=20220419T140751
[2022-04-19 14:07:51,178] {local_task_job.py:154} INFO - Task exited with return code 0
[2022-04-19 14:07:51,217] {local_task_job.py:264} INFO - 1 downstream tasks scheduled from follow-on schedule check
