[2022-04-19 11:57:49,747] {taskinstance.py:1037} INFO - Dependencies all met for <TaskInstance: hook_dag.getid manual__2022-04-19T11:57:45.902369+00:00 [queued]>
[2022-04-19 11:57:49,786] {taskinstance.py:1037} INFO - Dependencies all met for <TaskInstance: hook_dag.getid manual__2022-04-19T11:57:45.902369+00:00 [queued]>
[2022-04-19 11:57:49,787] {taskinstance.py:1243} INFO - 
--------------------------------------------------------------------------------
[2022-04-19 11:57:49,787] {taskinstance.py:1244} INFO - Starting attempt 1 of 2
[2022-04-19 11:57:49,787] {taskinstance.py:1245} INFO - 
--------------------------------------------------------------------------------
[2022-04-19 11:57:49,804] {taskinstance.py:1264} INFO - Executing <Task(PythonOperator): getid> on 2022-04-19 11:57:45.902369+00:00
[2022-04-19 11:57:49,811] {standard_task_runner.py:52} INFO - Started process 9537 to run task
[2022-04-19 11:57:49,816] {standard_task_runner.py:76} INFO - Running: ['***', 'tasks', 'run', 'hook_dag', 'getid', 'manual__2022-04-19T11:57:45.902369+00:00', '--job-id', '361', '--raw', '--subdir', 'DAGS_FOLDER/hook_dag.py', '--cfg-path', '/tmp/tmpshypf6z0', '--error-file', '/tmp/tmpdy132jmu']
[2022-04-19 11:57:49,817] {standard_task_runner.py:77} INFO - Job 361: Subtask getid
[2022-04-19 11:57:49,915] {logging_mixin.py:109} INFO - Running <TaskInstance: hook_dag.getid manual__2022-04-19T11:57:45.902369+00:00 [running]> on host 22e04adb6bfa
[2022-04-19 11:57:49,977] {taskinstance.py:1431} INFO - Exporting the following env vars:
AIRFLOW_CTX_DAG_OWNER=***
AIRFLOW_CTX_DAG_ID=hook_dag
AIRFLOW_CTX_TASK_ID=getid
AIRFLOW_CTX_EXECUTION_DATE=2022-04-19T11:57:45.902369+00:00
AIRFLOW_CTX_DAG_RUN_ID=manual__2022-04-19T11:57:45.902369+00:00
[2022-04-19 11:57:49,989] {base.py:79} INFO - Using connection to: id: postgres_default. Host: postgres, Port: 5432, Schema: ***, Login: ***, Password: ***, extra: {}
[2022-04-19 11:57:50,007] {python.py:175} INFO - Done. Returned value was: None
[2022-04-19 11:57:50,033] {taskinstance.py:1282} INFO - Marking task as SUCCESS. dag_id=hook_dag, task_id=getid, execution_date=20220419T115745, start_date=20220419T115749, end_date=20220419T115750
[2022-04-19 11:57:50,066] {local_task_job.py:154} INFO - Task exited with return code 0
[2022-04-19 11:57:50,133] {local_task_job.py:264} INFO - 1 downstream tasks scheduled from follow-on schedule check
