[2022-04-28 09:57:46,575] {taskinstance.py:1037} INFO - Dependencies all met for <TaskInstance: cso_2295_ipo_2_cso_bd.py.log_sensor1 manual__2022-04-28T09:57:40.979065+00:00 [queued]>
[2022-04-28 09:57:46,588] {taskinstance.py:1037} INFO - Dependencies all met for <TaskInstance: cso_2295_ipo_2_cso_bd.py.log_sensor1 manual__2022-04-28T09:57:40.979065+00:00 [queued]>
[2022-04-28 09:57:46,593] {taskinstance.py:1243} INFO - 
--------------------------------------------------------------------------------
[2022-04-28 09:57:46,593] {taskinstance.py:1244} INFO - Starting attempt 1 of 1
[2022-04-28 09:57:46,593] {taskinstance.py:1245} INFO - 
--------------------------------------------------------------------------------
[2022-04-28 09:57:46,603] {taskinstance.py:1264} INFO - Executing <Task(SqlSensor): log_sensor1> on 2022-04-28 09:57:40.979065+00:00
[2022-04-28 09:57:46,613] {standard_task_runner.py:76} INFO - Running: ['***', 'tasks', 'run', 'cso_2295_ipo_2_cso_bd.py', 'log_sensor1', 'manual__2022-04-28T09:57:40.979065+00:00', '--job-id', '1314', '--raw', '--subdir', 'DAGS_FOLDER/cso_2295/cso_2295_ipo_2_cso_bd.py', '--cfg-path', '/tmp/tmpa6lqpso1', '--error-file', '/tmp/tmp3icmtoih']
[2022-04-28 09:57:46,614] {standard_task_runner.py:77} INFO - Job 1314: Subtask log_sensor1
[2022-04-28 09:57:46,611] {standard_task_runner.py:52} INFO - Started process 4655 to run task
[2022-04-28 09:57:46,708] {logging_mixin.py:109} INFO - Running <TaskInstance: cso_2295_ipo_2_cso_bd.py.log_sensor1 manual__2022-04-28T09:57:40.979065+00:00 [running]> on host 0936e4a14e76
[2022-04-28 09:57:46,996] {taskinstance.py:1431} INFO - Exporting the following env vars:
AIRFLOW_CTX_DAG_OWNER=***
AIRFLOW_CTX_DAG_ID=cso_2295_ipo_2_cso_bd.py
AIRFLOW_CTX_TASK_ID=log_sensor1
AIRFLOW_CTX_EXECUTION_DATE=2022-04-28T09:57:40.979065+00:00
AIRFLOW_CTX_DAG_RUN_ID=manual__2022-04-28T09:57:40.979065+00:00
[2022-04-28 09:57:47,003] {base.py:79} INFO - Using connection to: id: postgres_default. Host: postgres, Port: 5432, Schema: ***, Login: ***, Password: ***, extra: {}
[2022-04-28 09:57:47,616] {sql.py:98} INFO - Poking: select case when q = 'true' then 1 else 0 end as q from  (
	select case when count(id)=0 then 'true' else 'false' end as q
	from list_flow_log
	where object_flow = 0 and status = 1
) t1; (with parameters None)
[2022-04-28 09:57:47,623] {base.py:79} INFO - Using connection to: id: postgres_default. Host: postgres, Port: 5432, Schema: ***, Login: ***, Password: ***, extra: {}
[2022-04-28 09:58:47,693] {base.py:79} INFO - Using connection to: id: postgres_default. Host: postgres, Port: 5432, Schema: ***, Login: ***, Password: ***, extra: {}
[2022-04-28 09:58:47,737] {sql.py:98} INFO - Poking: select case when q = 'true' then 1 else 0 end as q from  (
	select case when count(id)=0 then 'true' else 'false' end as q
	from list_flow_log
	where object_flow = 0 and status = 1
) t1; (with parameters None)
[2022-04-28 09:58:47,743] {base.py:79} INFO - Using connection to: id: postgres_default. Host: postgres, Port: 5432, Schema: ***, Login: ***, Password: ***, extra: {}
[2022-04-28 09:59:47,816] {base.py:79} INFO - Using connection to: id: postgres_default. Host: postgres, Port: 5432, Schema: ***, Login: ***, Password: ***, extra: {}
[2022-04-28 09:59:47,892] {sql.py:98} INFO - Poking: select case when q = 'true' then 1 else 0 end as q from  (
	select case when count(id)=0 then 'true' else 'false' end as q
	from list_flow_log
	where object_flow = 0 and status = 1
) t1; (with parameters None)
[2022-04-28 09:59:47,897] {base.py:79} INFO - Using connection to: id: postgres_default. Host: postgres, Port: 5432, Schema: ***, Login: ***, Password: ***, extra: {}
[2022-04-28 09:59:47,900] {base.py:251} INFO - Success criteria met. Exiting.
[2022-04-28 09:59:47,907] {taskinstance.py:1282} INFO - Marking task as SUCCESS. dag_id=cso_2295_ipo_2_cso_bd.py, task_id=log_sensor1, execution_date=20220428T095740, start_date=20220428T095746, end_date=20220428T095947
[2022-04-28 09:59:48,023] {local_task_job.py:154} INFO - Task exited with return code 0
[2022-04-28 09:59:48,084] {local_task_job.py:264} INFO - 1 downstream tasks scheduled from follow-on schedule check
