[2022-04-25 12:28:13,048] {taskinstance.py:1037} INFO - Dependencies all met for <TaskInstance: cso_2295_ipo_2_cso.py.sleep manual__2022-04-25T12:28:07.845997+00:00 [queued]>
[2022-04-25 12:28:13,057] {taskinstance.py:1037} INFO - Dependencies all met for <TaskInstance: cso_2295_ipo_2_cso.py.sleep manual__2022-04-25T12:28:07.845997+00:00 [queued]>
[2022-04-25 12:28:13,057] {taskinstance.py:1243} INFO - 
--------------------------------------------------------------------------------
[2022-04-25 12:28:13,057] {taskinstance.py:1244} INFO - Starting attempt 1 of 1
[2022-04-25 12:28:13,057] {taskinstance.py:1245} INFO - 
--------------------------------------------------------------------------------
[2022-04-25 12:28:13,065] {taskinstance.py:1264} INFO - Executing <Task(BashOperator): sleep> on 2022-04-25 12:28:07.845997+00:00
[2022-04-25 12:28:13,069] {standard_task_runner.py:52} INFO - Started process 13274 to run task
[2022-04-25 12:28:13,072] {standard_task_runner.py:76} INFO - Running: ['***', 'tasks', 'run', 'cso_2295_ipo_2_cso.py', 'sleep', 'manual__2022-04-25T12:28:07.845997+00:00', '--job-id', '1220', '--raw', '--subdir', 'DAGS_FOLDER/cso_2295/cso_2295_ipo_2_cso.py', '--cfg-path', '/tmp/tmpl00xp4tt', '--error-file', '/tmp/tmp669_u23b']
[2022-04-25 12:28:13,073] {standard_task_runner.py:77} INFO - Job 1220: Subtask sleep
[2022-04-25 12:28:13,256] {logging_mixin.py:109} INFO - Running <TaskInstance: cso_2295_ipo_2_cso.py.sleep manual__2022-04-25T12:28:07.845997+00:00 [running]> on host 22e04adb6bfa
[2022-04-25 12:28:13,409] {taskinstance.py:1431} INFO - Exporting the following env vars:
AIRFLOW_CTX_DAG_OWNER=***
AIRFLOW_CTX_DAG_ID=cso_2295_ipo_2_cso.py
AIRFLOW_CTX_TASK_ID=sleep
AIRFLOW_CTX_EXECUTION_DATE=2022-04-25T12:28:07.845997+00:00
AIRFLOW_CTX_DAG_RUN_ID=manual__2022-04-25T12:28:07.845997+00:00
[2022-04-25 12:28:13,411] {subprocess.py:62} INFO - Tmp dir root location: 
 /tmp
[2022-04-25 12:28:13,444] {subprocess.py:74} INFO - Running command: ['bash', '-c', 'sleep 5']
[2022-04-25 12:28:13,730] {subprocess.py:85} INFO - Output:
[2022-04-25 12:28:18,804] {subprocess.py:93} INFO - Command exited with return code 0
[2022-04-25 12:28:18,829] {taskinstance.py:1282} INFO - Marking task as SUCCESS. dag_id=cso_2295_ipo_2_cso.py, task_id=sleep, execution_date=20220425T122807, start_date=20220425T122813, end_date=20220425T122818
[2022-04-25 12:28:18,879] {local_task_job.py:154} INFO - Task exited with return code 0
[2022-04-25 12:28:18,940] {local_task_job.py:264} INFO - 1 downstream tasks scheduled from follow-on schedule check
