[2022-04-20 15:38:03,548] {taskinstance.py:1037} INFO - Dependencies all met for <TaskInstance: hook_dag.cond_true scheduled__2022-04-20T15:33:39+00:00 [queued]>
[2022-04-20 15:38:03,558] {taskinstance.py:1037} INFO - Dependencies all met for <TaskInstance: hook_dag.cond_true scheduled__2022-04-20T15:33:39+00:00 [queued]>
[2022-04-20 15:38:03,558] {taskinstance.py:1243} INFO - 
--------------------------------------------------------------------------------
[2022-04-20 15:38:03,558] {taskinstance.py:1244} INFO - Starting attempt 1 of 2
[2022-04-20 15:38:03,558] {taskinstance.py:1245} INFO - 
--------------------------------------------------------------------------------
[2022-04-20 15:38:03,571] {taskinstance.py:1264} INFO - Executing <Task(ShortCircuitOperator): cond_true> on 2022-04-20 15:33:39+00:00
[2022-04-20 15:38:03,578] {standard_task_runner.py:52} INFO - Started process 22704 to run task
[2022-04-20 15:38:03,580] {standard_task_runner.py:76} INFO - Running: ['***', 'tasks', 'run', 'hook_dag', 'cond_true', 'scheduled__2022-04-20T15:33:39+00:00', '--job-id', '758', '--raw', '--subdir', 'DAGS_FOLDER/hook_dag.py', '--cfg-path', '/tmp/tmp6rsy3swh', '--error-file', '/tmp/tmpknf7_46k']
[2022-04-20 15:38:03,581] {standard_task_runner.py:77} INFO - Job 758: Subtask cond_true
[2022-04-20 15:38:03,643] {logging_mixin.py:109} INFO - Running <TaskInstance: hook_dag.cond_true scheduled__2022-04-20T15:33:39+00:00 [running]> on host 22e04adb6bfa
[2022-04-20 15:38:03,766] {taskinstance.py:1431} INFO - Exporting the following env vars:
AIRFLOW_CTX_DAG_OWNER=***
AIRFLOW_CTX_DAG_ID=hook_dag
AIRFLOW_CTX_TASK_ID=cond_true
AIRFLOW_CTX_EXECUTION_DATE=2022-04-20T15:33:39+00:00
AIRFLOW_CTX_DAG_RUN_ID=scheduled__2022-04-20T15:33:39+00:00
[2022-04-20 15:38:03,766] {python.py:175} INFO - Done. Returned value was: True
[2022-04-20 15:38:03,766] {python.py:239} INFO - Condition result is True
[2022-04-20 15:38:03,766] {python.py:242} INFO - Proceeding with downstream tasks...
[2022-04-20 15:38:03,780] {taskinstance.py:1282} INFO - Marking task as SUCCESS. dag_id=hook_dag, task_id=cond_true, execution_date=20220420T153339, start_date=20220420T153803, end_date=20220420T153803
[2022-04-20 15:38:03,835] {local_task_job.py:154} INFO - Task exited with return code 0
[2022-04-20 15:38:04,009] {local_task_job.py:264} INFO - 0 downstream tasks scheduled from follow-on schedule check
