[2022-04-20 08:54:18,143] {taskinstance.py:1037} INFO - Dependencies all met for <TaskInstance: example_short_circuit_operator.short_circuit scheduled__2022-04-19T08:54:15.918226+00:00 [queued]>
[2022-04-20 08:54:18,213] {taskinstance.py:1037} INFO - Dependencies all met for <TaskInstance: example_short_circuit_operator.short_circuit scheduled__2022-04-19T08:54:15.918226+00:00 [queued]>
[2022-04-20 08:54:18,213] {taskinstance.py:1243} INFO - 
--------------------------------------------------------------------------------
[2022-04-20 08:54:18,213] {taskinstance.py:1244} INFO - Starting attempt 1 of 1
[2022-04-20 08:54:18,213] {taskinstance.py:1245} INFO - 
--------------------------------------------------------------------------------
[2022-04-20 08:54:18,239] {taskinstance.py:1264} INFO - Executing <Task(ShortCircuitOperator): short_circuit> on 2022-04-19 08:54:15.918226+00:00
[2022-04-20 08:54:18,248] {standard_task_runner.py:52} INFO - Started process 2888 to run task
[2022-04-20 08:54:18,253] {standard_task_runner.py:76} INFO - Running: ['***', 'tasks', 'run', 'example_short_circuit_operator', 'short_circuit', 'scheduled__2022-04-19T08:54:15.918226+00:00', '--job-id', '572', '--raw', '--subdir', 'DAGS_FOLDER/example_short_circuit.py', '--cfg-path', '/tmp/tmpd5dp9emz', '--error-file', '/tmp/tmpqj9rbnwg']
[2022-04-20 08:54:18,253] {standard_task_runner.py:77} INFO - Job 572: Subtask short_circuit
[2022-04-20 08:54:18,387] {logging_mixin.py:109} INFO - Running <TaskInstance: example_short_circuit_operator.short_circuit scheduled__2022-04-19T08:54:15.918226+00:00 [running]> on host 22e04adb6bfa
[2022-04-20 08:54:18,535] {taskinstance.py:1431} INFO - Exporting the following env vars:
AIRFLOW_CTX_DAG_OWNER=***
AIRFLOW_CTX_DAG_ID=example_short_circuit_operator
AIRFLOW_CTX_TASK_ID=short_circuit
AIRFLOW_CTX_EXECUTION_DATE=2022-04-19T08:54:15.918226+00:00
AIRFLOW_CTX_DAG_RUN_ID=scheduled__2022-04-19T08:54:15.918226+00:00
[2022-04-20 08:54:18,535] {python.py:175} INFO - Done. Returned value was: False
[2022-04-20 08:54:18,536] {python.py:239} INFO - Condition result is False
[2022-04-20 08:54:18,536] {python.py:245} INFO - Skipping downstream tasks...
[2022-04-20 08:54:18,578] {python.py:253} INFO - Done.
[2022-04-20 08:54:18,610] {taskinstance.py:1282} INFO - Marking task as SUCCESS. dag_id=example_short_circuit_operator, task_id=short_circuit, execution_date=20220419T085415, start_date=20220420T085418, end_date=20220420T085418
[2022-04-20 08:54:18,685] {local_task_job.py:154} INFO - Task exited with return code 0
[2022-04-20 08:54:18,772] {local_task_job.py:264} INFO - 0 downstream tasks scheduled from follow-on schedule check
