[2022-04-07 13:35:18,173] {taskinstance.py:1037} INFO - Dependencies all met for <TaskInstance: my_project.inaccurate manual__2022-04-07T13:35:13.176577+00:00 [queued]>
[2022-04-07 13:35:18,183] {taskinstance.py:1037} INFO - Dependencies all met for <TaskInstance: my_project.inaccurate manual__2022-04-07T13:35:13.176577+00:00 [queued]>
[2022-04-07 13:35:18,183] {taskinstance.py:1243} INFO - 
--------------------------------------------------------------------------------
[2022-04-07 13:35:18,183] {taskinstance.py:1244} INFO - Starting attempt 1 of 1
[2022-04-07 13:35:18,183] {taskinstance.py:1245} INFO - 
--------------------------------------------------------------------------------
[2022-04-07 13:35:18,192] {taskinstance.py:1264} INFO - Executing <Task(BashOperator): inaccurate> on 2022-04-07 13:35:13.176577+00:00
[2022-04-07 13:35:18,195] {standard_task_runner.py:52} INFO - Started process 985 to run task
[2022-04-07 13:35:18,197] {standard_task_runner.py:76} INFO - Running: ['***', 'tasks', 'run', 'my_project', 'inaccurate', 'manual__2022-04-07T13:35:13.176577+00:00', '--job-id', '80', '--raw', '--subdir', 'DAGS_FOLDER/my_project.py', '--cfg-path', '/tmp/tmpnod5887j', '--error-file', '/tmp/tmpwgkxelhk']
[2022-04-07 13:35:18,198] {standard_task_runner.py:77} INFO - Job 80: Subtask inaccurate
[2022-04-07 13:35:18,235] {logging_mixin.py:109} INFO - Running <TaskInstance: my_project.inaccurate manual__2022-04-07T13:35:13.176577+00:00 [running]> on host d73239f69a26
[2022-04-07 13:35:18,272] {taskinstance.py:1431} INFO - Exporting the following env vars:
AIRFLOW_CTX_DAG_OWNER=***
AIRFLOW_CTX_DAG_ID=my_project
AIRFLOW_CTX_TASK_ID=inaccurate
AIRFLOW_CTX_EXECUTION_DATE=2022-04-07T13:35:13.176577+00:00
AIRFLOW_CTX_DAG_RUN_ID=manual__2022-04-07T13:35:13.176577+00:00
[2022-04-07 13:35:18,273] {subprocess.py:62} INFO - Tmp dir root location: 
 /tmp
[2022-04-07 13:35:18,274] {subprocess.py:74} INFO - Running command: ['bash', '-c', "echo 'inaccurate'"]
[2022-04-07 13:35:18,281] {subprocess.py:85} INFO - Output:
[2022-04-07 13:35:18,282] {subprocess.py:89} INFO - inaccurate
[2022-04-07 13:35:18,282] {subprocess.py:93} INFO - Command exited with return code 0
[2022-04-07 13:35:18,300] {taskinstance.py:1282} INFO - Marking task as SUCCESS. dag_id=my_project, task_id=inaccurate, execution_date=20220407T133513, start_date=20220407T133518, end_date=20220407T133518
[2022-04-07 13:35:18,329] {local_task_job.py:154} INFO - Task exited with return code 0
[2022-04-07 13:35:18,351] {local_task_job.py:264} INFO - 0 downstream tasks scheduled from follow-on schedule check
