[2022-04-21 21:19:35,524] {taskinstance.py:1037} INFO - Dependencies all met for <TaskInstance: cso_2295_ipo_2_cso.py.log_start1 manual__2022-04-21T21:19:32.177457+00:00 [queued]>
[2022-04-21 21:19:35,535] {taskinstance.py:1037} INFO - Dependencies all met for <TaskInstance: cso_2295_ipo_2_cso.py.log_start1 manual__2022-04-21T21:19:32.177457+00:00 [queued]>
[2022-04-21 21:19:35,536] {taskinstance.py:1243} INFO - 
--------------------------------------------------------------------------------
[2022-04-21 21:19:35,536] {taskinstance.py:1244} INFO - Starting attempt 1 of 1
[2022-04-21 21:19:35,536] {taskinstance.py:1245} INFO - 
--------------------------------------------------------------------------------
[2022-04-21 21:19:35,544] {taskinstance.py:1264} INFO - Executing <Task(PostgresOperator): log_start1> on 2022-04-21 21:19:32.177457+00:00
[2022-04-21 21:19:35,548] {standard_task_runner.py:52} INFO - Started process 34911 to run task
[2022-04-21 21:19:35,550] {standard_task_runner.py:76} INFO - Running: ['***', 'tasks', 'run', 'cso_2295_ipo_2_cso.py', 'log_start1', 'manual__2022-04-21T21:19:32.177457+00:00', '--job-id', '889', '--raw', '--subdir', 'DAGS_FOLDER/cso_2295/cso_2295_ipo_2_cso.py', '--cfg-path', '/tmp/tmpiqzzm63h', '--error-file', '/tmp/tmpb4_5oj8_']
[2022-04-21 21:19:35,551] {standard_task_runner.py:77} INFO - Job 889: Subtask log_start1
[2022-04-21 21:19:35,633] {logging_mixin.py:109} INFO - Running <TaskInstance: cso_2295_ipo_2_cso.py.log_start1 manual__2022-04-21T21:19:32.177457+00:00 [running]> on host 22e04adb6bfa
[2022-04-21 21:19:35,704] {taskinstance.py:1431} INFO - Exporting the following env vars:
AIRFLOW_CTX_DAG_OWNER=***
AIRFLOW_CTX_DAG_ID=cso_2295_ipo_2_cso.py
AIRFLOW_CTX_TASK_ID=log_start1
AIRFLOW_CTX_EXECUTION_DATE=2022-04-21T21:19:32.177457+00:00
AIRFLOW_CTX_DAG_RUN_ID=manual__2022-04-21T21:19:32.177457+00:00
[2022-04-21 21:19:35,716] {base.py:79} INFO - Using connection to: id: postgres_default. Host: postgres, Port: 5432, Schema: ***, Login: ***, Password: ***, extra: {}
[2022-04-21 21:19:35,720] {dbapi.py:225} INFO - Running statement: do $$
declare
	q_stream integer;
begin  
	select 1 into q_stream
	from list_flow_log
	where object_flow = 0 and status = 1;
  
	if q_stream > 0 then
		raise exception 'IP-offline - The stream is blocked';
	else 
  		INSERT INTO list_flow_log (object_flow, t_start, status) VALUES(0, NOW(), 1);
	end if;

end $$, parameters: None
[2022-04-21 21:19:35,761] {taskinstance.py:1282} INFO - Marking task as SUCCESS. dag_id=cso_2295_ipo_2_cso.py, task_id=log_start1, execution_date=20220421T211932, start_date=20220421T211935, end_date=20220421T211935
[2022-04-21 21:19:35,806] {local_task_job.py:154} INFO - Task exited with return code 0
[2022-04-21 21:19:35,837] {local_task_job.py:264} INFO - 1 downstream tasks scheduled from follow-on schedule check
