[2022-04-25 15:41:36,461] {taskinstance.py:1037} INFO - Dependencies all met for <TaskInstance: cso_2295_ipo_2_cso_xls.py.transfer_cso_ssp scheduled__2022-04-24T15:41:00+00:00 [queued]>
[2022-04-25 15:41:36,499] {taskinstance.py:1037} INFO - Dependencies all met for <TaskInstance: cso_2295_ipo_2_cso_xls.py.transfer_cso_ssp scheduled__2022-04-24T15:41:00+00:00 [queued]>
[2022-04-25 15:41:36,499] {taskinstance.py:1243} INFO - 
--------------------------------------------------------------------------------
[2022-04-25 15:41:36,499] {taskinstance.py:1244} INFO - Starting attempt 1 of 1
[2022-04-25 15:41:36,499] {taskinstance.py:1245} INFO - 
--------------------------------------------------------------------------------
[2022-04-25 15:41:36,598] {taskinstance.py:1264} INFO - Executing <Task(Postgres2File): transfer_cso_ssp> on 2022-04-24 15:41:00+00:00
[2022-04-25 15:41:36,615] {standard_task_runner.py:76} INFO - Running: ['***', 'tasks', 'run', 'cso_2295_ipo_2_cso_xls.py', 'transfer_cso_ssp', 'scheduled__2022-04-24T15:41:00+00:00', '--job-id', '1253', '--raw', '--subdir', 'DAGS_FOLDER/cso_2295/cso_2295_ipo_2_cso_xls.py', '--cfg-path', '/tmp/tmpidv4ekjg', '--error-file', '/tmp/tmphp7f0n29']
[2022-04-25 15:41:36,609] {standard_task_runner.py:52} INFO - Started process 22594 to run task
[2022-04-25 15:41:36,618] {standard_task_runner.py:77} INFO - Job 1253: Subtask transfer_cso_ssp
[2022-04-25 15:41:36,733] {logging_mixin.py:109} INFO - Running <TaskInstance: cso_2295_ipo_2_cso_xls.py.transfer_cso_ssp scheduled__2022-04-24T15:41:00+00:00 [running]> on host 22e04adb6bfa
[2022-04-25 15:41:36,937] {taskinstance.py:1431} INFO - Exporting the following env vars:
AIRFLOW_CTX_DAG_OWNER=***
AIRFLOW_CTX_DAG_ID=cso_2295_ipo_2_cso_xls.py
AIRFLOW_CTX_TASK_ID=transfer_cso_ssp
AIRFLOW_CTX_EXECUTION_DATE=2022-04-24T15:41:00+00:00
AIRFLOW_CTX_DAG_RUN_ID=scheduled__2022-04-24T15:41:00+00:00
[2022-04-25 15:41:36,966] {base.py:79} INFO - Using connection to: id: postgres_default. Host: postgres, Port: 5432, Schema: ***, Login: ***, Password: ***, extra: {}
[2022-04-25 15:41:37,248] {taskinstance.py:1282} INFO - Marking task as SUCCESS. dag_id=cso_2295_ipo_2_cso_xls.py, task_id=transfer_cso_ssp, execution_date=20220424T154100, start_date=20220425T154136, end_date=20220425T154137
[2022-04-25 15:41:37,336] {local_task_job.py:154} INFO - Task exited with return code 0
[2022-04-25 15:41:37,420] {base.py:79} INFO - Using connection to: id: postgres_default. Host: postgres, Port: 5432, Schema: ***, Login: ***, Password: ***, extra: {}
[2022-04-25 15:41:37,423] {dbapi.py:225} INFO - Running statement: UPDATE list_flow_log
                        SET q_source=2,
                        q_target=2, t_end=NOW(), status=2,
                        optional_key='transfer_cso_ssp'
                        where id = 116;, parameters: None
[2022-04-25 15:41:37,426] {dbapi.py:233} INFO - Rows affected: 1
[2022-04-25 15:41:37,535] {local_task_job.py:264} INFO - 0 downstream tasks scheduled from follow-on schedule check
