[2022-04-21 21:06:33,202] {taskinstance.py:1037} INFO - Dependencies all met for <TaskInstance: cso_2295_ipo_2_cso.py.log_start2 manual__2022-04-21T21:05:23.935679+00:00 [queued]>
[2022-04-21 21:06:33,213] {taskinstance.py:1037} INFO - Dependencies all met for <TaskInstance: cso_2295_ipo_2_cso.py.log_start2 manual__2022-04-21T21:05:23.935679+00:00 [queued]>
[2022-04-21 21:06:33,213] {taskinstance.py:1243} INFO - 
--------------------------------------------------------------------------------
[2022-04-21 21:06:33,213] {taskinstance.py:1244} INFO - Starting attempt 1 of 1
[2022-04-21 21:06:33,213] {taskinstance.py:1245} INFO - 
--------------------------------------------------------------------------------
[2022-04-21 21:06:33,246] {taskinstance.py:1264} INFO - Executing <Task(PostgresOperator): log_start2> on 2022-04-21 21:05:23.935679+00:00
[2022-04-21 21:06:33,266] {standard_task_runner.py:52} INFO - Started process 34117 to run task
[2022-04-21 21:06:33,272] {standard_task_runner.py:76} INFO - Running: ['***', 'tasks', 'run', 'cso_2295_ipo_2_cso.py', 'log_start2', 'manual__2022-04-21T21:05:23.935679+00:00', '--job-id', '834', '--raw', '--subdir', 'DAGS_FOLDER/cso_2295/cso_2295_ipo_2_cso.py', '--cfg-path', '/tmp/tmph7lubbnm', '--error-file', '/tmp/tmp8j4syfrr']
[2022-04-21 21:06:33,272] {standard_task_runner.py:77} INFO - Job 834: Subtask log_start2
[2022-04-21 21:06:33,375] {logging_mixin.py:109} INFO - Running <TaskInstance: cso_2295_ipo_2_cso.py.log_start2 manual__2022-04-21T21:05:23.935679+00:00 [running]> on host 22e04adb6bfa
[2022-04-21 21:06:33,483] {taskinstance.py:1431} INFO - Exporting the following env vars:
AIRFLOW_CTX_DAG_OWNER=***
AIRFLOW_CTX_DAG_ID=cso_2295_ipo_2_cso.py
AIRFLOW_CTX_TASK_ID=log_start2
AIRFLOW_CTX_EXECUTION_DATE=2022-04-21T21:05:23.935679+00:00
AIRFLOW_CTX_DAG_RUN_ID=manual__2022-04-21T21:05:23.935679+00:00
[2022-04-21 21:06:33,505] {base.py:79} INFO - Using connection to: id: postgres_default. Host: postgres, Port: 5432, Schema: ***, Login: ***, Password: ***, extra: {}
[2022-04-21 21:06:33,522] {dbapi.py:225} INFO - Running statement: do $$
declare
	q_stream integer;
begin  
	select 1 into q_stream
	from list_flow_log
	where object_flow = 0 and status = 1;
  
	if q_stream > 0 then
		raise exception 'IP-offline - The stream is blocked';
	else 
  		INSERT INTO list_flow_log (object_flow, t_start, status) VALUES(0, NOW(), 1);
	end if;

end $$, parameters: None
[2022-04-21 21:06:33,544] {taskinstance.py:1282} INFO - Marking task as SUCCESS. dag_id=cso_2295_ipo_2_cso.py, task_id=log_start2, execution_date=20220421T210523, start_date=20220421T210633, end_date=20220421T210633
[2022-04-21 21:06:33,613] {local_task_job.py:154} INFO - Task exited with return code 0
[2022-04-21 21:06:33,707] {local_task_job.py:264} INFO - 1 downstream tasks scheduled from follow-on schedule check
