[2022-04-19 13:36:08,861] {taskinstance.py:1037} INFO - Dependencies all met for <TaskInstance: hook_dag.cond_true manual__2022-04-19T13:36:03.330960+00:00 [queued]>
[2022-04-19 13:36:08,881] {taskinstance.py:1037} INFO - Dependencies all met for <TaskInstance: hook_dag.cond_true manual__2022-04-19T13:36:03.330960+00:00 [queued]>
[2022-04-19 13:36:08,882] {taskinstance.py:1243} INFO - 
--------------------------------------------------------------------------------
[2022-04-19 13:36:08,882] {taskinstance.py:1244} INFO - Starting attempt 1 of 2
[2022-04-19 13:36:08,882] {taskinstance.py:1245} INFO - 
--------------------------------------------------------------------------------
[2022-04-19 13:36:08,892] {taskinstance.py:1264} INFO - Executing <Task(ShortCircuitOperator): cond_true> on 2022-04-19 13:36:03.330960+00:00
[2022-04-19 13:36:08,896] {standard_task_runner.py:52} INFO - Started process 14231 to run task
[2022-04-19 13:36:08,898] {standard_task_runner.py:76} INFO - Running: ['***', 'tasks', 'run', 'hook_dag', 'cond_true', 'manual__2022-04-19T13:36:03.330960+00:00', '--job-id', '402', '--raw', '--subdir', 'DAGS_FOLDER/hook_dag.py', '--cfg-path', '/tmp/tmp69tu8h31', '--error-file', '/tmp/tmp_kdh_hfn']
[2022-04-19 13:36:08,899] {standard_task_runner.py:77} INFO - Job 402: Subtask cond_true
[2022-04-19 13:36:08,961] {logging_mixin.py:109} INFO - Running <TaskInstance: hook_dag.cond_true manual__2022-04-19T13:36:03.330960+00:00 [running]> on host 22e04adb6bfa
[2022-04-19 13:36:09,013] {taskinstance.py:1431} INFO - Exporting the following env vars:
AIRFLOW_CTX_DAG_OWNER=***
AIRFLOW_CTX_DAG_ID=hook_dag
AIRFLOW_CTX_TASK_ID=cond_true
AIRFLOW_CTX_EXECUTION_DATE=2022-04-19T13:36:03.330960+00:00
AIRFLOW_CTX_DAG_RUN_ID=manual__2022-04-19T13:36:03.330960+00:00
[2022-04-19 13:36:09,014] {python.py:175} INFO - Done. Returned value was: False
[2022-04-19 13:36:09,015] {python.py:239} INFO - Condition result is False
[2022-04-19 13:36:09,015] {python.py:245} INFO - Skipping downstream tasks...
[2022-04-19 13:36:09,028] {python.py:253} INFO - Done.
[2022-04-19 13:36:09,039] {taskinstance.py:1282} INFO - Marking task as SUCCESS. dag_id=hook_dag, task_id=cond_true, execution_date=20220419T133603, start_date=20220419T133608, end_date=20220419T133609
[2022-04-19 13:36:09,110] {local_task_job.py:154} INFO - Task exited with return code 0
[2022-04-19 13:36:09,140] {local_task_job.py:264} INFO - 0 downstream tasks scheduled from follow-on schedule check
