[2022-04-20 15:39:22,387] {taskinstance.py:1037} INFO - Dependencies all met for <TaskInstance: hook_dag.log_sensor_1 scheduled__2022-04-19T15:37:00+00:00 [queued]>
[2022-04-20 15:39:22,395] {taskinstance.py:1037} INFO - Dependencies all met for <TaskInstance: hook_dag.log_sensor_1 scheduled__2022-04-19T15:37:00+00:00 [queued]>
[2022-04-20 15:39:22,395] {taskinstance.py:1243} INFO - 
--------------------------------------------------------------------------------
[2022-04-20 15:39:22,395] {taskinstance.py:1244} INFO - Starting attempt 1 of 2
[2022-04-20 15:39:22,395] {taskinstance.py:1245} INFO - 
--------------------------------------------------------------------------------
[2022-04-20 15:39:22,405] {taskinstance.py:1264} INFO - Executing <Task(SqlSensor): log_sensor_1> on 2022-04-19 15:37:00+00:00
[2022-04-20 15:39:22,411] {standard_task_runner.py:52} INFO - Started process 22816 to run task
[2022-04-20 15:39:22,416] {standard_task_runner.py:76} INFO - Running: ['***', 'tasks', 'run', 'hook_dag', 'log_sensor_1', 'scheduled__2022-04-19T15:37:00+00:00', '--job-id', '775', '--raw', '--subdir', 'DAGS_FOLDER/hook_dag.py', '--cfg-path', '/tmp/tmpb4ycgsbg', '--error-file', '/tmp/tmplxfmebfc']
[2022-04-20 15:39:22,417] {standard_task_runner.py:77} INFO - Job 775: Subtask log_sensor_1
[2022-04-20 15:39:22,474] {logging_mixin.py:109} INFO - Running <TaskInstance: hook_dag.log_sensor_1 scheduled__2022-04-19T15:37:00+00:00 [running]> on host 22e04adb6bfa
[2022-04-20 15:39:22,522] {taskinstance.py:1431} INFO - Exporting the following env vars:
AIRFLOW_CTX_DAG_OWNER=***
AIRFLOW_CTX_DAG_ID=hook_dag
AIRFLOW_CTX_TASK_ID=log_sensor_1
AIRFLOW_CTX_EXECUTION_DATE=2022-04-19T15:37:00+00:00
AIRFLOW_CTX_DAG_RUN_ID=scheduled__2022-04-19T15:37:00+00:00
[2022-04-20 15:39:22,535] {base.py:79} INFO - Using connection to: id: postgres_default. Host: postgres, Port: 5432, Schema: ***, Login: ***, Password: ***, extra: {}
[2022-04-20 15:39:22,600] {sql.py:98} INFO - Poking: select case when q = 'true' then 1 else 0 end as q from  (
	select case when count(id)=0 then 'true' else 'false' end as q
	from list_flow_log
	where object_flow = 1 and status = 1
) t1; (with parameters None)
[2022-04-20 15:39:22,607] {base.py:79} INFO - Using connection to: id: postgres_default. Host: postgres, Port: 5432, Schema: ***, Login: ***, Password: ***, extra: {}
[2022-04-20 15:40:18,237] {local_task_job.py:212} WARNING - State of this instance has been externally set to failed. Terminating instance.
[2022-04-20 15:40:18,239] {process_utils.py:124} INFO - Sending Signals.SIGTERM to group 22816. PIDs of all processes in the group: [22816]
[2022-04-20 15:40:18,239] {process_utils.py:75} INFO - Sending the signal Signals.SIGTERM to group 22816
[2022-04-20 15:40:18,239] {taskinstance.py:1413} ERROR - Received SIGTERM. Terminating subprocesses.
[2022-04-20 15:40:18,291] {process_utils.py:70} INFO - Process psutil.Process(pid=22816, status='terminated', exitcode=0, started='15:39:21') (22816) terminated with exit code 0
