[2022-04-25 08:48:10,875] {taskinstance.py:1037} INFO - Dependencies all met for <TaskInstance: cso_2295_ipo_2_cso_xls.py.check_system_target2 manual__2022-04-25T08:46:57.683080+00:00 [queued]>
[2022-04-25 08:48:10,884] {taskinstance.py:1037} INFO - Dependencies all met for <TaskInstance: cso_2295_ipo_2_cso_xls.py.check_system_target2 manual__2022-04-25T08:46:57.683080+00:00 [queued]>
[2022-04-25 08:48:10,885] {taskinstance.py:1243} INFO - 
--------------------------------------------------------------------------------
[2022-04-25 08:48:10,885] {taskinstance.py:1244} INFO - Starting attempt 1 of 1
[2022-04-25 08:48:10,885] {taskinstance.py:1245} INFO - 
--------------------------------------------------------------------------------
[2022-04-25 08:48:10,892] {taskinstance.py:1264} INFO - Executing <Task(BranchPythonOperator): check_system_target2> on 2022-04-25 08:46:57.683080+00:00
[2022-04-25 08:48:10,896] {standard_task_runner.py:52} INFO - Started process 2650 to run task
[2022-04-25 08:48:10,899] {standard_task_runner.py:76} INFO - Running: ['***', 'tasks', 'run', 'cso_2295_ipo_2_cso_xls.py', 'check_system_target2', 'manual__2022-04-25T08:46:57.683080+00:00', '--job-id', '1204', '--raw', '--subdir', 'DAGS_FOLDER/cso_2295/cso_2295_ipo_2_cso_xls.py', '--cfg-path', '/tmp/tmpoppabmc5', '--error-file', '/tmp/tmpb0n69v5s']
[2022-04-25 08:48:10,899] {standard_task_runner.py:77} INFO - Job 1204: Subtask check_system_target2
[2022-04-25 08:48:10,939] {logging_mixin.py:109} INFO - Running <TaskInstance: cso_2295_ipo_2_cso_xls.py.check_system_target2 manual__2022-04-25T08:46:57.683080+00:00 [running]> on host 22e04adb6bfa
[2022-04-25 08:48:10,976] {taskinstance.py:1431} INFO - Exporting the following env vars:
AIRFLOW_CTX_DAG_OWNER=***
AIRFLOW_CTX_DAG_ID=cso_2295_ipo_2_cso_xls.py
AIRFLOW_CTX_TASK_ID=check_system_target2
AIRFLOW_CTX_EXECUTION_DATE=2022-04-25T08:46:57.683080+00:00
AIRFLOW_CTX_DAG_RUN_ID=manual__2022-04-25T08:46:57.683080+00:00
[2022-04-25 08:48:10,976] {python.py:175} INFO - Done. Returned value was: branching2
[2022-04-25 08:48:10,976] {skipmixin.py:140} INFO - Following branch branching2
[2022-04-25 08:48:10,977] {skipmixin.py:171} INFO - Skipping tasks ['log_err_access_target2']
[2022-04-25 08:48:11,004] {taskinstance.py:1282} INFO - Marking task as SUCCESS. dag_id=cso_2295_ipo_2_cso_xls.py, task_id=check_system_target2, execution_date=20220425T084657, start_date=20220425T084810, end_date=20220425T084811
[2022-04-25 08:48:11,030] {local_task_job.py:154} INFO - Task exited with return code 0
[2022-04-25 08:48:11,058] {local_task_job.py:264} INFO - 1 downstream tasks scheduled from follow-on schedule check
