[2022-04-07 13:35:15,806] {taskinstance.py:1037} INFO - Dependencies all met for <TaskInstance: my_project.training_model_C manual__2022-04-07T13:35:13.176577+00:00 [queued]>
[2022-04-07 13:35:15,815] {taskinstance.py:1037} INFO - Dependencies all met for <TaskInstance: my_project.training_model_C manual__2022-04-07T13:35:13.176577+00:00 [queued]>
[2022-04-07 13:35:15,815] {taskinstance.py:1243} INFO - 
--------------------------------------------------------------------------------
[2022-04-07 13:35:15,815] {taskinstance.py:1244} INFO - Starting attempt 1 of 1
[2022-04-07 13:35:15,815] {taskinstance.py:1245} INFO - 
--------------------------------------------------------------------------------
[2022-04-07 13:35:15,841] {taskinstance.py:1264} INFO - Executing <Task(PythonOperator): training_model_C> on 2022-04-07 13:35:13.176577+00:00
[2022-04-07 13:35:15,844] {standard_task_runner.py:52} INFO - Started process 978 to run task
[2022-04-07 13:35:15,847] {standard_task_runner.py:76} INFO - Running: ['***', 'tasks', 'run', 'my_project', 'training_model_C', 'manual__2022-04-07T13:35:13.176577+00:00', '--job-id', '76', '--raw', '--subdir', 'DAGS_FOLDER/my_project.py', '--cfg-path', '/tmp/tmpaieh00ez', '--error-file', '/tmp/tmpravqa2di']
[2022-04-07 13:35:15,848] {standard_task_runner.py:77} INFO - Job 76: Subtask training_model_C
[2022-04-07 13:35:15,905] {logging_mixin.py:109} INFO - Running <TaskInstance: my_project.training_model_C manual__2022-04-07T13:35:13.176577+00:00 [running]> on host d73239f69a26
[2022-04-07 13:35:16,086] {taskinstance.py:1431} INFO - Exporting the following env vars:
AIRFLOW_CTX_DAG_OWNER=***
AIRFLOW_CTX_DAG_ID=my_project
AIRFLOW_CTX_TASK_ID=training_model_C
AIRFLOW_CTX_EXECUTION_DATE=2022-04-07T13:35:13.176577+00:00
AIRFLOW_CTX_DAG_RUN_ID=manual__2022-04-07T13:35:13.176577+00:00
[2022-04-07 13:35:16,088] {python.py:175} INFO - Done. Returned value was: 2
[2022-04-07 13:35:16,168] {taskinstance.py:1282} INFO - Marking task as SUCCESS. dag_id=my_project, task_id=training_model_C, execution_date=20220407T133513, start_date=20220407T133515, end_date=20220407T133516
[2022-04-07 13:35:16,220] {local_task_job.py:154} INFO - Task exited with return code 0
[2022-04-07 13:35:16,251] {local_task_job.py:264} INFO - 0 downstream tasks scheduled from follow-on schedule check
