[2022-05-01 20:04:17,102] {processor.py:163} INFO - Started process (PID=107) to work on /opt/airflow/dags/hook_dag.py
[2022-05-01 20:04:17,102] {processor.py:642} INFO - Processing file /opt/airflow/dags/hook_dag.py for tasks to queue
[2022-05-01 20:04:17,103] {logging_mixin.py:109} INFO - [2022-05-01 20:04:17,103] {dagbag.py:500} INFO - Filling up the DagBag from /opt/airflow/dags/hook_dag.py
[2022-05-01 20:04:18,151] {processor.py:654} INFO - DAG(s) dict_keys(['hook_dag']) retrieved from /opt/airflow/dags/hook_dag.py
[2022-05-01 20:04:18,163] {logging_mixin.py:109} INFO - [2022-05-01 20:04:18,163] {dag.py:2398} INFO - Sync 1 DAGs
[2022-05-01 20:04:18,175] {logging_mixin.py:109} INFO - [2022-05-01 20:04:18,175] {dag.py:2937} INFO - Setting next_dagrun for hook_dag to None
[2022-05-01 20:04:18,204] {processor.py:171} INFO - Processing /opt/airflow/dags/hook_dag.py took 1.105 seconds
[2022-05-01 20:04:48,231] {processor.py:163} INFO - Started process (PID=161) to work on /opt/airflow/dags/hook_dag.py
[2022-05-01 20:04:48,232] {processor.py:642} INFO - Processing file /opt/airflow/dags/hook_dag.py for tasks to queue
[2022-05-01 20:04:48,232] {logging_mixin.py:109} INFO - [2022-05-01 20:04:48,232] {dagbag.py:500} INFO - Filling up the DagBag from /opt/airflow/dags/hook_dag.py
[2022-05-01 20:04:48,849] {processor.py:654} INFO - DAG(s) dict_keys(['hook_dag']) retrieved from /opt/airflow/dags/hook_dag.py
[2022-05-01 20:04:48,861] {logging_mixin.py:109} INFO - [2022-05-01 20:04:48,861] {dag.py:2398} INFO - Sync 1 DAGs
[2022-05-01 20:04:48,871] {logging_mixin.py:109} INFO - [2022-05-01 20:04:48,871] {dag.py:2937} INFO - Setting next_dagrun for hook_dag to None
[2022-05-01 20:04:48,876] {processor.py:171} INFO - Processing /opt/airflow/dags/hook_dag.py took 0.647 seconds
[2022-05-01 20:05:19,477] {processor.py:163} INFO - Started process (PID=215) to work on /opt/airflow/dags/hook_dag.py
[2022-05-01 20:05:19,478] {processor.py:642} INFO - Processing file /opt/airflow/dags/hook_dag.py for tasks to queue
[2022-05-01 20:05:19,478] {logging_mixin.py:109} INFO - [2022-05-01 20:05:19,478] {dagbag.py:500} INFO - Filling up the DagBag from /opt/airflow/dags/hook_dag.py
[2022-05-01 20:05:20,125] {processor.py:654} INFO - DAG(s) dict_keys(['hook_dag']) retrieved from /opt/airflow/dags/hook_dag.py
[2022-05-01 20:05:20,138] {logging_mixin.py:109} INFO - [2022-05-01 20:05:20,137] {dag.py:2398} INFO - Sync 1 DAGs
[2022-05-01 20:05:20,148] {logging_mixin.py:109} INFO - [2022-05-01 20:05:20,148] {dag.py:2937} INFO - Setting next_dagrun for hook_dag to None
[2022-05-01 20:05:20,168] {processor.py:171} INFO - Processing /opt/airflow/dags/hook_dag.py took 0.694 seconds
[2022-05-01 20:05:51,183] {processor.py:163} INFO - Started process (PID=268) to work on /opt/airflow/dags/hook_dag.py
[2022-05-01 20:05:51,185] {processor.py:642} INFO - Processing file /opt/airflow/dags/hook_dag.py for tasks to queue
[2022-05-01 20:05:51,191] {logging_mixin.py:109} INFO - [2022-05-01 20:05:51,190] {dagbag.py:500} INFO - Filling up the DagBag from /opt/airflow/dags/hook_dag.py
[2022-05-01 20:05:52,154] {processor.py:654} INFO - DAG(s) dict_keys(['hook_dag']) retrieved from /opt/airflow/dags/hook_dag.py
[2022-05-01 20:05:52,167] {logging_mixin.py:109} INFO - [2022-05-01 20:05:52,167] {dag.py:2398} INFO - Sync 1 DAGs
[2022-05-01 20:05:52,177] {logging_mixin.py:109} INFO - [2022-05-01 20:05:52,177] {dag.py:2937} INFO - Setting next_dagrun for hook_dag to None
[2022-05-01 20:05:52,183] {processor.py:171} INFO - Processing /opt/airflow/dags/hook_dag.py took 1.006 seconds
[2022-05-01 20:06:22,482] {processor.py:163} INFO - Started process (PID=313) to work on /opt/airflow/dags/hook_dag.py
[2022-05-01 20:06:22,483] {processor.py:642} INFO - Processing file /opt/airflow/dags/hook_dag.py for tasks to queue
[2022-05-01 20:06:22,484] {logging_mixin.py:109} INFO - [2022-05-01 20:06:22,484] {dagbag.py:500} INFO - Filling up the DagBag from /opt/airflow/dags/hook_dag.py
[2022-05-01 20:06:23,076] {processor.py:654} INFO - DAG(s) dict_keys(['hook_dag']) retrieved from /opt/airflow/dags/hook_dag.py
[2022-05-01 20:06:23,088] {logging_mixin.py:109} INFO - [2022-05-01 20:06:23,088] {dag.py:2398} INFO - Sync 1 DAGs
[2022-05-01 20:06:23,098] {logging_mixin.py:109} INFO - [2022-05-01 20:06:23,098] {dag.py:2937} INFO - Setting next_dagrun for hook_dag to None
[2022-05-01 20:06:23,103] {processor.py:171} INFO - Processing /opt/airflow/dags/hook_dag.py took 0.622 seconds
[2022-05-01 20:06:53,556] {processor.py:163} INFO - Started process (PID=362) to work on /opt/airflow/dags/hook_dag.py
[2022-05-01 20:06:53,557] {processor.py:642} INFO - Processing file /opt/airflow/dags/hook_dag.py for tasks to queue
[2022-05-01 20:06:53,557] {logging_mixin.py:109} INFO - [2022-05-01 20:06:53,557] {dagbag.py:500} INFO - Filling up the DagBag from /opt/airflow/dags/hook_dag.py
[2022-05-01 20:06:54,208] {processor.py:654} INFO - DAG(s) dict_keys(['hook_dag']) retrieved from /opt/airflow/dags/hook_dag.py
[2022-05-01 20:06:54,220] {logging_mixin.py:109} INFO - [2022-05-01 20:06:54,220] {dag.py:2398} INFO - Sync 1 DAGs
[2022-05-01 20:06:54,231] {logging_mixin.py:109} INFO - [2022-05-01 20:06:54,231] {dag.py:2937} INFO - Setting next_dagrun for hook_dag to None
[2022-05-01 20:06:54,250] {processor.py:171} INFO - Processing /opt/airflow/dags/hook_dag.py took 0.696 seconds
[2022-05-01 20:07:24,404] {processor.py:163} INFO - Started process (PID=403) to work on /opt/airflow/dags/hook_dag.py
[2022-05-01 20:07:24,406] {processor.py:642} INFO - Processing file /opt/airflow/dags/hook_dag.py for tasks to queue
[2022-05-01 20:07:24,406] {logging_mixin.py:109} INFO - [2022-05-01 20:07:24,406] {dagbag.py:500} INFO - Filling up the DagBag from /opt/airflow/dags/hook_dag.py
[2022-05-01 20:07:25,186] {processor.py:654} INFO - DAG(s) dict_keys(['hook_dag']) retrieved from /opt/airflow/dags/hook_dag.py
[2022-05-01 20:07:25,199] {logging_mixin.py:109} INFO - [2022-05-01 20:07:25,198] {dag.py:2398} INFO - Sync 1 DAGs
[2022-05-01 20:07:25,208] {logging_mixin.py:109} INFO - [2022-05-01 20:07:25,208] {dag.py:2937} INFO - Setting next_dagrun for hook_dag to None
[2022-05-01 20:07:25,214] {processor.py:171} INFO - Processing /opt/airflow/dags/hook_dag.py took 0.811 seconds
[2022-05-01 20:07:55,802] {processor.py:163} INFO - Started process (PID=462) to work on /opt/airflow/dags/hook_dag.py
[2022-05-01 20:07:55,803] {processor.py:642} INFO - Processing file /opt/airflow/dags/hook_dag.py for tasks to queue
[2022-05-01 20:07:55,803] {logging_mixin.py:109} INFO - [2022-05-01 20:07:55,803] {dagbag.py:500} INFO - Filling up the DagBag from /opt/airflow/dags/hook_dag.py
[2022-05-01 20:07:56,678] {processor.py:654} INFO - DAG(s) dict_keys(['hook_dag']) retrieved from /opt/airflow/dags/hook_dag.py
[2022-05-01 20:07:56,691] {logging_mixin.py:109} INFO - [2022-05-01 20:07:56,691] {dag.py:2398} INFO - Sync 1 DAGs
[2022-05-01 20:07:56,702] {logging_mixin.py:109} INFO - [2022-05-01 20:07:56,702] {dag.py:2937} INFO - Setting next_dagrun for hook_dag to None
[2022-05-01 20:07:56,708] {processor.py:171} INFO - Processing /opt/airflow/dags/hook_dag.py took 0.909 seconds
[2022-05-01 20:08:26,738] {processor.py:163} INFO - Started process (PID=517) to work on /opt/airflow/dags/hook_dag.py
[2022-05-01 20:08:26,740] {processor.py:642} INFO - Processing file /opt/airflow/dags/hook_dag.py for tasks to queue
[2022-05-01 20:08:26,740] {logging_mixin.py:109} INFO - [2022-05-01 20:08:26,740] {dagbag.py:500} INFO - Filling up the DagBag from /opt/airflow/dags/hook_dag.py
[2022-05-01 20:08:27,852] {processor.py:654} INFO - DAG(s) dict_keys(['hook_dag']) retrieved from /opt/airflow/dags/hook_dag.py
[2022-05-01 20:08:27,864] {logging_mixin.py:109} INFO - [2022-05-01 20:08:27,864] {dag.py:2398} INFO - Sync 1 DAGs
[2022-05-01 20:08:27,874] {logging_mixin.py:109} INFO - [2022-05-01 20:08:27,874] {dag.py:2937} INFO - Setting next_dagrun for hook_dag to None
[2022-05-01 20:08:27,879] {processor.py:171} INFO - Processing /opt/airflow/dags/hook_dag.py took 1.143 seconds
[2022-05-01 20:08:57,964] {processor.py:163} INFO - Started process (PID=560) to work on /opt/airflow/dags/hook_dag.py
[2022-05-01 20:08:57,965] {processor.py:642} INFO - Processing file /opt/airflow/dags/hook_dag.py for tasks to queue
[2022-05-01 20:08:57,966] {logging_mixin.py:109} INFO - [2022-05-01 20:08:57,965] {dagbag.py:500} INFO - Filling up the DagBag from /opt/airflow/dags/hook_dag.py
[2022-05-01 20:08:58,628] {processor.py:654} INFO - DAG(s) dict_keys(['hook_dag']) retrieved from /opt/airflow/dags/hook_dag.py
[2022-05-01 20:08:58,641] {logging_mixin.py:109} INFO - [2022-05-01 20:08:58,640] {dag.py:2398} INFO - Sync 1 DAGs
[2022-05-01 20:08:58,651] {logging_mixin.py:109} INFO - [2022-05-01 20:08:58,651] {dag.py:2937} INFO - Setting next_dagrun for hook_dag to None
[2022-05-01 20:08:58,657] {processor.py:171} INFO - Processing /opt/airflow/dags/hook_dag.py took 0.697 seconds
[2022-05-01 20:09:29,238] {processor.py:163} INFO - Started process (PID=614) to work on /opt/airflow/dags/hook_dag.py
[2022-05-01 20:09:29,239] {processor.py:642} INFO - Processing file /opt/airflow/dags/hook_dag.py for tasks to queue
[2022-05-01 20:09:29,240] {logging_mixin.py:109} INFO - [2022-05-01 20:09:29,240] {dagbag.py:500} INFO - Filling up the DagBag from /opt/airflow/dags/hook_dag.py
[2022-05-01 20:09:29,937] {processor.py:654} INFO - DAG(s) dict_keys(['hook_dag']) retrieved from /opt/airflow/dags/hook_dag.py
[2022-05-01 20:09:29,950] {logging_mixin.py:109} INFO - [2022-05-01 20:09:29,950] {dag.py:2398} INFO - Sync 1 DAGs
[2022-05-01 20:09:29,960] {logging_mixin.py:109} INFO - [2022-05-01 20:09:29,960] {dag.py:2937} INFO - Setting next_dagrun for hook_dag to None
[2022-05-01 20:09:29,965] {processor.py:171} INFO - Processing /opt/airflow/dags/hook_dag.py took 0.728 seconds
[2022-05-01 20:10:00,399] {processor.py:163} INFO - Started process (PID=667) to work on /opt/airflow/dags/hook_dag.py
[2022-05-01 20:10:00,400] {processor.py:642} INFO - Processing file /opt/airflow/dags/hook_dag.py for tasks to queue
[2022-05-01 20:10:00,401] {logging_mixin.py:109} INFO - [2022-05-01 20:10:00,401] {dagbag.py:500} INFO - Filling up the DagBag from /opt/airflow/dags/hook_dag.py
[2022-05-01 20:10:01,118] {processor.py:654} INFO - DAG(s) dict_keys(['hook_dag']) retrieved from /opt/airflow/dags/hook_dag.py
[2022-05-01 20:10:01,139] {logging_mixin.py:109} INFO - [2022-05-01 20:10:01,139] {dag.py:2398} INFO - Sync 1 DAGs
[2022-05-01 20:10:01,155] {logging_mixin.py:109} INFO - [2022-05-01 20:10:01,155] {dag.py:2937} INFO - Setting next_dagrun for hook_dag to None
[2022-05-01 20:10:01,189] {processor.py:171} INFO - Processing /opt/airflow/dags/hook_dag.py took 0.792 seconds
[2022-05-01 20:10:31,791] {processor.py:163} INFO - Started process (PID=711) to work on /opt/airflow/dags/hook_dag.py
[2022-05-01 20:10:31,794] {processor.py:642} INFO - Processing file /opt/airflow/dags/hook_dag.py for tasks to queue
[2022-05-01 20:10:31,795] {logging_mixin.py:109} INFO - [2022-05-01 20:10:31,795] {dagbag.py:500} INFO - Filling up the DagBag from /opt/airflow/dags/hook_dag.py
[2022-05-01 20:10:32,524] {processor.py:654} INFO - DAG(s) dict_keys(['hook_dag']) retrieved from /opt/airflow/dags/hook_dag.py
[2022-05-01 20:10:32,542] {logging_mixin.py:109} INFO - [2022-05-01 20:10:32,541] {dag.py:2398} INFO - Sync 1 DAGs
[2022-05-01 20:10:32,551] {logging_mixin.py:109} INFO - [2022-05-01 20:10:32,551] {dag.py:2937} INFO - Setting next_dagrun for hook_dag to None
[2022-05-01 20:10:32,557] {processor.py:171} INFO - Processing /opt/airflow/dags/hook_dag.py took 0.768 seconds
[2022-05-01 20:11:03,173] {processor.py:163} INFO - Started process (PID=762) to work on /opt/airflow/dags/hook_dag.py
[2022-05-01 20:11:03,173] {processor.py:642} INFO - Processing file /opt/airflow/dags/hook_dag.py for tasks to queue
[2022-05-01 20:11:03,174] {logging_mixin.py:109} INFO - [2022-05-01 20:11:03,174] {dagbag.py:500} INFO - Filling up the DagBag from /opt/airflow/dags/hook_dag.py
[2022-05-01 20:11:03,883] {processor.py:654} INFO - DAG(s) dict_keys(['hook_dag']) retrieved from /opt/airflow/dags/hook_dag.py
[2022-05-01 20:11:03,896] {logging_mixin.py:109} INFO - [2022-05-01 20:11:03,896] {dag.py:2398} INFO - Sync 1 DAGs
[2022-05-01 20:11:03,906] {logging_mixin.py:109} INFO - [2022-05-01 20:11:03,906] {dag.py:2937} INFO - Setting next_dagrun for hook_dag to None
[2022-05-01 20:11:03,911] {processor.py:171} INFO - Processing /opt/airflow/dags/hook_dag.py took 0.741 seconds
[2022-05-01 20:11:34,441] {processor.py:163} INFO - Started process (PID=812) to work on /opt/airflow/dags/hook_dag.py
[2022-05-01 20:11:34,454] {processor.py:642} INFO - Processing file /opt/airflow/dags/hook_dag.py for tasks to queue
[2022-05-01 20:11:34,455] {logging_mixin.py:109} INFO - [2022-05-01 20:11:34,455] {dagbag.py:500} INFO - Filling up the DagBag from /opt/airflow/dags/hook_dag.py
[2022-05-01 20:11:36,056] {processor.py:654} INFO - DAG(s) dict_keys(['hook_dag']) retrieved from /opt/airflow/dags/hook_dag.py
[2022-05-01 20:11:36,085] {logging_mixin.py:109} INFO - [2022-05-01 20:11:36,084] {dag.py:2398} INFO - Sync 1 DAGs
[2022-05-01 20:11:36,107] {logging_mixin.py:109} INFO - [2022-05-01 20:11:36,107] {dag.py:2937} INFO - Setting next_dagrun for hook_dag to None
[2022-05-01 20:11:36,116] {processor.py:171} INFO - Processing /opt/airflow/dags/hook_dag.py took 1.677 seconds
[2022-05-01 20:12:06,524] {processor.py:163} INFO - Started process (PID=862) to work on /opt/airflow/dags/hook_dag.py
[2022-05-01 20:12:06,527] {processor.py:642} INFO - Processing file /opt/airflow/dags/hook_dag.py for tasks to queue
[2022-05-01 20:12:06,528] {logging_mixin.py:109} INFO - [2022-05-01 20:12:06,528] {dagbag.py:500} INFO - Filling up the DagBag from /opt/airflow/dags/hook_dag.py
[2022-05-01 20:12:07,179] {processor.py:654} INFO - DAG(s) dict_keys(['hook_dag']) retrieved from /opt/airflow/dags/hook_dag.py
[2022-05-01 20:12:07,193] {logging_mixin.py:109} INFO - [2022-05-01 20:12:07,192] {dag.py:2398} INFO - Sync 1 DAGs
[2022-05-01 20:12:07,202] {logging_mixin.py:109} INFO - [2022-05-01 20:12:07,202] {dag.py:2937} INFO - Setting next_dagrun for hook_dag to None
[2022-05-01 20:12:07,208] {processor.py:171} INFO - Processing /opt/airflow/dags/hook_dag.py took 0.692 seconds
[2022-05-01 20:12:37,305] {processor.py:163} INFO - Started process (PID=914) to work on /opt/airflow/dags/hook_dag.py
[2022-05-01 20:12:37,306] {processor.py:642} INFO - Processing file /opt/airflow/dags/hook_dag.py for tasks to queue
[2022-05-01 20:12:37,307] {logging_mixin.py:109} INFO - [2022-05-01 20:12:37,306] {dagbag.py:500} INFO - Filling up the DagBag from /opt/airflow/dags/hook_dag.py
[2022-05-01 20:12:38,128] {processor.py:654} INFO - DAG(s) dict_keys(['hook_dag']) retrieved from /opt/airflow/dags/hook_dag.py
[2022-05-01 20:12:38,146] {logging_mixin.py:109} INFO - [2022-05-01 20:12:38,146] {dag.py:2398} INFO - Sync 1 DAGs
[2022-05-01 20:12:38,159] {logging_mixin.py:109} INFO - [2022-05-01 20:12:38,159] {dag.py:2937} INFO - Setting next_dagrun for hook_dag to None
[2022-05-01 20:12:38,175] {processor.py:171} INFO - Processing /opt/airflow/dags/hook_dag.py took 0.871 seconds
[2022-05-01 20:13:08,205] {processor.py:163} INFO - Started process (PID=954) to work on /opt/airflow/dags/hook_dag.py
[2022-05-01 20:13:08,215] {processor.py:642} INFO - Processing file /opt/airflow/dags/hook_dag.py for tasks to queue
[2022-05-01 20:13:08,215] {logging_mixin.py:109} INFO - [2022-05-01 20:13:08,215] {dagbag.py:500} INFO - Filling up the DagBag from /opt/airflow/dags/hook_dag.py
[2022-05-01 20:13:08,913] {processor.py:654} INFO - DAG(s) dict_keys(['hook_dag']) retrieved from /opt/airflow/dags/hook_dag.py
[2022-05-01 20:13:08,925] {logging_mixin.py:109} INFO - [2022-05-01 20:13:08,924] {dag.py:2398} INFO - Sync 1 DAGs
[2022-05-01 20:13:08,934] {logging_mixin.py:109} INFO - [2022-05-01 20:13:08,934] {dag.py:2937} INFO - Setting next_dagrun for hook_dag to None
[2022-05-01 20:13:08,939] {processor.py:171} INFO - Processing /opt/airflow/dags/hook_dag.py took 0.736 seconds
[2022-05-01 20:13:39,994] {processor.py:163} INFO - Started process (PID=1009) to work on /opt/airflow/dags/hook_dag.py
[2022-05-01 20:13:39,995] {processor.py:642} INFO - Processing file /opt/airflow/dags/hook_dag.py for tasks to queue
[2022-05-01 20:13:39,995] {logging_mixin.py:109} INFO - [2022-05-01 20:13:39,995] {dagbag.py:500} INFO - Filling up the DagBag from /opt/airflow/dags/hook_dag.py
[2022-05-01 20:13:40,629] {processor.py:654} INFO - DAG(s) dict_keys(['hook_dag']) retrieved from /opt/airflow/dags/hook_dag.py
[2022-05-01 20:13:40,641] {logging_mixin.py:109} INFO - [2022-05-01 20:13:40,641] {dag.py:2398} INFO - Sync 1 DAGs
[2022-05-01 20:13:40,651] {logging_mixin.py:109} INFO - [2022-05-01 20:13:40,651] {dag.py:2937} INFO - Setting next_dagrun for hook_dag to None
[2022-05-01 20:13:40,656] {processor.py:171} INFO - Processing /opt/airflow/dags/hook_dag.py took 0.664 seconds
[2022-05-01 20:14:11,244] {processor.py:163} INFO - Started process (PID=1065) to work on /opt/airflow/dags/hook_dag.py
[2022-05-01 20:14:11,245] {processor.py:642} INFO - Processing file /opt/airflow/dags/hook_dag.py for tasks to queue
[2022-05-01 20:14:11,245] {logging_mixin.py:109} INFO - [2022-05-01 20:14:11,245] {dagbag.py:500} INFO - Filling up the DagBag from /opt/airflow/dags/hook_dag.py
[2022-05-01 20:14:11,920] {processor.py:654} INFO - DAG(s) dict_keys(['hook_dag']) retrieved from /opt/airflow/dags/hook_dag.py
[2022-05-01 20:14:11,933] {logging_mixin.py:109} INFO - [2022-05-01 20:14:11,933] {dag.py:2398} INFO - Sync 1 DAGs
[2022-05-01 20:14:11,943] {logging_mixin.py:109} INFO - [2022-05-01 20:14:11,943] {dag.py:2937} INFO - Setting next_dagrun for hook_dag to None
[2022-05-01 20:14:11,948] {processor.py:171} INFO - Processing /opt/airflow/dags/hook_dag.py took 0.706 seconds
[2022-05-01 20:14:43,030] {processor.py:163} INFO - Started process (PID=1115) to work on /opt/airflow/dags/hook_dag.py
[2022-05-01 20:14:43,031] {processor.py:642} INFO - Processing file /opt/airflow/dags/hook_dag.py for tasks to queue
[2022-05-01 20:14:43,031] {logging_mixin.py:109} INFO - [2022-05-01 20:14:43,031] {dagbag.py:500} INFO - Filling up the DagBag from /opt/airflow/dags/hook_dag.py
[2022-05-01 20:14:43,637] {processor.py:654} INFO - DAG(s) dict_keys(['hook_dag']) retrieved from /opt/airflow/dags/hook_dag.py
[2022-05-01 20:14:43,650] {logging_mixin.py:109} INFO - [2022-05-01 20:14:43,649] {dag.py:2398} INFO - Sync 1 DAGs
[2022-05-01 20:14:43,660] {logging_mixin.py:109} INFO - [2022-05-01 20:14:43,660] {dag.py:2937} INFO - Setting next_dagrun for hook_dag to None
[2022-05-01 20:14:43,665] {processor.py:171} INFO - Processing /opt/airflow/dags/hook_dag.py took 0.637 seconds
[2022-05-01 20:15:13,956] {processor.py:163} INFO - Started process (PID=1164) to work on /opt/airflow/dags/hook_dag.py
[2022-05-01 20:15:13,957] {processor.py:642} INFO - Processing file /opt/airflow/dags/hook_dag.py for tasks to queue
[2022-05-01 20:15:13,957] {logging_mixin.py:109} INFO - [2022-05-01 20:15:13,957] {dagbag.py:500} INFO - Filling up the DagBag from /opt/airflow/dags/hook_dag.py
[2022-05-01 20:15:14,569] {processor.py:654} INFO - DAG(s) dict_keys(['hook_dag']) retrieved from /opt/airflow/dags/hook_dag.py
[2022-05-01 20:15:14,582] {logging_mixin.py:109} INFO - [2022-05-01 20:15:14,581] {dag.py:2398} INFO - Sync 1 DAGs
[2022-05-01 20:15:14,592] {logging_mixin.py:109} INFO - [2022-05-01 20:15:14,592] {dag.py:2937} INFO - Setting next_dagrun for hook_dag to None
[2022-05-01 20:15:14,598] {processor.py:171} INFO - Processing /opt/airflow/dags/hook_dag.py took 0.644 seconds
[2022-05-01 20:15:44,748] {processor.py:163} INFO - Started process (PID=1214) to work on /opt/airflow/dags/hook_dag.py
[2022-05-01 20:15:44,749] {processor.py:642} INFO - Processing file /opt/airflow/dags/hook_dag.py for tasks to queue
[2022-05-01 20:15:44,750] {logging_mixin.py:109} INFO - [2022-05-01 20:15:44,750] {dagbag.py:500} INFO - Filling up the DagBag from /opt/airflow/dags/hook_dag.py
[2022-05-01 20:15:45,359] {processor.py:654} INFO - DAG(s) dict_keys(['hook_dag']) retrieved from /opt/airflow/dags/hook_dag.py
[2022-05-01 20:15:45,372] {logging_mixin.py:109} INFO - [2022-05-01 20:15:45,372] {dag.py:2398} INFO - Sync 1 DAGs
[2022-05-01 20:15:45,384] {logging_mixin.py:109} INFO - [2022-05-01 20:15:45,384] {dag.py:2937} INFO - Setting next_dagrun for hook_dag to None
[2022-05-01 20:15:45,396] {processor.py:171} INFO - Processing /opt/airflow/dags/hook_dag.py took 0.650 seconds
[2022-05-01 20:16:16,412] {processor.py:163} INFO - Started process (PID=1256) to work on /opt/airflow/dags/hook_dag.py
[2022-05-01 20:16:16,416] {processor.py:642} INFO - Processing file /opt/airflow/dags/hook_dag.py for tasks to queue
[2022-05-01 20:16:16,418] {logging_mixin.py:109} INFO - [2022-05-01 20:16:16,418] {dagbag.py:500} INFO - Filling up the DagBag from /opt/airflow/dags/hook_dag.py
[2022-05-01 20:16:17,709] {processor.py:654} INFO - DAG(s) dict_keys(['hook_dag']) retrieved from /opt/airflow/dags/hook_dag.py
[2022-05-01 20:16:17,725] {logging_mixin.py:109} INFO - [2022-05-01 20:16:17,725] {dag.py:2398} INFO - Sync 1 DAGs
[2022-05-01 20:16:17,735] {logging_mixin.py:109} INFO - [2022-05-01 20:16:17,735] {dag.py:2937} INFO - Setting next_dagrun for hook_dag to None
[2022-05-01 20:16:17,740] {processor.py:171} INFO - Processing /opt/airflow/dags/hook_dag.py took 1.330 seconds
[2022-05-01 20:16:47,764] {processor.py:163} INFO - Started process (PID=1308) to work on /opt/airflow/dags/hook_dag.py
[2022-05-01 20:16:47,765] {processor.py:642} INFO - Processing file /opt/airflow/dags/hook_dag.py for tasks to queue
[2022-05-01 20:16:47,766] {logging_mixin.py:109} INFO - [2022-05-01 20:16:47,766] {dagbag.py:500} INFO - Filling up the DagBag from /opt/airflow/dags/hook_dag.py
[2022-05-01 20:16:48,462] {processor.py:654} INFO - DAG(s) dict_keys(['hook_dag']) retrieved from /opt/airflow/dags/hook_dag.py
[2022-05-01 20:16:48,476] {logging_mixin.py:109} INFO - [2022-05-01 20:16:48,475] {dag.py:2398} INFO - Sync 1 DAGs
[2022-05-01 20:16:48,486] {logging_mixin.py:109} INFO - [2022-05-01 20:16:48,486] {dag.py:2937} INFO - Setting next_dagrun for hook_dag to None
[2022-05-01 20:16:48,491] {processor.py:171} INFO - Processing /opt/airflow/dags/hook_dag.py took 0.729 seconds
[2022-05-01 20:17:19,625] {processor.py:163} INFO - Started process (PID=1362) to work on /opt/airflow/dags/hook_dag.py
[2022-05-01 20:17:19,626] {processor.py:642} INFO - Processing file /opt/airflow/dags/hook_dag.py for tasks to queue
[2022-05-01 20:17:19,627] {logging_mixin.py:109} INFO - [2022-05-01 20:17:19,627] {dagbag.py:500} INFO - Filling up the DagBag from /opt/airflow/dags/hook_dag.py
[2022-05-01 20:17:20,401] {processor.py:654} INFO - DAG(s) dict_keys(['hook_dag']) retrieved from /opt/airflow/dags/hook_dag.py
[2022-05-01 20:17:20,414] {logging_mixin.py:109} INFO - [2022-05-01 20:17:20,414] {dag.py:2398} INFO - Sync 1 DAGs
[2022-05-01 20:17:20,424] {logging_mixin.py:109} INFO - [2022-05-01 20:17:20,424] {dag.py:2937} INFO - Setting next_dagrun for hook_dag to None
[2022-05-01 20:17:20,436] {processor.py:171} INFO - Processing /opt/airflow/dags/hook_dag.py took 0.813 seconds
[2022-05-01 20:17:51,187] {processor.py:163} INFO - Started process (PID=1405) to work on /opt/airflow/dags/hook_dag.py
[2022-05-01 20:17:51,194] {processor.py:642} INFO - Processing file /opt/airflow/dags/hook_dag.py for tasks to queue
[2022-05-01 20:17:51,194] {logging_mixin.py:109} INFO - [2022-05-01 20:17:51,194] {dagbag.py:500} INFO - Filling up the DagBag from /opt/airflow/dags/hook_dag.py
[2022-05-01 20:17:51,932] {processor.py:654} INFO - DAG(s) dict_keys(['hook_dag']) retrieved from /opt/airflow/dags/hook_dag.py
[2022-05-01 20:17:51,945] {logging_mixin.py:109} INFO - [2022-05-01 20:17:51,945] {dag.py:2398} INFO - Sync 1 DAGs
[2022-05-01 20:17:51,956] {logging_mixin.py:109} INFO - [2022-05-01 20:17:51,956] {dag.py:2937} INFO - Setting next_dagrun for hook_dag to None
[2022-05-01 20:17:51,962] {processor.py:171} INFO - Processing /opt/airflow/dags/hook_dag.py took 0.783 seconds
[2022-05-01 20:18:22,739] {processor.py:163} INFO - Started process (PID=1460) to work on /opt/airflow/dags/hook_dag.py
[2022-05-01 20:18:22,740] {processor.py:642} INFO - Processing file /opt/airflow/dags/hook_dag.py for tasks to queue
[2022-05-01 20:18:22,740] {logging_mixin.py:109} INFO - [2022-05-01 20:18:22,740] {dagbag.py:500} INFO - Filling up the DagBag from /opt/airflow/dags/hook_dag.py
[2022-05-01 20:18:23,303] {processor.py:654} INFO - DAG(s) dict_keys(['hook_dag']) retrieved from /opt/airflow/dags/hook_dag.py
[2022-05-01 20:18:23,316] {logging_mixin.py:109} INFO - [2022-05-01 20:18:23,315] {dag.py:2398} INFO - Sync 1 DAGs
[2022-05-01 20:18:23,326] {logging_mixin.py:109} INFO - [2022-05-01 20:18:23,326] {dag.py:2937} INFO - Setting next_dagrun for hook_dag to None
[2022-05-01 20:18:23,331] {processor.py:171} INFO - Processing /opt/airflow/dags/hook_dag.py took 0.595 seconds
[2022-05-01 20:18:53,381] {processor.py:163} INFO - Started process (PID=1509) to work on /opt/airflow/dags/hook_dag.py
[2022-05-01 20:18:53,382] {processor.py:642} INFO - Processing file /opt/airflow/dags/hook_dag.py for tasks to queue
[2022-05-01 20:18:53,382] {logging_mixin.py:109} INFO - [2022-05-01 20:18:53,382] {dagbag.py:500} INFO - Filling up the DagBag from /opt/airflow/dags/hook_dag.py
[2022-05-01 20:18:53,986] {processor.py:654} INFO - DAG(s) dict_keys(['hook_dag']) retrieved from /opt/airflow/dags/hook_dag.py
[2022-05-01 20:18:53,998] {logging_mixin.py:109} INFO - [2022-05-01 20:18:53,998] {dag.py:2398} INFO - Sync 1 DAGs
[2022-05-01 20:18:54,008] {logging_mixin.py:109} INFO - [2022-05-01 20:18:54,007] {dag.py:2937} INFO - Setting next_dagrun for hook_dag to None
[2022-05-01 20:18:54,012] {processor.py:171} INFO - Processing /opt/airflow/dags/hook_dag.py took 0.633 seconds
[2022-05-01 20:19:24,823] {processor.py:163} INFO - Started process (PID=1554) to work on /opt/airflow/dags/hook_dag.py
[2022-05-01 20:19:24,825] {processor.py:642} INFO - Processing file /opt/airflow/dags/hook_dag.py for tasks to queue
[2022-05-01 20:19:24,825] {logging_mixin.py:109} INFO - [2022-05-01 20:19:24,825] {dagbag.py:500} INFO - Filling up the DagBag from /opt/airflow/dags/hook_dag.py
[2022-05-01 20:19:25,574] {processor.py:654} INFO - DAG(s) dict_keys(['hook_dag']) retrieved from /opt/airflow/dags/hook_dag.py
[2022-05-01 20:19:25,587] {logging_mixin.py:109} INFO - [2022-05-01 20:19:25,587] {dag.py:2398} INFO - Sync 1 DAGs
[2022-05-01 20:19:25,598] {logging_mixin.py:109} INFO - [2022-05-01 20:19:25,598] {dag.py:2937} INFO - Setting next_dagrun for hook_dag to None
[2022-05-01 20:19:25,604] {processor.py:171} INFO - Processing /opt/airflow/dags/hook_dag.py took 0.786 seconds
[2022-05-01 20:19:56,146] {processor.py:163} INFO - Started process (PID=1608) to work on /opt/airflow/dags/hook_dag.py
[2022-05-01 20:19:56,147] {processor.py:642} INFO - Processing file /opt/airflow/dags/hook_dag.py for tasks to queue
[2022-05-01 20:19:56,148] {logging_mixin.py:109} INFO - [2022-05-01 20:19:56,148] {dagbag.py:500} INFO - Filling up the DagBag from /opt/airflow/dags/hook_dag.py
[2022-05-01 20:19:56,819] {processor.py:654} INFO - DAG(s) dict_keys(['hook_dag']) retrieved from /opt/airflow/dags/hook_dag.py
[2022-05-01 20:19:56,831] {logging_mixin.py:109} INFO - [2022-05-01 20:19:56,831] {dag.py:2398} INFO - Sync 1 DAGs
[2022-05-01 20:19:56,841] {logging_mixin.py:109} INFO - [2022-05-01 20:19:56,841] {dag.py:2937} INFO - Setting next_dagrun for hook_dag to None
[2022-05-01 20:19:56,846] {processor.py:171} INFO - Processing /opt/airflow/dags/hook_dag.py took 0.702 seconds
[2022-05-01 20:20:27,228] {processor.py:163} INFO - Started process (PID=1658) to work on /opt/airflow/dags/hook_dag.py
[2022-05-01 20:20:27,229] {processor.py:642} INFO - Processing file /opt/airflow/dags/hook_dag.py for tasks to queue
[2022-05-01 20:20:27,230] {logging_mixin.py:109} INFO - [2022-05-01 20:20:27,230] {dagbag.py:500} INFO - Filling up the DagBag from /opt/airflow/dags/hook_dag.py
[2022-05-01 20:20:27,902] {processor.py:654} INFO - DAG(s) dict_keys(['hook_dag']) retrieved from /opt/airflow/dags/hook_dag.py
[2022-05-01 20:20:27,916] {logging_mixin.py:109} INFO - [2022-05-01 20:20:27,915] {dag.py:2398} INFO - Sync 1 DAGs
[2022-05-01 20:20:27,927] {logging_mixin.py:109} INFO - [2022-05-01 20:20:27,927] {dag.py:2937} INFO - Setting next_dagrun for hook_dag to None
[2022-05-01 20:20:27,932] {processor.py:171} INFO - Processing /opt/airflow/dags/hook_dag.py took 0.706 seconds
[2022-05-01 20:20:58,981] {processor.py:163} INFO - Started process (PID=1698) to work on /opt/airflow/dags/hook_dag.py
[2022-05-01 20:20:58,982] {processor.py:642} INFO - Processing file /opt/airflow/dags/hook_dag.py for tasks to queue
[2022-05-01 20:20:58,982] {logging_mixin.py:109} INFO - [2022-05-01 20:20:58,982] {dagbag.py:500} INFO - Filling up the DagBag from /opt/airflow/dags/hook_dag.py
[2022-05-01 20:21:00,120] {processor.py:654} INFO - DAG(s) dict_keys(['hook_dag']) retrieved from /opt/airflow/dags/hook_dag.py
[2022-05-01 20:21:00,137] {logging_mixin.py:109} INFO - [2022-05-01 20:21:00,137] {dag.py:2398} INFO - Sync 1 DAGs
[2022-05-01 20:21:00,152] {logging_mixin.py:109} INFO - [2022-05-01 20:21:00,152] {dag.py:2937} INFO - Setting next_dagrun for hook_dag to None
[2022-05-01 20:21:00,160] {processor.py:171} INFO - Processing /opt/airflow/dags/hook_dag.py took 1.181 seconds
[2022-05-01 20:21:30,399] {processor.py:163} INFO - Started process (PID=1757) to work on /opt/airflow/dags/hook_dag.py
[2022-05-01 20:21:30,401] {processor.py:642} INFO - Processing file /opt/airflow/dags/hook_dag.py for tasks to queue
[2022-05-01 20:21:30,401] {logging_mixin.py:109} INFO - [2022-05-01 20:21:30,401] {dagbag.py:500} INFO - Filling up the DagBag from /opt/airflow/dags/hook_dag.py
[2022-05-01 20:21:30,989] {processor.py:654} INFO - DAG(s) dict_keys(['hook_dag']) retrieved from /opt/airflow/dags/hook_dag.py
[2022-05-01 20:21:31,001] {logging_mixin.py:109} INFO - [2022-05-01 20:21:31,001] {dag.py:2398} INFO - Sync 1 DAGs
[2022-05-01 20:21:31,011] {logging_mixin.py:109} INFO - [2022-05-01 20:21:31,011] {dag.py:2937} INFO - Setting next_dagrun for hook_dag to None
[2022-05-01 20:21:31,016] {processor.py:171} INFO - Processing /opt/airflow/dags/hook_dag.py took 0.619 seconds
[2022-05-01 20:22:01,824] {processor.py:163} INFO - Started process (PID=1809) to work on /opt/airflow/dags/hook_dag.py
[2022-05-01 20:22:01,828] {processor.py:642} INFO - Processing file /opt/airflow/dags/hook_dag.py for tasks to queue
[2022-05-01 20:22:01,830] {logging_mixin.py:109} INFO - [2022-05-01 20:22:01,830] {dagbag.py:500} INFO - Filling up the DagBag from /opt/airflow/dags/hook_dag.py
[2022-05-01 20:22:02,545] {processor.py:654} INFO - DAG(s) dict_keys(['hook_dag']) retrieved from /opt/airflow/dags/hook_dag.py
[2022-05-01 20:22:02,558] {logging_mixin.py:109} INFO - [2022-05-01 20:22:02,558] {dag.py:2398} INFO - Sync 1 DAGs
[2022-05-01 20:22:02,568] {logging_mixin.py:109} INFO - [2022-05-01 20:22:02,568] {dag.py:2937} INFO - Setting next_dagrun for hook_dag to None
[2022-05-01 20:22:02,574] {processor.py:171} INFO - Processing /opt/airflow/dags/hook_dag.py took 0.754 seconds
[2022-05-01 20:22:32,640] {processor.py:163} INFO - Started process (PID=1857) to work on /opt/airflow/dags/hook_dag.py
[2022-05-01 20:22:32,641] {processor.py:642} INFO - Processing file /opt/airflow/dags/hook_dag.py for tasks to queue
[2022-05-01 20:22:32,641] {logging_mixin.py:109} INFO - [2022-05-01 20:22:32,641] {dagbag.py:500} INFO - Filling up the DagBag from /opt/airflow/dags/hook_dag.py
[2022-05-01 20:22:33,244] {processor.py:654} INFO - DAG(s) dict_keys(['hook_dag']) retrieved from /opt/airflow/dags/hook_dag.py
[2022-05-01 20:22:33,256] {logging_mixin.py:109} INFO - [2022-05-01 20:22:33,256] {dag.py:2398} INFO - Sync 1 DAGs
[2022-05-01 20:22:33,266] {logging_mixin.py:109} INFO - [2022-05-01 20:22:33,266] {dag.py:2937} INFO - Setting next_dagrun for hook_dag to None
[2022-05-01 20:22:33,271] {processor.py:171} INFO - Processing /opt/airflow/dags/hook_dag.py took 0.633 seconds
[2022-05-01 20:23:03,861] {processor.py:163} INFO - Started process (PID=1910) to work on /opt/airflow/dags/hook_dag.py
[2022-05-01 20:23:03,862] {processor.py:642} INFO - Processing file /opt/airflow/dags/hook_dag.py for tasks to queue
[2022-05-01 20:23:03,863] {logging_mixin.py:109} INFO - [2022-05-01 20:23:03,863] {dagbag.py:500} INFO - Filling up the DagBag from /opt/airflow/dags/hook_dag.py
[2022-05-01 20:23:04,439] {processor.py:654} INFO - DAG(s) dict_keys(['hook_dag']) retrieved from /opt/airflow/dags/hook_dag.py
[2022-05-01 20:23:04,451] {logging_mixin.py:109} INFO - [2022-05-01 20:23:04,451] {dag.py:2398} INFO - Sync 1 DAGs
[2022-05-01 20:23:04,461] {logging_mixin.py:109} INFO - [2022-05-01 20:23:04,461] {dag.py:2937} INFO - Setting next_dagrun for hook_dag to None
[2022-05-01 20:23:04,466] {processor.py:171} INFO - Processing /opt/airflow/dags/hook_dag.py took 0.607 seconds
[2022-05-01 20:23:34,916] {processor.py:163} INFO - Started process (PID=1953) to work on /opt/airflow/dags/hook_dag.py
[2022-05-01 20:23:34,917] {processor.py:642} INFO - Processing file /opt/airflow/dags/hook_dag.py for tasks to queue
[2022-05-01 20:23:34,917] {logging_mixin.py:109} INFO - [2022-05-01 20:23:34,917] {dagbag.py:500} INFO - Filling up the DagBag from /opt/airflow/dags/hook_dag.py
[2022-05-01 20:23:35,566] {processor.py:654} INFO - DAG(s) dict_keys(['hook_dag']) retrieved from /opt/airflow/dags/hook_dag.py
[2022-05-01 20:23:35,579] {logging_mixin.py:109} INFO - [2022-05-01 20:23:35,579] {dag.py:2398} INFO - Sync 1 DAGs
[2022-05-01 20:23:35,590] {logging_mixin.py:109} INFO - [2022-05-01 20:23:35,589] {dag.py:2937} INFO - Setting next_dagrun for hook_dag to None
[2022-05-01 20:23:35,595] {processor.py:171} INFO - Processing /opt/airflow/dags/hook_dag.py took 0.681 seconds
[2022-05-01 20:24:06,003] {processor.py:163} INFO - Started process (PID=2006) to work on /opt/airflow/dags/hook_dag.py
[2022-05-01 20:24:06,004] {processor.py:642} INFO - Processing file /opt/airflow/dags/hook_dag.py for tasks to queue
[2022-05-01 20:24:06,005] {logging_mixin.py:109} INFO - [2022-05-01 20:24:06,005] {dagbag.py:500} INFO - Filling up the DagBag from /opt/airflow/dags/hook_dag.py
[2022-05-01 20:24:06,618] {processor.py:654} INFO - DAG(s) dict_keys(['hook_dag']) retrieved from /opt/airflow/dags/hook_dag.py
[2022-05-01 20:24:06,645] {logging_mixin.py:109} INFO - [2022-05-01 20:24:06,645] {dag.py:2398} INFO - Sync 1 DAGs
[2022-05-01 20:24:06,655] {logging_mixin.py:109} INFO - [2022-05-01 20:24:06,655] {dag.py:2937} INFO - Setting next_dagrun for hook_dag to None
[2022-05-01 20:24:06,661] {processor.py:171} INFO - Processing /opt/airflow/dags/hook_dag.py took 0.660 seconds
[2022-05-01 20:24:36,965] {processor.py:163} INFO - Started process (PID=2060) to work on /opt/airflow/dags/hook_dag.py
[2022-05-01 20:24:36,965] {processor.py:642} INFO - Processing file /opt/airflow/dags/hook_dag.py for tasks to queue
[2022-05-01 20:24:36,966] {logging_mixin.py:109} INFO - [2022-05-01 20:24:36,966] {dagbag.py:500} INFO - Filling up the DagBag from /opt/airflow/dags/hook_dag.py
[2022-05-01 20:24:37,592] {processor.py:654} INFO - DAG(s) dict_keys(['hook_dag']) retrieved from /opt/airflow/dags/hook_dag.py
[2022-05-01 20:24:37,605] {logging_mixin.py:109} INFO - [2022-05-01 20:24:37,604] {dag.py:2398} INFO - Sync 1 DAGs
[2022-05-01 20:24:37,615] {logging_mixin.py:109} INFO - [2022-05-01 20:24:37,615] {dag.py:2937} INFO - Setting next_dagrun for hook_dag to None
[2022-05-01 20:24:37,621] {processor.py:171} INFO - Processing /opt/airflow/dags/hook_dag.py took 0.658 seconds
[2022-05-01 20:25:07,945] {processor.py:163} INFO - Started process (PID=2103) to work on /opt/airflow/dags/hook_dag.py
[2022-05-01 20:25:07,946] {processor.py:642} INFO - Processing file /opt/airflow/dags/hook_dag.py for tasks to queue
[2022-05-01 20:25:07,947] {logging_mixin.py:109} INFO - [2022-05-01 20:25:07,947] {dagbag.py:500} INFO - Filling up the DagBag from /opt/airflow/dags/hook_dag.py
[2022-05-01 20:25:08,535] {processor.py:654} INFO - DAG(s) dict_keys(['hook_dag']) retrieved from /opt/airflow/dags/hook_dag.py
[2022-05-01 20:25:08,548] {logging_mixin.py:109} INFO - [2022-05-01 20:25:08,547] {dag.py:2398} INFO - Sync 1 DAGs
[2022-05-01 20:25:08,559] {logging_mixin.py:109} INFO - [2022-05-01 20:25:08,559] {dag.py:2937} INFO - Setting next_dagrun for hook_dag to None
[2022-05-01 20:25:08,564] {processor.py:171} INFO - Processing /opt/airflow/dags/hook_dag.py took 0.621 seconds
[2022-05-01 20:25:39,047] {processor.py:163} INFO - Started process (PID=2156) to work on /opt/airflow/dags/hook_dag.py
[2022-05-01 20:25:39,048] {processor.py:642} INFO - Processing file /opt/airflow/dags/hook_dag.py for tasks to queue
[2022-05-01 20:25:39,048] {logging_mixin.py:109} INFO - [2022-05-01 20:25:39,048] {dagbag.py:500} INFO - Filling up the DagBag from /opt/airflow/dags/hook_dag.py
[2022-05-01 20:25:39,727] {processor.py:654} INFO - DAG(s) dict_keys(['hook_dag']) retrieved from /opt/airflow/dags/hook_dag.py
[2022-05-01 20:25:39,742] {logging_mixin.py:109} INFO - [2022-05-01 20:25:39,741] {dag.py:2398} INFO - Sync 1 DAGs
[2022-05-01 20:25:39,753] {logging_mixin.py:109} INFO - [2022-05-01 20:25:39,753] {dag.py:2937} INFO - Setting next_dagrun for hook_dag to None
[2022-05-01 20:25:39,758] {processor.py:171} INFO - Processing /opt/airflow/dags/hook_dag.py took 0.713 seconds
[2022-05-01 20:26:10,175] {processor.py:163} INFO - Started process (PID=2207) to work on /opt/airflow/dags/hook_dag.py
[2022-05-01 20:26:10,176] {processor.py:642} INFO - Processing file /opt/airflow/dags/hook_dag.py for tasks to queue
[2022-05-01 20:26:10,176] {logging_mixin.py:109} INFO - [2022-05-01 20:26:10,176] {dagbag.py:500} INFO - Filling up the DagBag from /opt/airflow/dags/hook_dag.py
[2022-05-01 20:26:10,793] {processor.py:654} INFO - DAG(s) dict_keys(['hook_dag']) retrieved from /opt/airflow/dags/hook_dag.py
[2022-05-01 20:26:10,824] {logging_mixin.py:109} INFO - [2022-05-01 20:26:10,824] {dag.py:2398} INFO - Sync 1 DAGs
[2022-05-01 20:26:10,845] {logging_mixin.py:109} INFO - [2022-05-01 20:26:10,845] {dag.py:2937} INFO - Setting next_dagrun for hook_dag to None
[2022-05-01 20:26:10,855] {processor.py:171} INFO - Processing /opt/airflow/dags/hook_dag.py took 0.682 seconds
[2022-05-01 20:26:41,616] {processor.py:163} INFO - Started process (PID=2248) to work on /opt/airflow/dags/hook_dag.py
[2022-05-01 20:26:41,619] {processor.py:642} INFO - Processing file /opt/airflow/dags/hook_dag.py for tasks to queue
[2022-05-01 20:26:41,619] {logging_mixin.py:109} INFO - [2022-05-01 20:26:41,619] {dagbag.py:500} INFO - Filling up the DagBag from /opt/airflow/dags/hook_dag.py
[2022-05-01 20:26:42,643] {processor.py:654} INFO - DAG(s) dict_keys(['hook_dag']) retrieved from /opt/airflow/dags/hook_dag.py
[2022-05-01 20:26:42,656] {logging_mixin.py:109} INFO - [2022-05-01 20:26:42,656] {dag.py:2398} INFO - Sync 1 DAGs
[2022-05-01 20:26:42,667] {logging_mixin.py:109} INFO - [2022-05-01 20:26:42,667] {dag.py:2937} INFO - Setting next_dagrun for hook_dag to None
[2022-05-01 20:26:42,672] {processor.py:171} INFO - Processing /opt/airflow/dags/hook_dag.py took 1.063 seconds
[2022-05-01 20:27:12,788] {processor.py:163} INFO - Started process (PID=2297) to work on /opt/airflow/dags/hook_dag.py
[2022-05-01 20:27:12,789] {processor.py:642} INFO - Processing file /opt/airflow/dags/hook_dag.py for tasks to queue
[2022-05-01 20:27:12,789] {logging_mixin.py:109} INFO - [2022-05-01 20:27:12,789] {dagbag.py:500} INFO - Filling up the DagBag from /opt/airflow/dags/hook_dag.py
[2022-05-01 20:27:13,408] {processor.py:654} INFO - DAG(s) dict_keys(['hook_dag']) retrieved from /opt/airflow/dags/hook_dag.py
[2022-05-01 20:27:13,422] {logging_mixin.py:109} INFO - [2022-05-01 20:27:13,422] {dag.py:2398} INFO - Sync 1 DAGs
[2022-05-01 20:27:13,432] {logging_mixin.py:109} INFO - [2022-05-01 20:27:13,432] {dag.py:2937} INFO - Setting next_dagrun for hook_dag to None
[2022-05-01 20:27:13,438] {processor.py:171} INFO - Processing /opt/airflow/dags/hook_dag.py took 0.652 seconds
[2022-05-01 20:27:43,904] {processor.py:163} INFO - Started process (PID=2364) to work on /opt/airflow/dags/hook_dag.py
[2022-05-01 20:27:43,905] {processor.py:642} INFO - Processing file /opt/airflow/dags/hook_dag.py for tasks to queue
[2022-05-01 20:27:43,906] {logging_mixin.py:109} INFO - [2022-05-01 20:27:43,906] {dagbag.py:500} INFO - Filling up the DagBag from /opt/airflow/dags/hook_dag.py
[2022-05-01 20:27:44,599] {processor.py:654} INFO - DAG(s) dict_keys(['hook_dag']) retrieved from /opt/airflow/dags/hook_dag.py
[2022-05-01 20:27:44,613] {logging_mixin.py:109} INFO - [2022-05-01 20:27:44,613] {dag.py:2398} INFO - Sync 1 DAGs
[2022-05-01 20:27:44,625] {logging_mixin.py:109} INFO - [2022-05-01 20:27:44,625] {dag.py:2937} INFO - Setting next_dagrun for hook_dag to None
[2022-05-01 20:27:44,631] {processor.py:171} INFO - Processing /opt/airflow/dags/hook_dag.py took 0.729 seconds
[2022-05-01 20:28:14,858] {processor.py:163} INFO - Started process (PID=2407) to work on /opt/airflow/dags/hook_dag.py
[2022-05-01 20:28:14,859] {processor.py:642} INFO - Processing file /opt/airflow/dags/hook_dag.py for tasks to queue
[2022-05-01 20:28:14,859] {logging_mixin.py:109} INFO - [2022-05-01 20:28:14,859] {dagbag.py:500} INFO - Filling up the DagBag from /opt/airflow/dags/hook_dag.py
[2022-05-01 20:28:15,490] {processor.py:654} INFO - DAG(s) dict_keys(['hook_dag']) retrieved from /opt/airflow/dags/hook_dag.py
[2022-05-01 20:28:15,511] {logging_mixin.py:109} INFO - [2022-05-01 20:28:15,511] {dag.py:2398} INFO - Sync 1 DAGs
[2022-05-01 20:28:15,522] {logging_mixin.py:109} INFO - [2022-05-01 20:28:15,522] {dag.py:2937} INFO - Setting next_dagrun for hook_dag to None
[2022-05-01 20:28:15,543] {processor.py:171} INFO - Processing /opt/airflow/dags/hook_dag.py took 0.687 seconds
[2022-05-01 20:28:45,945] {processor.py:163} INFO - Started process (PID=2462) to work on /opt/airflow/dags/hook_dag.py
[2022-05-01 20:28:45,946] {processor.py:642} INFO - Processing file /opt/airflow/dags/hook_dag.py for tasks to queue
[2022-05-01 20:28:45,946] {logging_mixin.py:109} INFO - [2022-05-01 20:28:45,946] {dagbag.py:500} INFO - Filling up the DagBag from /opt/airflow/dags/hook_dag.py
[2022-05-01 20:28:46,568] {processor.py:654} INFO - DAG(s) dict_keys(['hook_dag']) retrieved from /opt/airflow/dags/hook_dag.py
[2022-05-01 20:28:46,585] {logging_mixin.py:109} INFO - [2022-05-01 20:28:46,585] {dag.py:2398} INFO - Sync 1 DAGs
[2022-05-01 20:28:46,598] {logging_mixin.py:109} INFO - [2022-05-01 20:28:46,598] {dag.py:2937} INFO - Setting next_dagrun for hook_dag to None
[2022-05-01 20:28:46,606] {processor.py:171} INFO - Processing /opt/airflow/dags/hook_dag.py took 0.663 seconds
[2022-05-01 20:29:16,913] {processor.py:163} INFO - Started process (PID=2509) to work on /opt/airflow/dags/hook_dag.py
[2022-05-01 20:29:16,914] {processor.py:642} INFO - Processing file /opt/airflow/dags/hook_dag.py for tasks to queue
[2022-05-01 20:29:16,914] {logging_mixin.py:109} INFO - [2022-05-01 20:29:16,914] {dagbag.py:500} INFO - Filling up the DagBag from /opt/airflow/dags/hook_dag.py
[2022-05-01 20:29:17,593] {processor.py:654} INFO - DAG(s) dict_keys(['hook_dag']) retrieved from /opt/airflow/dags/hook_dag.py
[2022-05-01 20:29:17,606] {logging_mixin.py:109} INFO - [2022-05-01 20:29:17,606] {dag.py:2398} INFO - Sync 1 DAGs
[2022-05-01 20:29:17,617] {logging_mixin.py:109} INFO - [2022-05-01 20:29:17,617] {dag.py:2937} INFO - Setting next_dagrun for hook_dag to None
[2022-05-01 20:29:17,623] {processor.py:171} INFO - Processing /opt/airflow/dags/hook_dag.py took 0.714 seconds
[2022-05-01 20:29:47,808] {processor.py:163} INFO - Started process (PID=2563) to work on /opt/airflow/dags/hook_dag.py
[2022-05-01 20:29:47,809] {processor.py:642} INFO - Processing file /opt/airflow/dags/hook_dag.py for tasks to queue
[2022-05-01 20:29:47,810] {logging_mixin.py:109} INFO - [2022-05-01 20:29:47,810] {dagbag.py:500} INFO - Filling up the DagBag from /opt/airflow/dags/hook_dag.py
[2022-05-01 20:29:48,416] {processor.py:654} INFO - DAG(s) dict_keys(['hook_dag']) retrieved from /opt/airflow/dags/hook_dag.py
[2022-05-01 20:29:48,429] {logging_mixin.py:109} INFO - [2022-05-01 20:29:48,429] {dag.py:2398} INFO - Sync 1 DAGs
[2022-05-01 20:29:48,439] {logging_mixin.py:109} INFO - [2022-05-01 20:29:48,439] {dag.py:2937} INFO - Setting next_dagrun for hook_dag to None
[2022-05-01 20:29:48,445] {processor.py:171} INFO - Processing /opt/airflow/dags/hook_dag.py took 0.639 seconds
[2022-05-01 20:30:18,649] {processor.py:163} INFO - Started process (PID=2614) to work on /opt/airflow/dags/hook_dag.py
[2022-05-01 20:30:18,650] {processor.py:642} INFO - Processing file /opt/airflow/dags/hook_dag.py for tasks to queue
[2022-05-01 20:30:18,650] {logging_mixin.py:109} INFO - [2022-05-01 20:30:18,650] {dagbag.py:500} INFO - Filling up the DagBag from /opt/airflow/dags/hook_dag.py
[2022-05-01 20:30:19,278] {processor.py:654} INFO - DAG(s) dict_keys(['hook_dag']) retrieved from /opt/airflow/dags/hook_dag.py
[2022-05-01 20:30:19,292] {logging_mixin.py:109} INFO - [2022-05-01 20:30:19,291] {dag.py:2398} INFO - Sync 1 DAGs
[2022-05-01 20:30:19,302] {logging_mixin.py:109} INFO - [2022-05-01 20:30:19,302] {dag.py:2937} INFO - Setting next_dagrun for hook_dag to None
[2022-05-01 20:30:19,307] {processor.py:171} INFO - Processing /opt/airflow/dags/hook_dag.py took 0.661 seconds
[2022-05-01 20:30:49,504] {processor.py:163} INFO - Started process (PID=2657) to work on /opt/airflow/dags/hook_dag.py
[2022-05-01 20:30:49,505] {processor.py:642} INFO - Processing file /opt/airflow/dags/hook_dag.py for tasks to queue
[2022-05-01 20:30:49,505] {logging_mixin.py:109} INFO - [2022-05-01 20:30:49,505] {dagbag.py:500} INFO - Filling up the DagBag from /opt/airflow/dags/hook_dag.py
[2022-05-01 20:30:50,288] {processor.py:654} INFO - DAG(s) dict_keys(['hook_dag']) retrieved from /opt/airflow/dags/hook_dag.py
[2022-05-01 20:30:50,302] {logging_mixin.py:109} INFO - [2022-05-01 20:30:50,302] {dag.py:2398} INFO - Sync 1 DAGs
[2022-05-01 20:30:50,314] {logging_mixin.py:109} INFO - [2022-05-01 20:30:50,313] {dag.py:2937} INFO - Setting next_dagrun for hook_dag to None
[2022-05-01 20:30:50,320] {processor.py:171} INFO - Processing /opt/airflow/dags/hook_dag.py took 0.818 seconds
[2022-05-01 20:31:20,483] {processor.py:163} INFO - Started process (PID=2710) to work on /opt/airflow/dags/hook_dag.py
[2022-05-01 20:31:20,484] {processor.py:642} INFO - Processing file /opt/airflow/dags/hook_dag.py for tasks to queue
[2022-05-01 20:31:20,485] {logging_mixin.py:109} INFO - [2022-05-01 20:31:20,485] {dagbag.py:500} INFO - Filling up the DagBag from /opt/airflow/dags/hook_dag.py
[2022-05-01 20:31:21,237] {processor.py:654} INFO - DAG(s) dict_keys(['hook_dag']) retrieved from /opt/airflow/dags/hook_dag.py
[2022-05-01 20:31:21,250] {logging_mixin.py:109} INFO - [2022-05-01 20:31:21,250] {dag.py:2398} INFO - Sync 1 DAGs
[2022-05-01 20:31:21,261] {logging_mixin.py:109} INFO - [2022-05-01 20:31:21,261] {dag.py:2937} INFO - Setting next_dagrun for hook_dag to None
[2022-05-01 20:31:21,267] {processor.py:171} INFO - Processing /opt/airflow/dags/hook_dag.py took 0.785 seconds
[2022-05-01 20:31:53,641] {processor.py:163} INFO - Started process (PID=2765) to work on /opt/airflow/dags/hook_dag.py
[2022-05-01 20:31:53,644] {processor.py:642} INFO - Processing file /opt/airflow/dags/hook_dag.py for tasks to queue
[2022-05-01 20:31:53,644] {logging_mixin.py:109} INFO - [2022-05-01 20:31:53,644] {dagbag.py:500} INFO - Filling up the DagBag from /opt/airflow/dags/hook_dag.py
[2022-05-01 20:31:54,433] {processor.py:654} INFO - DAG(s) dict_keys(['hook_dag']) retrieved from /opt/airflow/dags/hook_dag.py
[2022-05-01 20:31:54,448] {logging_mixin.py:109} INFO - [2022-05-01 20:31:54,448] {dag.py:2398} INFO - Sync 1 DAGs
[2022-05-01 20:31:54,460] {logging_mixin.py:109} INFO - [2022-05-01 20:31:54,460] {dag.py:2937} INFO - Setting next_dagrun for hook_dag to None
[2022-05-01 20:31:54,473] {processor.py:171} INFO - Processing /opt/airflow/dags/hook_dag.py took 0.835 seconds
[2022-05-01 20:32:26,681] {processor.py:163} INFO - Started process (PID=2814) to work on /opt/airflow/dags/hook_dag.py
[2022-05-01 20:32:26,682] {processor.py:642} INFO - Processing file /opt/airflow/dags/hook_dag.py for tasks to queue
[2022-05-01 20:32:26,682] {logging_mixin.py:109} INFO - [2022-05-01 20:32:26,682] {dagbag.py:500} INFO - Filling up the DagBag from /opt/airflow/dags/hook_dag.py
[2022-05-01 20:32:27,300] {processor.py:654} INFO - DAG(s) dict_keys(['hook_dag']) retrieved from /opt/airflow/dags/hook_dag.py
[2022-05-01 20:32:27,317] {logging_mixin.py:109} INFO - [2022-05-01 20:32:27,317] {dag.py:2398} INFO - Sync 1 DAGs
[2022-05-01 20:32:27,330] {logging_mixin.py:109} INFO - [2022-05-01 20:32:27,330] {dag.py:2937} INFO - Setting next_dagrun for hook_dag to None
[2022-05-01 20:32:27,349] {processor.py:171} INFO - Processing /opt/airflow/dags/hook_dag.py took 0.670 seconds
[2022-05-01 20:32:58,178] {processor.py:163} INFO - Started process (PID=2867) to work on /opt/airflow/dags/hook_dag.py
[2022-05-01 20:32:58,179] {processor.py:642} INFO - Processing file /opt/airflow/dags/hook_dag.py for tasks to queue
[2022-05-01 20:32:58,179] {logging_mixin.py:109} INFO - [2022-05-01 20:32:58,179] {dagbag.py:500} INFO - Filling up the DagBag from /opt/airflow/dags/hook_dag.py
[2022-05-01 20:32:58,853] {processor.py:654} INFO - DAG(s) dict_keys(['hook_dag']) retrieved from /opt/airflow/dags/hook_dag.py
[2022-05-01 20:32:58,865] {logging_mixin.py:109} INFO - [2022-05-01 20:32:58,865] {dag.py:2398} INFO - Sync 1 DAGs
[2022-05-01 20:32:58,875] {logging_mixin.py:109} INFO - [2022-05-01 20:32:58,875] {dag.py:2937} INFO - Setting next_dagrun for hook_dag to None
[2022-05-01 20:32:58,902] {processor.py:171} INFO - Processing /opt/airflow/dags/hook_dag.py took 0.726 seconds
[2022-05-01 20:33:29,345] {processor.py:163} INFO - Started process (PID=2920) to work on /opt/airflow/dags/hook_dag.py
[2022-05-01 20:33:29,346] {processor.py:642} INFO - Processing file /opt/airflow/dags/hook_dag.py for tasks to queue
[2022-05-01 20:33:29,346] {logging_mixin.py:109} INFO - [2022-05-01 20:33:29,346] {dagbag.py:500} INFO - Filling up the DagBag from /opt/airflow/dags/hook_dag.py
[2022-05-01 20:33:30,030] {processor.py:654} INFO - DAG(s) dict_keys(['hook_dag']) retrieved from /opt/airflow/dags/hook_dag.py
[2022-05-01 20:33:30,042] {logging_mixin.py:109} INFO - [2022-05-01 20:33:30,042] {dag.py:2398} INFO - Sync 1 DAGs
[2022-05-01 20:33:30,052] {logging_mixin.py:109} INFO - [2022-05-01 20:33:30,052] {dag.py:2937} INFO - Setting next_dagrun for hook_dag to None
[2022-05-01 20:33:30,058] {processor.py:171} INFO - Processing /opt/airflow/dags/hook_dag.py took 0.716 seconds
