[2022-05-01 20:04:17,308] {processor.py:163} INFO - Started process (PID=112) to work on /opt/airflow/dags/my_project.py
[2022-05-01 20:04:17,319] {processor.py:642} INFO - Processing file /opt/airflow/dags/my_project.py for tasks to queue
[2022-05-01 20:04:17,319] {logging_mixin.py:109} INFO - [2022-05-01 20:04:17,319] {dagbag.py:500} INFO - Filling up the DagBag from /opt/airflow/dags/my_project.py
[2022-05-01 20:04:17,385] {processor.py:654} INFO - DAG(s) dict_keys(['my_project']) retrieved from /opt/airflow/dags/my_project.py
[2022-05-01 20:04:17,404] {logging_mixin.py:109} INFO - [2022-05-01 20:04:17,404] {dag.py:2398} INFO - Sync 1 DAGs
[2022-05-01 20:04:17,436] {logging_mixin.py:109} INFO - [2022-05-01 20:04:17,436] {dag.py:2937} INFO - Setting next_dagrun for my_project to 2022-04-30 00:00:00+00:00
[2022-05-01 20:04:17,450] {processor.py:171} INFO - Processing /opt/airflow/dags/my_project.py took 0.143 seconds
[2022-05-01 20:04:48,154] {processor.py:163} INFO - Started process (PID=160) to work on /opt/airflow/dags/my_project.py
[2022-05-01 20:04:48,154] {processor.py:642} INFO - Processing file /opt/airflow/dags/my_project.py for tasks to queue
[2022-05-01 20:04:48,155] {logging_mixin.py:109} INFO - [2022-05-01 20:04:48,155] {dagbag.py:500} INFO - Filling up the DagBag from /opt/airflow/dags/my_project.py
[2022-05-01 20:04:48,180] {processor.py:654} INFO - DAG(s) dict_keys(['my_project']) retrieved from /opt/airflow/dags/my_project.py
[2022-05-01 20:04:48,190] {logging_mixin.py:109} INFO - [2022-05-01 20:04:48,190] {dag.py:2398} INFO - Sync 1 DAGs
[2022-05-01 20:04:48,210] {logging_mixin.py:109} INFO - [2022-05-01 20:04:48,210] {dag.py:2937} INFO - Setting next_dagrun for my_project to 2022-04-30 00:00:00+00:00
[2022-05-01 20:04:48,217] {processor.py:171} INFO - Processing /opt/airflow/dags/my_project.py took 0.065 seconds
[2022-05-01 20:05:19,409] {processor.py:163} INFO - Started process (PID=213) to work on /opt/airflow/dags/my_project.py
[2022-05-01 20:05:19,410] {processor.py:642} INFO - Processing file /opt/airflow/dags/my_project.py for tasks to queue
[2022-05-01 20:05:19,410] {logging_mixin.py:109} INFO - [2022-05-01 20:05:19,410] {dagbag.py:500} INFO - Filling up the DagBag from /opt/airflow/dags/my_project.py
[2022-05-01 20:05:19,434] {processor.py:654} INFO - DAG(s) dict_keys(['my_project']) retrieved from /opt/airflow/dags/my_project.py
[2022-05-01 20:05:19,441] {logging_mixin.py:109} INFO - [2022-05-01 20:05:19,441] {dag.py:2398} INFO - Sync 1 DAGs
[2022-05-01 20:05:19,458] {logging_mixin.py:109} INFO - [2022-05-01 20:05:19,458] {dag.py:2937} INFO - Setting next_dagrun for my_project to 2022-04-30 00:00:00+00:00
[2022-05-01 20:05:19,465] {processor.py:171} INFO - Processing /opt/airflow/dags/my_project.py took 0.059 seconds
[2022-05-01 20:05:50,987] {processor.py:163} INFO - Started process (PID=266) to work on /opt/airflow/dags/my_project.py
[2022-05-01 20:05:50,988] {processor.py:642} INFO - Processing file /opt/airflow/dags/my_project.py for tasks to queue
[2022-05-01 20:05:50,989] {logging_mixin.py:109} INFO - [2022-05-01 20:05:50,989] {dagbag.py:500} INFO - Filling up the DagBag from /opt/airflow/dags/my_project.py
[2022-05-01 20:05:51,026] {processor.py:654} INFO - DAG(s) dict_keys(['my_project']) retrieved from /opt/airflow/dags/my_project.py
[2022-05-01 20:05:51,037] {logging_mixin.py:109} INFO - [2022-05-01 20:05:51,037] {dag.py:2398} INFO - Sync 1 DAGs
[2022-05-01 20:05:51,057] {logging_mixin.py:109} INFO - [2022-05-01 20:05:51,057] {dag.py:2937} INFO - Setting next_dagrun for my_project to 2022-04-30 00:00:00+00:00
[2022-05-01 20:05:51,083] {processor.py:171} INFO - Processing /opt/airflow/dags/my_project.py took 0.100 seconds
[2022-05-01 20:06:22,112] {processor.py:163} INFO - Started process (PID=308) to work on /opt/airflow/dags/my_project.py
[2022-05-01 20:06:22,113] {processor.py:642} INFO - Processing file /opt/airflow/dags/my_project.py for tasks to queue
[2022-05-01 20:06:22,113] {logging_mixin.py:109} INFO - [2022-05-01 20:06:22,113] {dagbag.py:500} INFO - Filling up the DagBag from /opt/airflow/dags/my_project.py
[2022-05-01 20:06:22,135] {processor.py:654} INFO - DAG(s) dict_keys(['my_project']) retrieved from /opt/airflow/dags/my_project.py
[2022-05-01 20:06:22,142] {logging_mixin.py:109} INFO - [2022-05-01 20:06:22,142] {dag.py:2398} INFO - Sync 1 DAGs
[2022-05-01 20:06:22,158] {logging_mixin.py:109} INFO - [2022-05-01 20:06:22,158] {dag.py:2937} INFO - Setting next_dagrun for my_project to 2022-04-30 00:00:00+00:00
[2022-05-01 20:06:22,166] {processor.py:171} INFO - Processing /opt/airflow/dags/my_project.py took 0.055 seconds
[2022-05-01 20:06:53,496] {processor.py:163} INFO - Started process (PID=360) to work on /opt/airflow/dags/my_project.py
[2022-05-01 20:06:53,497] {processor.py:642} INFO - Processing file /opt/airflow/dags/my_project.py for tasks to queue
[2022-05-01 20:06:53,497] {logging_mixin.py:109} INFO - [2022-05-01 20:06:53,497] {dagbag.py:500} INFO - Filling up the DagBag from /opt/airflow/dags/my_project.py
[2022-05-01 20:06:53,520] {processor.py:654} INFO - DAG(s) dict_keys(['my_project']) retrieved from /opt/airflow/dags/my_project.py
[2022-05-01 20:06:53,527] {logging_mixin.py:109} INFO - [2022-05-01 20:06:53,527] {dag.py:2398} INFO - Sync 1 DAGs
[2022-05-01 20:06:53,540] {logging_mixin.py:109} INFO - [2022-05-01 20:06:53,540] {dag.py:2937} INFO - Setting next_dagrun for my_project to 2022-04-30 00:00:00+00:00
[2022-05-01 20:06:53,546] {processor.py:171} INFO - Processing /opt/airflow/dags/my_project.py took 0.052 seconds
[2022-05-01 20:07:24,366] {processor.py:163} INFO - Started process (PID=402) to work on /opt/airflow/dags/my_project.py
[2022-05-01 20:07:24,367] {processor.py:642} INFO - Processing file /opt/airflow/dags/my_project.py for tasks to queue
[2022-05-01 20:07:24,367] {logging_mixin.py:109} INFO - [2022-05-01 20:07:24,367] {dagbag.py:500} INFO - Filling up the DagBag from /opt/airflow/dags/my_project.py
[2022-05-01 20:07:24,391] {processor.py:654} INFO - DAG(s) dict_keys(['my_project']) retrieved from /opt/airflow/dags/my_project.py
[2022-05-01 20:07:24,400] {logging_mixin.py:109} INFO - [2022-05-01 20:07:24,400] {dag.py:2398} INFO - Sync 1 DAGs
[2022-05-01 20:07:24,413] {logging_mixin.py:109} INFO - [2022-05-01 20:07:24,413] {dag.py:2937} INFO - Setting next_dagrun for my_project to 2022-04-30 00:00:00+00:00
[2022-05-01 20:07:24,419] {processor.py:171} INFO - Processing /opt/airflow/dags/my_project.py took 0.055 seconds
[2022-05-01 20:07:55,710] {processor.py:163} INFO - Started process (PID=460) to work on /opt/airflow/dags/my_project.py
[2022-05-01 20:07:55,710] {processor.py:642} INFO - Processing file /opt/airflow/dags/my_project.py for tasks to queue
[2022-05-01 20:07:55,711] {logging_mixin.py:109} INFO - [2022-05-01 20:07:55,711] {dagbag.py:500} INFO - Filling up the DagBag from /opt/airflow/dags/my_project.py
[2022-05-01 20:07:55,735] {processor.py:654} INFO - DAG(s) dict_keys(['my_project']) retrieved from /opt/airflow/dags/my_project.py
[2022-05-01 20:07:55,743] {logging_mixin.py:109} INFO - [2022-05-01 20:07:55,743] {dag.py:2398} INFO - Sync 1 DAGs
[2022-05-01 20:07:55,759] {logging_mixin.py:109} INFO - [2022-05-01 20:07:55,759] {dag.py:2937} INFO - Setting next_dagrun for my_project to 2022-04-30 00:00:00+00:00
[2022-05-01 20:07:55,784] {processor.py:171} INFO - Processing /opt/airflow/dags/my_project.py took 0.078 seconds
[2022-05-01 20:08:26,718] {processor.py:163} INFO - Started process (PID=516) to work on /opt/airflow/dags/my_project.py
[2022-05-01 20:08:26,718] {processor.py:642} INFO - Processing file /opt/airflow/dags/my_project.py for tasks to queue
[2022-05-01 20:08:26,719] {logging_mixin.py:109} INFO - [2022-05-01 20:08:26,719] {dagbag.py:500} INFO - Filling up the DagBag from /opt/airflow/dags/my_project.py
[2022-05-01 20:08:26,745] {processor.py:654} INFO - DAG(s) dict_keys(['my_project']) retrieved from /opt/airflow/dags/my_project.py
[2022-05-01 20:08:26,753] {logging_mixin.py:109} INFO - [2022-05-01 20:08:26,753] {dag.py:2398} INFO - Sync 1 DAGs
[2022-05-01 20:08:26,766] {logging_mixin.py:109} INFO - [2022-05-01 20:08:26,766] {dag.py:2937} INFO - Setting next_dagrun for my_project to 2022-04-30 00:00:00+00:00
[2022-05-01 20:08:26,771] {processor.py:171} INFO - Processing /opt/airflow/dags/my_project.py took 0.056 seconds
[2022-05-01 20:08:57,909] {processor.py:163} INFO - Started process (PID=559) to work on /opt/airflow/dags/my_project.py
[2022-05-01 20:08:57,910] {processor.py:642} INFO - Processing file /opt/airflow/dags/my_project.py for tasks to queue
[2022-05-01 20:08:57,910] {logging_mixin.py:109} INFO - [2022-05-01 20:08:57,910] {dagbag.py:500} INFO - Filling up the DagBag from /opt/airflow/dags/my_project.py
[2022-05-01 20:08:57,937] {processor.py:654} INFO - DAG(s) dict_keys(['my_project']) retrieved from /opt/airflow/dags/my_project.py
[2022-05-01 20:08:57,951] {logging_mixin.py:109} INFO - [2022-05-01 20:08:57,951] {dag.py:2398} INFO - Sync 1 DAGs
[2022-05-01 20:08:57,965] {logging_mixin.py:109} INFO - [2022-05-01 20:08:57,965] {dag.py:2937} INFO - Setting next_dagrun for my_project to 2022-04-30 00:00:00+00:00
[2022-05-01 20:08:57,972] {processor.py:171} INFO - Processing /opt/airflow/dags/my_project.py took 0.065 seconds
[2022-05-01 20:09:29,168] {processor.py:163} INFO - Started process (PID=612) to work on /opt/airflow/dags/my_project.py
[2022-05-01 20:09:29,170] {processor.py:642} INFO - Processing file /opt/airflow/dags/my_project.py for tasks to queue
[2022-05-01 20:09:29,170] {logging_mixin.py:109} INFO - [2022-05-01 20:09:29,170] {dagbag.py:500} INFO - Filling up the DagBag from /opt/airflow/dags/my_project.py
[2022-05-01 20:09:29,198] {processor.py:654} INFO - DAG(s) dict_keys(['my_project']) retrieved from /opt/airflow/dags/my_project.py
[2022-05-01 20:09:29,207] {logging_mixin.py:109} INFO - [2022-05-01 20:09:29,207] {dag.py:2398} INFO - Sync 1 DAGs
[2022-05-01 20:09:29,220] {logging_mixin.py:109} INFO - [2022-05-01 20:09:29,220] {dag.py:2937} INFO - Setting next_dagrun for my_project to 2022-04-30 00:00:00+00:00
[2022-05-01 20:09:29,228] {processor.py:171} INFO - Processing /opt/airflow/dags/my_project.py took 0.063 seconds
[2022-05-01 20:10:00,394] {processor.py:163} INFO - Started process (PID=666) to work on /opt/airflow/dags/my_project.py
[2022-05-01 20:10:00,394] {processor.py:642} INFO - Processing file /opt/airflow/dags/my_project.py for tasks to queue
[2022-05-01 20:10:00,395] {logging_mixin.py:109} INFO - [2022-05-01 20:10:00,395] {dagbag.py:500} INFO - Filling up the DagBag from /opt/airflow/dags/my_project.py
[2022-05-01 20:10:00,418] {processor.py:654} INFO - DAG(s) dict_keys(['my_project']) retrieved from /opt/airflow/dags/my_project.py
[2022-05-01 20:10:00,425] {logging_mixin.py:109} INFO - [2022-05-01 20:10:00,425] {dag.py:2398} INFO - Sync 1 DAGs
[2022-05-01 20:10:00,447] {logging_mixin.py:109} INFO - [2022-05-01 20:10:00,447] {dag.py:2937} INFO - Setting next_dagrun for my_project to 2022-04-30 00:00:00+00:00
[2022-05-01 20:10:00,464] {processor.py:171} INFO - Processing /opt/airflow/dags/my_project.py took 0.072 seconds
[2022-05-01 20:10:31,714] {processor.py:163} INFO - Started process (PID=709) to work on /opt/airflow/dags/my_project.py
[2022-05-01 20:10:31,715] {processor.py:642} INFO - Processing file /opt/airflow/dags/my_project.py for tasks to queue
[2022-05-01 20:10:31,716] {logging_mixin.py:109} INFO - [2022-05-01 20:10:31,716] {dagbag.py:500} INFO - Filling up the DagBag from /opt/airflow/dags/my_project.py
[2022-05-01 20:10:31,745] {processor.py:654} INFO - DAG(s) dict_keys(['my_project']) retrieved from /opt/airflow/dags/my_project.py
[2022-05-01 20:10:31,753] {logging_mixin.py:109} INFO - [2022-05-01 20:10:31,752] {dag.py:2398} INFO - Sync 1 DAGs
[2022-05-01 20:10:31,769] {logging_mixin.py:109} INFO - [2022-05-01 20:10:31,769] {dag.py:2937} INFO - Setting next_dagrun for my_project to 2022-04-30 00:00:00+00:00
[2022-05-01 20:10:31,778] {processor.py:171} INFO - Processing /opt/airflow/dags/my_project.py took 0.065 seconds
[2022-05-01 20:11:03,109] {processor.py:163} INFO - Started process (PID=760) to work on /opt/airflow/dags/my_project.py
[2022-05-01 20:11:03,110] {processor.py:642} INFO - Processing file /opt/airflow/dags/my_project.py for tasks to queue
[2022-05-01 20:11:03,111] {logging_mixin.py:109} INFO - [2022-05-01 20:11:03,111] {dagbag.py:500} INFO - Filling up the DagBag from /opt/airflow/dags/my_project.py
[2022-05-01 20:11:03,134] {processor.py:654} INFO - DAG(s) dict_keys(['my_project']) retrieved from /opt/airflow/dags/my_project.py
[2022-05-01 20:11:03,141] {logging_mixin.py:109} INFO - [2022-05-01 20:11:03,141] {dag.py:2398} INFO - Sync 1 DAGs
[2022-05-01 20:11:03,154] {logging_mixin.py:109} INFO - [2022-05-01 20:11:03,154] {dag.py:2937} INFO - Setting next_dagrun for my_project to 2022-04-30 00:00:00+00:00
[2022-05-01 20:11:03,160] {processor.py:171} INFO - Processing /opt/airflow/dags/my_project.py took 0.053 seconds
[2022-05-01 20:11:34,284] {processor.py:163} INFO - Started process (PID=804) to work on /opt/airflow/dags/my_project.py
[2022-05-01 20:11:34,285] {processor.py:642} INFO - Processing file /opt/airflow/dags/my_project.py for tasks to queue
[2022-05-01 20:11:34,286] {logging_mixin.py:109} INFO - [2022-05-01 20:11:34,286] {dagbag.py:500} INFO - Filling up the DagBag from /opt/airflow/dags/my_project.py
[2022-05-01 20:11:34,357] {processor.py:654} INFO - DAG(s) dict_keys(['my_project']) retrieved from /opt/airflow/dags/my_project.py
[2022-05-01 20:11:34,367] {logging_mixin.py:109} INFO - [2022-05-01 20:11:34,367] {dag.py:2398} INFO - Sync 1 DAGs
[2022-05-01 20:11:34,385] {logging_mixin.py:109} INFO - [2022-05-01 20:11:34,385] {dag.py:2937} INFO - Setting next_dagrun for my_project to 2022-04-30 00:00:00+00:00
[2022-05-01 20:11:34,397] {processor.py:171} INFO - Processing /opt/airflow/dags/my_project.py took 0.116 seconds
[2022-05-01 20:12:05,435] {processor.py:163} INFO - Started process (PID=857) to work on /opt/airflow/dags/my_project.py
[2022-05-01 20:12:05,436] {processor.py:642} INFO - Processing file /opt/airflow/dags/my_project.py for tasks to queue
[2022-05-01 20:12:05,437] {logging_mixin.py:109} INFO - [2022-05-01 20:12:05,437] {dagbag.py:500} INFO - Filling up the DagBag from /opt/airflow/dags/my_project.py
[2022-05-01 20:12:05,459] {processor.py:654} INFO - DAG(s) dict_keys(['my_project']) retrieved from /opt/airflow/dags/my_project.py
[2022-05-01 20:12:05,467] {logging_mixin.py:109} INFO - [2022-05-01 20:12:05,466] {dag.py:2398} INFO - Sync 1 DAGs
[2022-05-01 20:12:05,480] {logging_mixin.py:109} INFO - [2022-05-01 20:12:05,479] {dag.py:2937} INFO - Setting next_dagrun for my_project to 2022-04-30 00:00:00+00:00
[2022-05-01 20:12:05,491] {processor.py:171} INFO - Processing /opt/airflow/dags/my_project.py took 0.057 seconds
[2022-05-01 20:12:36,931] {processor.py:163} INFO - Started process (PID=909) to work on /opt/airflow/dags/my_project.py
[2022-05-01 20:12:36,932] {processor.py:642} INFO - Processing file /opt/airflow/dags/my_project.py for tasks to queue
[2022-05-01 20:12:36,933] {logging_mixin.py:109} INFO - [2022-05-01 20:12:36,933] {dagbag.py:500} INFO - Filling up the DagBag from /opt/airflow/dags/my_project.py
[2022-05-01 20:12:36,971] {processor.py:654} INFO - DAG(s) dict_keys(['my_project']) retrieved from /opt/airflow/dags/my_project.py
[2022-05-01 20:12:36,980] {logging_mixin.py:109} INFO - [2022-05-01 20:12:36,980] {dag.py:2398} INFO - Sync 1 DAGs
[2022-05-01 20:12:36,994] {logging_mixin.py:109} INFO - [2022-05-01 20:12:36,994] {dag.py:2937} INFO - Setting next_dagrun for my_project to 2022-04-30 00:00:00+00:00
[2022-05-01 20:12:37,002] {processor.py:171} INFO - Processing /opt/airflow/dags/my_project.py took 0.075 seconds
[2022-05-01 20:13:08,174] {processor.py:163} INFO - Started process (PID=953) to work on /opt/airflow/dags/my_project.py
[2022-05-01 20:13:08,175] {processor.py:642} INFO - Processing file /opt/airflow/dags/my_project.py for tasks to queue
[2022-05-01 20:13:08,175] {logging_mixin.py:109} INFO - [2022-05-01 20:13:08,175] {dagbag.py:500} INFO - Filling up the DagBag from /opt/airflow/dags/my_project.py
[2022-05-01 20:13:08,205] {processor.py:654} INFO - DAG(s) dict_keys(['my_project']) retrieved from /opt/airflow/dags/my_project.py
[2022-05-01 20:13:08,212] {logging_mixin.py:109} INFO - [2022-05-01 20:13:08,212] {dag.py:2398} INFO - Sync 1 DAGs
[2022-05-01 20:13:08,225] {logging_mixin.py:109} INFO - [2022-05-01 20:13:08,225] {dag.py:2937} INFO - Setting next_dagrun for my_project to 2022-04-30 00:00:00+00:00
[2022-05-01 20:13:08,236] {processor.py:171} INFO - Processing /opt/airflow/dags/my_project.py took 0.065 seconds
[2022-05-01 20:13:39,929] {processor.py:163} INFO - Started process (PID=1007) to work on /opt/airflow/dags/my_project.py
[2022-05-01 20:13:39,930] {processor.py:642} INFO - Processing file /opt/airflow/dags/my_project.py for tasks to queue
[2022-05-01 20:13:39,930] {logging_mixin.py:109} INFO - [2022-05-01 20:13:39,930] {dagbag.py:500} INFO - Filling up the DagBag from /opt/airflow/dags/my_project.py
[2022-05-01 20:13:39,954] {processor.py:654} INFO - DAG(s) dict_keys(['my_project']) retrieved from /opt/airflow/dags/my_project.py
[2022-05-01 20:13:39,962] {logging_mixin.py:109} INFO - [2022-05-01 20:13:39,961] {dag.py:2398} INFO - Sync 1 DAGs
[2022-05-01 20:13:39,975] {logging_mixin.py:109} INFO - [2022-05-01 20:13:39,975] {dag.py:2937} INFO - Setting next_dagrun for my_project to 2022-04-30 00:00:00+00:00
[2022-05-01 20:13:39,981] {processor.py:171} INFO - Processing /opt/airflow/dags/my_project.py took 0.054 seconds
[2022-05-01 20:14:11,180] {processor.py:163} INFO - Started process (PID=1063) to work on /opt/airflow/dags/my_project.py
[2022-05-01 20:14:11,181] {processor.py:642} INFO - Processing file /opt/airflow/dags/my_project.py for tasks to queue
[2022-05-01 20:14:11,182] {logging_mixin.py:109} INFO - [2022-05-01 20:14:11,182] {dagbag.py:500} INFO - Filling up the DagBag from /opt/airflow/dags/my_project.py
[2022-05-01 20:14:11,206] {processor.py:654} INFO - DAG(s) dict_keys(['my_project']) retrieved from /opt/airflow/dags/my_project.py
[2022-05-01 20:14:11,213] {logging_mixin.py:109} INFO - [2022-05-01 20:14:11,213] {dag.py:2398} INFO - Sync 1 DAGs
[2022-05-01 20:14:11,227] {logging_mixin.py:109} INFO - [2022-05-01 20:14:11,227] {dag.py:2937} INFO - Setting next_dagrun for my_project to 2022-04-30 00:00:00+00:00
[2022-05-01 20:14:11,233] {processor.py:171} INFO - Processing /opt/airflow/dags/my_project.py took 0.055 seconds
[2022-05-01 20:14:42,666] {processor.py:163} INFO - Started process (PID=1110) to work on /opt/airflow/dags/my_project.py
[2022-05-01 20:14:42,667] {processor.py:642} INFO - Processing file /opt/airflow/dags/my_project.py for tasks to queue
[2022-05-01 20:14:42,668] {logging_mixin.py:109} INFO - [2022-05-01 20:14:42,668] {dagbag.py:500} INFO - Filling up the DagBag from /opt/airflow/dags/my_project.py
[2022-05-01 20:14:42,693] {processor.py:654} INFO - DAG(s) dict_keys(['my_project']) retrieved from /opt/airflow/dags/my_project.py
[2022-05-01 20:14:42,701] {logging_mixin.py:109} INFO - [2022-05-01 20:14:42,701] {dag.py:2398} INFO - Sync 1 DAGs
[2022-05-01 20:14:42,715] {logging_mixin.py:109} INFO - [2022-05-01 20:14:42,715] {dag.py:2937} INFO - Setting next_dagrun for my_project to 2022-04-30 00:00:00+00:00
[2022-05-01 20:14:42,722] {processor.py:171} INFO - Processing /opt/airflow/dags/my_project.py took 0.057 seconds
[2022-05-01 20:15:13,886] {processor.py:163} INFO - Started process (PID=1162) to work on /opt/airflow/dags/my_project.py
[2022-05-01 20:15:13,887] {processor.py:642} INFO - Processing file /opt/airflow/dags/my_project.py for tasks to queue
[2022-05-01 20:15:13,887] {logging_mixin.py:109} INFO - [2022-05-01 20:15:13,887] {dagbag.py:500} INFO - Filling up the DagBag from /opt/airflow/dags/my_project.py
[2022-05-01 20:15:13,909] {processor.py:654} INFO - DAG(s) dict_keys(['my_project']) retrieved from /opt/airflow/dags/my_project.py
[2022-05-01 20:15:13,916] {logging_mixin.py:109} INFO - [2022-05-01 20:15:13,916] {dag.py:2398} INFO - Sync 1 DAGs
[2022-05-01 20:15:13,932] {logging_mixin.py:109} INFO - [2022-05-01 20:15:13,931] {dag.py:2937} INFO - Setting next_dagrun for my_project to 2022-04-30 00:00:00+00:00
[2022-05-01 20:15:13,939] {processor.py:171} INFO - Processing /opt/airflow/dags/my_project.py took 0.055 seconds
[2022-05-01 20:15:44,752] {processor.py:163} INFO - Started process (PID=1215) to work on /opt/airflow/dags/my_project.py
[2022-05-01 20:15:44,752] {processor.py:642} INFO - Processing file /opt/airflow/dags/my_project.py for tasks to queue
[2022-05-01 20:15:44,753] {logging_mixin.py:109} INFO - [2022-05-01 20:15:44,753] {dagbag.py:500} INFO - Filling up the DagBag from /opt/airflow/dags/my_project.py
[2022-05-01 20:15:44,775] {processor.py:654} INFO - DAG(s) dict_keys(['my_project']) retrieved from /opt/airflow/dags/my_project.py
[2022-05-01 20:15:44,785] {logging_mixin.py:109} INFO - [2022-05-01 20:15:44,784] {dag.py:2398} INFO - Sync 1 DAGs
[2022-05-01 20:15:44,797] {logging_mixin.py:109} INFO - [2022-05-01 20:15:44,797] {dag.py:2937} INFO - Setting next_dagrun for my_project to 2022-04-30 00:00:00+00:00
[2022-05-01 20:15:44,802] {processor.py:171} INFO - Processing /opt/airflow/dags/my_project.py took 0.053 seconds
[2022-05-01 20:16:16,763] {processor.py:163} INFO - Started process (PID=1261) to work on /opt/airflow/dags/my_project.py
[2022-05-01 20:16:16,764] {processor.py:642} INFO - Processing file /opt/airflow/dags/my_project.py for tasks to queue
[2022-05-01 20:16:16,764] {logging_mixin.py:109} INFO - [2022-05-01 20:16:16,764] {dagbag.py:500} INFO - Filling up the DagBag from /opt/airflow/dags/my_project.py
[2022-05-01 20:16:16,813] {processor.py:654} INFO - DAG(s) dict_keys(['my_project']) retrieved from /opt/airflow/dags/my_project.py
[2022-05-01 20:16:16,827] {logging_mixin.py:109} INFO - [2022-05-01 20:16:16,827] {dag.py:2398} INFO - Sync 1 DAGs
[2022-05-01 20:16:16,851] {logging_mixin.py:109} INFO - [2022-05-01 20:16:16,851] {dag.py:2937} INFO - Setting next_dagrun for my_project to 2022-04-30 00:00:00+00:00
[2022-05-01 20:16:16,883] {processor.py:171} INFO - Processing /opt/airflow/dags/my_project.py took 0.134 seconds
[2022-05-01 20:16:47,786] {processor.py:163} INFO - Started process (PID=1312) to work on /opt/airflow/dags/my_project.py
[2022-05-01 20:16:47,792] {processor.py:642} INFO - Processing file /opt/airflow/dags/my_project.py for tasks to queue
[2022-05-01 20:16:47,793] {logging_mixin.py:109} INFO - [2022-05-01 20:16:47,792] {dagbag.py:500} INFO - Filling up the DagBag from /opt/airflow/dags/my_project.py
[2022-05-01 20:16:47,833] {processor.py:654} INFO - DAG(s) dict_keys(['my_project']) retrieved from /opt/airflow/dags/my_project.py
[2022-05-01 20:16:47,844] {logging_mixin.py:109} INFO - [2022-05-01 20:16:47,843] {dag.py:2398} INFO - Sync 1 DAGs
[2022-05-01 20:16:47,861] {logging_mixin.py:109} INFO - [2022-05-01 20:16:47,861] {dag.py:2937} INFO - Setting next_dagrun for my_project to 2022-04-30 00:00:00+00:00
[2022-05-01 20:16:47,869] {processor.py:171} INFO - Processing /opt/airflow/dags/my_project.py took 0.085 seconds
[2022-05-01 20:17:19,550] {processor.py:163} INFO - Started process (PID=1360) to work on /opt/airflow/dags/my_project.py
[2022-05-01 20:17:19,551] {processor.py:642} INFO - Processing file /opt/airflow/dags/my_project.py for tasks to queue
[2022-05-01 20:17:19,552] {logging_mixin.py:109} INFO - [2022-05-01 20:17:19,552] {dagbag.py:500} INFO - Filling up the DagBag from /opt/airflow/dags/my_project.py
[2022-05-01 20:17:19,579] {processor.py:654} INFO - DAG(s) dict_keys(['my_project']) retrieved from /opt/airflow/dags/my_project.py
[2022-05-01 20:17:19,587] {logging_mixin.py:109} INFO - [2022-05-01 20:17:19,587] {dag.py:2398} INFO - Sync 1 DAGs
[2022-05-01 20:17:19,605] {logging_mixin.py:109} INFO - [2022-05-01 20:17:19,604] {dag.py:2937} INFO - Setting next_dagrun for my_project to 2022-04-30 00:00:00+00:00
[2022-05-01 20:17:19,611] {processor.py:171} INFO - Processing /opt/airflow/dags/my_project.py took 0.063 seconds
[2022-05-01 20:17:51,067] {processor.py:163} INFO - Started process (PID=1403) to work on /opt/airflow/dags/my_project.py
[2022-05-01 20:17:51,068] {processor.py:642} INFO - Processing file /opt/airflow/dags/my_project.py for tasks to queue
[2022-05-01 20:17:51,069] {logging_mixin.py:109} INFO - [2022-05-01 20:17:51,069] {dagbag.py:500} INFO - Filling up the DagBag from /opt/airflow/dags/my_project.py
[2022-05-01 20:17:51,095] {processor.py:654} INFO - DAG(s) dict_keys(['my_project']) retrieved from /opt/airflow/dags/my_project.py
[2022-05-01 20:17:51,106] {logging_mixin.py:109} INFO - [2022-05-01 20:17:51,106] {dag.py:2398} INFO - Sync 1 DAGs
[2022-05-01 20:17:51,127] {logging_mixin.py:109} INFO - [2022-05-01 20:17:51,127] {dag.py:2937} INFO - Setting next_dagrun for my_project to 2022-04-30 00:00:00+00:00
[2022-05-01 20:17:51,153] {processor.py:171} INFO - Processing /opt/airflow/dags/my_project.py took 0.088 seconds
[2022-05-01 20:18:22,400] {processor.py:163} INFO - Started process (PID=1455) to work on /opt/airflow/dags/my_project.py
[2022-05-01 20:18:22,401] {processor.py:642} INFO - Processing file /opt/airflow/dags/my_project.py for tasks to queue
[2022-05-01 20:18:22,401] {logging_mixin.py:109} INFO - [2022-05-01 20:18:22,401] {dagbag.py:500} INFO - Filling up the DagBag from /opt/airflow/dags/my_project.py
[2022-05-01 20:18:22,432] {processor.py:654} INFO - DAG(s) dict_keys(['my_project']) retrieved from /opt/airflow/dags/my_project.py
[2022-05-01 20:18:22,440] {logging_mixin.py:109} INFO - [2022-05-01 20:18:22,440] {dag.py:2398} INFO - Sync 1 DAGs
[2022-05-01 20:18:22,454] {logging_mixin.py:109} INFO - [2022-05-01 20:18:22,454] {dag.py:2937} INFO - Setting next_dagrun for my_project to 2022-04-30 00:00:00+00:00
[2022-05-01 20:18:22,460] {processor.py:171} INFO - Processing /opt/airflow/dags/my_project.py took 0.062 seconds
[2022-05-01 20:18:53,301] {processor.py:163} INFO - Started process (PID=1507) to work on /opt/airflow/dags/my_project.py
[2022-05-01 20:18:53,303] {processor.py:642} INFO - Processing file /opt/airflow/dags/my_project.py for tasks to queue
[2022-05-01 20:18:53,303] {logging_mixin.py:109} INFO - [2022-05-01 20:18:53,303] {dagbag.py:500} INFO - Filling up the DagBag from /opt/airflow/dags/my_project.py
[2022-05-01 20:18:53,329] {processor.py:654} INFO - DAG(s) dict_keys(['my_project']) retrieved from /opt/airflow/dags/my_project.py
[2022-05-01 20:18:53,346] {logging_mixin.py:109} INFO - [2022-05-01 20:18:53,346] {dag.py:2398} INFO - Sync 1 DAGs
[2022-05-01 20:18:53,360] {logging_mixin.py:109} INFO - [2022-05-01 20:18:53,360] {dag.py:2937} INFO - Setting next_dagrun for my_project to 2022-04-30 00:00:00+00:00
[2022-05-01 20:18:53,367] {processor.py:171} INFO - Processing /opt/airflow/dags/my_project.py took 0.068 seconds
[2022-05-01 20:19:24,648] {processor.py:163} INFO - Started process (PID=1552) to work on /opt/airflow/dags/my_project.py
[2022-05-01 20:19:24,651] {processor.py:642} INFO - Processing file /opt/airflow/dags/my_project.py for tasks to queue
[2022-05-01 20:19:24,651] {logging_mixin.py:109} INFO - [2022-05-01 20:19:24,651] {dagbag.py:500} INFO - Filling up the DagBag from /opt/airflow/dags/my_project.py
[2022-05-01 20:19:24,724] {processor.py:654} INFO - DAG(s) dict_keys(['my_project']) retrieved from /opt/airflow/dags/my_project.py
[2022-05-01 20:19:24,741] {logging_mixin.py:109} INFO - [2022-05-01 20:19:24,741] {dag.py:2398} INFO - Sync 1 DAGs
[2022-05-01 20:19:24,781] {logging_mixin.py:109} INFO - [2022-05-01 20:19:24,781] {dag.py:2937} INFO - Setting next_dagrun for my_project to 2022-04-30 00:00:00+00:00
[2022-05-01 20:19:24,798] {processor.py:171} INFO - Processing /opt/airflow/dags/my_project.py took 0.152 seconds
[2022-05-01 20:19:56,084] {processor.py:163} INFO - Started process (PID=1606) to work on /opt/airflow/dags/my_project.py
[2022-05-01 20:19:56,084] {processor.py:642} INFO - Processing file /opt/airflow/dags/my_project.py for tasks to queue
[2022-05-01 20:19:56,085] {logging_mixin.py:109} INFO - [2022-05-01 20:19:56,085] {dagbag.py:500} INFO - Filling up the DagBag from /opt/airflow/dags/my_project.py
[2022-05-01 20:19:56,106] {processor.py:654} INFO - DAG(s) dict_keys(['my_project']) retrieved from /opt/airflow/dags/my_project.py
[2022-05-01 20:19:56,114] {logging_mixin.py:109} INFO - [2022-05-01 20:19:56,114] {dag.py:2398} INFO - Sync 1 DAGs
[2022-05-01 20:19:56,127] {logging_mixin.py:109} INFO - [2022-05-01 20:19:56,127] {dag.py:2937} INFO - Setting next_dagrun for my_project to 2022-04-30 00:00:00+00:00
[2022-05-01 20:19:56,135] {processor.py:171} INFO - Processing /opt/airflow/dags/my_project.py took 0.053 seconds
[2022-05-01 20:20:27,181] {processor.py:163} INFO - Started process (PID=1657) to work on /opt/airflow/dags/my_project.py
[2022-05-01 20:20:27,182] {processor.py:642} INFO - Processing file /opt/airflow/dags/my_project.py for tasks to queue
[2022-05-01 20:20:27,183] {logging_mixin.py:109} INFO - [2022-05-01 20:20:27,183] {dagbag.py:500} INFO - Filling up the DagBag from /opt/airflow/dags/my_project.py
[2022-05-01 20:20:27,209] {processor.py:654} INFO - DAG(s) dict_keys(['my_project']) retrieved from /opt/airflow/dags/my_project.py
[2022-05-01 20:20:27,217] {logging_mixin.py:109} INFO - [2022-05-01 20:20:27,217] {dag.py:2398} INFO - Sync 1 DAGs
[2022-05-01 20:20:27,235] {logging_mixin.py:109} INFO - [2022-05-01 20:20:27,235] {dag.py:2937} INFO - Setting next_dagrun for my_project to 2022-04-30 00:00:00+00:00
[2022-05-01 20:20:27,243] {processor.py:171} INFO - Processing /opt/airflow/dags/my_project.py took 0.063 seconds
[2022-05-01 20:20:59,335] {processor.py:163} INFO - Started process (PID=1703) to work on /opt/airflow/dags/my_project.py
[2022-05-01 20:20:59,336] {processor.py:642} INFO - Processing file /opt/airflow/dags/my_project.py for tasks to queue
[2022-05-01 20:20:59,336] {logging_mixin.py:109} INFO - [2022-05-01 20:20:59,336] {dagbag.py:500} INFO - Filling up the DagBag from /opt/airflow/dags/my_project.py
[2022-05-01 20:20:59,364] {processor.py:654} INFO - DAG(s) dict_keys(['my_project']) retrieved from /opt/airflow/dags/my_project.py
[2022-05-01 20:20:59,374] {logging_mixin.py:109} INFO - [2022-05-01 20:20:59,374] {dag.py:2398} INFO - Sync 1 DAGs
[2022-05-01 20:20:59,402] {logging_mixin.py:109} INFO - [2022-05-01 20:20:59,402] {dag.py:2937} INFO - Setting next_dagrun for my_project to 2022-04-30 00:00:00+00:00
[2022-05-01 20:20:59,446] {processor.py:171} INFO - Processing /opt/airflow/dags/my_project.py took 0.113 seconds
[2022-05-01 20:21:30,105] {processor.py:163} INFO - Started process (PID=1752) to work on /opt/airflow/dags/my_project.py
[2022-05-01 20:21:30,106] {processor.py:642} INFO - Processing file /opt/airflow/dags/my_project.py for tasks to queue
[2022-05-01 20:21:30,106] {logging_mixin.py:109} INFO - [2022-05-01 20:21:30,106] {dagbag.py:500} INFO - Filling up the DagBag from /opt/airflow/dags/my_project.py
[2022-05-01 20:21:30,130] {processor.py:654} INFO - DAG(s) dict_keys(['my_project']) retrieved from /opt/airflow/dags/my_project.py
[2022-05-01 20:21:30,139] {logging_mixin.py:109} INFO - [2022-05-01 20:21:30,139] {dag.py:2398} INFO - Sync 1 DAGs
[2022-05-01 20:21:30,153] {logging_mixin.py:109} INFO - [2022-05-01 20:21:30,153] {dag.py:2937} INFO - Setting next_dagrun for my_project to 2022-04-30 00:00:00+00:00
[2022-05-01 20:21:30,159] {processor.py:171} INFO - Processing /opt/airflow/dags/my_project.py took 0.056 seconds
[2022-05-01 20:22:01,172] {processor.py:163} INFO - Started process (PID=1802) to work on /opt/airflow/dags/my_project.py
[2022-05-01 20:22:01,178] {processor.py:642} INFO - Processing file /opt/airflow/dags/my_project.py for tasks to queue
[2022-05-01 20:22:01,181] {logging_mixin.py:109} INFO - [2022-05-01 20:22:01,181] {dagbag.py:500} INFO - Filling up the DagBag from /opt/airflow/dags/my_project.py
[2022-05-01 20:22:01,225] {processor.py:654} INFO - DAG(s) dict_keys(['my_project']) retrieved from /opt/airflow/dags/my_project.py
[2022-05-01 20:22:01,247] {logging_mixin.py:109} INFO - [2022-05-01 20:22:01,247] {dag.py:2398} INFO - Sync 1 DAGs
[2022-05-01 20:22:01,266] {logging_mixin.py:109} INFO - [2022-05-01 20:22:01,266] {dag.py:2937} INFO - Setting next_dagrun for my_project to 2022-04-30 00:00:00+00:00
[2022-05-01 20:22:01,291] {processor.py:171} INFO - Processing /opt/airflow/dags/my_project.py took 0.121 seconds
[2022-05-01 20:22:31,940] {processor.py:163} INFO - Started process (PID=1847) to work on /opt/airflow/dags/my_project.py
[2022-05-01 20:22:31,942] {processor.py:642} INFO - Processing file /opt/airflow/dags/my_project.py for tasks to queue
[2022-05-01 20:22:31,942] {logging_mixin.py:109} INFO - [2022-05-01 20:22:31,942] {dagbag.py:500} INFO - Filling up the DagBag from /opt/airflow/dags/my_project.py
[2022-05-01 20:22:31,973] {processor.py:654} INFO - DAG(s) dict_keys(['my_project']) retrieved from /opt/airflow/dags/my_project.py
[2022-05-01 20:22:31,984] {logging_mixin.py:109} INFO - [2022-05-01 20:22:31,984] {dag.py:2398} INFO - Sync 1 DAGs
[2022-05-01 20:22:32,004] {logging_mixin.py:109} INFO - [2022-05-01 20:22:32,004] {dag.py:2937} INFO - Setting next_dagrun for my_project to 2022-04-30 00:00:00+00:00
[2022-05-01 20:22:32,011] {processor.py:171} INFO - Processing /opt/airflow/dags/my_project.py took 0.075 seconds
[2022-05-01 20:23:02,449] {processor.py:163} INFO - Started process (PID=1892) to work on /opt/airflow/dags/my_project.py
[2022-05-01 20:23:02,450] {processor.py:642} INFO - Processing file /opt/airflow/dags/my_project.py for tasks to queue
[2022-05-01 20:23:02,450] {logging_mixin.py:109} INFO - [2022-05-01 20:23:02,450] {dagbag.py:500} INFO - Filling up the DagBag from /opt/airflow/dags/my_project.py
[2022-05-01 20:23:02,473] {processor.py:654} INFO - DAG(s) dict_keys(['my_project']) retrieved from /opt/airflow/dags/my_project.py
[2022-05-01 20:23:02,481] {logging_mixin.py:109} INFO - [2022-05-01 20:23:02,480] {dag.py:2398} INFO - Sync 1 DAGs
[2022-05-01 20:23:02,497] {logging_mixin.py:109} INFO - [2022-05-01 20:23:02,497] {dag.py:2937} INFO - Setting next_dagrun for my_project to 2022-04-30 00:00:00+00:00
[2022-05-01 20:23:02,503] {processor.py:171} INFO - Processing /opt/airflow/dags/my_project.py took 0.056 seconds
[2022-05-01 20:23:32,594] {processor.py:163} INFO - Started process (PID=1934) to work on /opt/airflow/dags/my_project.py
[2022-05-01 20:23:32,595] {processor.py:642} INFO - Processing file /opt/airflow/dags/my_project.py for tasks to queue
[2022-05-01 20:23:32,595] {logging_mixin.py:109} INFO - [2022-05-01 20:23:32,595] {dagbag.py:500} INFO - Filling up the DagBag from /opt/airflow/dags/my_project.py
[2022-05-01 20:23:32,619] {processor.py:654} INFO - DAG(s) dict_keys(['my_project']) retrieved from /opt/airflow/dags/my_project.py
[2022-05-01 20:23:32,627] {logging_mixin.py:109} INFO - [2022-05-01 20:23:32,627] {dag.py:2398} INFO - Sync 1 DAGs
[2022-05-01 20:23:32,640] {logging_mixin.py:109} INFO - [2022-05-01 20:23:32,640] {dag.py:2937} INFO - Setting next_dagrun for my_project to 2022-04-30 00:00:00+00:00
[2022-05-01 20:23:32,647] {processor.py:171} INFO - Processing /opt/airflow/dags/my_project.py took 0.055 seconds
[2022-05-01 20:24:02,719] {processor.py:163} INFO - Started process (PID=1987) to work on /opt/airflow/dags/my_project.py
[2022-05-01 20:24:02,720] {processor.py:642} INFO - Processing file /opt/airflow/dags/my_project.py for tasks to queue
[2022-05-01 20:24:02,720] {logging_mixin.py:109} INFO - [2022-05-01 20:24:02,720] {dagbag.py:500} INFO - Filling up the DagBag from /opt/airflow/dags/my_project.py
[2022-05-01 20:24:02,745] {processor.py:654} INFO - DAG(s) dict_keys(['my_project']) retrieved from /opt/airflow/dags/my_project.py
[2022-05-01 20:24:02,753] {logging_mixin.py:109} INFO - [2022-05-01 20:24:02,753] {dag.py:2398} INFO - Sync 1 DAGs
[2022-05-01 20:24:02,766] {logging_mixin.py:109} INFO - [2022-05-01 20:24:02,766] {dag.py:2937} INFO - Setting next_dagrun for my_project to 2022-04-30 00:00:00+00:00
[2022-05-01 20:24:02,772] {processor.py:171} INFO - Processing /opt/airflow/dags/my_project.py took 0.055 seconds
[2022-05-01 20:24:33,660] {processor.py:163} INFO - Started process (PID=2031) to work on /opt/airflow/dags/my_project.py
[2022-05-01 20:24:33,662] {processor.py:642} INFO - Processing file /opt/airflow/dags/my_project.py for tasks to queue
[2022-05-01 20:24:33,663] {logging_mixin.py:109} INFO - [2022-05-01 20:24:33,663] {dagbag.py:500} INFO - Filling up the DagBag from /opt/airflow/dags/my_project.py
[2022-05-01 20:24:33,701] {processor.py:654} INFO - DAG(s) dict_keys(['my_project']) retrieved from /opt/airflow/dags/my_project.py
[2022-05-01 20:24:33,709] {logging_mixin.py:109} INFO - [2022-05-01 20:24:33,709] {dag.py:2398} INFO - Sync 1 DAGs
[2022-05-01 20:24:33,730] {logging_mixin.py:109} INFO - [2022-05-01 20:24:33,730] {dag.py:2937} INFO - Setting next_dagrun for my_project to 2022-04-30 00:00:00+00:00
[2022-05-01 20:24:33,742] {processor.py:171} INFO - Processing /opt/airflow/dags/my_project.py took 0.087 seconds
[2022-05-01 20:25:04,553] {processor.py:163} INFO - Started process (PID=2084) to work on /opt/airflow/dags/my_project.py
[2022-05-01 20:25:04,554] {processor.py:642} INFO - Processing file /opt/airflow/dags/my_project.py for tasks to queue
[2022-05-01 20:25:04,555] {logging_mixin.py:109} INFO - [2022-05-01 20:25:04,555] {dagbag.py:500} INFO - Filling up the DagBag from /opt/airflow/dags/my_project.py
[2022-05-01 20:25:04,579] {processor.py:654} INFO - DAG(s) dict_keys(['my_project']) retrieved from /opt/airflow/dags/my_project.py
[2022-05-01 20:25:04,587] {logging_mixin.py:109} INFO - [2022-05-01 20:25:04,587] {dag.py:2398} INFO - Sync 1 DAGs
[2022-05-01 20:25:04,601] {logging_mixin.py:109} INFO - [2022-05-01 20:25:04,601] {dag.py:2937} INFO - Setting next_dagrun for my_project to 2022-04-30 00:00:00+00:00
[2022-05-01 20:25:04,606] {processor.py:171} INFO - Processing /opt/airflow/dags/my_project.py took 0.056 seconds
[2022-05-01 20:25:34,629] {processor.py:163} INFO - Started process (PID=2137) to work on /opt/airflow/dags/my_project.py
[2022-05-01 20:25:34,630] {processor.py:642} INFO - Processing file /opt/airflow/dags/my_project.py for tasks to queue
[2022-05-01 20:25:34,630] {logging_mixin.py:109} INFO - [2022-05-01 20:25:34,630] {dagbag.py:500} INFO - Filling up the DagBag from /opt/airflow/dags/my_project.py
[2022-05-01 20:25:34,662] {processor.py:654} INFO - DAG(s) dict_keys(['my_project']) retrieved from /opt/airflow/dags/my_project.py
[2022-05-01 20:25:34,670] {logging_mixin.py:109} INFO - [2022-05-01 20:25:34,670] {dag.py:2398} INFO - Sync 1 DAGs
[2022-05-01 20:25:34,687] {logging_mixin.py:109} INFO - [2022-05-01 20:25:34,687] {dag.py:2937} INFO - Setting next_dagrun for my_project to 2022-04-30 00:00:00+00:00
[2022-05-01 20:25:34,701] {processor.py:171} INFO - Processing /opt/airflow/dags/my_project.py took 0.074 seconds
[2022-05-01 20:26:04,812] {processor.py:163} INFO - Started process (PID=2179) to work on /opt/airflow/dags/my_project.py
[2022-05-01 20:26:04,813] {processor.py:642} INFO - Processing file /opt/airflow/dags/my_project.py for tasks to queue
[2022-05-01 20:26:04,813] {logging_mixin.py:109} INFO - [2022-05-01 20:26:04,813] {dagbag.py:500} INFO - Filling up the DagBag from /opt/airflow/dags/my_project.py
[2022-05-01 20:26:04,840] {processor.py:654} INFO - DAG(s) dict_keys(['my_project']) retrieved from /opt/airflow/dags/my_project.py
[2022-05-01 20:26:04,848] {logging_mixin.py:109} INFO - [2022-05-01 20:26:04,848] {dag.py:2398} INFO - Sync 1 DAGs
[2022-05-01 20:26:04,866] {logging_mixin.py:109} INFO - [2022-05-01 20:26:04,866] {dag.py:2937} INFO - Setting next_dagrun for my_project to 2022-04-30 00:00:00+00:00
[2022-05-01 20:26:04,874] {processor.py:171} INFO - Processing /opt/airflow/dags/my_project.py took 0.065 seconds
[2022-05-01 20:26:34,916] {processor.py:163} INFO - Started process (PID=2230) to work on /opt/airflow/dags/my_project.py
[2022-05-01 20:26:34,917] {processor.py:642} INFO - Processing file /opt/airflow/dags/my_project.py for tasks to queue
[2022-05-01 20:26:34,917] {logging_mixin.py:109} INFO - [2022-05-01 20:26:34,917] {dagbag.py:500} INFO - Filling up the DagBag from /opt/airflow/dags/my_project.py
[2022-05-01 20:26:34,940] {processor.py:654} INFO - DAG(s) dict_keys(['my_project']) retrieved from /opt/airflow/dags/my_project.py
[2022-05-01 20:26:34,947] {logging_mixin.py:109} INFO - [2022-05-01 20:26:34,947] {dag.py:2398} INFO - Sync 1 DAGs
[2022-05-01 20:26:34,960] {logging_mixin.py:109} INFO - [2022-05-01 20:26:34,960] {dag.py:2937} INFO - Setting next_dagrun for my_project to 2022-04-30 00:00:00+00:00
[2022-05-01 20:26:34,966] {processor.py:171} INFO - Processing /opt/airflow/dags/my_project.py took 0.052 seconds
[2022-05-01 20:27:05,542] {processor.py:163} INFO - Started process (PID=2274) to work on /opt/airflow/dags/my_project.py
[2022-05-01 20:27:05,546] {processor.py:642} INFO - Processing file /opt/airflow/dags/my_project.py for tasks to queue
[2022-05-01 20:27:05,547] {logging_mixin.py:109} INFO - [2022-05-01 20:27:05,547] {dagbag.py:500} INFO - Filling up the DagBag from /opt/airflow/dags/my_project.py
[2022-05-01 20:27:05,601] {processor.py:654} INFO - DAG(s) dict_keys(['my_project']) retrieved from /opt/airflow/dags/my_project.py
[2022-05-01 20:27:05,625] {logging_mixin.py:109} INFO - [2022-05-01 20:27:05,625] {dag.py:2398} INFO - Sync 1 DAGs
[2022-05-01 20:27:05,660] {logging_mixin.py:109} INFO - [2022-05-01 20:27:05,660] {dag.py:2937} INFO - Setting next_dagrun for my_project to 2022-04-30 00:00:00+00:00
[2022-05-01 20:27:05,675] {processor.py:171} INFO - Processing /opt/airflow/dags/my_project.py took 0.142 seconds
[2022-05-01 20:27:36,622] {processor.py:163} INFO - Started process (PID=2332) to work on /opt/airflow/dags/my_project.py
[2022-05-01 20:27:36,623] {processor.py:642} INFO - Processing file /opt/airflow/dags/my_project.py for tasks to queue
[2022-05-01 20:27:36,623] {logging_mixin.py:109} INFO - [2022-05-01 20:27:36,623] {dagbag.py:500} INFO - Filling up the DagBag from /opt/airflow/dags/my_project.py
[2022-05-01 20:27:36,649] {processor.py:654} INFO - DAG(s) dict_keys(['my_project']) retrieved from /opt/airflow/dags/my_project.py
[2022-05-01 20:27:36,656] {logging_mixin.py:109} INFO - [2022-05-01 20:27:36,656] {dag.py:2398} INFO - Sync 1 DAGs
[2022-05-01 20:27:36,669] {logging_mixin.py:109} INFO - [2022-05-01 20:27:36,668] {dag.py:2937} INFO - Setting next_dagrun for my_project to 2022-04-30 00:00:00+00:00
[2022-05-01 20:27:36,675] {processor.py:171} INFO - Processing /opt/airflow/dags/my_project.py took 0.057 seconds
[2022-05-01 20:28:06,738] {processor.py:163} INFO - Started process (PID=2392) to work on /opt/airflow/dags/my_project.py
[2022-05-01 20:28:06,745] {processor.py:642} INFO - Processing file /opt/airflow/dags/my_project.py for tasks to queue
[2022-05-01 20:28:06,747] {logging_mixin.py:109} INFO - [2022-05-01 20:28:06,747] {dagbag.py:500} INFO - Filling up the DagBag from /opt/airflow/dags/my_project.py
[2022-05-01 20:28:06,827] {processor.py:654} INFO - DAG(s) dict_keys(['my_project']) retrieved from /opt/airflow/dags/my_project.py
[2022-05-01 20:28:06,851] {logging_mixin.py:109} INFO - [2022-05-01 20:28:06,851] {dag.py:2398} INFO - Sync 1 DAGs
[2022-05-01 20:28:06,889] {logging_mixin.py:109} INFO - [2022-05-01 20:28:06,889] {dag.py:2937} INFO - Setting next_dagrun for my_project to 2022-04-30 00:00:00+00:00
[2022-05-01 20:28:06,895] {processor.py:171} INFO - Processing /opt/airflow/dags/my_project.py took 0.160 seconds
[2022-05-01 20:28:37,717] {processor.py:163} INFO - Started process (PID=2437) to work on /opt/airflow/dags/my_project.py
[2022-05-01 20:28:37,718] {processor.py:642} INFO - Processing file /opt/airflow/dags/my_project.py for tasks to queue
[2022-05-01 20:28:37,719] {logging_mixin.py:109} INFO - [2022-05-01 20:28:37,719] {dagbag.py:500} INFO - Filling up the DagBag from /opt/airflow/dags/my_project.py
[2022-05-01 20:28:37,747] {processor.py:654} INFO - DAG(s) dict_keys(['my_project']) retrieved from /opt/airflow/dags/my_project.py
[2022-05-01 20:28:37,754] {logging_mixin.py:109} INFO - [2022-05-01 20:28:37,754] {dag.py:2398} INFO - Sync 1 DAGs
[2022-05-01 20:28:37,766] {logging_mixin.py:109} INFO - [2022-05-01 20:28:37,766] {dag.py:2937} INFO - Setting next_dagrun for my_project to 2022-04-30 00:00:00+00:00
[2022-05-01 20:28:37,772] {processor.py:171} INFO - Processing /opt/airflow/dags/my_project.py took 0.060 seconds
[2022-05-01 20:29:08,740] {processor.py:163} INFO - Started process (PID=2494) to work on /opt/airflow/dags/my_project.py
[2022-05-01 20:29:08,741] {processor.py:642} INFO - Processing file /opt/airflow/dags/my_project.py for tasks to queue
[2022-05-01 20:29:08,743] {logging_mixin.py:109} INFO - [2022-05-01 20:29:08,742] {dagbag.py:500} INFO - Filling up the DagBag from /opt/airflow/dags/my_project.py
[2022-05-01 20:29:08,772] {processor.py:654} INFO - DAG(s) dict_keys(['my_project']) retrieved from /opt/airflow/dags/my_project.py
[2022-05-01 20:29:08,779] {logging_mixin.py:109} INFO - [2022-05-01 20:29:08,779] {dag.py:2398} INFO - Sync 1 DAGs
[2022-05-01 20:29:08,792] {logging_mixin.py:109} INFO - [2022-05-01 20:29:08,791] {dag.py:2937} INFO - Setting next_dagrun for my_project to 2022-04-30 00:00:00+00:00
[2022-05-01 20:29:08,797] {processor.py:171} INFO - Processing /opt/airflow/dags/my_project.py took 0.064 seconds
[2022-05-01 20:29:39,734] {processor.py:163} INFO - Started process (PID=2539) to work on /opt/airflow/dags/my_project.py
[2022-05-01 20:29:39,736] {processor.py:642} INFO - Processing file /opt/airflow/dags/my_project.py for tasks to queue
[2022-05-01 20:29:39,737] {logging_mixin.py:109} INFO - [2022-05-01 20:29:39,737] {dagbag.py:500} INFO - Filling up the DagBag from /opt/airflow/dags/my_project.py
[2022-05-01 20:29:39,770] {processor.py:654} INFO - DAG(s) dict_keys(['my_project']) retrieved from /opt/airflow/dags/my_project.py
[2022-05-01 20:29:39,777] {logging_mixin.py:109} INFO - [2022-05-01 20:29:39,777] {dag.py:2398} INFO - Sync 1 DAGs
[2022-05-01 20:29:39,790] {logging_mixin.py:109} INFO - [2022-05-01 20:29:39,790] {dag.py:2937} INFO - Setting next_dagrun for my_project to 2022-04-30 00:00:00+00:00
[2022-05-01 20:29:39,796] {processor.py:171} INFO - Processing /opt/airflow/dags/my_project.py took 0.070 seconds
[2022-05-01 20:30:10,575] {processor.py:163} INFO - Started process (PID=2590) to work on /opt/airflow/dags/my_project.py
[2022-05-01 20:30:10,577] {processor.py:642} INFO - Processing file /opt/airflow/dags/my_project.py for tasks to queue
[2022-05-01 20:30:10,577] {logging_mixin.py:109} INFO - [2022-05-01 20:30:10,577] {dagbag.py:500} INFO - Filling up the DagBag from /opt/airflow/dags/my_project.py
[2022-05-01 20:30:10,606] {processor.py:654} INFO - DAG(s) dict_keys(['my_project']) retrieved from /opt/airflow/dags/my_project.py
[2022-05-01 20:30:10,613] {logging_mixin.py:109} INFO - [2022-05-01 20:30:10,613] {dag.py:2398} INFO - Sync 1 DAGs
[2022-05-01 20:30:10,626] {logging_mixin.py:109} INFO - [2022-05-01 20:30:10,626] {dag.py:2937} INFO - Setting next_dagrun for my_project to 2022-04-30 00:00:00+00:00
[2022-05-01 20:30:10,632] {processor.py:171} INFO - Processing /opt/airflow/dags/my_project.py took 0.062 seconds
[2022-05-01 20:30:41,402] {processor.py:163} INFO - Started process (PID=2642) to work on /opt/airflow/dags/my_project.py
[2022-05-01 20:30:41,406] {processor.py:642} INFO - Processing file /opt/airflow/dags/my_project.py for tasks to queue
[2022-05-01 20:30:41,407] {logging_mixin.py:109} INFO - [2022-05-01 20:30:41,407] {dagbag.py:500} INFO - Filling up the DagBag from /opt/airflow/dags/my_project.py
[2022-05-01 20:30:41,432] {processor.py:654} INFO - DAG(s) dict_keys(['my_project']) retrieved from /opt/airflow/dags/my_project.py
[2022-05-01 20:30:41,443] {logging_mixin.py:109} INFO - [2022-05-01 20:30:41,443] {dag.py:2398} INFO - Sync 1 DAGs
[2022-05-01 20:30:41,461] {logging_mixin.py:109} INFO - [2022-05-01 20:30:41,461] {dag.py:2937} INFO - Setting next_dagrun for my_project to 2022-04-30 00:00:00+00:00
[2022-05-01 20:30:41,475] {processor.py:171} INFO - Processing /opt/airflow/dags/my_project.py took 0.076 seconds
[2022-05-01 20:31:12,412] {processor.py:163} INFO - Started process (PID=2686) to work on /opt/airflow/dags/my_project.py
[2022-05-01 20:31:12,418] {processor.py:642} INFO - Processing file /opt/airflow/dags/my_project.py for tasks to queue
[2022-05-01 20:31:12,422] {logging_mixin.py:109} INFO - [2022-05-01 20:31:12,422] {dagbag.py:500} INFO - Filling up the DagBag from /opt/airflow/dags/my_project.py
[2022-05-01 20:31:12,450] {processor.py:654} INFO - DAG(s) dict_keys(['my_project']) retrieved from /opt/airflow/dags/my_project.py
[2022-05-01 20:31:12,458] {logging_mixin.py:109} INFO - [2022-05-01 20:31:12,458] {dag.py:2398} INFO - Sync 1 DAGs
[2022-05-01 20:31:12,472] {logging_mixin.py:109} INFO - [2022-05-01 20:31:12,472] {dag.py:2937} INFO - Setting next_dagrun for my_project to 2022-04-30 00:00:00+00:00
[2022-05-01 20:31:12,479] {processor.py:171} INFO - Processing /opt/airflow/dags/my_project.py took 0.071 seconds
[2022-05-01 20:31:43,337] {processor.py:163} INFO - Started process (PID=2738) to work on /opt/airflow/dags/my_project.py
[2022-05-01 20:31:43,343] {processor.py:642} INFO - Processing file /opt/airflow/dags/my_project.py for tasks to queue
[2022-05-01 20:31:43,343] {logging_mixin.py:109} INFO - [2022-05-01 20:31:43,343] {dagbag.py:500} INFO - Filling up the DagBag from /opt/airflow/dags/my_project.py
[2022-05-01 20:31:43,414] {processor.py:654} INFO - DAG(s) dict_keys(['my_project']) retrieved from /opt/airflow/dags/my_project.py
[2022-05-01 20:31:43,427] {logging_mixin.py:109} INFO - [2022-05-01 20:31:43,427] {dag.py:2398} INFO - Sync 1 DAGs
[2022-05-01 20:31:43,455] {logging_mixin.py:109} INFO - [2022-05-01 20:31:43,455] {dag.py:2937} INFO - Setting next_dagrun for my_project to 2022-04-30 00:00:00+00:00
[2022-05-01 20:31:43,463] {processor.py:171} INFO - Processing /opt/airflow/dags/my_project.py took 0.128 seconds
[2022-05-01 20:32:13,563] {processor.py:163} INFO - Started process (PID=2783) to work on /opt/airflow/dags/my_project.py
[2022-05-01 20:32:13,564] {processor.py:642} INFO - Processing file /opt/airflow/dags/my_project.py for tasks to queue
[2022-05-01 20:32:13,565] {logging_mixin.py:109} INFO - [2022-05-01 20:32:13,565] {dagbag.py:500} INFO - Filling up the DagBag from /opt/airflow/dags/my_project.py
[2022-05-01 20:32:13,626] {processor.py:654} INFO - DAG(s) dict_keys(['my_project']) retrieved from /opt/airflow/dags/my_project.py
[2022-05-01 20:32:13,671] {logging_mixin.py:109} INFO - [2022-05-01 20:32:13,671] {dag.py:2398} INFO - Sync 1 DAGs
[2022-05-01 20:32:13,685] {logging_mixin.py:109} INFO - [2022-05-01 20:32:13,685] {dag.py:2937} INFO - Setting next_dagrun for my_project to 2022-04-30 00:00:00+00:00
[2022-05-01 20:32:13,692] {processor.py:171} INFO - Processing /opt/airflow/dags/my_project.py took 0.131 seconds
[2022-05-01 20:32:43,760] {processor.py:163} INFO - Started process (PID=2837) to work on /opt/airflow/dags/my_project.py
[2022-05-01 20:32:43,762] {processor.py:642} INFO - Processing file /opt/airflow/dags/my_project.py for tasks to queue
[2022-05-01 20:32:43,763] {logging_mixin.py:109} INFO - [2022-05-01 20:32:43,763] {dagbag.py:500} INFO - Filling up the DagBag from /opt/airflow/dags/my_project.py
[2022-05-01 20:32:43,817] {processor.py:654} INFO - DAG(s) dict_keys(['my_project']) retrieved from /opt/airflow/dags/my_project.py
[2022-05-01 20:32:43,833] {logging_mixin.py:109} INFO - [2022-05-01 20:32:43,833] {dag.py:2398} INFO - Sync 1 DAGs
[2022-05-01 20:32:43,858] {logging_mixin.py:109} INFO - [2022-05-01 20:32:43,858] {dag.py:2937} INFO - Setting next_dagrun for my_project to 2022-04-30 00:00:00+00:00
[2022-05-01 20:32:43,867] {processor.py:171} INFO - Processing /opt/airflow/dags/my_project.py took 0.110 seconds
[2022-05-01 20:33:14,000] {processor.py:163} INFO - Started process (PID=2883) to work on /opt/airflow/dags/my_project.py
[2022-05-01 20:33:14,001] {processor.py:642} INFO - Processing file /opt/airflow/dags/my_project.py for tasks to queue
[2022-05-01 20:33:14,001] {logging_mixin.py:109} INFO - [2022-05-01 20:33:14,001] {dagbag.py:500} INFO - Filling up the DagBag from /opt/airflow/dags/my_project.py
[2022-05-01 20:33:14,027] {processor.py:654} INFO - DAG(s) dict_keys(['my_project']) retrieved from /opt/airflow/dags/my_project.py
[2022-05-01 20:33:14,035] {logging_mixin.py:109} INFO - [2022-05-01 20:33:14,035] {dag.py:2398} INFO - Sync 1 DAGs
[2022-05-01 20:33:14,048] {logging_mixin.py:109} INFO - [2022-05-01 20:33:14,048] {dag.py:2937} INFO - Setting next_dagrun for my_project to 2022-04-30 00:00:00+00:00
[2022-05-01 20:33:14,133] {processor.py:171} INFO - Processing /opt/airflow/dags/my_project.py took 0.136 seconds
