[2022-04-19 14:55:31,003] {taskinstance.py:1037} INFO - Dependencies all met for <TaskInstance: hook_dag.log_sensor_1 manual__2022-04-19T14:55:27.193531+00:00 [queued]>
[2022-04-19 14:55:31,011] {taskinstance.py:1037} INFO - Dependencies all met for <TaskInstance: hook_dag.log_sensor_1 manual__2022-04-19T14:55:27.193531+00:00 [queued]>
[2022-04-19 14:55:31,011] {taskinstance.py:1243} INFO - 
--------------------------------------------------------------------------------
[2022-04-19 14:55:31,011] {taskinstance.py:1244} INFO - Starting attempt 1 of 2
[2022-04-19 14:55:31,011] {taskinstance.py:1245} INFO - 
--------------------------------------------------------------------------------
[2022-04-19 14:55:31,023] {taskinstance.py:1264} INFO - Executing <Task(SqlSensor): log_sensor_1> on 2022-04-19 14:55:27.193531+00:00
[2022-04-19 14:55:31,028] {standard_task_runner.py:52} INFO - Started process 18350 to run task
[2022-04-19 14:55:31,030] {standard_task_runner.py:76} INFO - Running: ['***', 'tasks', 'run', 'hook_dag', 'log_sensor_1', 'manual__2022-04-19T14:55:27.193531+00:00', '--job-id', '526', '--raw', '--subdir', 'DAGS_FOLDER/hook_dag.py', '--cfg-path', '/tmp/tmppahpl0nn', '--error-file', '/tmp/tmph4sw33tk']
[2022-04-19 14:55:31,031] {standard_task_runner.py:77} INFO - Job 526: Subtask log_sensor_1
[2022-04-19 14:55:31,075] {logging_mixin.py:109} INFO - Running <TaskInstance: hook_dag.log_sensor_1 manual__2022-04-19T14:55:27.193531+00:00 [running]> on host 22e04adb6bfa
[2022-04-19 14:55:31,128] {taskinstance.py:1431} INFO - Exporting the following env vars:
AIRFLOW_CTX_DAG_OWNER=***
AIRFLOW_CTX_DAG_ID=hook_dag
AIRFLOW_CTX_TASK_ID=log_sensor_1
AIRFLOW_CTX_EXECUTION_DATE=2022-04-19T14:55:27.193531+00:00
AIRFLOW_CTX_DAG_RUN_ID=manual__2022-04-19T14:55:27.193531+00:00
[2022-04-19 14:55:31,136] {base.py:79} INFO - Using connection to: id: postgres_default. Host: postgres, Port: 5432, Schema: ***, Login: ***, Password: ***, extra: {}
[2022-04-19 14:55:31,190] {sql.py:98} INFO - Poking: select case when q = 'true' then 1 else 0 end as q from  (
	select case when count(id)=0 then 'true' else 'false' end as q
	from list_flow_log
	where object_flow = 1 and status = 1
) t1; (with parameters None)
[2022-04-19 14:55:31,196] {base.py:79} INFO - Using connection to: id: postgres_default. Host: postgres, Port: 5432, Schema: ***, Login: ***, Password: ***, extra: {}
[2022-04-19 14:55:31,202] {base.py:251} INFO - Success criteria met. Exiting.
[2022-04-19 14:55:31,218] {taskinstance.py:1282} INFO - Marking task as SUCCESS. dag_id=hook_dag, task_id=log_sensor_1, execution_date=20220419T145527, start_date=20220419T145531, end_date=20220419T145531
[2022-04-19 14:55:31,242] {local_task_job.py:154} INFO - Task exited with return code 0
[2022-04-19 14:55:31,275] {local_task_job.py:264} INFO - 1 downstream tasks scheduled from follow-on schedule check
