[2022-04-19 10:31:10,196] {taskinstance.py:1037} INFO - Dependencies all met for <TaskInstance: hook_dag.branching manual__2022-04-19T10:31:02.237229+00:00 [queued]>
[2022-04-19 10:31:10,205] {taskinstance.py:1037} INFO - Dependencies all met for <TaskInstance: hook_dag.branching manual__2022-04-19T10:31:02.237229+00:00 [queued]>
[2022-04-19 10:31:10,205] {taskinstance.py:1243} INFO - 
--------------------------------------------------------------------------------
[2022-04-19 10:31:10,205] {taskinstance.py:1244} INFO - Starting attempt 1 of 2
[2022-04-19 10:31:10,205] {taskinstance.py:1245} INFO - 
--------------------------------------------------------------------------------
[2022-04-19 10:31:10,212] {taskinstance.py:1264} INFO - Executing <Task(BranchPythonOperator): branching> on 2022-04-19 10:31:02.237229+00:00
[2022-04-19 10:31:10,216] {standard_task_runner.py:52} INFO - Started process 5132 to run task
[2022-04-19 10:31:10,218] {standard_task_runner.py:76} INFO - Running: ['***', 'tasks', 'run', 'hook_dag', 'branching', 'manual__2022-04-19T10:31:02.237229+00:00', '--job-id', '284', '--raw', '--subdir', 'DAGS_FOLDER/hook_dag.py', '--cfg-path', '/tmp/tmp1bucky5w', '--error-file', '/tmp/tmpijd4it61']
[2022-04-19 10:31:10,219] {standard_task_runner.py:77} INFO - Job 284: Subtask branching
[2022-04-19 10:31:10,257] {logging_mixin.py:109} INFO - Running <TaskInstance: hook_dag.branching manual__2022-04-19T10:31:02.237229+00:00 [running]> on host 22e04adb6bfa
[2022-04-19 10:31:10,290] {taskinstance.py:1431} INFO - Exporting the following env vars:
AIRFLOW_CTX_DAG_OWNER=***
AIRFLOW_CTX_DAG_ID=hook_dag
AIRFLOW_CTX_TASK_ID=branching
AIRFLOW_CTX_EXECUTION_DATE=2022-04-19T10:31:02.237229+00:00
AIRFLOW_CTX_DAG_RUN_ID=manual__2022-04-19T10:31:02.237229+00:00
[2022-04-19 10:31:10,295] {python.py:175} INFO - Done. Returned value was: log_end_no_data
[2022-04-19 10:31:10,295] {skipmixin.py:140} INFO - Following branch log_end_no_data
[2022-04-19 10:31:10,296] {skipmixin.py:171} INFO - Skipping tasks ['transfer_suit_pa']
[2022-04-19 10:31:10,322] {taskinstance.py:1282} INFO - Marking task as SUCCESS. dag_id=hook_dag, task_id=branching, execution_date=20220419T103102, start_date=20220419T103110, end_date=20220419T103110
[2022-04-19 10:31:10,350] {local_task_job.py:154} INFO - Task exited with return code 0
[2022-04-19 10:31:10,373] {local_task_job.py:264} INFO - 1 downstream tasks scheduled from follow-on schedule check
