[2022-04-19 11:50:55,363] {taskinstance.py:1037} INFO - Dependencies all met for <TaskInstance: hook_dag.condition_is_True manual__2022-04-19T11:49:48.810909+00:00 [queued]>
[2022-04-19 11:50:55,373] {taskinstance.py:1037} INFO - Dependencies all met for <TaskInstance: hook_dag.condition_is_True manual__2022-04-19T11:49:48.810909+00:00 [queued]>
[2022-04-19 11:50:55,373] {taskinstance.py:1243} INFO - 
--------------------------------------------------------------------------------
[2022-04-19 11:50:55,373] {taskinstance.py:1244} INFO - Starting attempt 1 of 2
[2022-04-19 11:50:55,373] {taskinstance.py:1245} INFO - 
--------------------------------------------------------------------------------
[2022-04-19 11:50:55,382] {taskinstance.py:1264} INFO - Executing <Task(ShortCircuitOperator): condition_is_True> on 2022-04-19 11:49:48.810909+00:00
[2022-04-19 11:50:55,386] {standard_task_runner.py:52} INFO - Started process 9128 to run task
[2022-04-19 11:50:55,389] {standard_task_runner.py:76} INFO - Running: ['***', 'tasks', 'run', 'hook_dag', 'condition_is_True', 'manual__2022-04-19T11:49:48.810909+00:00', '--job-id', '332', '--raw', '--subdir', 'DAGS_FOLDER/hook_dag.py', '--cfg-path', '/tmp/tmpda27y_k7', '--error-file', '/tmp/tmp3hczyk2s']
[2022-04-19 11:50:55,391] {standard_task_runner.py:77} INFO - Job 332: Subtask condition_is_True
[2022-04-19 11:50:55,467] {logging_mixin.py:109} INFO - Running <TaskInstance: hook_dag.condition_is_True manual__2022-04-19T11:49:48.810909+00:00 [running]> on host 22e04adb6bfa
[2022-04-19 11:50:55,520] {taskinstance.py:1431} INFO - Exporting the following env vars:
AIRFLOW_CTX_DAG_OWNER=***
AIRFLOW_CTX_DAG_ID=hook_dag
AIRFLOW_CTX_TASK_ID=condition_is_True
AIRFLOW_CTX_EXECUTION_DATE=2022-04-19T11:49:48.810909+00:00
AIRFLOW_CTX_DAG_RUN_ID=manual__2022-04-19T11:49:48.810909+00:00
[2022-04-19 11:50:55,521] {python.py:175} INFO - Done. Returned value was: <function check_date.<locals>.<lambda>.<locals>.<lambda> at 0x7f15064c84d0>
[2022-04-19 11:50:55,521] {python.py:239} INFO - Condition result is <function check_date.<locals>.<lambda>.<locals>.<lambda> at 0x7f15064c84d0>
[2022-04-19 11:50:55,521] {python.py:242} INFO - Proceeding with downstream tasks...
[2022-04-19 11:50:55,577] {taskinstance.py:1282} INFO - Marking task as SUCCESS. dag_id=hook_dag, task_id=condition_is_True, execution_date=20220419T114948, start_date=20220419T115055, end_date=20220419T115055
[2022-04-19 11:50:55,644] {local_task_job.py:154} INFO - Task exited with return code 0
[2022-04-19 11:50:55,710] {local_task_job.py:264} INFO - 1 downstream tasks scheduled from follow-on schedule check
