[2022-04-20 15:40:30,446] {taskinstance.py:1037} INFO - Dependencies all met for <TaskInstance: hook_dag.transfer_suit_pa scheduled__2022-04-19T15:37:00+00:00 [queued]>
[2022-04-20 15:40:30,455] {taskinstance.py:1037} INFO - Dependencies all met for <TaskInstance: hook_dag.transfer_suit_pa scheduled__2022-04-19T15:37:00+00:00 [queued]>
[2022-04-20 15:40:30,455] {taskinstance.py:1243} INFO - 
--------------------------------------------------------------------------------
[2022-04-20 15:40:30,456] {taskinstance.py:1244} INFO - Starting attempt 1 of 2
[2022-04-20 15:40:30,456] {taskinstance.py:1245} INFO - 
--------------------------------------------------------------------------------
[2022-04-20 15:40:30,463] {taskinstance.py:1264} INFO - Executing <Task(Postgres2File): transfer_suit_pa> on 2022-04-19 15:37:00+00:00
[2022-04-20 15:40:30,468] {standard_task_runner.py:52} INFO - Started process 22888 to run task
[2022-04-20 15:40:30,470] {standard_task_runner.py:76} INFO - Running: ['***', 'tasks', 'run', 'hook_dag', 'transfer_suit_pa', 'scheduled__2022-04-19T15:37:00+00:00', '--job-id', '782', '--raw', '--subdir', 'DAGS_FOLDER/hook_dag.py', '--cfg-path', '/tmp/tmp7qhwlk90', '--error-file', '/tmp/tmprb_iuepw']
[2022-04-20 15:40:30,470] {standard_task_runner.py:77} INFO - Job 782: Subtask transfer_suit_pa
[2022-04-20 15:40:30,514] {logging_mixin.py:109} INFO - Running <TaskInstance: hook_dag.transfer_suit_pa scheduled__2022-04-19T15:37:00+00:00 [running]> on host 22e04adb6bfa
[2022-04-20 15:40:30,570] {taskinstance.py:1431} INFO - Exporting the following env vars:
AIRFLOW_CTX_DAG_OWNER=***
AIRFLOW_CTX_DAG_ID=hook_dag
AIRFLOW_CTX_TASK_ID=transfer_suit_pa
AIRFLOW_CTX_EXECUTION_DATE=2022-04-19T15:37:00+00:00
AIRFLOW_CTX_DAG_RUN_ID=scheduled__2022-04-19T15:37:00+00:00
[2022-04-20 15:40:30,578] {base.py:79} INFO - Using connection to: id: postgres_default. Host: postgres, Port: 5432, Schema: ***, Login: ***, Password: ***, extra: {}
[2022-04-20 15:40:30,761] {taskinstance.py:1282} INFO - Marking task as SUCCESS. dag_id=hook_dag, task_id=transfer_suit_pa, execution_date=20220419T153700, start_date=20220420T154030, end_date=20220420T154030
[2022-04-20 15:40:30,807] {local_task_job.py:154} INFO - Task exited with return code 0
[2022-04-20 15:40:30,836] {base.py:79} INFO - Using connection to: id: postgres_default. Host: postgres, Port: 5432, Schema: ***, Login: ***, Password: ***, extra: {}
[2022-04-20 15:40:30,838] {dbapi.py:225} INFO - Running statement: update list_flow_log
                set t_end=NOW(), status=2, comment = '*Task*: transfer_suit_pa success'
                where id = 63;, parameters: None
[2022-04-20 15:40:30,839] {dbapi.py:233} INFO - Rows affected: 1
[2022-04-20 15:40:30,850] {local_task_job.py:264} INFO - 0 downstream tasks scheduled from follow-on schedule check
