[2022-04-25 08:41:34,563] {taskinstance.py:1037} INFO - Dependencies all met for <TaskInstance: cso_2295_ipo_2_cso_xls.py.check_system_source3 manual__2022-04-25T08:41:17.138194+00:00 [queued]>
[2022-04-25 08:41:34,571] {taskinstance.py:1037} INFO - Dependencies all met for <TaskInstance: cso_2295_ipo_2_cso_xls.py.check_system_source3 manual__2022-04-25T08:41:17.138194+00:00 [queued]>
[2022-04-25 08:41:34,571] {taskinstance.py:1243} INFO - 
--------------------------------------------------------------------------------
[2022-04-25 08:41:34,571] {taskinstance.py:1244} INFO - Starting attempt 1 of 1
[2022-04-25 08:41:34,571] {taskinstance.py:1245} INFO - 
--------------------------------------------------------------------------------
[2022-04-25 08:41:34,579] {taskinstance.py:1264} INFO - Executing <Task(BranchPythonOperator): check_system_source3> on 2022-04-25 08:41:17.138194+00:00
[2022-04-25 08:41:34,584] {standard_task_runner.py:52} INFO - Started process 2173 to run task
[2022-04-25 08:41:34,587] {standard_task_runner.py:76} INFO - Running: ['***', 'tasks', 'run', 'cso_2295_ipo_2_cso_xls.py', 'check_system_source3', 'manual__2022-04-25T08:41:17.138194+00:00', '--job-id', '1149', '--raw', '--subdir', 'DAGS_FOLDER/cso_2295/cso_2295_ipo_2_cso_xls.py', '--cfg-path', '/tmp/tmp5q4d49dw', '--error-file', '/tmp/tmpikzbr9xi']
[2022-04-25 08:41:34,588] {standard_task_runner.py:77} INFO - Job 1149: Subtask check_system_source3
[2022-04-25 08:41:34,628] {logging_mixin.py:109} INFO - Running <TaskInstance: cso_2295_ipo_2_cso_xls.py.check_system_source3 manual__2022-04-25T08:41:17.138194+00:00 [running]> on host 22e04adb6bfa
[2022-04-25 08:41:34,667] {taskinstance.py:1431} INFO - Exporting the following env vars:
AIRFLOW_CTX_DAG_OWNER=***
AIRFLOW_CTX_DAG_ID=cso_2295_ipo_2_cso_xls.py
AIRFLOW_CTX_TASK_ID=check_system_source3
AIRFLOW_CTX_EXECUTION_DATE=2022-04-25T08:41:17.138194+00:00
AIRFLOW_CTX_DAG_RUN_ID=manual__2022-04-25T08:41:17.138194+00:00
[2022-04-25 08:41:34,667] {python.py:175} INFO - Done. Returned value was: check_system_target3
[2022-04-25 08:41:34,667] {skipmixin.py:140} INFO - Following branch check_system_target3
[2022-04-25 08:41:34,668] {skipmixin.py:171} INFO - Skipping tasks ['log_err_access_source3']
[2022-04-25 08:41:34,740] {taskinstance.py:1282} INFO - Marking task as SUCCESS. dag_id=cso_2295_ipo_2_cso_xls.py, task_id=check_system_source3, execution_date=20220425T084117, start_date=20220425T084134, end_date=20220425T084134
[2022-04-25 08:41:34,801] {local_task_job.py:154} INFO - Task exited with return code 0
[2022-04-25 08:41:34,854] {local_task_job.py:264} INFO - 1 downstream tasks scheduled from follow-on schedule check
