[2022-04-26 15:41:23,585] {taskinstance.py:1037} INFO - Dependencies all met for <TaskInstance: cso_2295_ipo_2_cso_xls.py.sleep scheduled__2022-04-25T15:41:00+00:00 [queued]>
[2022-04-26 15:41:23,601] {taskinstance.py:1037} INFO - Dependencies all met for <TaskInstance: cso_2295_ipo_2_cso_xls.py.sleep scheduled__2022-04-25T15:41:00+00:00 [queued]>
[2022-04-26 15:41:23,601] {taskinstance.py:1243} INFO - 
--------------------------------------------------------------------------------
[2022-04-26 15:41:23,601] {taskinstance.py:1244} INFO - Starting attempt 1 of 1
[2022-04-26 15:41:23,601] {taskinstance.py:1245} INFO - 
--------------------------------------------------------------------------------
[2022-04-26 15:41:23,620] {taskinstance.py:1264} INFO - Executing <Task(BashOperator): sleep> on 2022-04-25 15:41:00+00:00
[2022-04-26 15:41:23,630] {standard_task_runner.py:52} INFO - Started process 1076 to run task
[2022-04-26 15:41:23,636] {standard_task_runner.py:76} INFO - Running: ['***', 'tasks', 'run', 'cso_2295_ipo_2_cso_xls.py', 'sleep', 'scheduled__2022-04-25T15:41:00+00:00', '--job-id', '1268', '--raw', '--subdir', 'DAGS_FOLDER/cso_2295/cso_2295_ipo_2_cso_xls.py', '--cfg-path', '/tmp/tmparehbvj1', '--error-file', '/tmp/tmpejw4mq15']
[2022-04-26 15:41:23,637] {standard_task_runner.py:77} INFO - Job 1268: Subtask sleep
[2022-04-26 15:41:23,741] {logging_mixin.py:109} INFO - Running <TaskInstance: cso_2295_ipo_2_cso_xls.py.sleep scheduled__2022-04-25T15:41:00+00:00 [running]> on host db7736b5b8d2
[2022-04-26 15:41:24,804] {taskinstance.py:1431} INFO - Exporting the following env vars:
AIRFLOW_CTX_DAG_OWNER=***
AIRFLOW_CTX_DAG_ID=cso_2295_ipo_2_cso_xls.py
AIRFLOW_CTX_TASK_ID=sleep
AIRFLOW_CTX_EXECUTION_DATE=2022-04-25T15:41:00+00:00
AIRFLOW_CTX_DAG_RUN_ID=scheduled__2022-04-25T15:41:00+00:00
[2022-04-26 15:41:24,808] {subprocess.py:62} INFO - Tmp dir root location: 
 /tmp
[2022-04-26 15:41:24,921] {subprocess.py:74} INFO - Running command: ['bash', '-c', 'sleep 5']
[2022-04-26 15:41:25,322] {subprocess.py:85} INFO - Output:
[2022-04-26 15:41:30,912] {subprocess.py:93} INFO - Command exited with return code 0
[2022-04-26 15:41:31,079] {taskinstance.py:1282} INFO - Marking task as SUCCESS. dag_id=cso_2295_ipo_2_cso_xls.py, task_id=sleep, execution_date=20220425T154100, start_date=20220426T154123, end_date=20220426T154131
[2022-04-26 15:41:31,260] {local_task_job.py:154} INFO - Task exited with return code 0
[2022-04-26 15:41:31,418] {local_task_job.py:264} INFO - 1 downstream tasks scheduled from follow-on schedule check
