[2022-04-19 11:55:50,429] {taskinstance.py:1037} INFO - Dependencies all met for <TaskInstance: hook_dag.transfer_xml manual__2022-04-19T11:55:44.280638+00:00 [queued]>
[2022-04-19 11:55:50,458] {taskinstance.py:1037} INFO - Dependencies all met for <TaskInstance: hook_dag.transfer_xml manual__2022-04-19T11:55:44.280638+00:00 [queued]>
[2022-04-19 11:55:50,458] {taskinstance.py:1243} INFO - 
--------------------------------------------------------------------------------
[2022-04-19 11:55:50,458] {taskinstance.py:1244} INFO - Starting attempt 1 of 2
[2022-04-19 11:55:50,458] {taskinstance.py:1245} INFO - 
--------------------------------------------------------------------------------
[2022-04-19 11:55:50,466] {taskinstance.py:1264} INFO - Executing <Task(Postgres2File): transfer_xml> on 2022-04-19 11:55:44.280638+00:00
[2022-04-19 11:55:50,476] {standard_task_runner.py:76} INFO - Running: ['***', 'tasks', 'run', 'hook_dag', 'transfer_xml', 'manual__2022-04-19T11:55:44.280638+00:00', '--job-id', '340', '--raw', '--subdir', 'DAGS_FOLDER/hook_dag.py', '--cfg-path', '/tmp/tmpwb1ttzzy', '--error-file', '/tmp/tmpjhvws5fx']
[2022-04-19 11:55:50,477] {standard_task_runner.py:77} INFO - Job 340: Subtask transfer_xml
[2022-04-19 11:55:50,471] {standard_task_runner.py:52} INFO - Started process 9386 to run task
[2022-04-19 11:55:50,550] {logging_mixin.py:109} INFO - Running <TaskInstance: hook_dag.transfer_xml manual__2022-04-19T11:55:44.280638+00:00 [running]> on host 22e04adb6bfa
[2022-04-19 11:55:50,614] {taskinstance.py:1431} INFO - Exporting the following env vars:
AIRFLOW_CTX_DAG_OWNER=***
AIRFLOW_CTX_DAG_ID=hook_dag
AIRFLOW_CTX_TASK_ID=transfer_xml
AIRFLOW_CTX_EXECUTION_DATE=2022-04-19T11:55:44.280638+00:00
AIRFLOW_CTX_DAG_RUN_ID=manual__2022-04-19T11:55:44.280638+00:00
[2022-04-19 11:55:50,627] {base.py:79} INFO - Using connection to: id: postgres_default. Host: postgres, Port: 5432, Schema: ***, Login: ***, Password: ***, extra: {}
[2022-04-19 11:55:50,670] {taskinstance.py:1282} INFO - Marking task as SUCCESS. dag_id=hook_dag, task_id=transfer_xml, execution_date=20220419T115544, start_date=20220419T115550, end_date=20220419T115550
[2022-04-19 11:55:50,699] {local_task_job.py:154} INFO - Task exited with return code 0
[2022-04-19 11:55:50,740] {local_task_job.py:264} INFO - 0 downstream tasks scheduled from follow-on schedule check
