[2022-04-25 08:40:18,314] {taskinstance.py:1037} INFO - Dependencies all met for <TaskInstance: cso_2295_ipo_2_cso_xls.py.branching2 manual__2022-04-25T08:36:56.447912+00:00 [queued]>
[2022-04-25 08:40:18,324] {taskinstance.py:1037} INFO - Dependencies all met for <TaskInstance: cso_2295_ipo_2_cso_xls.py.branching2 manual__2022-04-25T08:36:56.447912+00:00 [queued]>
[2022-04-25 08:40:18,324] {taskinstance.py:1243} INFO - 
--------------------------------------------------------------------------------
[2022-04-25 08:40:18,324] {taskinstance.py:1244} INFO - Starting attempt 1 of 1
[2022-04-25 08:40:18,324] {taskinstance.py:1245} INFO - 
--------------------------------------------------------------------------------
[2022-04-25 08:40:18,332] {taskinstance.py:1264} INFO - Executing <Task(BranchPythonOperator): branching2> on 2022-04-25 08:36:56.447912+00:00
[2022-04-25 08:40:18,336] {standard_task_runner.py:52} INFO - Started process 2048 to run task
[2022-04-25 08:40:18,338] {standard_task_runner.py:76} INFO - Running: ['***', 'tasks', 'run', 'cso_2295_ipo_2_cso_xls.py', 'branching2', 'manual__2022-04-25T08:36:56.447912+00:00', '--job-id', '1133', '--raw', '--subdir', 'DAGS_FOLDER/cso_2295/cso_2295_ipo_2_cso_xls.py', '--cfg-path', '/tmp/tmpu9_bmc1d', '--error-file', '/tmp/tmpv_vleu6_']
[2022-04-25 08:40:18,339] {standard_task_runner.py:77} INFO - Job 1133: Subtask branching2
[2022-04-25 08:40:18,382] {logging_mixin.py:109} INFO - Running <TaskInstance: cso_2295_ipo_2_cso_xls.py.branching2 manual__2022-04-25T08:36:56.447912+00:00 [running]> on host 22e04adb6bfa
[2022-04-25 08:40:18,461] {taskinstance.py:1431} INFO - Exporting the following env vars:
AIRFLOW_CTX_DAG_OWNER=***
AIRFLOW_CTX_DAG_ID=cso_2295_ipo_2_cso_xls.py
AIRFLOW_CTX_TASK_ID=branching2
AIRFLOW_CTX_EXECUTION_DATE=2022-04-25T08:36:56.447912+00:00
AIRFLOW_CTX_DAG_RUN_ID=manual__2022-04-25T08:36:56.447912+00:00
[2022-04-25 08:40:18,461] {python.py:175} INFO - Done. Returned value was: transfer_cso_timezone
[2022-04-25 08:40:18,461] {skipmixin.py:140} INFO - Following branch transfer_cso_timezone
[2022-04-25 08:40:18,461] {skipmixin.py:171} INFO - Skipping tasks ['log_end_no_data2']
[2022-04-25 08:40:18,498] {taskinstance.py:1282} INFO - Marking task as SUCCESS. dag_id=cso_2295_ipo_2_cso_xls.py, task_id=branching2, execution_date=20220425T083656, start_date=20220425T084018, end_date=20220425T084018
[2022-04-25 08:40:18,512] {local_task_job.py:154} INFO - Task exited with return code 0
[2022-04-25 08:40:18,537] {local_task_job.py:264} INFO - 1 downstream tasks scheduled from follow-on schedule check
