[2022-04-21 21:22:29,170] {taskinstance.py:1037} INFO - Dependencies all met for <TaskInstance: cso_2295_ipo_2_cso.py.check_system_source2 manual__2022-04-21T21:21:16.706497+00:00 [queued]>
[2022-04-21 21:22:29,178] {taskinstance.py:1037} INFO - Dependencies all met for <TaskInstance: cso_2295_ipo_2_cso.py.check_system_source2 manual__2022-04-21T21:21:16.706497+00:00 [queued]>
[2022-04-21 21:22:29,178] {taskinstance.py:1243} INFO - 
--------------------------------------------------------------------------------
[2022-04-21 21:22:29,178] {taskinstance.py:1244} INFO - Starting attempt 1 of 1
[2022-04-21 21:22:29,178] {taskinstance.py:1245} INFO - 
--------------------------------------------------------------------------------
[2022-04-21 21:22:29,185] {taskinstance.py:1264} INFO - Executing <Task(BranchPythonOperator): check_system_source2> on 2022-04-21 21:21:16.706497+00:00
[2022-04-21 21:22:29,190] {standard_task_runner.py:52} INFO - Started process 35113 to run task
[2022-04-21 21:22:29,192] {standard_task_runner.py:76} INFO - Running: ['***', 'tasks', 'run', 'cso_2295_ipo_2_cso.py', 'check_system_source2', 'manual__2022-04-21T21:21:16.706497+00:00', '--job-id', '910', '--raw', '--subdir', 'DAGS_FOLDER/cso_2295/cso_2295_ipo_2_cso.py', '--cfg-path', '/tmp/tmpkozr_7p6', '--error-file', '/tmp/tmpyb7xw9so']
[2022-04-21 21:22:29,193] {standard_task_runner.py:77} INFO - Job 910: Subtask check_system_source2
[2022-04-21 21:22:29,234] {logging_mixin.py:109} INFO - Running <TaskInstance: cso_2295_ipo_2_cso.py.check_system_source2 manual__2022-04-21T21:21:16.706497+00:00 [running]> on host 22e04adb6bfa
[2022-04-21 21:22:29,268] {taskinstance.py:1431} INFO - Exporting the following env vars:
AIRFLOW_CTX_DAG_OWNER=***
AIRFLOW_CTX_DAG_ID=cso_2295_ipo_2_cso.py
AIRFLOW_CTX_TASK_ID=check_system_source2
AIRFLOW_CTX_EXECUTION_DATE=2022-04-21T21:21:16.706497+00:00
AIRFLOW_CTX_DAG_RUN_ID=manual__2022-04-21T21:21:16.706497+00:00
[2022-04-21 21:22:29,268] {python.py:175} INFO - Done. Returned value was: check_system_target2
[2022-04-21 21:22:29,268] {skipmixin.py:140} INFO - Following branch check_system_target2
[2022-04-21 21:22:29,269] {skipmixin.py:171} INFO - Skipping tasks ['log_err_access_source2']
[2022-04-21 21:22:29,301] {taskinstance.py:1282} INFO - Marking task as SUCCESS. dag_id=cso_2295_ipo_2_cso.py, task_id=check_system_source2, execution_date=20220421T212116, start_date=20220421T212229, end_date=20220421T212229
[2022-04-21 21:22:29,327] {local_task_job.py:154} INFO - Task exited with return code 0
[2022-04-21 21:22:29,357] {local_task_job.py:264} INFO - 1 downstream tasks scheduled from follow-on schedule check
