[2022-04-20 15:37:42,701] {taskinstance.py:1037} INFO - Dependencies all met for <TaskInstance: hook_dag.log_start_1 scheduled__2022-04-20T15:33:31+00:00 [queued]>
[2022-04-20 15:37:42,723] {taskinstance.py:1037} INFO - Dependencies all met for <TaskInstance: hook_dag.log_start_1 scheduled__2022-04-20T15:33:31+00:00 [queued]>
[2022-04-20 15:37:42,723] {taskinstance.py:1243} INFO - 
--------------------------------------------------------------------------------
[2022-04-20 15:37:42,723] {taskinstance.py:1244} INFO - Starting attempt 1 of 2
[2022-04-20 15:37:42,723] {taskinstance.py:1245} INFO - 
--------------------------------------------------------------------------------
[2022-04-20 15:37:42,893] {taskinstance.py:1264} INFO - Executing <Task(PostgresOperator): log_start_1> on 2022-04-20 15:33:31+00:00
[2022-04-20 15:37:42,916] {standard_task_runner.py:52} INFO - Started process 22582 to run task
[2022-04-20 15:37:42,938] {standard_task_runner.py:76} INFO - Running: ['***', 'tasks', 'run', 'hook_dag', 'log_start_1', 'scheduled__2022-04-20T15:33:31+00:00', '--job-id', '715', '--raw', '--subdir', 'DAGS_FOLDER/hook_dag.py', '--cfg-path', '/tmp/tmp1kmvzmpl', '--error-file', '/tmp/tmptk0ynk2f']
[2022-04-20 15:37:42,940] {standard_task_runner.py:77} INFO - Job 715: Subtask log_start_1
[2022-04-20 15:37:43,393] {logging_mixin.py:109} INFO - Running <TaskInstance: hook_dag.log_start_1 scheduled__2022-04-20T15:33:31+00:00 [running]> on host 22e04adb6bfa
[2022-04-20 15:37:43,915] {taskinstance.py:1431} INFO - Exporting the following env vars:
AIRFLOW_CTX_DAG_OWNER=***
AIRFLOW_CTX_DAG_ID=hook_dag
AIRFLOW_CTX_TASK_ID=log_start_1
AIRFLOW_CTX_EXECUTION_DATE=2022-04-20T15:33:31+00:00
AIRFLOW_CTX_DAG_RUN_ID=scheduled__2022-04-20T15:33:31+00:00
[2022-04-20 15:37:43,947] {base.py:79} INFO - Using connection to: id: postgres_default. Host: postgres, Port: 5432, Schema: ***, Login: ***, Password: ***, extra: {}
[2022-04-20 15:37:43,958] {dbapi.py:225} INFO - Running statement: do $$
declare
	q_stream integer;
begin  
	select 1 into q_stream
	from list_flow_log
	where object_flow = 1 and status = 1;
  
	if q_stream > 0 then
		raise exception 'IP-offline - The stream is blocked';
	else 
  		INSERT INTO list_flow_log (object_flow, t_start, status) VALUES(1, NOW(), 1);
	end if;

end $$, parameters: None
[2022-04-20 15:37:44,256] {taskinstance.py:1282} INFO - Marking task as SUCCESS. dag_id=hook_dag, task_id=log_start_1, execution_date=20220420T153331, start_date=20220420T153742, end_date=20220420T153744
[2022-04-20 15:37:44,507] {local_task_job.py:154} INFO - Task exited with return code 0
[2022-04-20 15:37:44,631] {local_task_job.py:264} INFO - 1 downstream tasks scheduled from follow-on schedule check
