[2022-04-07 13:53:36,653] {taskinstance.py:1037} INFO - Dependencies all met for <TaskInstance: hook_dag.transfer_suit_pa manual__2022-04-07T13:53:33.047483+00:00 [queued]>
[2022-04-07 13:53:36,660] {taskinstance.py:1037} INFO - Dependencies all met for <TaskInstance: hook_dag.transfer_suit_pa manual__2022-04-07T13:53:33.047483+00:00 [queued]>
[2022-04-07 13:53:36,660] {taskinstance.py:1243} INFO - 
--------------------------------------------------------------------------------
[2022-04-07 13:53:36,660] {taskinstance.py:1244} INFO - Starting attempt 1 of 2
[2022-04-07 13:53:36,660] {taskinstance.py:1245} INFO - 
--------------------------------------------------------------------------------
[2022-04-07 13:53:36,670] {taskinstance.py:1264} INFO - Executing <Task(Postgres2File): transfer_suit_pa> on 2022-04-07 13:53:33.047483+00:00
[2022-04-07 13:53:36,673] {standard_task_runner.py:52} INFO - Started process 1901 to run task
[2022-04-07 13:53:36,675] {standard_task_runner.py:76} INFO - Running: ['***', 'tasks', 'run', 'hook_dag', 'transfer_suit_pa', 'manual__2022-04-07T13:53:33.047483+00:00', '--job-id', '93', '--raw', '--subdir', 'DAGS_FOLDER/hook_dag.py', '--cfg-path', '/tmp/tmpthtlmn6f', '--error-file', '/tmp/tmpivt0ksbk']
[2022-04-07 13:53:36,676] {standard_task_runner.py:77} INFO - Job 93: Subtask transfer_suit_pa
[2022-04-07 13:53:36,722] {logging_mixin.py:109} INFO - Running <TaskInstance: hook_dag.transfer_suit_pa manual__2022-04-07T13:53:33.047483+00:00 [running]> on host d73239f69a26
[2022-04-07 13:53:36,759] {taskinstance.py:1431} INFO - Exporting the following env vars:
AIRFLOW_CTX_DAG_OWNER=***
AIRFLOW_CTX_DAG_ID=hook_dag
AIRFLOW_CTX_TASK_ID=transfer_suit_pa
AIRFLOW_CTX_EXECUTION_DATE=2022-04-07T13:53:33.047483+00:00
AIRFLOW_CTX_DAG_RUN_ID=manual__2022-04-07T13:53:33.047483+00:00
[2022-04-07 13:53:36,765] {base.py:79} INFO - Using connection to: id: postgres_default. Host: postgres, Port: 5432, Schema: ***, Login: ***, Password: ***, extra: {}
[2022-04-07 13:53:36,772] {logging_mixin.py:109} INFO - dir_file = {0} /opt/***/result/CONTENT.csv
[2022-04-07 13:53:36,791] {taskinstance.py:1282} INFO - Marking task as SUCCESS. dag_id=hook_dag, task_id=transfer_suit_pa, execution_date=20220407T135333, start_date=20220407T135336, end_date=20220407T135336
[2022-04-07 13:53:36,847] {local_task_job.py:154} INFO - Task exited with return code 0
[2022-04-07 13:53:36,897] {local_task_job.py:264} INFO - 0 downstream tasks scheduled from follow-on schedule check
