[2022-04-19 09:36:36,167] {taskinstance.py:1037} INFO - Dependencies all met for <TaskInstance: hook_dag.branching manual__2022-04-19T09:35:29.074355+00:00 [queued]>
[2022-04-19 09:36:36,175] {taskinstance.py:1037} INFO - Dependencies all met for <TaskInstance: hook_dag.branching manual__2022-04-19T09:35:29.074355+00:00 [queued]>
[2022-04-19 09:36:36,175] {taskinstance.py:1243} INFO - 
--------------------------------------------------------------------------------
[2022-04-19 09:36:36,175] {taskinstance.py:1244} INFO - Starting attempt 1 of 2
[2022-04-19 09:36:36,175] {taskinstance.py:1245} INFO - 
--------------------------------------------------------------------------------
[2022-04-19 09:36:36,183] {taskinstance.py:1264} INFO - Executing <Task(BranchPythonOperator): branching> on 2022-04-19 09:35:29.074355+00:00
[2022-04-19 09:36:36,187] {standard_task_runner.py:52} INFO - Started process 2231 to run task
[2022-04-19 09:36:36,189] {standard_task_runner.py:76} INFO - Running: ['***', 'tasks', 'run', 'hook_dag', 'branching', 'manual__2022-04-19T09:35:29.074355+00:00', '--job-id', '178', '--raw', '--subdir', 'DAGS_FOLDER/hook_dag.py', '--cfg-path', '/tmp/tmplno51agf', '--error-file', '/tmp/tmprd50qx8o']
[2022-04-19 09:36:36,189] {standard_task_runner.py:77} INFO - Job 178: Subtask branching
[2022-04-19 09:36:36,285] {logging_mixin.py:109} INFO - Running <TaskInstance: hook_dag.branching manual__2022-04-19T09:35:29.074355+00:00 [running]> on host 22e04adb6bfa
[2022-04-19 09:36:36,360] {taskinstance.py:1431} INFO - Exporting the following env vars:
AIRFLOW_CTX_DAG_OWNER=***
AIRFLOW_CTX_DAG_ID=hook_dag
AIRFLOW_CTX_TASK_ID=branching
AIRFLOW_CTX_EXECUTION_DATE=2022-04-19T09:35:29.074355+00:00
AIRFLOW_CTX_DAG_RUN_ID=manual__2022-04-19T09:35:29.074355+00:00
[2022-04-19 09:36:36,367] {logging_mixin.py:109} INFO - {'conf': <***.configuration.AirflowConfigParser object at 0x7f15237be290>, 'dag': <DAG: hook_dag>, 'dag_run': <DagRun hook_dag @ 2022-04-19 09:35:29.074355+00:00: manual__2022-04-19T09:35:29.074355+00:00, externally triggered: True>, 'data_interval_end': DateTime(2022, 4, 19, 9, 35, 29, 74355, tzinfo=Timezone('UTC')), 'data_interval_start': DateTime(2022, 4, 19, 9, 35, 29, 74355, tzinfo=Timezone('UTC')), 'ds': '2022-04-19', 'ds_nodash': '20220419', 'execution_date': <Proxy at 0x7f15064a49b0 with factory functools.partial(<function lazy_mapping_from_context.<locals>._deprecated_proxy_factory at 0x7f15064ac050>, 'execution_date', DateTime(2022, 4, 19, 9, 35, 29, 74355, tzinfo=Timezone('UTC')))>, 'inlets': [], 'logical_date': DateTime(2022, 4, 19, 9, 35, 29, 74355, tzinfo=Timezone('UTC')), 'macros': <module '***.macros' from '/home/***/.local/lib/python3.7/site-packages/***/macros/__init__.py'>, 'next_ds': <Proxy at 0x7f15064d22d0 with factory functools.partial(<function lazy_mapping_from_context.<locals>._deprecated_proxy_factory at 0x7f15064ac050>, 'next_ds', '2022-04-19')>, 'next_ds_nodash': <Proxy at 0x7f15064d2640 with factory functools.partial(<function lazy_mapping_from_context.<locals>._deprecated_proxy_factory at 0x7f15064ac050>, 'next_ds_nodash', '20220419')>, 'next_execution_date': <Proxy at 0x7f15064fe9b0 with factory functools.partial(<function lazy_mapping_from_context.<locals>._deprecated_proxy_factory at 0x7f15064ac050>, 'next_execution_date', DateTime(2022, 4, 19, 9, 35, 29, 74355, tzinfo=Timezone('UTC')))>, 'outlets': [], 'params': {}, 'prev_data_interval_start_success': DateTime(2022, 4, 13, 14, 8, 3, 310648, tzinfo=Timezone('UTC')), 'prev_data_interval_end_success': DateTime(2022, 4, 13, 14, 8, 3, 310648, tzinfo=Timezone('UTC')), 'prev_ds': <Proxy at 0x7f1506497960 with factory functools.partial(<function lazy_mapping_from_context.<locals>._deprecated_proxy_factory at 0x7f15064ac050>, 'prev_ds', '2022-04-19')>, 'prev_ds_nodash': <Proxy at 0x7f1506491960 with factory functools.partial(<function lazy_mapping_from_context.<locals>._deprecated_proxy_factory at 0x7f15064ac050>, 'prev_ds_nodash', '20220419')>, 'prev_execution_date': <Proxy at 0x7f15064a2910 with factory functools.partial(<function lazy_mapping_from_context.<locals>._deprecated_proxy_factory at 0x7f15064ac050>, 'prev_execution_date', DateTime(2022, 4, 19, 9, 35, 29, 74355, tzinfo=Timezone('UTC')))>, 'prev_execution_date_success': <Proxy at 0x7f15064cfa50 with factory functools.partial(<function lazy_mapping_from_context.<locals>._deprecated_proxy_factory at 0x7f15064ac050>, 'prev_execution_date_success', None)>, 'prev_start_date_success': DateTime(2022, 4, 13, 14, 8, 3, 683189, tzinfo=Timezone('UTC')), 'run_id': 'manual__2022-04-19T09:35:29.074355+00:00', 'task': <Task(BranchPythonOperator): branching>, 'task_instance': <TaskInstance: hook_dag.branching manual__2022-04-19T09:35:29.074355+00:00 [running]>, 'task_instance_key_str': 'hook_dag__branching__20220419', 'test_mode': False, 'ti': <TaskInstance: hook_dag.branching manual__2022-04-19T09:35:29.074355+00:00 [running]>, 'tomorrow_ds': <Proxy at 0x7f15064b3050 with factory functools.partial(<function lazy_mapping_from_context.<locals>._deprecated_proxy_factory at 0x7f15064ac050>, 'tomorrow_ds', '2022-04-20')>, 'tomorrow_ds_nodash': <Proxy at 0x7f15064b3a50 with factory functools.partial(<function lazy_mapping_from_context.<locals>._deprecated_proxy_factory at 0x7f15064ac050>, 'tomorrow_ds_nodash', '20220420')>, 'ts': '2022-04-19T09:35:29.074355+00:00', 'ts_nodash': '20220419T093529', 'ts_nodash_with_tz': '20220419T093529.074355+0000', 'var': {'json': None, 'value': None}, 'conn': None, 'yesterday_ds': <Proxy at 0x7f15064b30a0 with factory functools.partial(<function lazy_mapping_from_context.<locals>._deprecated_proxy_factory at 0x7f15064ac050>, 'yesterday_ds', '2022-04-18')>, 'yesterday_ds_nodash': <Proxy at 0x7f15064b3780 with factory functools.partial(<function lazy_mapping_from_context.<locals>._deprecated_proxy_factory at 0x7f15064ac050>, 'yesterday_ds_nodash', '20220418')>, 'templates_dict': None}
[2022-04-19 09:36:36,367] {python.py:175} INFO - Done. Returned value was: log_end_no_data
[2022-04-19 09:36:36,367] {skipmixin.py:140} INFO - Following branch log_end_no_data
[2022-04-19 09:36:36,367] {skipmixin.py:171} INFO - Skipping tasks ['transfer_suit_pa']
[2022-04-19 09:36:36,431] {taskinstance.py:1282} INFO - Marking task as SUCCESS. dag_id=hook_dag, task_id=branching, execution_date=20220419T093529, start_date=20220419T093636, end_date=20220419T093636
[2022-04-19 09:36:36,446] {local_task_job.py:154} INFO - Task exited with return code 0
[2022-04-19 09:36:36,472] {local_task_job.py:264} INFO - 1 downstream tasks scheduled from follow-on schedule check
