[2022-04-21 21:06:48,595] {taskinstance.py:1037} INFO - Dependencies all met for <TaskInstance: cso_2295_ipo_2_cso.py.log_start2 manual__2022-04-21T21:06:43.951126+00:00 [queued]>
[2022-04-21 21:06:48,611] {taskinstance.py:1037} INFO - Dependencies all met for <TaskInstance: cso_2295_ipo_2_cso.py.log_start2 manual__2022-04-21T21:06:43.951126+00:00 [queued]>
[2022-04-21 21:06:48,611] {taskinstance.py:1243} INFO - 
--------------------------------------------------------------------------------
[2022-04-21 21:06:48,611] {taskinstance.py:1244} INFO - Starting attempt 1 of 1
[2022-04-21 21:06:48,612] {taskinstance.py:1245} INFO - 
--------------------------------------------------------------------------------
[2022-04-21 21:06:48,624] {taskinstance.py:1264} INFO - Executing <Task(PostgresOperator): log_start2> on 2022-04-21 21:06:43.951126+00:00
[2022-04-21 21:06:48,628] {standard_task_runner.py:52} INFO - Started process 34162 to run task
[2022-04-21 21:06:48,638] {standard_task_runner.py:76} INFO - Running: ['***', 'tasks', 'run', 'cso_2295_ipo_2_cso.py', 'log_start2', 'manual__2022-04-21T21:06:43.951126+00:00', '--job-id', '843', '--raw', '--subdir', 'DAGS_FOLDER/cso_2295/cso_2295_ipo_2_cso.py', '--cfg-path', '/tmp/tmp2ocqeffw', '--error-file', '/tmp/tmpfb4m1xee']
[2022-04-21 21:06:48,639] {standard_task_runner.py:77} INFO - Job 843: Subtask log_start2
[2022-04-21 21:06:48,698] {logging_mixin.py:109} INFO - Running <TaskInstance: cso_2295_ipo_2_cso.py.log_start2 manual__2022-04-21T21:06:43.951126+00:00 [running]> on host 22e04adb6bfa
[2022-04-21 21:06:48,759] {taskinstance.py:1431} INFO - Exporting the following env vars:
AIRFLOW_CTX_DAG_OWNER=***
AIRFLOW_CTX_DAG_ID=cso_2295_ipo_2_cso.py
AIRFLOW_CTX_TASK_ID=log_start2
AIRFLOW_CTX_EXECUTION_DATE=2022-04-21T21:06:43.951126+00:00
AIRFLOW_CTX_DAG_RUN_ID=manual__2022-04-21T21:06:43.951126+00:00
[2022-04-21 21:06:48,766] {base.py:79} INFO - Using connection to: id: postgres_default. Host: postgres, Port: 5432, Schema: ***, Login: ***, Password: ***, extra: {}
[2022-04-21 21:06:48,772] {dbapi.py:225} INFO - Running statement: do $$
declare
	q_stream integer;
begin  
	select 1 into q_stream
	from list_flow_log
	where object_flow = 0 and status = 1;
  
	if q_stream > 0 then
		raise exception 'IP-offline - The stream is blocked';
	else 
  		INSERT INTO list_flow_log (object_flow, t_start, status) VALUES(0, NOW(), 1);
	end if;

end $$, parameters: None
[2022-04-21 21:06:48,774] {taskinstance.py:1718} ERROR - Task failed with exception
Traceback (most recent call last):
  File "/home/airflow/.local/lib/python3.7/site-packages/airflow/models/taskinstance.py", line 1334, in _run_raw_task
    self._execute_task_with_callbacks(context)
  File "/home/airflow/.local/lib/python3.7/site-packages/airflow/models/taskinstance.py", line 1460, in _execute_task_with_callbacks
    result = self._execute_task(context, self.task)
  File "/home/airflow/.local/lib/python3.7/site-packages/airflow/models/taskinstance.py", line 1516, in _execute_task
    result = execute_callable(context=context)
  File "/home/airflow/.local/lib/python3.7/site-packages/airflow/providers/postgres/operators/postgres.py", line 71, in execute
    self.hook.run(self.sql, self.autocommit, parameters=self.parameters)
  File "/home/airflow/.local/lib/python3.7/site-packages/airflow/hooks/dbapi.py", line 205, in run
    self._run_command(cur, sql_statement, parameters)
  File "/home/airflow/.local/lib/python3.7/site-packages/airflow/hooks/dbapi.py", line 229, in _run_command
    cur.execute(sql_statement)
psycopg2.errors.RaiseException: IP-offline - The stream is blocked
CONTEXT:  PL/pgSQL function inline_code_block line 10 at RAISE

[2022-04-21 21:06:48,787] {taskinstance.py:1282} INFO - Marking task as FAILED. dag_id=cso_2295_ipo_2_cso.py, task_id=log_start2, execution_date=20220421T210643, start_date=20220421T210648, end_date=20220421T210648
[2022-04-21 21:06:48,803] {standard_task_runner.py:92} ERROR - Failed to execute job 843 for task log_start2
Traceback (most recent call last):
  File "/home/airflow/.local/lib/python3.7/site-packages/airflow/task/task_runner/standard_task_runner.py", line 85, in _start_by_fork
    args.func(args, dag=self.dag)
  File "/home/airflow/.local/lib/python3.7/site-packages/airflow/cli/cli_parser.py", line 48, in command
    return func(*args, **kwargs)
  File "/home/airflow/.local/lib/python3.7/site-packages/airflow/utils/cli.py", line 92, in wrapper
    return f(*args, **kwargs)
  File "/home/airflow/.local/lib/python3.7/site-packages/airflow/cli/commands/task_command.py", line 298, in task_run
    _run_task_by_selected_method(args, dag, ti)
  File "/home/airflow/.local/lib/python3.7/site-packages/airflow/cli/commands/task_command.py", line 107, in _run_task_by_selected_method
    _run_raw_task(args, ti)
  File "/home/airflow/.local/lib/python3.7/site-packages/airflow/cli/commands/task_command.py", line 184, in _run_raw_task
    error_file=args.error_file,
  File "/home/airflow/.local/lib/python3.7/site-packages/airflow/utils/session.py", line 70, in wrapper
    return func(*args, session=session, **kwargs)
  File "/home/airflow/.local/lib/python3.7/site-packages/airflow/models/taskinstance.py", line 1334, in _run_raw_task
    self._execute_task_with_callbacks(context)
  File "/home/airflow/.local/lib/python3.7/site-packages/airflow/models/taskinstance.py", line 1460, in _execute_task_with_callbacks
    result = self._execute_task(context, self.task)
  File "/home/airflow/.local/lib/python3.7/site-packages/airflow/models/taskinstance.py", line 1516, in _execute_task
    result = execute_callable(context=context)
  File "/home/airflow/.local/lib/python3.7/site-packages/airflow/providers/postgres/operators/postgres.py", line 71, in execute
    self.hook.run(self.sql, self.autocommit, parameters=self.parameters)
  File "/home/airflow/.local/lib/python3.7/site-packages/airflow/hooks/dbapi.py", line 205, in run
    self._run_command(cur, sql_statement, parameters)
  File "/home/airflow/.local/lib/python3.7/site-packages/airflow/hooks/dbapi.py", line 229, in _run_command
    cur.execute(sql_statement)
psycopg2.errors.RaiseException: IP-offline - The stream is blocked
CONTEXT:  PL/pgSQL function inline_code_block line 10 at RAISE

[2022-04-21 21:06:48,844] {local_task_job.py:154} INFO - Task exited with return code 1
[2022-04-21 21:06:48,891] {base.py:79} INFO - Using connection to: id: postgres_default. Host: postgres, Port: 5432, Schema: ***, Login: ***, Password: ***, extra: {}
[2022-04-21 21:06:48,894] {dbapi.py:225} INFO - Running statement: update list_flow_log
                set t_end=NOW(), status=3, code_error=3, comment = '*Task*: log_start2'
                where id = None;, parameters: None
[2022-04-21 21:06:48,895] {taskinstance.py:1582} ERROR - Error when executing on_failure_callback
Traceback (most recent call last):
  File "/home/airflow/.local/lib/python3.7/site-packages/airflow/models/taskinstance.py", line 1580, in _run_finished_callback
    task.on_failure_callback(context)
  File "/opt/airflow/dags/cso_2295/cso_2295_ipo_2_cso.py", line 56, in task_failure_log
    return log_err_dag.execute(context=context)
  File "/home/airflow/.local/lib/python3.7/site-packages/airflow/providers/postgres/operators/postgres.py", line 71, in execute
    self.hook.run(self.sql, self.autocommit, parameters=self.parameters)
  File "/home/airflow/.local/lib/python3.7/site-packages/airflow/hooks/dbapi.py", line 205, in run
    self._run_command(cur, sql_statement, parameters)
  File "/home/airflow/.local/lib/python3.7/site-packages/airflow/hooks/dbapi.py", line 229, in _run_command
    cur.execute(sql_statement)
psycopg2.errors.UndefinedColumn: column "none" does not exist
LINE 3:                 where id = None;
                                   ^

[2022-04-21 21:06:48,918] {local_task_job.py:264} INFO - 0 downstream tasks scheduled from follow-on schedule check
