[2022-04-22 09:20:37,206] {taskinstance.py:1037} INFO - Dependencies all met for <TaskInstance: cso_2295_ipo_2_cso.py.check_system_source2 manual__2022-04-22T09:19:17.641779+00:00 [queued]>
[2022-04-22 09:20:37,216] {taskinstance.py:1037} INFO - Dependencies all met for <TaskInstance: cso_2295_ipo_2_cso.py.check_system_source2 manual__2022-04-22T09:19:17.641779+00:00 [queued]>
[2022-04-22 09:20:37,216] {taskinstance.py:1243} INFO - 
--------------------------------------------------------------------------------
[2022-04-22 09:20:37,216] {taskinstance.py:1244} INFO - Starting attempt 1 of 1
[2022-04-22 09:20:37,216] {taskinstance.py:1245} INFO - 
--------------------------------------------------------------------------------
[2022-04-22 09:20:37,224] {taskinstance.py:1264} INFO - Executing <Task(BranchPythonOperator): check_system_source2> on 2022-04-22 09:19:17.641779+00:00
[2022-04-22 09:20:37,229] {standard_task_runner.py:52} INFO - Started process 1117 to run task
[2022-04-22 09:20:37,233] {standard_task_runner.py:76} INFO - Running: ['***', 'tasks', 'run', 'cso_2295_ipo_2_cso.py', 'check_system_source2', 'manual__2022-04-22T09:19:17.641779+00:00', '--job-id', '974', '--raw', '--subdir', 'DAGS_FOLDER/cso_2295/cso_2295_ipo_2_cso.py', '--cfg-path', '/tmp/tmp7nsfeb7x', '--error-file', '/tmp/tmp6kjzuji6']
[2022-04-22 09:20:37,234] {standard_task_runner.py:77} INFO - Job 974: Subtask check_system_source2
[2022-04-22 09:20:37,286] {logging_mixin.py:109} INFO - Running <TaskInstance: cso_2295_ipo_2_cso.py.check_system_source2 manual__2022-04-22T09:19:17.641779+00:00 [running]> on host 22e04adb6bfa
[2022-04-22 09:20:37,329] {taskinstance.py:1431} INFO - Exporting the following env vars:
AIRFLOW_CTX_DAG_OWNER=***
AIRFLOW_CTX_DAG_ID=cso_2295_ipo_2_cso.py
AIRFLOW_CTX_TASK_ID=check_system_source2
AIRFLOW_CTX_EXECUTION_DATE=2022-04-22T09:19:17.641779+00:00
AIRFLOW_CTX_DAG_RUN_ID=manual__2022-04-22T09:19:17.641779+00:00
[2022-04-22 09:20:37,329] {python.py:175} INFO - Done. Returned value was: check_system_target2
[2022-04-22 09:20:37,330] {skipmixin.py:140} INFO - Following branch check_system_target2
[2022-04-22 09:20:37,330] {skipmixin.py:171} INFO - Skipping tasks ['log_err_access_source2']
[2022-04-22 09:20:37,357] {taskinstance.py:1282} INFO - Marking task as SUCCESS. dag_id=cso_2295_ipo_2_cso.py, task_id=check_system_source2, execution_date=20220422T091917, start_date=20220422T092037, end_date=20220422T092037
[2022-04-22 09:20:37,404] {local_task_job.py:154} INFO - Task exited with return code 0
[2022-04-22 09:20:37,440] {local_task_job.py:264} INFO - 1 downstream tasks scheduled from follow-on schedule check
