[2022-04-08 08:13:27,136] {taskinstance.py:1037} INFO - Dependencies all met for <TaskInstance: my_project.training_model_A scheduled__2022-04-07T00:00:00+00:00 [queued]>
[2022-04-08 08:13:27,149] {taskinstance.py:1037} INFO - Dependencies all met for <TaskInstance: my_project.training_model_A scheduled__2022-04-07T00:00:00+00:00 [queued]>
[2022-04-08 08:13:27,149] {taskinstance.py:1243} INFO - 
--------------------------------------------------------------------------------
[2022-04-08 08:13:27,149] {taskinstance.py:1244} INFO - Starting attempt 1 of 1
[2022-04-08 08:13:27,149] {taskinstance.py:1245} INFO - 
--------------------------------------------------------------------------------
[2022-04-08 08:13:27,178] {taskinstance.py:1264} INFO - Executing <Task(PythonOperator): training_model_A> on 2022-04-07 00:00:00+00:00
[2022-04-08 08:13:27,180] {standard_task_runner.py:52} INFO - Started process 91 to run task
[2022-04-08 08:13:27,183] {standard_task_runner.py:76} INFO - Running: ['***', 'tasks', 'run', 'my_project', 'training_model_A', 'scheduled__2022-04-07T00:00:00+00:00', '--job-id', '97', '--raw', '--subdir', 'DAGS_FOLDER/my_project.py', '--cfg-path', '/tmp/tmpjliuyd_l', '--error-file', '/tmp/tmp6krzntsr']
[2022-04-08 08:13:27,184] {standard_task_runner.py:77} INFO - Job 97: Subtask training_model_A
[2022-04-08 08:13:27,263] {logging_mixin.py:109} INFO - Running <TaskInstance: my_project.training_model_A scheduled__2022-04-07T00:00:00+00:00 [running]> on host d73239f69a26
[2022-04-08 08:13:27,363] {taskinstance.py:1431} INFO - Exporting the following env vars:
AIRFLOW_CTX_DAG_OWNER=***
AIRFLOW_CTX_DAG_ID=my_project
AIRFLOW_CTX_TASK_ID=training_model_A
AIRFLOW_CTX_EXECUTION_DATE=2022-04-07T00:00:00+00:00
AIRFLOW_CTX_DAG_RUN_ID=scheduled__2022-04-07T00:00:00+00:00
[2022-04-08 08:13:27,364] {python.py:175} INFO - Done. Returned value was: 10
[2022-04-08 08:13:27,401] {taskinstance.py:1282} INFO - Marking task as SUCCESS. dag_id=my_project, task_id=training_model_A, execution_date=20220407T000000, start_date=20220408T081327, end_date=20220408T081327
[2022-04-08 08:13:27,516] {local_task_job.py:154} INFO - Task exited with return code 0
[2022-04-08 08:13:27,555] {local_task_job.py:264} INFO - 1 downstream tasks scheduled from follow-on schedule check
