[2022-04-29 15:41:16,269] {taskinstance.py:1037} INFO - Dependencies all met for <TaskInstance: cso_2295_ipo_2_cso.py.transfer_cso_org scheduled__2022-04-28T15:41:00+00:00 [queued]>
[2022-04-29 15:41:16,282] {taskinstance.py:1037} INFO - Dependencies all met for <TaskInstance: cso_2295_ipo_2_cso.py.transfer_cso_org scheduled__2022-04-28T15:41:00+00:00 [queued]>
[2022-04-29 15:41:16,282] {taskinstance.py:1243} INFO - 
--------------------------------------------------------------------------------
[2022-04-29 15:41:16,283] {taskinstance.py:1244} INFO - Starting attempt 1 of 1
[2022-04-29 15:41:16,283] {taskinstance.py:1245} INFO - 
--------------------------------------------------------------------------------
[2022-04-29 15:41:16,295] {taskinstance.py:1264} INFO - Executing <Task(Postgres2File): transfer_cso_org> on 2022-04-28 15:41:00+00:00
[2022-04-29 15:41:16,300] {standard_task_runner.py:52} INFO - Started process 4257 to run task
[2022-04-29 15:41:16,308] {standard_task_runner.py:76} INFO - Running: ['***', 'tasks', 'run', 'cso_2295_ipo_2_cso.py', 'transfer_cso_org', 'scheduled__2022-04-28T15:41:00+00:00', '--job-id', '1483', '--raw', '--subdir', 'DAGS_FOLDER/cso_2295/cso_2295_ipo_2_cso.py', '--cfg-path', '/tmp/tmp3abcwhsi', '--error-file', '/tmp/tmpifks3k4g']
[2022-04-29 15:41:16,308] {standard_task_runner.py:77} INFO - Job 1483: Subtask transfer_cso_org
[2022-04-29 15:41:16,366] {logging_mixin.py:109} INFO - Running <TaskInstance: cso_2295_ipo_2_cso.py.transfer_cso_org scheduled__2022-04-28T15:41:00+00:00 [running]> on host 0936e4a14e76
[2022-04-29 15:41:16,424] {taskinstance.py:1431} INFO - Exporting the following env vars:
AIRFLOW_CTX_DAG_OWNER=***
AIRFLOW_CTX_DAG_ID=cso_2295_ipo_2_cso.py
AIRFLOW_CTX_TASK_ID=transfer_cso_org
AIRFLOW_CTX_EXECUTION_DATE=2022-04-28T15:41:00+00:00
AIRFLOW_CTX_DAG_RUN_ID=scheduled__2022-04-28T15:41:00+00:00
[2022-04-29 15:41:16,436] {base.py:79} INFO - Using connection to: id: postgres_default. Host: postgres, Port: 5432, Schema: ***, Login: ***, Password: ***, extra: {}
[2022-04-29 15:41:16,526] {taskinstance.py:1282} INFO - Marking task as SUCCESS. dag_id=cso_2295_ipo_2_cso.py, task_id=transfer_cso_org, execution_date=20220428T154100, start_date=20220429T154116, end_date=20220429T154116
[2022-04-29 15:41:16,597] {local_task_job.py:154} INFO - Task exited with return code 0
[2022-04-29 15:41:16,822] {base.py:79} INFO - Using connection to: id: postgres_default. Host: postgres, Port: 5432, Schema: ***, Login: ***, Password: ***, extra: {}
[2022-04-29 15:41:16,827] {dbapi.py:225} INFO - Running statement: UPDATE list_flow_log
                        SET q_source=8,
                        q_target=8, t_end=NOW(), status=2,
                        optional_key='transfer_cso_org'
                        where id = 136;, parameters: None
[2022-04-29 15:41:16,830] {dbapi.py:233} INFO - Rows affected: 1
[2022-04-29 15:41:16,902] {local_task_job.py:264} INFO - 0 downstream tasks scheduled from follow-on schedule check
