[2022-04-25 12:28:17,349] {taskinstance.py:1037} INFO - Dependencies all met for <TaskInstance: cso_2295_ipo_2_cso.py.getid1 manual__2022-04-25T12:28:07.845997+00:00 [queued]>
[2022-04-25 12:28:17,362] {taskinstance.py:1037} INFO - Dependencies all met for <TaskInstance: cso_2295_ipo_2_cso.py.getid1 manual__2022-04-25T12:28:07.845997+00:00 [queued]>
[2022-04-25 12:28:17,362] {taskinstance.py:1243} INFO - 
--------------------------------------------------------------------------------
[2022-04-25 12:28:17,362] {taskinstance.py:1244} INFO - Starting attempt 1 of 1
[2022-04-25 12:28:17,363] {taskinstance.py:1245} INFO - 
--------------------------------------------------------------------------------
[2022-04-25 12:28:17,382] {taskinstance.py:1264} INFO - Executing <Task(PythonOperator): getid1> on 2022-04-25 12:28:07.845997+00:00
[2022-04-25 12:28:17,390] {standard_task_runner.py:52} INFO - Started process 13290 to run task
[2022-04-25 12:28:17,393] {standard_task_runner.py:76} INFO - Running: ['***', 'tasks', 'run', 'cso_2295_ipo_2_cso.py', 'getid1', 'manual__2022-04-25T12:28:07.845997+00:00', '--job-id', '1223', '--raw', '--subdir', 'DAGS_FOLDER/cso_2295/cso_2295_ipo_2_cso.py', '--cfg-path', '/tmp/tmpdmy88k8g', '--error-file', '/tmp/tmp0uu46gtz']
[2022-04-25 12:28:17,393] {standard_task_runner.py:77} INFO - Job 1223: Subtask getid1
[2022-04-25 12:28:17,478] {logging_mixin.py:109} INFO - Running <TaskInstance: cso_2295_ipo_2_cso.py.getid1 manual__2022-04-25T12:28:07.845997+00:00 [running]> on host 22e04adb6bfa
[2022-04-25 12:28:17,526] {taskinstance.py:1431} INFO - Exporting the following env vars:
AIRFLOW_CTX_DAG_OWNER=***
AIRFLOW_CTX_DAG_ID=cso_2295_ipo_2_cso.py
AIRFLOW_CTX_TASK_ID=getid1
AIRFLOW_CTX_EXECUTION_DATE=2022-04-25T12:28:07.845997+00:00
AIRFLOW_CTX_DAG_RUN_ID=manual__2022-04-25T12:28:07.845997+00:00
[2022-04-25 12:28:17,532] {base.py:79} INFO - Using connection to: id: postgres_default. Host: postgres, Port: 5432, Schema: ***, Login: ***, Password: ***, extra: {}
[2022-04-25 12:28:17,544] {python.py:175} INFO - Done. Returned value was: None
[2022-04-25 12:28:17,553] {taskinstance.py:1282} INFO - Marking task as SUCCESS. dag_id=cso_2295_ipo_2_cso.py, task_id=getid1, execution_date=20220425T122807, start_date=20220425T122817, end_date=20220425T122817
[2022-04-25 12:28:17,605] {local_task_job.py:154} INFO - Task exited with return code 0
[2022-04-25 12:28:17,660] {local_task_job.py:264} INFO - 1 downstream tasks scheduled from follow-on schedule check
