[2022-04-19 12:55:44,277] {taskinstance.py:1037} INFO - Dependencies all met for <TaskInstance: hook_dag.getid_2 manual__2022-04-19T12:06:23.370270+00:00 [queued]>
[2022-04-19 12:55:44,302] {taskinstance.py:1037} INFO - Dependencies all met for <TaskInstance: hook_dag.getid_2 manual__2022-04-19T12:06:23.370270+00:00 [queued]>
[2022-04-19 12:55:44,302] {taskinstance.py:1243} INFO - 
--------------------------------------------------------------------------------
[2022-04-19 12:55:44,302] {taskinstance.py:1244} INFO - Starting attempt 2 of 2
[2022-04-19 12:55:44,302] {taskinstance.py:1245} INFO - 
--------------------------------------------------------------------------------
[2022-04-19 12:55:44,340] {taskinstance.py:1264} INFO - Executing <Task(PythonOperator): getid_2> on 2022-04-19 12:06:23.370270+00:00
[2022-04-19 12:55:44,348] {standard_task_runner.py:52} INFO - Started process 12262 to run task
[2022-04-19 12:55:44,359] {standard_task_runner.py:76} INFO - Running: ['***', 'tasks', 'run', 'hook_dag', 'getid_2', 'manual__2022-04-19T12:06:23.370270+00:00', '--job-id', '379', '--raw', '--subdir', 'DAGS_FOLDER/hook_dag.py', '--cfg-path', '/tmp/tmpwta8bcyn', '--error-file', '/tmp/tmpd1amf5xm']
[2022-04-19 12:55:44,360] {standard_task_runner.py:77} INFO - Job 379: Subtask getid_2
[2022-04-19 12:55:44,486] {logging_mixin.py:109} INFO - Running <TaskInstance: hook_dag.getid_2 manual__2022-04-19T12:06:23.370270+00:00 [running]> on host 22e04adb6bfa
[2022-04-19 12:55:44,613] {taskinstance.py:1431} INFO - Exporting the following env vars:
AIRFLOW_CTX_DAG_OWNER=***
AIRFLOW_CTX_DAG_ID=hook_dag
AIRFLOW_CTX_TASK_ID=getid_2
AIRFLOW_CTX_EXECUTION_DATE=2022-04-19T12:06:23.370270+00:00
AIRFLOW_CTX_DAG_RUN_ID=manual__2022-04-19T12:06:23.370270+00:00
[2022-04-19 12:55:44,640] {base.py:79} INFO - Using connection to: id: postgres_default. Host: postgres, Port: 5432, Schema: ***, Login: ***, Password: ***, extra: {}
[2022-04-19 12:55:44,664] {python.py:175} INFO - Done. Returned value was: None
[2022-04-19 12:55:44,678] {taskinstance.py:1282} INFO - Marking task as SUCCESS. dag_id=hook_dag, task_id=getid_2, execution_date=20220419T120623, start_date=20220419T125544, end_date=20220419T125544
[2022-04-19 12:55:44,707] {local_task_job.py:154} INFO - Task exited with return code 0
[2022-04-19 12:55:44,797] {local_task_job.py:264} INFO - 0 downstream tasks scheduled from follow-on schedule check
