[2022-04-20 08:06:42,510] {taskinstance.py:1037} INFO - Dependencies all met for <TaskInstance: hook_dag.hook_task manual__2022-04-20T08:06:37.916074+00:00 [queued]>
[2022-04-20 08:06:42,521] {taskinstance.py:1037} INFO - Dependencies all met for <TaskInstance: hook_dag.hook_task manual__2022-04-20T08:06:37.916074+00:00 [queued]>
[2022-04-20 08:06:42,521] {taskinstance.py:1243} INFO - 
--------------------------------------------------------------------------------
[2022-04-20 08:06:42,521] {taskinstance.py:1244} INFO - Starting attempt 1 of 2
[2022-04-20 08:06:42,521] {taskinstance.py:1245} INFO - 
--------------------------------------------------------------------------------
[2022-04-20 08:06:42,539] {taskinstance.py:1264} INFO - Executing <Task(PythonOperator): hook_task> on 2022-04-20 08:06:37.916074+00:00
[2022-04-20 08:06:42,552] {standard_task_runner.py:52} INFO - Started process 602 to run task
[2022-04-20 08:06:42,558] {standard_task_runner.py:76} INFO - Running: ['***', 'tasks', 'run', 'hook_dag', 'hook_task', 'manual__2022-04-20T08:06:37.916074+00:00', '--job-id', '564', '--raw', '--subdir', 'DAGS_FOLDER/hook_dag.py', '--cfg-path', '/tmp/tmp2m58v_z_', '--error-file', '/tmp/tmpkgl5mr06']
[2022-04-20 08:06:42,558] {standard_task_runner.py:77} INFO - Job 564: Subtask hook_task
[2022-04-20 08:06:42,778] {logging_mixin.py:109} INFO - Running <TaskInstance: hook_dag.hook_task manual__2022-04-20T08:06:37.916074+00:00 [running]> on host 22e04adb6bfa
[2022-04-20 08:06:43,408] {taskinstance.py:1431} INFO - Exporting the following env vars:
AIRFLOW_CTX_DAG_OWNER=***
AIRFLOW_CTX_DAG_ID=hook_dag
AIRFLOW_CTX_TASK_ID=hook_task
AIRFLOW_CTX_EXECUTION_DATE=2022-04-20T08:06:37.916074+00:00
AIRFLOW_CTX_DAG_RUN_ID=manual__2022-04-20T08:06:37.916074+00:00
[2022-04-20 08:06:43,429] {base.py:79} INFO - Using connection to: id: postgres_default. Host: postgres, Port: 5432, Schema: ***, Login: ***, Password: ***, extra: {}
[2022-04-20 08:06:43,488] {logging_mixin.py:109} INFO - Source: Max - activated: Jane
[2022-04-20 08:06:43,489] {logging_mixin.py:109} INFO - Source: Susie - activated: Phil
[2022-04-20 08:06:43,489] {logging_mixin.py:109} INFO - Source: Lester - activated: Lily
[2022-04-20 08:06:43,490] {logging_mixin.py:109} INFO - Source: Quincy - activated: Anne
[2022-04-20 08:06:43,491] {python.py:175} INFO - Done. Returned value was: [('Max', 'Jane'), ('Susie', 'Phil'), ('Lester', 'Lily'), ('Quincy', 'Anne')]
[2022-04-20 08:06:43,572] {taskinstance.py:1282} INFO - Marking task as SUCCESS. dag_id=hook_dag, task_id=hook_task, execution_date=20220420T080637, start_date=20220420T080642, end_date=20220420T080643
[2022-04-20 08:06:43,635] {local_task_job.py:154} INFO - Task exited with return code 0
[2022-04-20 08:06:43,703] {local_task_job.py:264} INFO - 0 downstream tasks scheduled from follow-on schedule check
