[2022-04-05 21:00:07,884] {taskinstance.py:1037} INFO - Dependencies all met for <TaskInstance: postgres_operator_dag.get_all_pets manual__2022-04-05T21:00:03.550849+00:00 [queued]>
[2022-04-05 21:00:07,899] {taskinstance.py:1037} INFO - Dependencies all met for <TaskInstance: postgres_operator_dag.get_all_pets manual__2022-04-05T21:00:03.550849+00:00 [queued]>
[2022-04-05 21:00:07,899] {taskinstance.py:1243} INFO - 
--------------------------------------------------------------------------------
[2022-04-05 21:00:07,899] {taskinstance.py:1244} INFO - Starting attempt 1 of 1
[2022-04-05 21:00:07,899] {taskinstance.py:1245} INFO - 
--------------------------------------------------------------------------------
[2022-04-05 21:00:07,909] {taskinstance.py:1264} INFO - Executing <Task(PostgresOperator): get_all_pets> on 2022-04-05 21:00:03.550849+00:00
[2022-04-05 21:00:07,914] {standard_task_runner.py:52} INFO - Started process 184 to run task
[2022-04-05 21:00:07,918] {standard_task_runner.py:76} INFO - Running: ['***', 'tasks', 'run', 'postgres_operator_dag', 'get_all_pets', 'manual__2022-04-05T21:00:03.550849+00:00', '--job-id', '19', '--raw', '--subdir', 'DAGS_FOLDER/example_postgres.py', '--cfg-path', '/tmp/tmpbaku_tbo', '--error-file', '/tmp/tmp5mzz3um8']
[2022-04-05 21:00:07,919] {standard_task_runner.py:77} INFO - Job 19: Subtask get_all_pets
[2022-04-05 21:00:07,976] {logging_mixin.py:109} INFO - Running <TaskInstance: postgres_operator_dag.get_all_pets manual__2022-04-05T21:00:03.550849+00:00 [running]> on host 13210251e6a6
[2022-04-05 21:00:08,020] {taskinstance.py:1431} INFO - Exporting the following env vars:
AIRFLOW_CTX_DAG_OWNER=***
AIRFLOW_CTX_DAG_ID=postgres_operator_dag
AIRFLOW_CTX_TASK_ID=get_all_pets
AIRFLOW_CTX_EXECUTION_DATE=2022-04-05T21:00:03.550849+00:00
AIRFLOW_CTX_DAG_RUN_ID=manual__2022-04-05T21:00:03.550849+00:00
[2022-04-05 21:00:08,029] {base.py:79} INFO - Using connection to: id: postgres_default. Host: postgres, Port: 5432, Schema: ***, Login: ***, Password: ***, extra: {}
[2022-04-05 21:00:08,032] {dbapi.py:225} INFO - Running statement: SELECT * FROM pet;, parameters: None
[2022-04-05 21:00:08,032] {dbapi.py:233} INFO - Rows affected: 4
[2022-04-05 21:00:08,044] {taskinstance.py:1282} INFO - Marking task as SUCCESS. dag_id=postgres_operator_dag, task_id=get_all_pets, execution_date=20220405T210003, start_date=20220405T210007, end_date=20220405T210008
[2022-04-05 21:00:08,092] {local_task_job.py:154} INFO - Task exited with return code 0
[2022-04-05 21:00:08,114] {local_task_job.py:264} INFO - 0 downstream tasks scheduled from follow-on schedule check
