[2022-04-19 09:16:04,076] {taskinstance.py:1037} INFO - Dependencies all met for <TaskInstance: hook_dag.branching manual__2022-04-19T09:15:59.014608+00:00 [queued]>
[2022-04-19 09:16:04,084] {taskinstance.py:1037} INFO - Dependencies all met for <TaskInstance: hook_dag.branching manual__2022-04-19T09:15:59.014608+00:00 [queued]>
[2022-04-19 09:16:04,084] {taskinstance.py:1243} INFO - 
--------------------------------------------------------------------------------
[2022-04-19 09:16:04,085] {taskinstance.py:1244} INFO - Starting attempt 1 of 2
[2022-04-19 09:16:04,085] {taskinstance.py:1245} INFO - 
--------------------------------------------------------------------------------
[2022-04-19 09:16:04,092] {taskinstance.py:1264} INFO - Executing <Task(BranchPythonOperator): branching> on 2022-04-19 09:15:59.014608+00:00
[2022-04-19 09:16:04,096] {standard_task_runner.py:52} INFO - Started process 1192 to run task
[2022-04-19 09:16:04,098] {standard_task_runner.py:76} INFO - Running: ['***', 'tasks', 'run', 'hook_dag', 'branching', 'manual__2022-04-19T09:15:59.014608+00:00', '--job-id', '161', '--raw', '--subdir', 'DAGS_FOLDER/hook_dag.py', '--cfg-path', '/tmp/tmpceqh5z_s', '--error-file', '/tmp/tmp3kez7wnx']
[2022-04-19 09:16:04,099] {standard_task_runner.py:77} INFO - Job 161: Subtask branching
[2022-04-19 09:16:04,138] {logging_mixin.py:109} INFO - Running <TaskInstance: hook_dag.branching manual__2022-04-19T09:15:59.014608+00:00 [running]> on host 22e04adb6bfa
[2022-04-19 09:16:04,196] {taskinstance.py:1431} INFO - Exporting the following env vars:
AIRFLOW_CTX_DAG_OWNER=***
AIRFLOW_CTX_DAG_ID=hook_dag
AIRFLOW_CTX_TASK_ID=branching
AIRFLOW_CTX_EXECUTION_DATE=2022-04-19T09:15:59.014608+00:00
AIRFLOW_CTX_DAG_RUN_ID=manual__2022-04-19T09:15:59.014608+00:00
[2022-04-19 09:16:04,217] {logging_mixin.py:109} INFO - {'conf': <***.configuration.AirflowConfigParser object at 0x7f15237be290>, 'dag': <DAG: hook_dag>, 'dag_run': <DagRun hook_dag @ 2022-04-19 09:15:59.014608+00:00: manual__2022-04-19T09:15:59.014608+00:00, externally triggered: True>, 'data_interval_end': DateTime(2022, 4, 19, 9, 15, 59, 14608, tzinfo=Timezone('UTC')), 'data_interval_start': DateTime(2022, 4, 19, 9, 15, 59, 14608, tzinfo=Timezone('UTC')), 'ds': '2022-04-19', 'ds_nodash': '20220419', 'execution_date': <Proxy at 0x7f15064b6eb0 with factory functools.partial(<function lazy_mapping_from_context.<locals>._deprecated_proxy_factory at 0x7f15064d6200>, 'execution_date', DateTime(2022, 4, 19, 9, 15, 59, 14608, tzinfo=Timezone('UTC')))>, 'inlets': [], 'logical_date': DateTime(2022, 4, 19, 9, 15, 59, 14608, tzinfo=Timezone('UTC')), 'macros': <module '***.macros' from '/home/***/.local/lib/python3.7/site-packages/***/macros/__init__.py'>, 'next_ds': <Proxy at 0x7f15064b6370 with factory functools.partial(<function lazy_mapping_from_context.<locals>._deprecated_proxy_factory at 0x7f15064d6200>, 'next_ds', '2022-04-19')>, 'next_ds_nodash': <Proxy at 0x7f15064b6730 with factory functools.partial(<function lazy_mapping_from_context.<locals>._deprecated_proxy_factory at 0x7f15064d6200>, 'next_ds_nodash', '20220419')>, 'next_execution_date': <Proxy at 0x7f15064b6fa0 with factory functools.partial(<function lazy_mapping_from_context.<locals>._deprecated_proxy_factory at 0x7f15064d6200>, 'next_execution_date', DateTime(2022, 4, 19, 9, 15, 59, 14608, tzinfo=Timezone('UTC')))>, 'outlets': [], 'params': {}, 'prev_data_interval_start_success': DateTime(2022, 4, 13, 14, 8, 3, 310648, tzinfo=Timezone('UTC')), 'prev_data_interval_end_success': DateTime(2022, 4, 13, 14, 8, 3, 310648, tzinfo=Timezone('UTC')), 'prev_ds': <Proxy at 0x7f15064b6d20 with factory functools.partial(<function lazy_mapping_from_context.<locals>._deprecated_proxy_factory at 0x7f15064d6200>, 'prev_ds', '2022-04-19')>, 'prev_ds_nodash': <Proxy at 0x7f15064b6be0 with factory functools.partial(<function lazy_mapping_from_context.<locals>._deprecated_proxy_factory at 0x7f15064d6200>, 'prev_ds_nodash', '20220419')>, 'prev_execution_date': <Proxy at 0x7f15064b6e10 with factory functools.partial(<function lazy_mapping_from_context.<locals>._deprecated_proxy_factory at 0x7f15064d6200>, 'prev_execution_date', DateTime(2022, 4, 19, 9, 15, 59, 14608, tzinfo=Timezone('UTC')))>, 'prev_execution_date_success': <Proxy at 0x7f15064b75a0 with factory functools.partial(<function lazy_mapping_from_context.<locals>._deprecated_proxy_factory at 0x7f15064d6200>, 'prev_execution_date_success', None)>, 'prev_start_date_success': DateTime(2022, 4, 13, 14, 8, 3, 683189, tzinfo=Timezone('UTC')), 'run_id': 'manual__2022-04-19T09:15:59.014608+00:00', 'task': <Task(BranchPythonOperator): branching>, 'task_instance': <TaskInstance: hook_dag.branching manual__2022-04-19T09:15:59.014608+00:00 [running]>, 'task_instance_key_str': 'hook_dag__branching__20220419', 'test_mode': False, 'ti': <TaskInstance: hook_dag.branching manual__2022-04-19T09:15:59.014608+00:00 [running]>, 'tomorrow_ds': <Proxy at 0x7f15064b7a00 with factory functools.partial(<function lazy_mapping_from_context.<locals>._deprecated_proxy_factory at 0x7f15064d6200>, 'tomorrow_ds', '2022-04-20')>, 'tomorrow_ds_nodash': <Proxy at 0x7f15064b7550 with factory functools.partial(<function lazy_mapping_from_context.<locals>._deprecated_proxy_factory at 0x7f15064d6200>, 'tomorrow_ds_nodash', '20220420')>, 'ts': '2022-04-19T09:15:59.014608+00:00', 'ts_nodash': '20220419T091559', 'ts_nodash_with_tz': '20220419T091559.014608+0000', 'var': {'json': None, 'value': None}, 'conn': None, 'yesterday_ds': <Proxy at 0x7f15064b7640 with factory functools.partial(<function lazy_mapping_from_context.<locals>._deprecated_proxy_factory at 0x7f15064d6200>, 'yesterday_ds', '2022-04-18')>, 'yesterday_ds_nodash': <Proxy at 0x7f15064b77d0 with factory functools.partial(<function lazy_mapping_from_context.<locals>._deprecated_proxy_factory at 0x7f15064d6200>, 'yesterday_ds_nodash', '20220418')>, 'templates_dict': None}
[2022-04-19 09:16:04,217] {python.py:175} INFO - Done. Returned value was: log_end_no_data
[2022-04-19 09:16:04,218] {skipmixin.py:140} INFO - Following branch log_end_no_data
[2022-04-19 09:16:04,219] {skipmixin.py:171} INFO - Skipping tasks ['transfer_suit_pa']
[2022-04-19 09:16:04,321] {taskinstance.py:1282} INFO - Marking task as SUCCESS. dag_id=hook_dag, task_id=branching, execution_date=20220419T091559, start_date=20220419T091604, end_date=20220419T091604
[2022-04-19 09:16:04,350] {local_task_job.py:154} INFO - Task exited with return code 0
[2022-04-19 09:16:04,387] {local_task_job.py:264} INFO - 1 downstream tasks scheduled from follow-on schedule check
