[2022-04-22 09:20:36,062] {taskinstance.py:1037} INFO - Dependencies all met for <TaskInstance: cso_2295_ipo_2_cso.py.getid2 manual__2022-04-22T09:19:17.641779+00:00 [queued]>
[2022-04-22 09:20:36,070] {taskinstance.py:1037} INFO - Dependencies all met for <TaskInstance: cso_2295_ipo_2_cso.py.getid2 manual__2022-04-22T09:19:17.641779+00:00 [queued]>
[2022-04-22 09:20:36,070] {taskinstance.py:1243} INFO - 
--------------------------------------------------------------------------------
[2022-04-22 09:20:36,071] {taskinstance.py:1244} INFO - Starting attempt 1 of 1
[2022-04-22 09:20:36,071] {taskinstance.py:1245} INFO - 
--------------------------------------------------------------------------------
[2022-04-22 09:20:36,079] {taskinstance.py:1264} INFO - Executing <Task(PythonOperator): getid2> on 2022-04-22 09:19:17.641779+00:00
[2022-04-22 09:20:36,083] {standard_task_runner.py:52} INFO - Started process 1104 to run task
[2022-04-22 09:20:36,086] {standard_task_runner.py:76} INFO - Running: ['***', 'tasks', 'run', 'cso_2295_ipo_2_cso.py', 'getid2', 'manual__2022-04-22T09:19:17.641779+00:00', '--job-id', '973', '--raw', '--subdir', 'DAGS_FOLDER/cso_2295/cso_2295_ipo_2_cso.py', '--cfg-path', '/tmp/tmpnoijfhpi', '--error-file', '/tmp/tmpv0n3tang']
[2022-04-22 09:20:36,086] {standard_task_runner.py:77} INFO - Job 973: Subtask getid2
[2022-04-22 09:20:36,144] {logging_mixin.py:109} INFO - Running <TaskInstance: cso_2295_ipo_2_cso.py.getid2 manual__2022-04-22T09:19:17.641779+00:00 [running]> on host 22e04adb6bfa
[2022-04-22 09:20:36,180] {taskinstance.py:1431} INFO - Exporting the following env vars:
AIRFLOW_CTX_DAG_OWNER=***
AIRFLOW_CTX_DAG_ID=cso_2295_ipo_2_cso.py
AIRFLOW_CTX_TASK_ID=getid2
AIRFLOW_CTX_EXECUTION_DATE=2022-04-22T09:19:17.641779+00:00
AIRFLOW_CTX_DAG_RUN_ID=manual__2022-04-22T09:19:17.641779+00:00
[2022-04-22 09:20:36,193] {base.py:79} INFO - Using connection to: id: postgres_default. Host: postgres, Port: 5432, Schema: ***, Login: ***, Password: ***, extra: {}
[2022-04-22 09:20:36,202] {python.py:175} INFO - Done. Returned value was: None
[2022-04-22 09:20:36,211] {taskinstance.py:1282} INFO - Marking task as SUCCESS. dag_id=cso_2295_ipo_2_cso.py, task_id=getid2, execution_date=20220422T091917, start_date=20220422T092036, end_date=20220422T092036
[2022-04-22 09:20:36,257] {local_task_job.py:154} INFO - Task exited with return code 0
[2022-04-22 09:20:36,291] {local_task_job.py:264} INFO - 1 downstream tasks scheduled from follow-on schedule check
