[2022-04-19 10:27:00,323] {taskinstance.py:1037} INFO - Dependencies all met for <TaskInstance: hook_dag.branching manual__2022-04-19T10:25:51.701006+00:00 [queued]>
[2022-04-19 10:27:00,332] {taskinstance.py:1037} INFO - Dependencies all met for <TaskInstance: hook_dag.branching manual__2022-04-19T10:25:51.701006+00:00 [queued]>
[2022-04-19 10:27:00,332] {taskinstance.py:1243} INFO - 
--------------------------------------------------------------------------------
[2022-04-19 10:27:00,332] {taskinstance.py:1244} INFO - Starting attempt 2 of 2
[2022-04-19 10:27:00,332] {taskinstance.py:1245} INFO - 
--------------------------------------------------------------------------------
[2022-04-19 10:27:00,340] {taskinstance.py:1264} INFO - Executing <Task(BranchPythonOperator): branching> on 2022-04-19 10:25:51.701006+00:00
[2022-04-19 10:27:00,344] {standard_task_runner.py:52} INFO - Started process 4883 to run task
[2022-04-19 10:27:00,346] {standard_task_runner.py:76} INFO - Running: ['***', 'tasks', 'run', 'hook_dag', 'branching', 'manual__2022-04-19T10:25:51.701006+00:00', '--job-id', '271', '--raw', '--subdir', 'DAGS_FOLDER/hook_dag.py', '--cfg-path', '/tmp/tmpp87rpry5', '--error-file', '/tmp/tmp_uamc2qq']
[2022-04-19 10:27:00,347] {standard_task_runner.py:77} INFO - Job 271: Subtask branching
[2022-04-19 10:27:00,382] {logging_mixin.py:109} INFO - Running <TaskInstance: hook_dag.branching manual__2022-04-19T10:25:51.701006+00:00 [running]> on host 22e04adb6bfa
[2022-04-19 10:27:00,418] {taskinstance.py:1431} INFO - Exporting the following env vars:
AIRFLOW_CTX_DAG_OWNER=***
AIRFLOW_CTX_DAG_ID=hook_dag
AIRFLOW_CTX_TASK_ID=branching
AIRFLOW_CTX_EXECUTION_DATE=2022-04-19T10:25:51.701006+00:00
AIRFLOW_CTX_DAG_RUN_ID=manual__2022-04-19T10:25:51.701006+00:00
[2022-04-19 10:27:00,423] {python.py:175} INFO - Done. Returned value was: log_end_no_data
[2022-04-19 10:27:00,423] {skipmixin.py:140} INFO - Following branch log_end_no_data
[2022-04-19 10:27:00,424] {skipmixin.py:171} INFO - Skipping tasks ['transfer_suit_pa']
[2022-04-19 10:27:00,510] {taskinstance.py:1282} INFO - Marking task as SUCCESS. dag_id=hook_dag, task_id=branching, execution_date=20220419T102551, start_date=20220419T102700, end_date=20220419T102700
[2022-04-19 10:27:00,558] {local_task_job.py:154} INFO - Task exited with return code 0
[2022-04-19 10:27:00,587] {local_task_job.py:264} INFO - 1 downstream tasks scheduled from follow-on schedule check
