[2022-04-25 12:29:27,981] {taskinstance.py:1037} INFO - Dependencies all met for <TaskInstance: cso_2295_ipo_2_cso.py.transfer_cso_pers manual__2022-04-25T12:28:07.845997+00:00 [queued]>
[2022-04-25 12:29:27,991] {taskinstance.py:1037} INFO - Dependencies all met for <TaskInstance: cso_2295_ipo_2_cso.py.transfer_cso_pers manual__2022-04-25T12:28:07.845997+00:00 [queued]>
[2022-04-25 12:29:27,991] {taskinstance.py:1243} INFO - 
--------------------------------------------------------------------------------
[2022-04-25 12:29:27,991] {taskinstance.py:1244} INFO - Starting attempt 1 of 1
[2022-04-25 12:29:27,991] {taskinstance.py:1245} INFO - 
--------------------------------------------------------------------------------
[2022-04-25 12:29:27,998] {taskinstance.py:1264} INFO - Executing <Task(Postgres2File): transfer_cso_pers> on 2022-04-25 12:28:07.845997+00:00
[2022-04-25 12:29:28,003] {standard_task_runner.py:52} INFO - Started process 13364 to run task
[2022-04-25 12:29:28,006] {standard_task_runner.py:76} INFO - Running: ['***', 'tasks', 'run', 'cso_2295_ipo_2_cso.py', 'transfer_cso_pers', 'manual__2022-04-25T12:28:07.845997+00:00', '--job-id', '1232', '--raw', '--subdir', 'DAGS_FOLDER/cso_2295/cso_2295_ipo_2_cso.py', '--cfg-path', '/tmp/tmpnl49hi6q', '--error-file', '/tmp/tmpr4726n29']
[2022-04-25 12:29:28,006] {standard_task_runner.py:77} INFO - Job 1232: Subtask transfer_cso_pers
[2022-04-25 12:29:28,054] {logging_mixin.py:109} INFO - Running <TaskInstance: cso_2295_ipo_2_cso.py.transfer_cso_pers manual__2022-04-25T12:28:07.845997+00:00 [running]> on host 22e04adb6bfa
[2022-04-25 12:29:28,128] {taskinstance.py:1431} INFO - Exporting the following env vars:
AIRFLOW_CTX_DAG_OWNER=***
AIRFLOW_CTX_DAG_ID=cso_2295_ipo_2_cso.py
AIRFLOW_CTX_TASK_ID=transfer_cso_pers
AIRFLOW_CTX_EXECUTION_DATE=2022-04-25T12:28:07.845997+00:00
AIRFLOW_CTX_DAG_RUN_ID=manual__2022-04-25T12:28:07.845997+00:00
[2022-04-25 12:29:28,150] {base.py:79} INFO - Using connection to: id: postgres_default. Host: postgres, Port: 5432, Schema: ***, Login: ***, Password: ***, extra: {}
[2022-04-25 12:29:28,307] {taskinstance.py:1282} INFO - Marking task as SUCCESS. dag_id=cso_2295_ipo_2_cso.py, task_id=transfer_cso_pers, execution_date=20220425T122807, start_date=20220425T122927, end_date=20220425T122928
[2022-04-25 12:29:28,338] {local_task_job.py:154} INFO - Task exited with return code 0
[2022-04-25 12:29:28,376] {base.py:79} INFO - Using connection to: id: postgres_default. Host: postgres, Port: 5432, Schema: ***, Login: ***, Password: ***, extra: {}
[2022-04-25 12:29:28,378] {dbapi.py:225} INFO - Running statement: UPDATE list_flow_log
                        SET q_source=3,
                        q_target=3, t_end=NOW(), status=2,
                        optional_key='transfer_cso_pers'
                        where id = 115;, parameters: None
[2022-04-25 12:29:28,379] {dbapi.py:233} INFO - Rows affected: 1
[2022-04-25 12:29:28,395] {local_task_job.py:264} INFO - 0 downstream tasks scheduled from follow-on schedule check
