[2022-04-25 08:41:19,930] {taskinstance.py:1037} INFO - Dependencies all met for <TaskInstance: cso_2295_ipo_2_cso_xls.py.sleep2 manual__2022-04-25T08:41:17.138194+00:00 [queued]>
[2022-04-25 08:41:19,939] {taskinstance.py:1037} INFO - Dependencies all met for <TaskInstance: cso_2295_ipo_2_cso_xls.py.sleep2 manual__2022-04-25T08:41:17.138194+00:00 [queued]>
[2022-04-25 08:41:19,939] {taskinstance.py:1243} INFO - 
--------------------------------------------------------------------------------
[2022-04-25 08:41:19,939] {taskinstance.py:1244} INFO - Starting attempt 1 of 1
[2022-04-25 08:41:19,939] {taskinstance.py:1245} INFO - 
--------------------------------------------------------------------------------
[2022-04-25 08:41:19,947] {taskinstance.py:1264} INFO - Executing <Task(BashOperator): sleep2> on 2022-04-25 08:41:17.138194+00:00
[2022-04-25 08:41:19,951] {standard_task_runner.py:52} INFO - Started process 2114 to run task
[2022-04-25 08:41:19,954] {standard_task_runner.py:76} INFO - Running: ['***', 'tasks', 'run', 'cso_2295_ipo_2_cso_xls.py', 'sleep2', 'manual__2022-04-25T08:41:17.138194+00:00', '--job-id', '1138', '--raw', '--subdir', 'DAGS_FOLDER/cso_2295/cso_2295_ipo_2_cso_xls.py', '--cfg-path', '/tmp/tmp4zihgscd', '--error-file', '/tmp/tmpeke1i_10']
[2022-04-25 08:41:19,954] {standard_task_runner.py:77} INFO - Job 1138: Subtask sleep2
[2022-04-25 08:41:20,009] {logging_mixin.py:109} INFO - Running <TaskInstance: cso_2295_ipo_2_cso_xls.py.sleep2 manual__2022-04-25T08:41:17.138194+00:00 [running]> on host 22e04adb6bfa
[2022-04-25 08:41:20,058] {taskinstance.py:1431} INFO - Exporting the following env vars:
AIRFLOW_CTX_DAG_OWNER=***
AIRFLOW_CTX_DAG_ID=cso_2295_ipo_2_cso_xls.py
AIRFLOW_CTX_TASK_ID=sleep2
AIRFLOW_CTX_EXECUTION_DATE=2022-04-25T08:41:17.138194+00:00
AIRFLOW_CTX_DAG_RUN_ID=manual__2022-04-25T08:41:17.138194+00:00
[2022-04-25 08:41:20,059] {subprocess.py:62} INFO - Tmp dir root location: 
 /tmp
[2022-04-25 08:41:20,059] {subprocess.py:74} INFO - Running command: ['bash', '-c', 'sleep 10']
[2022-04-25 08:41:20,073] {subprocess.py:85} INFO - Output:
[2022-04-25 08:41:30,078] {subprocess.py:93} INFO - Command exited with return code 0
[2022-04-25 08:41:30,140] {taskinstance.py:1282} INFO - Marking task as SUCCESS. dag_id=cso_2295_ipo_2_cso_xls.py, task_id=sleep2, execution_date=20220425T084117, start_date=20220425T084119, end_date=20220425T084130
[2022-04-25 08:41:30,169] {local_task_job.py:154} INFO - Task exited with return code 0
[2022-04-25 08:41:30,206] {local_task_job.py:264} INFO - 1 downstream tasks scheduled from follow-on schedule check
