[2022-04-19 11:45:06,686] {taskinstance.py:1037} INFO - Dependencies all met for <TaskInstance: hook_dag.condition_is_True manual__2022-04-19T11:45:00.465597+00:00 [queued]>
[2022-04-19 11:45:06,693] {taskinstance.py:1037} INFO - Dependencies all met for <TaskInstance: hook_dag.condition_is_True manual__2022-04-19T11:45:00.465597+00:00 [queued]>
[2022-04-19 11:45:06,694] {taskinstance.py:1243} INFO - 
--------------------------------------------------------------------------------
[2022-04-19 11:45:06,694] {taskinstance.py:1244} INFO - Starting attempt 1 of 2
[2022-04-19 11:45:06,694] {taskinstance.py:1245} INFO - 
--------------------------------------------------------------------------------
[2022-04-19 11:45:06,701] {taskinstance.py:1264} INFO - Executing <Task(ShortCircuitOperator): condition_is_True> on 2022-04-19 11:45:00.465597+00:00
[2022-04-19 11:45:06,705] {standard_task_runner.py:52} INFO - Started process 8818 to run task
[2022-04-19 11:45:06,707] {standard_task_runner.py:76} INFO - Running: ['***', 'tasks', 'run', 'hook_dag', 'condition_is_True', 'manual__2022-04-19T11:45:00.465597+00:00', '--job-id', '323', '--raw', '--subdir', 'DAGS_FOLDER/hook_dag.py', '--cfg-path', '/tmp/tmpclt_x_c3', '--error-file', '/tmp/tmpczuzd6pr']
[2022-04-19 11:45:06,708] {standard_task_runner.py:77} INFO - Job 323: Subtask condition_is_True
[2022-04-19 11:45:06,750] {logging_mixin.py:109} INFO - Running <TaskInstance: hook_dag.condition_is_True manual__2022-04-19T11:45:00.465597+00:00 [running]> on host 22e04adb6bfa
[2022-04-19 11:45:06,791] {taskinstance.py:1431} INFO - Exporting the following env vars:
AIRFLOW_CTX_DAG_OWNER=***
AIRFLOW_CTX_DAG_ID=hook_dag
AIRFLOW_CTX_TASK_ID=condition_is_True
AIRFLOW_CTX_EXECUTION_DATE=2022-04-19T11:45:00.465597+00:00
AIRFLOW_CTX_DAG_RUN_ID=manual__2022-04-19T11:45:00.465597+00:00
[2022-04-19 11:45:06,792] {python.py:175} INFO - Done. Returned value was: False
[2022-04-19 11:45:06,792] {python.py:239} INFO - Condition result is False
[2022-04-19 11:45:06,792] {python.py:245} INFO - Skipping downstream tasks...
[2022-04-19 11:45:06,805] {python.py:253} INFO - Done.
[2022-04-19 11:45:06,813] {taskinstance.py:1282} INFO - Marking task as SUCCESS. dag_id=hook_dag, task_id=condition_is_True, execution_date=20220419T114500, start_date=20220419T114506, end_date=20220419T114506
[2022-04-19 11:45:06,839] {local_task_job.py:154} INFO - Task exited with return code 0
[2022-04-19 11:45:06,864] {local_task_job.py:264} INFO - 0 downstream tasks scheduled from follow-on schedule check
