[2022-04-22 13:42:32,921] {taskinstance.py:1037} INFO - Dependencies all met for <TaskInstance: cso_2295_ipo_2_cso_xls.py.check_current_month manual__2022-04-22T13:40:26.332001+00:00 [queued]>
[2022-04-22 13:42:32,929] {taskinstance.py:1037} INFO - Dependencies all met for <TaskInstance: cso_2295_ipo_2_cso_xls.py.check_current_month manual__2022-04-22T13:40:26.332001+00:00 [queued]>
[2022-04-22 13:42:32,930] {taskinstance.py:1243} INFO - 
--------------------------------------------------------------------------------
[2022-04-22 13:42:32,930] {taskinstance.py:1244} INFO - Starting attempt 1 of 1
[2022-04-22 13:42:32,930] {taskinstance.py:1245} INFO - 
--------------------------------------------------------------------------------
[2022-04-22 13:42:32,940] {taskinstance.py:1264} INFO - Executing <Task(ShortCircuitOperator): check_current_month> on 2022-04-22 13:40:26.332001+00:00
[2022-04-22 13:42:32,945] {standard_task_runner.py:52} INFO - Started process 13840 to run task
[2022-04-22 13:42:32,949] {standard_task_runner.py:76} INFO - Running: ['***', 'tasks', 'run', 'cso_2295_ipo_2_cso_xls.py', 'check_current_month', 'manual__2022-04-22T13:40:26.332001+00:00', '--job-id', '1039', '--raw', '--subdir', 'DAGS_FOLDER/cso_2295/cso_2295_ipo_2_cso_xls.py', '--cfg-path', '/tmp/tmp9oo8oqrp', '--error-file', '/tmp/tmplrl2oign']
[2022-04-22 13:42:32,950] {standard_task_runner.py:77} INFO - Job 1039: Subtask check_current_month
[2022-04-22 13:42:32,998] {logging_mixin.py:109} INFO - Running <TaskInstance: cso_2295_ipo_2_cso_xls.py.check_current_month manual__2022-04-22T13:40:26.332001+00:00 [running]> on host 22e04adb6bfa
[2022-04-22 13:42:33,056] {taskinstance.py:1431} INFO - Exporting the following env vars:
AIRFLOW_CTX_DAG_OWNER=***
AIRFLOW_CTX_DAG_ID=cso_2295_ipo_2_cso_xls.py
AIRFLOW_CTX_TASK_ID=check_current_month
AIRFLOW_CTX_EXECUTION_DATE=2022-04-22T13:40:26.332001+00:00
AIRFLOW_CTX_DAG_RUN_ID=manual__2022-04-22T13:40:26.332001+00:00
[2022-04-22 13:42:33,057] {python.py:175} INFO - Done. Returned value was: False
[2022-04-22 13:42:33,057] {python.py:239} INFO - Condition result is False
[2022-04-22 13:42:33,057] {python.py:245} INFO - Skipping downstream tasks...
[2022-04-22 13:42:33,089] {python.py:253} INFO - Done.
[2022-04-22 13:42:33,098] {taskinstance.py:1282} INFO - Marking task as SUCCESS. dag_id=cso_2295_ipo_2_cso_xls.py, task_id=check_current_month, execution_date=20220422T134026, start_date=20220422T134232, end_date=20220422T134233
[2022-04-22 13:42:33,159] {local_task_job.py:154} INFO - Task exited with return code 0
[2022-04-22 13:42:33,189] {local_task_job.py:264} INFO - 0 downstream tasks scheduled from follow-on schedule check
