[2022-04-22 09:27:40,324] {taskinstance.py:1037} INFO - Dependencies all met for <TaskInstance: cso_2295_ipo_2_cso.py.log_sensor2 manual__2022-04-22T09:27:30.102855+00:00 [queued]>
[2022-04-22 09:27:40,333] {taskinstance.py:1037} INFO - Dependencies all met for <TaskInstance: cso_2295_ipo_2_cso.py.log_sensor2 manual__2022-04-22T09:27:30.102855+00:00 [queued]>
[2022-04-22 09:27:40,333] {taskinstance.py:1243} INFO - 
--------------------------------------------------------------------------------
[2022-04-22 09:27:40,333] {taskinstance.py:1244} INFO - Starting attempt 1 of 1
[2022-04-22 09:27:40,333] {taskinstance.py:1245} INFO - 
--------------------------------------------------------------------------------
[2022-04-22 09:27:40,347] {taskinstance.py:1264} INFO - Executing <Task(SqlSensor): log_sensor2> on 2022-04-22 09:27:30.102855+00:00
[2022-04-22 09:27:40,351] {standard_task_runner.py:52} INFO - Started process 1472 to run task
[2022-04-22 09:27:40,354] {standard_task_runner.py:76} INFO - Running: ['***', 'tasks', 'run', 'cso_2295_ipo_2_cso.py', 'log_sensor2', 'manual__2022-04-22T09:27:30.102855+00:00', '--job-id', '983', '--raw', '--subdir', 'DAGS_FOLDER/cso_2295/cso_2295_ipo_2_cso.py', '--cfg-path', '/tmp/tmptfi8fhg8', '--error-file', '/tmp/tmpv2q6t901']
[2022-04-22 09:27:40,354] {standard_task_runner.py:77} INFO - Job 983: Subtask log_sensor2
[2022-04-22 09:27:40,410] {logging_mixin.py:109} INFO - Running <TaskInstance: cso_2295_ipo_2_cso.py.log_sensor2 manual__2022-04-22T09:27:30.102855+00:00 [running]> on host 22e04adb6bfa
[2022-04-22 09:27:40,474] {taskinstance.py:1431} INFO - Exporting the following env vars:
AIRFLOW_CTX_DAG_OWNER=***
AIRFLOW_CTX_DAG_ID=cso_2295_ipo_2_cso.py
AIRFLOW_CTX_TASK_ID=log_sensor2
AIRFLOW_CTX_EXECUTION_DATE=2022-04-22T09:27:30.102855+00:00
AIRFLOW_CTX_DAG_RUN_ID=manual__2022-04-22T09:27:30.102855+00:00
[2022-04-22 09:27:40,480] {base.py:79} INFO - Using connection to: id: postgres_default. Host: postgres, Port: 5432, Schema: ***, Login: ***, Password: ***, extra: {}
[2022-04-22 09:27:40,535] {sql.py:98} INFO - Poking: select case when q = 'true' then 1 else 0 end as q from  (
	select case when count(id)=0 then 'true' else 'false' end as q
	from list_flow_log
	where object_flow = 0 and status = 1
) t1; (with parameters None)
[2022-04-22 09:27:40,540] {base.py:79} INFO - Using connection to: id: postgres_default. Host: postgres, Port: 5432, Schema: ***, Login: ***, Password: ***, extra: {}
[2022-04-22 09:28:40,606] {base.py:79} INFO - Using connection to: id: postgres_default. Host: postgres, Port: 5432, Schema: ***, Login: ***, Password: ***, extra: {}
[2022-04-22 09:28:40,645] {sql.py:98} INFO - Poking: select case when q = 'true' then 1 else 0 end as q from  (
	select case when count(id)=0 then 'true' else 'false' end as q
	from list_flow_log
	where object_flow = 0 and status = 1
) t1; (with parameters None)
[2022-04-22 09:28:40,649] {base.py:79} INFO - Using connection to: id: postgres_default. Host: postgres, Port: 5432, Schema: ***, Login: ***, Password: ***, extra: {}
[2022-04-22 09:28:40,653] {base.py:251} INFO - Success criteria met. Exiting.
[2022-04-22 09:28:40,661] {taskinstance.py:1282} INFO - Marking task as SUCCESS. dag_id=cso_2295_ipo_2_cso.py, task_id=log_sensor2, execution_date=20220422T092730, start_date=20220422T092740, end_date=20220422T092840
[2022-04-22 09:28:40,713] {local_task_job.py:154} INFO - Task exited with return code 0
[2022-04-22 09:28:40,751] {local_task_job.py:264} INFO - 1 downstream tasks scheduled from follow-on schedule check
