[2022-04-05 20:29:37,361] {taskinstance.py:1037} INFO - Dependencies all met for <TaskInstance: my_project.training_model_C manual__2022-04-05T20:29:35.953661+00:00 [queued]>
[2022-04-05 20:29:37,429] {taskinstance.py:1037} INFO - Dependencies all met for <TaskInstance: my_project.training_model_C manual__2022-04-05T20:29:35.953661+00:00 [queued]>
[2022-04-05 20:29:37,429] {taskinstance.py:1243} INFO - 
--------------------------------------------------------------------------------
[2022-04-05 20:29:37,429] {taskinstance.py:1244} INFO - Starting attempt 1 of 1
[2022-04-05 20:29:37,429] {taskinstance.py:1245} INFO - 
--------------------------------------------------------------------------------
[2022-04-05 20:29:37,472] {taskinstance.py:1264} INFO - Executing <Task(PythonOperator): training_model_C> on 2022-04-05 20:29:35.953661+00:00
[2022-04-05 20:29:37,501] {standard_task_runner.py:52} INFO - Started process 371 to run task
[2022-04-05 20:29:37,514] {standard_task_runner.py:76} INFO - Running: ['***', 'tasks', 'run', 'my_project', 'training_model_C', 'manual__2022-04-05T20:29:35.953661+00:00', '--job-id', '6', '--raw', '--subdir', 'DAGS_FOLDER/my_project.py', '--cfg-path', '/tmp/tmpctbonxb2', '--error-file', '/tmp/tmpvg_jt7im']
[2022-04-05 20:29:37,514] {standard_task_runner.py:77} INFO - Job 6: Subtask training_model_C
[2022-04-05 20:29:37,652] {logging_mixin.py:109} INFO - Running <TaskInstance: my_project.training_model_C manual__2022-04-05T20:29:35.953661+00:00 [running]> on host 13210251e6a6
[2022-04-05 20:29:37,819] {taskinstance.py:1431} INFO - Exporting the following env vars:
AIRFLOW_CTX_DAG_OWNER=***
AIRFLOW_CTX_DAG_ID=my_project
AIRFLOW_CTX_TASK_ID=training_model_C
AIRFLOW_CTX_EXECUTION_DATE=2022-04-05T20:29:35.953661+00:00
AIRFLOW_CTX_DAG_RUN_ID=manual__2022-04-05T20:29:35.953661+00:00
[2022-04-05 20:29:37,819] {python.py:175} INFO - Done. Returned value was: 9
[2022-04-05 20:29:37,942] {taskinstance.py:1282} INFO - Marking task as SUCCESS. dag_id=my_project, task_id=training_model_C, execution_date=20220405T202935, start_date=20220405T202937, end_date=20220405T202937
[2022-04-05 20:29:37,978] {local_task_job.py:154} INFO - Task exited with return code 0
[2022-04-05 20:29:38,058] {local_task_job.py:264} INFO - 0 downstream tasks scheduled from follow-on schedule check
