[2022-05-01 20:04:26,886] {taskinstance.py:1037} INFO - Dependencies all met for <TaskInstance: cso_2295_ipo_2_cso_xls.py.check_current_month scheduled__2022-04-29T15:41:00+00:00 [queued]>
[2022-05-01 20:04:27,067] {taskinstance.py:1037} INFO - Dependencies all met for <TaskInstance: cso_2295_ipo_2_cso_xls.py.check_current_month scheduled__2022-04-29T15:41:00+00:00 [queued]>
[2022-05-01 20:04:27,069] {taskinstance.py:1243} INFO - 
--------------------------------------------------------------------------------
[2022-05-01 20:04:27,070] {taskinstance.py:1244} INFO - Starting attempt 1 of 1
[2022-05-01 20:04:27,076] {taskinstance.py:1245} INFO - 
--------------------------------------------------------------------------------
[2022-05-01 20:04:27,307] {taskinstance.py:1264} INFO - Executing <Task(ShortCircuitOperator): check_current_month> on 2022-04-29 15:41:00+00:00
[2022-05-01 20:04:27,316] {standard_task_runner.py:52} INFO - Started process 103 to run task
[2022-05-01 20:04:27,341] {standard_task_runner.py:76} INFO - Running: ['***', 'tasks', 'run', 'cso_2295_ipo_2_cso_xls.py', 'check_current_month', 'scheduled__2022-04-29T15:41:00+00:00', '--job-id', '1498', '--raw', '--subdir', 'DAGS_FOLDER/cso_2295/cso_2295_ipo_2_cso_xls.py', '--cfg-path', '/tmp/tmp_uzrm2ke', '--error-file', '/tmp/tmpu_z7p950']
[2022-05-01 20:04:27,365] {standard_task_runner.py:77} INFO - Job 1498: Subtask check_current_month
[2022-05-01 20:04:27,824] {logging_mixin.py:109} INFO - Running <TaskInstance: cso_2295_ipo_2_cso_xls.py.check_current_month scheduled__2022-04-29T15:41:00+00:00 [running]> on host 0936e4a14e76
[2022-05-01 20:04:28,100] {taskinstance.py:1431} INFO - Exporting the following env vars:
AIRFLOW_CTX_DAG_OWNER=***
AIRFLOW_CTX_DAG_ID=cso_2295_ipo_2_cso_xls.py
AIRFLOW_CTX_TASK_ID=check_current_month
AIRFLOW_CTX_EXECUTION_DATE=2022-04-29T15:41:00+00:00
AIRFLOW_CTX_DAG_RUN_ID=scheduled__2022-04-29T15:41:00+00:00
[2022-05-01 20:04:28,101] {python.py:175} INFO - Done. Returned value was: False
[2022-05-01 20:04:28,101] {python.py:239} INFO - Condition result is False
[2022-05-01 20:04:28,101] {python.py:245} INFO - Skipping downstream tasks...
[2022-05-01 20:04:28,147] {python.py:253} INFO - Done.
[2022-05-01 20:04:28,172] {taskinstance.py:1282} INFO - Marking task as SUCCESS. dag_id=cso_2295_ipo_2_cso_xls.py, task_id=check_current_month, execution_date=20220429T154100, start_date=20220501T200426, end_date=20220501T200428
[2022-05-01 20:04:28,311] {local_task_job.py:154} INFO - Task exited with return code 0
[2022-05-01 20:04:28,412] {local_task_job.py:264} INFO - 0 downstream tasks scheduled from follow-on schedule check
