[2022-04-19 14:34:52,348] {taskinstance.py:1037} INFO - Dependencies all met for <TaskInstance: hook_dag.transfer_xml manual__2022-04-19T14:34:42.761488+00:00 [queued]>
[2022-04-19 14:34:52,359] {taskinstance.py:1037} INFO - Dependencies all met for <TaskInstance: hook_dag.transfer_xml manual__2022-04-19T14:34:42.761488+00:00 [queued]>
[2022-04-19 14:34:52,359] {taskinstance.py:1243} INFO - 
--------------------------------------------------------------------------------
[2022-04-19 14:34:52,359] {taskinstance.py:1244} INFO - Starting attempt 1 of 2
[2022-04-19 14:34:52,359] {taskinstance.py:1245} INFO - 
--------------------------------------------------------------------------------
[2022-04-19 14:34:52,375] {taskinstance.py:1264} INFO - Executing <Task(Postgres2File): transfer_xml> on 2022-04-19 14:34:42.761488+00:00
[2022-04-19 14:34:52,390] {standard_task_runner.py:52} INFO - Started process 17360 to run task
[2022-04-19 14:34:52,393] {standard_task_runner.py:76} INFO - Running: ['***', 'tasks', 'run', 'hook_dag', 'transfer_xml', 'manual__2022-04-19T14:34:42.761488+00:00', '--job-id', '520', '--raw', '--subdir', 'DAGS_FOLDER/hook_dag.py', '--cfg-path', '/tmp/tmpr_dgv65j', '--error-file', '/tmp/tmp6sn68eji']
[2022-04-19 14:34:52,394] {standard_task_runner.py:77} INFO - Job 520: Subtask transfer_xml
[2022-04-19 14:34:52,455] {logging_mixin.py:109} INFO - Running <TaskInstance: hook_dag.transfer_xml manual__2022-04-19T14:34:42.761488+00:00 [running]> on host 22e04adb6bfa
[2022-04-19 14:34:52,636] {taskinstance.py:1431} INFO - Exporting the following env vars:
AIRFLOW_CTX_DAG_OWNER=***
AIRFLOW_CTX_DAG_ID=hook_dag
AIRFLOW_CTX_TASK_ID=transfer_xml
AIRFLOW_CTX_EXECUTION_DATE=2022-04-19T14:34:42.761488+00:00
AIRFLOW_CTX_DAG_RUN_ID=manual__2022-04-19T14:34:42.761488+00:00
[2022-04-19 14:34:52,661] {base.py:79} INFO - Using connection to: id: postgres_default. Host: postgres, Port: 5432, Schema: ***, Login: ***, Password: ***, extra: {}
[2022-04-19 14:34:52,747] {taskinstance.py:1282} INFO - Marking task as SUCCESS. dag_id=hook_dag, task_id=transfer_xml, execution_date=20220419T143442, start_date=20220419T143452, end_date=20220419T143452
[2022-04-19 14:34:52,811] {local_task_job.py:154} INFO - Task exited with return code 0
[2022-04-19 14:34:52,863] {base.py:79} INFO - Using connection to: id: postgres_default. Host: postgres, Port: 5432, Schema: ***, Login: ***, Password: ***, extra: {}
[2022-04-19 14:34:52,867] {dbapi.py:225} INFO - Running statement: update list_flow_log
                set t_end=NOW(), status=2, comment = '*Task*: transfer_xml success'
                where id = 31;, parameters: None
[2022-04-19 14:34:52,868] {dbapi.py:233} INFO - Rows affected: 1
[2022-04-19 14:34:52,945] {local_task_job.py:264} INFO - 0 downstream tasks scheduled from follow-on schedule check
