[2022-04-24 19:43:49,859] {taskinstance.py:1037} INFO - Dependencies all met for <TaskInstance: cso_2295_ipo_2_cso.py.sleep scheduled__2022-04-23T15:41:00+00:00 [queued]>
[2022-04-24 19:43:49,894] {taskinstance.py:1037} INFO - Dependencies all met for <TaskInstance: cso_2295_ipo_2_cso.py.sleep scheduled__2022-04-23T15:41:00+00:00 [queued]>
[2022-04-24 19:43:49,894] {taskinstance.py:1243} INFO - 
--------------------------------------------------------------------------------
[2022-04-24 19:43:49,895] {taskinstance.py:1244} INFO - Starting attempt 1 of 1
[2022-04-24 19:43:49,895] {taskinstance.py:1245} INFO - 
--------------------------------------------------------------------------------
[2022-04-24 19:43:50,220] {taskinstance.py:1264} INFO - Executing <Task(BashOperator): sleep> on 2022-04-23 15:41:00+00:00
[2022-04-24 19:43:50,224] {standard_task_runner.py:52} INFO - Started process 116 to run task
[2022-04-24 19:43:50,226] {standard_task_runner.py:76} INFO - Running: ['***', 'tasks', 'run', 'cso_2295_ipo_2_cso.py', 'sleep', 'scheduled__2022-04-23T15:41:00+00:00', '--job-id', '1062', '--raw', '--subdir', 'DAGS_FOLDER/cso_2295/cso_2295_ipo_2_cso.py', '--cfg-path', '/tmp/tmprxav9_u9', '--error-file', '/tmp/tmp81dk44b4']
[2022-04-24 19:43:50,227] {standard_task_runner.py:77} INFO - Job 1062: Subtask sleep
[2022-04-24 19:43:50,614] {logging_mixin.py:109} INFO - Running <TaskInstance: cso_2295_ipo_2_cso.py.sleep scheduled__2022-04-23T15:41:00+00:00 [running]> on host 22e04adb6bfa
[2022-04-24 19:43:51,662] {taskinstance.py:1431} INFO - Exporting the following env vars:
AIRFLOW_CTX_DAG_OWNER=***
AIRFLOW_CTX_DAG_ID=cso_2295_ipo_2_cso.py
AIRFLOW_CTX_TASK_ID=sleep
AIRFLOW_CTX_EXECUTION_DATE=2022-04-23T15:41:00+00:00
AIRFLOW_CTX_DAG_RUN_ID=scheduled__2022-04-23T15:41:00+00:00
[2022-04-24 19:43:51,663] {subprocess.py:62} INFO - Tmp dir root location: 
 /tmp
[2022-04-24 19:43:51,663] {subprocess.py:74} INFO - Running command: ['bash', '-c', 'sleep 5']
[2022-04-24 19:43:52,132] {subprocess.py:85} INFO - Output:
[2022-04-24 19:43:58,464] {subprocess.py:93} INFO - Command exited with return code 0
[2022-04-24 19:43:58,764] {taskinstance.py:1282} INFO - Marking task as SUCCESS. dag_id=cso_2295_ipo_2_cso.py, task_id=sleep, execution_date=20220423T154100, start_date=20220424T194349, end_date=20220424T194358
[2022-04-24 19:43:58,871] {local_task_job.py:154} INFO - Task exited with return code 0
[2022-04-24 19:43:58,990] {local_task_job.py:264} INFO - 1 downstream tasks scheduled from follow-on schedule check
