[2022-04-07 13:35:15,782] {taskinstance.py:1037} INFO - Dependencies all met for <TaskInstance: my_project.training_model_A manual__2022-04-07T13:35:13.176577+00:00 [queued]>
[2022-04-07 13:35:15,792] {taskinstance.py:1037} INFO - Dependencies all met for <TaskInstance: my_project.training_model_A manual__2022-04-07T13:35:13.176577+00:00 [queued]>
[2022-04-07 13:35:15,792] {taskinstance.py:1243} INFO - 
--------------------------------------------------------------------------------
[2022-04-07 13:35:15,792] {taskinstance.py:1244} INFO - Starting attempt 1 of 1
[2022-04-07 13:35:15,792] {taskinstance.py:1245} INFO - 
--------------------------------------------------------------------------------
[2022-04-07 13:35:15,800] {taskinstance.py:1264} INFO - Executing <Task(PythonOperator): training_model_A> on 2022-04-07 13:35:13.176577+00:00
[2022-04-07 13:35:15,803] {standard_task_runner.py:52} INFO - Started process 977 to run task
[2022-04-07 13:35:15,806] {standard_task_runner.py:76} INFO - Running: ['***', 'tasks', 'run', 'my_project', 'training_model_A', 'manual__2022-04-07T13:35:13.176577+00:00', '--job-id', '77', '--raw', '--subdir', 'DAGS_FOLDER/my_project.py', '--cfg-path', '/tmp/tmp59ocdiv_', '--error-file', '/tmp/tmpgbty3rh0']
[2022-04-07 13:35:15,806] {standard_task_runner.py:77} INFO - Job 77: Subtask training_model_A
[2022-04-07 13:35:15,875] {logging_mixin.py:109} INFO - Running <TaskInstance: my_project.training_model_A manual__2022-04-07T13:35:13.176577+00:00 [running]> on host d73239f69a26
[2022-04-07 13:35:15,918] {taskinstance.py:1431} INFO - Exporting the following env vars:
AIRFLOW_CTX_DAG_OWNER=***
AIRFLOW_CTX_DAG_ID=my_project
AIRFLOW_CTX_TASK_ID=training_model_A
AIRFLOW_CTX_EXECUTION_DATE=2022-04-07T13:35:13.176577+00:00
AIRFLOW_CTX_DAG_RUN_ID=manual__2022-04-07T13:35:13.176577+00:00
[2022-04-07 13:35:15,919] {python.py:175} INFO - Done. Returned value was: 2
[2022-04-07 13:35:16,001] {taskinstance.py:1282} INFO - Marking task as SUCCESS. dag_id=my_project, task_id=training_model_A, execution_date=20220407T133513, start_date=20220407T133515, end_date=20220407T133516
[2022-04-07 13:35:16,061] {local_task_job.py:154} INFO - Task exited with return code 0
[2022-04-07 13:35:16,167] {local_task_job.py:264} INFO - 0 downstream tasks scheduled from follow-on schedule check
