[2022-04-19 14:55:29,703] {taskinstance.py:1037} INFO - Dependencies all met for <TaskInstance: hook_dag.hook_task manual__2022-04-19T14:55:27.193531+00:00 [queued]>
[2022-04-19 14:55:29,711] {taskinstance.py:1037} INFO - Dependencies all met for <TaskInstance: hook_dag.hook_task manual__2022-04-19T14:55:27.193531+00:00 [queued]>
[2022-04-19 14:55:29,712] {taskinstance.py:1243} INFO - 
--------------------------------------------------------------------------------
[2022-04-19 14:55:29,712] {taskinstance.py:1244} INFO - Starting attempt 1 of 2
[2022-04-19 14:55:29,712] {taskinstance.py:1245} INFO - 
--------------------------------------------------------------------------------
[2022-04-19 14:55:29,720] {taskinstance.py:1264} INFO - Executing <Task(PythonOperator): hook_task> on 2022-04-19 14:55:27.193531+00:00
[2022-04-19 14:55:29,724] {standard_task_runner.py:52} INFO - Started process 18345 to run task
[2022-04-19 14:55:29,726] {standard_task_runner.py:76} INFO - Running: ['***', 'tasks', 'run', 'hook_dag', 'hook_task', 'manual__2022-04-19T14:55:27.193531+00:00', '--job-id', '525', '--raw', '--subdir', 'DAGS_FOLDER/hook_dag.py', '--cfg-path', '/tmp/tmpizh9y3ju', '--error-file', '/tmp/tmpa8xtao8v']
[2022-04-19 14:55:29,727] {standard_task_runner.py:77} INFO - Job 525: Subtask hook_task
[2022-04-19 14:55:29,779] {logging_mixin.py:109} INFO - Running <TaskInstance: hook_dag.hook_task manual__2022-04-19T14:55:27.193531+00:00 [running]> on host 22e04adb6bfa
[2022-04-19 14:55:29,821] {taskinstance.py:1431} INFO - Exporting the following env vars:
AIRFLOW_CTX_DAG_OWNER=***
AIRFLOW_CTX_DAG_ID=hook_dag
AIRFLOW_CTX_TASK_ID=hook_task
AIRFLOW_CTX_EXECUTION_DATE=2022-04-19T14:55:27.193531+00:00
AIRFLOW_CTX_DAG_RUN_ID=manual__2022-04-19T14:55:27.193531+00:00
[2022-04-19 14:55:29,827] {base.py:79} INFO - Using connection to: id: postgres_default. Host: postgres, Port: 5432, Schema: ***, Login: ***, Password: ***, extra: {}
[2022-04-19 14:55:29,835] {logging_mixin.py:109} INFO - Source: Max - activated: Jane
[2022-04-19 14:55:29,835] {logging_mixin.py:109} INFO - Source: Susie - activated: Phil
[2022-04-19 14:55:29,835] {logging_mixin.py:109} INFO - Source: Lester - activated: Lily
[2022-04-19 14:55:29,835] {logging_mixin.py:109} INFO - Source: Quincy - activated: Anne
[2022-04-19 14:55:29,835] {python.py:175} INFO - Done. Returned value was: [('Max', 'Jane'), ('Susie', 'Phil'), ('Lester', 'Lily'), ('Quincy', 'Anne')]
[2022-04-19 14:55:29,851] {taskinstance.py:1282} INFO - Marking task as SUCCESS. dag_id=hook_dag, task_id=hook_task, execution_date=20220419T145527, start_date=20220419T145529, end_date=20220419T145529
[2022-04-19 14:55:29,899] {local_task_job.py:154} INFO - Task exited with return code 0
[2022-04-19 14:55:29,931] {local_task_job.py:264} INFO - 2 downstream tasks scheduled from follow-on schedule check
