[2022-04-29 15:41:14,960] {taskinstance.py:1037} INFO - Dependencies all met for <TaskInstance: cso_2295_ipo_2_cso.py.check_system_target1 scheduled__2022-04-28T15:41:00+00:00 [queued]>
[2022-04-29 15:41:14,978] {taskinstance.py:1037} INFO - Dependencies all met for <TaskInstance: cso_2295_ipo_2_cso.py.check_system_target1 scheduled__2022-04-28T15:41:00+00:00 [queued]>
[2022-04-29 15:41:14,978] {taskinstance.py:1243} INFO - 
--------------------------------------------------------------------------------
[2022-04-29 15:41:14,978] {taskinstance.py:1244} INFO - Starting attempt 1 of 1
[2022-04-29 15:41:14,978] {taskinstance.py:1245} INFO - 
--------------------------------------------------------------------------------
[2022-04-29 15:41:14,987] {taskinstance.py:1264} INFO - Executing <Task(BranchPythonOperator): check_system_target1> on 2022-04-28 15:41:00+00:00
[2022-04-29 15:41:14,991] {standard_task_runner.py:52} INFO - Started process 4252 to run task
[2022-04-29 15:41:14,997] {standard_task_runner.py:76} INFO - Running: ['***', 'tasks', 'run', 'cso_2295_ipo_2_cso.py', 'check_system_target1', 'scheduled__2022-04-28T15:41:00+00:00', '--job-id', '1481', '--raw', '--subdir', 'DAGS_FOLDER/cso_2295/cso_2295_ipo_2_cso.py', '--cfg-path', '/tmp/tmp8up65lrt', '--error-file', '/tmp/tmpsedyjhcz']
[2022-04-29 15:41:14,997] {standard_task_runner.py:77} INFO - Job 1481: Subtask check_system_target1
[2022-04-29 15:41:15,047] {logging_mixin.py:109} INFO - Running <TaskInstance: cso_2295_ipo_2_cso.py.check_system_target1 scheduled__2022-04-28T15:41:00+00:00 [running]> on host 0936e4a14e76
[2022-04-29 15:41:15,114] {taskinstance.py:1431} INFO - Exporting the following env vars:
AIRFLOW_CTX_DAG_OWNER=***
AIRFLOW_CTX_DAG_ID=cso_2295_ipo_2_cso.py
AIRFLOW_CTX_TASK_ID=check_system_target1
AIRFLOW_CTX_EXECUTION_DATE=2022-04-28T15:41:00+00:00
AIRFLOW_CTX_DAG_RUN_ID=scheduled__2022-04-28T15:41:00+00:00
[2022-04-29 15:41:15,115] {python.py:175} INFO - Done. Returned value was: transfer_cso_org
[2022-04-29 15:41:15,115] {skipmixin.py:140} INFO - Following branch transfer_cso_org
[2022-04-29 15:41:15,115] {skipmixin.py:171} INFO - Skipping tasks ['log_err_access_target1']
[2022-04-29 15:41:15,158] {taskinstance.py:1282} INFO - Marking task as SUCCESS. dag_id=cso_2295_ipo_2_cso.py, task_id=check_system_target1, execution_date=20220428T154100, start_date=20220429T154114, end_date=20220429T154115
[2022-04-29 15:41:15,206] {local_task_job.py:154} INFO - Task exited with return code 0
[2022-04-29 15:41:15,246] {local_task_job.py:264} INFO - 1 downstream tasks scheduled from follow-on schedule check
