[2022-04-19 14:15:19,827] {taskinstance.py:1037} INFO - Dependencies all met for <TaskInstance: hook_dag.log_sensor_2 manual__2022-04-19T14:15:15.629326+00:00 [queued]>
[2022-04-19 14:15:19,838] {taskinstance.py:1037} INFO - Dependencies all met for <TaskInstance: hook_dag.log_sensor_2 manual__2022-04-19T14:15:15.629326+00:00 [queued]>
[2022-04-19 14:15:19,838] {taskinstance.py:1243} INFO - 
--------------------------------------------------------------------------------
[2022-04-19 14:15:19,838] {taskinstance.py:1244} INFO - Starting attempt 1 of 2
[2022-04-19 14:15:19,838] {taskinstance.py:1245} INFO - 
--------------------------------------------------------------------------------
[2022-04-19 14:15:19,846] {taskinstance.py:1264} INFO - Executing <Task(SqlSensor): log_sensor_2> on 2022-04-19 14:15:15.629326+00:00
[2022-04-19 14:15:19,852] {standard_task_runner.py:52} INFO - Started process 16363 to run task
[2022-04-19 14:15:19,854] {standard_task_runner.py:76} INFO - Running: ['***', 'tasks', 'run', 'hook_dag', 'log_sensor_2', 'manual__2022-04-19T14:15:15.629326+00:00', '--job-id', '491', '--raw', '--subdir', 'DAGS_FOLDER/hook_dag.py', '--cfg-path', '/tmp/tmpst3momts', '--error-file', '/tmp/tmpir3ma9bo']
[2022-04-19 14:15:19,855] {standard_task_runner.py:77} INFO - Job 491: Subtask log_sensor_2
[2022-04-19 14:15:19,915] {logging_mixin.py:109} INFO - Running <TaskInstance: hook_dag.log_sensor_2 manual__2022-04-19T14:15:15.629326+00:00 [running]> on host 22e04adb6bfa
[2022-04-19 14:15:19,967] {taskinstance.py:1431} INFO - Exporting the following env vars:
AIRFLOW_CTX_DAG_OWNER=***
AIRFLOW_CTX_DAG_ID=hook_dag
AIRFLOW_CTX_TASK_ID=log_sensor_2
AIRFLOW_CTX_EXECUTION_DATE=2022-04-19T14:15:15.629326+00:00
AIRFLOW_CTX_DAG_RUN_ID=manual__2022-04-19T14:15:15.629326+00:00
[2022-04-19 14:15:19,972] {base.py:79} INFO - Using connection to: id: postgres_default. Host: postgres, Port: 5432, Schema: ***, Login: ***, Password: ***, extra: {}
[2022-04-19 14:15:20,022] {sql.py:98} INFO - Poking: select case when q = 'true' then 1 else 0 end as q from  (
	select case when count(id)=0 then 'true' else 'false' end as q
	from list_flow_log
	where object_flow = 1 and status = 1
) t1; (with parameters None)
[2022-04-19 14:15:20,035] {base.py:79} INFO - Using connection to: id: postgres_default. Host: postgres, Port: 5432, Schema: ***, Login: ***, Password: ***, extra: {}
[2022-04-19 14:16:20,118] {base.py:79} INFO - Using connection to: id: postgres_default. Host: postgres, Port: 5432, Schema: ***, Login: ***, Password: ***, extra: {}
[2022-04-19 14:16:20,160] {sql.py:98} INFO - Poking: select case when q = 'true' then 1 else 0 end as q from  (
	select case when count(id)=0 then 'true' else 'false' end as q
	from list_flow_log
	where object_flow = 1 and status = 1
) t1; (with parameters None)
[2022-04-19 14:16:20,165] {base.py:79} INFO - Using connection to: id: postgres_default. Host: postgres, Port: 5432, Schema: ***, Login: ***, Password: ***, extra: {}
[2022-04-19 14:16:20,169] {base.py:251} INFO - Success criteria met. Exiting.
[2022-04-19 14:16:20,180] {taskinstance.py:1282} INFO - Marking task as SUCCESS. dag_id=hook_dag, task_id=log_sensor_2, execution_date=20220419T141515, start_date=20220419T141519, end_date=20220419T141620
[2022-04-19 14:16:20,204] {local_task_job.py:154} INFO - Task exited with return code 0
[2022-04-19 14:16:20,262] {local_task_job.py:264} INFO - 1 downstream tasks scheduled from follow-on schedule check
