[2022-04-05 21:18:46,854] {taskinstance.py:1037} INFO - Dependencies all met for <TaskInstance: hook_dag.hook_task manual__2022-04-05T21:17:43.640045+00:00 [queued]>
[2022-04-05 21:18:46,862] {taskinstance.py:1037} INFO - Dependencies all met for <TaskInstance: hook_dag.hook_task manual__2022-04-05T21:17:43.640045+00:00 [queued]>
[2022-04-05 21:18:46,863] {taskinstance.py:1243} INFO - 
--------------------------------------------------------------------------------
[2022-04-05 21:18:46,863] {taskinstance.py:1244} INFO - Starting attempt 2 of 2
[2022-04-05 21:18:46,863] {taskinstance.py:1245} INFO - 
--------------------------------------------------------------------------------
[2022-04-05 21:18:46,878] {taskinstance.py:1264} INFO - Executing <Task(PythonOperator): hook_task> on 2022-04-05 21:17:43.640045+00:00
[2022-04-05 21:18:46,881] {standard_task_runner.py:52} INFO - Started process 1103 to run task
[2022-04-05 21:18:46,885] {standard_task_runner.py:76} INFO - Running: ['***', 'tasks', 'run', 'hook_dag', 'hook_task', 'manual__2022-04-05T21:17:43.640045+00:00', '--job-id', '32', '--raw', '--subdir', 'DAGS_FOLDER/hook_dag.py', '--cfg-path', '/tmp/tmp5mg7_ilp', '--error-file', '/tmp/tmphifdkne3']
[2022-04-05 21:18:46,886] {standard_task_runner.py:77} INFO - Job 32: Subtask hook_task
[2022-04-05 21:18:46,934] {logging_mixin.py:109} INFO - Running <TaskInstance: hook_dag.hook_task manual__2022-04-05T21:17:43.640045+00:00 [running]> on host 13210251e6a6
[2022-04-05 21:18:46,981] {taskinstance.py:1431} INFO - Exporting the following env vars:
AIRFLOW_CTX_DAG_OWNER=***
AIRFLOW_CTX_DAG_ID=hook_dag
AIRFLOW_CTX_TASK_ID=hook_task
AIRFLOW_CTX_EXECUTION_DATE=2022-04-05T21:17:43.640045+00:00
AIRFLOW_CTX_DAG_RUN_ID=manual__2022-04-05T21:17:43.640045+00:00
[2022-04-05 21:18:46,989] {base.py:79} INFO - Using connection to: id: postgres_default. Host: postgres, Port: 5432, Schema: ***, Login: ***, Password: ***, extra: {}
[2022-04-05 21:18:46,994] {logging_mixin.py:109} INFO - Source: Max - activated: Jane
[2022-04-05 21:18:46,994] {logging_mixin.py:109} INFO - Source: Susie - activated: Phil
[2022-04-05 21:18:46,994] {logging_mixin.py:109} INFO - Source: Lester - activated: Lily
[2022-04-05 21:18:46,994] {logging_mixin.py:109} INFO - Source: Quincy - activated: Anne
[2022-04-05 21:18:46,994] {python.py:175} INFO - Done. Returned value was: [('Max', 'Jane'), ('Susie', 'Phil'), ('Lester', 'Lily'), ('Quincy', 'Anne')]
[2022-04-05 21:18:47,011] {taskinstance.py:1282} INFO - Marking task as SUCCESS. dag_id=hook_dag, task_id=hook_task, execution_date=20220405T211743, start_date=20220405T211846, end_date=20220405T211847
[2022-04-05 21:18:47,059] {local_task_job.py:154} INFO - Task exited with return code 0
[2022-04-05 21:18:47,081] {local_task_job.py:264} INFO - 0 downstream tasks scheduled from follow-on schedule check
