[2022-04-25 08:47:00,383] {taskinstance.py:1037} INFO - Dependencies all met for <TaskInstance: cso_2295_ipo_2_cso_xls.py.log_start1 manual__2022-04-25T08:46:57.683080+00:00 [queued]>
[2022-04-25 08:47:00,393] {taskinstance.py:1037} INFO - Dependencies all met for <TaskInstance: cso_2295_ipo_2_cso_xls.py.log_start1 manual__2022-04-25T08:46:57.683080+00:00 [queued]>
[2022-04-25 08:47:00,393] {taskinstance.py:1243} INFO - 
--------------------------------------------------------------------------------
[2022-04-25 08:47:00,393] {taskinstance.py:1244} INFO - Starting attempt 1 of 1
[2022-04-25 08:47:00,393] {taskinstance.py:1245} INFO - 
--------------------------------------------------------------------------------
[2022-04-25 08:47:00,403] {taskinstance.py:1264} INFO - Executing <Task(PostgresOperator): log_start1> on 2022-04-25 08:46:57.683080+00:00
[2022-04-25 08:47:00,407] {standard_task_runner.py:52} INFO - Started process 2542 to run task
[2022-04-25 08:47:00,411] {standard_task_runner.py:76} INFO - Running: ['***', 'tasks', 'run', 'cso_2295_ipo_2_cso_xls.py', 'log_start1', 'manual__2022-04-25T08:46:57.683080+00:00', '--job-id', '1187', '--raw', '--subdir', 'DAGS_FOLDER/cso_2295/cso_2295_ipo_2_cso_xls.py', '--cfg-path', '/tmp/tmpjqtcxwf7', '--error-file', '/tmp/tmpc_nxgno4']
[2022-04-25 08:47:00,412] {standard_task_runner.py:77} INFO - Job 1187: Subtask log_start1
[2022-04-25 08:47:00,457] {logging_mixin.py:109} INFO - Running <TaskInstance: cso_2295_ipo_2_cso_xls.py.log_start1 manual__2022-04-25T08:46:57.683080+00:00 [running]> on host 22e04adb6bfa
[2022-04-25 08:47:00,510] {taskinstance.py:1431} INFO - Exporting the following env vars:
AIRFLOW_CTX_DAG_OWNER=***
AIRFLOW_CTX_DAG_ID=cso_2295_ipo_2_cso_xls.py
AIRFLOW_CTX_TASK_ID=log_start1
AIRFLOW_CTX_EXECUTION_DATE=2022-04-25T08:46:57.683080+00:00
AIRFLOW_CTX_DAG_RUN_ID=manual__2022-04-25T08:46:57.683080+00:00
[2022-04-25 08:47:00,516] {base.py:79} INFO - Using connection to: id: postgres_default. Host: postgres, Port: 5432, Schema: ***, Login: ***, Password: ***, extra: {}
[2022-04-25 08:47:00,518] {dbapi.py:225} INFO - Running statement: do $$
declare
	q_stream integer;
begin  
	select 1 into q_stream
	from list_flow_log
	where object_flow = 0 and status = 1;
  
	if q_stream > 0 then
		raise exception 'IP-offline - The stream is blocked';
	else 
  		INSERT INTO list_flow_log (object_flow, t_start, status) VALUES(0, NOW(), 1);
	end if;

end $$, parameters: None
[2022-04-25 08:47:00,528] {taskinstance.py:1282} INFO - Marking task as SUCCESS. dag_id=cso_2295_ipo_2_cso_xls.py, task_id=log_start1, execution_date=20220425T084657, start_date=20220425T084700, end_date=20220425T084700
[2022-04-25 08:47:00,545] {local_task_job.py:154} INFO - Task exited with return code 0
[2022-04-25 08:47:00,573] {local_task_job.py:264} INFO - 1 downstream tasks scheduled from follow-on schedule check
