[2022-04-28 10:20:26,409] {taskinstance.py:1037} INFO - Dependencies all met for <TaskInstance: cso_2295_ipo_2_cso_bd.py.check_system_target1 manual__2022-04-28T10:20:11.525350+00:00 [queued]>
[2022-04-28 10:20:26,418] {taskinstance.py:1037} INFO - Dependencies all met for <TaskInstance: cso_2295_ipo_2_cso_bd.py.check_system_target1 manual__2022-04-28T10:20:11.525350+00:00 [queued]>
[2022-04-28 10:20:26,418] {taskinstance.py:1243} INFO - 
--------------------------------------------------------------------------------
[2022-04-28 10:20:26,418] {taskinstance.py:1244} INFO - Starting attempt 1 of 1
[2022-04-28 10:20:26,418] {taskinstance.py:1245} INFO - 
--------------------------------------------------------------------------------
[2022-04-28 10:20:26,426] {taskinstance.py:1264} INFO - Executing <Task(BranchPythonOperator): check_system_target1> on 2022-04-28 10:20:11.525350+00:00
[2022-04-28 10:20:26,430] {standard_task_runner.py:52} INFO - Started process 5730 to run task
[2022-04-28 10:20:26,432] {standard_task_runner.py:76} INFO - Running: ['***', 'tasks', 'run', 'cso_2295_ipo_2_cso_bd.py', 'check_system_target1', 'manual__2022-04-28T10:20:11.525350+00:00', '--job-id', '1325', '--raw', '--subdir', 'DAGS_FOLDER/cso_2295/cso_2295_ipo_2_cso_bd.py', '--cfg-path', '/tmp/tmp7mpusho6', '--error-file', '/tmp/tmp8kvvkwus']
[2022-04-28 10:20:26,432] {standard_task_runner.py:77} INFO - Job 1325: Subtask check_system_target1
[2022-04-28 10:20:26,469] {logging_mixin.py:109} INFO - Running <TaskInstance: cso_2295_ipo_2_cso_bd.py.check_system_target1 manual__2022-04-28T10:20:11.525350+00:00 [running]> on host 0936e4a14e76
[2022-04-28 10:20:26,506] {taskinstance.py:1431} INFO - Exporting the following env vars:
AIRFLOW_CTX_DAG_OWNER=***
AIRFLOW_CTX_DAG_ID=cso_2295_ipo_2_cso_bd.py
AIRFLOW_CTX_TASK_ID=check_system_target1
AIRFLOW_CTX_EXECUTION_DATE=2022-04-28T10:20:11.525350+00:00
AIRFLOW_CTX_DAG_RUN_ID=manual__2022-04-28T10:20:11.525350+00:00
[2022-04-28 10:20:26,507] {python.py:175} INFO - Done. Returned value was: transfer_cso_org
[2022-04-28 10:20:26,507] {skipmixin.py:140} INFO - Following branch transfer_cso_org
[2022-04-28 10:20:26,507] {skipmixin.py:171} INFO - Skipping tasks ['log_err_access_target1']
[2022-04-28 10:20:26,531] {taskinstance.py:1282} INFO - Marking task as SUCCESS. dag_id=cso_2295_ipo_2_cso_bd.py, task_id=check_system_target1, execution_date=20220428T102011, start_date=20220428T102026, end_date=20220428T102026
[2022-04-28 10:20:26,564] {local_task_job.py:154} INFO - Task exited with return code 0
[2022-04-28 10:20:26,589] {local_task_job.py:264} INFO - 1 downstream tasks scheduled from follow-on schedule check
