[2022-04-19 13:00:58,904] {taskinstance.py:1037} INFO - Dependencies all met for <TaskInstance: hook_dag.log_end_no_data_1 manual__2022-04-19T12:06:23.370270+00:00 [queued]>
[2022-04-19 13:00:58,916] {taskinstance.py:1037} INFO - Dependencies all met for <TaskInstance: hook_dag.log_end_no_data_1 manual__2022-04-19T12:06:23.370270+00:00 [queued]>
[2022-04-19 13:00:58,917] {taskinstance.py:1243} INFO - 
--------------------------------------------------------------------------------
[2022-04-19 13:00:58,917] {taskinstance.py:1244} INFO - Starting attempt 1 of 2
[2022-04-19 13:00:58,917] {taskinstance.py:1245} INFO - 
--------------------------------------------------------------------------------
[2022-04-19 13:00:58,930] {taskinstance.py:1264} INFO - Executing <Task(PostgresOperator): log_end_no_data_1> on 2022-04-19 12:06:23.370270+00:00
[2022-04-19 13:00:58,936] {standard_task_runner.py:52} INFO - Started process 12518 to run task
[2022-04-19 13:00:58,938] {standard_task_runner.py:76} INFO - Running: ['***', 'tasks', 'run', 'hook_dag', 'log_end_no_data_1', 'manual__2022-04-19T12:06:23.370270+00:00', '--job-id', '383', '--raw', '--subdir', 'DAGS_FOLDER/hook_dag.py', '--cfg-path', '/tmp/tmp9b9915nv', '--error-file', '/tmp/tmp_neu12ur']
[2022-04-19 13:00:58,939] {standard_task_runner.py:77} INFO - Job 383: Subtask log_end_no_data_1
[2022-04-19 13:00:59,003] {logging_mixin.py:109} INFO - Running <TaskInstance: hook_dag.log_end_no_data_1 manual__2022-04-19T12:06:23.370270+00:00 [running]> on host 22e04adb6bfa
[2022-04-19 13:00:59,109] {taskinstance.py:1431} INFO - Exporting the following env vars:
AIRFLOW_CTX_DAG_OWNER=***
AIRFLOW_CTX_DAG_ID=hook_dag
AIRFLOW_CTX_TASK_ID=log_end_no_data_1
AIRFLOW_CTX_EXECUTION_DATE=2022-04-19T12:06:23.370270+00:00
AIRFLOW_CTX_DAG_RUN_ID=manual__2022-04-19T12:06:23.370270+00:00
[2022-04-19 13:00:59,115] {base.py:79} INFO - Using connection to: id: postgres_default. Host: postgres, Port: 5432, Schema: ***, Login: ***, Password: ***, extra: {}
[2022-04-19 13:00:59,118] {dbapi.py:225} INFO - Running statement: UPDATE list_flow_log
SET q_source=null, q_target=null, t_end=NOW(), status=2, optional_key=null, comment = 'not_new_data'
where id = 12;
, parameters: None
[2022-04-19 13:00:59,139] {dbapi.py:233} INFO - Rows affected: 1
[2022-04-19 13:00:59,149] {taskinstance.py:1282} INFO - Marking task as SUCCESS. dag_id=hook_dag, task_id=log_end_no_data_1, execution_date=20220419T120623, start_date=20220419T130058, end_date=20220419T130059
[2022-04-19 13:00:59,193] {local_task_job.py:154} INFO - Task exited with return code 0
[2022-04-19 13:00:59,215] {local_task_job.py:264} INFO - 0 downstream tasks scheduled from follow-on schedule check
