[2022-04-28 15:38:07,993] {taskinstance.py:1037} INFO - Dependencies all met for <TaskInstance: cso_2295_ipo_2_cso_bd.py.log_start1 manual__2022-04-28T15:38:05.519749+00:00 [queued]>
[2022-04-28 15:38:08,011] {taskinstance.py:1037} INFO - Dependencies all met for <TaskInstance: cso_2295_ipo_2_cso_bd.py.log_start1 manual__2022-04-28T15:38:05.519749+00:00 [queued]>
[2022-04-28 15:38:08,011] {taskinstance.py:1243} INFO - 
--------------------------------------------------------------------------------
[2022-04-28 15:38:08,011] {taskinstance.py:1244} INFO - Starting attempt 1 of 1
[2022-04-28 15:38:08,011] {taskinstance.py:1245} INFO - 
--------------------------------------------------------------------------------
[2022-04-28 15:38:08,020] {taskinstance.py:1264} INFO - Executing <Task(PostgresOperator): log_start1> on 2022-04-28 15:38:05.519749+00:00
[2022-04-28 15:38:08,023] {standard_task_runner.py:52} INFO - Started process 21034 to run task
[2022-04-28 15:38:08,026] {standard_task_runner.py:76} INFO - Running: ['***', 'tasks', 'run', 'cso_2295_ipo_2_cso_bd.py', 'log_start1', 'manual__2022-04-28T15:38:05.519749+00:00', '--job-id', '1343', '--raw', '--subdir', 'DAGS_FOLDER/cso_2295/cso_2295_ipo_2_cso_bd.py', '--cfg-path', '/tmp/tmp4m9xxq_7', '--error-file', '/tmp/tmpdpvwlke3']
[2022-04-28 15:38:08,026] {standard_task_runner.py:77} INFO - Job 1343: Subtask log_start1
[2022-04-28 15:38:08,120] {logging_mixin.py:109} INFO - Running <TaskInstance: cso_2295_ipo_2_cso_bd.py.log_start1 manual__2022-04-28T15:38:05.519749+00:00 [running]> on host 0936e4a14e76
[2022-04-28 15:38:08,228] {taskinstance.py:1431} INFO - Exporting the following env vars:
AIRFLOW_CTX_DAG_OWNER=***
AIRFLOW_CTX_DAG_ID=cso_2295_ipo_2_cso_bd.py
AIRFLOW_CTX_TASK_ID=log_start1
AIRFLOW_CTX_EXECUTION_DATE=2022-04-28T15:38:05.519749+00:00
AIRFLOW_CTX_DAG_RUN_ID=manual__2022-04-28T15:38:05.519749+00:00
[2022-04-28 15:38:08,244] {base.py:79} INFO - Using connection to: id: postgres_default. Host: postgres, Port: 5432, Schema: ***, Login: ***, Password: ***, extra: {}
[2022-04-28 15:38:08,248] {dbapi.py:225} INFO - Running statement: do $$
declare
	q_stream integer;
begin  
	select 1 into q_stream
	from list_flow_log
	where object_flow = 0 and status = 1;
  
	if q_stream > 0 then
		raise exception 'IP-offline - The stream is blocked';
	else 
  		INSERT INTO list_flow_log (object_flow, t_start, status) VALUES(0, NOW(), 1);
	end if;

end $$, parameters: None
[2022-04-28 15:38:08,263] {taskinstance.py:1282} INFO - Marking task as SUCCESS. dag_id=cso_2295_ipo_2_cso_bd.py, task_id=log_start1, execution_date=20220428T153805, start_date=20220428T153807, end_date=20220428T153808
[2022-04-28 15:38:08,287] {local_task_job.py:154} INFO - Task exited with return code 0
[2022-04-28 15:38:08,331] {local_task_job.py:264} INFO - 1 downstream tasks scheduled from follow-on schedule check
