[2022-04-26 15:41:23,466] {taskinstance.py:1037} INFO - Dependencies all met for <TaskInstance: cso_2295_ipo_2_cso.py.sleep scheduled__2022-04-25T15:41:00+00:00 [queued]>
[2022-04-26 15:41:23,481] {taskinstance.py:1037} INFO - Dependencies all met for <TaskInstance: cso_2295_ipo_2_cso.py.sleep scheduled__2022-04-25T15:41:00+00:00 [queued]>
[2022-04-26 15:41:23,481] {taskinstance.py:1243} INFO - 
--------------------------------------------------------------------------------
[2022-04-26 15:41:23,481] {taskinstance.py:1244} INFO - Starting attempt 1 of 1
[2022-04-26 15:41:23,481] {taskinstance.py:1245} INFO - 
--------------------------------------------------------------------------------
[2022-04-26 15:41:23,558] {taskinstance.py:1264} INFO - Executing <Task(BashOperator): sleep> on 2022-04-25 15:41:00+00:00
[2022-04-26 15:41:23,566] {standard_task_runner.py:76} INFO - Running: ['***', 'tasks', 'run', 'cso_2295_ipo_2_cso.py', 'sleep', 'scheduled__2022-04-25T15:41:00+00:00', '--job-id', '1271', '--raw', '--subdir', 'DAGS_FOLDER/cso_2295/cso_2295_ipo_2_cso.py', '--cfg-path', '/tmp/tmpk993dj7i', '--error-file', '/tmp/tmphbxdqavf']
[2022-04-26 15:41:23,563] {standard_task_runner.py:52} INFO - Started process 1074 to run task
[2022-04-26 15:41:23,571] {standard_task_runner.py:77} INFO - Job 1271: Subtask sleep
[2022-04-26 15:41:23,726] {logging_mixin.py:109} INFO - Running <TaskInstance: cso_2295_ipo_2_cso.py.sleep scheduled__2022-04-25T15:41:00+00:00 [running]> on host db7736b5b8d2
[2022-04-26 15:41:25,459] {taskinstance.py:1431} INFO - Exporting the following env vars:
AIRFLOW_CTX_DAG_OWNER=***
AIRFLOW_CTX_DAG_ID=cso_2295_ipo_2_cso.py
AIRFLOW_CTX_TASK_ID=sleep
AIRFLOW_CTX_EXECUTION_DATE=2022-04-25T15:41:00+00:00
AIRFLOW_CTX_DAG_RUN_ID=scheduled__2022-04-25T15:41:00+00:00
[2022-04-26 15:41:25,459] {subprocess.py:62} INFO - Tmp dir root location: 
 /tmp
[2022-04-26 15:41:25,460] {subprocess.py:74} INFO - Running command: ['bash', '-c', 'sleep 5']
[2022-04-26 15:41:25,469] {subprocess.py:85} INFO - Output:
[2022-04-26 15:41:30,912] {subprocess.py:93} INFO - Command exited with return code 0
[2022-04-26 15:41:31,079] {taskinstance.py:1282} INFO - Marking task as SUCCESS. dag_id=cso_2295_ipo_2_cso.py, task_id=sleep, execution_date=20220425T154100, start_date=20220426T154123, end_date=20220426T154131
[2022-04-26 15:41:31,249] {local_task_job.py:154} INFO - Task exited with return code 0
[2022-04-26 15:41:31,457] {local_task_job.py:264} INFO - 1 downstream tasks scheduled from follow-on schedule check
