[2022-04-25 08:45:36,452] {taskinstance.py:1037} INFO - Dependencies all met for <TaskInstance: cso_2295_ipo_2_cso_xls.py.branching3 manual__2022-04-25T08:45:14.704898+00:00 [queued]>
[2022-04-25 08:45:36,482] {taskinstance.py:1037} INFO - Dependencies all met for <TaskInstance: cso_2295_ipo_2_cso_xls.py.branching3 manual__2022-04-25T08:45:14.704898+00:00 [queued]>
[2022-04-25 08:45:36,482] {taskinstance.py:1243} INFO - 
--------------------------------------------------------------------------------
[2022-04-25 08:45:36,482] {taskinstance.py:1244} INFO - Starting attempt 1 of 1
[2022-04-25 08:45:36,482] {taskinstance.py:1245} INFO - 
--------------------------------------------------------------------------------
[2022-04-25 08:45:36,500] {taskinstance.py:1264} INFO - Executing <Task(BranchPythonOperator): branching3> on 2022-04-25 08:45:14.704898+00:00
[2022-04-25 08:45:36,515] {standard_task_runner.py:52} INFO - Started process 2448 to run task
[2022-04-25 08:45:36,517] {standard_task_runner.py:76} INFO - Running: ['***', 'tasks', 'run', 'cso_2295_ipo_2_cso_xls.py', 'branching3', 'manual__2022-04-25T08:45:14.704898+00:00', '--job-id', '1175', '--raw', '--subdir', 'DAGS_FOLDER/cso_2295/cso_2295_ipo_2_cso_xls.py', '--cfg-path', '/tmp/tmp7qwyph9u', '--error-file', '/tmp/tmpx45_adfd']
[2022-04-25 08:45:36,517] {standard_task_runner.py:77} INFO - Job 1175: Subtask branching3
[2022-04-25 08:45:36,635] {logging_mixin.py:109} INFO - Running <TaskInstance: cso_2295_ipo_2_cso_xls.py.branching3 manual__2022-04-25T08:45:14.704898+00:00 [running]> on host 22e04adb6bfa
[2022-04-25 08:45:36,695] {taskinstance.py:1431} INFO - Exporting the following env vars:
AIRFLOW_CTX_DAG_OWNER=***
AIRFLOW_CTX_DAG_ID=cso_2295_ipo_2_cso_xls.py
AIRFLOW_CTX_TASK_ID=branching3
AIRFLOW_CTX_EXECUTION_DATE=2022-04-25T08:45:14.704898+00:00
AIRFLOW_CTX_DAG_RUN_ID=manual__2022-04-25T08:45:14.704898+00:00
[2022-04-25 08:45:36,696] {python.py:175} INFO - Done. Returned value was: transfer_cso_calendar
[2022-04-25 08:45:36,696] {skipmixin.py:140} INFO - Following branch transfer_cso_calendar
[2022-04-25 08:45:36,696] {skipmixin.py:171} INFO - Skipping tasks ['log_end_no_data3']
[2022-04-25 08:45:36,754] {taskinstance.py:1282} INFO - Marking task as SUCCESS. dag_id=cso_2295_ipo_2_cso_xls.py, task_id=branching3, execution_date=20220425T084514, start_date=20220425T084536, end_date=20220425T084536
[2022-04-25 08:45:36,790] {local_task_job.py:154} INFO - Task exited with return code 0
[2022-04-25 08:45:36,878] {local_task_job.py:264} INFO - 1 downstream tasks scheduled from follow-on schedule check
