[2022-04-22 13:41:40,228] {taskinstance.py:1037} INFO - Dependencies all met for <TaskInstance: cso_2295_ipo_2_cso_xls.py.getid1 scheduled__2022-04-20T15:41:00+00:00 [queued]>
[2022-04-22 13:41:40,236] {taskinstance.py:1037} INFO - Dependencies all met for <TaskInstance: cso_2295_ipo_2_cso_xls.py.getid1 scheduled__2022-04-20T15:41:00+00:00 [queued]>
[2022-04-22 13:41:40,236] {taskinstance.py:1243} INFO - 
--------------------------------------------------------------------------------
[2022-04-22 13:41:40,237] {taskinstance.py:1244} INFO - Starting attempt 1 of 1
[2022-04-22 13:41:40,237] {taskinstance.py:1245} INFO - 
--------------------------------------------------------------------------------
[2022-04-22 13:41:40,388] {taskinstance.py:1264} INFO - Executing <Task(PythonOperator): getid1> on 2022-04-20 15:41:00+00:00
[2022-04-22 13:41:40,397] {standard_task_runner.py:76} INFO - Running: ['***', 'tasks', 'run', 'cso_2295_ipo_2_cso_xls.py', 'getid1', 'scheduled__2022-04-20T15:41:00+00:00', '--job-id', '1029', '--raw', '--subdir', 'DAGS_FOLDER/cso_2295/cso_2295_ipo_2_cso_xls.py', '--cfg-path', '/tmp/tmpkg2bbj8e', '--error-file', '/tmp/tmpa4buqk_0']
[2022-04-22 13:41:40,398] {standard_task_runner.py:77} INFO - Job 1029: Subtask getid1
[2022-04-22 13:41:40,402] {standard_task_runner.py:52} INFO - Started process 13770 to run task
[2022-04-22 13:41:40,508] {logging_mixin.py:109} INFO - Running <TaskInstance: cso_2295_ipo_2_cso_xls.py.getid1 scheduled__2022-04-20T15:41:00+00:00 [running]> on host 22e04adb6bfa
[2022-04-22 13:41:40,765] {taskinstance.py:1431} INFO - Exporting the following env vars:
AIRFLOW_CTX_DAG_OWNER=***
AIRFLOW_CTX_DAG_ID=cso_2295_ipo_2_cso_xls.py
AIRFLOW_CTX_TASK_ID=getid1
AIRFLOW_CTX_EXECUTION_DATE=2022-04-20T15:41:00+00:00
AIRFLOW_CTX_DAG_RUN_ID=scheduled__2022-04-20T15:41:00+00:00
[2022-04-22 13:41:40,793] {base.py:79} INFO - Using connection to: id: postgres_default. Host: postgres, Port: 5432, Schema: ***, Login: ***, Password: ***, extra: {}
[2022-04-22 13:41:40,848] {python.py:175} INFO - Done. Returned value was: None
[2022-04-22 13:41:40,877] {taskinstance.py:1282} INFO - Marking task as SUCCESS. dag_id=cso_2295_ipo_2_cso_xls.py, task_id=getid1, execution_date=20220420T154100, start_date=20220422T134140, end_date=20220422T134140
[2022-04-22 13:41:40,973] {local_task_job.py:154} INFO - Task exited with return code 0
[2022-04-22 13:41:41,023] {local_task_job.py:264} INFO - 1 downstream tasks scheduled from follow-on schedule check
