[2022-04-05 20:29:37,558] {taskinstance.py:1037} INFO - Dependencies all met for <TaskInstance: my_project.training_model_B manual__2022-04-05T20:29:35.953661+00:00 [queued]>
[2022-04-05 20:29:37,594] {taskinstance.py:1037} INFO - Dependencies all met for <TaskInstance: my_project.training_model_B manual__2022-04-05T20:29:35.953661+00:00 [queued]>
[2022-04-05 20:29:37,594] {taskinstance.py:1243} INFO - 
--------------------------------------------------------------------------------
[2022-04-05 20:29:37,594] {taskinstance.py:1244} INFO - Starting attempt 1 of 1
[2022-04-05 20:29:37,594] {taskinstance.py:1245} INFO - 
--------------------------------------------------------------------------------
[2022-04-05 20:29:37,609] {taskinstance.py:1264} INFO - Executing <Task(PythonOperator): training_model_B> on 2022-04-05 20:29:35.953661+00:00
[2022-04-05 20:29:37,612] {standard_task_runner.py:52} INFO - Started process 374 to run task
[2022-04-05 20:29:37,619] {standard_task_runner.py:76} INFO - Running: ['***', 'tasks', 'run', 'my_project', 'training_model_B', 'manual__2022-04-05T20:29:35.953661+00:00', '--job-id', '8', '--raw', '--subdir', 'DAGS_FOLDER/my_project.py', '--cfg-path', '/tmp/tmpt8mxak_3', '--error-file', '/tmp/tmp62yu0ij1']
[2022-04-05 20:29:37,628] {standard_task_runner.py:77} INFO - Job 8: Subtask training_model_B
[2022-04-05 20:29:37,800] {logging_mixin.py:109} INFO - Running <TaskInstance: my_project.training_model_B manual__2022-04-05T20:29:35.953661+00:00 [running]> on host 13210251e6a6
[2022-04-05 20:29:38,032] {taskinstance.py:1431} INFO - Exporting the following env vars:
AIRFLOW_CTX_DAG_OWNER=***
AIRFLOW_CTX_DAG_ID=my_project
AIRFLOW_CTX_TASK_ID=training_model_B
AIRFLOW_CTX_EXECUTION_DATE=2022-04-05T20:29:35.953661+00:00
AIRFLOW_CTX_DAG_RUN_ID=manual__2022-04-05T20:29:35.953661+00:00
[2022-04-05 20:29:38,032] {python.py:175} INFO - Done. Returned value was: 9
[2022-04-05 20:29:38,087] {taskinstance.py:1282} INFO - Marking task as SUCCESS. dag_id=my_project, task_id=training_model_B, execution_date=20220405T202935, start_date=20220405T202937, end_date=20220405T202938
[2022-04-05 20:29:38,164] {local_task_job.py:154} INFO - Task exited with return code 0
[2022-04-05 20:29:38,215] {local_task_job.py:264} INFO - 0 downstream tasks scheduled from follow-on schedule check
