[2022-04-19 14:31:01,352] {taskinstance.py:1037} INFO - Dependencies all met for <TaskInstance: hook_dag.branching_xml manual__2022-04-19T14:29:48.245067+00:00 [queued]>
[2022-04-19 14:31:01,366] {taskinstance.py:1037} INFO - Dependencies all met for <TaskInstance: hook_dag.branching_xml manual__2022-04-19T14:29:48.245067+00:00 [queued]>
[2022-04-19 14:31:01,366] {taskinstance.py:1243} INFO - 
--------------------------------------------------------------------------------
[2022-04-19 14:31:01,366] {taskinstance.py:1244} INFO - Starting attempt 1 of 2
[2022-04-19 14:31:01,366] {taskinstance.py:1245} INFO - 
--------------------------------------------------------------------------------
[2022-04-19 14:31:01,374] {taskinstance.py:1264} INFO - Executing <Task(BranchPythonOperator): branching_xml> on 2022-04-19 14:29:48.245067+00:00
[2022-04-19 14:31:01,379] {standard_task_runner.py:52} INFO - Started process 17153 to run task
[2022-04-19 14:31:01,384] {standard_task_runner.py:76} INFO - Running: ['***', 'tasks', 'run', 'hook_dag', 'branching_xml', 'manual__2022-04-19T14:29:48.245067+00:00', '--job-id', '511', '--raw', '--subdir', 'DAGS_FOLDER/hook_dag.py', '--cfg-path', '/tmp/tmp_hheoiw5', '--error-file', '/tmp/tmp7hb10jny']
[2022-04-19 14:31:01,384] {standard_task_runner.py:77} INFO - Job 511: Subtask branching_xml
[2022-04-19 14:31:01,440] {logging_mixin.py:109} INFO - Running <TaskInstance: hook_dag.branching_xml manual__2022-04-19T14:29:48.245067+00:00 [running]> on host 22e04adb6bfa
[2022-04-19 14:31:01,489] {taskinstance.py:1431} INFO - Exporting the following env vars:
AIRFLOW_CTX_DAG_OWNER=***
AIRFLOW_CTX_DAG_ID=hook_dag
AIRFLOW_CTX_TASK_ID=branching_xml
AIRFLOW_CTX_EXECUTION_DATE=2022-04-19T14:29:48.245067+00:00
AIRFLOW_CTX_DAG_RUN_ID=manual__2022-04-19T14:29:48.245067+00:00
[2022-04-19 14:31:01,495] {python.py:175} INFO - Done. Returned value was: transfer_xml
[2022-04-19 14:31:01,495] {skipmixin.py:140} INFO - Following branch transfer_xml
[2022-04-19 14:31:01,495] {skipmixin.py:171} INFO - Skipping tasks ['log_end_no_data_1']
[2022-04-19 14:31:01,532] {taskinstance.py:1282} INFO - Marking task as SUCCESS. dag_id=hook_dag, task_id=branching_xml, execution_date=20220419T142948, start_date=20220419T143101, end_date=20220419T143101
[2022-04-19 14:31:01,561] {local_task_job.py:154} INFO - Task exited with return code 0
[2022-04-19 14:31:01,588] {local_task_job.py:264} INFO - 1 downstream tasks scheduled from follow-on schedule check
