[2022-04-25 08:46:59,296] {taskinstance.py:1037} INFO - Dependencies all met for <TaskInstance: cso_2295_ipo_2_cso_xls.py.sleep manual__2022-04-25T08:46:57.683080+00:00 [queued]>
[2022-04-25 08:46:59,305] {taskinstance.py:1037} INFO - Dependencies all met for <TaskInstance: cso_2295_ipo_2_cso_xls.py.sleep manual__2022-04-25T08:46:57.683080+00:00 [queued]>
[2022-04-25 08:46:59,305] {taskinstance.py:1243} INFO - 
--------------------------------------------------------------------------------
[2022-04-25 08:46:59,305] {taskinstance.py:1244} INFO - Starting attempt 1 of 1
[2022-04-25 08:46:59,305] {taskinstance.py:1245} INFO - 
--------------------------------------------------------------------------------
[2022-04-25 08:46:59,313] {taskinstance.py:1264} INFO - Executing <Task(BashOperator): sleep> on 2022-04-25 08:46:57.683080+00:00
[2022-04-25 08:46:59,351] {standard_task_runner.py:52} INFO - Started process 2534 to run task
[2022-04-25 08:46:59,353] {standard_task_runner.py:76} INFO - Running: ['***', 'tasks', 'run', 'cso_2295_ipo_2_cso_xls.py', 'sleep', 'manual__2022-04-25T08:46:57.683080+00:00', '--job-id', '1184', '--raw', '--subdir', 'DAGS_FOLDER/cso_2295/cso_2295_ipo_2_cso_xls.py', '--cfg-path', '/tmp/tmp9xvuh4xw', '--error-file', '/tmp/tmpn_9_7_on']
[2022-04-25 08:46:59,362] {standard_task_runner.py:77} INFO - Job 1184: Subtask sleep
[2022-04-25 08:46:59,443] {logging_mixin.py:109} INFO - Running <TaskInstance: cso_2295_ipo_2_cso_xls.py.sleep manual__2022-04-25T08:46:57.683080+00:00 [running]> on host 22e04adb6bfa
[2022-04-25 08:46:59,496] {taskinstance.py:1431} INFO - Exporting the following env vars:
AIRFLOW_CTX_DAG_OWNER=***
AIRFLOW_CTX_DAG_ID=cso_2295_ipo_2_cso_xls.py
AIRFLOW_CTX_TASK_ID=sleep
AIRFLOW_CTX_EXECUTION_DATE=2022-04-25T08:46:57.683080+00:00
AIRFLOW_CTX_DAG_RUN_ID=manual__2022-04-25T08:46:57.683080+00:00
[2022-04-25 08:46:59,497] {subprocess.py:62} INFO - Tmp dir root location: 
 /tmp
[2022-04-25 08:46:59,497] {subprocess.py:74} INFO - Running command: ['bash', '-c', 'sleep 5']
[2022-04-25 08:46:59,507] {subprocess.py:85} INFO - Output:
[2022-04-25 08:47:04,509] {subprocess.py:93} INFO - Command exited with return code 0
[2022-04-25 08:47:04,554] {taskinstance.py:1282} INFO - Marking task as SUCCESS. dag_id=cso_2295_ipo_2_cso_xls.py, task_id=sleep, execution_date=20220425T084657, start_date=20220425T084659, end_date=20220425T084704
[2022-04-25 08:47:04,610] {local_task_job.py:154} INFO - Task exited with return code 0
[2022-04-25 08:47:04,649] {local_task_job.py:264} INFO - 1 downstream tasks scheduled from follow-on schedule check
