[2022-04-19 13:03:28,544] {taskinstance.py:1037} INFO - Dependencies all met for <TaskInstance: hook_dag.log_start_1 manual__2022-04-19T13:03:21.233989+00:00 [queued]>
[2022-04-19 13:03:28,553] {taskinstance.py:1037} INFO - Dependencies all met for <TaskInstance: hook_dag.log_start_1 manual__2022-04-19T13:03:21.233989+00:00 [queued]>
[2022-04-19 13:03:28,553] {taskinstance.py:1243} INFO - 
--------------------------------------------------------------------------------
[2022-04-19 13:03:28,553] {taskinstance.py:1244} INFO - Starting attempt 1 of 2
[2022-04-19 13:03:28,553] {taskinstance.py:1245} INFO - 
--------------------------------------------------------------------------------
[2022-04-19 13:03:28,561] {taskinstance.py:1264} INFO - Executing <Task(PostgresOperator): log_start_1> on 2022-04-19 13:03:21.233989+00:00
[2022-04-19 13:03:28,565] {standard_task_runner.py:52} INFO - Started process 12647 to run task
[2022-04-19 13:03:28,568] {standard_task_runner.py:76} INFO - Running: ['***', 'tasks', 'run', 'hook_dag', 'log_start_1', 'manual__2022-04-19T13:03:21.233989+00:00', '--job-id', '387', '--raw', '--subdir', 'DAGS_FOLDER/hook_dag.py', '--cfg-path', '/tmp/tmp4olgip0r', '--error-file', '/tmp/tmpv1fn9zkf']
[2022-04-19 13:03:28,568] {standard_task_runner.py:77} INFO - Job 387: Subtask log_start_1
[2022-04-19 13:03:28,618] {logging_mixin.py:109} INFO - Running <TaskInstance: hook_dag.log_start_1 manual__2022-04-19T13:03:21.233989+00:00 [running]> on host 22e04adb6bfa
[2022-04-19 13:03:28,659] {taskinstance.py:1431} INFO - Exporting the following env vars:
AIRFLOW_CTX_DAG_OWNER=***
AIRFLOW_CTX_DAG_ID=hook_dag
AIRFLOW_CTX_TASK_ID=log_start_1
AIRFLOW_CTX_EXECUTION_DATE=2022-04-19T13:03:21.233989+00:00
AIRFLOW_CTX_DAG_RUN_ID=manual__2022-04-19T13:03:21.233989+00:00
[2022-04-19 13:03:28,665] {base.py:79} INFO - Using connection to: id: postgres_default. Host: postgres, Port: 5432, Schema: ***, Login: ***, Password: ***, extra: {}
[2022-04-19 13:03:28,668] {dbapi.py:225} INFO - Running statement: do $$
declare
	q_stream integer;
begin  
	select 1 into q_stream
	from list_flow_log
	where object_flow = 1 and status = 1;
  
	if q_stream > 0 then
		raise exception 'IP-offline - The stream is blocked';
	else 
  		INSERT INTO list_flow_log (object_flow, t_start, status) VALUES(1, NOW(), 1);
	end if;

end $$, parameters: None
[2022-04-19 13:03:28,681] {taskinstance.py:1282} INFO - Marking task as SUCCESS. dag_id=hook_dag, task_id=log_start_1, execution_date=20220419T130321, start_date=20220419T130328, end_date=20220419T130328
[2022-04-19 13:03:28,740] {local_task_job.py:154} INFO - Task exited with return code 0
[2022-04-19 13:03:28,840] {local_task_job.py:264} INFO - 1 downstream tasks scheduled from follow-on schedule check
