[2022-04-20 14:31:34,340] {taskinstance.py:1037} INFO - Dependencies all met for <TaskInstance: hook_dag.getid_1 scheduled__2022-04-20T14:25:12+00:00 [queued]>
[2022-04-20 14:31:34,384] {taskinstance.py:1037} INFO - Dependencies all met for <TaskInstance: hook_dag.getid_1 scheduled__2022-04-20T14:25:12+00:00 [queued]>
[2022-04-20 14:31:34,384] {taskinstance.py:1243} INFO - 
--------------------------------------------------------------------------------
[2022-04-20 14:31:34,384] {taskinstance.py:1244} INFO - Starting attempt 2 of 2
[2022-04-20 14:31:34,384] {taskinstance.py:1245} INFO - 
--------------------------------------------------------------------------------
[2022-04-20 14:31:34,398] {taskinstance.py:1264} INFO - Executing <Task(PythonOperator): getid_1> on 2022-04-20 14:25:12+00:00
[2022-04-20 14:31:34,405] {standard_task_runner.py:52} INFO - Started process 19204 to run task
[2022-04-20 14:31:34,417] {standard_task_runner.py:76} INFO - Running: ['***', 'tasks', 'run', 'hook_dag', 'getid_1', 'scheduled__2022-04-20T14:25:12+00:00', '--job-id', '640', '--raw', '--subdir', 'DAGS_FOLDER/hook_dag.py', '--cfg-path', '/tmp/tmp4lrnuc6i', '--error-file', '/tmp/tmpy2bniajq']
[2022-04-20 14:31:34,418] {standard_task_runner.py:77} INFO - Job 640: Subtask getid_1
[2022-04-20 14:31:34,530] {logging_mixin.py:109} INFO - Running <TaskInstance: hook_dag.getid_1 scheduled__2022-04-20T14:25:12+00:00 [running]> on host 22e04adb6bfa
[2022-04-20 14:31:34,680] {taskinstance.py:1431} INFO - Exporting the following env vars:
AIRFLOW_CTX_DAG_OWNER=***
AIRFLOW_CTX_DAG_ID=hook_dag
AIRFLOW_CTX_TASK_ID=getid_1
AIRFLOW_CTX_EXECUTION_DATE=2022-04-20T14:25:12+00:00
AIRFLOW_CTX_DAG_RUN_ID=scheduled__2022-04-20T14:25:12+00:00
[2022-04-20 14:31:34,690] {base.py:79} INFO - Using connection to: id: postgres_default. Host: postgres, Port: 5432, Schema: ***, Login: ***, Password: ***, extra: {}
[2022-04-20 14:31:34,722] {python.py:175} INFO - Done. Returned value was: None
[2022-04-20 14:31:34,754] {taskinstance.py:1282} INFO - Marking task as SUCCESS. dag_id=hook_dag, task_id=getid_1, execution_date=20220420T142512, start_date=20220420T143134, end_date=20220420T143134
[2022-04-20 14:31:34,795] {local_task_job.py:154} INFO - Task exited with return code 0
[2022-04-20 14:31:35,060] {local_task_job.py:264} INFO - 0 downstream tasks scheduled from follow-on schedule check
