[2022-04-25 08:16:35,979] {taskinstance.py:1037} INFO - Dependencies all met for <TaskInstance: cso_2295_ipo_2_cso_xls.py.check_system_target1 manual__2022-04-25T08:14:20.098498+00:00 [queued]>
[2022-04-25 08:16:35,988] {taskinstance.py:1037} INFO - Dependencies all met for <TaskInstance: cso_2295_ipo_2_cso_xls.py.check_system_target1 manual__2022-04-25T08:14:20.098498+00:00 [queued]>
[2022-04-25 08:16:35,988] {taskinstance.py:1243} INFO - 
--------------------------------------------------------------------------------
[2022-04-25 08:16:35,988] {taskinstance.py:1244} INFO - Starting attempt 1 of 1
[2022-04-25 08:16:35,988] {taskinstance.py:1245} INFO - 
--------------------------------------------------------------------------------
[2022-04-25 08:16:35,996] {taskinstance.py:1264} INFO - Executing <Task(BranchPythonOperator): check_system_target1> on 2022-04-25 08:14:20.098498+00:00
[2022-04-25 08:16:36,000] {standard_task_runner.py:52} INFO - Started process 806 to run task
[2022-04-25 08:16:36,002] {standard_task_runner.py:76} INFO - Running: ['***', 'tasks', 'run', 'cso_2295_ipo_2_cso_xls.py', 'check_system_target1', 'manual__2022-04-25T08:14:20.098498+00:00', '--job-id', '1102', '--raw', '--subdir', 'DAGS_FOLDER/cso_2295/cso_2295_ipo_2_cso_xls.py', '--cfg-path', '/tmp/tmp4f86ph6q', '--error-file', '/tmp/tmpa9rrnfen']
[2022-04-25 08:16:36,003] {standard_task_runner.py:77} INFO - Job 1102: Subtask check_system_target1
[2022-04-25 08:16:36,036] {logging_mixin.py:109} INFO - Running <TaskInstance: cso_2295_ipo_2_cso_xls.py.check_system_target1 manual__2022-04-25T08:14:20.098498+00:00 [running]> on host 22e04adb6bfa
[2022-04-25 08:16:36,071] {taskinstance.py:1431} INFO - Exporting the following env vars:
AIRFLOW_CTX_DAG_OWNER=***
AIRFLOW_CTX_DAG_ID=cso_2295_ipo_2_cso_xls.py
AIRFLOW_CTX_TASK_ID=check_system_target1
AIRFLOW_CTX_EXECUTION_DATE=2022-04-25T08:14:20.098498+00:00
AIRFLOW_CTX_DAG_RUN_ID=manual__2022-04-25T08:14:20.098498+00:00
[2022-04-25 08:16:36,071] {python.py:175} INFO - Done. Returned value was: branching1
[2022-04-25 08:16:36,071] {skipmixin.py:140} INFO - Following branch branching1
[2022-04-25 08:16:36,072] {skipmixin.py:171} INFO - Skipping tasks ['log_err_access_target1']
[2022-04-25 08:16:36,143] {taskinstance.py:1282} INFO - Marking task as SUCCESS. dag_id=cso_2295_ipo_2_cso_xls.py, task_id=check_system_target1, execution_date=20220425T081420, start_date=20220425T081635, end_date=20220425T081636
[2022-04-25 08:16:36,175] {local_task_job.py:154} INFO - Task exited with return code 0
[2022-04-25 08:16:36,220] {local_task_job.py:264} INFO - 1 downstream tasks scheduled from follow-on schedule check
