[2022-04-19 14:16:18,227] {taskinstance.py:1037} INFO - Dependencies all met for <TaskInstance: hook_dag.log_end manual__2022-04-19T14:15:15.629326+00:00 [queued]>
[2022-04-19 14:16:18,244] {taskinstance.py:1037} INFO - Dependencies all met for <TaskInstance: hook_dag.log_end manual__2022-04-19T14:15:15.629326+00:00 [queued]>
[2022-04-19 14:16:18,245] {taskinstance.py:1243} INFO - 
--------------------------------------------------------------------------------
[2022-04-19 14:16:18,245] {taskinstance.py:1244} INFO - Starting attempt 2 of 2
[2022-04-19 14:16:18,245] {taskinstance.py:1245} INFO - 
--------------------------------------------------------------------------------
[2022-04-19 14:16:18,262] {taskinstance.py:1264} INFO - Executing <Task(PostgresOperator): log_end> on 2022-04-19 14:15:15.629326+00:00
[2022-04-19 14:16:18,267] {standard_task_runner.py:52} INFO - Started process 16421 to run task
[2022-04-19 14:16:18,272] {standard_task_runner.py:76} INFO - Running: ['***', 'tasks', 'run', 'hook_dag', 'log_end', 'manual__2022-04-19T14:15:15.629326+00:00', '--job-id', '495', '--raw', '--subdir', 'DAGS_FOLDER/hook_dag.py', '--cfg-path', '/tmp/tmp6sixlljw', '--error-file', '/tmp/tmpnaslth39']
[2022-04-19 14:16:18,273] {standard_task_runner.py:77} INFO - Job 495: Subtask log_end
[2022-04-19 14:16:18,335] {logging_mixin.py:109} INFO - Running <TaskInstance: hook_dag.log_end manual__2022-04-19T14:15:15.629326+00:00 [running]> on host 22e04adb6bfa
[2022-04-19 14:16:18,388] {taskinstance.py:1431} INFO - Exporting the following env vars:
AIRFLOW_CTX_DAG_OWNER=***
AIRFLOW_CTX_DAG_ID=hook_dag
AIRFLOW_CTX_TASK_ID=log_end
AIRFLOW_CTX_EXECUTION_DATE=2022-04-19T14:15:15.629326+00:00
AIRFLOW_CTX_DAG_RUN_ID=manual__2022-04-19T14:15:15.629326+00:00
[2022-04-19 14:16:18,394] {base.py:79} INFO - Using connection to: id: postgres_default. Host: postgres, Port: 5432, Schema: ***, Login: ***, Password: ***, extra: {}
[2022-04-19 14:16:18,397] {dbapi.py:225} INFO - Running statement: UPDATE list_flow_log
SET q_source=null, q_target=null, t_end=NOW(), status=2, optional_key=null, comment = 'not_new_data'
where id = 27;, parameters: None
[2022-04-19 14:16:18,397] {dbapi.py:233} INFO - Rows affected: 1
[2022-04-19 14:16:18,416] {taskinstance.py:1282} INFO - Marking task as SUCCESS. dag_id=hook_dag, task_id=log_end, execution_date=20220419T141515, start_date=20220419T141618, end_date=20220419T141618
[2022-04-19 14:16:18,441] {local_task_job.py:154} INFO - Task exited with return code 0
[2022-04-19 14:16:18,463] {local_task_job.py:264} INFO - 0 downstream tasks scheduled from follow-on schedule check
