[2022-04-11 08:52:55,844] {taskinstance.py:1037} INFO - Dependencies all met for <TaskInstance: hook_dag.hook_task manual__2022-04-11T08:52:49.470492+00:00 [queued]>
[2022-04-11 08:52:55,895] {taskinstance.py:1037} INFO - Dependencies all met for <TaskInstance: hook_dag.hook_task manual__2022-04-11T08:52:49.470492+00:00 [queued]>
[2022-04-11 08:52:55,895] {taskinstance.py:1243} INFO - 
--------------------------------------------------------------------------------
[2022-04-11 08:52:55,896] {taskinstance.py:1244} INFO - Starting attempt 1 of 2
[2022-04-11 08:52:55,896] {taskinstance.py:1245} INFO - 
--------------------------------------------------------------------------------
[2022-04-11 08:52:55,937] {taskinstance.py:1264} INFO - Executing <Task(PythonOperator): hook_task> on 2022-04-11 08:52:49.470492+00:00
[2022-04-11 08:52:55,947] {standard_task_runner.py:52} INFO - Started process 4107 to run task
[2022-04-11 08:52:55,956] {standard_task_runner.py:76} INFO - Running: ['***', 'tasks', 'run', 'hook_dag', 'hook_task', 'manual__2022-04-11T08:52:49.470492+00:00', '--job-id', '24', '--raw', '--subdir', 'DAGS_FOLDER/hook_dag.py', '--cfg-path', '/tmp/tmplv9giu5v', '--error-file', '/tmp/tmpaedrs9t7']
[2022-04-11 08:52:55,960] {standard_task_runner.py:77} INFO - Job 24: Subtask hook_task
[2022-04-11 08:52:56,123] {logging_mixin.py:109} INFO - Running <TaskInstance: hook_dag.hook_task manual__2022-04-11T08:52:49.470492+00:00 [running]> on host 124cac95d739
[2022-04-11 08:52:57,577] {taskinstance.py:1431} INFO - Exporting the following env vars:
AIRFLOW_CTX_DAG_OWNER=***
AIRFLOW_CTX_DAG_ID=hook_dag
AIRFLOW_CTX_TASK_ID=hook_task
AIRFLOW_CTX_EXECUTION_DATE=2022-04-11T08:52:49.470492+00:00
AIRFLOW_CTX_DAG_RUN_ID=manual__2022-04-11T08:52:49.470492+00:00
[2022-04-11 08:52:57,611] {base.py:79} INFO - Using connection to: id: postgres_default. Host: postgres, Port: 5432, Schema: ***, Login: ***, Password: ***, extra: {}
[2022-04-11 08:52:57,685] {logging_mixin.py:109} INFO - Source: Max - activated: Jane
[2022-04-11 08:52:57,686] {logging_mixin.py:109} INFO - Source: Susie - activated: Phil
[2022-04-11 08:52:57,686] {logging_mixin.py:109} INFO - Source: Lester - activated: Lily
[2022-04-11 08:52:57,686] {logging_mixin.py:109} INFO - Source: Quincy - activated: Anne
[2022-04-11 08:52:57,687] {python.py:175} INFO - Done. Returned value was: [('Max', 'Jane'), ('Susie', 'Phil'), ('Lester', 'Lily'), ('Quincy', 'Anne')]
[2022-04-11 08:52:57,734] {taskinstance.py:1282} INFO - Marking task as SUCCESS. dag_id=hook_dag, task_id=hook_task, execution_date=20220411T085249, start_date=20220411T085255, end_date=20220411T085257
[2022-04-11 08:52:57,785] {local_task_job.py:154} INFO - Task exited with return code 0
[2022-04-11 08:52:57,845] {local_task_job.py:264} INFO - 0 downstream tasks scheduled from follow-on schedule check
