[2022-04-19 13:55:49,726] {taskinstance.py:1037} INFO - Dependencies all met for <TaskInstance: hook_dag.cond_true manual__2022-04-19T13:55:45.946763+00:00 [queued]>
[2022-04-19 13:55:49,738] {taskinstance.py:1037} INFO - Dependencies all met for <TaskInstance: hook_dag.cond_true manual__2022-04-19T13:55:45.946763+00:00 [queued]>
[2022-04-19 13:55:49,738] {taskinstance.py:1243} INFO - 
--------------------------------------------------------------------------------
[2022-04-19 13:55:49,738] {taskinstance.py:1244} INFO - Starting attempt 1 of 2
[2022-04-19 13:55:49,738] {taskinstance.py:1245} INFO - 
--------------------------------------------------------------------------------
[2022-04-19 13:55:49,750] {taskinstance.py:1264} INFO - Executing <Task(ShortCircuitOperator): cond_true> on 2022-04-19 13:55:45.946763+00:00
[2022-04-19 13:55:49,754] {standard_task_runner.py:52} INFO - Started process 15242 to run task
[2022-04-19 13:55:49,761] {standard_task_runner.py:76} INFO - Running: ['***', 'tasks', 'run', 'hook_dag', 'cond_true', 'manual__2022-04-19T13:55:45.946763+00:00', '--job-id', '429', '--raw', '--subdir', 'DAGS_FOLDER/hook_dag.py', '--cfg-path', '/tmp/tmpgbqq9grs', '--error-file', '/tmp/tmpvgm_bmu9']
[2022-04-19 13:55:49,761] {standard_task_runner.py:77} INFO - Job 429: Subtask cond_true
[2022-04-19 13:55:49,815] {logging_mixin.py:109} INFO - Running <TaskInstance: hook_dag.cond_true manual__2022-04-19T13:55:45.946763+00:00 [running]> on host 22e04adb6bfa
[2022-04-19 13:55:49,881] {taskinstance.py:1431} INFO - Exporting the following env vars:
AIRFLOW_CTX_DAG_OWNER=***
AIRFLOW_CTX_DAG_ID=hook_dag
AIRFLOW_CTX_TASK_ID=cond_true
AIRFLOW_CTX_EXECUTION_DATE=2022-04-19T13:55:45.946763+00:00
AIRFLOW_CTX_DAG_RUN_ID=manual__2022-04-19T13:55:45.946763+00:00
[2022-04-19 13:55:49,881] {python.py:175} INFO - Done. Returned value was: False
[2022-04-19 13:55:49,882] {python.py:239} INFO - Condition result is False
[2022-04-19 13:55:49,882] {python.py:245} INFO - Skipping downstream tasks...
[2022-04-19 13:55:49,899] {python.py:253} INFO - Done.
[2022-04-19 13:55:49,908] {taskinstance.py:1282} INFO - Marking task as SUCCESS. dag_id=hook_dag, task_id=cond_true, execution_date=20220419T135545, start_date=20220419T135549, end_date=20220419T135549
[2022-04-19 13:55:49,930] {local_task_job.py:154} INFO - Task exited with return code 0
[2022-04-19 13:55:49,952] {local_task_job.py:264} INFO - 0 downstream tasks scheduled from follow-on schedule check
