[2022-04-21 21:35:16,923] {taskinstance.py:1037} INFO - Dependencies all met for <TaskInstance: cso_2295_ipo_2_cso.py.check_system_target1 manual__2022-04-21T21:34:10.461544+00:00 [queued]>
[2022-04-21 21:35:16,934] {taskinstance.py:1037} INFO - Dependencies all met for <TaskInstance: cso_2295_ipo_2_cso.py.check_system_target1 manual__2022-04-21T21:34:10.461544+00:00 [queued]>
[2022-04-21 21:35:16,934] {taskinstance.py:1243} INFO - 
--------------------------------------------------------------------------------
[2022-04-21 21:35:16,934] {taskinstance.py:1244} INFO - Starting attempt 1 of 1
[2022-04-21 21:35:16,934] {taskinstance.py:1245} INFO - 
--------------------------------------------------------------------------------
[2022-04-21 21:35:16,951] {taskinstance.py:1264} INFO - Executing <Task(BranchPythonOperator): check_system_target1> on 2022-04-21 21:34:10.461544+00:00
[2022-04-21 21:35:16,960] {standard_task_runner.py:52} INFO - Started process 35819 to run task
[2022-04-21 21:35:16,963] {standard_task_runner.py:76} INFO - Running: ['***', 'tasks', 'run', 'cso_2295_ipo_2_cso.py', 'check_system_target1', 'manual__2022-04-21T21:34:10.461544+00:00', '--job-id', '950', '--raw', '--subdir', 'DAGS_FOLDER/cso_2295/cso_2295_ipo_2_cso.py', '--cfg-path', '/tmp/tmpt01xfn1s', '--error-file', '/tmp/tmp40fooixf']
[2022-04-21 21:35:16,963] {standard_task_runner.py:77} INFO - Job 950: Subtask check_system_target1
[2022-04-21 21:35:17,057] {logging_mixin.py:109} INFO - Running <TaskInstance: cso_2295_ipo_2_cso.py.check_system_target1 manual__2022-04-21T21:34:10.461544+00:00 [running]> on host 22e04adb6bfa
[2022-04-21 21:35:17,113] {taskinstance.py:1431} INFO - Exporting the following env vars:
AIRFLOW_CTX_DAG_OWNER=***
AIRFLOW_CTX_DAG_ID=cso_2295_ipo_2_cso.py
AIRFLOW_CTX_TASK_ID=check_system_target1
AIRFLOW_CTX_EXECUTION_DATE=2022-04-21T21:34:10.461544+00:00
AIRFLOW_CTX_DAG_RUN_ID=manual__2022-04-21T21:34:10.461544+00:00
[2022-04-21 21:35:17,114] {python.py:175} INFO - Done. Returned value was: transfer_cso_org
[2022-04-21 21:35:17,114] {skipmixin.py:140} INFO - Following branch transfer_cso_org
[2022-04-21 21:35:17,114] {skipmixin.py:171} INFO - Skipping tasks ['log_err_access_target1']
[2022-04-21 21:35:17,184] {taskinstance.py:1282} INFO - Marking task as SUCCESS. dag_id=cso_2295_ipo_2_cso.py, task_id=check_system_target1, execution_date=20220421T213410, start_date=20220421T213516, end_date=20220421T213517
[2022-04-21 21:35:17,273] {local_task_job.py:154} INFO - Task exited with return code 0
[2022-04-21 21:35:17,313] {local_task_job.py:264} INFO - 1 downstream tasks scheduled from follow-on schedule check
