[2022-04-21 21:34:18,875] {taskinstance.py:1037} INFO - Dependencies all met for <TaskInstance: cso_2295_ipo_2_cso.py.log_sensor2 manual__2022-04-21T21:34:10.461544+00:00 [queued]>
[2022-04-21 21:34:18,882] {taskinstance.py:1037} INFO - Dependencies all met for <TaskInstance: cso_2295_ipo_2_cso.py.log_sensor2 manual__2022-04-21T21:34:10.461544+00:00 [queued]>
[2022-04-21 21:34:18,882] {taskinstance.py:1243} INFO - 
--------------------------------------------------------------------------------
[2022-04-21 21:34:18,882] {taskinstance.py:1244} INFO - Starting attempt 1 of 1
[2022-04-21 21:34:18,882] {taskinstance.py:1245} INFO - 
--------------------------------------------------------------------------------
[2022-04-21 21:34:18,894] {taskinstance.py:1264} INFO - Executing <Task(SqlSensor): log_sensor2> on 2022-04-21 21:34:10.461544+00:00
[2022-04-21 21:34:18,898] {standard_task_runner.py:52} INFO - Started process 35741 to run task
[2022-04-21 21:34:18,901] {standard_task_runner.py:76} INFO - Running: ['***', 'tasks', 'run', 'cso_2295_ipo_2_cso.py', 'log_sensor2', 'manual__2022-04-21T21:34:10.461544+00:00', '--job-id', '936', '--raw', '--subdir', 'DAGS_FOLDER/cso_2295/cso_2295_ipo_2_cso.py', '--cfg-path', '/tmp/tmph49ftvak', '--error-file', '/tmp/tmpcyh_o_p4']
[2022-04-21 21:34:18,901] {standard_task_runner.py:77} INFO - Job 936: Subtask log_sensor2
[2022-04-21 21:34:18,939] {logging_mixin.py:109} INFO - Running <TaskInstance: cso_2295_ipo_2_cso.py.log_sensor2 manual__2022-04-21T21:34:10.461544+00:00 [running]> on host 22e04adb6bfa
[2022-04-21 21:34:18,975] {taskinstance.py:1431} INFO - Exporting the following env vars:
AIRFLOW_CTX_DAG_OWNER=***
AIRFLOW_CTX_DAG_ID=cso_2295_ipo_2_cso.py
AIRFLOW_CTX_TASK_ID=log_sensor2
AIRFLOW_CTX_EXECUTION_DATE=2022-04-21T21:34:10.461544+00:00
AIRFLOW_CTX_DAG_RUN_ID=manual__2022-04-21T21:34:10.461544+00:00
[2022-04-21 21:34:18,981] {base.py:79} INFO - Using connection to: id: postgres_default. Host: postgres, Port: 5432, Schema: ***, Login: ***, Password: ***, extra: {}
[2022-04-21 21:34:19,030] {sql.py:98} INFO - Poking: select case when q = 'true' then 1 else 0 end as q from  (
	select case when count(id)=0 then 'true' else 'false' end as q
	from list_flow_log
	where object_flow = 0 and status = 1
) t1; (with parameters None)
[2022-04-21 21:34:19,034] {base.py:79} INFO - Using connection to: id: postgres_default. Host: postgres, Port: 5432, Schema: ***, Login: ***, Password: ***, extra: {}
[2022-04-21 21:34:19,037] {base.py:251} INFO - Success criteria met. Exiting.
[2022-04-21 21:34:19,045] {taskinstance.py:1282} INFO - Marking task as SUCCESS. dag_id=cso_2295_ipo_2_cso.py, task_id=log_sensor2, execution_date=20220421T213410, start_date=20220421T213418, end_date=20220421T213419
[2022-04-21 21:34:19,073] {local_task_job.py:154} INFO - Task exited with return code 0
[2022-04-21 21:34:19,111] {local_task_job.py:264} INFO - 1 downstream tasks scheduled from follow-on schedule check
