[2022-04-28 15:41:02,252] {taskinstance.py:1037} INFO - Dependencies all met for <TaskInstance: cso_2295_ipo_2_cso_bd.py.sleep scheduled__2022-04-27T15:41:00+00:00 [queued]>
[2022-04-28 15:41:02,285] {taskinstance.py:1037} INFO - Dependencies all met for <TaskInstance: cso_2295_ipo_2_cso_bd.py.sleep scheduled__2022-04-27T15:41:00+00:00 [queued]>
[2022-04-28 15:41:02,286] {taskinstance.py:1243} INFO - 
--------------------------------------------------------------------------------
[2022-04-28 15:41:02,286] {taskinstance.py:1244} INFO - Starting attempt 1 of 1
[2022-04-28 15:41:02,286] {taskinstance.py:1245} INFO - 
--------------------------------------------------------------------------------
[2022-04-28 15:41:02,324] {taskinstance.py:1264} INFO - Executing <Task(BashOperator): sleep> on 2022-04-27 15:41:00+00:00
[2022-04-28 15:41:02,333] {standard_task_runner.py:52} INFO - Started process 21249 to run task
[2022-04-28 15:41:02,338] {standard_task_runner.py:76} INFO - Running: ['***', 'tasks', 'run', 'cso_2295_ipo_2_cso_bd.py', 'sleep', 'scheduled__2022-04-27T15:41:00+00:00', '--job-id', '1360', '--raw', '--subdir', 'DAGS_FOLDER/cso_2295/cso_2295_ipo_2_cso_bd.py', '--cfg-path', '/tmp/tmpe6d3p3xb', '--error-file', '/tmp/tmplgh19prx']
[2022-04-28 15:41:02,343] {standard_task_runner.py:77} INFO - Job 1360: Subtask sleep
[2022-04-28 15:41:02,504] {logging_mixin.py:109} INFO - Running <TaskInstance: cso_2295_ipo_2_cso_bd.py.sleep scheduled__2022-04-27T15:41:00+00:00 [running]> on host 0936e4a14e76
[2022-04-28 15:41:02,670] {taskinstance.py:1431} INFO - Exporting the following env vars:
AIRFLOW_CTX_DAG_OWNER=***
AIRFLOW_CTX_DAG_ID=cso_2295_ipo_2_cso_bd.py
AIRFLOW_CTX_TASK_ID=sleep
AIRFLOW_CTX_EXECUTION_DATE=2022-04-27T15:41:00+00:00
AIRFLOW_CTX_DAG_RUN_ID=scheduled__2022-04-27T15:41:00+00:00
[2022-04-28 15:41:02,671] {subprocess.py:62} INFO - Tmp dir root location: 
 /tmp
[2022-04-28 15:41:02,671] {subprocess.py:74} INFO - Running command: ['bash', '-c', 'sleep 5']
[2022-04-28 15:41:02,683] {subprocess.py:85} INFO - Output:
[2022-04-28 15:41:07,828] {subprocess.py:93} INFO - Command exited with return code 0
[2022-04-28 15:41:08,141] {taskinstance.py:1282} INFO - Marking task as SUCCESS. dag_id=cso_2295_ipo_2_cso_bd.py, task_id=sleep, execution_date=20220427T154100, start_date=20220428T154102, end_date=20220428T154108
[2022-04-28 15:41:08,340] {local_task_job.py:154} INFO - Task exited with return code 0
[2022-04-28 15:41:08,556] {local_task_job.py:264} INFO - 0 downstream tasks scheduled from follow-on schedule check
