[2022-04-20 15:38:00,855] {taskinstance.py:1037} INFO - Dependencies all met for <TaskInstance: hook_dag.transfer_xml scheduled__2022-04-20T15:33:38+00:00 [queued]>
[2022-04-20 15:38:00,875] {taskinstance.py:1037} INFO - Dependencies all met for <TaskInstance: hook_dag.transfer_xml scheduled__2022-04-20T15:33:38+00:00 [queued]>
[2022-04-20 15:38:00,877] {taskinstance.py:1243} INFO - 
--------------------------------------------------------------------------------
[2022-04-20 15:38:00,878] {taskinstance.py:1244} INFO - Starting attempt 1 of 2
[2022-04-20 15:38:00,878] {taskinstance.py:1245} INFO - 
--------------------------------------------------------------------------------
[2022-04-20 15:38:00,901] {taskinstance.py:1264} INFO - Executing <Task(Postgres2File): transfer_xml> on 2022-04-20 15:33:38+00:00
[2022-04-20 15:38:00,906] {standard_task_runner.py:52} INFO - Started process 22689 to run task
[2022-04-20 15:38:00,913] {standard_task_runner.py:76} INFO - Running: ['***', 'tasks', 'run', 'hook_dag', 'transfer_xml', 'scheduled__2022-04-20T15:33:38+00:00', '--job-id', '751', '--raw', '--subdir', 'DAGS_FOLDER/hook_dag.py', '--cfg-path', '/tmp/tmpyv5r3rww', '--error-file', '/tmp/tmpzcpwwvkb']
[2022-04-20 15:38:00,914] {standard_task_runner.py:77} INFO - Job 751: Subtask transfer_xml
[2022-04-20 15:38:00,996] {logging_mixin.py:109} INFO - Running <TaskInstance: hook_dag.transfer_xml scheduled__2022-04-20T15:33:38+00:00 [running]> on host 22e04adb6bfa
[2022-04-20 15:38:01,081] {taskinstance.py:1431} INFO - Exporting the following env vars:
AIRFLOW_CTX_DAG_OWNER=***
AIRFLOW_CTX_DAG_ID=hook_dag
AIRFLOW_CTX_TASK_ID=transfer_xml
AIRFLOW_CTX_EXECUTION_DATE=2022-04-20T15:33:38+00:00
AIRFLOW_CTX_DAG_RUN_ID=scheduled__2022-04-20T15:33:38+00:00
[2022-04-20 15:38:01,095] {base.py:79} INFO - Using connection to: id: postgres_default. Host: postgres, Port: 5432, Schema: ***, Login: ***, Password: ***, extra: {}
[2022-04-20 15:38:01,216] {taskinstance.py:1282} INFO - Marking task as SUCCESS. dag_id=hook_dag, task_id=transfer_xml, execution_date=20220420T153338, start_date=20220420T153800, end_date=20220420T153801
[2022-04-20 15:38:01,290] {local_task_job.py:154} INFO - Task exited with return code 0
[2022-04-20 15:38:01,467] {base.py:79} INFO - Using connection to: id: postgres_default. Host: postgres, Port: 5432, Schema: ***, Login: ***, Password: ***, extra: {}
[2022-04-20 15:38:01,473] {dbapi.py:225} INFO - Running statement: update list_flow_log
                set t_end=NOW(), status=2, comment = '*Task*: transfer_xml success'
                where id = 56;, parameters: None
[2022-04-20 15:38:01,475] {dbapi.py:233} INFO - Rows affected: 1
[2022-04-20 15:38:01,500] {local_task_job.py:264} INFO - 0 downstream tasks scheduled from follow-on schedule check
