[2022-04-25 08:46:27,734] {taskinstance.py:1037} INFO - Dependencies all met for <TaskInstance: cso_2295_ipo_2_cso_xls.py.getid2 manual__2022-04-25T08:45:14.704898+00:00 [queued]>
[2022-04-25 08:46:27,744] {taskinstance.py:1037} INFO - Dependencies all met for <TaskInstance: cso_2295_ipo_2_cso_xls.py.getid2 manual__2022-04-25T08:45:14.704898+00:00 [queued]>
[2022-04-25 08:46:27,744] {taskinstance.py:1243} INFO - 
--------------------------------------------------------------------------------
[2022-04-25 08:46:27,744] {taskinstance.py:1244} INFO - Starting attempt 1 of 1
[2022-04-25 08:46:27,744] {taskinstance.py:1245} INFO - 
--------------------------------------------------------------------------------
[2022-04-25 08:46:27,754] {taskinstance.py:1264} INFO - Executing <Task(PythonOperator): getid2> on 2022-04-25 08:45:14.704898+00:00
[2022-04-25 08:46:27,758] {standard_task_runner.py:52} INFO - Started process 2495 to run task
[2022-04-25 08:46:27,762] {standard_task_runner.py:76} INFO - Running: ['***', 'tasks', 'run', 'cso_2295_ipo_2_cso_xls.py', 'getid2', 'manual__2022-04-25T08:45:14.704898+00:00', '--job-id', '1178', '--raw', '--subdir', 'DAGS_FOLDER/cso_2295/cso_2295_ipo_2_cso_xls.py', '--cfg-path', '/tmp/tmpzewei9mo', '--error-file', '/tmp/tmpass5w1vm']
[2022-04-25 08:46:27,763] {standard_task_runner.py:77} INFO - Job 1178: Subtask getid2
[2022-04-25 08:46:27,844] {logging_mixin.py:109} INFO - Running <TaskInstance: cso_2295_ipo_2_cso_xls.py.getid2 manual__2022-04-25T08:45:14.704898+00:00 [running]> on host 22e04adb6bfa
[2022-04-25 08:46:27,922] {taskinstance.py:1431} INFO - Exporting the following env vars:
AIRFLOW_CTX_DAG_OWNER=***
AIRFLOW_CTX_DAG_ID=cso_2295_ipo_2_cso_xls.py
AIRFLOW_CTX_TASK_ID=getid2
AIRFLOW_CTX_EXECUTION_DATE=2022-04-25T08:45:14.704898+00:00
AIRFLOW_CTX_DAG_RUN_ID=manual__2022-04-25T08:45:14.704898+00:00
[2022-04-25 08:46:27,938] {base.py:79} INFO - Using connection to: id: postgres_default. Host: postgres, Port: 5432, Schema: ***, Login: ***, Password: ***, extra: {}
[2022-04-25 08:46:27,952] {python.py:175} INFO - Done. Returned value was: None
[2022-04-25 08:46:27,963] {taskinstance.py:1282} INFO - Marking task as SUCCESS. dag_id=cso_2295_ipo_2_cso_xls.py, task_id=getid2, execution_date=20220425T084514, start_date=20220425T084627, end_date=20220425T084627
[2022-04-25 08:46:28,017] {local_task_job.py:154} INFO - Task exited with return code 0
[2022-04-25 08:46:28,061] {local_task_job.py:264} INFO - 1 downstream tasks scheduled from follow-on schedule check
