[2022-04-19 13:48:35,473] {taskinstance.py:1037} INFO - Dependencies all met for <TaskInstance: hook_dag.cond_true manual__2022-04-19T13:48:31.690118+00:00 [queued]>
[2022-04-19 13:48:35,520] {taskinstance.py:1037} INFO - Dependencies all met for <TaskInstance: hook_dag.cond_true manual__2022-04-19T13:48:31.690118+00:00 [queued]>
[2022-04-19 13:48:35,520] {taskinstance.py:1243} INFO - 
--------------------------------------------------------------------------------
[2022-04-19 13:48:35,521] {taskinstance.py:1244} INFO - Starting attempt 1 of 2
[2022-04-19 13:48:35,521] {taskinstance.py:1245} INFO - 
--------------------------------------------------------------------------------
[2022-04-19 13:48:35,537] {taskinstance.py:1264} INFO - Executing <Task(ShortCircuitOperator): cond_true> on 2022-04-19 13:48:31.690118+00:00
[2022-04-19 13:48:35,544] {standard_task_runner.py:76} INFO - Running: ['***', 'tasks', 'run', 'hook_dag', 'cond_true', 'manual__2022-04-19T13:48:31.690118+00:00', '--job-id', '417', '--raw', '--subdir', 'DAGS_FOLDER/hook_dag.py', '--cfg-path', '/tmp/tmpr_blniuz', '--error-file', '/tmp/tmpzzaoph1f']
[2022-04-19 13:48:35,546] {standard_task_runner.py:77} INFO - Job 417: Subtask cond_true
[2022-04-19 13:48:35,549] {standard_task_runner.py:52} INFO - Started process 14857 to run task
[2022-04-19 13:48:35,652] {logging_mixin.py:109} INFO - Running <TaskInstance: hook_dag.cond_true manual__2022-04-19T13:48:31.690118+00:00 [running]> on host 22e04adb6bfa
[2022-04-19 13:48:35,761] {taskinstance.py:1431} INFO - Exporting the following env vars:
AIRFLOW_CTX_DAG_OWNER=***
AIRFLOW_CTX_DAG_ID=hook_dag
AIRFLOW_CTX_TASK_ID=cond_true
AIRFLOW_CTX_EXECUTION_DATE=2022-04-19T13:48:31.690118+00:00
AIRFLOW_CTX_DAG_RUN_ID=manual__2022-04-19T13:48:31.690118+00:00
[2022-04-19 13:48:35,761] {python.py:175} INFO - Done. Returned value was: False
[2022-04-19 13:48:35,762] {python.py:239} INFO - Condition result is False
[2022-04-19 13:48:35,762] {python.py:245} INFO - Skipping downstream tasks...
[2022-04-19 13:48:35,797] {python.py:253} INFO - Done.
[2022-04-19 13:48:35,805] {taskinstance.py:1282} INFO - Marking task as SUCCESS. dag_id=hook_dag, task_id=cond_true, execution_date=20220419T134831, start_date=20220419T134835, end_date=20220419T134835
[2022-04-19 13:48:35,847] {local_task_job.py:154} INFO - Task exited with return code 0
[2022-04-19 13:48:35,874] {local_task_job.py:264} INFO - 0 downstream tasks scheduled from follow-on schedule check
