[2022-04-28 09:57:46,556] {taskinstance.py:1037} INFO - Dependencies all met for <TaskInstance: cso_2295_ipo_2_cso_bd.py.sleep scheduled__2022-04-26T15:41:00+00:00 [queued]>
[2022-04-28 09:57:46,591] {taskinstance.py:1037} INFO - Dependencies all met for <TaskInstance: cso_2295_ipo_2_cso_bd.py.sleep scheduled__2022-04-26T15:41:00+00:00 [queued]>
[2022-04-28 09:57:46,591] {taskinstance.py:1243} INFO - 
--------------------------------------------------------------------------------
[2022-04-28 09:57:46,591] {taskinstance.py:1244} INFO - Starting attempt 1 of 1
[2022-04-28 09:57:46,591] {taskinstance.py:1245} INFO - 
--------------------------------------------------------------------------------
[2022-04-28 09:57:46,625] {taskinstance.py:1264} INFO - Executing <Task(BashOperator): sleep> on 2022-04-26 15:41:00+00:00
[2022-04-28 09:57:46,636] {standard_task_runner.py:52} INFO - Started process 4656 to run task
[2022-04-28 09:57:46,641] {standard_task_runner.py:76} INFO - Running: ['***', 'tasks', 'run', 'cso_2295_ipo_2_cso_bd.py', 'sleep', 'scheduled__2022-04-26T15:41:00+00:00', '--job-id', '1317', '--raw', '--subdir', 'DAGS_FOLDER/cso_2295/cso_2295_ipo_2_cso_bd.py', '--cfg-path', '/tmp/tmpnv14i36b', '--error-file', '/tmp/tmpiypxz5ps']
[2022-04-28 09:57:46,647] {standard_task_runner.py:77} INFO - Job 1317: Subtask sleep
[2022-04-28 09:57:46,710] {logging_mixin.py:109} INFO - Running <TaskInstance: cso_2295_ipo_2_cso_bd.py.sleep scheduled__2022-04-26T15:41:00+00:00 [running]> on host 0936e4a14e76
[2022-04-28 09:57:46,994] {taskinstance.py:1431} INFO - Exporting the following env vars:
AIRFLOW_CTX_DAG_OWNER=***
AIRFLOW_CTX_DAG_ID=cso_2295_ipo_2_cso_bd.py
AIRFLOW_CTX_TASK_ID=sleep
AIRFLOW_CTX_EXECUTION_DATE=2022-04-26T15:41:00+00:00
AIRFLOW_CTX_DAG_RUN_ID=scheduled__2022-04-26T15:41:00+00:00
[2022-04-28 09:57:46,995] {subprocess.py:62} INFO - Tmp dir root location: 
 /tmp
[2022-04-28 09:57:47,027] {subprocess.py:74} INFO - Running command: ['bash', '-c', 'sleep 5']
[2022-04-28 09:57:47,296] {subprocess.py:85} INFO - Output:
[2022-04-28 09:57:52,413] {subprocess.py:93} INFO - Command exited with return code 0
[2022-04-28 09:57:52,469] {taskinstance.py:1282} INFO - Marking task as SUCCESS. dag_id=cso_2295_ipo_2_cso_bd.py, task_id=sleep, execution_date=20220426T154100, start_date=20220428T095746, end_date=20220428T095752
[2022-04-28 09:57:52,520] {local_task_job.py:154} INFO - Task exited with return code 0
[2022-04-28 09:57:52,561] {local_task_job.py:264} INFO - 0 downstream tasks scheduled from follow-on schedule check
