[2022-04-28 10:02:34,065] {taskinstance.py:1037} INFO - Dependencies all met for <TaskInstance: cso_2295_ipo_2_cso_bd.py.sleep scheduled__2022-04-26T15:41:00+00:00 [queued]>
[2022-04-28 10:02:34,076] {taskinstance.py:1037} INFO - Dependencies all met for <TaskInstance: cso_2295_ipo_2_cso_bd.py.sleep scheduled__2022-04-26T15:41:00+00:00 [queued]>
[2022-04-28 10:02:34,076] {taskinstance.py:1243} INFO - 
--------------------------------------------------------------------------------
[2022-04-28 10:02:34,076] {taskinstance.py:1244} INFO - Starting attempt 2 of 1
[2022-04-28 10:02:34,077] {taskinstance.py:1245} INFO - 
--------------------------------------------------------------------------------
[2022-04-28 10:02:34,279] {taskinstance.py:1264} INFO - Executing <Task(BashOperator): sleep> on 2022-04-26 15:41:00+00:00
[2022-04-28 10:02:34,291] {standard_task_runner.py:52} INFO - Started process 4849 to run task
[2022-04-28 10:02:34,301] {standard_task_runner.py:76} INFO - Running: ['***', 'tasks', 'run', 'cso_2295_ipo_2_cso_bd.py', 'sleep', 'scheduled__2022-04-26T15:41:00+00:00', '--job-id', '1319', '--raw', '--subdir', 'DAGS_FOLDER/cso_2295/cso_2295_ipo_2_cso_bd.py', '--cfg-path', '/tmp/tmpe12csgq8', '--error-file', '/tmp/tmpsy0uo7g4']
[2022-04-28 10:02:34,303] {standard_task_runner.py:77} INFO - Job 1319: Subtask sleep
[2022-04-28 10:02:34,461] {logging_mixin.py:109} INFO - Running <TaskInstance: cso_2295_ipo_2_cso_bd.py.sleep scheduled__2022-04-26T15:41:00+00:00 [running]> on host 0936e4a14e76
[2022-04-28 10:02:34,657] {taskinstance.py:1431} INFO - Exporting the following env vars:
AIRFLOW_CTX_DAG_OWNER=***
AIRFLOW_CTX_DAG_ID=cso_2295_ipo_2_cso_bd.py
AIRFLOW_CTX_TASK_ID=sleep
AIRFLOW_CTX_EXECUTION_DATE=2022-04-26T15:41:00+00:00
AIRFLOW_CTX_DAG_RUN_ID=scheduled__2022-04-26T15:41:00+00:00
[2022-04-28 10:02:34,659] {subprocess.py:62} INFO - Tmp dir root location: 
 /tmp
[2022-04-28 10:02:34,705] {subprocess.py:74} INFO - Running command: ['bash', '-c', 'sleep 5']
[2022-04-28 10:02:34,809] {subprocess.py:85} INFO - Output:
[2022-04-28 10:02:39,990] {subprocess.py:93} INFO - Command exited with return code 0
[2022-04-28 10:02:40,068] {taskinstance.py:1282} INFO - Marking task as SUCCESS. dag_id=cso_2295_ipo_2_cso_bd.py, task_id=sleep, execution_date=20220426T154100, start_date=20220428T100234, end_date=20220428T100240
[2022-04-28 10:02:40,161] {local_task_job.py:154} INFO - Task exited with return code 0
[2022-04-28 10:02:40,302] {local_task_job.py:264} INFO - 0 downstream tasks scheduled from follow-on schedule check
