[2022-04-07 13:53:35,395] {taskinstance.py:1037} INFO - Dependencies all met for <TaskInstance: hook_dag.hook_task manual__2022-04-07T13:53:33.047483+00:00 [queued]>
[2022-04-07 13:53:35,406] {taskinstance.py:1037} INFO - Dependencies all met for <TaskInstance: hook_dag.hook_task manual__2022-04-07T13:53:33.047483+00:00 [queued]>
[2022-04-07 13:53:35,406] {taskinstance.py:1243} INFO - 
--------------------------------------------------------------------------------
[2022-04-07 13:53:35,406] {taskinstance.py:1244} INFO - Starting attempt 1 of 2
[2022-04-07 13:53:35,407] {taskinstance.py:1245} INFO - 
--------------------------------------------------------------------------------
[2022-04-07 13:53:35,416] {taskinstance.py:1264} INFO - Executing <Task(PythonOperator): hook_task> on 2022-04-07 13:53:33.047483+00:00
[2022-04-07 13:53:35,420] {standard_task_runner.py:52} INFO - Started process 1898 to run task
[2022-04-07 13:53:35,422] {standard_task_runner.py:76} INFO - Running: ['***', 'tasks', 'run', 'hook_dag', 'hook_task', 'manual__2022-04-07T13:53:33.047483+00:00', '--job-id', '92', '--raw', '--subdir', 'DAGS_FOLDER/hook_dag.py', '--cfg-path', '/tmp/tmpbcnk9lks', '--error-file', '/tmp/tmpb_52mneg']
[2022-04-07 13:53:35,423] {standard_task_runner.py:77} INFO - Job 92: Subtask hook_task
[2022-04-07 13:53:35,462] {logging_mixin.py:109} INFO - Running <TaskInstance: hook_dag.hook_task manual__2022-04-07T13:53:33.047483+00:00 [running]> on host d73239f69a26
[2022-04-07 13:53:35,500] {taskinstance.py:1431} INFO - Exporting the following env vars:
AIRFLOW_CTX_DAG_OWNER=***
AIRFLOW_CTX_DAG_ID=hook_dag
AIRFLOW_CTX_TASK_ID=hook_task
AIRFLOW_CTX_EXECUTION_DATE=2022-04-07T13:53:33.047483+00:00
AIRFLOW_CTX_DAG_RUN_ID=manual__2022-04-07T13:53:33.047483+00:00
[2022-04-07 13:53:35,506] {base.py:79} INFO - Using connection to: id: postgres_default. Host: postgres, Port: 5432, Schema: ***, Login: ***, Password: ***, extra: {}
[2022-04-07 13:53:35,510] {logging_mixin.py:109} INFO - Source: Max - activated: Jane
[2022-04-07 13:53:35,510] {logging_mixin.py:109} INFO - Source: Susie - activated: Phil
[2022-04-07 13:53:35,510] {logging_mixin.py:109} INFO - Source: Lester - activated: Lily
[2022-04-07 13:53:35,510] {logging_mixin.py:109} INFO - Source: Quincy - activated: Anne
[2022-04-07 13:53:35,510] {logging_mixin.py:109} INFO - Source: Max - activated: Jane
[2022-04-07 13:53:35,510] {logging_mixin.py:109} INFO - Source: Susie - activated: Phil
[2022-04-07 13:53:35,510] {logging_mixin.py:109} INFO - Source: Lester - activated: Lily
[2022-04-07 13:53:35,511] {logging_mixin.py:109} INFO - Source: Quincy - activated: Anne
[2022-04-07 13:53:35,511] {logging_mixin.py:109} INFO - Source: Max - activated: Jane
[2022-04-07 13:53:35,511] {logging_mixin.py:109} INFO - Source: Susie - activated: Phil
[2022-04-07 13:53:35,511] {logging_mixin.py:109} INFO - Source: Lester - activated: Lily
[2022-04-07 13:53:35,511] {logging_mixin.py:109} INFO - Source: Quincy - activated: Anne
[2022-04-07 13:53:35,511] {logging_mixin.py:109} INFO - Source: Max - activated: Jane
[2022-04-07 13:53:35,511] {logging_mixin.py:109} INFO - Source: Susie - activated: Phil
[2022-04-07 13:53:35,511] {logging_mixin.py:109} INFO - Source: Lester - activated: Lily
[2022-04-07 13:53:35,511] {logging_mixin.py:109} INFO - Source: Quincy - activated: Anne
[2022-04-07 13:53:35,511] {python.py:175} INFO - Done. Returned value was: [('Max', 'Jane'), ('Susie', 'Phil'), ('Lester', 'Lily'), ('Quincy', 'Anne'), ('Max', 'Jane'), ('Susie', 'Phil'), ('Lester', 'Lily'), ('Quincy', 'Anne'), ('Max', 'Jane'), ('Susie', 'Phil'), ('Lester', 'Lily'), ('Quincy', 'Anne'), ('Max', 'Jane'), ('Susie', 'Phil'), ('Lester', 'Lily'), ('Quincy', 'Anne')]
[2022-04-07 13:53:35,526] {taskinstance.py:1282} INFO - Marking task as SUCCESS. dag_id=hook_dag, task_id=hook_task, execution_date=20220407T135333, start_date=20220407T135335, end_date=20220407T135335
[2022-04-07 13:53:35,554] {local_task_job.py:154} INFO - Task exited with return code 0
[2022-04-07 13:53:35,577] {local_task_job.py:264} INFO - 1 downstream tasks scheduled from follow-on schedule check
