[2022-04-28 15:41:02,370] {taskinstance.py:1037} INFO - Dependencies all met for <TaskInstance: cso_2295_ipo_2_cso_xls.py.check_current_month scheduled__2022-04-27T15:41:00+00:00 [queued]>
[2022-04-28 15:41:02,397] {taskinstance.py:1037} INFO - Dependencies all met for <TaskInstance: cso_2295_ipo_2_cso_xls.py.check_current_month scheduled__2022-04-27T15:41:00+00:00 [queued]>
[2022-04-28 15:41:02,400] {taskinstance.py:1243} INFO - 
--------------------------------------------------------------------------------
[2022-04-28 15:41:02,404] {taskinstance.py:1244} INFO - Starting attempt 1 of 1
[2022-04-28 15:41:02,405] {taskinstance.py:1245} INFO - 
--------------------------------------------------------------------------------
[2022-04-28 15:41:02,457] {taskinstance.py:1264} INFO - Executing <Task(ShortCircuitOperator): check_current_month> on 2022-04-27 15:41:00+00:00
[2022-04-28 15:41:02,474] {standard_task_runner.py:52} INFO - Started process 21251 to run task
[2022-04-28 15:41:02,483] {standard_task_runner.py:76} INFO - Running: ['***', 'tasks', 'run', 'cso_2295_ipo_2_cso_xls.py', 'check_current_month', 'scheduled__2022-04-27T15:41:00+00:00', '--job-id', '1362', '--raw', '--subdir', 'DAGS_FOLDER/cso_2295/cso_2295_ipo_2_cso_xls.py', '--cfg-path', '/tmp/tmpqqhzkyor', '--error-file', '/tmp/tmpkqattz1e']
[2022-04-28 15:41:02,484] {standard_task_runner.py:77} INFO - Job 1362: Subtask check_current_month
[2022-04-28 15:41:02,608] {logging_mixin.py:109} INFO - Running <TaskInstance: cso_2295_ipo_2_cso_xls.py.check_current_month scheduled__2022-04-27T15:41:00+00:00 [running]> on host 0936e4a14e76
[2022-04-28 15:41:03,088] {taskinstance.py:1431} INFO - Exporting the following env vars:
AIRFLOW_CTX_DAG_OWNER=***
AIRFLOW_CTX_DAG_ID=cso_2295_ipo_2_cso_xls.py
AIRFLOW_CTX_TASK_ID=check_current_month
AIRFLOW_CTX_EXECUTION_DATE=2022-04-27T15:41:00+00:00
AIRFLOW_CTX_DAG_RUN_ID=scheduled__2022-04-27T15:41:00+00:00
[2022-04-28 15:41:03,090] {python.py:175} INFO - Done. Returned value was: True
[2022-04-28 15:41:03,090] {python.py:239} INFO - Condition result is True
[2022-04-28 15:41:03,090] {python.py:242} INFO - Proceeding with downstream tasks...
[2022-04-28 15:41:03,109] {taskinstance.py:1282} INFO - Marking task as SUCCESS. dag_id=cso_2295_ipo_2_cso_xls.py, task_id=check_current_month, execution_date=20220427T154100, start_date=20220428T154102, end_date=20220428T154103
[2022-04-28 15:41:03,175] {local_task_job.py:154} INFO - Task exited with return code 0
[2022-04-28 15:41:03,243] {local_task_job.py:264} INFO - 1 downstream tasks scheduled from follow-on schedule check
