[2022-04-20 14:31:37,137] {taskinstance.py:1037} INFO - Dependencies all met for <TaskInstance: hook_dag.getid_1 scheduled__2022-04-20T14:25:09+00:00 [queued]>
[2022-04-20 14:31:37,166] {taskinstance.py:1037} INFO - Dependencies all met for <TaskInstance: hook_dag.getid_1 scheduled__2022-04-20T14:25:09+00:00 [queued]>
[2022-04-20 14:31:37,167] {taskinstance.py:1243} INFO - 
--------------------------------------------------------------------------------
[2022-04-20 14:31:37,168] {taskinstance.py:1244} INFO - Starting attempt 2 of 2
[2022-04-20 14:31:37,168] {taskinstance.py:1245} INFO - 
--------------------------------------------------------------------------------
[2022-04-20 14:31:37,195] {taskinstance.py:1264} INFO - Executing <Task(PythonOperator): getid_1> on 2022-04-20 14:25:09+00:00
[2022-04-20 14:31:37,212] {standard_task_runner.py:52} INFO - Started process 19226 to run task
[2022-04-20 14:31:37,238] {standard_task_runner.py:76} INFO - Running: ['***', 'tasks', 'run', 'hook_dag', 'getid_1', 'scheduled__2022-04-20T14:25:09+00:00', '--job-id', '645', '--raw', '--subdir', 'DAGS_FOLDER/hook_dag.py', '--cfg-path', '/tmp/tmpv8bgx85u', '--error-file', '/tmp/tmp5d0hs4qv']
[2022-04-20 14:31:37,239] {standard_task_runner.py:77} INFO - Job 645: Subtask getid_1
[2022-04-20 14:31:37,404] {logging_mixin.py:109} INFO - Running <TaskInstance: hook_dag.getid_1 scheduled__2022-04-20T14:25:09+00:00 [running]> on host 22e04adb6bfa
[2022-04-20 14:31:37,609] {taskinstance.py:1431} INFO - Exporting the following env vars:
AIRFLOW_CTX_DAG_OWNER=***
AIRFLOW_CTX_DAG_ID=hook_dag
AIRFLOW_CTX_TASK_ID=getid_1
AIRFLOW_CTX_EXECUTION_DATE=2022-04-20T14:25:09+00:00
AIRFLOW_CTX_DAG_RUN_ID=scheduled__2022-04-20T14:25:09+00:00
[2022-04-20 14:31:37,638] {base.py:79} INFO - Using connection to: id: postgres_default. Host: postgres, Port: 5432, Schema: ***, Login: ***, Password: ***, extra: {}
[2022-04-20 14:31:37,662] {python.py:175} INFO - Done. Returned value was: None
[2022-04-20 14:31:37,693] {taskinstance.py:1282} INFO - Marking task as SUCCESS. dag_id=hook_dag, task_id=getid_1, execution_date=20220420T142509, start_date=20220420T143137, end_date=20220420T143137
[2022-04-20 14:31:37,751] {local_task_job.py:154} INFO - Task exited with return code 0
[2022-04-20 14:31:37,833] {local_task_job.py:264} INFO - 1 downstream tasks scheduled from follow-on schedule check
