[2022-04-19 14:04:14,272] {taskinstance.py:1037} INFO - Dependencies all met for <TaskInstance: hook_dag.transfer_xml manual__2022-04-19T14:04:04.860472+00:00 [queued]>
[2022-04-19 14:04:14,281] {taskinstance.py:1037} INFO - Dependencies all met for <TaskInstance: hook_dag.transfer_xml manual__2022-04-19T14:04:04.860472+00:00 [queued]>
[2022-04-19 14:04:14,282] {taskinstance.py:1243} INFO - 
--------------------------------------------------------------------------------
[2022-04-19 14:04:14,282] {taskinstance.py:1244} INFO - Starting attempt 1 of 2
[2022-04-19 14:04:14,282] {taskinstance.py:1245} INFO - 
--------------------------------------------------------------------------------
[2022-04-19 14:04:14,289] {taskinstance.py:1264} INFO - Executing <Task(Postgres2File): transfer_xml> on 2022-04-19 14:04:04.860472+00:00
[2022-04-19 14:04:14,294] {standard_task_runner.py:52} INFO - Started process 15708 to run task
[2022-04-19 14:04:14,296] {standard_task_runner.py:76} INFO - Running: ['***', 'tasks', 'run', 'hook_dag', 'transfer_xml', 'manual__2022-04-19T14:04:04.860472+00:00', '--job-id', '454', '--raw', '--subdir', 'DAGS_FOLDER/hook_dag.py', '--cfg-path', '/tmp/tmp3fb1og6o', '--error-file', '/tmp/tmpphpa6ma0']
[2022-04-19 14:04:14,297] {standard_task_runner.py:77} INFO - Job 454: Subtask transfer_xml
[2022-04-19 14:04:14,341] {logging_mixin.py:109} INFO - Running <TaskInstance: hook_dag.transfer_xml manual__2022-04-19T14:04:04.860472+00:00 [running]> on host 22e04adb6bfa
[2022-04-19 14:04:14,381] {taskinstance.py:1431} INFO - Exporting the following env vars:
AIRFLOW_CTX_DAG_OWNER=***
AIRFLOW_CTX_DAG_ID=hook_dag
AIRFLOW_CTX_TASK_ID=transfer_xml
AIRFLOW_CTX_EXECUTION_DATE=2022-04-19T14:04:04.860472+00:00
AIRFLOW_CTX_DAG_RUN_ID=manual__2022-04-19T14:04:04.860472+00:00
[2022-04-19 14:04:14,387] {base.py:79} INFO - Using connection to: id: postgres_default. Host: postgres, Port: 5432, Schema: ***, Login: ***, Password: ***, extra: {}
[2022-04-19 14:04:14,413] {taskinstance.py:1282} INFO - Marking task as SUCCESS. dag_id=hook_dag, task_id=transfer_xml, execution_date=20220419T140404, start_date=20220419T140414, end_date=20220419T140414
[2022-04-19 14:04:14,469] {local_task_job.py:154} INFO - Task exited with return code 0
[2022-04-19 14:04:14,506] {base.py:79} INFO - Using connection to: id: postgres_default. Host: postgres, Port: 5432, Schema: ***, Login: ***, Password: ***, extra: {}
[2022-04-19 14:04:14,510] {dbapi.py:225} INFO - Running statement: update list_flow_log
                set t_end=NOW(), status=2, comment = '*Task*: transfer_xml success'
                where id = 21;, parameters: None
[2022-04-19 14:04:14,511] {dbapi.py:233} INFO - Rows affected: 1
[2022-04-19 14:04:14,525] {local_task_job.py:264} INFO - 0 downstream tasks scheduled from follow-on schedule check
