[2022-04-20 15:18:07,212] {taskinstance.py:1037} INFO - Dependencies all met for <TaskInstance: hook_dag.getid_1 scheduled__2022-04-20T14:25:16+00:00 [queued]>
[2022-04-20 15:18:07,247] {taskinstance.py:1037} INFO - Dependencies all met for <TaskInstance: hook_dag.getid_1 scheduled__2022-04-20T14:25:16+00:00 [queued]>
[2022-04-20 15:18:07,247] {taskinstance.py:1243} INFO - 
--------------------------------------------------------------------------------
[2022-04-20 15:18:07,247] {taskinstance.py:1244} INFO - Starting attempt 1 of 2
[2022-04-20 15:18:07,247] {taskinstance.py:1245} INFO - 
--------------------------------------------------------------------------------
[2022-04-20 15:18:07,280] {taskinstance.py:1264} INFO - Executing <Task(PythonOperator): getid_1> on 2022-04-20 14:25:16+00:00
[2022-04-20 15:18:07,286] {standard_task_runner.py:52} INFO - Started process 21462 to run task
[2022-04-20 15:18:07,294] {standard_task_runner.py:76} INFO - Running: ['***', 'tasks', 'run', 'hook_dag', 'getid_1', 'scheduled__2022-04-20T14:25:16+00:00', '--job-id', '674', '--raw', '--subdir', 'DAGS_FOLDER/hook_dag.py', '--cfg-path', '/tmp/tmpcofdley5', '--error-file', '/tmp/tmppet34uy8']
[2022-04-20 15:18:07,295] {standard_task_runner.py:77} INFO - Job 674: Subtask getid_1
[2022-04-20 15:18:07,385] {logging_mixin.py:109} INFO - Running <TaskInstance: hook_dag.getid_1 scheduled__2022-04-20T14:25:16+00:00 [running]> on host 22e04adb6bfa
[2022-04-20 15:18:07,505] {taskinstance.py:1431} INFO - Exporting the following env vars:
AIRFLOW_CTX_DAG_OWNER=***
AIRFLOW_CTX_DAG_ID=hook_dag
AIRFLOW_CTX_TASK_ID=getid_1
AIRFLOW_CTX_EXECUTION_DATE=2022-04-20T14:25:16+00:00
AIRFLOW_CTX_DAG_RUN_ID=scheduled__2022-04-20T14:25:16+00:00
[2022-04-20 15:18:07,524] {base.py:79} INFO - Using connection to: id: postgres_default. Host: postgres, Port: 5432, Schema: ***, Login: ***, Password: ***, extra: {}
[2022-04-20 15:18:07,563] {python.py:175} INFO - Done. Returned value was: None
[2022-04-20 15:18:07,630] {taskinstance.py:1282} INFO - Marking task as SUCCESS. dag_id=hook_dag, task_id=getid_1, execution_date=20220420T142516, start_date=20220420T151807, end_date=20220420T151807
[2022-04-20 15:18:07,706] {local_task_job.py:154} INFO - Task exited with return code 0
[2022-04-20 15:18:07,807] {local_task_job.py:264} INFO - 1 downstream tasks scheduled from follow-on schedule check
