[2022-04-22 09:19:31,933] {taskinstance.py:1037} INFO - Dependencies all met for <TaskInstance: cso_2295_ipo_2_cso.py.log_sensor2 manual__2022-04-22T09:19:17.641779+00:00 [queued]>
[2022-04-22 09:19:31,942] {taskinstance.py:1037} INFO - Dependencies all met for <TaskInstance: cso_2295_ipo_2_cso.py.log_sensor2 manual__2022-04-22T09:19:17.641779+00:00 [queued]>
[2022-04-22 09:19:31,942] {taskinstance.py:1243} INFO - 
--------------------------------------------------------------------------------
[2022-04-22 09:19:31,942] {taskinstance.py:1244} INFO - Starting attempt 1 of 1
[2022-04-22 09:19:31,942] {taskinstance.py:1245} INFO - 
--------------------------------------------------------------------------------
[2022-04-22 09:19:31,983] {taskinstance.py:1264} INFO - Executing <Task(SqlSensor): log_sensor2> on 2022-04-22 09:19:17.641779+00:00
[2022-04-22 09:19:31,987] {standard_task_runner.py:52} INFO - Started process 1041 to run task
[2022-04-22 09:19:31,995] {standard_task_runner.py:76} INFO - Running: ['***', 'tasks', 'run', 'cso_2295_ipo_2_cso.py', 'log_sensor2', 'manual__2022-04-22T09:19:17.641779+00:00', '--job-id', '969', '--raw', '--subdir', 'DAGS_FOLDER/cso_2295/cso_2295_ipo_2_cso.py', '--cfg-path', '/tmp/tmpd_kohpax', '--error-file', '/tmp/tmp3wzmks6r']
[2022-04-22 09:19:31,996] {standard_task_runner.py:77} INFO - Job 969: Subtask log_sensor2
[2022-04-22 09:19:32,067] {logging_mixin.py:109} INFO - Running <TaskInstance: cso_2295_ipo_2_cso.py.log_sensor2 manual__2022-04-22T09:19:17.641779+00:00 [running]> on host 22e04adb6bfa
[2022-04-22 09:19:32,135] {taskinstance.py:1431} INFO - Exporting the following env vars:
AIRFLOW_CTX_DAG_OWNER=***
AIRFLOW_CTX_DAG_ID=cso_2295_ipo_2_cso.py
AIRFLOW_CTX_TASK_ID=log_sensor2
AIRFLOW_CTX_EXECUTION_DATE=2022-04-22T09:19:17.641779+00:00
AIRFLOW_CTX_DAG_RUN_ID=manual__2022-04-22T09:19:17.641779+00:00
[2022-04-22 09:19:32,143] {base.py:79} INFO - Using connection to: id: postgres_default. Host: postgres, Port: 5432, Schema: ***, Login: ***, Password: ***, extra: {}
[2022-04-22 09:19:32,194] {sql.py:98} INFO - Poking: select case when q = 'true' then 1 else 0 end as q from  (
	select case when count(id)=0 then 'true' else 'false' end as q
	from list_flow_log
	where object_flow = 0 and status = 1
) t1; (with parameters None)
[2022-04-22 09:19:32,199] {base.py:79} INFO - Using connection to: id: postgres_default. Host: postgres, Port: 5432, Schema: ***, Login: ***, Password: ***, extra: {}
[2022-04-22 09:20:32,280] {base.py:79} INFO - Using connection to: id: postgres_default. Host: postgres, Port: 5432, Schema: ***, Login: ***, Password: ***, extra: {}
[2022-04-22 09:20:32,373] {sql.py:98} INFO - Poking: select case when q = 'true' then 1 else 0 end as q from  (
	select case when count(id)=0 then 'true' else 'false' end as q
	from list_flow_log
	where object_flow = 0 and status = 1
) t1; (with parameters None)
[2022-04-22 09:20:32,379] {base.py:79} INFO - Using connection to: id: postgres_default. Host: postgres, Port: 5432, Schema: ***, Login: ***, Password: ***, extra: {}
[2022-04-22 09:20:32,382] {base.py:251} INFO - Success criteria met. Exiting.
[2022-04-22 09:20:32,390] {taskinstance.py:1282} INFO - Marking task as SUCCESS. dag_id=cso_2295_ipo_2_cso.py, task_id=log_sensor2, execution_date=20220422T091917, start_date=20220422T091931, end_date=20220422T092032
[2022-04-22 09:20:32,423] {local_task_job.py:154} INFO - Task exited with return code 0
[2022-04-22 09:20:32,454] {local_task_job.py:264} INFO - 1 downstream tasks scheduled from follow-on schedule check
