[2022-04-05 20:29:39,341] {taskinstance.py:1037} INFO - Dependencies all met for <TaskInstance: my_project.choose_best_model manual__2022-04-05T20:29:35.953661+00:00 [queued]>
[2022-04-05 20:29:39,364] {taskinstance.py:1037} INFO - Dependencies all met for <TaskInstance: my_project.choose_best_model manual__2022-04-05T20:29:35.953661+00:00 [queued]>
[2022-04-05 20:29:39,364] {taskinstance.py:1243} INFO - 
--------------------------------------------------------------------------------
[2022-04-05 20:29:39,364] {taskinstance.py:1244} INFO - Starting attempt 1 of 1
[2022-04-05 20:29:39,364] {taskinstance.py:1245} INFO - 
--------------------------------------------------------------------------------
[2022-04-05 20:29:39,375] {taskinstance.py:1264} INFO - Executing <Task(BranchPythonOperator): choose_best_model> on 2022-04-05 20:29:35.953661+00:00
[2022-04-05 20:29:39,381] {standard_task_runner.py:52} INFO - Started process 387 to run task
[2022-04-05 20:29:39,386] {standard_task_runner.py:76} INFO - Running: ['***', 'tasks', 'run', 'my_project', 'choose_best_model', 'manual__2022-04-05T20:29:35.953661+00:00', '--job-id', '11', '--raw', '--subdir', 'DAGS_FOLDER/my_project.py', '--cfg-path', '/tmp/tmp4qfbot62', '--error-file', '/tmp/tmpzbl4nkwg']
[2022-04-05 20:29:39,386] {standard_task_runner.py:77} INFO - Job 11: Subtask choose_best_model
[2022-04-05 20:29:39,441] {logging_mixin.py:109} INFO - Running <TaskInstance: my_project.choose_best_model manual__2022-04-05T20:29:35.953661+00:00 [running]> on host 13210251e6a6
[2022-04-05 20:29:39,485] {taskinstance.py:1431} INFO - Exporting the following env vars:
AIRFLOW_CTX_DAG_OWNER=***
AIRFLOW_CTX_DAG_ID=my_project
AIRFLOW_CTX_TASK_ID=choose_best_model
AIRFLOW_CTX_EXECUTION_DATE=2022-04-05T20:29:35.953661+00:00
AIRFLOW_CTX_DAG_RUN_ID=manual__2022-04-05T20:29:35.953661+00:00
[2022-04-05 20:29:39,493] {python.py:175} INFO - Done. Returned value was: accurate
[2022-04-05 20:29:39,493] {skipmixin.py:140} INFO - Following branch accurate
[2022-04-05 20:29:39,493] {skipmixin.py:171} INFO - Skipping tasks ['inaccurate']
[2022-04-05 20:29:39,543] {taskinstance.py:1282} INFO - Marking task as SUCCESS. dag_id=my_project, task_id=choose_best_model, execution_date=20220405T202935, start_date=20220405T202939, end_date=20220405T202939
[2022-04-05 20:29:39,599] {local_task_job.py:154} INFO - Task exited with return code 0
[2022-04-05 20:29:39,629] {local_task_job.py:264} INFO - 1 downstream tasks scheduled from follow-on schedule check
