[2022-04-19 09:54:50,530] {taskinstance.py:1037} INFO - Dependencies all met for <TaskInstance: hook_dag.transfer_xml manual__2022-04-19T09:52:55.452859+00:00 [queued]>
[2022-04-19 09:54:50,570] {taskinstance.py:1037} INFO - Dependencies all met for <TaskInstance: hook_dag.transfer_xml manual__2022-04-19T09:52:55.452859+00:00 [queued]>
[2022-04-19 09:54:50,570] {taskinstance.py:1243} INFO - 
--------------------------------------------------------------------------------
[2022-04-19 09:54:50,571] {taskinstance.py:1244} INFO - Starting attempt 1 of 2
[2022-04-19 09:54:50,571] {taskinstance.py:1245} INFO - 
--------------------------------------------------------------------------------
[2022-04-19 09:54:50,655] {taskinstance.py:1264} INFO - Executing <Task(Postgres2File): transfer_xml> on 2022-04-19 09:52:55.452859+00:00
[2022-04-19 09:54:50,661] {standard_task_runner.py:52} INFO - Started process 3178 to run task
[2022-04-19 09:54:50,668] {standard_task_runner.py:76} INFO - Running: ['***', 'tasks', 'run', 'hook_dag', 'transfer_xml', 'manual__2022-04-19T09:52:55.452859+00:00', '--job-id', '216', '--raw', '--subdir', 'DAGS_FOLDER/hook_dag.py', '--cfg-path', '/tmp/tmpjc9rg1rh', '--error-file', '/tmp/tmp44eg9zrf']
[2022-04-19 09:54:50,669] {standard_task_runner.py:77} INFO - Job 216: Subtask transfer_xml
[2022-04-19 09:54:50,774] {logging_mixin.py:109} INFO - Running <TaskInstance: hook_dag.transfer_xml manual__2022-04-19T09:52:55.452859+00:00 [running]> on host 22e04adb6bfa
[2022-04-19 09:54:50,947] {taskinstance.py:1431} INFO - Exporting the following env vars:
AIRFLOW_CTX_DAG_OWNER=***
AIRFLOW_CTX_DAG_ID=hook_dag
AIRFLOW_CTX_TASK_ID=transfer_xml
AIRFLOW_CTX_EXECUTION_DATE=2022-04-19T09:52:55.452859+00:00
AIRFLOW_CTX_DAG_RUN_ID=manual__2022-04-19T09:52:55.452859+00:00
[2022-04-19 09:54:50,969] {base.py:79} INFO - Using connection to: id: postgres_default. Host: postgres, Port: 5432, Schema: ***, Login: ***, Password: ***, extra: {}
[2022-04-19 09:54:51,040] {taskinstance.py:1282} INFO - Marking task as SUCCESS. dag_id=hook_dag, task_id=transfer_xml, execution_date=20220419T095255, start_date=20220419T095450, end_date=20220419T095451
[2022-04-19 09:54:51,100] {local_task_job.py:154} INFO - Task exited with return code 0
[2022-04-19 09:54:51,144] {local_task_job.py:264} INFO - 0 downstream tasks scheduled from follow-on schedule check
