[2022-04-21 21:03:51,222] {taskinstance.py:1037} INFO - Dependencies all met for <TaskInstance: cso_2295_ipo_2_cso.py.sleep manual__2022-04-21T21:03:49.018331+00:00 [queued]>
[2022-04-21 21:03:51,235] {taskinstance.py:1037} INFO - Dependencies all met for <TaskInstance: cso_2295_ipo_2_cso.py.sleep manual__2022-04-21T21:03:49.018331+00:00 [queued]>
[2022-04-21 21:03:51,235] {taskinstance.py:1243} INFO - 
--------------------------------------------------------------------------------
[2022-04-21 21:03:51,235] {taskinstance.py:1244} INFO - Starting attempt 1 of 1
[2022-04-21 21:03:51,235] {taskinstance.py:1245} INFO - 
--------------------------------------------------------------------------------
[2022-04-21 21:03:51,293] {taskinstance.py:1264} INFO - Executing <Task(BashOperator): sleep> on 2022-04-21 21:03:49.018331+00:00
[2022-04-21 21:03:51,300] {standard_task_runner.py:52} INFO - Started process 33940 to run task
[2022-04-21 21:03:51,304] {standard_task_runner.py:76} INFO - Running: ['***', 'tasks', 'run', 'cso_2295_ipo_2_cso.py', 'sleep', 'manual__2022-04-21T21:03:49.018331+00:00', '--job-id', '817', '--raw', '--subdir', 'DAGS_FOLDER/cso_2295/cso_2295_ipo_2_cso.py', '--cfg-path', '/tmp/tmpm65b44lq', '--error-file', '/tmp/tmp43cb19ii']
[2022-04-21 21:03:51,305] {standard_task_runner.py:77} INFO - Job 817: Subtask sleep
[2022-04-21 21:03:51,354] {logging_mixin.py:109} INFO - Running <TaskInstance: cso_2295_ipo_2_cso.py.sleep manual__2022-04-21T21:03:49.018331+00:00 [running]> on host 22e04adb6bfa
[2022-04-21 21:03:51,425] {taskinstance.py:1431} INFO - Exporting the following env vars:
AIRFLOW_CTX_DAG_OWNER=***
AIRFLOW_CTX_DAG_ID=cso_2295_ipo_2_cso.py
AIRFLOW_CTX_TASK_ID=sleep
AIRFLOW_CTX_EXECUTION_DATE=2022-04-21T21:03:49.018331+00:00
AIRFLOW_CTX_DAG_RUN_ID=manual__2022-04-21T21:03:49.018331+00:00
[2022-04-21 21:03:51,426] {subprocess.py:62} INFO - Tmp dir root location: 
 /tmp
[2022-04-21 21:03:51,426] {subprocess.py:74} INFO - Running command: ['bash', '-c', 'sleep 5']
[2022-04-21 21:03:51,459] {subprocess.py:85} INFO - Output:
[2022-04-21 21:03:56,462] {subprocess.py:93} INFO - Command exited with return code 0
[2022-04-21 21:03:56,487] {taskinstance.py:1282} INFO - Marking task as SUCCESS. dag_id=cso_2295_ipo_2_cso.py, task_id=sleep, execution_date=20220421T210349, start_date=20220421T210351, end_date=20220421T210356
[2022-04-21 21:03:56,532] {local_task_job.py:154} INFO - Task exited with return code 0
[2022-04-21 21:03:56,558] {local_task_job.py:264} INFO - 0 downstream tasks scheduled from follow-on schedule check
