[2022-04-20 15:41:02,673] {taskinstance.py:1037} INFO - Dependencies all met for <TaskInstance: hook_dag.log_sensor_2 scheduled__2022-04-20T15:37:00+00:00 [queued]>
[2022-04-20 15:41:02,684] {taskinstance.py:1037} INFO - Dependencies all met for <TaskInstance: hook_dag.log_sensor_2 scheduled__2022-04-20T15:37:00+00:00 [queued]>
[2022-04-20 15:41:02,684] {taskinstance.py:1243} INFO - 
--------------------------------------------------------------------------------
[2022-04-20 15:41:02,684] {taskinstance.py:1244} INFO - Starting attempt 1 of 2
[2022-04-20 15:41:02,684] {taskinstance.py:1245} INFO - 
--------------------------------------------------------------------------------
[2022-04-20 15:41:02,693] {taskinstance.py:1264} INFO - Executing <Task(SqlSensor): log_sensor_2> on 2022-04-20 15:37:00+00:00
[2022-04-20 15:41:02,698] {standard_task_runner.py:52} INFO - Started process 22922 to run task
[2022-04-20 15:41:02,700] {standard_task_runner.py:76} INFO - Running: ['***', 'tasks', 'run', 'hook_dag', 'log_sensor_2', 'scheduled__2022-04-20T15:37:00+00:00', '--job-id', '787', '--raw', '--subdir', 'DAGS_FOLDER/hook_dag.py', '--cfg-path', '/tmp/tmpl7fnuu_3', '--error-file', '/tmp/tmp4kel98e4']
[2022-04-20 15:41:02,701] {standard_task_runner.py:77} INFO - Job 787: Subtask log_sensor_2
[2022-04-20 15:41:02,743] {logging_mixin.py:109} INFO - Running <TaskInstance: hook_dag.log_sensor_2 scheduled__2022-04-20T15:37:00+00:00 [running]> on host 22e04adb6bfa
[2022-04-20 15:41:02,788] {taskinstance.py:1431} INFO - Exporting the following env vars:
AIRFLOW_CTX_DAG_OWNER=***
AIRFLOW_CTX_DAG_ID=hook_dag
AIRFLOW_CTX_TASK_ID=log_sensor_2
AIRFLOW_CTX_EXECUTION_DATE=2022-04-20T15:37:00+00:00
AIRFLOW_CTX_DAG_RUN_ID=scheduled__2022-04-20T15:37:00+00:00
[2022-04-20 15:41:02,794] {base.py:79} INFO - Using connection to: id: postgres_default. Host: postgres, Port: 5432, Schema: ***, Login: ***, Password: ***, extra: {}
[2022-04-20 15:41:02,849] {sql.py:98} INFO - Poking: select case when q = 'true' then 1 else 0 end as q from  (
	select case when count(id)=0 then 'true' else 'false' end as q
	from list_flow_log
	where object_flow = 1 and status = 1
) t1; (with parameters None)
[2022-04-20 15:41:02,872] {base.py:79} INFO - Using connection to: id: postgres_default. Host: postgres, Port: 5432, Schema: ***, Login: ***, Password: ***, extra: {}
[2022-04-20 15:42:02,961] {base.py:79} INFO - Using connection to: id: postgres_default. Host: postgres, Port: 5432, Schema: ***, Login: ***, Password: ***, extra: {}
[2022-04-20 15:42:03,087] {sql.py:98} INFO - Poking: select case when q = 'true' then 1 else 0 end as q from  (
	select case when count(id)=0 then 'true' else 'false' end as q
	from list_flow_log
	where object_flow = 1 and status = 1
) t1; (with parameters None)
[2022-04-20 15:42:03,093] {base.py:79} INFO - Using connection to: id: postgres_default. Host: postgres, Port: 5432, Schema: ***, Login: ***, Password: ***, extra: {}
[2022-04-20 15:42:03,097] {base.py:251} INFO - Success criteria met. Exiting.
[2022-04-20 15:42:03,105] {taskinstance.py:1282} INFO - Marking task as SUCCESS. dag_id=hook_dag, task_id=log_sensor_2, execution_date=20220420T153700, start_date=20220420T154102, end_date=20220420T154203
[2022-04-20 15:42:03,126] {local_task_job.py:154} INFO - Task exited with return code 0
[2022-04-20 15:42:03,154] {local_task_job.py:264} INFO - 1 downstream tasks scheduled from follow-on schedule check
