[2022-04-25 08:41:37,296] {taskinstance.py:1037} INFO - Dependencies all met for <TaskInstance: cso_2295_ipo_2_cso_xls.py.branching3 manual__2022-04-25T08:41:17.138194+00:00 [queued]>
[2022-04-25 08:41:37,306] {taskinstance.py:1037} INFO - Dependencies all met for <TaskInstance: cso_2295_ipo_2_cso_xls.py.branching3 manual__2022-04-25T08:41:17.138194+00:00 [queued]>
[2022-04-25 08:41:37,306] {taskinstance.py:1243} INFO - 
--------------------------------------------------------------------------------
[2022-04-25 08:41:37,307] {taskinstance.py:1244} INFO - Starting attempt 1 of 1
[2022-04-25 08:41:37,307] {taskinstance.py:1245} INFO - 
--------------------------------------------------------------------------------
[2022-04-25 08:41:37,317] {taskinstance.py:1264} INFO - Executing <Task(BranchPythonOperator): branching3> on 2022-04-25 08:41:17.138194+00:00
[2022-04-25 08:41:37,321] {standard_task_runner.py:52} INFO - Started process 2179 to run task
[2022-04-25 08:41:37,324] {standard_task_runner.py:76} INFO - Running: ['***', 'tasks', 'run', 'cso_2295_ipo_2_cso_xls.py', 'branching3', 'manual__2022-04-25T08:41:17.138194+00:00', '--job-id', '1151', '--raw', '--subdir', 'DAGS_FOLDER/cso_2295/cso_2295_ipo_2_cso_xls.py', '--cfg-path', '/tmp/tmpxra31ys7', '--error-file', '/tmp/tmpqnrpzg2w']
[2022-04-25 08:41:37,324] {standard_task_runner.py:77} INFO - Job 1151: Subtask branching3
[2022-04-25 08:41:37,365] {logging_mixin.py:109} INFO - Running <TaskInstance: cso_2295_ipo_2_cso_xls.py.branching3 manual__2022-04-25T08:41:17.138194+00:00 [running]> on host 22e04adb6bfa
[2022-04-25 08:41:37,411] {taskinstance.py:1431} INFO - Exporting the following env vars:
AIRFLOW_CTX_DAG_OWNER=***
AIRFLOW_CTX_DAG_ID=cso_2295_ipo_2_cso_xls.py
AIRFLOW_CTX_TASK_ID=branching3
AIRFLOW_CTX_EXECUTION_DATE=2022-04-25T08:41:17.138194+00:00
AIRFLOW_CTX_DAG_RUN_ID=manual__2022-04-25T08:41:17.138194+00:00
[2022-04-25 08:41:37,412] {python.py:175} INFO - Done. Returned value was: transfer_cso_calendar
[2022-04-25 08:41:37,412] {skipmixin.py:140} INFO - Following branch transfer_cso_calendar
[2022-04-25 08:41:37,412] {skipmixin.py:171} INFO - Skipping tasks ['log_end_no_data3']
[2022-04-25 08:41:37,438] {taskinstance.py:1282} INFO - Marking task as SUCCESS. dag_id=cso_2295_ipo_2_cso_xls.py, task_id=branching3, execution_date=20220425T084117, start_date=20220425T084137, end_date=20220425T084137
[2022-04-25 08:41:37,455] {local_task_job.py:154} INFO - Task exited with return code 0
[2022-04-25 08:41:37,494] {local_task_job.py:264} INFO - 1 downstream tasks scheduled from follow-on schedule check
