[2022-04-19 14:55:38,864] {taskinstance.py:1037} INFO - Dependencies all met for <TaskInstance: hook_dag.transfer_xml manual__2022-04-19T14:55:27.193531+00:00 [queued]>
[2022-04-19 14:55:38,875] {taskinstance.py:1037} INFO - Dependencies all met for <TaskInstance: hook_dag.transfer_xml manual__2022-04-19T14:55:27.193531+00:00 [queued]>
[2022-04-19 14:55:38,875] {taskinstance.py:1243} INFO - 
--------------------------------------------------------------------------------
[2022-04-19 14:55:38,875] {taskinstance.py:1244} INFO - Starting attempt 1 of 2
[2022-04-19 14:55:38,875] {taskinstance.py:1245} INFO - 
--------------------------------------------------------------------------------
[2022-04-19 14:55:38,884] {taskinstance.py:1264} INFO - Executing <Task(Postgres2File): transfer_xml> on 2022-04-19 14:55:27.193531+00:00
[2022-04-19 14:55:38,888] {standard_task_runner.py:52} INFO - Started process 18376 to run task
[2022-04-19 14:55:38,890] {standard_task_runner.py:76} INFO - Running: ['***', 'tasks', 'run', 'hook_dag', 'transfer_xml', 'manual__2022-04-19T14:55:27.193531+00:00', '--job-id', '532', '--raw', '--subdir', 'DAGS_FOLDER/hook_dag.py', '--cfg-path', '/tmp/tmpbms7mqeu', '--error-file', '/tmp/tmp3b8nt5sj']
[2022-04-19 14:55:38,891] {standard_task_runner.py:77} INFO - Job 532: Subtask transfer_xml
[2022-04-19 14:55:38,951] {logging_mixin.py:109} INFO - Running <TaskInstance: hook_dag.transfer_xml manual__2022-04-19T14:55:27.193531+00:00 [running]> on host 22e04adb6bfa
[2022-04-19 14:55:38,989] {taskinstance.py:1431} INFO - Exporting the following env vars:
AIRFLOW_CTX_DAG_OWNER=***
AIRFLOW_CTX_DAG_ID=hook_dag
AIRFLOW_CTX_TASK_ID=transfer_xml
AIRFLOW_CTX_EXECUTION_DATE=2022-04-19T14:55:27.193531+00:00
AIRFLOW_CTX_DAG_RUN_ID=manual__2022-04-19T14:55:27.193531+00:00
[2022-04-19 14:55:38,995] {base.py:79} INFO - Using connection to: id: postgres_default. Host: postgres, Port: 5432, Schema: ***, Login: ***, Password: ***, extra: {}
[2022-04-19 14:55:39,025] {taskinstance.py:1282} INFO - Marking task as SUCCESS. dag_id=hook_dag, task_id=transfer_xml, execution_date=20220419T145527, start_date=20220419T145538, end_date=20220419T145539
[2022-04-19 14:55:39,061] {local_task_job.py:154} INFO - Task exited with return code 0
[2022-04-19 14:55:39,093] {base.py:79} INFO - Using connection to: id: postgres_default. Host: postgres, Port: 5432, Schema: ***, Login: ***, Password: ***, extra: {}
[2022-04-19 14:55:39,096] {dbapi.py:225} INFO - Running statement: update list_flow_log
                set t_end=NOW(), status=2, comment = '*Task*: transfer_xml success'
                where id = 33;, parameters: None
[2022-04-19 14:55:39,097] {dbapi.py:233} INFO - Rows affected: 1
[2022-04-19 14:55:39,113] {local_task_job.py:264} INFO - 0 downstream tasks scheduled from follow-on schedule check
