[2022-04-25 12:29:26,220] {taskinstance.py:1037} INFO - Dependencies all met for <TaskInstance: cso_2295_ipo_2_cso.py.check_system_target2 manual__2022-04-25T12:28:07.845997+00:00 [queued]>
[2022-04-25 12:29:26,233] {taskinstance.py:1037} INFO - Dependencies all met for <TaskInstance: cso_2295_ipo_2_cso.py.check_system_target2 manual__2022-04-25T12:28:07.845997+00:00 [queued]>
[2022-04-25 12:29:26,233] {taskinstance.py:1243} INFO - 
--------------------------------------------------------------------------------
[2022-04-25 12:29:26,234] {taskinstance.py:1244} INFO - Starting attempt 1 of 1
[2022-04-25 12:29:26,234] {taskinstance.py:1245} INFO - 
--------------------------------------------------------------------------------
[2022-04-25 12:29:26,252] {taskinstance.py:1264} INFO - Executing <Task(BranchPythonOperator): check_system_target2> on 2022-04-25 12:28:07.845997+00:00
[2022-04-25 12:29:26,266] {standard_task_runner.py:52} INFO - Started process 13361 to run task
[2022-04-25 12:29:26,268] {standard_task_runner.py:76} INFO - Running: ['***', 'tasks', 'run', 'cso_2295_ipo_2_cso.py', 'check_system_target2', 'manual__2022-04-25T12:28:07.845997+00:00', '--job-id', '1231', '--raw', '--subdir', 'DAGS_FOLDER/cso_2295/cso_2295_ipo_2_cso.py', '--cfg-path', '/tmp/tmp2q83z8ug', '--error-file', '/tmp/tmpyris40o5']
[2022-04-25 12:29:26,269] {standard_task_runner.py:77} INFO - Job 1231: Subtask check_system_target2
[2022-04-25 12:29:26,364] {logging_mixin.py:109} INFO - Running <TaskInstance: cso_2295_ipo_2_cso.py.check_system_target2 manual__2022-04-25T12:28:07.845997+00:00 [running]> on host 22e04adb6bfa
[2022-04-25 12:29:26,413] {taskinstance.py:1431} INFO - Exporting the following env vars:
AIRFLOW_CTX_DAG_OWNER=***
AIRFLOW_CTX_DAG_ID=cso_2295_ipo_2_cso.py
AIRFLOW_CTX_TASK_ID=check_system_target2
AIRFLOW_CTX_EXECUTION_DATE=2022-04-25T12:28:07.845997+00:00
AIRFLOW_CTX_DAG_RUN_ID=manual__2022-04-25T12:28:07.845997+00:00
[2022-04-25 12:29:26,414] {python.py:175} INFO - Done. Returned value was: transfer_cso_pers
[2022-04-25 12:29:26,414] {skipmixin.py:140} INFO - Following branch transfer_cso_pers
[2022-04-25 12:29:26,414] {skipmixin.py:171} INFO - Skipping tasks ['log_err_access_target2']
[2022-04-25 12:29:26,469] {taskinstance.py:1282} INFO - Marking task as SUCCESS. dag_id=cso_2295_ipo_2_cso.py, task_id=check_system_target2, execution_date=20220425T122807, start_date=20220425T122926, end_date=20220425T122926
[2022-04-25 12:29:26,490] {local_task_job.py:154} INFO - Task exited with return code 0
[2022-04-25 12:29:26,515] {local_task_job.py:264} INFO - 1 downstream tasks scheduled from follow-on schedule check
