[2022-05-01 20:04:10,896] {processor.py:163} INFO - Started process (PID=96) to work on /opt/airflow/dags/cso_2295/cso_2295_ipo_2_cso_xls.py
[2022-05-01 20:04:10,897] {processor.py:642} INFO - Processing file /opt/airflow/dags/cso_2295/cso_2295_ipo_2_cso_xls.py for tasks to queue
[2022-05-01 20:04:10,898] {logging_mixin.py:109} INFO - [2022-05-01 20:04:10,898] {dagbag.py:500} INFO - Filling up the DagBag from /opt/airflow/dags/cso_2295/cso_2295_ipo_2_cso_xls.py
[2022-05-01 20:04:15,712] {processor.py:654} INFO - DAG(s) dict_keys(['cso_2295_ipo_2_cso_xls.py']) retrieved from /opt/airflow/dags/cso_2295/cso_2295_ipo_2_cso_xls.py
[2022-05-01 20:04:16,118] {logging_mixin.py:109} WARNING - /home/airflow/.local/lib/python3.7/site-packages/airflow/plugins_manager.py:245 DeprecationWarning: This decorator is deprecated.

In previous versions, all subclasses of BaseOperator must use apply_default decorator for the `default_args` feature to work properly.

In current version, it is optional. The decorator is applied automatically using the metaclass.
[2022-05-01 20:04:16,436] {logging_mixin.py:109} INFO - [2022-05-01 20:04:16,436] {base.py:79} INFO - Using connection to: id: postgres_default. Host: postgres, Port: 5432, Schema: airflow, Login: airflow, Password: airflow, extra: {}
[2022-05-01 20:04:16,442] {logging_mixin.py:109} INFO - [2022-05-01 20:04:16,442] {dbapi.py:225} INFO - Running statement: update list_flow_log
                set t_end=NOW(), status=3, code_error=3, comment = '*Task*: log_sensor2'
                where id = 136;, parameters: None
[2022-05-01 20:04:16,473] {logging_mixin.py:109} INFO - [2022-05-01 20:04:16,473] {dbapi.py:233} INFO - Rows affected: 1
[2022-05-01 20:04:16,473] {processor.py:608} INFO - Executed failure callback for <TaskInstance: cso_2295_ipo_2_cso_xls.py.log_sensor2 scheduled__2022-04-28T15:41:00+00:00 [failed]> in state failed
[2022-05-01 20:04:16,556] {logging_mixin.py:109} INFO - [2022-05-01 20:04:16,556] {base.py:79} INFO - Using connection to: id: postgres_default. Host: postgres, Port: 5432, Schema: airflow, Login: airflow, Password: airflow, extra: {}
[2022-05-01 20:04:16,558] {logging_mixin.py:109} INFO - [2022-05-01 20:04:16,558] {dbapi.py:225} INFO - Running statement: update list_flow_log
                set t_end=NOW(), status=3, code_error=3, comment = '*Task*: log_sensor3'
                where id = 136;, parameters: None
[2022-05-01 20:04:16,559] {logging_mixin.py:109} INFO - [2022-05-01 20:04:16,559] {dbapi.py:233} INFO - Rows affected: 1
[2022-05-01 20:04:16,564] {processor.py:608} INFO - Executed failure callback for <TaskInstance: cso_2295_ipo_2_cso_xls.py.log_sensor3 scheduled__2022-04-28T15:41:00+00:00 [failed]> in state failed
[2022-05-01 20:04:16,582] {logging_mixin.py:109} WARNING - /home/airflow/.local/lib/python3.7/site-packages/airflow/models/dagbag.py:602 DeprecationWarning: DAG.full_filepath is deprecated in favour of fileloc
[2022-05-01 20:04:16,818] {logging_mixin.py:109} INFO - [2022-05-01 20:04:16,582] {dagbag.py:602} ERROR - Failed to write serialized DAG: /opt/airflow/dags/cso_2295/cso_2295_ipo_2_cso_xls.py
Traceback (most recent call last):
  File "/home/airflow/.local/lib/python3.7/site-packages/airflow/serialization/serialized_objects.py", line 830, in serialize_dag
    serialize_dag["tasks"] = [cls._serialize(task) for _, task in dag.task_dict.items()]
  File "/home/airflow/.local/lib/python3.7/site-packages/airflow/serialization/serialized_objects.py", line 830, in <listcomp>
    serialize_dag["tasks"] = [cls._serialize(task) for _, task in dag.task_dict.items()]
  File "/home/airflow/.local/lib/python3.7/site-packages/airflow/serialization/serialized_objects.py", line 308, in _serialize
    return SerializedBaseOperator.serialize_operator(var)
  File "/home/airflow/.local/lib/python3.7/site-packages/airflow/serialization/serialized_objects.py", line 578, in serialize_operator
    serialize_op['params'] = cls._serialize_params_dict(op.params)
  File "/home/airflow/.local/lib/python3.7/site-packages/airflow/serialization/serialized_objects.py", line 451, in _serialize_params_dict
    if f'{v.__module__}.{v.__class__.__name__}' == 'airflow.models.param.Param':
AttributeError: 'int' object has no attribute '__module__'

During handling of the above exception, another exception occurred:

Traceback (most recent call last):
  File "/home/airflow/.local/lib/python3.7/site-packages/airflow/models/dagbag.py", line 594, in _serialize_dag_capturing_errors
    session=session,
  File "/home/airflow/.local/lib/python3.7/site-packages/airflow/utils/session.py", line 67, in wrapper
    return func(*args, **kwargs)
  File "/home/airflow/.local/lib/python3.7/site-packages/airflow/models/serialized_dag.py", line 136, in write_dag
    new_serialized_dag = cls(dag)
  File "<string>", line 4, in __init__
  File "/home/airflow/.local/lib/python3.7/site-packages/sqlalchemy/orm/state.py", line 433, in _initialize_instance
    manager.dispatch.init_failure(self, args, kwargs)
  File "/home/airflow/.local/lib/python3.7/site-packages/sqlalchemy/util/langhelpers.py", line 70, in __exit__
    with_traceback=exc_tb,
  File "/home/airflow/.local/lib/python3.7/site-packages/sqlalchemy/util/compat.py", line 182, in raise_
    raise exception
  File "/home/airflow/.local/lib/python3.7/site-packages/sqlalchemy/orm/state.py", line 430, in _initialize_instance
    return manager.original_init(*mixed[1:], **kwargs)
  File "/home/airflow/.local/lib/python3.7/site-packages/airflow/models/serialized_dag.py", line 95, in __init__
    self.data = SerializedDAG.to_dict(dag)
  File "/home/airflow/.local/lib/python3.7/site-packages/airflow/serialization/serialized_objects.py", line 939, in to_dict
    json_dict = {"__version": cls.SERIALIZER_VERSION, "dag": cls.serialize_dag(var)}
  File "/home/airflow/.local/lib/python3.7/site-packages/airflow/serialization/serialized_objects.py", line 851, in serialize_dag
    raise SerializationError(f'Failed to serialize DAG {dag.dag_id!r}: {e}')
airflow.exceptions.SerializationError: Failed to serialize DAG 'cso_2295_ipo_2_cso_xls.py': 'int' object has no attribute '__module__'
[2022-05-01 20:04:16,819] {logging_mixin.py:109} INFO - [2022-05-01 20:04:16,819] {dag.py:2398} INFO - Sync 1 DAGs
[2022-05-01 20:04:16,837] {logging_mixin.py:109} INFO - [2022-05-01 20:04:16,837] {dag.py:2937} INFO - Setting next_dagrun for cso_2295_ipo_2_cso_xls.py to 2022-05-01T15:41:00+00:00
[2022-05-01 20:04:17,084] {processor.py:171} INFO - Processing /opt/airflow/dags/cso_2295/cso_2295_ipo_2_cso_xls.py took 6.189 seconds
[2022-05-01 20:04:47,305] {processor.py:163} INFO - Started process (PID=150) to work on /opt/airflow/dags/cso_2295/cso_2295_ipo_2_cso_xls.py
[2022-05-01 20:04:47,306] {processor.py:642} INFO - Processing file /opt/airflow/dags/cso_2295/cso_2295_ipo_2_cso_xls.py for tasks to queue
[2022-05-01 20:04:47,307] {logging_mixin.py:109} INFO - [2022-05-01 20:04:47,307] {dagbag.py:500} INFO - Filling up the DagBag from /opt/airflow/dags/cso_2295/cso_2295_ipo_2_cso_xls.py
[2022-05-01 20:04:48,022] {processor.py:654} INFO - DAG(s) dict_keys(['cso_2295_ipo_2_cso_xls.py']) retrieved from /opt/airflow/dags/cso_2295/cso_2295_ipo_2_cso_xls.py
[2022-05-01 20:04:48,128] {logging_mixin.py:109} WARNING - /home/airflow/.local/lib/python3.7/site-packages/airflow/plugins_manager.py:245 DeprecationWarning: This decorator is deprecated.

In previous versions, all subclasses of BaseOperator must use apply_default decorator for the `default_args` feature to work properly.

In current version, it is optional. The decorator is applied automatically using the metaclass.
[2022-05-01 20:04:48,165] {logging_mixin.py:109} INFO - [2022-05-01 20:04:48,165] {base.py:79} INFO - Using connection to: id: postgres_default. Host: postgres, Port: 5432, Schema: airflow, Login: airflow, Password: airflow, extra: {}
[2022-05-01 20:04:48,168] {logging_mixin.py:109} INFO - [2022-05-01 20:04:48,168] {dbapi.py:225} INFO - Running statement: update list_flow_log
                set t_end=NOW(), status=3, code_error=3, comment = '*Task*: log_sensor2'
                where id = 136;, parameters: None
[2022-05-01 20:04:48,169] {logging_mixin.py:109} INFO - [2022-05-01 20:04:48,169] {dbapi.py:233} INFO - Rows affected: 1
[2022-05-01 20:04:48,170] {processor.py:608} INFO - Executed failure callback for <TaskInstance: cso_2295_ipo_2_cso_xls.py.log_sensor2 scheduled__2022-04-28T15:41:00+00:00 [failed]> in state failed
[2022-05-01 20:04:48,221] {logging_mixin.py:109} INFO - [2022-05-01 20:04:48,221] {base.py:79} INFO - Using connection to: id: postgres_default. Host: postgres, Port: 5432, Schema: airflow, Login: airflow, Password: airflow, extra: {}
[2022-05-01 20:04:48,224] {logging_mixin.py:109} INFO - [2022-05-01 20:04:48,224] {dbapi.py:225} INFO - Running statement: update list_flow_log
                set t_end=NOW(), status=3, code_error=3, comment = '*Task*: log_sensor3'
                where id = 136;, parameters: None
[2022-05-01 20:04:48,225] {logging_mixin.py:109} INFO - [2022-05-01 20:04:48,225] {dbapi.py:233} INFO - Rows affected: 1
[2022-05-01 20:04:48,226] {processor.py:608} INFO - Executed failure callback for <TaskInstance: cso_2295_ipo_2_cso_xls.py.log_sensor3 scheduled__2022-04-28T15:41:00+00:00 [failed]> in state failed
[2022-05-01 20:04:48,244] {logging_mixin.py:109} WARNING - /home/airflow/.local/lib/python3.7/site-packages/airflow/models/dagbag.py:602 DeprecationWarning: DAG.full_filepath is deprecated in favour of fileloc
[2022-05-01 20:04:48,245] {logging_mixin.py:109} INFO - [2022-05-01 20:04:48,244] {dagbag.py:602} ERROR - Failed to write serialized DAG: /opt/airflow/dags/cso_2295/cso_2295_ipo_2_cso_xls.py
Traceback (most recent call last):
  File "/home/airflow/.local/lib/python3.7/site-packages/airflow/serialization/serialized_objects.py", line 830, in serialize_dag
    serialize_dag["tasks"] = [cls._serialize(task) for _, task in dag.task_dict.items()]
  File "/home/airflow/.local/lib/python3.7/site-packages/airflow/serialization/serialized_objects.py", line 830, in <listcomp>
    serialize_dag["tasks"] = [cls._serialize(task) for _, task in dag.task_dict.items()]
  File "/home/airflow/.local/lib/python3.7/site-packages/airflow/serialization/serialized_objects.py", line 308, in _serialize
    return SerializedBaseOperator.serialize_operator(var)
  File "/home/airflow/.local/lib/python3.7/site-packages/airflow/serialization/serialized_objects.py", line 578, in serialize_operator
    serialize_op['params'] = cls._serialize_params_dict(op.params)
  File "/home/airflow/.local/lib/python3.7/site-packages/airflow/serialization/serialized_objects.py", line 451, in _serialize_params_dict
    if f'{v.__module__}.{v.__class__.__name__}' == 'airflow.models.param.Param':
AttributeError: 'int' object has no attribute '__module__'

During handling of the above exception, another exception occurred:

Traceback (most recent call last):
  File "/home/airflow/.local/lib/python3.7/site-packages/airflow/models/dagbag.py", line 594, in _serialize_dag_capturing_errors
    session=session,
  File "/home/airflow/.local/lib/python3.7/site-packages/airflow/utils/session.py", line 67, in wrapper
    return func(*args, **kwargs)
  File "/home/airflow/.local/lib/python3.7/site-packages/airflow/models/serialized_dag.py", line 136, in write_dag
    new_serialized_dag = cls(dag)
  File "<string>", line 4, in __init__
  File "/home/airflow/.local/lib/python3.7/site-packages/sqlalchemy/orm/state.py", line 433, in _initialize_instance
    manager.dispatch.init_failure(self, args, kwargs)
  File "/home/airflow/.local/lib/python3.7/site-packages/sqlalchemy/util/langhelpers.py", line 70, in __exit__
    with_traceback=exc_tb,
  File "/home/airflow/.local/lib/python3.7/site-packages/sqlalchemy/util/compat.py", line 182, in raise_
    raise exception
  File "/home/airflow/.local/lib/python3.7/site-packages/sqlalchemy/orm/state.py", line 430, in _initialize_instance
    return manager.original_init(*mixed[1:], **kwargs)
  File "/home/airflow/.local/lib/python3.7/site-packages/airflow/models/serialized_dag.py", line 95, in __init__
    self.data = SerializedDAG.to_dict(dag)
  File "/home/airflow/.local/lib/python3.7/site-packages/airflow/serialization/serialized_objects.py", line 939, in to_dict
    json_dict = {"__version": cls.SERIALIZER_VERSION, "dag": cls.serialize_dag(var)}
  File "/home/airflow/.local/lib/python3.7/site-packages/airflow/serialization/serialized_objects.py", line 851, in serialize_dag
    raise SerializationError(f'Failed to serialize DAG {dag.dag_id!r}: {e}')
airflow.exceptions.SerializationError: Failed to serialize DAG 'cso_2295_ipo_2_cso_xls.py': 'int' object has no attribute '__module__'
[2022-05-01 20:04:48,245] {logging_mixin.py:109} INFO - [2022-05-01 20:04:48,245] {dag.py:2398} INFO - Sync 1 DAGs
[2022-05-01 20:04:48,269] {logging_mixin.py:109} INFO - [2022-05-01 20:04:48,269] {dag.py:2937} INFO - Setting next_dagrun for cso_2295_ipo_2_cso_xls.py to 2022-05-01T15:41:00+00:00
[2022-05-01 20:04:48,295] {processor.py:171} INFO - Processing /opt/airflow/dags/cso_2295/cso_2295_ipo_2_cso_xls.py took 0.996 seconds
[2022-05-01 20:05:18,632] {processor.py:163} INFO - Started process (PID=203) to work on /opt/airflow/dags/cso_2295/cso_2295_ipo_2_cso_xls.py
[2022-05-01 20:05:18,633] {processor.py:642} INFO - Processing file /opt/airflow/dags/cso_2295/cso_2295_ipo_2_cso_xls.py for tasks to queue
[2022-05-01 20:05:18,633] {logging_mixin.py:109} INFO - [2022-05-01 20:05:18,633] {dagbag.py:500} INFO - Filling up the DagBag from /opt/airflow/dags/cso_2295/cso_2295_ipo_2_cso_xls.py
[2022-05-01 20:05:19,324] {processor.py:654} INFO - DAG(s) dict_keys(['cso_2295_ipo_2_cso_xls.py']) retrieved from /opt/airflow/dags/cso_2295/cso_2295_ipo_2_cso_xls.py
[2022-05-01 20:05:19,361] {logging_mixin.py:109} INFO - [2022-05-01 20:05:19,361] {dag.py:2398} INFO - Sync 1 DAGs
[2022-05-01 20:05:19,375] {logging_mixin.py:109} INFO - [2022-05-01 20:05:19,375] {dag.py:2937} INFO - Setting next_dagrun for cso_2295_ipo_2_cso_xls.py to 2022-05-01T15:41:00+00:00
[2022-05-01 20:05:19,382] {processor.py:171} INFO - Processing /opt/airflow/dags/cso_2295/cso_2295_ipo_2_cso_xls.py took 0.752 seconds
[2022-05-01 20:05:49,820] {processor.py:163} INFO - Started process (PID=248) to work on /opt/airflow/dags/cso_2295/cso_2295_ipo_2_cso_xls.py
[2022-05-01 20:05:49,821] {processor.py:642} INFO - Processing file /opt/airflow/dags/cso_2295/cso_2295_ipo_2_cso_xls.py for tasks to queue
[2022-05-01 20:05:49,822] {logging_mixin.py:109} INFO - [2022-05-01 20:05:49,822] {dagbag.py:500} INFO - Filling up the DagBag from /opt/airflow/dags/cso_2295/cso_2295_ipo_2_cso_xls.py
[2022-05-01 20:05:51,054] {processor.py:654} INFO - DAG(s) dict_keys(['cso_2295_ipo_2_cso_xls.py']) retrieved from /opt/airflow/dags/cso_2295/cso_2295_ipo_2_cso_xls.py
[2022-05-01 20:05:51,098] {logging_mixin.py:109} INFO - [2022-05-01 20:05:51,098] {dag.py:2398} INFO - Sync 1 DAGs
[2022-05-01 20:05:51,117] {logging_mixin.py:109} INFO - [2022-05-01 20:05:51,117] {dag.py:2937} INFO - Setting next_dagrun for cso_2295_ipo_2_cso_xls.py to 2022-05-01T15:41:00+00:00
[2022-05-01 20:05:51,155] {processor.py:171} INFO - Processing /opt/airflow/dags/cso_2295/cso_2295_ipo_2_cso_xls.py took 1.338 seconds
[2022-05-01 20:06:21,340] {processor.py:163} INFO - Started process (PID=298) to work on /opt/airflow/dags/cso_2295/cso_2295_ipo_2_cso_xls.py
[2022-05-01 20:06:21,343] {processor.py:642} INFO - Processing file /opt/airflow/dags/cso_2295/cso_2295_ipo_2_cso_xls.py for tasks to queue
[2022-05-01 20:06:21,345] {logging_mixin.py:109} INFO - [2022-05-01 20:06:21,344] {dagbag.py:500} INFO - Filling up the DagBag from /opt/airflow/dags/cso_2295/cso_2295_ipo_2_cso_xls.py
[2022-05-01 20:06:22,050] {processor.py:654} INFO - DAG(s) dict_keys(['cso_2295_ipo_2_cso_xls.py']) retrieved from /opt/airflow/dags/cso_2295/cso_2295_ipo_2_cso_xls.py
[2022-05-01 20:06:22,075] {logging_mixin.py:109} INFO - [2022-05-01 20:06:22,075] {dag.py:2398} INFO - Sync 1 DAGs
[2022-05-01 20:06:22,091] {logging_mixin.py:109} INFO - [2022-05-01 20:06:22,091] {dag.py:2937} INFO - Setting next_dagrun for cso_2295_ipo_2_cso_xls.py to 2022-05-01T15:41:00+00:00
[2022-05-01 20:06:22,097] {processor.py:171} INFO - Processing /opt/airflow/dags/cso_2295/cso_2295_ipo_2_cso_xls.py took 0.765 seconds
[2022-05-01 20:06:52,634] {processor.py:163} INFO - Started process (PID=350) to work on /opt/airflow/dags/cso_2295/cso_2295_ipo_2_cso_xls.py
[2022-05-01 20:06:52,708] {processor.py:642} INFO - Processing file /opt/airflow/dags/cso_2295/cso_2295_ipo_2_cso_xls.py for tasks to queue
[2022-05-01 20:06:52,710] {logging_mixin.py:109} INFO - [2022-05-01 20:06:52,710] {dagbag.py:500} INFO - Filling up the DagBag from /opt/airflow/dags/cso_2295/cso_2295_ipo_2_cso_xls.py
[2022-05-01 20:06:53,433] {processor.py:654} INFO - DAG(s) dict_keys(['cso_2295_ipo_2_cso_xls.py']) retrieved from /opt/airflow/dags/cso_2295/cso_2295_ipo_2_cso_xls.py
[2022-05-01 20:06:53,459] {logging_mixin.py:109} INFO - [2022-05-01 20:06:53,459] {dag.py:2398} INFO - Sync 1 DAGs
[2022-05-01 20:06:53,471] {logging_mixin.py:109} INFO - [2022-05-01 20:06:53,471] {dag.py:2937} INFO - Setting next_dagrun for cso_2295_ipo_2_cso_xls.py to 2022-05-01T15:41:00+00:00
[2022-05-01 20:06:53,479] {processor.py:171} INFO - Processing /opt/airflow/dags/cso_2295/cso_2295_ipo_2_cso_xls.py took 0.849 seconds
[2022-05-01 20:07:23,631] {processor.py:163} INFO - Started process (PID=392) to work on /opt/airflow/dags/cso_2295/cso_2295_ipo_2_cso_xls.py
[2022-05-01 20:07:23,635] {processor.py:642} INFO - Processing file /opt/airflow/dags/cso_2295/cso_2295_ipo_2_cso_xls.py for tasks to queue
[2022-05-01 20:07:23,636] {logging_mixin.py:109} INFO - [2022-05-01 20:07:23,636] {dagbag.py:500} INFO - Filling up the DagBag from /opt/airflow/dags/cso_2295/cso_2295_ipo_2_cso_xls.py
[2022-05-01 20:07:24,305] {processor.py:654} INFO - DAG(s) dict_keys(['cso_2295_ipo_2_cso_xls.py']) retrieved from /opt/airflow/dags/cso_2295/cso_2295_ipo_2_cso_xls.py
[2022-05-01 20:07:24,331] {logging_mixin.py:109} INFO - [2022-05-01 20:07:24,331] {dag.py:2398} INFO - Sync 1 DAGs
[2022-05-01 20:07:24,343] {logging_mixin.py:109} INFO - [2022-05-01 20:07:24,343] {dag.py:2937} INFO - Setting next_dagrun for cso_2295_ipo_2_cso_xls.py to 2022-05-01T15:41:00+00:00
[2022-05-01 20:07:24,350] {processor.py:171} INFO - Processing /opt/airflow/dags/cso_2295/cso_2295_ipo_2_cso_xls.py took 0.728 seconds
[2022-05-01 20:07:54,947] {processor.py:163} INFO - Started process (PID=450) to work on /opt/airflow/dags/cso_2295/cso_2295_ipo_2_cso_xls.py
[2022-05-01 20:07:54,947] {processor.py:642} INFO - Processing file /opt/airflow/dags/cso_2295/cso_2295_ipo_2_cso_xls.py for tasks to queue
[2022-05-01 20:07:54,948] {logging_mixin.py:109} INFO - [2022-05-01 20:07:54,948] {dagbag.py:500} INFO - Filling up the DagBag from /opt/airflow/dags/cso_2295/cso_2295_ipo_2_cso_xls.py
[2022-05-01 20:07:55,618] {processor.py:654} INFO - DAG(s) dict_keys(['cso_2295_ipo_2_cso_xls.py']) retrieved from /opt/airflow/dags/cso_2295/cso_2295_ipo_2_cso_xls.py
[2022-05-01 20:07:55,644] {logging_mixin.py:109} INFO - [2022-05-01 20:07:55,644] {dag.py:2398} INFO - Sync 1 DAGs
[2022-05-01 20:07:55,658] {logging_mixin.py:109} INFO - [2022-05-01 20:07:55,657] {dag.py:2937} INFO - Setting next_dagrun for cso_2295_ipo_2_cso_xls.py to 2022-05-01T15:41:00+00:00
[2022-05-01 20:07:55,671] {processor.py:171} INFO - Processing /opt/airflow/dags/cso_2295/cso_2295_ipo_2_cso_xls.py took 0.727 seconds
[2022-05-01 20:08:25,819] {processor.py:163} INFO - Started process (PID=506) to work on /opt/airflow/dags/cso_2295/cso_2295_ipo_2_cso_xls.py
[2022-05-01 20:08:25,820] {processor.py:642} INFO - Processing file /opt/airflow/dags/cso_2295/cso_2295_ipo_2_cso_xls.py for tasks to queue
[2022-05-01 20:08:25,820] {logging_mixin.py:109} INFO - [2022-05-01 20:08:25,820] {dagbag.py:500} INFO - Filling up the DagBag from /opt/airflow/dags/cso_2295/cso_2295_ipo_2_cso_xls.py
[2022-05-01 20:08:26,529] {processor.py:654} INFO - DAG(s) dict_keys(['cso_2295_ipo_2_cso_xls.py']) retrieved from /opt/airflow/dags/cso_2295/cso_2295_ipo_2_cso_xls.py
[2022-05-01 20:08:26,565] {logging_mixin.py:109} INFO - [2022-05-01 20:08:26,565] {dag.py:2398} INFO - Sync 1 DAGs
[2022-05-01 20:08:26,585] {logging_mixin.py:109} INFO - [2022-05-01 20:08:26,585] {dag.py:2937} INFO - Setting next_dagrun for cso_2295_ipo_2_cso_xls.py to 2022-05-01T15:41:00+00:00
[2022-05-01 20:08:26,654] {processor.py:171} INFO - Processing /opt/airflow/dags/cso_2295/cso_2295_ipo_2_cso_xls.py took 0.838 seconds
[2022-05-01 20:08:56,975] {processor.py:163} INFO - Started process (PID=549) to work on /opt/airflow/dags/cso_2295/cso_2295_ipo_2_cso_xls.py
[2022-05-01 20:08:56,978] {processor.py:642} INFO - Processing file /opt/airflow/dags/cso_2295/cso_2295_ipo_2_cso_xls.py for tasks to queue
[2022-05-01 20:08:56,978] {logging_mixin.py:109} INFO - [2022-05-01 20:08:56,978] {dagbag.py:500} INFO - Filling up the DagBag from /opt/airflow/dags/cso_2295/cso_2295_ipo_2_cso_xls.py
[2022-05-01 20:08:57,839] {processor.py:654} INFO - DAG(s) dict_keys(['cso_2295_ipo_2_cso_xls.py']) retrieved from /opt/airflow/dags/cso_2295/cso_2295_ipo_2_cso_xls.py
[2022-05-01 20:08:57,868] {logging_mixin.py:109} INFO - [2022-05-01 20:08:57,868] {dag.py:2398} INFO - Sync 1 DAGs
[2022-05-01 20:08:57,883] {logging_mixin.py:109} INFO - [2022-05-01 20:08:57,882] {dag.py:2937} INFO - Setting next_dagrun for cso_2295_ipo_2_cso_xls.py to 2022-05-01T15:41:00+00:00
[2022-05-01 20:08:57,891] {processor.py:171} INFO - Processing /opt/airflow/dags/cso_2295/cso_2295_ipo_2_cso_xls.py took 0.917 seconds
[2022-05-01 20:09:28,424] {processor.py:163} INFO - Started process (PID=602) to work on /opt/airflow/dags/cso_2295/cso_2295_ipo_2_cso_xls.py
[2022-05-01 20:09:28,425] {processor.py:642} INFO - Processing file /opt/airflow/dags/cso_2295/cso_2295_ipo_2_cso_xls.py for tasks to queue
[2022-05-01 20:09:28,426] {logging_mixin.py:109} INFO - [2022-05-01 20:09:28,425] {dagbag.py:500} INFO - Filling up the DagBag from /opt/airflow/dags/cso_2295/cso_2295_ipo_2_cso_xls.py
[2022-05-01 20:09:29,100] {processor.py:654} INFO - DAG(s) dict_keys(['cso_2295_ipo_2_cso_xls.py']) retrieved from /opt/airflow/dags/cso_2295/cso_2295_ipo_2_cso_xls.py
[2022-05-01 20:09:29,127] {logging_mixin.py:109} INFO - [2022-05-01 20:09:29,127] {dag.py:2398} INFO - Sync 1 DAGs
[2022-05-01 20:09:29,140] {logging_mixin.py:109} INFO - [2022-05-01 20:09:29,140] {dag.py:2937} INFO - Setting next_dagrun for cso_2295_ipo_2_cso_xls.py to 2022-05-01T15:41:00+00:00
[2022-05-01 20:09:29,146] {processor.py:171} INFO - Processing /opt/airflow/dags/cso_2295/cso_2295_ipo_2_cso_xls.py took 0.724 seconds
[2022-05-01 20:09:59,432] {processor.py:163} INFO - Started process (PID=647) to work on /opt/airflow/dags/cso_2295/cso_2295_ipo_2_cso_xls.py
[2022-05-01 20:09:59,433] {processor.py:642} INFO - Processing file /opt/airflow/dags/cso_2295/cso_2295_ipo_2_cso_xls.py for tasks to queue
[2022-05-01 20:09:59,433] {logging_mixin.py:109} INFO - [2022-05-01 20:09:59,433] {dagbag.py:500} INFO - Filling up the DagBag from /opt/airflow/dags/cso_2295/cso_2295_ipo_2_cso_xls.py
[2022-05-01 20:10:00,326] {processor.py:654} INFO - DAG(s) dict_keys(['cso_2295_ipo_2_cso_xls.py']) retrieved from /opt/airflow/dags/cso_2295/cso_2295_ipo_2_cso_xls.py
[2022-05-01 20:10:00,354] {logging_mixin.py:109} INFO - [2022-05-01 20:10:00,354] {dag.py:2398} INFO - Sync 1 DAGs
[2022-05-01 20:10:00,367] {logging_mixin.py:109} INFO - [2022-05-01 20:10:00,367] {dag.py:2937} INFO - Setting next_dagrun for cso_2295_ipo_2_cso_xls.py to 2022-05-01T15:41:00+00:00
[2022-05-01 20:10:00,376] {processor.py:171} INFO - Processing /opt/airflow/dags/cso_2295/cso_2295_ipo_2_cso_xls.py took 0.946 seconds
[2022-05-01 20:10:30,984] {processor.py:163} INFO - Started process (PID=699) to work on /opt/airflow/dags/cso_2295/cso_2295_ipo_2_cso_xls.py
[2022-05-01 20:10:30,985] {processor.py:642} INFO - Processing file /opt/airflow/dags/cso_2295/cso_2295_ipo_2_cso_xls.py for tasks to queue
[2022-05-01 20:10:30,986] {logging_mixin.py:109} INFO - [2022-05-01 20:10:30,986] {dagbag.py:500} INFO - Filling up the DagBag from /opt/airflow/dags/cso_2295/cso_2295_ipo_2_cso_xls.py
[2022-05-01 20:10:31,631] {processor.py:654} INFO - DAG(s) dict_keys(['cso_2295_ipo_2_cso_xls.py']) retrieved from /opt/airflow/dags/cso_2295/cso_2295_ipo_2_cso_xls.py
[2022-05-01 20:10:31,661] {logging_mixin.py:109} INFO - [2022-05-01 20:10:31,661] {dag.py:2398} INFO - Sync 1 DAGs
[2022-05-01 20:10:31,674] {logging_mixin.py:109} INFO - [2022-05-01 20:10:31,674] {dag.py:2937} INFO - Setting next_dagrun for cso_2295_ipo_2_cso_xls.py to 2022-05-01T15:41:00+00:00
[2022-05-01 20:10:31,681] {processor.py:171} INFO - Processing /opt/airflow/dags/cso_2295/cso_2295_ipo_2_cso_xls.py took 0.700 seconds
[2022-05-01 20:11:02,325] {processor.py:163} INFO - Started process (PID=750) to work on /opt/airflow/dags/cso_2295/cso_2295_ipo_2_cso_xls.py
[2022-05-01 20:11:02,327] {processor.py:642} INFO - Processing file /opt/airflow/dags/cso_2295/cso_2295_ipo_2_cso_xls.py for tasks to queue
[2022-05-01 20:11:02,327] {logging_mixin.py:109} INFO - [2022-05-01 20:11:02,327] {dagbag.py:500} INFO - Filling up the DagBag from /opt/airflow/dags/cso_2295/cso_2295_ipo_2_cso_xls.py
[2022-05-01 20:11:03,039] {processor.py:654} INFO - DAG(s) dict_keys(['cso_2295_ipo_2_cso_xls.py']) retrieved from /opt/airflow/dags/cso_2295/cso_2295_ipo_2_cso_xls.py
[2022-05-01 20:11:03,067] {logging_mixin.py:109} INFO - [2022-05-01 20:11:03,067] {dag.py:2398} INFO - Sync 1 DAGs
[2022-05-01 20:11:03,083] {logging_mixin.py:109} INFO - [2022-05-01 20:11:03,083] {dag.py:2937} INFO - Setting next_dagrun for cso_2295_ipo_2_cso_xls.py to 2022-05-01T15:41:00+00:00
[2022-05-01 20:11:03,092] {processor.py:171} INFO - Processing /opt/airflow/dags/cso_2295/cso_2295_ipo_2_cso_xls.py took 0.771 seconds
[2022-05-01 20:11:33,328] {processor.py:163} INFO - Started process (PID=794) to work on /opt/airflow/dags/cso_2295/cso_2295_ipo_2_cso_xls.py
[2022-05-01 20:11:33,329] {processor.py:642} INFO - Processing file /opt/airflow/dags/cso_2295/cso_2295_ipo_2_cso_xls.py for tasks to queue
[2022-05-01 20:11:33,329] {logging_mixin.py:109} INFO - [2022-05-01 20:11:33,329] {dagbag.py:500} INFO - Filling up the DagBag from /opt/airflow/dags/cso_2295/cso_2295_ipo_2_cso_xls.py
[2022-05-01 20:11:34,140] {processor.py:654} INFO - DAG(s) dict_keys(['cso_2295_ipo_2_cso_xls.py']) retrieved from /opt/airflow/dags/cso_2295/cso_2295_ipo_2_cso_xls.py
[2022-05-01 20:11:34,175] {logging_mixin.py:109} INFO - [2022-05-01 20:11:34,175] {dag.py:2398} INFO - Sync 1 DAGs
[2022-05-01 20:11:34,212] {logging_mixin.py:109} INFO - [2022-05-01 20:11:34,212] {dag.py:2937} INFO - Setting next_dagrun for cso_2295_ipo_2_cso_xls.py to 2022-05-01T15:41:00+00:00
[2022-05-01 20:11:34,237] {processor.py:171} INFO - Processing /opt/airflow/dags/cso_2295/cso_2295_ipo_2_cso_xls.py took 0.910 seconds
[2022-05-01 20:12:04,552] {processor.py:163} INFO - Started process (PID=847) to work on /opt/airflow/dags/cso_2295/cso_2295_ipo_2_cso_xls.py
[2022-05-01 20:12:04,552] {processor.py:642} INFO - Processing file /opt/airflow/dags/cso_2295/cso_2295_ipo_2_cso_xls.py for tasks to queue
[2022-05-01 20:12:04,553] {logging_mixin.py:109} INFO - [2022-05-01 20:12:04,553] {dagbag.py:500} INFO - Filling up the DagBag from /opt/airflow/dags/cso_2295/cso_2295_ipo_2_cso_xls.py
[2022-05-01 20:12:05,375] {processor.py:654} INFO - DAG(s) dict_keys(['cso_2295_ipo_2_cso_xls.py']) retrieved from /opt/airflow/dags/cso_2295/cso_2295_ipo_2_cso_xls.py
[2022-05-01 20:12:05,401] {logging_mixin.py:109} INFO - [2022-05-01 20:12:05,401] {dag.py:2398} INFO - Sync 1 DAGs
[2022-05-01 20:12:05,413] {logging_mixin.py:109} INFO - [2022-05-01 20:12:05,412] {dag.py:2937} INFO - Setting next_dagrun for cso_2295_ipo_2_cso_xls.py to 2022-05-01T15:41:00+00:00
[2022-05-01 20:12:05,419] {processor.py:171} INFO - Processing /opt/airflow/dags/cso_2295/cso_2295_ipo_2_cso_xls.py took 0.870 seconds
[2022-05-01 20:12:35,894] {processor.py:163} INFO - Started process (PID=899) to work on /opt/airflow/dags/cso_2295/cso_2295_ipo_2_cso_xls.py
[2022-05-01 20:12:35,899] {processor.py:642} INFO - Processing file /opt/airflow/dags/cso_2295/cso_2295_ipo_2_cso_xls.py for tasks to queue
[2022-05-01 20:12:35,899] {logging_mixin.py:109} INFO - [2022-05-01 20:12:35,899] {dagbag.py:500} INFO - Filling up the DagBag from /opt/airflow/dags/cso_2295/cso_2295_ipo_2_cso_xls.py
[2022-05-01 20:12:36,855] {processor.py:654} INFO - DAG(s) dict_keys(['cso_2295_ipo_2_cso_xls.py']) retrieved from /opt/airflow/dags/cso_2295/cso_2295_ipo_2_cso_xls.py
[2022-05-01 20:12:36,885] {logging_mixin.py:109} INFO - [2022-05-01 20:12:36,885] {dag.py:2398} INFO - Sync 1 DAGs
[2022-05-01 20:12:36,902] {logging_mixin.py:109} INFO - [2022-05-01 20:12:36,902] {dag.py:2937} INFO - Setting next_dagrun for cso_2295_ipo_2_cso_xls.py to 2022-05-01T15:41:00+00:00
[2022-05-01 20:12:36,908] {processor.py:171} INFO - Processing /opt/airflow/dags/cso_2295/cso_2295_ipo_2_cso_xls.py took 1.016 seconds
[2022-05-01 20:13:07,285] {processor.py:163} INFO - Started process (PID=943) to work on /opt/airflow/dags/cso_2295/cso_2295_ipo_2_cso_xls.py
[2022-05-01 20:13:07,287] {processor.py:642} INFO - Processing file /opt/airflow/dags/cso_2295/cso_2295_ipo_2_cso_xls.py for tasks to queue
[2022-05-01 20:13:07,287] {logging_mixin.py:109} INFO - [2022-05-01 20:13:07,287] {dagbag.py:500} INFO - Filling up the DagBag from /opt/airflow/dags/cso_2295/cso_2295_ipo_2_cso_xls.py
[2022-05-01 20:13:07,997] {processor.py:654} INFO - DAG(s) dict_keys(['cso_2295_ipo_2_cso_xls.py']) retrieved from /opt/airflow/dags/cso_2295/cso_2295_ipo_2_cso_xls.py
[2022-05-01 20:13:08,111] {logging_mixin.py:109} INFO - [2022-05-01 20:13:08,110] {dag.py:2398} INFO - Sync 1 DAGs
[2022-05-01 20:13:08,139] {logging_mixin.py:109} INFO - [2022-05-01 20:13:08,139] {dag.py:2937} INFO - Setting next_dagrun for cso_2295_ipo_2_cso_xls.py to 2022-05-01T15:41:00+00:00
[2022-05-01 20:13:08,149] {processor.py:171} INFO - Processing /opt/airflow/dags/cso_2295/cso_2295_ipo_2_cso_xls.py took 0.865 seconds
[2022-05-01 20:13:38,686] {processor.py:163} INFO - Started process (PID=997) to work on /opt/airflow/dags/cso_2295/cso_2295_ipo_2_cso_xls.py
[2022-05-01 20:13:38,687] {processor.py:642} INFO - Processing file /opt/airflow/dags/cso_2295/cso_2295_ipo_2_cso_xls.py for tasks to queue
[2022-05-01 20:13:38,687] {logging_mixin.py:109} INFO - [2022-05-01 20:13:38,687] {dagbag.py:500} INFO - Filling up the DagBag from /opt/airflow/dags/cso_2295/cso_2295_ipo_2_cso_xls.py
[2022-05-01 20:13:39,853] {processor.py:654} INFO - DAG(s) dict_keys(['cso_2295_ipo_2_cso_xls.py']) retrieved from /opt/airflow/dags/cso_2295/cso_2295_ipo_2_cso_xls.py
[2022-05-01 20:13:39,888] {logging_mixin.py:109} INFO - [2022-05-01 20:13:39,888] {dag.py:2398} INFO - Sync 1 DAGs
[2022-05-01 20:13:39,901] {logging_mixin.py:109} INFO - [2022-05-01 20:13:39,901] {dag.py:2937} INFO - Setting next_dagrun for cso_2295_ipo_2_cso_xls.py to 2022-05-01T15:41:00+00:00
[2022-05-01 20:13:39,913] {processor.py:171} INFO - Processing /opt/airflow/dags/cso_2295/cso_2295_ipo_2_cso_xls.py took 1.230 seconds
[2022-05-01 20:14:10,445] {processor.py:163} INFO - Started process (PID=1053) to work on /opt/airflow/dags/cso_2295/cso_2295_ipo_2_cso_xls.py
[2022-05-01 20:14:10,447] {processor.py:642} INFO - Processing file /opt/airflow/dags/cso_2295/cso_2295_ipo_2_cso_xls.py for tasks to queue
[2022-05-01 20:14:10,447] {logging_mixin.py:109} INFO - [2022-05-01 20:14:10,447] {dagbag.py:500} INFO - Filling up the DagBag from /opt/airflow/dags/cso_2295/cso_2295_ipo_2_cso_xls.py
[2022-05-01 20:14:11,110] {processor.py:654} INFO - DAG(s) dict_keys(['cso_2295_ipo_2_cso_xls.py']) retrieved from /opt/airflow/dags/cso_2295/cso_2295_ipo_2_cso_xls.py
[2022-05-01 20:14:11,137] {logging_mixin.py:109} INFO - [2022-05-01 20:14:11,137] {dag.py:2398} INFO - Sync 1 DAGs
[2022-05-01 20:14:11,150] {logging_mixin.py:109} INFO - [2022-05-01 20:14:11,150] {dag.py:2937} INFO - Setting next_dagrun for cso_2295_ipo_2_cso_xls.py to 2022-05-01T15:41:00+00:00
[2022-05-01 20:14:11,163] {processor.py:171} INFO - Processing /opt/airflow/dags/cso_2295/cso_2295_ipo_2_cso_xls.py took 0.722 seconds
[2022-05-01 20:14:41,727] {processor.py:163} INFO - Started process (PID=1100) to work on /opt/airflow/dags/cso_2295/cso_2295_ipo_2_cso_xls.py
[2022-05-01 20:14:41,731] {processor.py:642} INFO - Processing file /opt/airflow/dags/cso_2295/cso_2295_ipo_2_cso_xls.py for tasks to queue
[2022-05-01 20:14:41,731] {logging_mixin.py:109} INFO - [2022-05-01 20:14:41,731] {dagbag.py:500} INFO - Filling up the DagBag from /opt/airflow/dags/cso_2295/cso_2295_ipo_2_cso_xls.py
[2022-05-01 20:14:42,601] {processor.py:654} INFO - DAG(s) dict_keys(['cso_2295_ipo_2_cso_xls.py']) retrieved from /opt/airflow/dags/cso_2295/cso_2295_ipo_2_cso_xls.py
[2022-05-01 20:14:42,631] {logging_mixin.py:109} INFO - [2022-05-01 20:14:42,631] {dag.py:2398} INFO - Sync 1 DAGs
[2022-05-01 20:14:42,643] {logging_mixin.py:109} INFO - [2022-05-01 20:14:42,643] {dag.py:2937} INFO - Setting next_dagrun for cso_2295_ipo_2_cso_xls.py to 2022-05-01T15:41:00+00:00
[2022-05-01 20:14:42,650] {processor.py:171} INFO - Processing /opt/airflow/dags/cso_2295/cso_2295_ipo_2_cso_xls.py took 0.925 seconds
[2022-05-01 20:15:13,150] {processor.py:163} INFO - Started process (PID=1152) to work on /opt/airflow/dags/cso_2295/cso_2295_ipo_2_cso_xls.py
[2022-05-01 20:15:13,151] {processor.py:642} INFO - Processing file /opt/airflow/dags/cso_2295/cso_2295_ipo_2_cso_xls.py for tasks to queue
[2022-05-01 20:15:13,152] {logging_mixin.py:109} INFO - [2022-05-01 20:15:13,152] {dagbag.py:500} INFO - Filling up the DagBag from /opt/airflow/dags/cso_2295/cso_2295_ipo_2_cso_xls.py
[2022-05-01 20:15:13,816] {processor.py:654} INFO - DAG(s) dict_keys(['cso_2295_ipo_2_cso_xls.py']) retrieved from /opt/airflow/dags/cso_2295/cso_2295_ipo_2_cso_xls.py
[2022-05-01 20:15:13,843] {logging_mixin.py:109} INFO - [2022-05-01 20:15:13,842] {dag.py:2398} INFO - Sync 1 DAGs
[2022-05-01 20:15:13,855] {logging_mixin.py:109} INFO - [2022-05-01 20:15:13,855] {dag.py:2937} INFO - Setting next_dagrun for cso_2295_ipo_2_cso_xls.py to 2022-05-01T15:41:00+00:00
[2022-05-01 20:15:13,870] {processor.py:171} INFO - Processing /opt/airflow/dags/cso_2295/cso_2295_ipo_2_cso_xls.py took 0.725 seconds
[2022-05-01 20:15:43,948] {processor.py:163} INFO - Started process (PID=1204) to work on /opt/airflow/dags/cso_2295/cso_2295_ipo_2_cso_xls.py
[2022-05-01 20:15:43,949] {processor.py:642} INFO - Processing file /opt/airflow/dags/cso_2295/cso_2295_ipo_2_cso_xls.py for tasks to queue
[2022-05-01 20:15:43,949] {logging_mixin.py:109} INFO - [2022-05-01 20:15:43,949] {dagbag.py:500} INFO - Filling up the DagBag from /opt/airflow/dags/cso_2295/cso_2295_ipo_2_cso_xls.py
[2022-05-01 20:15:44,626] {processor.py:654} INFO - DAG(s) dict_keys(['cso_2295_ipo_2_cso_xls.py']) retrieved from /opt/airflow/dags/cso_2295/cso_2295_ipo_2_cso_xls.py
[2022-05-01 20:15:44,652] {logging_mixin.py:109} INFO - [2022-05-01 20:15:44,652] {dag.py:2398} INFO - Sync 1 DAGs
[2022-05-01 20:15:44,665] {logging_mixin.py:109} INFO - [2022-05-01 20:15:44,665] {dag.py:2937} INFO - Setting next_dagrun for cso_2295_ipo_2_cso_xls.py to 2022-05-01T15:41:00+00:00
[2022-05-01 20:15:44,671] {processor.py:171} INFO - Processing /opt/airflow/dags/cso_2295/cso_2295_ipo_2_cso_xls.py took 0.726 seconds
[2022-05-01 20:16:15,539] {processor.py:163} INFO - Started process (PID=1247) to work on /opt/airflow/dags/cso_2295/cso_2295_ipo_2_cso_xls.py
[2022-05-01 20:16:15,540] {processor.py:642} INFO - Processing file /opt/airflow/dags/cso_2295/cso_2295_ipo_2_cso_xls.py for tasks to queue
[2022-05-01 20:16:15,546] {logging_mixin.py:109} INFO - [2022-05-01 20:16:15,546] {dagbag.py:500} INFO - Filling up the DagBag from /opt/airflow/dags/cso_2295/cso_2295_ipo_2_cso_xls.py
[2022-05-01 20:16:16,249] {processor.py:654} INFO - DAG(s) dict_keys(['cso_2295_ipo_2_cso_xls.py']) retrieved from /opt/airflow/dags/cso_2295/cso_2295_ipo_2_cso_xls.py
[2022-05-01 20:16:16,320] {logging_mixin.py:109} INFO - [2022-05-01 20:16:16,320] {dag.py:2398} INFO - Sync 1 DAGs
[2022-05-01 20:16:16,372] {logging_mixin.py:109} INFO - [2022-05-01 20:16:16,372] {dag.py:2937} INFO - Setting next_dagrun for cso_2295_ipo_2_cso_xls.py to 2022-05-01T15:41:00+00:00
[2022-05-01 20:16:16,389] {processor.py:171} INFO - Processing /opt/airflow/dags/cso_2295/cso_2295_ipo_2_cso_xls.py took 0.857 seconds
[2022-05-01 20:16:46,901] {processor.py:163} INFO - Started process (PID=1298) to work on /opt/airflow/dags/cso_2295/cso_2295_ipo_2_cso_xls.py
[2022-05-01 20:16:46,903] {processor.py:642} INFO - Processing file /opt/airflow/dags/cso_2295/cso_2295_ipo_2_cso_xls.py for tasks to queue
[2022-05-01 20:16:46,904] {logging_mixin.py:109} INFO - [2022-05-01 20:16:46,904] {dagbag.py:500} INFO - Filling up the DagBag from /opt/airflow/dags/cso_2295/cso_2295_ipo_2_cso_xls.py
[2022-05-01 20:16:47,706] {processor.py:654} INFO - DAG(s) dict_keys(['cso_2295_ipo_2_cso_xls.py']) retrieved from /opt/airflow/dags/cso_2295/cso_2295_ipo_2_cso_xls.py
[2022-05-01 20:16:47,734] {logging_mixin.py:109} INFO - [2022-05-01 20:16:47,734] {dag.py:2398} INFO - Sync 1 DAGs
[2022-05-01 20:16:47,746] {logging_mixin.py:109} INFO - [2022-05-01 20:16:47,746] {dag.py:2937} INFO - Setting next_dagrun for cso_2295_ipo_2_cso_xls.py to 2022-05-01T15:41:00+00:00
[2022-05-01 20:16:47,752] {processor.py:171} INFO - Processing /opt/airflow/dags/cso_2295/cso_2295_ipo_2_cso_xls.py took 0.856 seconds
[2022-05-01 20:17:18,359] {processor.py:163} INFO - Started process (PID=1350) to work on /opt/airflow/dags/cso_2295/cso_2295_ipo_2_cso_xls.py
[2022-05-01 20:17:18,361] {processor.py:642} INFO - Processing file /opt/airflow/dags/cso_2295/cso_2295_ipo_2_cso_xls.py for tasks to queue
[2022-05-01 20:17:18,361] {logging_mixin.py:109} INFO - [2022-05-01 20:17:18,361] {dagbag.py:500} INFO - Filling up the DagBag from /opt/airflow/dags/cso_2295/cso_2295_ipo_2_cso_xls.py
[2022-05-01 20:17:19,408] {processor.py:654} INFO - DAG(s) dict_keys(['cso_2295_ipo_2_cso_xls.py']) retrieved from /opt/airflow/dags/cso_2295/cso_2295_ipo_2_cso_xls.py
[2022-05-01 20:17:19,451] {logging_mixin.py:109} INFO - [2022-05-01 20:17:19,451] {dag.py:2398} INFO - Sync 1 DAGs
[2022-05-01 20:17:19,475] {logging_mixin.py:109} INFO - [2022-05-01 20:17:19,474] {dag.py:2937} INFO - Setting next_dagrun for cso_2295_ipo_2_cso_xls.py to 2022-05-01T15:41:00+00:00
[2022-05-01 20:17:19,482] {processor.py:171} INFO - Processing /opt/airflow/dags/cso_2295/cso_2295_ipo_2_cso_xls.py took 1.132 seconds
[2022-05-01 20:17:50,098] {processor.py:163} INFO - Started process (PID=1393) to work on /opt/airflow/dags/cso_2295/cso_2295_ipo_2_cso_xls.py
[2022-05-01 20:17:50,099] {processor.py:642} INFO - Processing file /opt/airflow/dags/cso_2295/cso_2295_ipo_2_cso_xls.py for tasks to queue
[2022-05-01 20:17:50,100] {logging_mixin.py:109} INFO - [2022-05-01 20:17:50,100] {dagbag.py:500} INFO - Filling up the DagBag from /opt/airflow/dags/cso_2295/cso_2295_ipo_2_cso_xls.py
[2022-05-01 20:17:51,029] {processor.py:654} INFO - DAG(s) dict_keys(['cso_2295_ipo_2_cso_xls.py']) retrieved from /opt/airflow/dags/cso_2295/cso_2295_ipo_2_cso_xls.py
[2022-05-01 20:17:51,057] {logging_mixin.py:109} INFO - [2022-05-01 20:17:51,057] {dag.py:2398} INFO - Sync 1 DAGs
[2022-05-01 20:17:51,072] {logging_mixin.py:109} INFO - [2022-05-01 20:17:51,072] {dag.py:2937} INFO - Setting next_dagrun for cso_2295_ipo_2_cso_xls.py to 2022-05-01T15:41:00+00:00
[2022-05-01 20:17:51,104] {processor.py:171} INFO - Processing /opt/airflow/dags/cso_2295/cso_2295_ipo_2_cso_xls.py took 1.007 seconds
[2022-05-01 20:18:21,652] {processor.py:163} INFO - Started process (PID=1445) to work on /opt/airflow/dags/cso_2295/cso_2295_ipo_2_cso_xls.py
[2022-05-01 20:18:21,653] {processor.py:642} INFO - Processing file /opt/airflow/dags/cso_2295/cso_2295_ipo_2_cso_xls.py for tasks to queue
[2022-05-01 20:18:21,654] {logging_mixin.py:109} INFO - [2022-05-01 20:18:21,654] {dagbag.py:500} INFO - Filling up the DagBag from /opt/airflow/dags/cso_2295/cso_2295_ipo_2_cso_xls.py
[2022-05-01 20:18:22,309] {processor.py:654} INFO - DAG(s) dict_keys(['cso_2295_ipo_2_cso_xls.py']) retrieved from /opt/airflow/dags/cso_2295/cso_2295_ipo_2_cso_xls.py
[2022-05-01 20:18:22,339] {logging_mixin.py:109} INFO - [2022-05-01 20:18:22,339] {dag.py:2398} INFO - Sync 1 DAGs
[2022-05-01 20:18:22,362] {logging_mixin.py:109} INFO - [2022-05-01 20:18:22,362] {dag.py:2937} INFO - Setting next_dagrun for cso_2295_ipo_2_cso_xls.py to 2022-05-01T15:41:00+00:00
[2022-05-01 20:18:22,372] {processor.py:171} INFO - Processing /opt/airflow/dags/cso_2295/cso_2295_ipo_2_cso_xls.py took 0.722 seconds
[2022-05-01 20:18:52,453] {processor.py:163} INFO - Started process (PID=1497) to work on /opt/airflow/dags/cso_2295/cso_2295_ipo_2_cso_xls.py
[2022-05-01 20:18:52,454] {processor.py:642} INFO - Processing file /opt/airflow/dags/cso_2295/cso_2295_ipo_2_cso_xls.py for tasks to queue
[2022-05-01 20:18:52,454] {logging_mixin.py:109} INFO - [2022-05-01 20:18:52,454] {dagbag.py:500} INFO - Filling up the DagBag from /opt/airflow/dags/cso_2295/cso_2295_ipo_2_cso_xls.py
[2022-05-01 20:18:53,192] {processor.py:654} INFO - DAG(s) dict_keys(['cso_2295_ipo_2_cso_xls.py']) retrieved from /opt/airflow/dags/cso_2295/cso_2295_ipo_2_cso_xls.py
[2022-05-01 20:18:53,230] {logging_mixin.py:109} INFO - [2022-05-01 20:18:53,230] {dag.py:2398} INFO - Sync 1 DAGs
[2022-05-01 20:18:53,245] {logging_mixin.py:109} INFO - [2022-05-01 20:18:53,245] {dag.py:2937} INFO - Setting next_dagrun for cso_2295_ipo_2_cso_xls.py to 2022-05-01T15:41:00+00:00
[2022-05-01 20:18:53,252] {processor.py:171} INFO - Processing /opt/airflow/dags/cso_2295/cso_2295_ipo_2_cso_xls.py took 0.801 seconds
[2022-05-01 20:19:23,855] {processor.py:163} INFO - Started process (PID=1542) to work on /opt/airflow/dags/cso_2295/cso_2295_ipo_2_cso_xls.py
[2022-05-01 20:19:23,859] {processor.py:642} INFO - Processing file /opt/airflow/dags/cso_2295/cso_2295_ipo_2_cso_xls.py for tasks to queue
[2022-05-01 20:19:23,860] {logging_mixin.py:109} INFO - [2022-05-01 20:19:23,860] {dagbag.py:500} INFO - Filling up the DagBag from /opt/airflow/dags/cso_2295/cso_2295_ipo_2_cso_xls.py
[2022-05-01 20:19:24,540] {processor.py:654} INFO - DAG(s) dict_keys(['cso_2295_ipo_2_cso_xls.py']) retrieved from /opt/airflow/dags/cso_2295/cso_2295_ipo_2_cso_xls.py
[2022-05-01 20:19:24,583] {logging_mixin.py:109} INFO - [2022-05-01 20:19:24,583] {dag.py:2398} INFO - Sync 1 DAGs
[2022-05-01 20:19:24,604] {logging_mixin.py:109} INFO - [2022-05-01 20:19:24,604] {dag.py:2937} INFO - Setting next_dagrun for cso_2295_ipo_2_cso_xls.py to 2022-05-01T15:41:00+00:00
[2022-05-01 20:19:24,620] {processor.py:171} INFO - Processing /opt/airflow/dags/cso_2295/cso_2295_ipo_2_cso_xls.py took 0.769 seconds
[2022-05-01 20:19:55,355] {processor.py:163} INFO - Started process (PID=1596) to work on /opt/airflow/dags/cso_2295/cso_2295_ipo_2_cso_xls.py
[2022-05-01 20:19:55,356] {processor.py:642} INFO - Processing file /opt/airflow/dags/cso_2295/cso_2295_ipo_2_cso_xls.py for tasks to queue
[2022-05-01 20:19:55,357] {logging_mixin.py:109} INFO - [2022-05-01 20:19:55,357] {dagbag.py:500} INFO - Filling up the DagBag from /opt/airflow/dags/cso_2295/cso_2295_ipo_2_cso_xls.py
[2022-05-01 20:19:56,021] {processor.py:654} INFO - DAG(s) dict_keys(['cso_2295_ipo_2_cso_xls.py']) retrieved from /opt/airflow/dags/cso_2295/cso_2295_ipo_2_cso_xls.py
[2022-05-01 20:19:56,049] {logging_mixin.py:109} INFO - [2022-05-01 20:19:56,049] {dag.py:2398} INFO - Sync 1 DAGs
[2022-05-01 20:19:56,062] {logging_mixin.py:109} INFO - [2022-05-01 20:19:56,062] {dag.py:2937} INFO - Setting next_dagrun for cso_2295_ipo_2_cso_xls.py to 2022-05-01T15:41:00+00:00
[2022-05-01 20:19:56,068] {processor.py:171} INFO - Processing /opt/airflow/dags/cso_2295/cso_2295_ipo_2_cso_xls.py took 0.717 seconds
[2022-05-01 20:20:26,250] {processor.py:163} INFO - Started process (PID=1647) to work on /opt/airflow/dags/cso_2295/cso_2295_ipo_2_cso_xls.py
[2022-05-01 20:20:26,251] {processor.py:642} INFO - Processing file /opt/airflow/dags/cso_2295/cso_2295_ipo_2_cso_xls.py for tasks to queue
[2022-05-01 20:20:26,251] {logging_mixin.py:109} INFO - [2022-05-01 20:20:26,251] {dagbag.py:500} INFO - Filling up the DagBag from /opt/airflow/dags/cso_2295/cso_2295_ipo_2_cso_xls.py
[2022-05-01 20:20:27,113] {processor.py:654} INFO - DAG(s) dict_keys(['cso_2295_ipo_2_cso_xls.py']) retrieved from /opt/airflow/dags/cso_2295/cso_2295_ipo_2_cso_xls.py
[2022-05-01 20:20:27,142] {logging_mixin.py:109} INFO - [2022-05-01 20:20:27,142] {dag.py:2398} INFO - Sync 1 DAGs
[2022-05-01 20:20:27,156] {logging_mixin.py:109} INFO - [2022-05-01 20:20:27,156] {dag.py:2937} INFO - Setting next_dagrun for cso_2295_ipo_2_cso_xls.py to 2022-05-01T15:41:00+00:00
[2022-05-01 20:20:27,163] {processor.py:171} INFO - Processing /opt/airflow/dags/cso_2295/cso_2295_ipo_2_cso_xls.py took 0.916 seconds
[2022-05-01 20:20:58,070] {processor.py:163} INFO - Started process (PID=1689) to work on /opt/airflow/dags/cso_2295/cso_2295_ipo_2_cso_xls.py
[2022-05-01 20:20:58,071] {processor.py:642} INFO - Processing file /opt/airflow/dags/cso_2295/cso_2295_ipo_2_cso_xls.py for tasks to queue
[2022-05-01 20:20:58,072] {logging_mixin.py:109} INFO - [2022-05-01 20:20:58,072] {dagbag.py:500} INFO - Filling up the DagBag from /opt/airflow/dags/cso_2295/cso_2295_ipo_2_cso_xls.py
[2022-05-01 20:20:58,959] {processor.py:654} INFO - DAG(s) dict_keys(['cso_2295_ipo_2_cso_xls.py']) retrieved from /opt/airflow/dags/cso_2295/cso_2295_ipo_2_cso_xls.py
[2022-05-01 20:20:58,988] {logging_mixin.py:109} INFO - [2022-05-01 20:20:58,988] {dag.py:2398} INFO - Sync 1 DAGs
[2022-05-01 20:20:59,002] {logging_mixin.py:109} INFO - [2022-05-01 20:20:59,002] {dag.py:2937} INFO - Setting next_dagrun for cso_2295_ipo_2_cso_xls.py to 2022-05-01T15:41:00+00:00
[2022-05-01 20:20:59,039] {processor.py:171} INFO - Processing /opt/airflow/dags/cso_2295/cso_2295_ipo_2_cso_xls.py took 0.974 seconds
[2022-05-01 20:21:29,347] {processor.py:163} INFO - Started process (PID=1742) to work on /opt/airflow/dags/cso_2295/cso_2295_ipo_2_cso_xls.py
[2022-05-01 20:21:29,348] {processor.py:642} INFO - Processing file /opt/airflow/dags/cso_2295/cso_2295_ipo_2_cso_xls.py for tasks to queue
[2022-05-01 20:21:29,349] {logging_mixin.py:109} INFO - [2022-05-01 20:21:29,349] {dagbag.py:500} INFO - Filling up the DagBag from /opt/airflow/dags/cso_2295/cso_2295_ipo_2_cso_xls.py
[2022-05-01 20:21:30,022] {processor.py:654} INFO - DAG(s) dict_keys(['cso_2295_ipo_2_cso_xls.py']) retrieved from /opt/airflow/dags/cso_2295/cso_2295_ipo_2_cso_xls.py
[2022-05-01 20:21:30,048] {logging_mixin.py:109} INFO - [2022-05-01 20:21:30,047] {dag.py:2398} INFO - Sync 1 DAGs
[2022-05-01 20:21:30,060] {logging_mixin.py:109} INFO - [2022-05-01 20:21:30,060] {dag.py:2937} INFO - Setting next_dagrun for cso_2295_ipo_2_cso_xls.py to 2022-05-01T15:41:00+00:00
[2022-05-01 20:21:30,067] {processor.py:171} INFO - Processing /opt/airflow/dags/cso_2295/cso_2295_ipo_2_cso_xls.py took 0.722 seconds
[2022-05-01 20:22:00,100] {processor.py:163} INFO - Started process (PID=1792) to work on /opt/airflow/dags/cso_2295/cso_2295_ipo_2_cso_xls.py
[2022-05-01 20:22:00,105] {processor.py:642} INFO - Processing file /opt/airflow/dags/cso_2295/cso_2295_ipo_2_cso_xls.py for tasks to queue
[2022-05-01 20:22:00,106] {logging_mixin.py:109} INFO - [2022-05-01 20:22:00,106] {dagbag.py:500} INFO - Filling up the DagBag from /opt/airflow/dags/cso_2295/cso_2295_ipo_2_cso_xls.py
[2022-05-01 20:22:00,972] {processor.py:654} INFO - DAG(s) dict_keys(['cso_2295_ipo_2_cso_xls.py']) retrieved from /opt/airflow/dags/cso_2295/cso_2295_ipo_2_cso_xls.py
[2022-05-01 20:22:01,004] {logging_mixin.py:109} INFO - [2022-05-01 20:22:01,004] {dag.py:2398} INFO - Sync 1 DAGs
[2022-05-01 20:22:01,021] {logging_mixin.py:109} INFO - [2022-05-01 20:22:01,020] {dag.py:2937} INFO - Setting next_dagrun for cso_2295_ipo_2_cso_xls.py to 2022-05-01T15:41:00+00:00
[2022-05-01 20:22:01,029] {processor.py:171} INFO - Processing /opt/airflow/dags/cso_2295/cso_2295_ipo_2_cso_xls.py took 0.931 seconds
[2022-05-01 20:22:31,130] {processor.py:163} INFO - Started process (PID=1837) to work on /opt/airflow/dags/cso_2295/cso_2295_ipo_2_cso_xls.py
[2022-05-01 20:22:31,133] {processor.py:642} INFO - Processing file /opt/airflow/dags/cso_2295/cso_2295_ipo_2_cso_xls.py for tasks to queue
[2022-05-01 20:22:31,134] {logging_mixin.py:109} INFO - [2022-05-01 20:22:31,134] {dagbag.py:500} INFO - Filling up the DagBag from /opt/airflow/dags/cso_2295/cso_2295_ipo_2_cso_xls.py
[2022-05-01 20:22:31,770] {processor.py:654} INFO - DAG(s) dict_keys(['cso_2295_ipo_2_cso_xls.py']) retrieved from /opt/airflow/dags/cso_2295/cso_2295_ipo_2_cso_xls.py
[2022-05-01 20:22:31,795] {logging_mixin.py:109} INFO - [2022-05-01 20:22:31,795] {dag.py:2398} INFO - Sync 1 DAGs
[2022-05-01 20:22:31,807] {logging_mixin.py:109} INFO - [2022-05-01 20:22:31,807] {dag.py:2937} INFO - Setting next_dagrun for cso_2295_ipo_2_cso_xls.py to 2022-05-01T15:41:00+00:00
[2022-05-01 20:22:31,814] {processor.py:171} INFO - Processing /opt/airflow/dags/cso_2295/cso_2295_ipo_2_cso_xls.py took 0.693 seconds
[2022-05-01 20:23:02,385] {processor.py:163} INFO - Started process (PID=1890) to work on /opt/airflow/dags/cso_2295/cso_2295_ipo_2_cso_xls.py
[2022-05-01 20:23:02,385] {processor.py:642} INFO - Processing file /opt/airflow/dags/cso_2295/cso_2295_ipo_2_cso_xls.py for tasks to queue
[2022-05-01 20:23:02,386] {logging_mixin.py:109} INFO - [2022-05-01 20:23:02,386] {dagbag.py:500} INFO - Filling up the DagBag from /opt/airflow/dags/cso_2295/cso_2295_ipo_2_cso_xls.py
[2022-05-01 20:23:03,133] {processor.py:654} INFO - DAG(s) dict_keys(['cso_2295_ipo_2_cso_xls.py']) retrieved from /opt/airflow/dags/cso_2295/cso_2295_ipo_2_cso_xls.py
[2022-05-01 20:23:03,162] {logging_mixin.py:109} INFO - [2022-05-01 20:23:03,162] {dag.py:2398} INFO - Sync 1 DAGs
[2022-05-01 20:23:03,176] {logging_mixin.py:109} INFO - [2022-05-01 20:23:03,175] {dag.py:2937} INFO - Setting next_dagrun for cso_2295_ipo_2_cso_xls.py to 2022-05-01T15:41:00+00:00
[2022-05-01 20:23:03,183] {processor.py:171} INFO - Processing /opt/airflow/dags/cso_2295/cso_2295_ipo_2_cso_xls.py took 0.800 seconds
[2022-05-01 20:23:33,660] {processor.py:163} INFO - Started process (PID=1936) to work on /opt/airflow/dags/cso_2295/cso_2295_ipo_2_cso_xls.py
[2022-05-01 20:23:33,661] {processor.py:642} INFO - Processing file /opt/airflow/dags/cso_2295/cso_2295_ipo_2_cso_xls.py for tasks to queue
[2022-05-01 20:23:33,662] {logging_mixin.py:109} INFO - [2022-05-01 20:23:33,662] {dagbag.py:500} INFO - Filling up the DagBag from /opt/airflow/dags/cso_2295/cso_2295_ipo_2_cso_xls.py
[2022-05-01 20:23:34,381] {processor.py:654} INFO - DAG(s) dict_keys(['cso_2295_ipo_2_cso_xls.py']) retrieved from /opt/airflow/dags/cso_2295/cso_2295_ipo_2_cso_xls.py
[2022-05-01 20:23:34,406] {logging_mixin.py:109} INFO - [2022-05-01 20:23:34,406] {dag.py:2398} INFO - Sync 1 DAGs
[2022-05-01 20:23:34,419] {logging_mixin.py:109} INFO - [2022-05-01 20:23:34,419] {dag.py:2937} INFO - Setting next_dagrun for cso_2295_ipo_2_cso_xls.py to 2022-05-01T15:41:00+00:00
[2022-05-01 20:23:34,435] {processor.py:171} INFO - Processing /opt/airflow/dags/cso_2295/cso_2295_ipo_2_cso_xls.py took 0.776 seconds
[2022-05-01 20:24:04,788] {processor.py:163} INFO - Started process (PID=1989) to work on /opt/airflow/dags/cso_2295/cso_2295_ipo_2_cso_xls.py
[2022-05-01 20:24:04,789] {processor.py:642} INFO - Processing file /opt/airflow/dags/cso_2295/cso_2295_ipo_2_cso_xls.py for tasks to queue
[2022-05-01 20:24:04,790] {logging_mixin.py:109} INFO - [2022-05-01 20:24:04,790] {dagbag.py:500} INFO - Filling up the DagBag from /opt/airflow/dags/cso_2295/cso_2295_ipo_2_cso_xls.py
[2022-05-01 20:24:05,460] {processor.py:654} INFO - DAG(s) dict_keys(['cso_2295_ipo_2_cso_xls.py']) retrieved from /opt/airflow/dags/cso_2295/cso_2295_ipo_2_cso_xls.py
[2022-05-01 20:24:05,486] {logging_mixin.py:109} INFO - [2022-05-01 20:24:05,486] {dag.py:2398} INFO - Sync 1 DAGs
[2022-05-01 20:24:05,497] {logging_mixin.py:109} INFO - [2022-05-01 20:24:05,497] {dag.py:2937} INFO - Setting next_dagrun for cso_2295_ipo_2_cso_xls.py to 2022-05-01T15:41:00+00:00
[2022-05-01 20:24:05,504] {processor.py:171} INFO - Processing /opt/airflow/dags/cso_2295/cso_2295_ipo_2_cso_xls.py took 0.718 seconds
[2022-05-01 20:24:35,723] {processor.py:163} INFO - Started process (PID=2043) to work on /opt/airflow/dags/cso_2295/cso_2295_ipo_2_cso_xls.py
[2022-05-01 20:24:35,723] {processor.py:642} INFO - Processing file /opt/airflow/dags/cso_2295/cso_2295_ipo_2_cso_xls.py for tasks to queue
[2022-05-01 20:24:35,724] {logging_mixin.py:109} INFO - [2022-05-01 20:24:35,724] {dagbag.py:500} INFO - Filling up the DagBag from /opt/airflow/dags/cso_2295/cso_2295_ipo_2_cso_xls.py
[2022-05-01 20:24:36,385] {processor.py:654} INFO - DAG(s) dict_keys(['cso_2295_ipo_2_cso_xls.py']) retrieved from /opt/airflow/dags/cso_2295/cso_2295_ipo_2_cso_xls.py
[2022-05-01 20:24:36,412] {logging_mixin.py:109} INFO - [2022-05-01 20:24:36,412] {dag.py:2398} INFO - Sync 1 DAGs
[2022-05-01 20:24:36,424] {logging_mixin.py:109} INFO - [2022-05-01 20:24:36,424] {dag.py:2937} INFO - Setting next_dagrun for cso_2295_ipo_2_cso_xls.py to 2022-05-01T15:41:00+00:00
[2022-05-01 20:24:36,434] {processor.py:171} INFO - Processing /opt/airflow/dags/cso_2295/cso_2295_ipo_2_cso_xls.py took 0.713 seconds
[2022-05-01 20:25:06,561] {processor.py:163} INFO - Started process (PID=2086) to work on /opt/airflow/dags/cso_2295/cso_2295_ipo_2_cso_xls.py
[2022-05-01 20:25:06,562] {processor.py:642} INFO - Processing file /opt/airflow/dags/cso_2295/cso_2295_ipo_2_cso_xls.py for tasks to queue
[2022-05-01 20:25:06,562] {logging_mixin.py:109} INFO - [2022-05-01 20:25:06,562] {dagbag.py:500} INFO - Filling up the DagBag from /opt/airflow/dags/cso_2295/cso_2295_ipo_2_cso_xls.py
[2022-05-01 20:25:07,270] {processor.py:654} INFO - DAG(s) dict_keys(['cso_2295_ipo_2_cso_xls.py']) retrieved from /opt/airflow/dags/cso_2295/cso_2295_ipo_2_cso_xls.py
[2022-05-01 20:25:07,299] {logging_mixin.py:109} INFO - [2022-05-01 20:25:07,299] {dag.py:2398} INFO - Sync 1 DAGs
[2022-05-01 20:25:07,317] {logging_mixin.py:109} INFO - [2022-05-01 20:25:07,317] {dag.py:2937} INFO - Setting next_dagrun for cso_2295_ipo_2_cso_xls.py to 2022-05-01T15:41:00+00:00
[2022-05-01 20:25:07,323] {processor.py:171} INFO - Processing /opt/airflow/dags/cso_2295/cso_2295_ipo_2_cso_xls.py took 0.764 seconds
[2022-05-01 20:25:37,748] {processor.py:163} INFO - Started process (PID=2139) to work on /opt/airflow/dags/cso_2295/cso_2295_ipo_2_cso_xls.py
[2022-05-01 20:25:37,750] {processor.py:642} INFO - Processing file /opt/airflow/dags/cso_2295/cso_2295_ipo_2_cso_xls.py for tasks to queue
[2022-05-01 20:25:37,750] {logging_mixin.py:109} INFO - [2022-05-01 20:25:37,750] {dagbag.py:500} INFO - Filling up the DagBag from /opt/airflow/dags/cso_2295/cso_2295_ipo_2_cso_xls.py
[2022-05-01 20:25:38,454] {processor.py:654} INFO - DAG(s) dict_keys(['cso_2295_ipo_2_cso_xls.py']) retrieved from /opt/airflow/dags/cso_2295/cso_2295_ipo_2_cso_xls.py
[2022-05-01 20:25:38,482] {logging_mixin.py:109} INFO - [2022-05-01 20:25:38,482] {dag.py:2398} INFO - Sync 1 DAGs
[2022-05-01 20:25:38,494] {logging_mixin.py:109} INFO - [2022-05-01 20:25:38,494] {dag.py:2937} INFO - Setting next_dagrun for cso_2295_ipo_2_cso_xls.py to 2022-05-01T15:41:00+00:00
[2022-05-01 20:25:38,500] {processor.py:171} INFO - Processing /opt/airflow/dags/cso_2295/cso_2295_ipo_2_cso_xls.py took 0.757 seconds
[2022-05-01 20:26:08,894] {processor.py:163} INFO - Started process (PID=2190) to work on /opt/airflow/dags/cso_2295/cso_2295_ipo_2_cso_xls.py
[2022-05-01 20:26:08,895] {processor.py:642} INFO - Processing file /opt/airflow/dags/cso_2295/cso_2295_ipo_2_cso_xls.py for tasks to queue
[2022-05-01 20:26:08,895] {logging_mixin.py:109} INFO - [2022-05-01 20:26:08,895] {dagbag.py:500} INFO - Filling up the DagBag from /opt/airflow/dags/cso_2295/cso_2295_ipo_2_cso_xls.py
[2022-05-01 20:26:09,667] {processor.py:654} INFO - DAG(s) dict_keys(['cso_2295_ipo_2_cso_xls.py']) retrieved from /opt/airflow/dags/cso_2295/cso_2295_ipo_2_cso_xls.py
[2022-05-01 20:26:09,693] {logging_mixin.py:109} INFO - [2022-05-01 20:26:09,693] {dag.py:2398} INFO - Sync 1 DAGs
[2022-05-01 20:26:09,707] {logging_mixin.py:109} INFO - [2022-05-01 20:26:09,707] {dag.py:2937} INFO - Setting next_dagrun for cso_2295_ipo_2_cso_xls.py to 2022-05-01T15:41:00+00:00
[2022-05-01 20:26:09,713] {processor.py:171} INFO - Processing /opt/airflow/dags/cso_2295/cso_2295_ipo_2_cso_xls.py took 0.822 seconds
[2022-05-01 20:26:39,993] {processor.py:163} INFO - Started process (PID=2232) to work on /opt/airflow/dags/cso_2295/cso_2295_ipo_2_cso_xls.py
[2022-05-01 20:26:39,994] {processor.py:642} INFO - Processing file /opt/airflow/dags/cso_2295/cso_2295_ipo_2_cso_xls.py for tasks to queue
[2022-05-01 20:26:39,994] {logging_mixin.py:109} INFO - [2022-05-01 20:26:39,994] {dagbag.py:500} INFO - Filling up the DagBag from /opt/airflow/dags/cso_2295/cso_2295_ipo_2_cso_xls.py
[2022-05-01 20:26:41,400] {processor.py:654} INFO - DAG(s) dict_keys(['cso_2295_ipo_2_cso_xls.py']) retrieved from /opt/airflow/dags/cso_2295/cso_2295_ipo_2_cso_xls.py
[2022-05-01 20:26:41,528] {logging_mixin.py:109} INFO - [2022-05-01 20:26:41,528] {dag.py:2398} INFO - Sync 1 DAGs
[2022-05-01 20:26:41,555] {logging_mixin.py:109} INFO - [2022-05-01 20:26:41,555] {dag.py:2937} INFO - Setting next_dagrun for cso_2295_ipo_2_cso_xls.py to 2022-05-01T15:41:00+00:00
[2022-05-01 20:26:41,571] {processor.py:171} INFO - Processing /opt/airflow/dags/cso_2295/cso_2295_ipo_2_cso_xls.py took 1.580 seconds
[2022-05-01 20:27:12,015] {processor.py:163} INFO - Started process (PID=2291) to work on /opt/airflow/dags/cso_2295/cso_2295_ipo_2_cso_xls.py
[2022-05-01 20:27:12,017] {processor.py:642} INFO - Processing file /opt/airflow/dags/cso_2295/cso_2295_ipo_2_cso_xls.py for tasks to queue
[2022-05-01 20:27:12,018] {logging_mixin.py:109} INFO - [2022-05-01 20:27:12,018] {dagbag.py:500} INFO - Filling up the DagBag from /opt/airflow/dags/cso_2295/cso_2295_ipo_2_cso_xls.py
[2022-05-01 20:27:12,729] {processor.py:654} INFO - DAG(s) dict_keys(['cso_2295_ipo_2_cso_xls.py']) retrieved from /opt/airflow/dags/cso_2295/cso_2295_ipo_2_cso_xls.py
[2022-05-01 20:27:12,754] {logging_mixin.py:109} INFO - [2022-05-01 20:27:12,754] {dag.py:2398} INFO - Sync 1 DAGs
[2022-05-01 20:27:12,765] {logging_mixin.py:109} INFO - [2022-05-01 20:27:12,765] {dag.py:2937} INFO - Setting next_dagrun for cso_2295_ipo_2_cso_xls.py to 2022-05-01T15:41:00+00:00
[2022-05-01 20:27:12,771] {processor.py:171} INFO - Processing /opt/airflow/dags/cso_2295/cso_2295_ipo_2_cso_xls.py took 0.760 seconds
[2022-05-01 20:27:43,044] {processor.py:163} INFO - Started process (PID=2358) to work on /opt/airflow/dags/cso_2295/cso_2295_ipo_2_cso_xls.py
[2022-05-01 20:27:43,049] {processor.py:642} INFO - Processing file /opt/airflow/dags/cso_2295/cso_2295_ipo_2_cso_xls.py for tasks to queue
[2022-05-01 20:27:43,049] {logging_mixin.py:109} INFO - [2022-05-01 20:27:43,049] {dagbag.py:500} INFO - Filling up the DagBag from /opt/airflow/dags/cso_2295/cso_2295_ipo_2_cso_xls.py
[2022-05-01 20:27:43,837] {processor.py:654} INFO - DAG(s) dict_keys(['cso_2295_ipo_2_cso_xls.py']) retrieved from /opt/airflow/dags/cso_2295/cso_2295_ipo_2_cso_xls.py
[2022-05-01 20:27:43,862] {logging_mixin.py:109} INFO - [2022-05-01 20:27:43,862] {dag.py:2398} INFO - Sync 1 DAGs
[2022-05-01 20:27:43,874] {logging_mixin.py:109} INFO - [2022-05-01 20:27:43,874] {dag.py:2937} INFO - Setting next_dagrun for cso_2295_ipo_2_cso_xls.py to 2022-05-01T15:41:00+00:00
[2022-05-01 20:27:43,881] {processor.py:171} INFO - Processing /opt/airflow/dags/cso_2295/cso_2295_ipo_2_cso_xls.py took 0.840 seconds
[2022-05-01 20:28:14,217] {processor.py:163} INFO - Started process (PID=2401) to work on /opt/airflow/dags/cso_2295/cso_2295_ipo_2_cso_xls.py
[2022-05-01 20:28:14,217] {processor.py:642} INFO - Processing file /opt/airflow/dags/cso_2295/cso_2295_ipo_2_cso_xls.py for tasks to queue
[2022-05-01 20:28:14,218] {logging_mixin.py:109} INFO - [2022-05-01 20:28:14,218] {dagbag.py:500} INFO - Filling up the DagBag from /opt/airflow/dags/cso_2295/cso_2295_ipo_2_cso_xls.py
[2022-05-01 20:28:14,791] {processor.py:654} INFO - DAG(s) dict_keys(['cso_2295_ipo_2_cso_xls.py']) retrieved from /opt/airflow/dags/cso_2295/cso_2295_ipo_2_cso_xls.py
[2022-05-01 20:28:14,817] {logging_mixin.py:109} INFO - [2022-05-01 20:28:14,817] {dag.py:2398} INFO - Sync 1 DAGs
[2022-05-01 20:28:14,828] {logging_mixin.py:109} INFO - [2022-05-01 20:28:14,828] {dag.py:2937} INFO - Setting next_dagrun for cso_2295_ipo_2_cso_xls.py to 2022-05-01T15:41:00+00:00
[2022-05-01 20:28:14,834] {processor.py:171} INFO - Processing /opt/airflow/dags/cso_2295/cso_2295_ipo_2_cso_xls.py took 0.620 seconds
[2022-05-01 20:28:45,268] {processor.py:163} INFO - Started process (PID=2456) to work on /opt/airflow/dags/cso_2295/cso_2295_ipo_2_cso_xls.py
[2022-05-01 20:28:45,269] {processor.py:642} INFO - Processing file /opt/airflow/dags/cso_2295/cso_2295_ipo_2_cso_xls.py for tasks to queue
[2022-05-01 20:28:45,269] {logging_mixin.py:109} INFO - [2022-05-01 20:28:45,269] {dagbag.py:500} INFO - Filling up the DagBag from /opt/airflow/dags/cso_2295/cso_2295_ipo_2_cso_xls.py
[2022-05-01 20:28:45,876] {processor.py:654} INFO - DAG(s) dict_keys(['cso_2295_ipo_2_cso_xls.py']) retrieved from /opt/airflow/dags/cso_2295/cso_2295_ipo_2_cso_xls.py
[2022-05-01 20:28:45,903] {logging_mixin.py:109} INFO - [2022-05-01 20:28:45,903] {dag.py:2398} INFO - Sync 1 DAGs
[2022-05-01 20:28:45,915] {logging_mixin.py:109} INFO - [2022-05-01 20:28:45,914] {dag.py:2937} INFO - Setting next_dagrun for cso_2295_ipo_2_cso_xls.py to 2022-05-01T15:41:00+00:00
[2022-05-01 20:28:45,920] {processor.py:171} INFO - Processing /opt/airflow/dags/cso_2295/cso_2295_ipo_2_cso_xls.py took 0.654 seconds
[2022-05-01 20:29:16,156] {processor.py:163} INFO - Started process (PID=2503) to work on /opt/airflow/dags/cso_2295/cso_2295_ipo_2_cso_xls.py
[2022-05-01 20:29:16,159] {processor.py:642} INFO - Processing file /opt/airflow/dags/cso_2295/cso_2295_ipo_2_cso_xls.py for tasks to queue
[2022-05-01 20:29:16,161] {logging_mixin.py:109} INFO - [2022-05-01 20:29:16,160] {dagbag.py:500} INFO - Filling up the DagBag from /opt/airflow/dags/cso_2295/cso_2295_ipo_2_cso_xls.py
[2022-05-01 20:29:16,838] {processor.py:654} INFO - DAG(s) dict_keys(['cso_2295_ipo_2_cso_xls.py']) retrieved from /opt/airflow/dags/cso_2295/cso_2295_ipo_2_cso_xls.py
[2022-05-01 20:29:16,863] {logging_mixin.py:109} INFO - [2022-05-01 20:29:16,863] {dag.py:2398} INFO - Sync 1 DAGs
[2022-05-01 20:29:16,874] {logging_mixin.py:109} INFO - [2022-05-01 20:29:16,874] {dag.py:2937} INFO - Setting next_dagrun for cso_2295_ipo_2_cso_xls.py to 2022-05-01T15:41:00+00:00
[2022-05-01 20:29:16,882] {processor.py:171} INFO - Processing /opt/airflow/dags/cso_2295/cso_2295_ipo_2_cso_xls.py took 0.735 seconds
[2022-05-01 20:29:47,132] {processor.py:163} INFO - Started process (PID=2557) to work on /opt/airflow/dags/cso_2295/cso_2295_ipo_2_cso_xls.py
[2022-05-01 20:29:47,133] {processor.py:642} INFO - Processing file /opt/airflow/dags/cso_2295/cso_2295_ipo_2_cso_xls.py for tasks to queue
[2022-05-01 20:29:47,133] {logging_mixin.py:109} INFO - [2022-05-01 20:29:47,133] {dagbag.py:500} INFO - Filling up the DagBag from /opt/airflow/dags/cso_2295/cso_2295_ipo_2_cso_xls.py
[2022-05-01 20:29:47,740] {processor.py:654} INFO - DAG(s) dict_keys(['cso_2295_ipo_2_cso_xls.py']) retrieved from /opt/airflow/dags/cso_2295/cso_2295_ipo_2_cso_xls.py
[2022-05-01 20:29:47,765] {logging_mixin.py:109} INFO - [2022-05-01 20:29:47,765] {dag.py:2398} INFO - Sync 1 DAGs
[2022-05-01 20:29:47,776] {logging_mixin.py:109} INFO - [2022-05-01 20:29:47,776] {dag.py:2937} INFO - Setting next_dagrun for cso_2295_ipo_2_cso_xls.py to 2022-05-01T15:41:00+00:00
[2022-05-01 20:29:47,782] {processor.py:171} INFO - Processing /opt/airflow/dags/cso_2295/cso_2295_ipo_2_cso_xls.py took 0.652 seconds
[2022-05-01 20:30:17,970] {processor.py:163} INFO - Started process (PID=2608) to work on /opt/airflow/dags/cso_2295/cso_2295_ipo_2_cso_xls.py
[2022-05-01 20:30:17,973] {processor.py:642} INFO - Processing file /opt/airflow/dags/cso_2295/cso_2295_ipo_2_cso_xls.py for tasks to queue
[2022-05-01 20:30:17,974] {logging_mixin.py:109} INFO - [2022-05-01 20:30:17,974] {dagbag.py:500} INFO - Filling up the DagBag from /opt/airflow/dags/cso_2295/cso_2295_ipo_2_cso_xls.py
[2022-05-01 20:30:18,579] {processor.py:654} INFO - DAG(s) dict_keys(['cso_2295_ipo_2_cso_xls.py']) retrieved from /opt/airflow/dags/cso_2295/cso_2295_ipo_2_cso_xls.py
[2022-05-01 20:30:18,605] {logging_mixin.py:109} INFO - [2022-05-01 20:30:18,605] {dag.py:2398} INFO - Sync 1 DAGs
[2022-05-01 20:30:18,617] {logging_mixin.py:109} INFO - [2022-05-01 20:30:18,617] {dag.py:2937} INFO - Setting next_dagrun for cso_2295_ipo_2_cso_xls.py to 2022-05-01T15:41:00+00:00
[2022-05-01 20:30:18,623] {processor.py:171} INFO - Processing /opt/airflow/dags/cso_2295/cso_2295_ipo_2_cso_xls.py took 0.662 seconds
[2022-05-01 20:30:48,813] {processor.py:163} INFO - Started process (PID=2651) to work on /opt/airflow/dags/cso_2295/cso_2295_ipo_2_cso_xls.py
[2022-05-01 20:30:48,814] {processor.py:642} INFO - Processing file /opt/airflow/dags/cso_2295/cso_2295_ipo_2_cso_xls.py for tasks to queue
[2022-05-01 20:30:48,814] {logging_mixin.py:109} INFO - [2022-05-01 20:30:48,814] {dagbag.py:500} INFO - Filling up the DagBag from /opt/airflow/dags/cso_2295/cso_2295_ipo_2_cso_xls.py
[2022-05-01 20:30:49,427] {processor.py:654} INFO - DAG(s) dict_keys(['cso_2295_ipo_2_cso_xls.py']) retrieved from /opt/airflow/dags/cso_2295/cso_2295_ipo_2_cso_xls.py
[2022-05-01 20:30:49,455] {logging_mixin.py:109} INFO - [2022-05-01 20:30:49,455] {dag.py:2398} INFO - Sync 1 DAGs
[2022-05-01 20:30:49,468] {logging_mixin.py:109} INFO - [2022-05-01 20:30:49,468] {dag.py:2937} INFO - Setting next_dagrun for cso_2295_ipo_2_cso_xls.py to 2022-05-01T15:41:00+00:00
[2022-05-01 20:30:49,477] {processor.py:171} INFO - Processing /opt/airflow/dags/cso_2295/cso_2295_ipo_2_cso_xls.py took 0.665 seconds
[2022-05-01 20:31:19,791] {processor.py:163} INFO - Started process (PID=2704) to work on /opt/airflow/dags/cso_2295/cso_2295_ipo_2_cso_xls.py
[2022-05-01 20:31:19,792] {processor.py:642} INFO - Processing file /opt/airflow/dags/cso_2295/cso_2295_ipo_2_cso_xls.py for tasks to queue
[2022-05-01 20:31:19,792] {logging_mixin.py:109} INFO - [2022-05-01 20:31:19,792] {dagbag.py:500} INFO - Filling up the DagBag from /opt/airflow/dags/cso_2295/cso_2295_ipo_2_cso_xls.py
[2022-05-01 20:31:20,418] {processor.py:654} INFO - DAG(s) dict_keys(['cso_2295_ipo_2_cso_xls.py']) retrieved from /opt/airflow/dags/cso_2295/cso_2295_ipo_2_cso_xls.py
[2022-05-01 20:31:20,443] {logging_mixin.py:109} INFO - [2022-05-01 20:31:20,442] {dag.py:2398} INFO - Sync 1 DAGs
[2022-05-01 20:31:20,453] {logging_mixin.py:109} INFO - [2022-05-01 20:31:20,453] {dag.py:2937} INFO - Setting next_dagrun for cso_2295_ipo_2_cso_xls.py to 2022-05-01T15:41:00+00:00
[2022-05-01 20:31:20,459] {processor.py:171} INFO - Processing /opt/airflow/dags/cso_2295/cso_2295_ipo_2_cso_xls.py took 0.671 seconds
[2022-05-01 20:31:51,123] {processor.py:163} INFO - Started process (PID=2755) to work on /opt/airflow/dags/cso_2295/cso_2295_ipo_2_cso_xls.py
[2022-05-01 20:31:51,124] {processor.py:642} INFO - Processing file /opt/airflow/dags/cso_2295/cso_2295_ipo_2_cso_xls.py for tasks to queue
[2022-05-01 20:31:51,124] {logging_mixin.py:109} INFO - [2022-05-01 20:31:51,124] {dagbag.py:500} INFO - Filling up the DagBag from /opt/airflow/dags/cso_2295/cso_2295_ipo_2_cso_xls.py
[2022-05-01 20:31:53,541] {processor.py:654} INFO - DAG(s) dict_keys(['cso_2295_ipo_2_cso_xls.py']) retrieved from /opt/airflow/dags/cso_2295/cso_2295_ipo_2_cso_xls.py
[2022-05-01 20:31:53,586] {logging_mixin.py:109} INFO - [2022-05-01 20:31:53,586] {dag.py:2398} INFO - Sync 1 DAGs
[2022-05-01 20:31:53,608] {logging_mixin.py:109} INFO - [2022-05-01 20:31:53,607] {dag.py:2937} INFO - Setting next_dagrun for cso_2295_ipo_2_cso_xls.py to 2022-05-01T15:41:00+00:00
[2022-05-01 20:31:53,615] {processor.py:171} INFO - Processing /opt/airflow/dags/cso_2295/cso_2295_ipo_2_cso_xls.py took 2.495 seconds
[2022-05-01 20:32:24,259] {processor.py:163} INFO - Started process (PID=2805) to work on /opt/airflow/dags/cso_2295/cso_2295_ipo_2_cso_xls.py
[2022-05-01 20:32:24,263] {processor.py:642} INFO - Processing file /opt/airflow/dags/cso_2295/cso_2295_ipo_2_cso_xls.py for tasks to queue
[2022-05-01 20:32:24,264] {logging_mixin.py:109} INFO - [2022-05-01 20:32:24,264] {dagbag.py:500} INFO - Filling up the DagBag from /opt/airflow/dags/cso_2295/cso_2295_ipo_2_cso_xls.py
[2022-05-01 20:32:26,628] {processor.py:654} INFO - DAG(s) dict_keys(['cso_2295_ipo_2_cso_xls.py']) retrieved from /opt/airflow/dags/cso_2295/cso_2295_ipo_2_cso_xls.py
[2022-05-01 20:32:26,660] {logging_mixin.py:109} INFO - [2022-05-01 20:32:26,660] {dag.py:2398} INFO - Sync 1 DAGs
[2022-05-01 20:32:26,677] {logging_mixin.py:109} INFO - [2022-05-01 20:32:26,676] {dag.py:2937} INFO - Setting next_dagrun for cso_2295_ipo_2_cso_xls.py to 2022-05-01T15:41:00+00:00
[2022-05-01 20:32:26,708] {processor.py:171} INFO - Processing /opt/airflow/dags/cso_2295/cso_2295_ipo_2_cso_xls.py took 2.464 seconds
[2022-05-01 20:32:57,317] {processor.py:163} INFO - Started process (PID=2858) to work on /opt/airflow/dags/cso_2295/cso_2295_ipo_2_cso_xls.py
[2022-05-01 20:32:57,319] {processor.py:642} INFO - Processing file /opt/airflow/dags/cso_2295/cso_2295_ipo_2_cso_xls.py for tasks to queue
[2022-05-01 20:32:57,319] {logging_mixin.py:109} INFO - [2022-05-01 20:32:57,319] {dagbag.py:500} INFO - Filling up the DagBag from /opt/airflow/dags/cso_2295/cso_2295_ipo_2_cso_xls.py
[2022-05-01 20:32:58,101] {processor.py:654} INFO - DAG(s) dict_keys(['cso_2295_ipo_2_cso_xls.py']) retrieved from /opt/airflow/dags/cso_2295/cso_2295_ipo_2_cso_xls.py
[2022-05-01 20:32:58,133] {logging_mixin.py:109} INFO - [2022-05-01 20:32:58,133] {dag.py:2398} INFO - Sync 1 DAGs
[2022-05-01 20:32:58,148] {logging_mixin.py:109} INFO - [2022-05-01 20:32:58,148] {dag.py:2937} INFO - Setting next_dagrun for cso_2295_ipo_2_cso_xls.py to 2022-05-01T15:41:00+00:00
[2022-05-01 20:32:58,162] {processor.py:171} INFO - Processing /opt/airflow/dags/cso_2295/cso_2295_ipo_2_cso_xls.py took 0.851 seconds
[2022-05-01 20:33:28,472] {processor.py:163} INFO - Started process (PID=2911) to work on /opt/airflow/dags/cso_2295/cso_2295_ipo_2_cso_xls.py
[2022-05-01 20:33:28,472] {processor.py:642} INFO - Processing file /opt/airflow/dags/cso_2295/cso_2295_ipo_2_cso_xls.py for tasks to queue
[2022-05-01 20:33:28,473] {logging_mixin.py:109} INFO - [2022-05-01 20:33:28,473] {dagbag.py:500} INFO - Filling up the DagBag from /opt/airflow/dags/cso_2295/cso_2295_ipo_2_cso_xls.py
[2022-05-01 20:33:29,212] {processor.py:654} INFO - DAG(s) dict_keys(['cso_2295_ipo_2_cso_xls.py']) retrieved from /opt/airflow/dags/cso_2295/cso_2295_ipo_2_cso_xls.py
[2022-05-01 20:33:29,255] {logging_mixin.py:109} INFO - [2022-05-01 20:33:29,255] {dag.py:2398} INFO - Sync 1 DAGs
[2022-05-01 20:33:29,272] {logging_mixin.py:109} INFO - [2022-05-01 20:33:29,272] {dag.py:2937} INFO - Setting next_dagrun for cso_2295_ipo_2_cso_xls.py to 2022-05-01T15:41:00+00:00
[2022-05-01 20:33:29,288] {processor.py:171} INFO - Processing /opt/airflow/dags/cso_2295/cso_2295_ipo_2_cso_xls.py took 0.819 seconds
