[2022-05-01 20:04:01,345] {processor.py:163} INFO - Started process (PID=69) to work on /opt/airflow/dags/cso_2295/cso_2295_ipo_2_cso_bd.py
[2022-05-01 20:04:01,348] {processor.py:642} INFO - Processing file /opt/airflow/dags/cso_2295/cso_2295_ipo_2_cso_bd.py for tasks to queue
[2022-05-01 20:04:01,350] {logging_mixin.py:109} INFO - [2022-05-01 20:04:01,349] {dagbag.py:500} INFO - Filling up the DagBag from /opt/airflow/dags/cso_2295/cso_2295_ipo_2_cso_bd.py
[2022-05-01 20:04:10,301] {processor.py:654} INFO - DAG(s) dict_keys(['cso_2295_ipo_2_cso_bd.py']) retrieved from /opt/airflow/dags/cso_2295/cso_2295_ipo_2_cso_bd.py
[2022-05-01 20:04:10,316] {logging_mixin.py:109} INFO - [2022-05-01 20:04:10,316] {dag.py:2398} INFO - Sync 1 DAGs
[2022-05-01 20:04:10,534] {logging_mixin.py:109} INFO - [2022-05-01 20:04:10,534] {dag.py:2937} INFO - Setting next_dagrun for cso_2295_ipo_2_cso_bd.py to 2022-05-01T15:41:00+00:00
[2022-05-01 20:04:10,885] {processor.py:171} INFO - Processing /opt/airflow/dags/cso_2295/cso_2295_ipo_2_cso_bd.py took 9.547 seconds
[2022-05-01 20:04:41,024] {processor.py:163} INFO - Started process (PID=145) to work on /opt/airflow/dags/cso_2295/cso_2295_ipo_2_cso_bd.py
[2022-05-01 20:04:41,025] {processor.py:642} INFO - Processing file /opt/airflow/dags/cso_2295/cso_2295_ipo_2_cso_bd.py for tasks to queue
[2022-05-01 20:04:41,026] {logging_mixin.py:109} INFO - [2022-05-01 20:04:41,026] {dagbag.py:500} INFO - Filling up the DagBag from /opt/airflow/dags/cso_2295/cso_2295_ipo_2_cso_bd.py
[2022-05-01 20:04:41,711] {processor.py:654} INFO - DAG(s) dict_keys(['cso_2295_ipo_2_cso_bd.py']) retrieved from /opt/airflow/dags/cso_2295/cso_2295_ipo_2_cso_bd.py
[2022-05-01 20:04:41,730] {logging_mixin.py:109} INFO - [2022-05-01 20:04:41,730] {dag.py:2398} INFO - Sync 1 DAGs
[2022-05-01 20:04:41,744] {logging_mixin.py:109} INFO - [2022-05-01 20:04:41,744] {dag.py:2937} INFO - Setting next_dagrun for cso_2295_ipo_2_cso_bd.py to 2022-05-01T15:41:00+00:00
[2022-05-01 20:04:41,759] {processor.py:171} INFO - Processing /opt/airflow/dags/cso_2295/cso_2295_ipo_2_cso_bd.py took 0.740 seconds
[2022-05-01 20:05:11,939] {processor.py:163} INFO - Started process (PID=189) to work on /opt/airflow/dags/cso_2295/cso_2295_ipo_2_cso_bd.py
[2022-05-01 20:05:11,940] {processor.py:642} INFO - Processing file /opt/airflow/dags/cso_2295/cso_2295_ipo_2_cso_bd.py for tasks to queue
[2022-05-01 20:05:11,940] {logging_mixin.py:109} INFO - [2022-05-01 20:05:11,940] {dagbag.py:500} INFO - Filling up the DagBag from /opt/airflow/dags/cso_2295/cso_2295_ipo_2_cso_bd.py
[2022-05-01 20:05:12,551] {processor.py:654} INFO - DAG(s) dict_keys(['cso_2295_ipo_2_cso_bd.py']) retrieved from /opt/airflow/dags/cso_2295/cso_2295_ipo_2_cso_bd.py
[2022-05-01 20:05:12,579] {logging_mixin.py:109} INFO - [2022-05-01 20:05:12,578] {dag.py:2398} INFO - Sync 1 DAGs
[2022-05-01 20:05:12,594] {logging_mixin.py:109} INFO - [2022-05-01 20:05:12,594] {dag.py:2937} INFO - Setting next_dagrun for cso_2295_ipo_2_cso_bd.py to 2022-05-01T15:41:00+00:00
[2022-05-01 20:05:12,603] {processor.py:171} INFO - Processing /opt/airflow/dags/cso_2295/cso_2295_ipo_2_cso_bd.py took 0.666 seconds
[2022-05-01 20:05:42,788] {processor.py:163} INFO - Started process (PID=243) to work on /opt/airflow/dags/cso_2295/cso_2295_ipo_2_cso_bd.py
[2022-05-01 20:05:42,791] {processor.py:642} INFO - Processing file /opt/airflow/dags/cso_2295/cso_2295_ipo_2_cso_bd.py for tasks to queue
[2022-05-01 20:05:42,791] {logging_mixin.py:109} INFO - [2022-05-01 20:05:42,791] {dagbag.py:500} INFO - Filling up the DagBag from /opt/airflow/dags/cso_2295/cso_2295_ipo_2_cso_bd.py
[2022-05-01 20:05:43,056] {processor.py:654} INFO - DAG(s) dict_keys(['cso_2295_ipo_2_cso_bd.py']) retrieved from /opt/airflow/dags/cso_2295/cso_2295_ipo_2_cso_bd.py
[2022-05-01 20:05:43,072] {logging_mixin.py:109} INFO - [2022-05-01 20:05:43,071] {dag.py:2398} INFO - Sync 1 DAGs
[2022-05-01 20:05:43,083] {logging_mixin.py:109} INFO - [2022-05-01 20:05:43,083] {dag.py:2937} INFO - Setting next_dagrun for cso_2295_ipo_2_cso_bd.py to 2022-05-01T15:41:00+00:00
[2022-05-01 20:05:43,089] {processor.py:171} INFO - Processing /opt/airflow/dags/cso_2295/cso_2295_ipo_2_cso_bd.py took 0.303 seconds
[2022-05-01 20:06:13,278] {processor.py:163} INFO - Started process (PID=285) to work on /opt/airflow/dags/cso_2295/cso_2295_ipo_2_cso_bd.py
[2022-05-01 20:06:13,279] {processor.py:642} INFO - Processing file /opt/airflow/dags/cso_2295/cso_2295_ipo_2_cso_bd.py for tasks to queue
[2022-05-01 20:06:13,280] {logging_mixin.py:109} INFO - [2022-05-01 20:06:13,280] {dagbag.py:500} INFO - Filling up the DagBag from /opt/airflow/dags/cso_2295/cso_2295_ipo_2_cso_bd.py
[2022-05-01 20:06:13,515] {processor.py:654} INFO - DAG(s) dict_keys(['cso_2295_ipo_2_cso_bd.py']) retrieved from /opt/airflow/dags/cso_2295/cso_2295_ipo_2_cso_bd.py
[2022-05-01 20:06:13,530] {logging_mixin.py:109} INFO - [2022-05-01 20:06:13,530] {dag.py:2398} INFO - Sync 1 DAGs
[2022-05-01 20:06:13,542] {logging_mixin.py:109} INFO - [2022-05-01 20:06:13,542] {dag.py:2937} INFO - Setting next_dagrun for cso_2295_ipo_2_cso_bd.py to 2022-05-01T15:41:00+00:00
[2022-05-01 20:06:13,548] {processor.py:171} INFO - Processing /opt/airflow/dags/cso_2295/cso_2295_ipo_2_cso_bd.py took 0.271 seconds
[2022-05-01 20:06:43,579] {processor.py:163} INFO - Started process (PID=336) to work on /opt/airflow/dags/cso_2295/cso_2295_ipo_2_cso_bd.py
[2022-05-01 20:06:43,580] {processor.py:642} INFO - Processing file /opt/airflow/dags/cso_2295/cso_2295_ipo_2_cso_bd.py for tasks to queue
[2022-05-01 20:06:43,581] {logging_mixin.py:109} INFO - [2022-05-01 20:06:43,581] {dagbag.py:500} INFO - Filling up the DagBag from /opt/airflow/dags/cso_2295/cso_2295_ipo_2_cso_bd.py
[2022-05-01 20:06:43,836] {processor.py:654} INFO - DAG(s) dict_keys(['cso_2295_ipo_2_cso_bd.py']) retrieved from /opt/airflow/dags/cso_2295/cso_2295_ipo_2_cso_bd.py
[2022-05-01 20:06:43,855] {logging_mixin.py:109} INFO - [2022-05-01 20:06:43,854] {dag.py:2398} INFO - Sync 1 DAGs
[2022-05-01 20:06:43,867] {logging_mixin.py:109} INFO - [2022-05-01 20:06:43,867] {dag.py:2937} INFO - Setting next_dagrun for cso_2295_ipo_2_cso_bd.py to 2022-05-01T15:41:00+00:00
[2022-05-01 20:06:43,874] {processor.py:171} INFO - Processing /opt/airflow/dags/cso_2295/cso_2295_ipo_2_cso_bd.py took 0.297 seconds
[2022-05-01 20:07:14,306] {processor.py:163} INFO - Started process (PID=387) to work on /opt/airflow/dags/cso_2295/cso_2295_ipo_2_cso_bd.py
[2022-05-01 20:07:14,307] {processor.py:642} INFO - Processing file /opt/airflow/dags/cso_2295/cso_2295_ipo_2_cso_bd.py for tasks to queue
[2022-05-01 20:07:14,307] {logging_mixin.py:109} INFO - [2022-05-01 20:07:14,307] {dagbag.py:500} INFO - Filling up the DagBag from /opt/airflow/dags/cso_2295/cso_2295_ipo_2_cso_bd.py
[2022-05-01 20:07:14,540] {processor.py:654} INFO - DAG(s) dict_keys(['cso_2295_ipo_2_cso_bd.py']) retrieved from /opt/airflow/dags/cso_2295/cso_2295_ipo_2_cso_bd.py
[2022-05-01 20:07:14,554] {logging_mixin.py:109} INFO - [2022-05-01 20:07:14,554] {dag.py:2398} INFO - Sync 1 DAGs
[2022-05-01 20:07:14,566] {logging_mixin.py:109} INFO - [2022-05-01 20:07:14,566] {dag.py:2937} INFO - Setting next_dagrun for cso_2295_ipo_2_cso_bd.py to 2022-05-01T15:41:00+00:00
[2022-05-01 20:07:14,572] {processor.py:171} INFO - Processing /opt/airflow/dags/cso_2295/cso_2295_ipo_2_cso_bd.py took 0.268 seconds
[2022-05-01 20:07:44,910] {processor.py:163} INFO - Started process (PID=436) to work on /opt/airflow/dags/cso_2295/cso_2295_ipo_2_cso_bd.py
[2022-05-01 20:07:44,911] {processor.py:642} INFO - Processing file /opt/airflow/dags/cso_2295/cso_2295_ipo_2_cso_bd.py for tasks to queue
[2022-05-01 20:07:44,911] {logging_mixin.py:109} INFO - [2022-05-01 20:07:44,911] {dagbag.py:500} INFO - Filling up the DagBag from /opt/airflow/dags/cso_2295/cso_2295_ipo_2_cso_bd.py
[2022-05-01 20:07:45,158] {processor.py:654} INFO - DAG(s) dict_keys(['cso_2295_ipo_2_cso_bd.py']) retrieved from /opt/airflow/dags/cso_2295/cso_2295_ipo_2_cso_bd.py
[2022-05-01 20:07:45,172] {logging_mixin.py:109} INFO - [2022-05-01 20:07:45,172] {dag.py:2398} INFO - Sync 1 DAGs
[2022-05-01 20:07:45,185] {logging_mixin.py:109} INFO - [2022-05-01 20:07:45,185] {dag.py:2937} INFO - Setting next_dagrun for cso_2295_ipo_2_cso_bd.py to 2022-05-01T15:41:00+00:00
[2022-05-01 20:07:45,190] {processor.py:171} INFO - Processing /opt/airflow/dags/cso_2295/cso_2295_ipo_2_cso_bd.py took 0.283 seconds
[2022-05-01 20:08:15,332] {processor.py:163} INFO - Started process (PID=492) to work on /opt/airflow/dags/cso_2295/cso_2295_ipo_2_cso_bd.py
[2022-05-01 20:08:15,334] {processor.py:642} INFO - Processing file /opt/airflow/dags/cso_2295/cso_2295_ipo_2_cso_bd.py for tasks to queue
[2022-05-01 20:08:15,335] {logging_mixin.py:109} INFO - [2022-05-01 20:08:15,334] {dagbag.py:500} INFO - Filling up the DagBag from /opt/airflow/dags/cso_2295/cso_2295_ipo_2_cso_bd.py
[2022-05-01 20:08:15,681] {processor.py:654} INFO - DAG(s) dict_keys(['cso_2295_ipo_2_cso_bd.py']) retrieved from /opt/airflow/dags/cso_2295/cso_2295_ipo_2_cso_bd.py
[2022-05-01 20:08:15,745] {logging_mixin.py:109} INFO - [2022-05-01 20:08:15,744] {dag.py:2398} INFO - Sync 1 DAGs
[2022-05-01 20:08:15,768] {logging_mixin.py:109} INFO - [2022-05-01 20:08:15,768] {dag.py:2937} INFO - Setting next_dagrun for cso_2295_ipo_2_cso_bd.py to 2022-05-01T15:41:00+00:00
[2022-05-01 20:08:15,777] {processor.py:171} INFO - Processing /opt/airflow/dags/cso_2295/cso_2295_ipo_2_cso_bd.py took 0.450 seconds
[2022-05-01 20:08:45,855] {processor.py:163} INFO - Started process (PID=534) to work on /opt/airflow/dags/cso_2295/cso_2295_ipo_2_cso_bd.py
[2022-05-01 20:08:45,859] {processor.py:642} INFO - Processing file /opt/airflow/dags/cso_2295/cso_2295_ipo_2_cso_bd.py for tasks to queue
[2022-05-01 20:08:45,860] {logging_mixin.py:109} INFO - [2022-05-01 20:08:45,860] {dagbag.py:500} INFO - Filling up the DagBag from /opt/airflow/dags/cso_2295/cso_2295_ipo_2_cso_bd.py
[2022-05-01 20:08:46,117] {processor.py:654} INFO - DAG(s) dict_keys(['cso_2295_ipo_2_cso_bd.py']) retrieved from /opt/airflow/dags/cso_2295/cso_2295_ipo_2_cso_bd.py
[2022-05-01 20:08:46,133] {logging_mixin.py:109} INFO - [2022-05-01 20:08:46,132] {dag.py:2398} INFO - Sync 1 DAGs
[2022-05-01 20:08:46,145] {logging_mixin.py:109} INFO - [2022-05-01 20:08:46,145] {dag.py:2937} INFO - Setting next_dagrun for cso_2295_ipo_2_cso_bd.py to 2022-05-01T15:41:00+00:00
[2022-05-01 20:08:46,150] {processor.py:171} INFO - Processing /opt/airflow/dags/cso_2295/cso_2295_ipo_2_cso_bd.py took 0.306 seconds
[2022-05-01 20:09:16,371] {processor.py:163} INFO - Started process (PID=586) to work on /opt/airflow/dags/cso_2295/cso_2295_ipo_2_cso_bd.py
[2022-05-01 20:09:16,374] {processor.py:642} INFO - Processing file /opt/airflow/dags/cso_2295/cso_2295_ipo_2_cso_bd.py for tasks to queue
[2022-05-01 20:09:16,375] {logging_mixin.py:109} INFO - [2022-05-01 20:09:16,375] {dagbag.py:500} INFO - Filling up the DagBag from /opt/airflow/dags/cso_2295/cso_2295_ipo_2_cso_bd.py
[2022-05-01 20:09:16,631] {processor.py:654} INFO - DAG(s) dict_keys(['cso_2295_ipo_2_cso_bd.py']) retrieved from /opt/airflow/dags/cso_2295/cso_2295_ipo_2_cso_bd.py
[2022-05-01 20:09:16,646] {logging_mixin.py:109} INFO - [2022-05-01 20:09:16,646] {dag.py:2398} INFO - Sync 1 DAGs
[2022-05-01 20:09:16,661] {logging_mixin.py:109} INFO - [2022-05-01 20:09:16,661] {dag.py:2937} INFO - Setting next_dagrun for cso_2295_ipo_2_cso_bd.py to 2022-05-01T15:41:00+00:00
[2022-05-01 20:09:16,668] {processor.py:171} INFO - Processing /opt/airflow/dags/cso_2295/cso_2295_ipo_2_cso_bd.py took 0.305 seconds
[2022-05-01 20:09:47,022] {processor.py:163} INFO - Started process (PID=632) to work on /opt/airflow/dags/cso_2295/cso_2295_ipo_2_cso_bd.py
[2022-05-01 20:09:47,023] {processor.py:642} INFO - Processing file /opt/airflow/dags/cso_2295/cso_2295_ipo_2_cso_bd.py for tasks to queue
[2022-05-01 20:09:47,024] {logging_mixin.py:109} INFO - [2022-05-01 20:09:47,024] {dagbag.py:500} INFO - Filling up the DagBag from /opt/airflow/dags/cso_2295/cso_2295_ipo_2_cso_bd.py
[2022-05-01 20:09:47,339] {processor.py:654} INFO - DAG(s) dict_keys(['cso_2295_ipo_2_cso_bd.py']) retrieved from /opt/airflow/dags/cso_2295/cso_2295_ipo_2_cso_bd.py
[2022-05-01 20:09:47,371] {logging_mixin.py:109} INFO - [2022-05-01 20:09:47,371] {dag.py:2398} INFO - Sync 1 DAGs
[2022-05-01 20:09:47,386] {logging_mixin.py:109} INFO - [2022-05-01 20:09:47,386] {dag.py:2937} INFO - Setting next_dagrun for cso_2295_ipo_2_cso_bd.py to 2022-05-01T15:41:00+00:00
[2022-05-01 20:09:47,393] {processor.py:171} INFO - Processing /opt/airflow/dags/cso_2295/cso_2295_ipo_2_cso_bd.py took 0.376 seconds
[2022-05-01 20:10:17,891] {processor.py:163} INFO - Started process (PID=685) to work on /opt/airflow/dags/cso_2295/cso_2295_ipo_2_cso_bd.py
[2022-05-01 20:10:17,894] {processor.py:642} INFO - Processing file /opt/airflow/dags/cso_2295/cso_2295_ipo_2_cso_bd.py for tasks to queue
[2022-05-01 20:10:17,895] {logging_mixin.py:109} INFO - [2022-05-01 20:10:17,895] {dagbag.py:500} INFO - Filling up the DagBag from /opt/airflow/dags/cso_2295/cso_2295_ipo_2_cso_bd.py
[2022-05-01 20:10:18,135] {processor.py:654} INFO - DAG(s) dict_keys(['cso_2295_ipo_2_cso_bd.py']) retrieved from /opt/airflow/dags/cso_2295/cso_2295_ipo_2_cso_bd.py
[2022-05-01 20:10:18,150] {logging_mixin.py:109} INFO - [2022-05-01 20:10:18,150] {dag.py:2398} INFO - Sync 1 DAGs
[2022-05-01 20:10:18,162] {logging_mixin.py:109} INFO - [2022-05-01 20:10:18,162] {dag.py:2937} INFO - Setting next_dagrun for cso_2295_ipo_2_cso_bd.py to 2022-05-01T15:41:00+00:00
[2022-05-01 20:10:18,167] {processor.py:171} INFO - Processing /opt/airflow/dags/cso_2295/cso_2295_ipo_2_cso_bd.py took 0.286 seconds
[2022-05-01 20:10:48,239] {processor.py:163} INFO - Started process (PID=737) to work on /opt/airflow/dags/cso_2295/cso_2295_ipo_2_cso_bd.py
[2022-05-01 20:10:48,239] {processor.py:642} INFO - Processing file /opt/airflow/dags/cso_2295/cso_2295_ipo_2_cso_bd.py for tasks to queue
[2022-05-01 20:10:48,240] {logging_mixin.py:109} INFO - [2022-05-01 20:10:48,240] {dagbag.py:500} INFO - Filling up the DagBag from /opt/airflow/dags/cso_2295/cso_2295_ipo_2_cso_bd.py
[2022-05-01 20:10:48,498] {processor.py:654} INFO - DAG(s) dict_keys(['cso_2295_ipo_2_cso_bd.py']) retrieved from /opt/airflow/dags/cso_2295/cso_2295_ipo_2_cso_bd.py
[2022-05-01 20:10:48,514] {logging_mixin.py:109} INFO - [2022-05-01 20:10:48,514] {dag.py:2398} INFO - Sync 1 DAGs
[2022-05-01 20:10:48,527] {logging_mixin.py:109} INFO - [2022-05-01 20:10:48,527] {dag.py:2937} INFO - Setting next_dagrun for cso_2295_ipo_2_cso_bd.py to 2022-05-01T15:41:00+00:00
[2022-05-01 20:10:48,534] {processor.py:171} INFO - Processing /opt/airflow/dags/cso_2295/cso_2295_ipo_2_cso_bd.py took 0.297 seconds
[2022-05-01 20:11:18,962] {processor.py:163} INFO - Started process (PID=779) to work on /opt/airflow/dags/cso_2295/cso_2295_ipo_2_cso_bd.py
[2022-05-01 20:11:18,963] {processor.py:642} INFO - Processing file /opt/airflow/dags/cso_2295/cso_2295_ipo_2_cso_bd.py for tasks to queue
[2022-05-01 20:11:18,964] {logging_mixin.py:109} INFO - [2022-05-01 20:11:18,964] {dagbag.py:500} INFO - Filling up the DagBag from /opt/airflow/dags/cso_2295/cso_2295_ipo_2_cso_bd.py
[2022-05-01 20:11:19,234] {processor.py:654} INFO - DAG(s) dict_keys(['cso_2295_ipo_2_cso_bd.py']) retrieved from /opt/airflow/dags/cso_2295/cso_2295_ipo_2_cso_bd.py
[2022-05-01 20:11:19,267] {logging_mixin.py:109} INFO - [2022-05-01 20:11:19,267] {dag.py:2398} INFO - Sync 1 DAGs
[2022-05-01 20:11:19,279] {logging_mixin.py:109} INFO - [2022-05-01 20:11:19,279] {dag.py:2937} INFO - Setting next_dagrun for cso_2295_ipo_2_cso_bd.py to 2022-05-01T15:41:00+00:00
[2022-05-01 20:11:19,285] {processor.py:171} INFO - Processing /opt/airflow/dags/cso_2295/cso_2295_ipo_2_cso_bd.py took 0.325 seconds
[2022-05-01 20:11:50,151] {processor.py:163} INFO - Started process (PID=833) to work on /opt/airflow/dags/cso_2295/cso_2295_ipo_2_cso_bd.py
[2022-05-01 20:11:50,158] {processor.py:642} INFO - Processing file /opt/airflow/dags/cso_2295/cso_2295_ipo_2_cso_bd.py for tasks to queue
[2022-05-01 20:11:50,160] {logging_mixin.py:109} INFO - [2022-05-01 20:11:50,160] {dagbag.py:500} INFO - Filling up the DagBag from /opt/airflow/dags/cso_2295/cso_2295_ipo_2_cso_bd.py
[2022-05-01 20:11:50,474] {processor.py:654} INFO - DAG(s) dict_keys(['cso_2295_ipo_2_cso_bd.py']) retrieved from /opt/airflow/dags/cso_2295/cso_2295_ipo_2_cso_bd.py
[2022-05-01 20:11:50,489] {logging_mixin.py:109} INFO - [2022-05-01 20:11:50,489] {dag.py:2398} INFO - Sync 1 DAGs
[2022-05-01 20:11:50,502] {logging_mixin.py:109} INFO - [2022-05-01 20:11:50,502] {dag.py:2937} INFO - Setting next_dagrun for cso_2295_ipo_2_cso_bd.py to 2022-05-01T15:41:00+00:00
[2022-05-01 20:11:50,508] {processor.py:171} INFO - Processing /opt/airflow/dags/cso_2295/cso_2295_ipo_2_cso_bd.py took 0.367 seconds
[2022-05-01 20:12:20,805] {processor.py:163} INFO - Started process (PID=876) to work on /opt/airflow/dags/cso_2295/cso_2295_ipo_2_cso_bd.py
[2022-05-01 20:12:20,806] {processor.py:642} INFO - Processing file /opt/airflow/dags/cso_2295/cso_2295_ipo_2_cso_bd.py for tasks to queue
[2022-05-01 20:12:20,806] {logging_mixin.py:109} INFO - [2022-05-01 20:12:20,806] {dagbag.py:500} INFO - Filling up the DagBag from /opt/airflow/dags/cso_2295/cso_2295_ipo_2_cso_bd.py
[2022-05-01 20:12:21,032] {processor.py:654} INFO - DAG(s) dict_keys(['cso_2295_ipo_2_cso_bd.py']) retrieved from /opt/airflow/dags/cso_2295/cso_2295_ipo_2_cso_bd.py
[2022-05-01 20:12:21,046] {logging_mixin.py:109} INFO - [2022-05-01 20:12:21,046] {dag.py:2398} INFO - Sync 1 DAGs
[2022-05-01 20:12:21,059] {logging_mixin.py:109} INFO - [2022-05-01 20:12:21,059] {dag.py:2937} INFO - Setting next_dagrun for cso_2295_ipo_2_cso_bd.py to 2022-05-01T15:41:00+00:00
[2022-05-01 20:12:21,065] {processor.py:171} INFO - Processing /opt/airflow/dags/cso_2295/cso_2295_ipo_2_cso_bd.py took 0.263 seconds
[2022-05-01 20:12:51,212] {processor.py:163} INFO - Started process (PID=929) to work on /opt/airflow/dags/cso_2295/cso_2295_ipo_2_cso_bd.py
[2022-05-01 20:12:51,213] {processor.py:642} INFO - Processing file /opt/airflow/dags/cso_2295/cso_2295_ipo_2_cso_bd.py for tasks to queue
[2022-05-01 20:12:51,214] {logging_mixin.py:109} INFO - [2022-05-01 20:12:51,213] {dagbag.py:500} INFO - Filling up the DagBag from /opt/airflow/dags/cso_2295/cso_2295_ipo_2_cso_bd.py
[2022-05-01 20:12:51,456] {processor.py:654} INFO - DAG(s) dict_keys(['cso_2295_ipo_2_cso_bd.py']) retrieved from /opt/airflow/dags/cso_2295/cso_2295_ipo_2_cso_bd.py
[2022-05-01 20:12:51,490] {logging_mixin.py:109} INFO - [2022-05-01 20:12:51,490] {dag.py:2398} INFO - Sync 1 DAGs
[2022-05-01 20:12:51,506] {logging_mixin.py:109} INFO - [2022-05-01 20:12:51,506] {dag.py:2937} INFO - Setting next_dagrun for cso_2295_ipo_2_cso_bd.py to 2022-05-01T15:41:00+00:00
[2022-05-01 20:12:51,545] {processor.py:171} INFO - Processing /opt/airflow/dags/cso_2295/cso_2295_ipo_2_cso_bd.py took 0.335 seconds
[2022-05-01 20:13:21,629] {processor.py:163} INFO - Started process (PID=983) to work on /opt/airflow/dags/cso_2295/cso_2295_ipo_2_cso_bd.py
[2022-05-01 20:13:21,630] {processor.py:642} INFO - Processing file /opt/airflow/dags/cso_2295/cso_2295_ipo_2_cso_bd.py for tasks to queue
[2022-05-01 20:13:21,631] {logging_mixin.py:109} INFO - [2022-05-01 20:13:21,631] {dagbag.py:500} INFO - Filling up the DagBag from /opt/airflow/dags/cso_2295/cso_2295_ipo_2_cso_bd.py
[2022-05-01 20:13:21,860] {processor.py:654} INFO - DAG(s) dict_keys(['cso_2295_ipo_2_cso_bd.py']) retrieved from /opt/airflow/dags/cso_2295/cso_2295_ipo_2_cso_bd.py
[2022-05-01 20:13:21,874] {logging_mixin.py:109} INFO - [2022-05-01 20:13:21,874] {dag.py:2398} INFO - Sync 1 DAGs
[2022-05-01 20:13:21,887] {logging_mixin.py:109} INFO - [2022-05-01 20:13:21,887] {dag.py:2937} INFO - Setting next_dagrun for cso_2295_ipo_2_cso_bd.py to 2022-05-01T15:41:00+00:00
[2022-05-01 20:13:21,893] {processor.py:171} INFO - Processing /opt/airflow/dags/cso_2295/cso_2295_ipo_2_cso_bd.py took 0.266 seconds
[2022-05-01 20:13:52,316] {processor.py:163} INFO - Started process (PID=1026) to work on /opt/airflow/dags/cso_2295/cso_2295_ipo_2_cso_bd.py
[2022-05-01 20:13:52,317] {processor.py:642} INFO - Processing file /opt/airflow/dags/cso_2295/cso_2295_ipo_2_cso_bd.py for tasks to queue
[2022-05-01 20:13:52,317] {logging_mixin.py:109} INFO - [2022-05-01 20:13:52,317] {dagbag.py:500} INFO - Filling up the DagBag from /opt/airflow/dags/cso_2295/cso_2295_ipo_2_cso_bd.py
[2022-05-01 20:13:52,559] {processor.py:654} INFO - DAG(s) dict_keys(['cso_2295_ipo_2_cso_bd.py']) retrieved from /opt/airflow/dags/cso_2295/cso_2295_ipo_2_cso_bd.py
[2022-05-01 20:13:52,574] {logging_mixin.py:109} INFO - [2022-05-01 20:13:52,574] {dag.py:2398} INFO - Sync 1 DAGs
[2022-05-01 20:13:52,587] {logging_mixin.py:109} INFO - [2022-05-01 20:13:52,587] {dag.py:2937} INFO - Setting next_dagrun for cso_2295_ipo_2_cso_bd.py to 2022-05-01T15:41:00+00:00
[2022-05-01 20:13:52,593] {processor.py:171} INFO - Processing /opt/airflow/dags/cso_2295/cso_2295_ipo_2_cso_bd.py took 0.279 seconds
[2022-05-01 20:14:22,646] {processor.py:163} INFO - Started process (PID=1086) to work on /opt/airflow/dags/cso_2295/cso_2295_ipo_2_cso_bd.py
[2022-05-01 20:14:22,648] {processor.py:642} INFO - Processing file /opt/airflow/dags/cso_2295/cso_2295_ipo_2_cso_bd.py for tasks to queue
[2022-05-01 20:14:22,649] {logging_mixin.py:109} INFO - [2022-05-01 20:14:22,649] {dagbag.py:500} INFO - Filling up the DagBag from /opt/airflow/dags/cso_2295/cso_2295_ipo_2_cso_bd.py
[2022-05-01 20:14:22,878] {processor.py:654} INFO - DAG(s) dict_keys(['cso_2295_ipo_2_cso_bd.py']) retrieved from /opt/airflow/dags/cso_2295/cso_2295_ipo_2_cso_bd.py
[2022-05-01 20:14:22,892] {logging_mixin.py:109} INFO - [2022-05-01 20:14:22,892] {dag.py:2398} INFO - Sync 1 DAGs
[2022-05-01 20:14:22,905] {logging_mixin.py:109} INFO - [2022-05-01 20:14:22,905] {dag.py:2937} INFO - Setting next_dagrun for cso_2295_ipo_2_cso_bd.py to 2022-05-01T15:41:00+00:00
[2022-05-01 20:14:22,911] {processor.py:171} INFO - Processing /opt/airflow/dags/cso_2295/cso_2295_ipo_2_cso_bd.py took 0.273 seconds
[2022-05-01 20:14:53,061] {processor.py:163} INFO - Started process (PID=1129) to work on /opt/airflow/dags/cso_2295/cso_2295_ipo_2_cso_bd.py
[2022-05-01 20:14:53,062] {processor.py:642} INFO - Processing file /opt/airflow/dags/cso_2295/cso_2295_ipo_2_cso_bd.py for tasks to queue
[2022-05-01 20:14:53,063] {logging_mixin.py:109} INFO - [2022-05-01 20:14:53,063] {dagbag.py:500} INFO - Filling up the DagBag from /opt/airflow/dags/cso_2295/cso_2295_ipo_2_cso_bd.py
[2022-05-01 20:14:53,285] {processor.py:654} INFO - DAG(s) dict_keys(['cso_2295_ipo_2_cso_bd.py']) retrieved from /opt/airflow/dags/cso_2295/cso_2295_ipo_2_cso_bd.py
[2022-05-01 20:14:53,301] {logging_mixin.py:109} INFO - [2022-05-01 20:14:53,301] {dag.py:2398} INFO - Sync 1 DAGs
[2022-05-01 20:14:53,315] {logging_mixin.py:109} INFO - [2022-05-01 20:14:53,315] {dag.py:2937} INFO - Setting next_dagrun for cso_2295_ipo_2_cso_bd.py to 2022-05-01T15:41:00+00:00
[2022-05-01 20:14:53,360] {processor.py:171} INFO - Processing /opt/airflow/dags/cso_2295/cso_2295_ipo_2_cso_bd.py took 0.301 seconds
[2022-05-01 20:15:23,626] {processor.py:163} INFO - Started process (PID=1181) to work on /opt/airflow/dags/cso_2295/cso_2295_ipo_2_cso_bd.py
[2022-05-01 20:15:23,627] {processor.py:642} INFO - Processing file /opt/airflow/dags/cso_2295/cso_2295_ipo_2_cso_bd.py for tasks to queue
[2022-05-01 20:15:23,628] {logging_mixin.py:109} INFO - [2022-05-01 20:15:23,628] {dagbag.py:500} INFO - Filling up the DagBag from /opt/airflow/dags/cso_2295/cso_2295_ipo_2_cso_bd.py
[2022-05-01 20:15:23,866] {processor.py:654} INFO - DAG(s) dict_keys(['cso_2295_ipo_2_cso_bd.py']) retrieved from /opt/airflow/dags/cso_2295/cso_2295_ipo_2_cso_bd.py
[2022-05-01 20:15:23,881] {logging_mixin.py:109} INFO - [2022-05-01 20:15:23,881] {dag.py:2398} INFO - Sync 1 DAGs
[2022-05-01 20:15:23,892] {logging_mixin.py:109} INFO - [2022-05-01 20:15:23,892] {dag.py:2937} INFO - Setting next_dagrun for cso_2295_ipo_2_cso_bd.py to 2022-05-01T15:41:00+00:00
[2022-05-01 20:15:23,898] {processor.py:171} INFO - Processing /opt/airflow/dags/cso_2295/cso_2295_ipo_2_cso_bd.py took 0.274 seconds
[2022-05-01 20:15:54,132] {processor.py:163} INFO - Started process (PID=1224) to work on /opt/airflow/dags/cso_2295/cso_2295_ipo_2_cso_bd.py
[2022-05-01 20:15:54,135] {processor.py:642} INFO - Processing file /opt/airflow/dags/cso_2295/cso_2295_ipo_2_cso_bd.py for tasks to queue
[2022-05-01 20:15:54,136] {logging_mixin.py:109} INFO - [2022-05-01 20:15:54,136] {dagbag.py:500} INFO - Filling up the DagBag from /opt/airflow/dags/cso_2295/cso_2295_ipo_2_cso_bd.py
[2022-05-01 20:15:54,388] {processor.py:654} INFO - DAG(s) dict_keys(['cso_2295_ipo_2_cso_bd.py']) retrieved from /opt/airflow/dags/cso_2295/cso_2295_ipo_2_cso_bd.py
[2022-05-01 20:15:54,404] {logging_mixin.py:109} INFO - [2022-05-01 20:15:54,404] {dag.py:2398} INFO - Sync 1 DAGs
[2022-05-01 20:15:54,417] {logging_mixin.py:109} INFO - [2022-05-01 20:15:54,417] {dag.py:2937} INFO - Setting next_dagrun for cso_2295_ipo_2_cso_bd.py to 2022-05-01T15:41:00+00:00
[2022-05-01 20:15:54,428] {processor.py:171} INFO - Processing /opt/airflow/dags/cso_2295/cso_2295_ipo_2_cso_bd.py took 0.305 seconds
[2022-05-01 20:16:24,779] {processor.py:163} INFO - Started process (PID=1276) to work on /opt/airflow/dags/cso_2295/cso_2295_ipo_2_cso_bd.py
[2022-05-01 20:16:24,840] {processor.py:642} INFO - Processing file /opt/airflow/dags/cso_2295/cso_2295_ipo_2_cso_bd.py for tasks to queue
[2022-05-01 20:16:24,842] {logging_mixin.py:109} INFO - [2022-05-01 20:16:24,842] {dagbag.py:500} INFO - Filling up the DagBag from /opt/airflow/dags/cso_2295/cso_2295_ipo_2_cso_bd.py
[2022-05-01 20:16:25,093] {processor.py:654} INFO - DAG(s) dict_keys(['cso_2295_ipo_2_cso_bd.py']) retrieved from /opt/airflow/dags/cso_2295/cso_2295_ipo_2_cso_bd.py
[2022-05-01 20:16:25,108] {logging_mixin.py:109} INFO - [2022-05-01 20:16:25,108] {dag.py:2398} INFO - Sync 1 DAGs
[2022-05-01 20:16:25,120] {logging_mixin.py:109} INFO - [2022-05-01 20:16:25,120] {dag.py:2937} INFO - Setting next_dagrun for cso_2295_ipo_2_cso_bd.py to 2022-05-01T15:41:00+00:00
[2022-05-01 20:16:25,126] {processor.py:171} INFO - Processing /opt/airflow/dags/cso_2295/cso_2295_ipo_2_cso_bd.py took 0.352 seconds
[2022-05-01 20:16:55,204] {processor.py:163} INFO - Started process (PID=1327) to work on /opt/airflow/dags/cso_2295/cso_2295_ipo_2_cso_bd.py
[2022-05-01 20:16:55,206] {processor.py:642} INFO - Processing file /opt/airflow/dags/cso_2295/cso_2295_ipo_2_cso_bd.py for tasks to queue
[2022-05-01 20:16:55,206] {logging_mixin.py:109} INFO - [2022-05-01 20:16:55,206] {dagbag.py:500} INFO - Filling up the DagBag from /opt/airflow/dags/cso_2295/cso_2295_ipo_2_cso_bd.py
[2022-05-01 20:16:55,434] {processor.py:654} INFO - DAG(s) dict_keys(['cso_2295_ipo_2_cso_bd.py']) retrieved from /opt/airflow/dags/cso_2295/cso_2295_ipo_2_cso_bd.py
[2022-05-01 20:16:55,448] {logging_mixin.py:109} INFO - [2022-05-01 20:16:55,448] {dag.py:2398} INFO - Sync 1 DAGs
[2022-05-01 20:16:55,462] {logging_mixin.py:109} INFO - [2022-05-01 20:16:55,462] {dag.py:2937} INFO - Setting next_dagrun for cso_2295_ipo_2_cso_bd.py to 2022-05-01T15:41:00+00:00
[2022-05-01 20:16:55,468] {processor.py:171} INFO - Processing /opt/airflow/dags/cso_2295/cso_2295_ipo_2_cso_bd.py took 0.268 seconds
[2022-05-01 20:17:26,043] {processor.py:163} INFO - Started process (PID=1370) to work on /opt/airflow/dags/cso_2295/cso_2295_ipo_2_cso_bd.py
[2022-05-01 20:17:26,044] {processor.py:642} INFO - Processing file /opt/airflow/dags/cso_2295/cso_2295_ipo_2_cso_bd.py for tasks to queue
[2022-05-01 20:17:26,045] {logging_mixin.py:109} INFO - [2022-05-01 20:17:26,045] {dagbag.py:500} INFO - Filling up the DagBag from /opt/airflow/dags/cso_2295/cso_2295_ipo_2_cso_bd.py
[2022-05-01 20:17:26,292] {processor.py:654} INFO - DAG(s) dict_keys(['cso_2295_ipo_2_cso_bd.py']) retrieved from /opt/airflow/dags/cso_2295/cso_2295_ipo_2_cso_bd.py
[2022-05-01 20:17:26,307] {logging_mixin.py:109} INFO - [2022-05-01 20:17:26,307] {dag.py:2398} INFO - Sync 1 DAGs
[2022-05-01 20:17:26,320] {logging_mixin.py:109} INFO - [2022-05-01 20:17:26,320] {dag.py:2937} INFO - Setting next_dagrun for cso_2295_ipo_2_cso_bd.py to 2022-05-01T15:41:00+00:00
[2022-05-01 20:17:26,327] {processor.py:171} INFO - Processing /opt/airflow/dags/cso_2295/cso_2295_ipo_2_cso_bd.py took 0.288 seconds
[2022-05-01 20:17:56,566] {processor.py:163} INFO - Started process (PID=1422) to work on /opt/airflow/dags/cso_2295/cso_2295_ipo_2_cso_bd.py
[2022-05-01 20:17:56,567] {processor.py:642} INFO - Processing file /opt/airflow/dags/cso_2295/cso_2295_ipo_2_cso_bd.py for tasks to queue
[2022-05-01 20:17:56,568] {logging_mixin.py:109} INFO - [2022-05-01 20:17:56,568] {dagbag.py:500} INFO - Filling up the DagBag from /opt/airflow/dags/cso_2295/cso_2295_ipo_2_cso_bd.py
[2022-05-01 20:17:56,837] {processor.py:654} INFO - DAG(s) dict_keys(['cso_2295_ipo_2_cso_bd.py']) retrieved from /opt/airflow/dags/cso_2295/cso_2295_ipo_2_cso_bd.py
[2022-05-01 20:17:56,851] {logging_mixin.py:109} INFO - [2022-05-01 20:17:56,851] {dag.py:2398} INFO - Sync 1 DAGs
[2022-05-01 20:17:56,864] {logging_mixin.py:109} INFO - [2022-05-01 20:17:56,864] {dag.py:2937} INFO - Setting next_dagrun for cso_2295_ipo_2_cso_bd.py to 2022-05-01T15:41:00+00:00
[2022-05-01 20:17:56,871] {processor.py:171} INFO - Processing /opt/airflow/dags/cso_2295/cso_2295_ipo_2_cso_bd.py took 0.308 seconds
[2022-05-01 20:18:27,358] {processor.py:163} INFO - Started process (PID=1465) to work on /opt/airflow/dags/cso_2295/cso_2295_ipo_2_cso_bd.py
[2022-05-01 20:18:27,359] {processor.py:642} INFO - Processing file /opt/airflow/dags/cso_2295/cso_2295_ipo_2_cso_bd.py for tasks to queue
[2022-05-01 20:18:27,359] {logging_mixin.py:109} INFO - [2022-05-01 20:18:27,359] {dagbag.py:500} INFO - Filling up the DagBag from /opt/airflow/dags/cso_2295/cso_2295_ipo_2_cso_bd.py
[2022-05-01 20:18:27,584] {processor.py:654} INFO - DAG(s) dict_keys(['cso_2295_ipo_2_cso_bd.py']) retrieved from /opt/airflow/dags/cso_2295/cso_2295_ipo_2_cso_bd.py
[2022-05-01 20:18:27,598] {logging_mixin.py:109} INFO - [2022-05-01 20:18:27,598] {dag.py:2398} INFO - Sync 1 DAGs
[2022-05-01 20:18:27,610] {logging_mixin.py:109} INFO - [2022-05-01 20:18:27,610] {dag.py:2937} INFO - Setting next_dagrun for cso_2295_ipo_2_cso_bd.py to 2022-05-01T15:41:00+00:00
[2022-05-01 20:18:27,616] {processor.py:171} INFO - Processing /opt/airflow/dags/cso_2295/cso_2295_ipo_2_cso_bd.py took 0.261 seconds
[2022-05-01 20:18:57,716] {processor.py:163} INFO - Started process (PID=1517) to work on /opt/airflow/dags/cso_2295/cso_2295_ipo_2_cso_bd.py
[2022-05-01 20:18:57,717] {processor.py:642} INFO - Processing file /opt/airflow/dags/cso_2295/cso_2295_ipo_2_cso_bd.py for tasks to queue
[2022-05-01 20:18:57,717] {logging_mixin.py:109} INFO - [2022-05-01 20:18:57,717] {dagbag.py:500} INFO - Filling up the DagBag from /opt/airflow/dags/cso_2295/cso_2295_ipo_2_cso_bd.py
[2022-05-01 20:18:57,945] {processor.py:654} INFO - DAG(s) dict_keys(['cso_2295_ipo_2_cso_bd.py']) retrieved from /opt/airflow/dags/cso_2295/cso_2295_ipo_2_cso_bd.py
[2022-05-01 20:18:57,960] {logging_mixin.py:109} INFO - [2022-05-01 20:18:57,959] {dag.py:2398} INFO - Sync 1 DAGs
[2022-05-01 20:18:57,972] {logging_mixin.py:109} INFO - [2022-05-01 20:18:57,972] {dag.py:2937} INFO - Setting next_dagrun for cso_2295_ipo_2_cso_bd.py to 2022-05-01T15:41:00+00:00
[2022-05-01 20:18:57,985] {processor.py:171} INFO - Processing /opt/airflow/dags/cso_2295/cso_2295_ipo_2_cso_bd.py took 0.271 seconds
[2022-05-01 20:19:28,228] {processor.py:163} INFO - Started process (PID=1571) to work on /opt/airflow/dags/cso_2295/cso_2295_ipo_2_cso_bd.py
[2022-05-01 20:19:28,229] {processor.py:642} INFO - Processing file /opt/airflow/dags/cso_2295/cso_2295_ipo_2_cso_bd.py for tasks to queue
[2022-05-01 20:19:28,229] {logging_mixin.py:109} INFO - [2022-05-01 20:19:28,229] {dagbag.py:500} INFO - Filling up the DagBag from /opt/airflow/dags/cso_2295/cso_2295_ipo_2_cso_bd.py
[2022-05-01 20:19:28,483] {processor.py:654} INFO - DAG(s) dict_keys(['cso_2295_ipo_2_cso_bd.py']) retrieved from /opt/airflow/dags/cso_2295/cso_2295_ipo_2_cso_bd.py
[2022-05-01 20:19:28,500] {logging_mixin.py:109} INFO - [2022-05-01 20:19:28,500] {dag.py:2398} INFO - Sync 1 DAGs
[2022-05-01 20:19:28,514] {logging_mixin.py:109} INFO - [2022-05-01 20:19:28,514] {dag.py:2937} INFO - Setting next_dagrun for cso_2295_ipo_2_cso_bd.py to 2022-05-01T15:41:00+00:00
[2022-05-01 20:19:28,520] {processor.py:171} INFO - Processing /opt/airflow/dags/cso_2295/cso_2295_ipo_2_cso_bd.py took 0.294 seconds
[2022-05-01 20:19:58,864] {processor.py:163} INFO - Started process (PID=1616) to work on /opt/airflow/dags/cso_2295/cso_2295_ipo_2_cso_bd.py
[2022-05-01 20:19:58,865] {processor.py:642} INFO - Processing file /opt/airflow/dags/cso_2295/cso_2295_ipo_2_cso_bd.py for tasks to queue
[2022-05-01 20:19:58,865] {logging_mixin.py:109} INFO - [2022-05-01 20:19:58,865] {dagbag.py:500} INFO - Filling up the DagBag from /opt/airflow/dags/cso_2295/cso_2295_ipo_2_cso_bd.py
[2022-05-01 20:19:59,139] {processor.py:654} INFO - DAG(s) dict_keys(['cso_2295_ipo_2_cso_bd.py']) retrieved from /opt/airflow/dags/cso_2295/cso_2295_ipo_2_cso_bd.py
[2022-05-01 20:19:59,158] {logging_mixin.py:109} INFO - [2022-05-01 20:19:59,157] {dag.py:2398} INFO - Sync 1 DAGs
[2022-05-01 20:19:59,176] {logging_mixin.py:109} INFO - [2022-05-01 20:19:59,176] {dag.py:2937} INFO - Setting next_dagrun for cso_2295_ipo_2_cso_bd.py to 2022-05-01T15:41:00+00:00
[2022-05-01 20:19:59,185] {processor.py:171} INFO - Processing /opt/airflow/dags/cso_2295/cso_2295_ipo_2_cso_bd.py took 0.323 seconds
[2022-05-01 20:20:29,659] {processor.py:163} INFO - Started process (PID=1667) to work on /opt/airflow/dags/cso_2295/cso_2295_ipo_2_cso_bd.py
[2022-05-01 20:20:29,659] {processor.py:642} INFO - Processing file /opt/airflow/dags/cso_2295/cso_2295_ipo_2_cso_bd.py for tasks to queue
[2022-05-01 20:20:29,660] {logging_mixin.py:109} INFO - [2022-05-01 20:20:29,660] {dagbag.py:500} INFO - Filling up the DagBag from /opt/airflow/dags/cso_2295/cso_2295_ipo_2_cso_bd.py
[2022-05-01 20:20:29,920] {processor.py:654} INFO - DAG(s) dict_keys(['cso_2295_ipo_2_cso_bd.py']) retrieved from /opt/airflow/dags/cso_2295/cso_2295_ipo_2_cso_bd.py
[2022-05-01 20:20:29,937] {logging_mixin.py:109} INFO - [2022-05-01 20:20:29,937] {dag.py:2398} INFO - Sync 1 DAGs
[2022-05-01 20:20:29,954] {logging_mixin.py:109} INFO - [2022-05-01 20:20:29,954] {dag.py:2937} INFO - Setting next_dagrun for cso_2295_ipo_2_cso_bd.py to 2022-05-01T15:41:00+00:00
[2022-05-01 20:20:29,963] {processor.py:171} INFO - Processing /opt/airflow/dags/cso_2295/cso_2295_ipo_2_cso_bd.py took 0.306 seconds
[2022-05-01 20:21:00,192] {processor.py:163} INFO - Started process (PID=1709) to work on /opt/airflow/dags/cso_2295/cso_2295_ipo_2_cso_bd.py
[2022-05-01 20:21:00,193] {processor.py:642} INFO - Processing file /opt/airflow/dags/cso_2295/cso_2295_ipo_2_cso_bd.py for tasks to queue
[2022-05-01 20:21:00,193] {logging_mixin.py:109} INFO - [2022-05-01 20:21:00,193] {dagbag.py:500} INFO - Filling up the DagBag from /opt/airflow/dags/cso_2295/cso_2295_ipo_2_cso_bd.py
[2022-05-01 20:21:00,509] {processor.py:654} INFO - DAG(s) dict_keys(['cso_2295_ipo_2_cso_bd.py']) retrieved from /opt/airflow/dags/cso_2295/cso_2295_ipo_2_cso_bd.py
[2022-05-01 20:21:00,525] {logging_mixin.py:109} INFO - [2022-05-01 20:21:00,525] {dag.py:2398} INFO - Sync 1 DAGs
[2022-05-01 20:21:00,538] {logging_mixin.py:109} INFO - [2022-05-01 20:21:00,538] {dag.py:2937} INFO - Setting next_dagrun for cso_2295_ipo_2_cso_bd.py to 2022-05-01T15:41:00+00:00
[2022-05-01 20:21:00,545] {processor.py:171} INFO - Processing /opt/airflow/dags/cso_2295/cso_2295_ipo_2_cso_bd.py took 0.355 seconds
[2022-05-01 20:21:31,032] {processor.py:163} INFO - Started process (PID=1762) to work on /opt/airflow/dags/cso_2295/cso_2295_ipo_2_cso_bd.py
[2022-05-01 20:21:31,032] {processor.py:642} INFO - Processing file /opt/airflow/dags/cso_2295/cso_2295_ipo_2_cso_bd.py for tasks to queue
[2022-05-01 20:21:31,033] {logging_mixin.py:109} INFO - [2022-05-01 20:21:31,033] {dagbag.py:500} INFO - Filling up the DagBag from /opt/airflow/dags/cso_2295/cso_2295_ipo_2_cso_bd.py
[2022-05-01 20:21:31,310] {processor.py:654} INFO - DAG(s) dict_keys(['cso_2295_ipo_2_cso_bd.py']) retrieved from /opt/airflow/dags/cso_2295/cso_2295_ipo_2_cso_bd.py
[2022-05-01 20:21:31,325] {logging_mixin.py:109} INFO - [2022-05-01 20:21:31,324] {dag.py:2398} INFO - Sync 1 DAGs
[2022-05-01 20:21:31,340] {logging_mixin.py:109} INFO - [2022-05-01 20:21:31,340] {dag.py:2937} INFO - Setting next_dagrun for cso_2295_ipo_2_cso_bd.py to 2022-05-01T15:41:00+00:00
[2022-05-01 20:21:31,350] {processor.py:171} INFO - Processing /opt/airflow/dags/cso_2295/cso_2295_ipo_2_cso_bd.py took 0.320 seconds
[2022-05-01 20:22:01,541] {processor.py:163} INFO - Started process (PID=1805) to work on /opt/airflow/dags/cso_2295/cso_2295_ipo_2_cso_bd.py
[2022-05-01 20:22:01,546] {processor.py:642} INFO - Processing file /opt/airflow/dags/cso_2295/cso_2295_ipo_2_cso_bd.py for tasks to queue
[2022-05-01 20:22:01,546] {logging_mixin.py:109} INFO - [2022-05-01 20:22:01,546] {dagbag.py:500} INFO - Filling up the DagBag from /opt/airflow/dags/cso_2295/cso_2295_ipo_2_cso_bd.py
[2022-05-01 20:22:01,997] {processor.py:654} INFO - DAG(s) dict_keys(['cso_2295_ipo_2_cso_bd.py']) retrieved from /opt/airflow/dags/cso_2295/cso_2295_ipo_2_cso_bd.py
[2022-05-01 20:22:02,019] {logging_mixin.py:109} INFO - [2022-05-01 20:22:02,018] {dag.py:2398} INFO - Sync 1 DAGs
[2022-05-01 20:22:02,033] {logging_mixin.py:109} INFO - [2022-05-01 20:22:02,033] {dag.py:2937} INFO - Setting next_dagrun for cso_2295_ipo_2_cso_bd.py to 2022-05-01T15:41:00+00:00
[2022-05-01 20:22:02,040] {processor.py:171} INFO - Processing /opt/airflow/dags/cso_2295/cso_2295_ipo_2_cso_bd.py took 0.502 seconds
[2022-05-01 20:22:32,347] {processor.py:163} INFO - Started process (PID=1853) to work on /opt/airflow/dags/cso_2295/cso_2295_ipo_2_cso_bd.py
[2022-05-01 20:22:32,347] {processor.py:642} INFO - Processing file /opt/airflow/dags/cso_2295/cso_2295_ipo_2_cso_bd.py for tasks to queue
[2022-05-01 20:22:32,348] {logging_mixin.py:109} INFO - [2022-05-01 20:22:32,348] {dagbag.py:500} INFO - Filling up the DagBag from /opt/airflow/dags/cso_2295/cso_2295_ipo_2_cso_bd.py
[2022-05-01 20:22:32,592] {processor.py:654} INFO - DAG(s) dict_keys(['cso_2295_ipo_2_cso_bd.py']) retrieved from /opt/airflow/dags/cso_2295/cso_2295_ipo_2_cso_bd.py
[2022-05-01 20:22:32,609] {logging_mixin.py:109} INFO - [2022-05-01 20:22:32,609] {dag.py:2398} INFO - Sync 1 DAGs
[2022-05-01 20:22:32,621] {logging_mixin.py:109} INFO - [2022-05-01 20:22:32,621] {dag.py:2937} INFO - Setting next_dagrun for cso_2295_ipo_2_cso_bd.py to 2022-05-01T15:41:00+00:00
[2022-05-01 20:22:32,627] {processor.py:171} INFO - Processing /opt/airflow/dags/cso_2295/cso_2295_ipo_2_cso_bd.py took 0.283 seconds
[2022-05-01 20:23:02,917] {processor.py:163} INFO - Started process (PID=1901) to work on /opt/airflow/dags/cso_2295/cso_2295_ipo_2_cso_bd.py
[2022-05-01 20:23:02,918] {processor.py:642} INFO - Processing file /opt/airflow/dags/cso_2295/cso_2295_ipo_2_cso_bd.py for tasks to queue
[2022-05-01 20:23:02,918] {logging_mixin.py:109} INFO - [2022-05-01 20:23:02,918] {dagbag.py:500} INFO - Filling up the DagBag from /opt/airflow/dags/cso_2295/cso_2295_ipo_2_cso_bd.py
[2022-05-01 20:23:03,214] {processor.py:654} INFO - DAG(s) dict_keys(['cso_2295_ipo_2_cso_bd.py']) retrieved from /opt/airflow/dags/cso_2295/cso_2295_ipo_2_cso_bd.py
[2022-05-01 20:23:03,231] {logging_mixin.py:109} INFO - [2022-05-01 20:23:03,231] {dag.py:2398} INFO - Sync 1 DAGs
[2022-05-01 20:23:03,252] {logging_mixin.py:109} INFO - [2022-05-01 20:23:03,252] {dag.py:2937} INFO - Setting next_dagrun for cso_2295_ipo_2_cso_bd.py to 2022-05-01T15:41:00+00:00
[2022-05-01 20:23:03,260] {processor.py:171} INFO - Processing /opt/airflow/dags/cso_2295/cso_2295_ipo_2_cso_bd.py took 0.345 seconds
[2022-05-01 20:23:33,656] {processor.py:163} INFO - Started process (PID=1935) to work on /opt/airflow/dags/cso_2295/cso_2295_ipo_2_cso_bd.py
[2022-05-01 20:23:33,657] {processor.py:642} INFO - Processing file /opt/airflow/dags/cso_2295/cso_2295_ipo_2_cso_bd.py for tasks to queue
[2022-05-01 20:23:33,658] {logging_mixin.py:109} INFO - [2022-05-01 20:23:33,658] {dagbag.py:500} INFO - Filling up the DagBag from /opt/airflow/dags/cso_2295/cso_2295_ipo_2_cso_bd.py
[2022-05-01 20:23:33,948] {processor.py:654} INFO - DAG(s) dict_keys(['cso_2295_ipo_2_cso_bd.py']) retrieved from /opt/airflow/dags/cso_2295/cso_2295_ipo_2_cso_bd.py
[2022-05-01 20:23:33,962] {logging_mixin.py:109} INFO - [2022-05-01 20:23:33,962] {dag.py:2398} INFO - Sync 1 DAGs
[2022-05-01 20:23:33,974] {logging_mixin.py:109} INFO - [2022-05-01 20:23:33,974] {dag.py:2937} INFO - Setting next_dagrun for cso_2295_ipo_2_cso_bd.py to 2022-05-01T15:41:00+00:00
[2022-05-01 20:23:33,990] {processor.py:171} INFO - Processing /opt/airflow/dags/cso_2295/cso_2295_ipo_2_cso_bd.py took 0.335 seconds
[2022-05-01 20:24:04,784] {processor.py:163} INFO - Started process (PID=1988) to work on /opt/airflow/dags/cso_2295/cso_2295_ipo_2_cso_bd.py
[2022-05-01 20:24:04,785] {processor.py:642} INFO - Processing file /opt/airflow/dags/cso_2295/cso_2295_ipo_2_cso_bd.py for tasks to queue
[2022-05-01 20:24:04,785] {logging_mixin.py:109} INFO - [2022-05-01 20:24:04,785] {dagbag.py:500} INFO - Filling up the DagBag from /opt/airflow/dags/cso_2295/cso_2295_ipo_2_cso_bd.py
[2022-05-01 20:24:05,057] {processor.py:654} INFO - DAG(s) dict_keys(['cso_2295_ipo_2_cso_bd.py']) retrieved from /opt/airflow/dags/cso_2295/cso_2295_ipo_2_cso_bd.py
[2022-05-01 20:24:05,071] {logging_mixin.py:109} INFO - [2022-05-01 20:24:05,071] {dag.py:2398} INFO - Sync 1 DAGs
[2022-05-01 20:24:05,083] {logging_mixin.py:109} INFO - [2022-05-01 20:24:05,083] {dag.py:2937} INFO - Setting next_dagrun for cso_2295_ipo_2_cso_bd.py to 2022-05-01T15:41:00+00:00
[2022-05-01 20:24:05,089] {processor.py:171} INFO - Processing /opt/airflow/dags/cso_2295/cso_2295_ipo_2_cso_bd.py took 0.308 seconds
[2022-05-01 20:24:35,720] {processor.py:163} INFO - Started process (PID=2042) to work on /opt/airflow/dags/cso_2295/cso_2295_ipo_2_cso_bd.py
[2022-05-01 20:24:35,721] {processor.py:642} INFO - Processing file /opt/airflow/dags/cso_2295/cso_2295_ipo_2_cso_bd.py for tasks to queue
[2022-05-01 20:24:35,721] {logging_mixin.py:109} INFO - [2022-05-01 20:24:35,721] {dagbag.py:500} INFO - Filling up the DagBag from /opt/airflow/dags/cso_2295/cso_2295_ipo_2_cso_bd.py
[2022-05-01 20:24:35,981] {processor.py:654} INFO - DAG(s) dict_keys(['cso_2295_ipo_2_cso_bd.py']) retrieved from /opt/airflow/dags/cso_2295/cso_2295_ipo_2_cso_bd.py
[2022-05-01 20:24:35,996] {logging_mixin.py:109} INFO - [2022-05-01 20:24:35,996] {dag.py:2398} INFO - Sync 1 DAGs
[2022-05-01 20:24:36,008] {logging_mixin.py:109} INFO - [2022-05-01 20:24:36,008] {dag.py:2937} INFO - Setting next_dagrun for cso_2295_ipo_2_cso_bd.py to 2022-05-01T15:41:00+00:00
[2022-05-01 20:24:36,014] {processor.py:171} INFO - Processing /opt/airflow/dags/cso_2295/cso_2295_ipo_2_cso_bd.py took 0.296 seconds
[2022-05-01 20:25:06,558] {processor.py:163} INFO - Started process (PID=2085) to work on /opt/airflow/dags/cso_2295/cso_2295_ipo_2_cso_bd.py
[2022-05-01 20:25:06,558] {processor.py:642} INFO - Processing file /opt/airflow/dags/cso_2295/cso_2295_ipo_2_cso_bd.py for tasks to queue
[2022-05-01 20:25:06,559] {logging_mixin.py:109} INFO - [2022-05-01 20:25:06,559] {dagbag.py:500} INFO - Filling up the DagBag from /opt/airflow/dags/cso_2295/cso_2295_ipo_2_cso_bd.py
[2022-05-01 20:25:06,853] {processor.py:654} INFO - DAG(s) dict_keys(['cso_2295_ipo_2_cso_bd.py']) retrieved from /opt/airflow/dags/cso_2295/cso_2295_ipo_2_cso_bd.py
[2022-05-01 20:25:06,868] {logging_mixin.py:109} INFO - [2022-05-01 20:25:06,868] {dag.py:2398} INFO - Sync 1 DAGs
[2022-05-01 20:25:06,880] {logging_mixin.py:109} INFO - [2022-05-01 20:25:06,880] {dag.py:2937} INFO - Setting next_dagrun for cso_2295_ipo_2_cso_bd.py to 2022-05-01T15:41:00+00:00
[2022-05-01 20:25:06,886] {processor.py:171} INFO - Processing /opt/airflow/dags/cso_2295/cso_2295_ipo_2_cso_bd.py took 0.331 seconds
[2022-05-01 20:25:37,740] {processor.py:163} INFO - Started process (PID=2138) to work on /opt/airflow/dags/cso_2295/cso_2295_ipo_2_cso_bd.py
[2022-05-01 20:25:37,742] {processor.py:642} INFO - Processing file /opt/airflow/dags/cso_2295/cso_2295_ipo_2_cso_bd.py for tasks to queue
[2022-05-01 20:25:37,744] {logging_mixin.py:109} INFO - [2022-05-01 20:25:37,744] {dagbag.py:500} INFO - Filling up the DagBag from /opt/airflow/dags/cso_2295/cso_2295_ipo_2_cso_bd.py
[2022-05-01 20:25:37,983] {processor.py:654} INFO - DAG(s) dict_keys(['cso_2295_ipo_2_cso_bd.py']) retrieved from /opt/airflow/dags/cso_2295/cso_2295_ipo_2_cso_bd.py
[2022-05-01 20:25:37,999] {logging_mixin.py:109} INFO - [2022-05-01 20:25:37,998] {dag.py:2398} INFO - Sync 1 DAGs
[2022-05-01 20:25:38,013] {logging_mixin.py:109} INFO - [2022-05-01 20:25:38,013] {dag.py:2937} INFO - Setting next_dagrun for cso_2295_ipo_2_cso_bd.py to 2022-05-01T15:41:00+00:00
[2022-05-01 20:25:38,019] {processor.py:171} INFO - Processing /opt/airflow/dags/cso_2295/cso_2295_ipo_2_cso_bd.py took 0.289 seconds
[2022-05-01 20:26:08,893] {processor.py:163} INFO - Started process (PID=2189) to work on /opt/airflow/dags/cso_2295/cso_2295_ipo_2_cso_bd.py
[2022-05-01 20:26:08,894] {processor.py:642} INFO - Processing file /opt/airflow/dags/cso_2295/cso_2295_ipo_2_cso_bd.py for tasks to queue
[2022-05-01 20:26:08,895] {logging_mixin.py:109} INFO - [2022-05-01 20:26:08,895] {dagbag.py:500} INFO - Filling up the DagBag from /opt/airflow/dags/cso_2295/cso_2295_ipo_2_cso_bd.py
[2022-05-01 20:26:09,168] {processor.py:654} INFO - DAG(s) dict_keys(['cso_2295_ipo_2_cso_bd.py']) retrieved from /opt/airflow/dags/cso_2295/cso_2295_ipo_2_cso_bd.py
[2022-05-01 20:26:09,184] {logging_mixin.py:109} INFO - [2022-05-01 20:26:09,184] {dag.py:2398} INFO - Sync 1 DAGs
[2022-05-01 20:26:09,197] {logging_mixin.py:109} INFO - [2022-05-01 20:26:09,197] {dag.py:2937} INFO - Setting next_dagrun for cso_2295_ipo_2_cso_bd.py to 2022-05-01T15:41:00+00:00
[2022-05-01 20:26:09,204] {processor.py:171} INFO - Processing /opt/airflow/dags/cso_2295/cso_2295_ipo_2_cso_bd.py took 0.313 seconds
[2022-05-01 20:26:39,989] {processor.py:163} INFO - Started process (PID=2231) to work on /opt/airflow/dags/cso_2295/cso_2295_ipo_2_cso_bd.py
[2022-05-01 20:26:39,990] {processor.py:642} INFO - Processing file /opt/airflow/dags/cso_2295/cso_2295_ipo_2_cso_bd.py for tasks to queue
[2022-05-01 20:26:39,990] {logging_mixin.py:109} INFO - [2022-05-01 20:26:39,990] {dagbag.py:500} INFO - Filling up the DagBag from /opt/airflow/dags/cso_2295/cso_2295_ipo_2_cso_bd.py
[2022-05-01 20:26:40,294] {processor.py:654} INFO - DAG(s) dict_keys(['cso_2295_ipo_2_cso_bd.py']) retrieved from /opt/airflow/dags/cso_2295/cso_2295_ipo_2_cso_bd.py
[2022-05-01 20:26:40,309] {logging_mixin.py:109} INFO - [2022-05-01 20:26:40,309] {dag.py:2398} INFO - Sync 1 DAGs
[2022-05-01 20:26:40,322] {logging_mixin.py:109} INFO - [2022-05-01 20:26:40,322] {dag.py:2937} INFO - Setting next_dagrun for cso_2295_ipo_2_cso_bd.py to 2022-05-01T15:41:00+00:00
[2022-05-01 20:26:40,334] {processor.py:171} INFO - Processing /opt/airflow/dags/cso_2295/cso_2295_ipo_2_cso_bd.py took 0.347 seconds
[2022-05-01 20:27:10,715] {processor.py:163} INFO - Started process (PID=2283) to work on /opt/airflow/dags/cso_2295/cso_2295_ipo_2_cso_bd.py
[2022-05-01 20:27:10,717] {processor.py:642} INFO - Processing file /opt/airflow/dags/cso_2295/cso_2295_ipo_2_cso_bd.py for tasks to queue
[2022-05-01 20:27:10,719] {logging_mixin.py:109} INFO - [2022-05-01 20:27:10,719] {dagbag.py:500} INFO - Filling up the DagBag from /opt/airflow/dags/cso_2295/cso_2295_ipo_2_cso_bd.py
[2022-05-01 20:27:10,960] {processor.py:654} INFO - DAG(s) dict_keys(['cso_2295_ipo_2_cso_bd.py']) retrieved from /opt/airflow/dags/cso_2295/cso_2295_ipo_2_cso_bd.py
[2022-05-01 20:27:10,974] {logging_mixin.py:109} INFO - [2022-05-01 20:27:10,974] {dag.py:2398} INFO - Sync 1 DAGs
[2022-05-01 20:27:10,986] {logging_mixin.py:109} INFO - [2022-05-01 20:27:10,986] {dag.py:2937} INFO - Setting next_dagrun for cso_2295_ipo_2_cso_bd.py to 2022-05-01T15:41:00+00:00
[2022-05-01 20:27:10,992] {processor.py:171} INFO - Processing /opt/airflow/dags/cso_2295/cso_2295_ipo_2_cso_bd.py took 0.286 seconds
[2022-05-01 20:27:41,695] {processor.py:163} INFO - Started process (PID=2333) to work on /opt/airflow/dags/cso_2295/cso_2295_ipo_2_cso_bd.py
[2022-05-01 20:27:41,696] {processor.py:642} INFO - Processing file /opt/airflow/dags/cso_2295/cso_2295_ipo_2_cso_bd.py for tasks to queue
[2022-05-01 20:27:41,697] {logging_mixin.py:109} INFO - [2022-05-01 20:27:41,697] {dagbag.py:500} INFO - Filling up the DagBag from /opt/airflow/dags/cso_2295/cso_2295_ipo_2_cso_bd.py
[2022-05-01 20:27:42,016] {processor.py:654} INFO - DAG(s) dict_keys(['cso_2295_ipo_2_cso_bd.py']) retrieved from /opt/airflow/dags/cso_2295/cso_2295_ipo_2_cso_bd.py
[2022-05-01 20:27:42,033] {logging_mixin.py:109} INFO - [2022-05-01 20:27:42,033] {dag.py:2398} INFO - Sync 1 DAGs
[2022-05-01 20:27:42,045] {logging_mixin.py:109} INFO - [2022-05-01 20:27:42,045] {dag.py:2937} INFO - Setting next_dagrun for cso_2295_ipo_2_cso_bd.py to 2022-05-01T15:41:00+00:00
[2022-05-01 20:27:42,053] {processor.py:171} INFO - Processing /opt/airflow/dags/cso_2295/cso_2295_ipo_2_cso_bd.py took 0.361 seconds
[2022-05-01 20:28:12,922] {processor.py:163} INFO - Started process (PID=2393) to work on /opt/airflow/dags/cso_2295/cso_2295_ipo_2_cso_bd.py
[2022-05-01 20:28:12,923] {processor.py:642} INFO - Processing file /opt/airflow/dags/cso_2295/cso_2295_ipo_2_cso_bd.py for tasks to queue
[2022-05-01 20:28:12,924] {logging_mixin.py:109} INFO - [2022-05-01 20:28:12,924] {dagbag.py:500} INFO - Filling up the DagBag from /opt/airflow/dags/cso_2295/cso_2295_ipo_2_cso_bd.py
[2022-05-01 20:28:13,166] {processor.py:654} INFO - DAG(s) dict_keys(['cso_2295_ipo_2_cso_bd.py']) retrieved from /opt/airflow/dags/cso_2295/cso_2295_ipo_2_cso_bd.py
[2022-05-01 20:28:13,181] {logging_mixin.py:109} INFO - [2022-05-01 20:28:13,181] {dag.py:2398} INFO - Sync 1 DAGs
[2022-05-01 20:28:13,194] {logging_mixin.py:109} INFO - [2022-05-01 20:28:13,194] {dag.py:2937} INFO - Setting next_dagrun for cso_2295_ipo_2_cso_bd.py to 2022-05-01T15:41:00+00:00
[2022-05-01 20:28:13,201] {processor.py:171} INFO - Processing /opt/airflow/dags/cso_2295/cso_2295_ipo_2_cso_bd.py took 0.283 seconds
[2022-05-01 20:28:43,821] {processor.py:163} INFO - Started process (PID=2448) to work on /opt/airflow/dags/cso_2295/cso_2295_ipo_2_cso_bd.py
[2022-05-01 20:28:43,824] {processor.py:642} INFO - Processing file /opt/airflow/dags/cso_2295/cso_2295_ipo_2_cso_bd.py for tasks to queue
[2022-05-01 20:28:43,824] {logging_mixin.py:109} INFO - [2022-05-01 20:28:43,824] {dagbag.py:500} INFO - Filling up the DagBag from /opt/airflow/dags/cso_2295/cso_2295_ipo_2_cso_bd.py
[2022-05-01 20:28:44,271] {processor.py:654} INFO - DAG(s) dict_keys(['cso_2295_ipo_2_cso_bd.py']) retrieved from /opt/airflow/dags/cso_2295/cso_2295_ipo_2_cso_bd.py
[2022-05-01 20:28:44,288] {logging_mixin.py:109} INFO - [2022-05-01 20:28:44,287] {dag.py:2398} INFO - Sync 1 DAGs
[2022-05-01 20:28:44,301] {logging_mixin.py:109} INFO - [2022-05-01 20:28:44,301] {dag.py:2937} INFO - Setting next_dagrun for cso_2295_ipo_2_cso_bd.py to 2022-05-01T15:41:00+00:00
[2022-05-01 20:28:44,308] {processor.py:171} INFO - Processing /opt/airflow/dags/cso_2295/cso_2295_ipo_2_cso_bd.py took 0.489 seconds
[2022-05-01 20:29:14,822] {processor.py:163} INFO - Started process (PID=2495) to work on /opt/airflow/dags/cso_2295/cso_2295_ipo_2_cso_bd.py
[2022-05-01 20:29:14,823] {processor.py:642} INFO - Processing file /opt/airflow/dags/cso_2295/cso_2295_ipo_2_cso_bd.py for tasks to queue
[2022-05-01 20:29:14,823] {logging_mixin.py:109} INFO - [2022-05-01 20:29:14,823] {dagbag.py:500} INFO - Filling up the DagBag from /opt/airflow/dags/cso_2295/cso_2295_ipo_2_cso_bd.py
[2022-05-01 20:29:15,102] {processor.py:654} INFO - DAG(s) dict_keys(['cso_2295_ipo_2_cso_bd.py']) retrieved from /opt/airflow/dags/cso_2295/cso_2295_ipo_2_cso_bd.py
[2022-05-01 20:29:15,119] {logging_mixin.py:109} INFO - [2022-05-01 20:29:15,119] {dag.py:2398} INFO - Sync 1 DAGs
[2022-05-01 20:29:15,137] {logging_mixin.py:109} INFO - [2022-05-01 20:29:15,137] {dag.py:2937} INFO - Setting next_dagrun for cso_2295_ipo_2_cso_bd.py to 2022-05-01T15:41:00+00:00
[2022-05-01 20:29:15,145] {processor.py:171} INFO - Processing /opt/airflow/dags/cso_2295/cso_2295_ipo_2_cso_bd.py took 0.325 seconds
[2022-05-01 20:29:45,812] {processor.py:163} INFO - Started process (PID=2549) to work on /opt/airflow/dags/cso_2295/cso_2295_ipo_2_cso_bd.py
[2022-05-01 20:29:45,813] {processor.py:642} INFO - Processing file /opt/airflow/dags/cso_2295/cso_2295_ipo_2_cso_bd.py for tasks to queue
[2022-05-01 20:29:45,813] {logging_mixin.py:109} INFO - [2022-05-01 20:29:45,813] {dagbag.py:500} INFO - Filling up the DagBag from /opt/airflow/dags/cso_2295/cso_2295_ipo_2_cso_bd.py
[2022-05-01 20:29:46,095] {processor.py:654} INFO - DAG(s) dict_keys(['cso_2295_ipo_2_cso_bd.py']) retrieved from /opt/airflow/dags/cso_2295/cso_2295_ipo_2_cso_bd.py
[2022-05-01 20:29:46,110] {logging_mixin.py:109} INFO - [2022-05-01 20:29:46,110] {dag.py:2398} INFO - Sync 1 DAGs
[2022-05-01 20:29:46,123] {logging_mixin.py:109} INFO - [2022-05-01 20:29:46,123] {dag.py:2937} INFO - Setting next_dagrun for cso_2295_ipo_2_cso_bd.py to 2022-05-01T15:41:00+00:00
[2022-05-01 20:29:46,142] {processor.py:171} INFO - Processing /opt/airflow/dags/cso_2295/cso_2295_ipo_2_cso_bd.py took 0.332 seconds
[2022-05-01 20:30:16,652] {processor.py:163} INFO - Started process (PID=2600) to work on /opt/airflow/dags/cso_2295/cso_2295_ipo_2_cso_bd.py
[2022-05-01 20:30:16,653] {processor.py:642} INFO - Processing file /opt/airflow/dags/cso_2295/cso_2295_ipo_2_cso_bd.py for tasks to queue
[2022-05-01 20:30:16,653] {logging_mixin.py:109} INFO - [2022-05-01 20:30:16,653] {dagbag.py:500} INFO - Filling up the DagBag from /opt/airflow/dags/cso_2295/cso_2295_ipo_2_cso_bd.py
[2022-05-01 20:30:16,946] {processor.py:654} INFO - DAG(s) dict_keys(['cso_2295_ipo_2_cso_bd.py']) retrieved from /opt/airflow/dags/cso_2295/cso_2295_ipo_2_cso_bd.py
[2022-05-01 20:30:16,961] {logging_mixin.py:109} INFO - [2022-05-01 20:30:16,961] {dag.py:2398} INFO - Sync 1 DAGs
[2022-05-01 20:30:16,973] {logging_mixin.py:109} INFO - [2022-05-01 20:30:16,973] {dag.py:2937} INFO - Setting next_dagrun for cso_2295_ipo_2_cso_bd.py to 2022-05-01T15:41:00+00:00
[2022-05-01 20:30:16,979] {processor.py:171} INFO - Processing /opt/airflow/dags/cso_2295/cso_2295_ipo_2_cso_bd.py took 0.329 seconds
[2022-05-01 20:30:47,498] {processor.py:163} INFO - Started process (PID=2643) to work on /opt/airflow/dags/cso_2295/cso_2295_ipo_2_cso_bd.py
[2022-05-01 20:30:47,500] {processor.py:642} INFO - Processing file /opt/airflow/dags/cso_2295/cso_2295_ipo_2_cso_bd.py for tasks to queue
[2022-05-01 20:30:47,502] {logging_mixin.py:109} INFO - [2022-05-01 20:30:47,501] {dagbag.py:500} INFO - Filling up the DagBag from /opt/airflow/dags/cso_2295/cso_2295_ipo_2_cso_bd.py
[2022-05-01 20:30:47,781] {processor.py:654} INFO - DAG(s) dict_keys(['cso_2295_ipo_2_cso_bd.py']) retrieved from /opt/airflow/dags/cso_2295/cso_2295_ipo_2_cso_bd.py
[2022-05-01 20:30:47,797] {logging_mixin.py:109} INFO - [2022-05-01 20:30:47,796] {dag.py:2398} INFO - Sync 1 DAGs
[2022-05-01 20:30:47,809] {logging_mixin.py:109} INFO - [2022-05-01 20:30:47,809] {dag.py:2937} INFO - Setting next_dagrun for cso_2295_ipo_2_cso_bd.py to 2022-05-01T15:41:00+00:00
[2022-05-01 20:30:47,815] {processor.py:171} INFO - Processing /opt/airflow/dags/cso_2295/cso_2295_ipo_2_cso_bd.py took 0.324 seconds
[2022-05-01 20:31:18,515] {processor.py:163} INFO - Started process (PID=2696) to work on /opt/airflow/dags/cso_2295/cso_2295_ipo_2_cso_bd.py
[2022-05-01 20:31:18,516] {processor.py:642} INFO - Processing file /opt/airflow/dags/cso_2295/cso_2295_ipo_2_cso_bd.py for tasks to queue
[2022-05-01 20:31:18,517] {logging_mixin.py:109} INFO - [2022-05-01 20:31:18,517] {dagbag.py:500} INFO - Filling up the DagBag from /opt/airflow/dags/cso_2295/cso_2295_ipo_2_cso_bd.py
[2022-05-01 20:31:18,827] {processor.py:654} INFO - DAG(s) dict_keys(['cso_2295_ipo_2_cso_bd.py']) retrieved from /opt/airflow/dags/cso_2295/cso_2295_ipo_2_cso_bd.py
[2022-05-01 20:31:18,855] {logging_mixin.py:109} INFO - [2022-05-01 20:31:18,854] {dag.py:2398} INFO - Sync 1 DAGs
[2022-05-01 20:31:18,873] {logging_mixin.py:109} INFO - [2022-05-01 20:31:18,873] {dag.py:2937} INFO - Setting next_dagrun for cso_2295_ipo_2_cso_bd.py to 2022-05-01T15:41:00+00:00
[2022-05-01 20:31:18,880] {processor.py:171} INFO - Processing /opt/airflow/dags/cso_2295/cso_2295_ipo_2_cso_bd.py took 0.369 seconds
[2022-05-01 20:31:49,482] {processor.py:163} INFO - Started process (PID=2739) to work on /opt/airflow/dags/cso_2295/cso_2295_ipo_2_cso_bd.py
[2022-05-01 20:31:49,484] {processor.py:642} INFO - Processing file /opt/airflow/dags/cso_2295/cso_2295_ipo_2_cso_bd.py for tasks to queue
[2022-05-01 20:31:49,484] {logging_mixin.py:109} INFO - [2022-05-01 20:31:49,484] {dagbag.py:500} INFO - Filling up the DagBag from /opt/airflow/dags/cso_2295/cso_2295_ipo_2_cso_bd.py
[2022-05-01 20:31:49,966] {processor.py:654} INFO - DAG(s) dict_keys(['cso_2295_ipo_2_cso_bd.py']) retrieved from /opt/airflow/dags/cso_2295/cso_2295_ipo_2_cso_bd.py
[2022-05-01 20:31:50,040] {logging_mixin.py:109} INFO - [2022-05-01 20:31:50,039] {dag.py:2398} INFO - Sync 1 DAGs
[2022-05-01 20:31:50,077] {logging_mixin.py:109} INFO - [2022-05-01 20:31:50,077] {dag.py:2937} INFO - Setting next_dagrun for cso_2295_ipo_2_cso_bd.py to 2022-05-01T15:41:00+00:00
[2022-05-01 20:31:50,098] {processor.py:171} INFO - Processing /opt/airflow/dags/cso_2295/cso_2295_ipo_2_cso_bd.py took 0.618 seconds
[2022-05-01 20:32:20,748] {processor.py:163} INFO - Started process (PID=2796) to work on /opt/airflow/dags/cso_2295/cso_2295_ipo_2_cso_bd.py
[2022-05-01 20:32:20,753] {processor.py:642} INFO - Processing file /opt/airflow/dags/cso_2295/cso_2295_ipo_2_cso_bd.py for tasks to queue
[2022-05-01 20:32:20,757] {logging_mixin.py:109} INFO - [2022-05-01 20:32:20,756] {dagbag.py:500} INFO - Filling up the DagBag from /opt/airflow/dags/cso_2295/cso_2295_ipo_2_cso_bd.py
[2022-05-01 20:32:21,211] {processor.py:654} INFO - DAG(s) dict_keys(['cso_2295_ipo_2_cso_bd.py']) retrieved from /opt/airflow/dags/cso_2295/cso_2295_ipo_2_cso_bd.py
[2022-05-01 20:32:21,226] {logging_mixin.py:109} INFO - [2022-05-01 20:32:21,226] {dag.py:2398} INFO - Sync 1 DAGs
[2022-05-01 20:32:21,239] {logging_mixin.py:109} INFO - [2022-05-01 20:32:21,239] {dag.py:2937} INFO - Setting next_dagrun for cso_2295_ipo_2_cso_bd.py to 2022-05-01T15:41:00+00:00
[2022-05-01 20:32:21,245] {processor.py:171} INFO - Processing /opt/airflow/dags/cso_2295/cso_2295_ipo_2_cso_bd.py took 0.507 seconds
[2022-05-01 20:32:51,890] {processor.py:163} INFO - Started process (PID=2849) to work on /opt/airflow/dags/cso_2295/cso_2295_ipo_2_cso_bd.py
[2022-05-01 20:32:51,897] {processor.py:642} INFO - Processing file /opt/airflow/dags/cso_2295/cso_2295_ipo_2_cso_bd.py for tasks to queue
[2022-05-01 20:32:51,900] {logging_mixin.py:109} INFO - [2022-05-01 20:32:51,900] {dagbag.py:500} INFO - Filling up the DagBag from /opt/airflow/dags/cso_2295/cso_2295_ipo_2_cso_bd.py
[2022-05-01 20:32:52,214] {processor.py:654} INFO - DAG(s) dict_keys(['cso_2295_ipo_2_cso_bd.py']) retrieved from /opt/airflow/dags/cso_2295/cso_2295_ipo_2_cso_bd.py
[2022-05-01 20:32:52,232] {logging_mixin.py:109} INFO - [2022-05-01 20:32:52,231] {dag.py:2398} INFO - Sync 1 DAGs
[2022-05-01 20:32:52,245] {logging_mixin.py:109} INFO - [2022-05-01 20:32:52,245] {dag.py:2937} INFO - Setting next_dagrun for cso_2295_ipo_2_cso_bd.py to 2022-05-01T15:41:00+00:00
[2022-05-01 20:32:52,254] {processor.py:171} INFO - Processing /opt/airflow/dags/cso_2295/cso_2295_ipo_2_cso_bd.py took 0.367 seconds
[2022-05-01 20:33:23,051] {processor.py:163} INFO - Started process (PID=2893) to work on /opt/airflow/dags/cso_2295/cso_2295_ipo_2_cso_bd.py
[2022-05-01 20:33:23,055] {processor.py:642} INFO - Processing file /opt/airflow/dags/cso_2295/cso_2295_ipo_2_cso_bd.py for tasks to queue
[2022-05-01 20:33:23,057] {logging_mixin.py:109} INFO - [2022-05-01 20:33:23,056] {dagbag.py:500} INFO - Filling up the DagBag from /opt/airflow/dags/cso_2295/cso_2295_ipo_2_cso_bd.py
[2022-05-01 20:33:23,364] {processor.py:654} INFO - DAG(s) dict_keys(['cso_2295_ipo_2_cso_bd.py']) retrieved from /opt/airflow/dags/cso_2295/cso_2295_ipo_2_cso_bd.py
[2022-05-01 20:33:23,379] {logging_mixin.py:109} INFO - [2022-05-01 20:33:23,379] {dag.py:2398} INFO - Sync 1 DAGs
[2022-05-01 20:33:23,391] {logging_mixin.py:109} INFO - [2022-05-01 20:33:23,391] {dag.py:2937} INFO - Setting next_dagrun for cso_2295_ipo_2_cso_bd.py to 2022-05-01T15:41:00+00:00
[2022-05-01 20:33:23,420] {processor.py:171} INFO - Processing /opt/airflow/dags/cso_2295/cso_2295_ipo_2_cso_bd.py took 0.378 seconds
