[2022-05-01 20:04:01,372] {processor.py:163} INFO - Started process (PID=70) to work on /opt/airflow/dags/cso_2295/cso_2295_ipo_2_cso.py
[2022-05-01 20:04:01,375] {processor.py:642} INFO - Processing file /opt/airflow/dags/cso_2295/cso_2295_ipo_2_cso.py for tasks to queue
[2022-05-01 20:04:01,376] {logging_mixin.py:109} INFO - [2022-05-01 20:04:01,376] {dagbag.py:500} INFO - Filling up the DagBag from /opt/airflow/dags/cso_2295/cso_2295_ipo_2_cso.py
[2022-05-01 20:04:15,714] {processor.py:654} INFO - DAG(s) dict_keys(['cso_2295_ipo_2_cso.py']) retrieved from /opt/airflow/dags/cso_2295/cso_2295_ipo_2_cso.py
[2022-05-01 20:04:15,733] {logging_mixin.py:109} INFO - [2022-05-01 20:04:15,733] {dag.py:2398} INFO - Sync 1 DAGs
[2022-05-01 20:04:15,746] {logging_mixin.py:109} INFO - [2022-05-01 20:04:15,746] {dag.py:2937} INFO - Setting next_dagrun for cso_2295_ipo_2_cso.py to 2022-05-01T15:41:00+00:00
[2022-05-01 20:04:15,809] {processor.py:171} INFO - Processing /opt/airflow/dags/cso_2295/cso_2295_ipo_2_cso.py took 14.446 seconds
[2022-05-01 20:04:15,827] {processor.py:163} INFO - Started process (PID=102) to work on /opt/airflow/dags/cso_2295/cso_2295_ipo_2_cso.py
[2022-05-01 20:04:15,827] {processor.py:642} INFO - Processing file /opt/airflow/dags/cso_2295/cso_2295_ipo_2_cso.py for tasks to queue
[2022-05-01 20:04:15,828] {logging_mixin.py:109} INFO - [2022-05-01 20:04:15,828] {dagbag.py:500} INFO - Filling up the DagBag from /opt/airflow/dags/cso_2295/cso_2295_ipo_2_cso.py
[2022-05-01 20:04:16,546] {processor.py:654} INFO - DAG(s) dict_keys(['cso_2295_ipo_2_cso.py']) retrieved from /opt/airflow/dags/cso_2295/cso_2295_ipo_2_cso.py
[2022-05-01 20:04:16,690] {logging_mixin.py:109} WARNING - /home/airflow/.local/lib/python3.7/site-packages/airflow/plugins_manager.py:245 DeprecationWarning: This decorator is deprecated.

In previous versions, all subclasses of BaseOperator must use apply_default decorator for the `default_args` feature to work properly.

In current version, it is optional. The decorator is applied automatically using the metaclass.
[2022-05-01 20:04:16,729] {logging_mixin.py:109} INFO - [2022-05-01 20:04:16,729] {base.py:79} INFO - Using connection to: id: postgres_default. Host: postgres, Port: 5432, Schema: airflow, Login: airflow, Password: airflow, extra: {}
[2022-05-01 20:04:16,731] {logging_mixin.py:109} INFO - [2022-05-01 20:04:16,731] {dbapi.py:225} INFO - Running statement: update list_flow_log
                set t_end=NOW(), status=3, code_error=3, comment = '*Task*: log_sensor2'
                where id = 136;, parameters: None
[2022-05-01 20:04:16,732] {logging_mixin.py:109} INFO - [2022-05-01 20:04:16,732] {dbapi.py:233} INFO - Rows affected: 1
[2022-05-01 20:04:16,754] {processor.py:608} INFO - Executed failure callback for <TaskInstance: cso_2295_ipo_2_cso.py.log_sensor2 scheduled__2022-04-28T15:41:00+00:00 [failed]> in state failed
[2022-05-01 20:04:16,832] {logging_mixin.py:109} INFO - [2022-05-01 20:04:16,832] {base.py:79} INFO - Using connection to: id: postgres_default. Host: postgres, Port: 5432, Schema: airflow, Login: airflow, Password: airflow, extra: {}
[2022-05-01 20:04:16,839] {logging_mixin.py:109} INFO - [2022-05-01 20:04:16,839] {dbapi.py:225} INFO - Running statement: update list_flow_log
                set t_end=NOW(), status=3, code_error=3, comment = '*Task*: log_sensor2'
                where id = 136;, parameters: None
[2022-05-01 20:04:16,840] {logging_mixin.py:109} INFO - [2022-05-01 20:04:16,840] {dbapi.py:233} INFO - Rows affected: 1
[2022-05-01 20:04:16,841] {processor.py:608} INFO - Executed failure callback for <TaskInstance: cso_2295_ipo_2_cso.py.log_sensor2 scheduled__2022-04-28T15:41:00+00:00 [failed]> in state failed
[2022-05-01 20:04:16,861] {logging_mixin.py:109} WARNING - /home/airflow/.local/lib/python3.7/site-packages/airflow/models/dagbag.py:602 DeprecationWarning: DAG.full_filepath is deprecated in favour of fileloc
[2022-05-01 20:04:16,862] {logging_mixin.py:109} INFO - [2022-05-01 20:04:16,861] {dagbag.py:602} ERROR - Failed to write serialized DAG: /opt/airflow/dags/cso_2295/cso_2295_ipo_2_cso.py
Traceback (most recent call last):
  File "/home/airflow/.local/lib/python3.7/site-packages/airflow/serialization/serialized_objects.py", line 830, in serialize_dag
    serialize_dag["tasks"] = [cls._serialize(task) for _, task in dag.task_dict.items()]
  File "/home/airflow/.local/lib/python3.7/site-packages/airflow/serialization/serialized_objects.py", line 830, in <listcomp>
    serialize_dag["tasks"] = [cls._serialize(task) for _, task in dag.task_dict.items()]
  File "/home/airflow/.local/lib/python3.7/site-packages/airflow/serialization/serialized_objects.py", line 308, in _serialize
    return SerializedBaseOperator.serialize_operator(var)
  File "/home/airflow/.local/lib/python3.7/site-packages/airflow/serialization/serialized_objects.py", line 578, in serialize_operator
    serialize_op['params'] = cls._serialize_params_dict(op.params)
  File "/home/airflow/.local/lib/python3.7/site-packages/airflow/serialization/serialized_objects.py", line 451, in _serialize_params_dict
    if f'{v.__module__}.{v.__class__.__name__}' == 'airflow.models.param.Param':
AttributeError: 'int' object has no attribute '__module__'

During handling of the above exception, another exception occurred:

Traceback (most recent call last):
  File "/home/airflow/.local/lib/python3.7/site-packages/airflow/models/dagbag.py", line 594, in _serialize_dag_capturing_errors
    session=session,
  File "/home/airflow/.local/lib/python3.7/site-packages/airflow/utils/session.py", line 67, in wrapper
    return func(*args, **kwargs)
  File "/home/airflow/.local/lib/python3.7/site-packages/airflow/models/serialized_dag.py", line 136, in write_dag
    new_serialized_dag = cls(dag)
  File "<string>", line 4, in __init__
  File "/home/airflow/.local/lib/python3.7/site-packages/sqlalchemy/orm/state.py", line 433, in _initialize_instance
    manager.dispatch.init_failure(self, args, kwargs)
  File "/home/airflow/.local/lib/python3.7/site-packages/sqlalchemy/util/langhelpers.py", line 70, in __exit__
    with_traceback=exc_tb,
  File "/home/airflow/.local/lib/python3.7/site-packages/sqlalchemy/util/compat.py", line 182, in raise_
    raise exception
  File "/home/airflow/.local/lib/python3.7/site-packages/sqlalchemy/orm/state.py", line 430, in _initialize_instance
    return manager.original_init(*mixed[1:], **kwargs)
  File "/home/airflow/.local/lib/python3.7/site-packages/airflow/models/serialized_dag.py", line 95, in __init__
    self.data = SerializedDAG.to_dict(dag)
  File "/home/airflow/.local/lib/python3.7/site-packages/airflow/serialization/serialized_objects.py", line 939, in to_dict
    json_dict = {"__version": cls.SERIALIZER_VERSION, "dag": cls.serialize_dag(var)}
  File "/home/airflow/.local/lib/python3.7/site-packages/airflow/serialization/serialized_objects.py", line 851, in serialize_dag
    raise SerializationError(f'Failed to serialize DAG {dag.dag_id!r}: {e}')
airflow.exceptions.SerializationError: Failed to serialize DAG 'cso_2295_ipo_2_cso.py': 'int' object has no attribute '__module__'
[2022-05-01 20:04:16,863] {logging_mixin.py:109} INFO - [2022-05-01 20:04:16,863] {dag.py:2398} INFO - Sync 1 DAGs
[2022-05-01 20:04:16,875] {logging_mixin.py:109} INFO - [2022-05-01 20:04:16,875] {dag.py:2937} INFO - Setting next_dagrun for cso_2295_ipo_2_cso.py to 2022-05-01T15:41:00+00:00
[2022-05-01 20:04:17,120] {processor.py:171} INFO - Processing /opt/airflow/dags/cso_2295/cso_2295_ipo_2_cso.py took 1.296 seconds
[2022-05-01 20:04:47,297] {processor.py:163} INFO - Started process (PID=149) to work on /opt/airflow/dags/cso_2295/cso_2295_ipo_2_cso.py
[2022-05-01 20:04:47,299] {processor.py:642} INFO - Processing file /opt/airflow/dags/cso_2295/cso_2295_ipo_2_cso.py for tasks to queue
[2022-05-01 20:04:47,300] {logging_mixin.py:109} INFO - [2022-05-01 20:04:47,300] {dagbag.py:500} INFO - Filling up the DagBag from /opt/airflow/dags/cso_2295/cso_2295_ipo_2_cso.py
[2022-05-01 20:04:47,999] {processor.py:654} INFO - DAG(s) dict_keys(['cso_2295_ipo_2_cso.py']) retrieved from /opt/airflow/dags/cso_2295/cso_2295_ipo_2_cso.py
[2022-05-01 20:04:48,029] {logging_mixin.py:109} INFO - [2022-05-01 20:04:48,029] {dag.py:2398} INFO - Sync 1 DAGs
[2022-05-01 20:04:48,046] {logging_mixin.py:109} INFO - [2022-05-01 20:04:48,045] {dag.py:2937} INFO - Setting next_dagrun for cso_2295_ipo_2_cso.py to 2022-05-01T15:41:00+00:00
[2022-05-01 20:04:48,058] {processor.py:171} INFO - Processing /opt/airflow/dags/cso_2295/cso_2295_ipo_2_cso.py took 0.770 seconds
[2022-05-01 20:05:18,628] {processor.py:163} INFO - Started process (PID=202) to work on /opt/airflow/dags/cso_2295/cso_2295_ipo_2_cso.py
[2022-05-01 20:05:18,629] {processor.py:642} INFO - Processing file /opt/airflow/dags/cso_2295/cso_2295_ipo_2_cso.py for tasks to queue
[2022-05-01 20:05:18,629] {logging_mixin.py:109} INFO - [2022-05-01 20:05:18,629] {dagbag.py:500} INFO - Filling up the DagBag from /opt/airflow/dags/cso_2295/cso_2295_ipo_2_cso.py
[2022-05-01 20:05:19,351] {processor.py:654} INFO - DAG(s) dict_keys(['cso_2295_ipo_2_cso.py']) retrieved from /opt/airflow/dags/cso_2295/cso_2295_ipo_2_cso.py
[2022-05-01 20:05:19,373] {logging_mixin.py:109} INFO - [2022-05-01 20:05:19,373] {dag.py:2398} INFO - Sync 1 DAGs
[2022-05-01 20:05:19,385] {logging_mixin.py:109} INFO - [2022-05-01 20:05:19,385] {dag.py:2937} INFO - Setting next_dagrun for cso_2295_ipo_2_cso.py to 2022-05-01T15:41:00+00:00
[2022-05-01 20:05:19,392] {processor.py:171} INFO - Processing /opt/airflow/dags/cso_2295/cso_2295_ipo_2_cso.py took 0.766 seconds
[2022-05-01 20:05:49,816] {processor.py:163} INFO - Started process (PID=247) to work on /opt/airflow/dags/cso_2295/cso_2295_ipo_2_cso.py
[2022-05-01 20:05:49,817] {processor.py:642} INFO - Processing file /opt/airflow/dags/cso_2295/cso_2295_ipo_2_cso.py for tasks to queue
[2022-05-01 20:05:49,818] {logging_mixin.py:109} INFO - [2022-05-01 20:05:49,818] {dagbag.py:500} INFO - Filling up the DagBag from /opt/airflow/dags/cso_2295/cso_2295_ipo_2_cso.py
[2022-05-01 20:05:50,824] {processor.py:654} INFO - DAG(s) dict_keys(['cso_2295_ipo_2_cso.py']) retrieved from /opt/airflow/dags/cso_2295/cso_2295_ipo_2_cso.py
[2022-05-01 20:05:50,860] {logging_mixin.py:109} INFO - [2022-05-01 20:05:50,860] {dag.py:2398} INFO - Sync 1 DAGs
[2022-05-01 20:05:50,875] {logging_mixin.py:109} INFO - [2022-05-01 20:05:50,875] {dag.py:2937} INFO - Setting next_dagrun for cso_2295_ipo_2_cso.py to 2022-05-01T15:41:00+00:00
[2022-05-01 20:05:50,882] {processor.py:171} INFO - Processing /opt/airflow/dags/cso_2295/cso_2295_ipo_2_cso.py took 1.070 seconds
[2022-05-01 20:06:21,327] {processor.py:163} INFO - Started process (PID=297) to work on /opt/airflow/dags/cso_2295/cso_2295_ipo_2_cso.py
[2022-05-01 20:06:21,330] {processor.py:642} INFO - Processing file /opt/airflow/dags/cso_2295/cso_2295_ipo_2_cso.py for tasks to queue
[2022-05-01 20:06:21,332] {logging_mixin.py:109} INFO - [2022-05-01 20:06:21,332] {dagbag.py:500} INFO - Filling up the DagBag from /opt/airflow/dags/cso_2295/cso_2295_ipo_2_cso.py
[2022-05-01 20:06:22,042] {processor.py:654} INFO - DAG(s) dict_keys(['cso_2295_ipo_2_cso.py']) retrieved from /opt/airflow/dags/cso_2295/cso_2295_ipo_2_cso.py
[2022-05-01 20:06:22,060] {logging_mixin.py:109} INFO - [2022-05-01 20:06:22,060] {dag.py:2398} INFO - Sync 1 DAGs
[2022-05-01 20:06:22,072] {logging_mixin.py:109} INFO - [2022-05-01 20:06:22,071] {dag.py:2937} INFO - Setting next_dagrun for cso_2295_ipo_2_cso.py to 2022-05-01T15:41:00+00:00
[2022-05-01 20:06:22,077] {processor.py:171} INFO - Processing /opt/airflow/dags/cso_2295/cso_2295_ipo_2_cso.py took 0.758 seconds
[2022-05-01 20:06:52,628] {processor.py:163} INFO - Started process (PID=349) to work on /opt/airflow/dags/cso_2295/cso_2295_ipo_2_cso.py
[2022-05-01 20:06:52,709] {processor.py:642} INFO - Processing file /opt/airflow/dags/cso_2295/cso_2295_ipo_2_cso.py for tasks to queue
[2022-05-01 20:06:52,710] {logging_mixin.py:109} INFO - [2022-05-01 20:06:52,710] {dagbag.py:500} INFO - Filling up the DagBag from /opt/airflow/dags/cso_2295/cso_2295_ipo_2_cso.py
[2022-05-01 20:06:53,409] {processor.py:654} INFO - DAG(s) dict_keys(['cso_2295_ipo_2_cso.py']) retrieved from /opt/airflow/dags/cso_2295/cso_2295_ipo_2_cso.py
[2022-05-01 20:06:53,427] {logging_mixin.py:109} INFO - [2022-05-01 20:06:53,427] {dag.py:2398} INFO - Sync 1 DAGs
[2022-05-01 20:06:53,439] {logging_mixin.py:109} INFO - [2022-05-01 20:06:53,439] {dag.py:2937} INFO - Setting next_dagrun for cso_2295_ipo_2_cso.py to 2022-05-01T15:41:00+00:00
[2022-05-01 20:06:53,444] {processor.py:171} INFO - Processing /opt/airflow/dags/cso_2295/cso_2295_ipo_2_cso.py took 0.822 seconds
[2022-05-01 20:07:23,617] {processor.py:163} INFO - Started process (PID=391) to work on /opt/airflow/dags/cso_2295/cso_2295_ipo_2_cso.py
[2022-05-01 20:07:23,620] {processor.py:642} INFO - Processing file /opt/airflow/dags/cso_2295/cso_2295_ipo_2_cso.py for tasks to queue
[2022-05-01 20:07:23,622] {logging_mixin.py:109} INFO - [2022-05-01 20:07:23,622] {dagbag.py:500} INFO - Filling up the DagBag from /opt/airflow/dags/cso_2295/cso_2295_ipo_2_cso.py
[2022-05-01 20:07:24,291] {processor.py:654} INFO - DAG(s) dict_keys(['cso_2295_ipo_2_cso.py']) retrieved from /opt/airflow/dags/cso_2295/cso_2295_ipo_2_cso.py
[2022-05-01 20:07:24,310] {logging_mixin.py:109} INFO - [2022-05-01 20:07:24,310] {dag.py:2398} INFO - Sync 1 DAGs
[2022-05-01 20:07:24,321] {logging_mixin.py:109} INFO - [2022-05-01 20:07:24,321] {dag.py:2937} INFO - Setting next_dagrun for cso_2295_ipo_2_cso.py to 2022-05-01T15:41:00+00:00
[2022-05-01 20:07:24,327] {processor.py:171} INFO - Processing /opt/airflow/dags/cso_2295/cso_2295_ipo_2_cso.py took 0.718 seconds
[2022-05-01 20:07:54,943] {processor.py:163} INFO - Started process (PID=449) to work on /opt/airflow/dags/cso_2295/cso_2295_ipo_2_cso.py
[2022-05-01 20:07:54,944] {processor.py:642} INFO - Processing file /opt/airflow/dags/cso_2295/cso_2295_ipo_2_cso.py for tasks to queue
[2022-05-01 20:07:54,944] {logging_mixin.py:109} INFO - [2022-05-01 20:07:54,944] {dagbag.py:500} INFO - Filling up the DagBag from /opt/airflow/dags/cso_2295/cso_2295_ipo_2_cso.py
[2022-05-01 20:07:55,647] {processor.py:654} INFO - DAG(s) dict_keys(['cso_2295_ipo_2_cso.py']) retrieved from /opt/airflow/dags/cso_2295/cso_2295_ipo_2_cso.py
[2022-05-01 20:07:55,671] {logging_mixin.py:109} INFO - [2022-05-01 20:07:55,671] {dag.py:2398} INFO - Sync 1 DAGs
[2022-05-01 20:07:55,684] {logging_mixin.py:109} INFO - [2022-05-01 20:07:55,684] {dag.py:2937} INFO - Setting next_dagrun for cso_2295_ipo_2_cso.py to 2022-05-01T15:41:00+00:00
[2022-05-01 20:07:55,692] {processor.py:171} INFO - Processing /opt/airflow/dags/cso_2295/cso_2295_ipo_2_cso.py took 0.751 seconds
[2022-05-01 20:08:25,820] {processor.py:163} INFO - Started process (PID=505) to work on /opt/airflow/dags/cso_2295/cso_2295_ipo_2_cso.py
[2022-05-01 20:08:25,821] {processor.py:642} INFO - Processing file /opt/airflow/dags/cso_2295/cso_2295_ipo_2_cso.py for tasks to queue
[2022-05-01 20:08:25,821] {logging_mixin.py:109} INFO - [2022-05-01 20:08:25,821] {dagbag.py:500} INFO - Filling up the DagBag from /opt/airflow/dags/cso_2295/cso_2295_ipo_2_cso.py
[2022-05-01 20:08:26,639] {processor.py:654} INFO - DAG(s) dict_keys(['cso_2295_ipo_2_cso.py']) retrieved from /opt/airflow/dags/cso_2295/cso_2295_ipo_2_cso.py
[2022-05-01 20:08:26,671] {logging_mixin.py:109} INFO - [2022-05-01 20:08:26,671] {dag.py:2398} INFO - Sync 1 DAGs
[2022-05-01 20:08:26,684] {logging_mixin.py:109} INFO - [2022-05-01 20:08:26,684] {dag.py:2937} INFO - Setting next_dagrun for cso_2295_ipo_2_cso.py to 2022-05-01T15:41:00+00:00
[2022-05-01 20:08:26,701] {processor.py:171} INFO - Processing /opt/airflow/dags/cso_2295/cso_2295_ipo_2_cso.py took 0.883 seconds
[2022-05-01 20:08:56,972] {processor.py:163} INFO - Started process (PID=548) to work on /opt/airflow/dags/cso_2295/cso_2295_ipo_2_cso.py
[2022-05-01 20:08:56,973] {processor.py:642} INFO - Processing file /opt/airflow/dags/cso_2295/cso_2295_ipo_2_cso.py for tasks to queue
[2022-05-01 20:08:56,973] {logging_mixin.py:109} INFO - [2022-05-01 20:08:56,973] {dagbag.py:500} INFO - Filling up the DagBag from /opt/airflow/dags/cso_2295/cso_2295_ipo_2_cso.py
[2022-05-01 20:08:57,815] {processor.py:654} INFO - DAG(s) dict_keys(['cso_2295_ipo_2_cso.py']) retrieved from /opt/airflow/dags/cso_2295/cso_2295_ipo_2_cso.py
[2022-05-01 20:08:57,834] {logging_mixin.py:109} INFO - [2022-05-01 20:08:57,834] {dag.py:2398} INFO - Sync 1 DAGs
[2022-05-01 20:08:57,848] {logging_mixin.py:109} INFO - [2022-05-01 20:08:57,848] {dag.py:2937} INFO - Setting next_dagrun for cso_2295_ipo_2_cso.py to 2022-05-01T15:41:00+00:00
[2022-05-01 20:08:57,856] {processor.py:171} INFO - Processing /opt/airflow/dags/cso_2295/cso_2295_ipo_2_cso.py took 0.887 seconds
[2022-05-01 20:09:28,422] {processor.py:163} INFO - Started process (PID=601) to work on /opt/airflow/dags/cso_2295/cso_2295_ipo_2_cso.py
[2022-05-01 20:09:28,423] {processor.py:642} INFO - Processing file /opt/airflow/dags/cso_2295/cso_2295_ipo_2_cso.py for tasks to queue
[2022-05-01 20:09:28,423] {logging_mixin.py:109} INFO - [2022-05-01 20:09:28,423] {dagbag.py:500} INFO - Filling up the DagBag from /opt/airflow/dags/cso_2295/cso_2295_ipo_2_cso.py
[2022-05-01 20:09:29,085] {processor.py:654} INFO - DAG(s) dict_keys(['cso_2295_ipo_2_cso.py']) retrieved from /opt/airflow/dags/cso_2295/cso_2295_ipo_2_cso.py
[2022-05-01 20:09:29,104] {logging_mixin.py:109} INFO - [2022-05-01 20:09:29,103] {dag.py:2398} INFO - Sync 1 DAGs
[2022-05-01 20:09:29,116] {logging_mixin.py:109} INFO - [2022-05-01 20:09:29,116] {dag.py:2937} INFO - Setting next_dagrun for cso_2295_ipo_2_cso.py to 2022-05-01T15:41:00+00:00
[2022-05-01 20:09:29,122] {processor.py:171} INFO - Processing /opt/airflow/dags/cso_2295/cso_2295_ipo_2_cso.py took 0.703 seconds
[2022-05-01 20:09:59,428] {processor.py:163} INFO - Started process (PID=646) to work on /opt/airflow/dags/cso_2295/cso_2295_ipo_2_cso.py
[2022-05-01 20:09:59,429] {processor.py:642} INFO - Processing file /opt/airflow/dags/cso_2295/cso_2295_ipo_2_cso.py for tasks to queue
[2022-05-01 20:09:59,430] {logging_mixin.py:109} INFO - [2022-05-01 20:09:59,429] {dagbag.py:500} INFO - Filling up the DagBag from /opt/airflow/dags/cso_2295/cso_2295_ipo_2_cso.py
[2022-05-01 20:10:00,273] {processor.py:654} INFO - DAG(s) dict_keys(['cso_2295_ipo_2_cso.py']) retrieved from /opt/airflow/dags/cso_2295/cso_2295_ipo_2_cso.py
[2022-05-01 20:10:00,295] {logging_mixin.py:109} INFO - [2022-05-01 20:10:00,295] {dag.py:2398} INFO - Sync 1 DAGs
[2022-05-01 20:10:00,310] {logging_mixin.py:109} INFO - [2022-05-01 20:10:00,310] {dag.py:2937} INFO - Setting next_dagrun for cso_2295_ipo_2_cso.py to 2022-05-01T15:41:00+00:00
[2022-05-01 20:10:00,320] {processor.py:171} INFO - Processing /opt/airflow/dags/cso_2295/cso_2295_ipo_2_cso.py took 0.894 seconds
[2022-05-01 20:10:30,976] {processor.py:163} INFO - Started process (PID=698) to work on /opt/airflow/dags/cso_2295/cso_2295_ipo_2_cso.py
[2022-05-01 20:10:30,979] {processor.py:642} INFO - Processing file /opt/airflow/dags/cso_2295/cso_2295_ipo_2_cso.py for tasks to queue
[2022-05-01 20:10:30,979] {logging_mixin.py:109} INFO - [2022-05-01 20:10:30,979] {dagbag.py:500} INFO - Filling up the DagBag from /opt/airflow/dags/cso_2295/cso_2295_ipo_2_cso.py
[2022-05-01 20:10:31,637] {processor.py:654} INFO - DAG(s) dict_keys(['cso_2295_ipo_2_cso.py']) retrieved from /opt/airflow/dags/cso_2295/cso_2295_ipo_2_cso.py
[2022-05-01 20:10:31,670] {logging_mixin.py:109} INFO - [2022-05-01 20:10:31,670] {dag.py:2398} INFO - Sync 1 DAGs
[2022-05-01 20:10:31,688] {logging_mixin.py:109} INFO - [2022-05-01 20:10:31,688] {dag.py:2937} INFO - Setting next_dagrun for cso_2295_ipo_2_cso.py to 2022-05-01T15:41:00+00:00
[2022-05-01 20:10:31,698] {processor.py:171} INFO - Processing /opt/airflow/dags/cso_2295/cso_2295_ipo_2_cso.py took 0.725 seconds
[2022-05-01 20:11:02,317] {processor.py:163} INFO - Started process (PID=749) to work on /opt/airflow/dags/cso_2295/cso_2295_ipo_2_cso.py
[2022-05-01 20:11:02,320] {processor.py:642} INFO - Processing file /opt/airflow/dags/cso_2295/cso_2295_ipo_2_cso.py for tasks to queue
[2022-05-01 20:11:02,321] {logging_mixin.py:109} INFO - [2022-05-01 20:11:02,320] {dagbag.py:500} INFO - Filling up the DagBag from /opt/airflow/dags/cso_2295/cso_2295_ipo_2_cso.py
[2022-05-01 20:11:03,031] {processor.py:654} INFO - DAG(s) dict_keys(['cso_2295_ipo_2_cso.py']) retrieved from /opt/airflow/dags/cso_2295/cso_2295_ipo_2_cso.py
[2022-05-01 20:11:03,050] {logging_mixin.py:109} INFO - [2022-05-01 20:11:03,050] {dag.py:2398} INFO - Sync 1 DAGs
[2022-05-01 20:11:03,062] {logging_mixin.py:109} INFO - [2022-05-01 20:11:03,062] {dag.py:2937} INFO - Setting next_dagrun for cso_2295_ipo_2_cso.py to 2022-05-01T15:41:00+00:00
[2022-05-01 20:11:03,068] {processor.py:171} INFO - Processing /opt/airflow/dags/cso_2295/cso_2295_ipo_2_cso.py took 0.756 seconds
[2022-05-01 20:11:33,335] {processor.py:163} INFO - Started process (PID=793) to work on /opt/airflow/dags/cso_2295/cso_2295_ipo_2_cso.py
[2022-05-01 20:11:33,336] {processor.py:642} INFO - Processing file /opt/airflow/dags/cso_2295/cso_2295_ipo_2_cso.py for tasks to queue
[2022-05-01 20:11:33,337] {logging_mixin.py:109} INFO - [2022-05-01 20:11:33,337] {dagbag.py:500} INFO - Filling up the DagBag from /opt/airflow/dags/cso_2295/cso_2295_ipo_2_cso.py
[2022-05-01 20:11:34,127] {processor.py:654} INFO - DAG(s) dict_keys(['cso_2295_ipo_2_cso.py']) retrieved from /opt/airflow/dags/cso_2295/cso_2295_ipo_2_cso.py
[2022-05-01 20:11:34,148] {logging_mixin.py:109} INFO - [2022-05-01 20:11:34,148] {dag.py:2398} INFO - Sync 1 DAGs
[2022-05-01 20:11:34,164] {logging_mixin.py:109} INFO - [2022-05-01 20:11:34,164] {dag.py:2937} INFO - Setting next_dagrun for cso_2295_ipo_2_cso.py to 2022-05-01T15:41:00+00:00
[2022-05-01 20:11:34,215] {processor.py:171} INFO - Processing /opt/airflow/dags/cso_2295/cso_2295_ipo_2_cso.py took 0.886 seconds
[2022-05-01 20:12:04,552] {processor.py:163} INFO - Started process (PID=846) to work on /opt/airflow/dags/cso_2295/cso_2295_ipo_2_cso.py
[2022-05-01 20:12:04,553] {processor.py:642} INFO - Processing file /opt/airflow/dags/cso_2295/cso_2295_ipo_2_cso.py for tasks to queue
[2022-05-01 20:12:04,553] {logging_mixin.py:109} INFO - [2022-05-01 20:12:04,553] {dagbag.py:500} INFO - Filling up the DagBag from /opt/airflow/dags/cso_2295/cso_2295_ipo_2_cso.py
[2022-05-01 20:12:05,353] {processor.py:654} INFO - DAG(s) dict_keys(['cso_2295_ipo_2_cso.py']) retrieved from /opt/airflow/dags/cso_2295/cso_2295_ipo_2_cso.py
[2022-05-01 20:12:05,374] {logging_mixin.py:109} INFO - [2022-05-01 20:12:05,373] {dag.py:2398} INFO - Sync 1 DAGs
[2022-05-01 20:12:05,386] {logging_mixin.py:109} INFO - [2022-05-01 20:12:05,386] {dag.py:2937} INFO - Setting next_dagrun for cso_2295_ipo_2_cso.py to 2022-05-01T15:41:00+00:00
[2022-05-01 20:12:05,392] {processor.py:171} INFO - Processing /opt/airflow/dags/cso_2295/cso_2295_ipo_2_cso.py took 0.842 seconds
[2022-05-01 20:12:35,886] {processor.py:163} INFO - Started process (PID=898) to work on /opt/airflow/dags/cso_2295/cso_2295_ipo_2_cso.py
[2022-05-01 20:12:35,889] {processor.py:642} INFO - Processing file /opt/airflow/dags/cso_2295/cso_2295_ipo_2_cso.py for tasks to queue
[2022-05-01 20:12:35,889] {logging_mixin.py:109} INFO - [2022-05-01 20:12:35,889] {dagbag.py:500} INFO - Filling up the DagBag from /opt/airflow/dags/cso_2295/cso_2295_ipo_2_cso.py
[2022-05-01 20:12:36,840] {processor.py:654} INFO - DAG(s) dict_keys(['cso_2295_ipo_2_cso.py']) retrieved from /opt/airflow/dags/cso_2295/cso_2295_ipo_2_cso.py
[2022-05-01 20:12:36,860] {logging_mixin.py:109} INFO - [2022-05-01 20:12:36,860] {dag.py:2398} INFO - Sync 1 DAGs
[2022-05-01 20:12:36,873] {logging_mixin.py:109} INFO - [2022-05-01 20:12:36,873] {dag.py:2937} INFO - Setting next_dagrun for cso_2295_ipo_2_cso.py to 2022-05-01T15:41:00+00:00
[2022-05-01 20:12:36,879] {processor.py:171} INFO - Processing /opt/airflow/dags/cso_2295/cso_2295_ipo_2_cso.py took 0.998 seconds
[2022-05-01 20:13:07,283] {processor.py:163} INFO - Started process (PID=942) to work on /opt/airflow/dags/cso_2295/cso_2295_ipo_2_cso.py
[2022-05-01 20:13:07,284] {processor.py:642} INFO - Processing file /opt/airflow/dags/cso_2295/cso_2295_ipo_2_cso.py for tasks to queue
[2022-05-01 20:13:07,284] {logging_mixin.py:109} INFO - [2022-05-01 20:13:07,284] {dagbag.py:500} INFO - Filling up the DagBag from /opt/airflow/dags/cso_2295/cso_2295_ipo_2_cso.py
[2022-05-01 20:13:07,937] {processor.py:654} INFO - DAG(s) dict_keys(['cso_2295_ipo_2_cso.py']) retrieved from /opt/airflow/dags/cso_2295/cso_2295_ipo_2_cso.py
[2022-05-01 20:13:07,976] {logging_mixin.py:109} INFO - [2022-05-01 20:13:07,975] {dag.py:2398} INFO - Sync 1 DAGs
[2022-05-01 20:13:08,034] {logging_mixin.py:109} INFO - [2022-05-01 20:13:08,034] {dag.py:2937} INFO - Setting next_dagrun for cso_2295_ipo_2_cso.py to 2022-05-01T15:41:00+00:00
[2022-05-01 20:13:08,082] {processor.py:171} INFO - Processing /opt/airflow/dags/cso_2295/cso_2295_ipo_2_cso.py took 0.801 seconds
[2022-05-01 20:13:38,681] {processor.py:163} INFO - Started process (PID=996) to work on /opt/airflow/dags/cso_2295/cso_2295_ipo_2_cso.py
[2022-05-01 20:13:38,682] {processor.py:642} INFO - Processing file /opt/airflow/dags/cso_2295/cso_2295_ipo_2_cso.py for tasks to queue
[2022-05-01 20:13:38,682] {logging_mixin.py:109} INFO - [2022-05-01 20:13:38,682] {dagbag.py:500} INFO - Filling up the DagBag from /opt/airflow/dags/cso_2295/cso_2295_ipo_2_cso.py
[2022-05-01 20:13:39,841] {processor.py:654} INFO - DAG(s) dict_keys(['cso_2295_ipo_2_cso.py']) retrieved from /opt/airflow/dags/cso_2295/cso_2295_ipo_2_cso.py
[2022-05-01 20:13:39,860] {logging_mixin.py:109} INFO - [2022-05-01 20:13:39,860] {dag.py:2398} INFO - Sync 1 DAGs
[2022-05-01 20:13:39,871] {logging_mixin.py:109} INFO - [2022-05-01 20:13:39,871] {dag.py:2937} INFO - Setting next_dagrun for cso_2295_ipo_2_cso.py to 2022-05-01T15:41:00+00:00
[2022-05-01 20:13:39,877] {processor.py:171} INFO - Processing /opt/airflow/dags/cso_2295/cso_2295_ipo_2_cso.py took 1.198 seconds
[2022-05-01 20:14:10,437] {processor.py:163} INFO - Started process (PID=1052) to work on /opt/airflow/dags/cso_2295/cso_2295_ipo_2_cso.py
[2022-05-01 20:14:10,439] {processor.py:642} INFO - Processing file /opt/airflow/dags/cso_2295/cso_2295_ipo_2_cso.py for tasks to queue
[2022-05-01 20:14:10,440] {logging_mixin.py:109} INFO - [2022-05-01 20:14:10,440] {dagbag.py:500} INFO - Filling up the DagBag from /opt/airflow/dags/cso_2295/cso_2295_ipo_2_cso.py
[2022-05-01 20:14:11,108] {processor.py:654} INFO - DAG(s) dict_keys(['cso_2295_ipo_2_cso.py']) retrieved from /opt/airflow/dags/cso_2295/cso_2295_ipo_2_cso.py
[2022-05-01 20:14:11,126] {logging_mixin.py:109} INFO - [2022-05-01 20:14:11,125] {dag.py:2398} INFO - Sync 1 DAGs
[2022-05-01 20:14:11,137] {logging_mixin.py:109} INFO - [2022-05-01 20:14:11,137] {dag.py:2937} INFO - Setting next_dagrun for cso_2295_ipo_2_cso.py to 2022-05-01T15:41:00+00:00
[2022-05-01 20:14:11,143] {processor.py:171} INFO - Processing /opt/airflow/dags/cso_2295/cso_2295_ipo_2_cso.py took 0.713 seconds
[2022-05-01 20:14:41,724] {processor.py:163} INFO - Started process (PID=1099) to work on /opt/airflow/dags/cso_2295/cso_2295_ipo_2_cso.py
[2022-05-01 20:14:41,725] {processor.py:642} INFO - Processing file /opt/airflow/dags/cso_2295/cso_2295_ipo_2_cso.py for tasks to queue
[2022-05-01 20:14:41,725] {logging_mixin.py:109} INFO - [2022-05-01 20:14:41,725] {dagbag.py:500} INFO - Filling up the DagBag from /opt/airflow/dags/cso_2295/cso_2295_ipo_2_cso.py
[2022-05-01 20:14:42,517] {processor.py:654} INFO - DAG(s) dict_keys(['cso_2295_ipo_2_cso.py']) retrieved from /opt/airflow/dags/cso_2295/cso_2295_ipo_2_cso.py
[2022-05-01 20:14:42,544] {logging_mixin.py:109} INFO - [2022-05-01 20:14:42,544] {dag.py:2398} INFO - Sync 1 DAGs
[2022-05-01 20:14:42,559] {logging_mixin.py:109} INFO - [2022-05-01 20:14:42,559] {dag.py:2937} INFO - Setting next_dagrun for cso_2295_ipo_2_cso.py to 2022-05-01T15:41:00+00:00
[2022-05-01 20:14:42,566] {processor.py:171} INFO - Processing /opt/airflow/dags/cso_2295/cso_2295_ipo_2_cso.py took 0.844 seconds
[2022-05-01 20:15:13,144] {processor.py:163} INFO - Started process (PID=1151) to work on /opt/airflow/dags/cso_2295/cso_2295_ipo_2_cso.py
[2022-05-01 20:15:13,146] {processor.py:642} INFO - Processing file /opt/airflow/dags/cso_2295/cso_2295_ipo_2_cso.py for tasks to queue
[2022-05-01 20:15:13,147] {logging_mixin.py:109} INFO - [2022-05-01 20:15:13,147] {dagbag.py:500} INFO - Filling up the DagBag from /opt/airflow/dags/cso_2295/cso_2295_ipo_2_cso.py
[2022-05-01 20:15:13,811] {processor.py:654} INFO - DAG(s) dict_keys(['cso_2295_ipo_2_cso.py']) retrieved from /opt/airflow/dags/cso_2295/cso_2295_ipo_2_cso.py
[2022-05-01 20:15:13,831] {logging_mixin.py:109} INFO - [2022-05-01 20:15:13,831] {dag.py:2398} INFO - Sync 1 DAGs
[2022-05-01 20:15:13,844] {logging_mixin.py:109} INFO - [2022-05-01 20:15:13,844] {dag.py:2937} INFO - Setting next_dagrun for cso_2295_ipo_2_cso.py to 2022-05-01T15:41:00+00:00
[2022-05-01 20:15:13,850] {processor.py:171} INFO - Processing /opt/airflow/dags/cso_2295/cso_2295_ipo_2_cso.py took 0.714 seconds
[2022-05-01 20:15:43,943] {processor.py:163} INFO - Started process (PID=1203) to work on /opt/airflow/dags/cso_2295/cso_2295_ipo_2_cso.py
[2022-05-01 20:15:43,944] {processor.py:642} INFO - Processing file /opt/airflow/dags/cso_2295/cso_2295_ipo_2_cso.py for tasks to queue
[2022-05-01 20:15:43,945] {logging_mixin.py:109} INFO - [2022-05-01 20:15:43,945] {dagbag.py:500} INFO - Filling up the DagBag from /opt/airflow/dags/cso_2295/cso_2295_ipo_2_cso.py
[2022-05-01 20:15:44,633] {processor.py:654} INFO - DAG(s) dict_keys(['cso_2295_ipo_2_cso.py']) retrieved from /opt/airflow/dags/cso_2295/cso_2295_ipo_2_cso.py
[2022-05-01 20:15:44,651] {logging_mixin.py:109} INFO - [2022-05-01 20:15:44,651] {dag.py:2398} INFO - Sync 1 DAGs
[2022-05-01 20:15:44,663] {logging_mixin.py:109} INFO - [2022-05-01 20:15:44,663] {dag.py:2937} INFO - Setting next_dagrun for cso_2295_ipo_2_cso.py to 2022-05-01T15:41:00+00:00
[2022-05-01 20:15:44,669] {processor.py:171} INFO - Processing /opt/airflow/dags/cso_2295/cso_2295_ipo_2_cso.py took 0.728 seconds
[2022-05-01 20:16:15,539] {processor.py:163} INFO - Started process (PID=1246) to work on /opt/airflow/dags/cso_2295/cso_2295_ipo_2_cso.py
[2022-05-01 20:16:15,540] {processor.py:642} INFO - Processing file /opt/airflow/dags/cso_2295/cso_2295_ipo_2_cso.py for tasks to queue
[2022-05-01 20:16:15,547] {logging_mixin.py:109} INFO - [2022-05-01 20:16:15,547] {dagbag.py:500} INFO - Filling up the DagBag from /opt/airflow/dags/cso_2295/cso_2295_ipo_2_cso.py
[2022-05-01 20:16:16,363] {processor.py:654} INFO - DAG(s) dict_keys(['cso_2295_ipo_2_cso.py']) retrieved from /opt/airflow/dags/cso_2295/cso_2295_ipo_2_cso.py
[2022-05-01 20:16:16,396] {logging_mixin.py:109} INFO - [2022-05-01 20:16:16,396] {dag.py:2398} INFO - Sync 1 DAGs
[2022-05-01 20:16:16,412] {logging_mixin.py:109} INFO - [2022-05-01 20:16:16,411] {dag.py:2937} INFO - Setting next_dagrun for cso_2295_ipo_2_cso.py to 2022-05-01T15:41:00+00:00
[2022-05-01 20:16:16,419] {processor.py:171} INFO - Processing /opt/airflow/dags/cso_2295/cso_2295_ipo_2_cso.py took 0.886 seconds
[2022-05-01 20:16:46,893] {processor.py:163} INFO - Started process (PID=1297) to work on /opt/airflow/dags/cso_2295/cso_2295_ipo_2_cso.py
[2022-05-01 20:16:46,895] {processor.py:642} INFO - Processing file /opt/airflow/dags/cso_2295/cso_2295_ipo_2_cso.py for tasks to queue
[2022-05-01 20:16:46,896] {logging_mixin.py:109} INFO - [2022-05-01 20:16:46,896] {dagbag.py:500} INFO - Filling up the DagBag from /opt/airflow/dags/cso_2295/cso_2295_ipo_2_cso.py
[2022-05-01 20:16:47,645] {processor.py:654} INFO - DAG(s) dict_keys(['cso_2295_ipo_2_cso.py']) retrieved from /opt/airflow/dags/cso_2295/cso_2295_ipo_2_cso.py
[2022-05-01 20:16:47,663] {logging_mixin.py:109} INFO - [2022-05-01 20:16:47,663] {dag.py:2398} INFO - Sync 1 DAGs
[2022-05-01 20:16:47,676] {logging_mixin.py:109} INFO - [2022-05-01 20:16:47,676] {dag.py:2937} INFO - Setting next_dagrun for cso_2295_ipo_2_cso.py to 2022-05-01T15:41:00+00:00
[2022-05-01 20:16:47,683] {processor.py:171} INFO - Processing /opt/airflow/dags/cso_2295/cso_2295_ipo_2_cso.py took 0.796 seconds
[2022-05-01 20:17:18,318] {processor.py:163} INFO - Started process (PID=1349) to work on /opt/airflow/dags/cso_2295/cso_2295_ipo_2_cso.py
[2022-05-01 20:17:18,320] {processor.py:642} INFO - Processing file /opt/airflow/dags/cso_2295/cso_2295_ipo_2_cso.py for tasks to queue
[2022-05-01 20:17:18,320] {logging_mixin.py:109} INFO - [2022-05-01 20:17:18,320] {dagbag.py:500} INFO - Filling up the DagBag from /opt/airflow/dags/cso_2295/cso_2295_ipo_2_cso.py
[2022-05-01 20:17:19,465] {processor.py:654} INFO - DAG(s) dict_keys(['cso_2295_ipo_2_cso.py']) retrieved from /opt/airflow/dags/cso_2295/cso_2295_ipo_2_cso.py
[2022-05-01 20:17:19,502] {logging_mixin.py:109} INFO - [2022-05-01 20:17:19,502] {dag.py:2398} INFO - Sync 1 DAGs
[2022-05-01 20:17:19,521] {logging_mixin.py:109} INFO - [2022-05-01 20:17:19,521] {dag.py:2937} INFO - Setting next_dagrun for cso_2295_ipo_2_cso.py to 2022-05-01T15:41:00+00:00
[2022-05-01 20:17:19,530] {processor.py:171} INFO - Processing /opt/airflow/dags/cso_2295/cso_2295_ipo_2_cso.py took 1.214 seconds
[2022-05-01 20:17:50,095] {processor.py:163} INFO - Started process (PID=1392) to work on /opt/airflow/dags/cso_2295/cso_2295_ipo_2_cso.py
[2022-05-01 20:17:50,096] {processor.py:642} INFO - Processing file /opt/airflow/dags/cso_2295/cso_2295_ipo_2_cso.py for tasks to queue
[2022-05-01 20:17:50,097] {logging_mixin.py:109} INFO - [2022-05-01 20:17:50,097] {dagbag.py:500} INFO - Filling up the DagBag from /opt/airflow/dags/cso_2295/cso_2295_ipo_2_cso.py
[2022-05-01 20:17:50,940] {processor.py:654} INFO - DAG(s) dict_keys(['cso_2295_ipo_2_cso.py']) retrieved from /opt/airflow/dags/cso_2295/cso_2295_ipo_2_cso.py
[2022-05-01 20:17:50,960] {logging_mixin.py:109} INFO - [2022-05-01 20:17:50,960] {dag.py:2398} INFO - Sync 1 DAGs
[2022-05-01 20:17:50,973] {logging_mixin.py:109} INFO - [2022-05-01 20:17:50,973] {dag.py:2937} INFO - Setting next_dagrun for cso_2295_ipo_2_cso.py to 2022-05-01T15:41:00+00:00
[2022-05-01 20:17:50,980] {processor.py:171} INFO - Processing /opt/airflow/dags/cso_2295/cso_2295_ipo_2_cso.py took 0.887 seconds
[2022-05-01 20:18:21,649] {processor.py:163} INFO - Started process (PID=1444) to work on /opt/airflow/dags/cso_2295/cso_2295_ipo_2_cso.py
[2022-05-01 20:18:21,650] {processor.py:642} INFO - Processing file /opt/airflow/dags/cso_2295/cso_2295_ipo_2_cso.py for tasks to queue
[2022-05-01 20:18:21,650] {logging_mixin.py:109} INFO - [2022-05-01 20:18:21,650] {dagbag.py:500} INFO - Filling up the DagBag from /opt/airflow/dags/cso_2295/cso_2295_ipo_2_cso.py
[2022-05-01 20:18:22,317] {processor.py:654} INFO - DAG(s) dict_keys(['cso_2295_ipo_2_cso.py']) retrieved from /opt/airflow/dags/cso_2295/cso_2295_ipo_2_cso.py
[2022-05-01 20:18:22,345] {logging_mixin.py:109} INFO - [2022-05-01 20:18:22,344] {dag.py:2398} INFO - Sync 1 DAGs
[2022-05-01 20:18:22,370] {logging_mixin.py:109} INFO - [2022-05-01 20:18:22,369] {dag.py:2937} INFO - Setting next_dagrun for cso_2295_ipo_2_cso.py to 2022-05-01T15:41:00+00:00
[2022-05-01 20:18:22,377] {processor.py:171} INFO - Processing /opt/airflow/dags/cso_2295/cso_2295_ipo_2_cso.py took 0.730 seconds
[2022-05-01 20:18:52,449] {processor.py:163} INFO - Started process (PID=1496) to work on /opt/airflow/dags/cso_2295/cso_2295_ipo_2_cso.py
[2022-05-01 20:18:52,450] {processor.py:642} INFO - Processing file /opt/airflow/dags/cso_2295/cso_2295_ipo_2_cso.py for tasks to queue
[2022-05-01 20:18:52,451] {logging_mixin.py:109} INFO - [2022-05-01 20:18:52,451] {dagbag.py:500} INFO - Filling up the DagBag from /opt/airflow/dags/cso_2295/cso_2295_ipo_2_cso.py
[2022-05-01 20:18:53,228] {processor.py:654} INFO - DAG(s) dict_keys(['cso_2295_ipo_2_cso.py']) retrieved from /opt/airflow/dags/cso_2295/cso_2295_ipo_2_cso.py
[2022-05-01 20:18:53,248] {logging_mixin.py:109} INFO - [2022-05-01 20:18:53,248] {dag.py:2398} INFO - Sync 1 DAGs
[2022-05-01 20:18:53,272] {logging_mixin.py:109} INFO - [2022-05-01 20:18:53,272] {dag.py:2937} INFO - Setting next_dagrun for cso_2295_ipo_2_cso.py to 2022-05-01T15:41:00+00:00
[2022-05-01 20:18:53,279] {processor.py:171} INFO - Processing /opt/airflow/dags/cso_2295/cso_2295_ipo_2_cso.py took 0.831 seconds
[2022-05-01 20:19:23,856] {processor.py:163} INFO - Started process (PID=1541) to work on /opt/airflow/dags/cso_2295/cso_2295_ipo_2_cso.py
[2022-05-01 20:19:23,858] {processor.py:642} INFO - Processing file /opt/airflow/dags/cso_2295/cso_2295_ipo_2_cso.py for tasks to queue
[2022-05-01 20:19:23,858] {logging_mixin.py:109} INFO - [2022-05-01 20:19:23,858] {dagbag.py:500} INFO - Filling up the DagBag from /opt/airflow/dags/cso_2295/cso_2295_ipo_2_cso.py
[2022-05-01 20:19:24,527] {processor.py:654} INFO - DAG(s) dict_keys(['cso_2295_ipo_2_cso.py']) retrieved from /opt/airflow/dags/cso_2295/cso_2295_ipo_2_cso.py
[2022-05-01 20:19:24,546] {logging_mixin.py:109} INFO - [2022-05-01 20:19:24,545] {dag.py:2398} INFO - Sync 1 DAGs
[2022-05-01 20:19:24,568] {logging_mixin.py:109} INFO - [2022-05-01 20:19:24,568] {dag.py:2937} INFO - Setting next_dagrun for cso_2295_ipo_2_cso.py to 2022-05-01T15:41:00+00:00
[2022-05-01 20:19:24,609] {processor.py:171} INFO - Processing /opt/airflow/dags/cso_2295/cso_2295_ipo_2_cso.py took 0.757 seconds
[2022-05-01 20:19:55,348] {processor.py:163} INFO - Started process (PID=1595) to work on /opt/airflow/dags/cso_2295/cso_2295_ipo_2_cso.py
[2022-05-01 20:19:55,350] {processor.py:642} INFO - Processing file /opt/airflow/dags/cso_2295/cso_2295_ipo_2_cso.py for tasks to queue
[2022-05-01 20:19:55,351] {logging_mixin.py:109} INFO - [2022-05-01 20:19:55,351] {dagbag.py:500} INFO - Filling up the DagBag from /opt/airflow/dags/cso_2295/cso_2295_ipo_2_cso.py
[2022-05-01 20:19:56,005] {processor.py:654} INFO - DAG(s) dict_keys(['cso_2295_ipo_2_cso.py']) retrieved from /opt/airflow/dags/cso_2295/cso_2295_ipo_2_cso.py
[2022-05-01 20:19:56,023] {logging_mixin.py:109} INFO - [2022-05-01 20:19:56,023] {dag.py:2398} INFO - Sync 1 DAGs
[2022-05-01 20:19:56,035] {logging_mixin.py:109} INFO - [2022-05-01 20:19:56,035] {dag.py:2937} INFO - Setting next_dagrun for cso_2295_ipo_2_cso.py to 2022-05-01T15:41:00+00:00
[2022-05-01 20:19:56,041] {processor.py:171} INFO - Processing /opt/airflow/dags/cso_2295/cso_2295_ipo_2_cso.py took 0.699 seconds
[2022-05-01 20:20:26,250] {processor.py:163} INFO - Started process (PID=1646) to work on /opt/airflow/dags/cso_2295/cso_2295_ipo_2_cso.py
[2022-05-01 20:20:26,251] {processor.py:642} INFO - Processing file /opt/airflow/dags/cso_2295/cso_2295_ipo_2_cso.py for tasks to queue
[2022-05-01 20:20:26,251] {logging_mixin.py:109} INFO - [2022-05-01 20:20:26,251] {dagbag.py:500} INFO - Filling up the DagBag from /opt/airflow/dags/cso_2295/cso_2295_ipo_2_cso.py
[2022-05-01 20:20:27,105] {processor.py:654} INFO - DAG(s) dict_keys(['cso_2295_ipo_2_cso.py']) retrieved from /opt/airflow/dags/cso_2295/cso_2295_ipo_2_cso.py
[2022-05-01 20:20:27,125] {logging_mixin.py:109} INFO - [2022-05-01 20:20:27,125] {dag.py:2398} INFO - Sync 1 DAGs
[2022-05-01 20:20:27,138] {logging_mixin.py:109} INFO - [2022-05-01 20:20:27,138] {dag.py:2937} INFO - Setting next_dagrun for cso_2295_ipo_2_cso.py to 2022-05-01T15:41:00+00:00
[2022-05-01 20:20:27,145] {processor.py:171} INFO - Processing /opt/airflow/dags/cso_2295/cso_2295_ipo_2_cso.py took 0.897 seconds
[2022-05-01 20:20:58,069] {processor.py:163} INFO - Started process (PID=1688) to work on /opt/airflow/dags/cso_2295/cso_2295_ipo_2_cso.py
[2022-05-01 20:20:58,071] {processor.py:642} INFO - Processing file /opt/airflow/dags/cso_2295/cso_2295_ipo_2_cso.py for tasks to queue
[2022-05-01 20:20:58,071] {logging_mixin.py:109} INFO - [2022-05-01 20:20:58,071] {dagbag.py:500} INFO - Filling up the DagBag from /opt/airflow/dags/cso_2295/cso_2295_ipo_2_cso.py
[2022-05-01 20:20:58,921] {processor.py:654} INFO - DAG(s) dict_keys(['cso_2295_ipo_2_cso.py']) retrieved from /opt/airflow/dags/cso_2295/cso_2295_ipo_2_cso.py
[2022-05-01 20:20:58,942] {logging_mixin.py:109} INFO - [2022-05-01 20:20:58,942] {dag.py:2398} INFO - Sync 1 DAGs
[2022-05-01 20:20:58,957] {logging_mixin.py:109} INFO - [2022-05-01 20:20:58,957] {dag.py:2937} INFO - Setting next_dagrun for cso_2295_ipo_2_cso.py to 2022-05-01T15:41:00+00:00
[2022-05-01 20:20:58,963] {processor.py:171} INFO - Processing /opt/airflow/dags/cso_2295/cso_2295_ipo_2_cso.py took 0.897 seconds
[2022-05-01 20:21:29,343] {processor.py:163} INFO - Started process (PID=1741) to work on /opt/airflow/dags/cso_2295/cso_2295_ipo_2_cso.py
[2022-05-01 20:21:29,345] {processor.py:642} INFO - Processing file /opt/airflow/dags/cso_2295/cso_2295_ipo_2_cso.py for tasks to queue
[2022-05-01 20:21:29,345] {logging_mixin.py:109} INFO - [2022-05-01 20:21:29,345] {dagbag.py:500} INFO - Filling up the DagBag from /opt/airflow/dags/cso_2295/cso_2295_ipo_2_cso.py
[2022-05-01 20:21:30,039] {processor.py:654} INFO - DAG(s) dict_keys(['cso_2295_ipo_2_cso.py']) retrieved from /opt/airflow/dags/cso_2295/cso_2295_ipo_2_cso.py
[2022-05-01 20:21:30,058] {logging_mixin.py:109} INFO - [2022-05-01 20:21:30,058] {dag.py:2398} INFO - Sync 1 DAGs
[2022-05-01 20:21:30,070] {logging_mixin.py:109} INFO - [2022-05-01 20:21:30,070] {dag.py:2937} INFO - Setting next_dagrun for cso_2295_ipo_2_cso.py to 2022-05-01T15:41:00+00:00
[2022-05-01 20:21:30,087] {processor.py:171} INFO - Processing /opt/airflow/dags/cso_2295/cso_2295_ipo_2_cso.py took 0.747 seconds
[2022-05-01 20:22:00,460] {processor.py:163} INFO - Started process (PID=1796) to work on /opt/airflow/dags/cso_2295/cso_2295_ipo_2_cso.py
[2022-05-01 20:22:00,464] {processor.py:642} INFO - Processing file /opt/airflow/dags/cso_2295/cso_2295_ipo_2_cso.py for tasks to queue
[2022-05-01 20:22:00,465] {logging_mixin.py:109} INFO - [2022-05-01 20:22:00,465] {dagbag.py:500} INFO - Filling up the DagBag from /opt/airflow/dags/cso_2295/cso_2295_ipo_2_cso.py
[2022-05-01 20:22:01,464] {processor.py:654} INFO - DAG(s) dict_keys(['cso_2295_ipo_2_cso.py']) retrieved from /opt/airflow/dags/cso_2295/cso_2295_ipo_2_cso.py
[2022-05-01 20:22:01,489] {logging_mixin.py:109} INFO - [2022-05-01 20:22:01,488] {dag.py:2398} INFO - Sync 1 DAGs
[2022-05-01 20:22:01,507] {logging_mixin.py:109} INFO - [2022-05-01 20:22:01,507] {dag.py:2937} INFO - Setting next_dagrun for cso_2295_ipo_2_cso.py to 2022-05-01T15:41:00+00:00
[2022-05-01 20:22:01,523] {processor.py:171} INFO - Processing /opt/airflow/dags/cso_2295/cso_2295_ipo_2_cso.py took 1.069 seconds
[2022-05-01 20:22:31,741] {processor.py:163} INFO - Started process (PID=1842) to work on /opt/airflow/dags/cso_2295/cso_2295_ipo_2_cso.py
[2022-05-01 20:22:31,741] {processor.py:642} INFO - Processing file /opt/airflow/dags/cso_2295/cso_2295_ipo_2_cso.py for tasks to queue
[2022-05-01 20:22:31,742] {logging_mixin.py:109} INFO - [2022-05-01 20:22:31,742] {dagbag.py:500} INFO - Filling up the DagBag from /opt/airflow/dags/cso_2295/cso_2295_ipo_2_cso.py
[2022-05-01 20:22:32,444] {processor.py:654} INFO - DAG(s) dict_keys(['cso_2295_ipo_2_cso.py']) retrieved from /opt/airflow/dags/cso_2295/cso_2295_ipo_2_cso.py
[2022-05-01 20:22:32,463] {logging_mixin.py:109} INFO - [2022-05-01 20:22:32,463] {dag.py:2398} INFO - Sync 1 DAGs
[2022-05-01 20:22:32,475] {logging_mixin.py:109} INFO - [2022-05-01 20:22:32,475] {dag.py:2937} INFO - Setting next_dagrun for cso_2295_ipo_2_cso.py to 2022-05-01T15:41:00+00:00
[2022-05-01 20:22:32,481] {processor.py:171} INFO - Processing /opt/airflow/dags/cso_2295/cso_2295_ipo_2_cso.py took 0.743 seconds
[2022-05-01 20:23:03,202] {processor.py:163} INFO - Started process (PID=1905) to work on /opt/airflow/dags/cso_2295/cso_2295_ipo_2_cso.py
[2022-05-01 20:23:03,203] {processor.py:642} INFO - Processing file /opt/airflow/dags/cso_2295/cso_2295_ipo_2_cso.py for tasks to queue
[2022-05-01 20:23:03,203] {logging_mixin.py:109} INFO - [2022-05-01 20:23:03,203] {dagbag.py:500} INFO - Filling up the DagBag from /opt/airflow/dags/cso_2295/cso_2295_ipo_2_cso.py
[2022-05-01 20:23:03,811] {processor.py:654} INFO - DAG(s) dict_keys(['cso_2295_ipo_2_cso.py']) retrieved from /opt/airflow/dags/cso_2295/cso_2295_ipo_2_cso.py
[2022-05-01 20:23:03,829] {logging_mixin.py:109} INFO - [2022-05-01 20:23:03,828] {dag.py:2398} INFO - Sync 1 DAGs
[2022-05-01 20:23:03,839] {logging_mixin.py:109} INFO - [2022-05-01 20:23:03,839] {dag.py:2937} INFO - Setting next_dagrun for cso_2295_ipo_2_cso.py to 2022-05-01T15:41:00+00:00
[2022-05-01 20:23:03,846] {processor.py:171} INFO - Processing /opt/airflow/dags/cso_2295/cso_2295_ipo_2_cso.py took 0.646 seconds
[2022-05-01 20:23:34,259] {processor.py:163} INFO - Started process (PID=1948) to work on /opt/airflow/dags/cso_2295/cso_2295_ipo_2_cso.py
[2022-05-01 20:23:34,260] {processor.py:642} INFO - Processing file /opt/airflow/dags/cso_2295/cso_2295_ipo_2_cso.py for tasks to queue
[2022-05-01 20:23:34,260] {logging_mixin.py:109} INFO - [2022-05-01 20:23:34,260] {dagbag.py:500} INFO - Filling up the DagBag from /opt/airflow/dags/cso_2295/cso_2295_ipo_2_cso.py
[2022-05-01 20:23:34,855] {processor.py:654} INFO - DAG(s) dict_keys(['cso_2295_ipo_2_cso.py']) retrieved from /opt/airflow/dags/cso_2295/cso_2295_ipo_2_cso.py
[2022-05-01 20:23:34,875] {logging_mixin.py:109} INFO - [2022-05-01 20:23:34,875] {dag.py:2398} INFO - Sync 1 DAGs
[2022-05-01 20:23:34,887] {logging_mixin.py:109} INFO - [2022-05-01 20:23:34,887] {dag.py:2937} INFO - Setting next_dagrun for cso_2295_ipo_2_cso.py to 2022-05-01T15:41:00+00:00
[2022-05-01 20:23:34,894] {processor.py:171} INFO - Processing /opt/airflow/dags/cso_2295/cso_2295_ipo_2_cso.py took 0.638 seconds
[2022-05-01 20:24:05,366] {processor.py:163} INFO - Started process (PID=2001) to work on /opt/airflow/dags/cso_2295/cso_2295_ipo_2_cso.py
[2022-05-01 20:24:05,367] {processor.py:642} INFO - Processing file /opt/airflow/dags/cso_2295/cso_2295_ipo_2_cso.py for tasks to queue
[2022-05-01 20:24:05,367] {logging_mixin.py:109} INFO - [2022-05-01 20:24:05,367] {dagbag.py:500} INFO - Filling up the DagBag from /opt/airflow/dags/cso_2295/cso_2295_ipo_2_cso.py
[2022-05-01 20:24:05,952] {processor.py:654} INFO - DAG(s) dict_keys(['cso_2295_ipo_2_cso.py']) retrieved from /opt/airflow/dags/cso_2295/cso_2295_ipo_2_cso.py
[2022-05-01 20:24:05,969] {logging_mixin.py:109} INFO - [2022-05-01 20:24:05,969] {dag.py:2398} INFO - Sync 1 DAGs
[2022-05-01 20:24:05,982] {logging_mixin.py:109} INFO - [2022-05-01 20:24:05,982] {dag.py:2937} INFO - Setting next_dagrun for cso_2295_ipo_2_cso.py to 2022-05-01T15:41:00+00:00
[2022-05-01 20:24:05,988] {processor.py:171} INFO - Processing /opt/airflow/dags/cso_2295/cso_2295_ipo_2_cso.py took 0.624 seconds
[2022-05-01 20:24:36,282] {processor.py:163} INFO - Started process (PID=2055) to work on /opt/airflow/dags/cso_2295/cso_2295_ipo_2_cso.py
[2022-05-01 20:24:36,283] {processor.py:642} INFO - Processing file /opt/airflow/dags/cso_2295/cso_2295_ipo_2_cso.py for tasks to queue
[2022-05-01 20:24:36,283] {logging_mixin.py:109} INFO - [2022-05-01 20:24:36,283] {dagbag.py:500} INFO - Filling up the DagBag from /opt/airflow/dags/cso_2295/cso_2295_ipo_2_cso.py
[2022-05-01 20:24:36,911] {processor.py:654} INFO - DAG(s) dict_keys(['cso_2295_ipo_2_cso.py']) retrieved from /opt/airflow/dags/cso_2295/cso_2295_ipo_2_cso.py
[2022-05-01 20:24:36,930] {logging_mixin.py:109} INFO - [2022-05-01 20:24:36,930] {dag.py:2398} INFO - Sync 1 DAGs
[2022-05-01 20:24:36,943] {logging_mixin.py:109} INFO - [2022-05-01 20:24:36,943] {dag.py:2937} INFO - Setting next_dagrun for cso_2295_ipo_2_cso.py to 2022-05-01T15:41:00+00:00
[2022-05-01 20:24:36,949] {processor.py:171} INFO - Processing /opt/airflow/dags/cso_2295/cso_2295_ipo_2_cso.py took 0.669 seconds
[2022-05-01 20:25:07,215] {processor.py:163} INFO - Started process (PID=2098) to work on /opt/airflow/dags/cso_2295/cso_2295_ipo_2_cso.py
[2022-05-01 20:25:07,216] {processor.py:642} INFO - Processing file /opt/airflow/dags/cso_2295/cso_2295_ipo_2_cso.py for tasks to queue
[2022-05-01 20:25:07,216] {logging_mixin.py:109} INFO - [2022-05-01 20:25:07,216] {dagbag.py:500} INFO - Filling up the DagBag from /opt/airflow/dags/cso_2295/cso_2295_ipo_2_cso.py
[2022-05-01 20:25:07,887] {processor.py:654} INFO - DAG(s) dict_keys(['cso_2295_ipo_2_cso.py']) retrieved from /opt/airflow/dags/cso_2295/cso_2295_ipo_2_cso.py
[2022-05-01 20:25:07,908] {logging_mixin.py:109} INFO - [2022-05-01 20:25:07,908] {dag.py:2398} INFO - Sync 1 DAGs
[2022-05-01 20:25:07,922] {logging_mixin.py:109} INFO - [2022-05-01 20:25:07,922] {dag.py:2937} INFO - Setting next_dagrun for cso_2295_ipo_2_cso.py to 2022-05-01T15:41:00+00:00
[2022-05-01 20:25:07,928] {processor.py:171} INFO - Processing /opt/airflow/dags/cso_2295/cso_2295_ipo_2_cso.py took 0.715 seconds
[2022-05-01 20:25:38,390] {processor.py:163} INFO - Started process (PID=2151) to work on /opt/airflow/dags/cso_2295/cso_2295_ipo_2_cso.py
[2022-05-01 20:25:38,391] {processor.py:642} INFO - Processing file /opt/airflow/dags/cso_2295/cso_2295_ipo_2_cso.py for tasks to queue
[2022-05-01 20:25:38,392] {logging_mixin.py:109} INFO - [2022-05-01 20:25:38,392] {dagbag.py:500} INFO - Filling up the DagBag from /opt/airflow/dags/cso_2295/cso_2295_ipo_2_cso.py
[2022-05-01 20:25:38,991] {processor.py:654} INFO - DAG(s) dict_keys(['cso_2295_ipo_2_cso.py']) retrieved from /opt/airflow/dags/cso_2295/cso_2295_ipo_2_cso.py
[2022-05-01 20:25:39,010] {logging_mixin.py:109} INFO - [2022-05-01 20:25:39,009] {dag.py:2398} INFO - Sync 1 DAGs
[2022-05-01 20:25:39,023] {logging_mixin.py:109} INFO - [2022-05-01 20:25:39,023] {dag.py:2937} INFO - Setting next_dagrun for cso_2295_ipo_2_cso.py to 2022-05-01T15:41:00+00:00
[2022-05-01 20:25:39,030] {processor.py:171} INFO - Processing /opt/airflow/dags/cso_2295/cso_2295_ipo_2_cso.py took 0.642 seconds
[2022-05-01 20:26:09,523] {processor.py:163} INFO - Started process (PID=2202) to work on /opt/airflow/dags/cso_2295/cso_2295_ipo_2_cso.py
[2022-05-01 20:26:09,524] {processor.py:642} INFO - Processing file /opt/airflow/dags/cso_2295/cso_2295_ipo_2_cso.py for tasks to queue
[2022-05-01 20:26:09,525] {logging_mixin.py:109} INFO - [2022-05-01 20:26:09,525] {dagbag.py:500} INFO - Filling up the DagBag from /opt/airflow/dags/cso_2295/cso_2295_ipo_2_cso.py
[2022-05-01 20:26:10,126] {processor.py:654} INFO - DAG(s) dict_keys(['cso_2295_ipo_2_cso.py']) retrieved from /opt/airflow/dags/cso_2295/cso_2295_ipo_2_cso.py
[2022-05-01 20:26:10,144] {logging_mixin.py:109} INFO - [2022-05-01 20:26:10,143] {dag.py:2398} INFO - Sync 1 DAGs
[2022-05-01 20:26:10,155] {logging_mixin.py:109} INFO - [2022-05-01 20:26:10,155] {dag.py:2937} INFO - Setting next_dagrun for cso_2295_ipo_2_cso.py to 2022-05-01T15:41:00+00:00
[2022-05-01 20:26:10,161] {processor.py:171} INFO - Processing /opt/airflow/dags/cso_2295/cso_2295_ipo_2_cso.py took 0.640 seconds
[2022-05-01 20:26:40,728] {processor.py:163} INFO - Started process (PID=2243) to work on /opt/airflow/dags/cso_2295/cso_2295_ipo_2_cso.py
[2022-05-01 20:26:40,731] {processor.py:642} INFO - Processing file /opt/airflow/dags/cso_2295/cso_2295_ipo_2_cso.py for tasks to queue
[2022-05-01 20:26:40,732] {logging_mixin.py:109} INFO - [2022-05-01 20:26:40,731] {dagbag.py:500} INFO - Filling up the DagBag from /opt/airflow/dags/cso_2295/cso_2295_ipo_2_cso.py
[2022-05-01 20:26:42,304] {processor.py:654} INFO - DAG(s) dict_keys(['cso_2295_ipo_2_cso.py']) retrieved from /opt/airflow/dags/cso_2295/cso_2295_ipo_2_cso.py
[2022-05-01 20:26:42,325] {logging_mixin.py:109} INFO - [2022-05-01 20:26:42,325] {dag.py:2398} INFO - Sync 1 DAGs
[2022-05-01 20:26:42,353] {logging_mixin.py:109} INFO - [2022-05-01 20:26:42,353] {dag.py:2937} INFO - Setting next_dagrun for cso_2295_ipo_2_cso.py to 2022-05-01T15:41:00+00:00
[2022-05-01 20:26:42,387] {processor.py:171} INFO - Processing /opt/airflow/dags/cso_2295/cso_2295_ipo_2_cso.py took 1.661 seconds
[2022-05-01 20:27:12,786] {processor.py:163} INFO - Started process (PID=2296) to work on /opt/airflow/dags/cso_2295/cso_2295_ipo_2_cso.py
[2022-05-01 20:27:12,787] {processor.py:642} INFO - Processing file /opt/airflow/dags/cso_2295/cso_2295_ipo_2_cso.py for tasks to queue
[2022-05-01 20:27:12,787] {logging_mixin.py:109} INFO - [2022-05-01 20:27:12,787] {dagbag.py:500} INFO - Filling up the DagBag from /opt/airflow/dags/cso_2295/cso_2295_ipo_2_cso.py
[2022-05-01 20:27:13,464] {processor.py:654} INFO - DAG(s) dict_keys(['cso_2295_ipo_2_cso.py']) retrieved from /opt/airflow/dags/cso_2295/cso_2295_ipo_2_cso.py
[2022-05-01 20:27:13,481] {logging_mixin.py:109} INFO - [2022-05-01 20:27:13,481] {dag.py:2398} INFO - Sync 1 DAGs
[2022-05-01 20:27:13,493] {logging_mixin.py:109} INFO - [2022-05-01 20:27:13,492] {dag.py:2937} INFO - Setting next_dagrun for cso_2295_ipo_2_cso.py to 2022-05-01T15:41:00+00:00
[2022-05-01 20:27:13,498] {processor.py:171} INFO - Processing /opt/airflow/dags/cso_2295/cso_2295_ipo_2_cso.py took 0.714 seconds
[2022-05-01 20:27:43,898] {processor.py:163} INFO - Started process (PID=2363) to work on /opt/airflow/dags/cso_2295/cso_2295_ipo_2_cso.py
[2022-05-01 20:27:43,899] {processor.py:642} INFO - Processing file /opt/airflow/dags/cso_2295/cso_2295_ipo_2_cso.py for tasks to queue
[2022-05-01 20:27:43,900] {logging_mixin.py:109} INFO - [2022-05-01 20:27:43,900] {dagbag.py:500} INFO - Filling up the DagBag from /opt/airflow/dags/cso_2295/cso_2295_ipo_2_cso.py
[2022-05-01 20:27:44,642] {processor.py:654} INFO - DAG(s) dict_keys(['cso_2295_ipo_2_cso.py']) retrieved from /opt/airflow/dags/cso_2295/cso_2295_ipo_2_cso.py
[2022-05-01 20:27:44,660] {logging_mixin.py:109} INFO - [2022-05-01 20:27:44,660] {dag.py:2398} INFO - Sync 1 DAGs
[2022-05-01 20:27:44,671] {logging_mixin.py:109} INFO - [2022-05-01 20:27:44,671] {dag.py:2937} INFO - Setting next_dagrun for cso_2295_ipo_2_cso.py to 2022-05-01T15:41:00+00:00
[2022-05-01 20:27:44,676] {processor.py:171} INFO - Processing /opt/airflow/dags/cso_2295/cso_2295_ipo_2_cso.py took 0.780 seconds
[2022-05-01 20:28:14,855] {processor.py:163} INFO - Started process (PID=2406) to work on /opt/airflow/dags/cso_2295/cso_2295_ipo_2_cso.py
[2022-05-01 20:28:14,856] {processor.py:642} INFO - Processing file /opt/airflow/dags/cso_2295/cso_2295_ipo_2_cso.py for tasks to queue
[2022-05-01 20:28:14,857] {logging_mixin.py:109} INFO - [2022-05-01 20:28:14,857] {dagbag.py:500} INFO - Filling up the DagBag from /opt/airflow/dags/cso_2295/cso_2295_ipo_2_cso.py
[2022-05-01 20:28:15,575] {processor.py:654} INFO - DAG(s) dict_keys(['cso_2295_ipo_2_cso.py']) retrieved from /opt/airflow/dags/cso_2295/cso_2295_ipo_2_cso.py
[2022-05-01 20:28:15,597] {logging_mixin.py:109} INFO - [2022-05-01 20:28:15,597] {dag.py:2398} INFO - Sync 1 DAGs
[2022-05-01 20:28:15,610] {logging_mixin.py:109} INFO - [2022-05-01 20:28:15,610] {dag.py:2937} INFO - Setting next_dagrun for cso_2295_ipo_2_cso.py to 2022-05-01T15:41:00+00:00
[2022-05-01 20:28:15,617] {processor.py:171} INFO - Processing /opt/airflow/dags/cso_2295/cso_2295_ipo_2_cso.py took 0.763 seconds
[2022-05-01 20:28:45,942] {processor.py:163} INFO - Started process (PID=2461) to work on /opt/airflow/dags/cso_2295/cso_2295_ipo_2_cso.py
[2022-05-01 20:28:45,943] {processor.py:642} INFO - Processing file /opt/airflow/dags/cso_2295/cso_2295_ipo_2_cso.py for tasks to queue
[2022-05-01 20:28:45,943] {logging_mixin.py:109} INFO - [2022-05-01 20:28:45,943] {dagbag.py:500} INFO - Filling up the DagBag from /opt/airflow/dags/cso_2295/cso_2295_ipo_2_cso.py
[2022-05-01 20:28:46,563] {processor.py:654} INFO - DAG(s) dict_keys(['cso_2295_ipo_2_cso.py']) retrieved from /opt/airflow/dags/cso_2295/cso_2295_ipo_2_cso.py
[2022-05-01 20:28:46,589] {logging_mixin.py:109} INFO - [2022-05-01 20:28:46,589] {dag.py:2398} INFO - Sync 1 DAGs
[2022-05-01 20:28:46,601] {logging_mixin.py:109} INFO - [2022-05-01 20:28:46,600] {dag.py:2937} INFO - Setting next_dagrun for cso_2295_ipo_2_cso.py to 2022-05-01T15:41:00+00:00
[2022-05-01 20:28:46,607] {processor.py:171} INFO - Processing /opt/airflow/dags/cso_2295/cso_2295_ipo_2_cso.py took 0.666 seconds
[2022-05-01 20:29:16,906] {processor.py:163} INFO - Started process (PID=2508) to work on /opt/airflow/dags/cso_2295/cso_2295_ipo_2_cso.py
[2022-05-01 20:29:16,908] {processor.py:642} INFO - Processing file /opt/airflow/dags/cso_2295/cso_2295_ipo_2_cso.py for tasks to queue
[2022-05-01 20:29:16,908] {logging_mixin.py:109} INFO - [2022-05-01 20:29:16,908] {dagbag.py:500} INFO - Filling up the DagBag from /opt/airflow/dags/cso_2295/cso_2295_ipo_2_cso.py
[2022-05-01 20:29:17,712] {processor.py:654} INFO - DAG(s) dict_keys(['cso_2295_ipo_2_cso.py']) retrieved from /opt/airflow/dags/cso_2295/cso_2295_ipo_2_cso.py
[2022-05-01 20:29:17,731] {logging_mixin.py:109} INFO - [2022-05-01 20:29:17,731] {dag.py:2398} INFO - Sync 1 DAGs
[2022-05-01 20:29:17,744] {logging_mixin.py:109} INFO - [2022-05-01 20:29:17,744] {dag.py:2937} INFO - Setting next_dagrun for cso_2295_ipo_2_cso.py to 2022-05-01T15:41:00+00:00
[2022-05-01 20:29:17,749] {processor.py:171} INFO - Processing /opt/airflow/dags/cso_2295/cso_2295_ipo_2_cso.py took 0.845 seconds
[2022-05-01 20:29:47,805] {processor.py:163} INFO - Started process (PID=2562) to work on /opt/airflow/dags/cso_2295/cso_2295_ipo_2_cso.py
[2022-05-01 20:29:47,806] {processor.py:642} INFO - Processing file /opt/airflow/dags/cso_2295/cso_2295_ipo_2_cso.py for tasks to queue
[2022-05-01 20:29:47,807] {logging_mixin.py:109} INFO - [2022-05-01 20:29:47,807] {dagbag.py:500} INFO - Filling up the DagBag from /opt/airflow/dags/cso_2295/cso_2295_ipo_2_cso.py
[2022-05-01 20:29:48,459] {processor.py:654} INFO - DAG(s) dict_keys(['cso_2295_ipo_2_cso.py']) retrieved from /opt/airflow/dags/cso_2295/cso_2295_ipo_2_cso.py
[2022-05-01 20:29:48,477] {logging_mixin.py:109} INFO - [2022-05-01 20:29:48,477] {dag.py:2398} INFO - Sync 1 DAGs
[2022-05-01 20:29:48,488] {logging_mixin.py:109} INFO - [2022-05-01 20:29:48,488] {dag.py:2937} INFO - Setting next_dagrun for cso_2295_ipo_2_cso.py to 2022-05-01T15:41:00+00:00
[2022-05-01 20:29:48,493] {processor.py:171} INFO - Processing /opt/airflow/dags/cso_2295/cso_2295_ipo_2_cso.py took 0.691 seconds
[2022-05-01 20:30:18,646] {processor.py:163} INFO - Started process (PID=2613) to work on /opt/airflow/dags/cso_2295/cso_2295_ipo_2_cso.py
[2022-05-01 20:30:18,646] {processor.py:642} INFO - Processing file /opt/airflow/dags/cso_2295/cso_2295_ipo_2_cso.py for tasks to queue
[2022-05-01 20:30:18,647] {logging_mixin.py:109} INFO - [2022-05-01 20:30:18,647] {dagbag.py:500} INFO - Filling up the DagBag from /opt/airflow/dags/cso_2295/cso_2295_ipo_2_cso.py
[2022-05-01 20:30:19,334] {processor.py:654} INFO - DAG(s) dict_keys(['cso_2295_ipo_2_cso.py']) retrieved from /opt/airflow/dags/cso_2295/cso_2295_ipo_2_cso.py
[2022-05-01 20:30:19,352] {logging_mixin.py:109} INFO - [2022-05-01 20:30:19,352] {dag.py:2398} INFO - Sync 1 DAGs
[2022-05-01 20:30:19,363] {logging_mixin.py:109} INFO - [2022-05-01 20:30:19,363] {dag.py:2937} INFO - Setting next_dagrun for cso_2295_ipo_2_cso.py to 2022-05-01T15:41:00+00:00
[2022-05-01 20:30:19,369] {processor.py:171} INFO - Processing /opt/airflow/dags/cso_2295/cso_2295_ipo_2_cso.py took 0.725 seconds
[2022-05-01 20:30:49,500] {processor.py:163} INFO - Started process (PID=2656) to work on /opt/airflow/dags/cso_2295/cso_2295_ipo_2_cso.py
[2022-05-01 20:30:49,501] {processor.py:642} INFO - Processing file /opt/airflow/dags/cso_2295/cso_2295_ipo_2_cso.py for tasks to queue
[2022-05-01 20:30:49,501] {logging_mixin.py:109} INFO - [2022-05-01 20:30:49,501] {dagbag.py:500} INFO - Filling up the DagBag from /opt/airflow/dags/cso_2295/cso_2295_ipo_2_cso.py
[2022-05-01 20:30:50,337] {processor.py:654} INFO - DAG(s) dict_keys(['cso_2295_ipo_2_cso.py']) retrieved from /opt/airflow/dags/cso_2295/cso_2295_ipo_2_cso.py
[2022-05-01 20:30:50,356] {logging_mixin.py:109} INFO - [2022-05-01 20:30:50,356] {dag.py:2398} INFO - Sync 1 DAGs
[2022-05-01 20:30:50,371] {logging_mixin.py:109} INFO - [2022-05-01 20:30:50,371] {dag.py:2937} INFO - Setting next_dagrun for cso_2295_ipo_2_cso.py to 2022-05-01T15:41:00+00:00
[2022-05-01 20:30:50,377] {processor.py:171} INFO - Processing /opt/airflow/dags/cso_2295/cso_2295_ipo_2_cso.py took 0.879 seconds
[2022-05-01 20:31:20,481] {processor.py:163} INFO - Started process (PID=2709) to work on /opt/airflow/dags/cso_2295/cso_2295_ipo_2_cso.py
[2022-05-01 20:31:20,482] {processor.py:642} INFO - Processing file /opt/airflow/dags/cso_2295/cso_2295_ipo_2_cso.py for tasks to queue
[2022-05-01 20:31:20,482] {logging_mixin.py:109} INFO - [2022-05-01 20:31:20,482] {dagbag.py:500} INFO - Filling up the DagBag from /opt/airflow/dags/cso_2295/cso_2295_ipo_2_cso.py
[2022-05-01 20:31:21,193] {processor.py:654} INFO - DAG(s) dict_keys(['cso_2295_ipo_2_cso.py']) retrieved from /opt/airflow/dags/cso_2295/cso_2295_ipo_2_cso.py
[2022-05-01 20:31:21,212] {logging_mixin.py:109} INFO - [2022-05-01 20:31:21,212] {dag.py:2398} INFO - Sync 1 DAGs
[2022-05-01 20:31:21,230] {logging_mixin.py:109} INFO - [2022-05-01 20:31:21,230] {dag.py:2937} INFO - Setting next_dagrun for cso_2295_ipo_2_cso.py to 2022-05-01T15:41:00+00:00
[2022-05-01 20:31:21,237] {processor.py:171} INFO - Processing /opt/airflow/dags/cso_2295/cso_2295_ipo_2_cso.py took 0.758 seconds
[2022-05-01 20:31:52,137] {processor.py:163} INFO - Started process (PID=2759) to work on /opt/airflow/dags/cso_2295/cso_2295_ipo_2_cso.py
[2022-05-01 20:31:52,138] {processor.py:642} INFO - Processing file /opt/airflow/dags/cso_2295/cso_2295_ipo_2_cso.py for tasks to queue
[2022-05-01 20:31:52,139] {logging_mixin.py:109} INFO - [2022-05-01 20:31:52,138] {dagbag.py:500} INFO - Filling up the DagBag from /opt/airflow/dags/cso_2295/cso_2295_ipo_2_cso.py
[2022-05-01 20:31:53,600] {processor.py:654} INFO - DAG(s) dict_keys(['cso_2295_ipo_2_cso.py']) retrieved from /opt/airflow/dags/cso_2295/cso_2295_ipo_2_cso.py
[2022-05-01 20:31:53,654] {logging_mixin.py:109} INFO - [2022-05-01 20:31:53,654] {dag.py:2398} INFO - Sync 1 DAGs
[2022-05-01 20:31:53,679] {logging_mixin.py:109} INFO - [2022-05-01 20:31:53,679] {dag.py:2937} INFO - Setting next_dagrun for cso_2295_ipo_2_cso.py to 2022-05-01T15:41:00+00:00
[2022-05-01 20:31:53,696] {processor.py:171} INFO - Processing /opt/airflow/dags/cso_2295/cso_2295_ipo_2_cso.py took 1.561 seconds
[2022-05-01 20:32:24,238] {processor.py:163} INFO - Started process (PID=2804) to work on /opt/airflow/dags/cso_2295/cso_2295_ipo_2_cso.py
[2022-05-01 20:32:24,243] {processor.py:642} INFO - Processing file /opt/airflow/dags/cso_2295/cso_2295_ipo_2_cso.py for tasks to queue
[2022-05-01 20:32:24,245] {logging_mixin.py:109} INFO - [2022-05-01 20:32:24,244] {dagbag.py:500} INFO - Filling up the DagBag from /opt/airflow/dags/cso_2295/cso_2295_ipo_2_cso.py
[2022-05-01 20:32:26,615] {processor.py:654} INFO - DAG(s) dict_keys(['cso_2295_ipo_2_cso.py']) retrieved from /opt/airflow/dags/cso_2295/cso_2295_ipo_2_cso.py
[2022-05-01 20:32:26,646] {logging_mixin.py:109} INFO - [2022-05-01 20:32:26,646] {dag.py:2398} INFO - Sync 1 DAGs
[2022-05-01 20:32:26,659] {logging_mixin.py:109} INFO - [2022-05-01 20:32:26,659] {dag.py:2937} INFO - Setting next_dagrun for cso_2295_ipo_2_cso.py to 2022-05-01T15:41:00+00:00
[2022-05-01 20:32:26,665] {processor.py:171} INFO - Processing /opt/airflow/dags/cso_2295/cso_2295_ipo_2_cso.py took 2.437 seconds
[2022-05-01 20:32:57,307] {processor.py:163} INFO - Started process (PID=2857) to work on /opt/airflow/dags/cso_2295/cso_2295_ipo_2_cso.py
[2022-05-01 20:32:57,311] {processor.py:642} INFO - Processing file /opt/airflow/dags/cso_2295/cso_2295_ipo_2_cso.py for tasks to queue
[2022-05-01 20:32:57,312] {logging_mixin.py:109} INFO - [2022-05-01 20:32:57,312] {dagbag.py:500} INFO - Filling up the DagBag from /opt/airflow/dags/cso_2295/cso_2295_ipo_2_cso.py
[2022-05-01 20:32:58,124] {processor.py:654} INFO - DAG(s) dict_keys(['cso_2295_ipo_2_cso.py']) retrieved from /opt/airflow/dags/cso_2295/cso_2295_ipo_2_cso.py
[2022-05-01 20:32:58,146] {logging_mixin.py:109} INFO - [2022-05-01 20:32:58,146] {dag.py:2398} INFO - Sync 1 DAGs
[2022-05-01 20:32:58,165] {logging_mixin.py:109} INFO - [2022-05-01 20:32:58,164] {dag.py:2937} INFO - Setting next_dagrun for cso_2295_ipo_2_cso.py to 2022-05-01T15:41:00+00:00
[2022-05-01 20:32:58,175] {processor.py:171} INFO - Processing /opt/airflow/dags/cso_2295/cso_2295_ipo_2_cso.py took 0.877 seconds
[2022-05-01 20:33:28,473] {processor.py:163} INFO - Started process (PID=2910) to work on /opt/airflow/dags/cso_2295/cso_2295_ipo_2_cso.py
[2022-05-01 20:33:28,474] {processor.py:642} INFO - Processing file /opt/airflow/dags/cso_2295/cso_2295_ipo_2_cso.py for tasks to queue
[2022-05-01 20:33:28,475] {logging_mixin.py:109} INFO - [2022-05-01 20:33:28,474] {dagbag.py:500} INFO - Filling up the DagBag from /opt/airflow/dags/cso_2295/cso_2295_ipo_2_cso.py
[2022-05-01 20:33:29,229] {processor.py:654} INFO - DAG(s) dict_keys(['cso_2295_ipo_2_cso.py']) retrieved from /opt/airflow/dags/cso_2295/cso_2295_ipo_2_cso.py
[2022-05-01 20:33:29,276] {logging_mixin.py:109} INFO - [2022-05-01 20:33:29,276] {dag.py:2398} INFO - Sync 1 DAGs
[2022-05-01 20:33:29,298] {logging_mixin.py:109} INFO - [2022-05-01 20:33:29,298] {dag.py:2937} INFO - Setting next_dagrun for cso_2295_ipo_2_cso.py to 2022-05-01T15:41:00+00:00
[2022-05-01 20:33:29,314] {processor.py:171} INFO - Processing /opt/airflow/dags/cso_2295/cso_2295_ipo_2_cso.py took 0.843 seconds
