[2022-04-08 08:13:25,415] {taskinstance.py:1037} INFO - Dependencies all met for <TaskInstance: my_project.sample-task scheduled__2022-04-07T00:00:00+00:00 [queued]>
[2022-04-08 08:13:25,442] {taskinstance.py:1037} INFO - Dependencies all met for <TaskInstance: my_project.sample-task scheduled__2022-04-07T00:00:00+00:00 [queued]>
[2022-04-08 08:13:25,443] {taskinstance.py:1243} INFO - 
--------------------------------------------------------------------------------
[2022-04-08 08:13:25,443] {taskinstance.py:1244} INFO - Starting attempt 1 of 1
[2022-04-08 08:13:25,443] {taskinstance.py:1245} INFO - 
--------------------------------------------------------------------------------
[2022-04-08 08:13:25,520] {taskinstance.py:1264} INFO - Executing <Task(HelloOperator): sample-task> on 2022-04-07 00:00:00+00:00
[2022-04-08 08:13:25,526] {standard_task_runner.py:52} INFO - Started process 83 to run task
[2022-04-08 08:13:25,528] {standard_task_runner.py:76} INFO - Running: ['***', 'tasks', 'run', 'my_project', 'sample-task', 'scheduled__2022-04-07T00:00:00+00:00', '--job-id', '96', '--raw', '--subdir', 'DAGS_FOLDER/my_project.py', '--cfg-path', '/tmp/tmpyxp_0xrh', '--error-file', '/tmp/tmpend6brvl']
[2022-04-08 08:13:25,529] {standard_task_runner.py:77} INFO - Job 96: Subtask sample-task
[2022-04-08 08:13:25,610] {logging_mixin.py:109} INFO - Running <TaskInstance: my_project.sample-task scheduled__2022-04-07T00:00:00+00:00 [running]> on host d73239f69a26
[2022-04-08 08:13:25,844] {taskinstance.py:1431} INFO - Exporting the following env vars:
AIRFLOW_CTX_DAG_OWNER=***
AIRFLOW_CTX_DAG_ID=my_project
AIRFLOW_CTX_TASK_ID=sample-task
AIRFLOW_CTX_EXECUTION_DATE=2022-04-07T00:00:00+00:00
AIRFLOW_CTX_DAG_RUN_ID=scheduled__2022-04-07T00:00:00+00:00
[2022-04-08 08:13:25,845] {logging_mixin.py:109} INFO - Hello foo_bar
[2022-04-08 08:13:25,929] {taskinstance.py:1282} INFO - Marking task as SUCCESS. dag_id=my_project, task_id=sample-task, execution_date=20220407T000000, start_date=20220408T081325, end_date=20220408T081325
[2022-04-08 08:13:26,028] {local_task_job.py:154} INFO - Task exited with return code 0
[2022-04-08 08:13:26,173] {local_task_job.py:264} INFO - 3 downstream tasks scheduled from follow-on schedule check
