[2022-04-11 12:30:20,659] {taskinstance.py:1037} INFO - Dependencies all met for <TaskInstance: hook_dag.transfer_suit_pa manual__2022-04-11T12:29:14.339251+00:00 [queued]>
[2022-04-11 12:30:20,666] {taskinstance.py:1037} INFO - Dependencies all met for <TaskInstance: hook_dag.transfer_suit_pa manual__2022-04-11T12:29:14.339251+00:00 [queued]>
[2022-04-11 12:30:20,667] {taskinstance.py:1243} INFO - 
--------------------------------------------------------------------------------
[2022-04-11 12:30:20,667] {taskinstance.py:1244} INFO - Starting attempt 2 of 2
[2022-04-11 12:30:20,667] {taskinstance.py:1245} INFO - 
--------------------------------------------------------------------------------
[2022-04-11 12:30:20,675] {taskinstance.py:1264} INFO - Executing <Task(Postgres2File): transfer_suit_pa> on 2022-04-11 12:29:14.339251+00:00
[2022-04-11 12:30:20,680] {standard_task_runner.py:52} INFO - Started process 9694 to run task
[2022-04-11 12:30:20,682] {standard_task_runner.py:76} INFO - Running: ['***', 'tasks', 'run', 'hook_dag', 'transfer_suit_pa', 'manual__2022-04-11T12:29:14.339251+00:00', '--job-id', '103', '--raw', '--subdir', 'DAGS_FOLDER/hook_dag.py', '--cfg-path', '/tmp/tmp509v08p5', '--error-file', '/tmp/tmpxw39x_2x']
[2022-04-11 12:30:20,683] {standard_task_runner.py:77} INFO - Job 103: Subtask transfer_suit_pa
[2022-04-11 12:30:20,737] {logging_mixin.py:109} INFO - Running <TaskInstance: hook_dag.transfer_suit_pa manual__2022-04-11T12:29:14.339251+00:00 [running]> on host b69b085ebecc
[2022-04-11 12:30:20,776] {taskinstance.py:1431} INFO - Exporting the following env vars:
AIRFLOW_CTX_DAG_OWNER=***
AIRFLOW_CTX_DAG_ID=hook_dag
AIRFLOW_CTX_TASK_ID=transfer_suit_pa
AIRFLOW_CTX_EXECUTION_DATE=2022-04-11T12:29:14.339251+00:00
AIRFLOW_CTX_DAG_RUN_ID=manual__2022-04-11T12:29:14.339251+00:00
[2022-04-11 12:30:20,782] {base.py:79} INFO - Using connection to: id: postgres_default. Host: postgres, Port: 5432, Schema: ***, Login: ***, Password: ***, extra: {}
[2022-04-11 12:30:20,831] {taskinstance.py:1282} INFO - Marking task as SUCCESS. dag_id=hook_dag, task_id=transfer_suit_pa, execution_date=20220411T122914, start_date=20220411T123020, end_date=20220411T123020
[2022-04-11 12:30:20,854] {local_task_job.py:154} INFO - Task exited with return code 0
[2022-04-11 12:30:20,876] {local_task_job.py:264} INFO - 0 downstream tasks scheduled from follow-on schedule check
