[2022-04-19 10:16:24,255] {taskinstance.py:1037} INFO - Dependencies all met for <TaskInstance: hook_dag.log_sensor manual__2022-04-19T10:16:19.047892+00:00 [queued]>
[2022-04-19 10:16:24,263] {taskinstance.py:1037} INFO - Dependencies all met for <TaskInstance: hook_dag.log_sensor manual__2022-04-19T10:16:19.047892+00:00 [queued]>
[2022-04-19 10:16:24,263] {taskinstance.py:1243} INFO - 
--------------------------------------------------------------------------------
[2022-04-19 10:16:24,263] {taskinstance.py:1244} INFO - Starting attempt 1 of 2
[2022-04-19 10:16:24,263] {taskinstance.py:1245} INFO - 
--------------------------------------------------------------------------------
[2022-04-19 10:16:24,271] {taskinstance.py:1264} INFO - Executing <Task(SqlSensor): log_sensor> on 2022-04-19 10:16:19.047892+00:00
[2022-04-19 10:16:24,276] {standard_task_runner.py:52} INFO - Started process 4247 to run task
[2022-04-19 10:16:24,278] {standard_task_runner.py:76} INFO - Running: ['***', 'tasks', 'run', 'hook_dag', 'log_sensor', 'manual__2022-04-19T10:16:19.047892+00:00', '--job-id', '228', '--raw', '--subdir', 'DAGS_FOLDER/hook_dag.py', '--cfg-path', '/tmp/tmp4xpomzmg', '--error-file', '/tmp/tmpu1o4omyu']
[2022-04-19 10:16:24,279] {standard_task_runner.py:77} INFO - Job 228: Subtask log_sensor
[2022-04-19 10:16:24,327] {logging_mixin.py:109} INFO - Running <TaskInstance: hook_dag.log_sensor manual__2022-04-19T10:16:19.047892+00:00 [running]> on host 22e04adb6bfa
[2022-04-19 10:16:24,377] {taskinstance.py:1431} INFO - Exporting the following env vars:
AIRFLOW_CTX_DAG_OWNER=***
AIRFLOW_CTX_DAG_ID=hook_dag
AIRFLOW_CTX_TASK_ID=log_sensor
AIRFLOW_CTX_EXECUTION_DATE=2022-04-19T10:16:19.047892+00:00
AIRFLOW_CTX_DAG_RUN_ID=manual__2022-04-19T10:16:19.047892+00:00
[2022-04-19 10:16:24,383] {base.py:79} INFO - Using connection to: id: postgres_default. Host: postgres, Port: 5432, Schema: ***, Login: ***, Password: ***, extra: {}
[2022-04-19 10:16:24,917] {sql.py:98} INFO - Poking: select case when q = 'true' then 1 else 0 end as q from  (
	select case when count(id)=0 then 'true' else 'false' end as q
	from list_flow_log
	where object_flow = 1 and status = 1
) t1; (with parameters None)
[2022-04-19 10:16:24,922] {base.py:79} INFO - Using connection to: id: postgres_default. Host: postgres, Port: 5432, Schema: ***, Login: ***, Password: ***, extra: {}
[2022-04-19 10:16:24,925] {base.py:251} INFO - Success criteria met. Exiting.
[2022-04-19 10:16:24,933] {taskinstance.py:1282} INFO - Marking task as SUCCESS. dag_id=hook_dag, task_id=log_sensor, execution_date=20220419T101619, start_date=20220419T101624, end_date=20220419T101624
[2022-04-19 10:16:24,976] {local_task_job.py:154} INFO - Task exited with return code 0
[2022-04-19 10:16:25,006] {local_task_job.py:264} INFO - 1 downstream tasks scheduled from follow-on schedule check
