[2022-04-06 14:23:36,672] {taskinstance.py:1037} INFO - Dependencies all met for <TaskInstance: my_project.training_model_C scheduled__2022-04-05T00:00:00+00:00 [queued]>
[2022-04-06 14:23:36,685] {taskinstance.py:1037} INFO - Dependencies all met for <TaskInstance: my_project.training_model_C scheduled__2022-04-05T00:00:00+00:00 [queued]>
[2022-04-06 14:23:36,685] {taskinstance.py:1243} INFO - 
--------------------------------------------------------------------------------
[2022-04-06 14:23:36,685] {taskinstance.py:1244} INFO - Starting attempt 1 of 1
[2022-04-06 14:23:36,685] {taskinstance.py:1245} INFO - 
--------------------------------------------------------------------------------
[2022-04-06 14:23:36,755] {taskinstance.py:1264} INFO - Executing <Task(PythonOperator): training_model_C> on 2022-04-05 00:00:00+00:00
[2022-04-06 14:23:36,759] {standard_task_runner.py:52} INFO - Started process 83 to run task
[2022-04-06 14:23:36,769] {standard_task_runner.py:76} INFO - Running: ['***', 'tasks', 'run', 'my_project', 'training_model_C', 'scheduled__2022-04-05T00:00:00+00:00', '--job-id', '36', '--raw', '--subdir', 'DAGS_FOLDER/my_project.py', '--cfg-path', '/tmp/tmpot0u9q5l', '--error-file', '/tmp/tmpbkk61d6n']
[2022-04-06 14:23:36,770] {standard_task_runner.py:77} INFO - Job 36: Subtask training_model_C
[2022-04-06 14:23:37,001] {logging_mixin.py:109} INFO - Running <TaskInstance: my_project.training_model_C scheduled__2022-04-05T00:00:00+00:00 [running]> on host 13210251e6a6
[2022-04-06 14:23:37,603] {taskinstance.py:1431} INFO - Exporting the following env vars:
AIRFLOW_CTX_DAG_OWNER=***
AIRFLOW_CTX_DAG_ID=my_project
AIRFLOW_CTX_TASK_ID=training_model_C
AIRFLOW_CTX_EXECUTION_DATE=2022-04-05T00:00:00+00:00
AIRFLOW_CTX_DAG_RUN_ID=scheduled__2022-04-05T00:00:00+00:00
[2022-04-06 14:23:37,604] {python.py:175} INFO - Done. Returned value was: 2
[2022-04-06 14:23:38,017] {taskinstance.py:1282} INFO - Marking task as SUCCESS. dag_id=my_project, task_id=training_model_C, execution_date=20220405T000000, start_date=20220406T142336, end_date=20220406T142338
[2022-04-06 14:23:38,085] {local_task_job.py:154} INFO - Task exited with return code 0
[2022-04-06 14:23:38,428] {local_task_job.py:264} INFO - 0 downstream tasks scheduled from follow-on schedule check
