[2022-04-21 21:08:42,995] {taskinstance.py:1037} INFO - Dependencies all met for <TaskInstance: cso_2295_ipo_2_cso.py.getid2 manual__2022-04-21T21:07:32.724793+00:00 [queued]>
[2022-04-21 21:08:43,004] {taskinstance.py:1037} INFO - Dependencies all met for <TaskInstance: cso_2295_ipo_2_cso.py.getid2 manual__2022-04-21T21:07:32.724793+00:00 [queued]>
[2022-04-21 21:08:43,004] {taskinstance.py:1243} INFO - 
--------------------------------------------------------------------------------
[2022-04-21 21:08:43,004] {taskinstance.py:1244} INFO - Starting attempt 1 of 1
[2022-04-21 21:08:43,004] {taskinstance.py:1245} INFO - 
--------------------------------------------------------------------------------
[2022-04-21 21:08:43,013] {taskinstance.py:1264} INFO - Executing <Task(PythonOperator): getid2> on 2022-04-21 21:07:32.724793+00:00
[2022-04-21 21:08:43,018] {standard_task_runner.py:52} INFO - Started process 34296 to run task
[2022-04-21 21:08:43,020] {standard_task_runner.py:76} INFO - Running: ['***', 'tasks', 'run', 'cso_2295_ipo_2_cso.py', 'getid2', 'manual__2022-04-21T21:07:32.724793+00:00', '--job-id', '857', '--raw', '--subdir', 'DAGS_FOLDER/cso_2295/cso_2295_ipo_2_cso.py', '--cfg-path', '/tmp/tmpaw3s1ck6', '--error-file', '/tmp/tmp422377w6']
[2022-04-21 21:08:43,021] {standard_task_runner.py:77} INFO - Job 857: Subtask getid2
[2022-04-21 21:08:43,069] {logging_mixin.py:109} INFO - Running <TaskInstance: cso_2295_ipo_2_cso.py.getid2 manual__2022-04-21T21:07:32.724793+00:00 [running]> on host 22e04adb6bfa
[2022-04-21 21:08:43,142] {taskinstance.py:1431} INFO - Exporting the following env vars:
AIRFLOW_CTX_DAG_OWNER=***
AIRFLOW_CTX_DAG_ID=cso_2295_ipo_2_cso.py
AIRFLOW_CTX_TASK_ID=getid2
AIRFLOW_CTX_EXECUTION_DATE=2022-04-21T21:07:32.724793+00:00
AIRFLOW_CTX_DAG_RUN_ID=manual__2022-04-21T21:07:32.724793+00:00
[2022-04-21 21:08:43,172] {base.py:79} INFO - Using connection to: id: postgres_default. Host: postgres, Port: 5432, Schema: ***, Login: ***, Password: ***, extra: {}
[2022-04-21 21:08:43,205] {python.py:175} INFO - Done. Returned value was: None
[2022-04-21 21:08:43,217] {taskinstance.py:1282} INFO - Marking task as SUCCESS. dag_id=cso_2295_ipo_2_cso.py, task_id=getid2, execution_date=20220421T210732, start_date=20220421T210842, end_date=20220421T210843
[2022-04-21 21:08:43,238] {local_task_job.py:154} INFO - Task exited with return code 0
[2022-04-21 21:08:43,275] {local_task_job.py:264} INFO - 1 downstream tasks scheduled from follow-on schedule check
