[2022-04-19 09:05:40,992] {taskinstance.py:1037} INFO - Dependencies all met for <TaskInstance: hook_dag.condition_is_True manual__2022-04-19T09:05:34.373467+00:00 [queued]>
[2022-04-19 09:05:41,005] {taskinstance.py:1037} INFO - Dependencies all met for <TaskInstance: hook_dag.condition_is_True manual__2022-04-19T09:05:34.373467+00:00 [queued]>
[2022-04-19 09:05:41,005] {taskinstance.py:1243} INFO - 
--------------------------------------------------------------------------------
[2022-04-19 09:05:41,005] {taskinstance.py:1244} INFO - Starting attempt 1 of 2
[2022-04-19 09:05:41,005] {taskinstance.py:1245} INFO - 
--------------------------------------------------------------------------------
[2022-04-19 09:05:41,017] {taskinstance.py:1264} INFO - Executing <Task(ShortCircuitOperator): condition_is_True> on 2022-04-19 09:05:34.373467+00:00
[2022-04-19 09:05:41,022] {standard_task_runner.py:52} INFO - Started process 633 to run task
[2022-04-19 09:05:41,032] {standard_task_runner.py:76} INFO - Running: ['***', 'tasks', 'run', 'hook_dag', 'condition_is_True', 'manual__2022-04-19T09:05:34.373467+00:00', '--job-id', '141', '--raw', '--subdir', 'DAGS_FOLDER/hook_dag.py', '--cfg-path', '/tmp/tmpcur3umpz', '--error-file', '/tmp/tmpbb0ufnjb']
[2022-04-19 09:05:41,033] {standard_task_runner.py:77} INFO - Job 141: Subtask condition_is_True
[2022-04-19 09:05:41,120] {logging_mixin.py:109} INFO - Running <TaskInstance: hook_dag.condition_is_True manual__2022-04-19T09:05:34.373467+00:00 [running]> on host 22e04adb6bfa
[2022-04-19 09:05:41,213] {taskinstance.py:1431} INFO - Exporting the following env vars:
AIRFLOW_CTX_DAG_OWNER=***
AIRFLOW_CTX_DAG_ID=hook_dag
AIRFLOW_CTX_TASK_ID=condition_is_True
AIRFLOW_CTX_EXECUTION_DATE=2022-04-19T09:05:34.373467+00:00
AIRFLOW_CTX_DAG_RUN_ID=manual__2022-04-19T09:05:34.373467+00:00
[2022-04-19 09:05:41,214] {python.py:175} INFO - Done. Returned value was: True
[2022-04-19 09:05:41,214] {python.py:239} INFO - Condition result is True
[2022-04-19 09:05:41,214] {python.py:242} INFO - Proceeding with downstream tasks...
[2022-04-19 09:05:41,228] {taskinstance.py:1282} INFO - Marking task as SUCCESS. dag_id=hook_dag, task_id=condition_is_True, execution_date=20220419T090534, start_date=20220419T090540, end_date=20220419T090541
[2022-04-19 09:05:41,277] {local_task_job.py:154} INFO - Task exited with return code 0
[2022-04-19 09:05:41,323] {local_task_job.py:264} INFO - 1 downstream tasks scheduled from follow-on schedule check
