[2022-04-28 10:20:18,899] {taskinstance.py:1037} INFO - Dependencies all met for <TaskInstance: cso_2295_ipo_2_cso_bd.py.sleep manual__2022-04-28T10:20:11.525350+00:00 [queued]>
[2022-04-28 10:20:18,907] {taskinstance.py:1037} INFO - Dependencies all met for <TaskInstance: cso_2295_ipo_2_cso_bd.py.sleep manual__2022-04-28T10:20:11.525350+00:00 [queued]>
[2022-04-28 10:20:18,907] {taskinstance.py:1243} INFO - 
--------------------------------------------------------------------------------
[2022-04-28 10:20:18,907] {taskinstance.py:1244} INFO - Starting attempt 1 of 1
[2022-04-28 10:20:18,907] {taskinstance.py:1245} INFO - 
--------------------------------------------------------------------------------
[2022-04-28 10:20:18,918] {taskinstance.py:1264} INFO - Executing <Task(BashOperator): sleep> on 2022-04-28 10:20:11.525350+00:00
[2022-04-28 10:20:18,922] {standard_task_runner.py:52} INFO - Started process 5708 to run task
[2022-04-28 10:20:18,926] {standard_task_runner.py:76} INFO - Running: ['***', 'tasks', 'run', 'cso_2295_ipo_2_cso_bd.py', 'sleep', 'manual__2022-04-28T10:20:11.525350+00:00', '--job-id', '1320', '--raw', '--subdir', 'DAGS_FOLDER/cso_2295/cso_2295_ipo_2_cso_bd.py', '--cfg-path', '/tmp/tmplff21mwx', '--error-file', '/tmp/tmp0155i5gg']
[2022-04-28 10:20:18,927] {standard_task_runner.py:77} INFO - Job 1320: Subtask sleep
[2022-04-28 10:20:18,987] {logging_mixin.py:109} INFO - Running <TaskInstance: cso_2295_ipo_2_cso_bd.py.sleep manual__2022-04-28T10:20:11.525350+00:00 [running]> on host 0936e4a14e76
[2022-04-28 10:20:19,220] {taskinstance.py:1431} INFO - Exporting the following env vars:
AIRFLOW_CTX_DAG_OWNER=***
AIRFLOW_CTX_DAG_ID=cso_2295_ipo_2_cso_bd.py
AIRFLOW_CTX_TASK_ID=sleep
AIRFLOW_CTX_EXECUTION_DATE=2022-04-28T10:20:11.525350+00:00
AIRFLOW_CTX_DAG_RUN_ID=manual__2022-04-28T10:20:11.525350+00:00
[2022-04-28 10:20:19,221] {subprocess.py:62} INFO - Tmp dir root location: 
 /tmp
[2022-04-28 10:20:19,244] {subprocess.py:74} INFO - Running command: ['bash', '-c', 'sleep 5']
[2022-04-28 10:20:19,802] {subprocess.py:85} INFO - Output:
[2022-04-28 10:20:25,065] {subprocess.py:93} INFO - Command exited with return code 0
[2022-04-28 10:20:25,095] {taskinstance.py:1282} INFO - Marking task as SUCCESS. dag_id=cso_2295_ipo_2_cso_bd.py, task_id=sleep, execution_date=20220428T102011, start_date=20220428T102018, end_date=20220428T102025
[2022-04-28 10:20:25,151] {local_task_job.py:154} INFO - Task exited with return code 0
[2022-04-28 10:20:25,214] {local_task_job.py:264} INFO - 0 downstream tasks scheduled from follow-on schedule check
