[2022-04-28 10:20:24,948] {taskinstance.py:1037} INFO - Dependencies all met for <TaskInstance: cso_2295_ipo_2_cso_bd.py.check_system_source1 manual__2022-04-28T10:20:11.525350+00:00 [queued]>
[2022-04-28 10:20:24,955] {taskinstance.py:1037} INFO - Dependencies all met for <TaskInstance: cso_2295_ipo_2_cso_bd.py.check_system_source1 manual__2022-04-28T10:20:11.525350+00:00 [queued]>
[2022-04-28 10:20:24,955] {taskinstance.py:1243} INFO - 
--------------------------------------------------------------------------------
[2022-04-28 10:20:24,955] {taskinstance.py:1244} INFO - Starting attempt 1 of 1
[2022-04-28 10:20:24,955] {taskinstance.py:1245} INFO - 
--------------------------------------------------------------------------------
[2022-04-28 10:20:24,963] {taskinstance.py:1264} INFO - Executing <Task(BranchPythonOperator): check_system_source1> on 2022-04-28 10:20:11.525350+00:00
[2022-04-28 10:20:24,967] {standard_task_runner.py:52} INFO - Started process 5727 to run task
[2022-04-28 10:20:24,969] {standard_task_runner.py:76} INFO - Running: ['***', 'tasks', 'run', 'cso_2295_ipo_2_cso_bd.py', 'check_system_source1', 'manual__2022-04-28T10:20:11.525350+00:00', '--job-id', '1324', '--raw', '--subdir', 'DAGS_FOLDER/cso_2295/cso_2295_ipo_2_cso_bd.py', '--cfg-path', '/tmp/tmpgyap1sge', '--error-file', '/tmp/tmpmvip_vxr']
[2022-04-28 10:20:24,970] {standard_task_runner.py:77} INFO - Job 1324: Subtask check_system_source1
[2022-04-28 10:20:25,003] {logging_mixin.py:109} INFO - Running <TaskInstance: cso_2295_ipo_2_cso_bd.py.check_system_source1 manual__2022-04-28T10:20:11.525350+00:00 [running]> on host 0936e4a14e76
[2022-04-28 10:20:25,038] {taskinstance.py:1431} INFO - Exporting the following env vars:
AIRFLOW_CTX_DAG_OWNER=***
AIRFLOW_CTX_DAG_ID=cso_2295_ipo_2_cso_bd.py
AIRFLOW_CTX_TASK_ID=check_system_source1
AIRFLOW_CTX_EXECUTION_DATE=2022-04-28T10:20:11.525350+00:00
AIRFLOW_CTX_DAG_RUN_ID=manual__2022-04-28T10:20:11.525350+00:00
[2022-04-28 10:20:25,038] {python.py:175} INFO - Done. Returned value was: check_system_target1
[2022-04-28 10:20:25,038] {skipmixin.py:140} INFO - Following branch check_system_target1
[2022-04-28 10:20:25,038] {skipmixin.py:171} INFO - Skipping tasks ['log_err_access_source1']
[2022-04-28 10:20:25,076] {taskinstance.py:1282} INFO - Marking task as SUCCESS. dag_id=cso_2295_ipo_2_cso_bd.py, task_id=check_system_source1, execution_date=20220428T102011, start_date=20220428T102024, end_date=20220428T102025
[2022-04-28 10:20:25,141] {local_task_job.py:154} INFO - Task exited with return code 0
[2022-04-28 10:20:25,207] {local_task_job.py:264} INFO - 1 downstream tasks scheduled from follow-on schedule check
