[2022-04-19 14:56:36,362] {taskinstance.py:1037} INFO - Dependencies all met for <TaskInstance: hook_dag.getid_2 manual__2022-04-19T14:55:27.193531+00:00 [queued]>
[2022-04-19 14:56:36,371] {taskinstance.py:1037} INFO - Dependencies all met for <TaskInstance: hook_dag.getid_2 manual__2022-04-19T14:55:27.193531+00:00 [queued]>
[2022-04-19 14:56:36,372] {taskinstance.py:1243} INFO - 
--------------------------------------------------------------------------------
[2022-04-19 14:56:36,372] {taskinstance.py:1244} INFO - Starting attempt 1 of 2
[2022-04-19 14:56:36,372] {taskinstance.py:1245} INFO - 
--------------------------------------------------------------------------------
[2022-04-19 14:56:36,379] {taskinstance.py:1264} INFO - Executing <Task(PythonOperator): getid_2> on 2022-04-19 14:55:27.193531+00:00
[2022-04-19 14:56:36,384] {standard_task_runner.py:52} INFO - Started process 18419 to run task
[2022-04-19 14:56:36,387] {standard_task_runner.py:76} INFO - Running: ['***', 'tasks', 'run', 'hook_dag', 'getid_2', 'manual__2022-04-19T14:55:27.193531+00:00', '--job-id', '534', '--raw', '--subdir', 'DAGS_FOLDER/hook_dag.py', '--cfg-path', '/tmp/tmp0eutey8o', '--error-file', '/tmp/tmp5gw5g6m9']
[2022-04-19 14:56:36,388] {standard_task_runner.py:77} INFO - Job 534: Subtask getid_2
[2022-04-19 14:56:36,439] {logging_mixin.py:109} INFO - Running <TaskInstance: hook_dag.getid_2 manual__2022-04-19T14:55:27.193531+00:00 [running]> on host 22e04adb6bfa
[2022-04-19 14:56:36,481] {taskinstance.py:1431} INFO - Exporting the following env vars:
AIRFLOW_CTX_DAG_OWNER=***
AIRFLOW_CTX_DAG_ID=hook_dag
AIRFLOW_CTX_TASK_ID=getid_2
AIRFLOW_CTX_EXECUTION_DATE=2022-04-19T14:55:27.193531+00:00
AIRFLOW_CTX_DAG_RUN_ID=manual__2022-04-19T14:55:27.193531+00:00
[2022-04-19 14:56:36,488] {base.py:79} INFO - Using connection to: id: postgres_default. Host: postgres, Port: 5432, Schema: ***, Login: ***, Password: ***, extra: {}
[2022-04-19 14:56:36,498] {python.py:175} INFO - Done. Returned value was: None
[2022-04-19 14:56:36,507] {taskinstance.py:1282} INFO - Marking task as SUCCESS. dag_id=hook_dag, task_id=getid_2, execution_date=20220419T145527, start_date=20220419T145636, end_date=20220419T145636
[2022-04-19 14:56:36,559] {local_task_job.py:154} INFO - Task exited with return code 0
[2022-04-19 14:56:36,596] {local_task_job.py:264} INFO - 1 downstream tasks scheduled from follow-on schedule check
