[2022-04-21 21:21:17,806] {taskinstance.py:1037} INFO - Dependencies all met for <TaskInstance: cso_2295_ipo_2_cso.py.sleep manual__2022-04-21T21:21:16.706497+00:00 [queued]>
[2022-04-21 21:21:17,820] {taskinstance.py:1037} INFO - Dependencies all met for <TaskInstance: cso_2295_ipo_2_cso.py.sleep manual__2022-04-21T21:21:16.706497+00:00 [queued]>
[2022-04-21 21:21:17,820] {taskinstance.py:1243} INFO - 
--------------------------------------------------------------------------------
[2022-04-21 21:21:17,820] {taskinstance.py:1244} INFO - Starting attempt 1 of 1
[2022-04-21 21:21:17,820] {taskinstance.py:1245} INFO - 
--------------------------------------------------------------------------------
[2022-04-21 21:21:17,831] {taskinstance.py:1264} INFO - Executing <Task(BashOperator): sleep> on 2022-04-21 21:21:16.706497+00:00
[2022-04-21 21:21:17,836] {standard_task_runner.py:52} INFO - Started process 35026 to run task
[2022-04-21 21:21:17,839] {standard_task_runner.py:76} INFO - Running: ['***', 'tasks', 'run', 'cso_2295_ipo_2_cso.py', 'sleep', 'manual__2022-04-21T21:21:16.706497+00:00', '--job-id', '900', '--raw', '--subdir', 'DAGS_FOLDER/cso_2295/cso_2295_ipo_2_cso.py', '--cfg-path', '/tmp/tmpzga0zfmz', '--error-file', '/tmp/tmpdsb6re3a']
[2022-04-21 21:21:17,839] {standard_task_runner.py:77} INFO - Job 900: Subtask sleep
[2022-04-21 21:21:17,883] {logging_mixin.py:109} INFO - Running <TaskInstance: cso_2295_ipo_2_cso.py.sleep manual__2022-04-21T21:21:16.706497+00:00 [running]> on host 22e04adb6bfa
[2022-04-21 21:21:17,937] {taskinstance.py:1431} INFO - Exporting the following env vars:
AIRFLOW_CTX_DAG_OWNER=***
AIRFLOW_CTX_DAG_ID=cso_2295_ipo_2_cso.py
AIRFLOW_CTX_TASK_ID=sleep
AIRFLOW_CTX_EXECUTION_DATE=2022-04-21T21:21:16.706497+00:00
AIRFLOW_CTX_DAG_RUN_ID=manual__2022-04-21T21:21:16.706497+00:00
[2022-04-21 21:21:17,938] {subprocess.py:62} INFO - Tmp dir root location: 
 /tmp
[2022-04-21 21:21:17,938] {subprocess.py:74} INFO - Running command: ['bash', '-c', 'sleep 5']
[2022-04-21 21:21:17,955] {subprocess.py:85} INFO - Output:
[2022-04-21 21:21:22,960] {subprocess.py:93} INFO - Command exited with return code 0
[2022-04-21 21:21:22,989] {taskinstance.py:1282} INFO - Marking task as SUCCESS. dag_id=cso_2295_ipo_2_cso.py, task_id=sleep, execution_date=20220421T212116, start_date=20220421T212117, end_date=20220421T212122
[2022-04-21 21:21:23,007] {local_task_job.py:154} INFO - Task exited with return code 0
[2022-04-21 21:21:23,047] {local_task_job.py:264} INFO - 1 downstream tasks scheduled from follow-on schedule check
