[2022-04-07 13:52:48,598] {taskinstance.py:1037} INFO - Dependencies all met for <TaskInstance: hook_dag.transfer_suit_pa manual__2022-04-07T13:52:45.136457+00:00 [queued]>
[2022-04-07 13:52:48,605] {taskinstance.py:1037} INFO - Dependencies all met for <TaskInstance: hook_dag.transfer_suit_pa manual__2022-04-07T13:52:45.136457+00:00 [queued]>
[2022-04-07 13:52:48,606] {taskinstance.py:1243} INFO - 
--------------------------------------------------------------------------------
[2022-04-07 13:52:48,606] {taskinstance.py:1244} INFO - Starting attempt 1 of 2
[2022-04-07 13:52:48,606] {taskinstance.py:1245} INFO - 
--------------------------------------------------------------------------------
[2022-04-07 13:52:48,613] {taskinstance.py:1264} INFO - Executing <Task(Postgres2File): transfer_suit_pa> on 2022-04-07 13:52:45.136457+00:00
[2022-04-07 13:52:48,617] {standard_task_runner.py:52} INFO - Started process 1857 to run task
[2022-04-07 13:52:48,619] {standard_task_runner.py:76} INFO - Running: ['***', 'tasks', 'run', 'hook_dag', 'transfer_suit_pa', 'manual__2022-04-07T13:52:45.136457+00:00', '--job-id', '91', '--raw', '--subdir', 'DAGS_FOLDER/hook_dag.py', '--cfg-path', '/tmp/tmpzd85fjbg', '--error-file', '/tmp/tmpnrka6pnm']
[2022-04-07 13:52:48,620] {standard_task_runner.py:77} INFO - Job 91: Subtask transfer_suit_pa
[2022-04-07 13:52:48,670] {logging_mixin.py:109} INFO - Running <TaskInstance: hook_dag.transfer_suit_pa manual__2022-04-07T13:52:45.136457+00:00 [running]> on host d73239f69a26
[2022-04-07 13:52:48,706] {taskinstance.py:1431} INFO - Exporting the following env vars:
AIRFLOW_CTX_DAG_OWNER=***
AIRFLOW_CTX_DAG_ID=hook_dag
AIRFLOW_CTX_TASK_ID=transfer_suit_pa
AIRFLOW_CTX_EXECUTION_DATE=2022-04-07T13:52:45.136457+00:00
AIRFLOW_CTX_DAG_RUN_ID=manual__2022-04-07T13:52:45.136457+00:00
[2022-04-07 13:52:48,711] {base.py:79} INFO - Using connection to: id: postgres_default. Host: postgres, Port: 5432, Schema: ***, Login: ***, Password: ***, extra: {}
[2022-04-07 13:52:48,851] {logging_mixin.py:109} INFO - dir_file = {0} /opt/***/resultCONTENT.csv
[2022-04-07 13:52:48,942] {taskinstance.py:1282} INFO - Marking task as SUCCESS. dag_id=hook_dag, task_id=transfer_suit_pa, execution_date=20220407T135245, start_date=20220407T135248, end_date=20220407T135248
[2022-04-07 13:52:48,991] {local_task_job.py:154} INFO - Task exited with return code 0
[2022-04-07 13:52:49,032] {local_task_job.py:264} INFO - 0 downstream tasks scheduled from follow-on schedule check
