[2022-04-13 13:46:53,970] {taskinstance.py:1037} INFO - Dependencies all met for <TaskInstance: hook_dag.hook_task manual__2022-04-13T13:46:48.178511+00:00 [queued]>
[2022-04-13 13:46:54,006] {taskinstance.py:1037} INFO - Dependencies all met for <TaskInstance: hook_dag.hook_task manual__2022-04-13T13:46:48.178511+00:00 [queued]>
[2022-04-13 13:46:54,006] {taskinstance.py:1243} INFO - 
--------------------------------------------------------------------------------
[2022-04-13 13:46:54,012] {taskinstance.py:1244} INFO - Starting attempt 1 of 2
[2022-04-13 13:46:54,012] {taskinstance.py:1245} INFO - 
--------------------------------------------------------------------------------
[2022-04-13 13:46:54,028] {taskinstance.py:1264} INFO - Executing <Task(PythonOperator): hook_task> on 2022-04-13 13:46:48.178511+00:00
[2022-04-13 13:46:54,033] {standard_task_runner.py:52} INFO - Started process 14847 to run task
[2022-04-13 13:46:54,035] {standard_task_runner.py:76} INFO - Running: ['***', 'tasks', 'run', 'hook_dag', 'hook_task', 'manual__2022-04-13T13:46:48.178511+00:00', '--job-id', '106', '--raw', '--subdir', 'DAGS_FOLDER/hook_dag.py', '--cfg-path', '/tmp/tmpxgra04wv', '--error-file', '/tmp/tmp3lwlldky']
[2022-04-13 13:46:54,035] {standard_task_runner.py:77} INFO - Job 106: Subtask hook_task
[2022-04-13 13:46:54,138] {logging_mixin.py:109} INFO - Running <TaskInstance: hook_dag.hook_task manual__2022-04-13T13:46:48.178511+00:00 [running]> on host b69b085ebecc
[2022-04-13 13:46:54,339] {taskinstance.py:1431} INFO - Exporting the following env vars:
AIRFLOW_CTX_DAG_OWNER=***
AIRFLOW_CTX_DAG_ID=hook_dag
AIRFLOW_CTX_TASK_ID=hook_task
AIRFLOW_CTX_EXECUTION_DATE=2022-04-13T13:46:48.178511+00:00
AIRFLOW_CTX_DAG_RUN_ID=manual__2022-04-13T13:46:48.178511+00:00
[2022-04-13 13:46:54,368] {base.py:79} INFO - Using connection to: id: postgres_default. Host: postgres, Port: 5432, Schema: ***, Login: ***, Password: ***, extra: {}
[2022-04-13 13:46:54,445] {logging_mixin.py:109} INFO - Source: Max - activated: Jane
[2022-04-13 13:46:54,445] {logging_mixin.py:109} INFO - Source: Susie - activated: Phil
[2022-04-13 13:46:54,445] {logging_mixin.py:109} INFO - Source: Lester - activated: Lily
[2022-04-13 13:46:54,445] {logging_mixin.py:109} INFO - Source: Quincy - activated: Anne
[2022-04-13 13:46:54,445] {python.py:175} INFO - Done. Returned value was: [('Max', 'Jane'), ('Susie', 'Phil'), ('Lester', 'Lily'), ('Quincy', 'Anne')]
[2022-04-13 13:46:54,543] {taskinstance.py:1282} INFO - Marking task as SUCCESS. dag_id=hook_dag, task_id=hook_task, execution_date=20220413T134648, start_date=20220413T134653, end_date=20220413T134654
[2022-04-13 13:46:54,610] {local_task_job.py:154} INFO - Task exited with return code 0
[2022-04-13 13:46:54,655] {local_task_job.py:264} INFO - 2 downstream tasks scheduled from follow-on schedule check
