[2022-04-20 15:41:05,647] {taskinstance.py:1037} INFO - Dependencies all met for <TaskInstance: hook_dag.branching_xml scheduled__2022-04-20T15:37:00+00:00 [queued]>
[2022-04-20 15:41:05,673] {taskinstance.py:1037} INFO - Dependencies all met for <TaskInstance: hook_dag.branching_xml scheduled__2022-04-20T15:37:00+00:00 [queued]>
[2022-04-20 15:41:05,673] {taskinstance.py:1243} INFO - 
--------------------------------------------------------------------------------
[2022-04-20 15:41:05,673] {taskinstance.py:1244} INFO - Starting attempt 1 of 2
[2022-04-20 15:41:05,673] {taskinstance.py:1245} INFO - 
--------------------------------------------------------------------------------
[2022-04-20 15:41:05,708] {taskinstance.py:1264} INFO - Executing <Task(BranchPythonOperator): branching_xml> on 2022-04-20 15:37:00+00:00
[2022-04-20 15:41:05,718] {standard_task_runner.py:52} INFO - Started process 22937 to run task
[2022-04-20 15:41:05,733] {standard_task_runner.py:76} INFO - Running: ['***', 'tasks', 'run', 'hook_dag', 'branching_xml', 'scheduled__2022-04-20T15:37:00+00:00', '--job-id', '789', '--raw', '--subdir', 'DAGS_FOLDER/hook_dag.py', '--cfg-path', '/tmp/tmpqg_32uqo', '--error-file', '/tmp/tmp4xfo1daa']
[2022-04-20 15:41:05,734] {standard_task_runner.py:77} INFO - Job 789: Subtask branching_xml
[2022-04-20 15:41:05,852] {logging_mixin.py:109} INFO - Running <TaskInstance: hook_dag.branching_xml scheduled__2022-04-20T15:37:00+00:00 [running]> on host 22e04adb6bfa
[2022-04-20 15:41:05,964] {taskinstance.py:1431} INFO - Exporting the following env vars:
AIRFLOW_CTX_DAG_OWNER=***
AIRFLOW_CTX_DAG_ID=hook_dag
AIRFLOW_CTX_TASK_ID=branching_xml
AIRFLOW_CTX_EXECUTION_DATE=2022-04-20T15:37:00+00:00
AIRFLOW_CTX_DAG_RUN_ID=scheduled__2022-04-20T15:37:00+00:00
[2022-04-20 15:41:05,977] {python.py:175} INFO - Done. Returned value was: transfer_xml
[2022-04-20 15:41:05,977] {skipmixin.py:140} INFO - Following branch transfer_xml
[2022-04-20 15:41:05,977] {skipmixin.py:171} INFO - Skipping tasks ['log_end_no_data_1']
[2022-04-20 15:41:06,058] {taskinstance.py:1282} INFO - Marking task as SUCCESS. dag_id=hook_dag, task_id=branching_xml, execution_date=20220420T153700, start_date=20220420T154105, end_date=20220420T154106
[2022-04-20 15:41:06,118] {local_task_job.py:154} INFO - Task exited with return code 0
[2022-04-20 15:41:06,182] {local_task_job.py:264} INFO - 1 downstream tasks scheduled from follow-on schedule check
