[2022-04-27 15:41:38,464] {taskinstance.py:1037} INFO - Dependencies all met for <TaskInstance: cso_2295_ipo_2_cso_xls.py.sleep2 scheduled__2022-04-26T15:41:00+00:00 [queued]>
[2022-04-27 15:41:38,489] {taskinstance.py:1037} INFO - Dependencies all met for <TaskInstance: cso_2295_ipo_2_cso_xls.py.sleep2 scheduled__2022-04-26T15:41:00+00:00 [queued]>
[2022-04-27 15:41:38,489] {taskinstance.py:1243} INFO - 
--------------------------------------------------------------------------------
[2022-04-27 15:41:38,489] {taskinstance.py:1244} INFO - Starting attempt 1 of 1
[2022-04-27 15:41:38,489] {taskinstance.py:1245} INFO - 
--------------------------------------------------------------------------------
[2022-04-27 15:41:38,534] {taskinstance.py:1264} INFO - Executing <Task(BashOperator): sleep2> on 2022-04-26 15:41:00+00:00
[2022-04-27 15:41:38,542] {standard_task_runner.py:52} INFO - Started process 3137 to run task
[2022-04-27 15:41:38,552] {standard_task_runner.py:76} INFO - Running: ['***', 'tasks', 'run', 'cso_2295_ipo_2_cso_xls.py', 'sleep2', 'scheduled__2022-04-26T15:41:00+00:00', '--job-id', '1302', '--raw', '--subdir', 'DAGS_FOLDER/cso_2295/cso_2295_ipo_2_cso_xls.py', '--cfg-path', '/tmp/tmpwht0ejyu', '--error-file', '/tmp/tmpr1qdzj2w']
[2022-04-27 15:41:38,552] {standard_task_runner.py:77} INFO - Job 1302: Subtask sleep2
[2022-04-27 15:41:38,689] {logging_mixin.py:109} INFO - Running <TaskInstance: cso_2295_ipo_2_cso_xls.py.sleep2 scheduled__2022-04-26T15:41:00+00:00 [running]> on host 0936e4a14e76
[2022-04-27 15:41:38,867] {taskinstance.py:1431} INFO - Exporting the following env vars:
AIRFLOW_CTX_DAG_OWNER=***
AIRFLOW_CTX_DAG_ID=cso_2295_ipo_2_cso_xls.py
AIRFLOW_CTX_TASK_ID=sleep2
AIRFLOW_CTX_EXECUTION_DATE=2022-04-26T15:41:00+00:00
AIRFLOW_CTX_DAG_RUN_ID=scheduled__2022-04-26T15:41:00+00:00
[2022-04-27 15:41:38,867] {subprocess.py:62} INFO - Tmp dir root location: 
 /tmp
[2022-04-27 15:41:38,868] {subprocess.py:74} INFO - Running command: ['bash', '-c', 'sleep 10']
[2022-04-27 15:41:39,088] {subprocess.py:85} INFO - Output:
[2022-04-27 15:41:49,712] {subprocess.py:93} INFO - Command exited with return code 0
[2022-04-27 15:41:49,736] {taskinstance.py:1282} INFO - Marking task as SUCCESS. dag_id=cso_2295_ipo_2_cso_xls.py, task_id=sleep2, execution_date=20220426T154100, start_date=20220427T154138, end_date=20220427T154149
[2022-04-27 15:41:49,822] {local_task_job.py:154} INFO - Task exited with return code 0
[2022-04-27 15:41:49,855] {local_task_job.py:264} INFO - 1 downstream tasks scheduled from follow-on schedule check
