[2022-04-21 21:06:38,011] {taskinstance.py:1037} INFO - Dependencies all met for <TaskInstance: cso_2295_ipo_2_cso.py.check_system_source2 manual__2022-04-21T21:05:23.935679+00:00 [queued]>
[2022-04-21 21:06:38,018] {taskinstance.py:1037} INFO - Dependencies all met for <TaskInstance: cso_2295_ipo_2_cso.py.check_system_source2 manual__2022-04-21T21:05:23.935679+00:00 [queued]>
[2022-04-21 21:06:38,019] {taskinstance.py:1243} INFO - 
--------------------------------------------------------------------------------
[2022-04-21 21:06:38,019] {taskinstance.py:1244} INFO - Starting attempt 1 of 1
[2022-04-21 21:06:38,019] {taskinstance.py:1245} INFO - 
--------------------------------------------------------------------------------
[2022-04-21 21:06:38,027] {taskinstance.py:1264} INFO - Executing <Task(BranchPythonOperator): check_system_source2> on 2022-04-21 21:05:23.935679+00:00
[2022-04-21 21:06:38,032] {standard_task_runner.py:52} INFO - Started process 34131 to run task
[2022-04-21 21:06:38,034] {standard_task_runner.py:76} INFO - Running: ['***', 'tasks', 'run', 'cso_2295_ipo_2_cso.py', 'check_system_source2', 'manual__2022-04-21T21:05:23.935679+00:00', '--job-id', '836', '--raw', '--subdir', 'DAGS_FOLDER/cso_2295/cso_2295_ipo_2_cso.py', '--cfg-path', '/tmp/tmpgt2csour', '--error-file', '/tmp/tmpkdxnng1p']
[2022-04-21 21:06:38,035] {standard_task_runner.py:77} INFO - Job 836: Subtask check_system_source2
[2022-04-21 21:06:38,083] {logging_mixin.py:109} INFO - Running <TaskInstance: cso_2295_ipo_2_cso.py.check_system_source2 manual__2022-04-21T21:05:23.935679+00:00 [running]> on host 22e04adb6bfa
[2022-04-21 21:06:38,125] {taskinstance.py:1431} INFO - Exporting the following env vars:
AIRFLOW_CTX_DAG_OWNER=***
AIRFLOW_CTX_DAG_ID=cso_2295_ipo_2_cso.py
AIRFLOW_CTX_TASK_ID=check_system_source2
AIRFLOW_CTX_EXECUTION_DATE=2022-04-21T21:05:23.935679+00:00
AIRFLOW_CTX_DAG_RUN_ID=manual__2022-04-21T21:05:23.935679+00:00
[2022-04-21 21:06:38,125] {python.py:175} INFO - Done. Returned value was: check_system_target2
[2022-04-21 21:06:38,125] {skipmixin.py:140} INFO - Following branch check_system_target2
[2022-04-21 21:06:38,126] {skipmixin.py:171} INFO - Skipping tasks ['log_err_access_source2']
[2022-04-21 21:06:38,156] {taskinstance.py:1282} INFO - Marking task as SUCCESS. dag_id=cso_2295_ipo_2_cso.py, task_id=check_system_source2, execution_date=20220421T210523, start_date=20220421T210638, end_date=20220421T210638
[2022-04-21 21:06:38,206] {local_task_job.py:154} INFO - Task exited with return code 0
[2022-04-21 21:06:38,236] {local_task_job.py:264} INFO - 1 downstream tasks scheduled from follow-on schedule check
