[2022-04-19 14:08:55,445] {taskinstance.py:1037} INFO - Dependencies all met for <TaskInstance: hook_dag.getid_2 manual__2022-04-19T14:07:46.908074+00:00 [queued]>
[2022-04-19 14:08:55,453] {taskinstance.py:1037} INFO - Dependencies all met for <TaskInstance: hook_dag.getid_2 manual__2022-04-19T14:07:46.908074+00:00 [queued]>
[2022-04-19 14:08:55,453] {taskinstance.py:1243} INFO - 
--------------------------------------------------------------------------------
[2022-04-19 14:08:55,453] {taskinstance.py:1244} INFO - Starting attempt 1 of 2
[2022-04-19 14:08:55,453] {taskinstance.py:1245} INFO - 
--------------------------------------------------------------------------------
[2022-04-19 14:08:55,461] {taskinstance.py:1264} INFO - Executing <Task(PythonOperator): getid_2> on 2022-04-19 14:07:46.908074+00:00
[2022-04-19 14:08:55,466] {standard_task_runner.py:52} INFO - Started process 16004 to run task
[2022-04-19 14:08:55,468] {standard_task_runner.py:76} INFO - Running: ['***', 'tasks', 'run', 'hook_dag', 'getid_2', 'manual__2022-04-19T14:07:46.908074+00:00', '--job-id', '475', '--raw', '--subdir', 'DAGS_FOLDER/hook_dag.py', '--cfg-path', '/tmp/tmpy41l7349', '--error-file', '/tmp/tmp5y6ctx9y']
[2022-04-19 14:08:55,469] {standard_task_runner.py:77} INFO - Job 475: Subtask getid_2
[2022-04-19 14:08:55,519] {logging_mixin.py:109} INFO - Running <TaskInstance: hook_dag.getid_2 manual__2022-04-19T14:07:46.908074+00:00 [running]> on host 22e04adb6bfa
[2022-04-19 14:08:55,557] {taskinstance.py:1431} INFO - Exporting the following env vars:
AIRFLOW_CTX_DAG_OWNER=***
AIRFLOW_CTX_DAG_ID=hook_dag
AIRFLOW_CTX_TASK_ID=getid_2
AIRFLOW_CTX_EXECUTION_DATE=2022-04-19T14:07:46.908074+00:00
AIRFLOW_CTX_DAG_RUN_ID=manual__2022-04-19T14:07:46.908074+00:00
[2022-04-19 14:08:55,563] {base.py:79} INFO - Using connection to: id: postgres_default. Host: postgres, Port: 5432, Schema: ***, Login: ***, Password: ***, extra: {}
[2022-04-19 14:08:55,573] {python.py:175} INFO - Done. Returned value was: None
[2022-04-19 14:08:55,582] {taskinstance.py:1282} INFO - Marking task as SUCCESS. dag_id=hook_dag, task_id=getid_2, execution_date=20220419T140746, start_date=20220419T140855, end_date=20220419T140855
[2022-04-19 14:08:55,601] {local_task_job.py:154} INFO - Task exited with return code 0
[2022-04-19 14:08:55,628] {local_task_job.py:264} INFO - 1 downstream tasks scheduled from follow-on schedule check
